[2024-09-03 22:47:45,557] {taskinstance.py:1159} INFO - Dependencies all met for <TaskInstance: Twitter_extractor_DAGs.SILVER_LAYER_LOAD_L scheduled__2024-08-17T00:00:00+00:00 [queued]>
[2024-09-03 22:47:45,563] {taskinstance.py:1159} INFO - Dependencies all met for <TaskInstance: Twitter_extractor_DAGs.SILVER_LAYER_LOAD_L scheduled__2024-08-17T00:00:00+00:00 [queued]>
[2024-09-03 22:47:45,564] {taskinstance.py:1356} INFO - 
--------------------------------------------------------------------------------
[2024-09-03 22:47:45,564] {taskinstance.py:1357} INFO - Starting attempt 1 of 1
[2024-09-03 22:47:45,564] {taskinstance.py:1358} INFO - 
--------------------------------------------------------------------------------
[2024-09-03 22:47:45,572] {taskinstance.py:1377} INFO - Executing <Task(SparkSubmitOperator): SILVER_LAYER_LOAD_L> on 2024-08-17 00:00:00+00:00
[2024-09-03 22:47:45,575] {standard_task_runner.py:52} INFO - Started process 445788 to run task
[2024-09-03 22:47:45,579] {standard_task_runner.py:79} INFO - Running: ['airflow', 'tasks', 'run', 'Twitter_extractor_DAGs', 'SILVER_LAYER_LOAD_L', 'scheduled__2024-08-17T00:00:00+00:00', '--job-id', '113', '--raw', '--subdir', 'DAGS_FOLDER/twitter_dag.py', '--cfg-path', '/tmp/tmp5i_oubb2', '--error-file', '/tmp/tmp3d_ejqmi']
[2024-09-03 22:47:45,580] {standard_task_runner.py:80} INFO - Job 113: Subtask SILVER_LAYER_LOAD_L
[2024-09-03 22:47:45,621] {task_command.py:370} INFO - Running <TaskInstance: Twitter_extractor_DAGs.SILVER_LAYER_LOAD_L scheduled__2024-08-17T00:00:00+00:00 [running]> on host kaiwangairflow
[2024-09-03 22:47:45,673] {taskinstance.py:1569} INFO - Exporting the following env vars:
AIRFLOW_CTX_DAG_OWNER=airflow
AIRFLOW_CTX_DAG_ID=Twitter_extractor_DAGs
AIRFLOW_CTX_TASK_ID=SILVER_LAYER_LOAD_L
AIRFLOW_CTX_EXECUTION_DATE=2024-08-17T00:00:00+00:00
AIRFLOW_CTX_TRY_NUMBER=1
AIRFLOW_CTX_DAG_RUN_ID=scheduled__2024-08-17T00:00:00+00:00
[2024-09-03 22:47:45,677] {base.py:68} INFO - Using connection ID 'spark_default' for task execution.
[2024-09-03 22:47:45,678] {spark_submit.py:344} INFO - Spark-Submit cmd: spark-submit --master local --name twitter_transformation --queue root.default src/scripts/load_silver_functions.py --src datalake/bronze/data_engineer/extract_data=2024-08-17T00:00:00.00Z --dest datalake/silver/data_engineer/ --process-data 20240817
[2024-09-03 22:47:46,760] {spark_submit.py:495} INFO - 24/09/03 22:47:46 WARN Utils: Your hostname, kaiwangairflow resolves to a loopback address: 127.0.1.1; using 192.168.2.128 instead (on interface ens33)
[2024-09-03 22:47:46,760] {spark_submit.py:495} INFO - 24/09/03 22:47:46 WARN Utils: Set SPARK_LOCAL_IP if you need to bind to another address
[2024-09-03 22:47:47,104] {spark_submit.py:495} INFO - 24/09/03 22:47:47 WARN NativeCodeLoader: Unable to load native-hadoop library for your platform... using builtin-java classes where applicable
[2024-09-03 22:47:47,674] {spark_submit.py:495} INFO - Using Spark's default log4j profile: org/apache/spark/log4j-defaults.properties
[2024-09-03 22:47:47,681] {spark_submit.py:495} INFO - 24/09/03 22:47:47 INFO SparkContext: Running Spark version 3.1.3
[2024-09-03 22:47:47,728] {spark_submit.py:495} INFO - 24/09/03 22:47:47 INFO ResourceUtils: ==============================================================
[2024-09-03 22:47:47,729] {spark_submit.py:495} INFO - 24/09/03 22:47:47 INFO ResourceUtils: No custom resources configured for spark.driver.
[2024-09-03 22:47:47,729] {spark_submit.py:495} INFO - 24/09/03 22:47:47 INFO ResourceUtils: ==============================================================
[2024-09-03 22:47:47,730] {spark_submit.py:495} INFO - 24/09/03 22:47:47 INFO SparkContext: Submitted application: twitter_transformation
[2024-09-03 22:47:47,747] {spark_submit.py:495} INFO - 24/09/03 22:47:47 INFO ResourceProfile: Default ResourceProfile created, executor resources: Map(cores -> name: cores, amount: 1, script: , vendor: , memory -> name: memory, amount: 1024, script: , vendor: , offHeap -> name: offHeap, amount: 0, script: , vendor: ), task resources: Map(cpus -> name: cpus, amount: 1.0)
[2024-09-03 22:47:47,762] {spark_submit.py:495} INFO - 24/09/03 22:47:47 INFO ResourceProfile: Limiting resource is cpu
[2024-09-03 22:47:47,763] {spark_submit.py:495} INFO - 24/09/03 22:47:47 INFO ResourceProfileManager: Added ResourceProfile id: 0
[2024-09-03 22:47:47,804] {spark_submit.py:495} INFO - 24/09/03 22:47:47 INFO SecurityManager: Changing view acls to: kai
[2024-09-03 22:47:47,804] {spark_submit.py:495} INFO - 24/09/03 22:47:47 INFO SecurityManager: Changing modify acls to: kai
[2024-09-03 22:47:47,804] {spark_submit.py:495} INFO - 24/09/03 22:47:47 INFO SecurityManager: Changing view acls groups to:
[2024-09-03 22:47:47,804] {spark_submit.py:495} INFO - 24/09/03 22:47:47 INFO SecurityManager: Changing modify acls groups to:
[2024-09-03 22:47:47,805] {spark_submit.py:495} INFO - 24/09/03 22:47:47 INFO SecurityManager: SecurityManager: authentication disabled; ui acls disabled; users  with view permissions: Set(kai); groups with view permissions: Set(); users  with modify permissions: Set(kai); groups with modify permissions: Set()
[2024-09-03 22:47:47,957] {spark_submit.py:495} INFO - 24/09/03 22:47:47 INFO Utils: Successfully started service 'sparkDriver' on port 34129.
[2024-09-03 22:47:47,980] {spark_submit.py:495} INFO - 24/09/03 22:47:47 INFO SparkEnv: Registering MapOutputTracker
[2024-09-03 22:47:48,007] {spark_submit.py:495} INFO - 24/09/03 22:47:48 INFO SparkEnv: Registering BlockManagerMaster
[2024-09-03 22:47:48,023] {spark_submit.py:495} INFO - 24/09/03 22:47:48 INFO BlockManagerMasterEndpoint: Using org.apache.spark.storage.DefaultTopologyMapper for getting topology information
[2024-09-03 22:47:48,023] {spark_submit.py:495} INFO - 24/09/03 22:47:48 INFO BlockManagerMasterEndpoint: BlockManagerMasterEndpoint up
[2024-09-03 22:47:48,026] {spark_submit.py:495} INFO - 24/09/03 22:47:48 INFO SparkEnv: Registering BlockManagerMasterHeartbeat
[2024-09-03 22:47:48,037] {spark_submit.py:495} INFO - 24/09/03 22:47:48 INFO DiskBlockManager: Created local directory at /tmp/blockmgr-1fa48f07-3ec1-43be-a105-b292e8d8c83f
[2024-09-03 22:47:48,057] {spark_submit.py:495} INFO - 24/09/03 22:47:48 INFO MemoryStore: MemoryStore started with capacity 366.3 MiB
[2024-09-03 22:47:48,082] {spark_submit.py:495} INFO - 24/09/03 22:47:48 INFO SparkEnv: Registering OutputCommitCoordinator
[2024-09-03 22:47:48,265] {spark_submit.py:495} INFO - 24/09/03 22:47:48 WARN Utils: Service 'SparkUI' could not bind on port 4040. Attempting port 4041.
[2024-09-03 22:47:48,273] {spark_submit.py:495} INFO - 24/09/03 22:47:48 INFO Utils: Successfully started service 'SparkUI' on port 4041.
[2024-09-03 22:47:48,317] {spark_submit.py:495} INFO - 24/09/03 22:47:48 INFO SparkUI: Bound SparkUI to 0.0.0.0, and started at http://192.168.2.128:4041
[2024-09-03 22:47:48,503] {spark_submit.py:495} INFO - 24/09/03 22:47:48 INFO Executor: Starting executor ID driver on host 192.168.2.128
[2024-09-03 22:47:48,527] {spark_submit.py:495} INFO - 24/09/03 22:47:48 INFO Utils: Successfully started service 'org.apache.spark.network.netty.NettyBlockTransferService' on port 36939.
[2024-09-03 22:47:48,527] {spark_submit.py:495} INFO - 24/09/03 22:47:48 INFO NettyBlockTransferService: Server created on 192.168.2.128:36939
[2024-09-03 22:47:48,529] {spark_submit.py:495} INFO - 24/09/03 22:47:48 INFO BlockManager: Using org.apache.spark.storage.RandomBlockReplicationPolicy for block replication policy
[2024-09-03 22:47:48,534] {spark_submit.py:495} INFO - 24/09/03 22:47:48 INFO BlockManagerMaster: Registering BlockManager BlockManagerId(driver, 192.168.2.128, 36939, None)
[2024-09-03 22:47:48,536] {spark_submit.py:495} INFO - 24/09/03 22:47:48 INFO BlockManagerMasterEndpoint: Registering block manager 192.168.2.128:36939 with 366.3 MiB RAM, BlockManagerId(driver, 192.168.2.128, 36939, None)
[2024-09-03 22:47:48,553] {spark_submit.py:495} INFO - 24/09/03 22:47:48 INFO BlockManagerMaster: Registered BlockManager BlockManagerId(driver, 192.168.2.128, 36939, None)
[2024-09-03 22:47:48,554] {spark_submit.py:495} INFO - 24/09/03 22:47:48 INFO BlockManager: Initialized BlockManager: BlockManagerId(driver, 192.168.2.128, 36939, None)
[2024-09-03 22:47:49,097] {spark_submit.py:495} INFO - 24/09/03 22:47:49 INFO SharedState: Setting hive.metastore.warehouse.dir ('null') to the value of spark.sql.warehouse.dir ('file:/home/kai/Documents/PROJETOS/twitter_extractor_airflow/spark-warehouse').
[2024-09-03 22:47:49,097] {spark_submit.py:495} INFO - 24/09/03 22:47:49 INFO SharedState: Warehouse path is 'file:/home/kai/Documents/PROJETOS/twitter_extractor_airflow/spark-warehouse'.
[2024-09-03 22:47:49,841] {spark_submit.py:495} INFO - 24/09/03 22:47:49 INFO InMemoryFileIndex: It took 38 ms to list leaf files for 1 paths.
[2024-09-03 22:47:49,904] {spark_submit.py:495} INFO - 24/09/03 22:47:49 INFO InMemoryFileIndex: It took 2 ms to list leaf files for 1 paths.
[2024-09-03 22:47:51,730] {spark_submit.py:495} INFO - 24/09/03 22:47:51 INFO FileSourceStrategy: Pushed Filters:
[2024-09-03 22:47:51,730] {spark_submit.py:495} INFO - 24/09/03 22:47:51 INFO FileSourceStrategy: Post-Scan Filters:
[2024-09-03 22:47:51,733] {spark_submit.py:495} INFO - 24/09/03 22:47:51 INFO FileSourceStrategy: Output Data Schema: struct<value: string>
[2024-09-03 22:47:51,994] {spark_submit.py:495} INFO - 24/09/03 22:47:51 INFO MemoryStore: Block broadcast_0 stored as values in memory (estimated size 303.1 KiB, free 366.0 MiB)
[2024-09-03 22:47:52,037] {spark_submit.py:495} INFO - 24/09/03 22:47:52 INFO MemoryStore: Block broadcast_0_piece0 stored as bytes in memory (estimated size 27.5 KiB, free 366.0 MiB)
[2024-09-03 22:47:52,039] {spark_submit.py:495} INFO - 24/09/03 22:47:52 INFO BlockManagerInfo: Added broadcast_0_piece0 in memory on 192.168.2.128:36939 (size: 27.5 KiB, free: 366.3 MiB)
[2024-09-03 22:47:52,043] {spark_submit.py:495} INFO - 24/09/03 22:47:52 INFO SparkContext: Created broadcast 0 from json at NativeMethodAccessorImpl.java:0
[2024-09-03 22:47:52,051] {spark_submit.py:495} INFO - 24/09/03 22:47:52 INFO FileSourceScanExec: Planning scan with bin packing, max size: 4198912 bytes, open cost is considered as scanning 4194304 bytes.
[2024-09-03 22:47:52,202] {spark_submit.py:495} INFO - 24/09/03 22:47:52 INFO SparkContext: Starting job: json at NativeMethodAccessorImpl.java:0
[2024-09-03 22:47:52,218] {spark_submit.py:495} INFO - 24/09/03 22:47:52 INFO DAGScheduler: Got job 0 (json at NativeMethodAccessorImpl.java:0) with 1 output partitions
[2024-09-03 22:47:52,219] {spark_submit.py:495} INFO - 24/09/03 22:47:52 INFO DAGScheduler: Final stage: ResultStage 0 (json at NativeMethodAccessorImpl.java:0)
[2024-09-03 22:47:52,219] {spark_submit.py:495} INFO - 24/09/03 22:47:52 INFO DAGScheduler: Parents of final stage: List()
[2024-09-03 22:47:52,221] {spark_submit.py:495} INFO - 24/09/03 22:47:52 INFO DAGScheduler: Missing parents: List()
[2024-09-03 22:47:52,228] {spark_submit.py:495} INFO - 24/09/03 22:47:52 INFO DAGScheduler: Submitting ResultStage 0 (MapPartitionsRDD[3] at json at NativeMethodAccessorImpl.java:0), which has no missing parents
[2024-09-03 22:47:52,340] {spark_submit.py:495} INFO - 24/09/03 22:47:52 INFO MemoryStore: Block broadcast_1 stored as values in memory (estimated size 12.1 KiB, free 366.0 MiB)
[2024-09-03 22:47:52,343] {spark_submit.py:495} INFO - 24/09/03 22:47:52 INFO MemoryStore: Block broadcast_1_piece0 stored as bytes in memory (estimated size 6.3 KiB, free 366.0 MiB)
[2024-09-03 22:47:52,344] {spark_submit.py:495} INFO - 24/09/03 22:47:52 INFO BlockManagerInfo: Added broadcast_1_piece0 in memory on 192.168.2.128:36939 (size: 6.3 KiB, free: 366.3 MiB)
[2024-09-03 22:47:52,345] {spark_submit.py:495} INFO - 24/09/03 22:47:52 INFO SparkContext: Created broadcast 1 from broadcast at DAGScheduler.scala:1433
[2024-09-03 22:47:52,358] {spark_submit.py:495} INFO - 24/09/03 22:47:52 INFO DAGScheduler: Submitting 1 missing tasks from ResultStage 0 (MapPartitionsRDD[3] at json at NativeMethodAccessorImpl.java:0) (first 15 tasks are for partitions Vector(0))
[2024-09-03 22:47:52,359] {spark_submit.py:495} INFO - 24/09/03 22:47:52 INFO TaskSchedulerImpl: Adding task set 0.0 with 1 tasks resource profile 0
[2024-09-03 22:47:52,423] {spark_submit.py:495} INFO - 24/09/03 22:47:52 INFO TaskSetManager: Starting task 0.0 in stage 0.0 (TID 0) (192.168.2.128, executor driver, partition 0, PROCESS_LOCAL, 4981 bytes) taskResourceAssignments Map()
[2024-09-03 22:47:52,436] {spark_submit.py:495} INFO - 24/09/03 22:47:52 INFO Executor: Running task 0.0 in stage 0.0 (TID 0)
[2024-09-03 22:47:52,684] {spark_submit.py:495} INFO - 24/09/03 22:47:52 INFO FileScanRDD: Reading File path: file:///home/kai/Documents/PROJETOS/twitter_extractor_airflow/datalake/bronze/data_engineer/extract_data=2024-08-17T00:00:00.00Z/data_engineer_20240817.json, range: 0-4608, partition values: [empty row]
[2024-09-03 22:47:52,918] {spark_submit.py:495} INFO - 24/09/03 22:47:52 INFO CodeGenerator: Code generated in 134.420413 ms
[2024-09-03 22:47:52,963] {spark_submit.py:495} INFO - 24/09/03 22:47:52 INFO Executor: Finished task 0.0 in stage 0.0 (TID 0). 2725 bytes result sent to driver
[2024-09-03 22:47:52,978] {spark_submit.py:495} INFO - 24/09/03 22:47:52 INFO TaskSetManager: Finished task 0.0 in stage 0.0 (TID 0) in 572 ms on 192.168.2.128 (executor driver) (1/1)
[2024-09-03 22:47:52,980] {spark_submit.py:495} INFO - 24/09/03 22:47:52 INFO TaskSchedulerImpl: Removed TaskSet 0.0, whose tasks have all completed, from pool
[2024-09-03 22:47:52,987] {spark_submit.py:495} INFO - 24/09/03 22:47:52 INFO DAGScheduler: ResultStage 0 (json at NativeMethodAccessorImpl.java:0) finished in 0,744 s
[2024-09-03 22:47:53,100] {spark_submit.py:495} INFO - 24/09/03 22:47:53 INFO DAGScheduler: Job 0 is finished. Cancelling potential speculative or zombie tasks for this job
[2024-09-03 22:47:53,100] {spark_submit.py:495} INFO - 24/09/03 22:47:53 INFO TaskSchedulerImpl: Killing all running tasks in stage 0: Stage finished
[2024-09-03 22:47:53,105] {spark_submit.py:495} INFO - 24/09/03 22:47:53 INFO DAGScheduler: Job 0 finished: json at NativeMethodAccessorImpl.java:0, took 0,901658 s
[2024-09-03 22:47:53,526] {spark_submit.py:495} INFO - 24/09/03 22:47:53 INFO FileSourceStrategy: Pushed Filters: IsNotNull(data)
[2024-09-03 22:47:53,529] {spark_submit.py:495} INFO - 24/09/03 22:47:53 INFO FileSourceStrategy: Post-Scan Filters: (size(data#7, true) > 0),isnotnull(data#7)
[2024-09-03 22:47:53,530] {spark_submit.py:495} INFO - 24/09/03 22:47:53 INFO FileSourceStrategy: Output Data Schema: struct<data: array<struct<author_id:string,conversation_id:string,created_at:string,edit_history_tweet_ids:array<bigint>,id:string,in_reply_to_user_id:string,lang:string,public_metrics:struct<like_count:bigint,quote_count:bigint,reply_count:bigint,retweet_count:bigint>,text:string>>>
[2024-09-03 22:47:53,618] {spark_submit.py:495} INFO - 24/09/03 22:47:53 INFO FileOutputCommitter: File Output Committer Algorithm version is 1
[2024-09-03 22:47:53,618] {spark_submit.py:495} INFO - 24/09/03 22:47:53 INFO FileOutputCommitter: FileOutputCommitter skip cleanup _temporary folders under output directory:false, ignore cleanup failures: false
[2024-09-03 22:47:53,619] {spark_submit.py:495} INFO - 24/09/03 22:47:53 INFO SQLHadoopMapReduceCommitProtocol: Using output committer class org.apache.hadoop.mapreduce.lib.output.FileOutputCommitter
[2024-09-03 22:47:53,705] {spark_submit.py:495} INFO - 24/09/03 22:47:53 INFO CodeGenerator: Code generated in 30.868273 ms
[2024-09-03 22:47:53,754] {spark_submit.py:495} INFO - 24/09/03 22:47:53 INFO CodeGenerator: Code generated in 29.349666 ms
[2024-09-03 22:47:53,763] {spark_submit.py:495} INFO - 24/09/03 22:47:53 INFO MemoryStore: Block broadcast_2 stored as values in memory (estimated size 303.0 KiB, free 365.7 MiB)
[2024-09-03 22:47:53,771] {spark_submit.py:495} INFO - 24/09/03 22:47:53 INFO MemoryStore: Block broadcast_2_piece0 stored as bytes in memory (estimated size 27.5 KiB, free 365.6 MiB)
[2024-09-03 22:47:53,773] {spark_submit.py:495} INFO - 24/09/03 22:47:53 INFO BlockManagerInfo: Added broadcast_2_piece0 in memory on 192.168.2.128:36939 (size: 27.5 KiB, free: 366.2 MiB)
[2024-09-03 22:47:53,774] {spark_submit.py:495} INFO - 24/09/03 22:47:53 INFO SparkContext: Created broadcast 2 from json at NativeMethodAccessorImpl.java:0
[2024-09-03 22:47:53,778] {spark_submit.py:495} INFO - 24/09/03 22:47:53 INFO FileSourceScanExec: Planning scan with bin packing, max size: 4198912 bytes, open cost is considered as scanning 4194304 bytes.
[2024-09-03 22:47:53,839] {spark_submit.py:495} INFO - 24/09/03 22:47:53 INFO SparkContext: Starting job: json at NativeMethodAccessorImpl.java:0
[2024-09-03 22:47:53,840] {spark_submit.py:495} INFO - 24/09/03 22:47:53 INFO DAGScheduler: Got job 1 (json at NativeMethodAccessorImpl.java:0) with 1 output partitions
[2024-09-03 22:47:53,840] {spark_submit.py:495} INFO - 24/09/03 22:47:53 INFO DAGScheduler: Final stage: ResultStage 1 (json at NativeMethodAccessorImpl.java:0)
[2024-09-03 22:47:53,841] {spark_submit.py:495} INFO - 24/09/03 22:47:53 INFO DAGScheduler: Parents of final stage: List()
[2024-09-03 22:47:53,841] {spark_submit.py:495} INFO - 24/09/03 22:47:53 INFO DAGScheduler: Missing parents: List()
[2024-09-03 22:47:53,842] {spark_submit.py:495} INFO - 24/09/03 22:47:53 INFO DAGScheduler: Submitting ResultStage 1 (CoalescedRDD[9] at json at NativeMethodAccessorImpl.java:0), which has no missing parents
[2024-09-03 22:47:53,892] {spark_submit.py:495} INFO - 24/09/03 22:47:53 INFO MemoryStore: Block broadcast_3 stored as values in memory (estimated size 190.1 KiB, free 365.5 MiB)
[2024-09-03 22:47:53,897] {spark_submit.py:495} INFO - 24/09/03 22:47:53 INFO MemoryStore: Block broadcast_3_piece0 stored as bytes in memory (estimated size 66.6 KiB, free 365.4 MiB)
[2024-09-03 22:47:53,897] {spark_submit.py:495} INFO - 24/09/03 22:47:53 INFO BlockManagerInfo: Added broadcast_3_piece0 in memory on 192.168.2.128:36939 (size: 66.6 KiB, free: 366.2 MiB)
[2024-09-03 22:47:53,898] {spark_submit.py:495} INFO - 24/09/03 22:47:53 INFO SparkContext: Created broadcast 3 from broadcast at DAGScheduler.scala:1433
[2024-09-03 22:47:53,898] {spark_submit.py:495} INFO - 24/09/03 22:47:53 INFO DAGScheduler: Submitting 1 missing tasks from ResultStage 1 (CoalescedRDD[9] at json at NativeMethodAccessorImpl.java:0) (first 15 tasks are for partitions Vector(0))
[2024-09-03 22:47:53,899] {spark_submit.py:495} INFO - 24/09/03 22:47:53 INFO TaskSchedulerImpl: Adding task set 1.0 with 1 tasks resource profile 0
[2024-09-03 22:47:53,902] {spark_submit.py:495} INFO - 24/09/03 22:47:53 INFO TaskSetManager: Starting task 0.0 in stage 1.0 (TID 1) (192.168.2.128, executor driver, partition 0, PROCESS_LOCAL, 5210 bytes) taskResourceAssignments Map()
[2024-09-03 22:47:53,902] {spark_submit.py:495} INFO - 24/09/03 22:47:53 INFO Executor: Running task 0.0 in stage 1.0 (TID 1)
[2024-09-03 22:47:53,959] {spark_submit.py:495} INFO - 24/09/03 22:47:53 INFO FileOutputCommitter: File Output Committer Algorithm version is 1
[2024-09-03 22:47:53,960] {spark_submit.py:495} INFO - 24/09/03 22:47:53 INFO FileOutputCommitter: FileOutputCommitter skip cleanup _temporary folders under output directory:false, ignore cleanup failures: false
[2024-09-03 22:47:53,960] {spark_submit.py:495} INFO - 24/09/03 22:47:53 INFO SQLHadoopMapReduceCommitProtocol: Using output committer class org.apache.hadoop.mapreduce.lib.output.FileOutputCommitter
[2024-09-03 22:47:54,025] {spark_submit.py:495} INFO - 24/09/03 22:47:54 INFO CodeGenerator: Code generated in 20.020701 ms
[2024-09-03 22:47:54,031] {spark_submit.py:495} INFO - 24/09/03 22:47:54 INFO FileScanRDD: Reading File path: file:///home/kai/Documents/PROJETOS/twitter_extractor_airflow/datalake/bronze/data_engineer/extract_data=2024-08-17T00:00:00.00Z/data_engineer_20240817.json, range: 0-4608, partition values: [empty row]
[2024-09-03 22:47:54,062] {spark_submit.py:495} INFO - 24/09/03 22:47:54 INFO CodeGenerator: Code generated in 26.494178 ms
[2024-09-03 22:47:54,089] {spark_submit.py:495} INFO - 24/09/03 22:47:54 INFO CodeGenerator: Code generated in 6.233978 ms
[2024-09-03 22:47:54,127] {spark_submit.py:495} INFO - 24/09/03 22:47:54 INFO FileOutputCommitter: Saved output of task 'attempt_202409032247539183705440193792473_0001_m_000000_1' to file:/home/kai/Documents/PROJETOS/twitter_extractor_airflow/datalake/silver/data_engineer/twitter_df/process_data=20240817/_temporary/0/task_202409032247539183705440193792473_0001_m_000000
[2024-09-03 22:47:54,128] {spark_submit.py:495} INFO - 24/09/03 22:47:54 INFO SparkHadoopMapRedUtil: attempt_202409032247539183705440193792473_0001_m_000000_1: Committed
[2024-09-03 22:47:54,133] {spark_submit.py:495} INFO - 24/09/03 22:47:54 INFO Executor: Finished task 0.0 in stage 1.0 (TID 1). 2901 bytes result sent to driver
[2024-09-03 22:47:54,139] {spark_submit.py:495} INFO - 24/09/03 22:47:54 INFO TaskSetManager: Finished task 0.0 in stage 1.0 (TID 1) in 240 ms on 192.168.2.128 (executor driver) (1/1)
[2024-09-03 22:47:54,139] {spark_submit.py:495} INFO - 24/09/03 22:47:54 INFO TaskSchedulerImpl: Removed TaskSet 1.0, whose tasks have all completed, from pool
[2024-09-03 22:47:54,141] {spark_submit.py:495} INFO - 24/09/03 22:47:54 INFO DAGScheduler: ResultStage 1 (json at NativeMethodAccessorImpl.java:0) finished in 0,298 s
[2024-09-03 22:47:54,141] {spark_submit.py:495} INFO - 24/09/03 22:47:54 INFO DAGScheduler: Job 1 is finished. Cancelling potential speculative or zombie tasks for this job
[2024-09-03 22:47:54,142] {spark_submit.py:495} INFO - 24/09/03 22:47:54 INFO TaskSchedulerImpl: Killing all running tasks in stage 1: Stage finished
[2024-09-03 22:47:54,142] {spark_submit.py:495} INFO - 24/09/03 22:47:54 INFO DAGScheduler: Job 1 finished: json at NativeMethodAccessorImpl.java:0, took 0,302498 s
[2024-09-03 22:47:54,157] {spark_submit.py:495} INFO - 24/09/03 22:47:54 INFO FileFormatWriter: Write Job 4162f0ce-2cbc-49a1-8297-a93e0b1e7279 committed.
[2024-09-03 22:47:54,160] {spark_submit.py:495} INFO - 24/09/03 22:47:54 INFO FileFormatWriter: Finished processing stats for write job 4162f0ce-2cbc-49a1-8297-a93e0b1e7279.
[2024-09-03 22:47:54,255] {spark_submit.py:495} INFO - 24/09/03 22:47:54 INFO FileSourceStrategy: Pushed Filters:
[2024-09-03 22:47:54,256] {spark_submit.py:495} INFO - 24/09/03 22:47:54 INFO FileSourceStrategy: Post-Scan Filters:
[2024-09-03 22:47:54,256] {spark_submit.py:495} INFO - 24/09/03 22:47:54 INFO FileSourceStrategy: Output Data Schema: struct<includes: struct<users: array<struct<created_at:string,id:string,name:string,username:string>>>>
[2024-09-03 22:47:54,283] {spark_submit.py:495} INFO - 24/09/03 22:47:54 INFO FileOutputCommitter: File Output Committer Algorithm version is 1
[2024-09-03 22:47:54,283] {spark_submit.py:495} INFO - 24/09/03 22:47:54 INFO FileOutputCommitter: FileOutputCommitter skip cleanup _temporary folders under output directory:false, ignore cleanup failures: false
[2024-09-03 22:47:54,284] {spark_submit.py:495} INFO - 24/09/03 22:47:54 INFO SQLHadoopMapReduceCommitProtocol: Using output committer class org.apache.hadoop.mapreduce.lib.output.FileOutputCommitter
[2024-09-03 22:47:54,342] {spark_submit.py:495} INFO - 24/09/03 22:47:54 INFO CodeGenerator: Code generated in 18.299306 ms
[2024-09-03 22:47:54,350] {spark_submit.py:495} INFO - 24/09/03 22:47:54 INFO MemoryStore: Block broadcast_4 stored as values in memory (estimated size 303.0 KiB, free 365.1 MiB)
[2024-09-03 22:47:54,373] {spark_submit.py:495} INFO - 24/09/03 22:47:54 INFO MemoryStore: Block broadcast_4_piece0 stored as bytes in memory (estimated size 27.5 KiB, free 365.1 MiB)
[2024-09-03 22:47:54,379] {spark_submit.py:495} INFO - 24/09/03 22:47:54 INFO BlockManagerInfo: Added broadcast_4_piece0 in memory on 192.168.2.128:36939 (size: 27.5 KiB, free: 366.1 MiB)
[2024-09-03 22:47:54,383] {spark_submit.py:495} INFO - 24/09/03 22:47:54 INFO SparkContext: Created broadcast 4 from json at NativeMethodAccessorImpl.java:0
[2024-09-03 22:47:54,388] {spark_submit.py:495} INFO - 24/09/03 22:47:54 INFO FileSourceScanExec: Planning scan with bin packing, max size: 4198912 bytes, open cost is considered as scanning 4194304 bytes.
[2024-09-03 22:47:54,422] {spark_submit.py:495} INFO - 24/09/03 22:47:54 INFO SparkContext: Starting job: json at NativeMethodAccessorImpl.java:0
[2024-09-03 22:47:54,430] {spark_submit.py:495} INFO - 24/09/03 22:47:54 INFO DAGScheduler: Got job 2 (json at NativeMethodAccessorImpl.java:0) with 1 output partitions
[2024-09-03 22:47:54,430] {spark_submit.py:495} INFO - 24/09/03 22:47:54 INFO DAGScheduler: Final stage: ResultStage 2 (json at NativeMethodAccessorImpl.java:0)
[2024-09-03 22:47:54,430] {spark_submit.py:495} INFO - 24/09/03 22:47:54 INFO DAGScheduler: Parents of final stage: List()
[2024-09-03 22:47:54,430] {spark_submit.py:495} INFO - 24/09/03 22:47:54 INFO DAGScheduler: Missing parents: List()
[2024-09-03 22:47:54,432] {spark_submit.py:495} INFO - 24/09/03 22:47:54 INFO DAGScheduler: Submitting ResultStage 2 (CoalescedRDD[16] at json at NativeMethodAccessorImpl.java:0), which has no missing parents
[2024-09-03 22:47:54,461] {spark_submit.py:495} INFO - 24/09/03 22:47:54 INFO MemoryStore: Block broadcast_5 stored as values in memory (estimated size 178.3 KiB, free 364.9 MiB)
[2024-09-03 22:47:54,464] {spark_submit.py:495} INFO - 24/09/03 22:47:54 INFO MemoryStore: Block broadcast_5_piece0 stored as bytes in memory (estimated size 64.0 KiB, free 364.8 MiB)
[2024-09-03 22:47:54,465] {spark_submit.py:495} INFO - 24/09/03 22:47:54 INFO BlockManagerInfo: Added broadcast_5_piece0 in memory on 192.168.2.128:36939 (size: 64.0 KiB, free: 366.1 MiB)
[2024-09-03 22:47:54,465] {spark_submit.py:495} INFO - 24/09/03 22:47:54 INFO SparkContext: Created broadcast 5 from broadcast at DAGScheduler.scala:1433
[2024-09-03 22:47:54,466] {spark_submit.py:495} INFO - 24/09/03 22:47:54 INFO DAGScheduler: Submitting 1 missing tasks from ResultStage 2 (CoalescedRDD[16] at json at NativeMethodAccessorImpl.java:0) (first 15 tasks are for partitions Vector(0))
[2024-09-03 22:47:54,466] {spark_submit.py:495} INFO - 24/09/03 22:47:54 INFO TaskSchedulerImpl: Adding task set 2.0 with 1 tasks resource profile 0
[2024-09-03 22:47:54,467] {spark_submit.py:495} INFO - 24/09/03 22:47:54 INFO TaskSetManager: Starting task 0.0 in stage 2.0 (TID 2) (192.168.2.128, executor driver, partition 0, PROCESS_LOCAL, 5210 bytes) taskResourceAssignments Map()
[2024-09-03 22:47:54,467] {spark_submit.py:495} INFO - 24/09/03 22:47:54 INFO Executor: Running task 0.0 in stage 2.0 (TID 2)
[2024-09-03 22:47:54,488] {spark_submit.py:495} INFO - 24/09/03 22:47:54 INFO FileOutputCommitter: File Output Committer Algorithm version is 1
[2024-09-03 22:47:54,488] {spark_submit.py:495} INFO - 24/09/03 22:47:54 INFO FileOutputCommitter: FileOutputCommitter skip cleanup _temporary folders under output directory:false, ignore cleanup failures: false
[2024-09-03 22:47:54,488] {spark_submit.py:495} INFO - 24/09/03 22:47:54 INFO SQLHadoopMapReduceCommitProtocol: Using output committer class org.apache.hadoop.mapreduce.lib.output.FileOutputCommitter
[2024-09-03 22:47:54,529] {spark_submit.py:495} INFO - 24/09/03 22:47:54 INFO CodeGenerator: Code generated in 8.981325 ms
[2024-09-03 22:47:54,532] {spark_submit.py:495} INFO - 24/09/03 22:47:54 INFO FileScanRDD: Reading File path: file:///home/kai/Documents/PROJETOS/twitter_extractor_airflow/datalake/bronze/data_engineer/extract_data=2024-08-17T00:00:00.00Z/data_engineer_20240817.json, range: 0-4608, partition values: [empty row]
[2024-09-03 22:47:54,562] {spark_submit.py:495} INFO - 24/09/03 22:47:54 INFO CodeGenerator: Code generated in 26.523118 ms
[2024-09-03 22:47:54,584] {spark_submit.py:495} INFO - 24/09/03 22:47:54 INFO FileOutputCommitter: Saved output of task 'attempt_202409032247541914384278419478531_0002_m_000000_2' to file:/home/kai/Documents/PROJETOS/twitter_extractor_airflow/datalake/silver/data_engineer/user_df/process_data=20240817/_temporary/0/task_202409032247541914384278419478531_0002_m_000000
[2024-09-03 22:47:54,584] {spark_submit.py:495} INFO - 24/09/03 22:47:54 INFO SparkHadoopMapRedUtil: attempt_202409032247541914384278419478531_0002_m_000000_2: Committed
[2024-09-03 22:47:54,586] {spark_submit.py:495} INFO - 24/09/03 22:47:54 INFO Executor: Finished task 0.0 in stage 2.0 (TID 2). 2734 bytes result sent to driver
[2024-09-03 22:47:54,589] {spark_submit.py:495} INFO - 24/09/03 22:47:54 INFO TaskSetManager: Finished task 0.0 in stage 2.0 (TID 2) in 122 ms on 192.168.2.128 (executor driver) (1/1)
[2024-09-03 22:47:54,589] {spark_submit.py:495} INFO - 24/09/03 22:47:54 INFO TaskSchedulerImpl: Removed TaskSet 2.0, whose tasks have all completed, from pool
[2024-09-03 22:47:54,590] {spark_submit.py:495} INFO - 24/09/03 22:47:54 INFO DAGScheduler: ResultStage 2 (json at NativeMethodAccessorImpl.java:0) finished in 0,158 s
[2024-09-03 22:47:54,592] {spark_submit.py:495} INFO - 24/09/03 22:47:54 INFO DAGScheduler: Job 2 is finished. Cancelling potential speculative or zombie tasks for this job
[2024-09-03 22:47:54,592] {spark_submit.py:495} INFO - 24/09/03 22:47:54 INFO TaskSchedulerImpl: Killing all running tasks in stage 2: Stage finished
[2024-09-03 22:47:54,592] {spark_submit.py:495} INFO - 24/09/03 22:47:54 INFO DAGScheduler: Job 2 finished: json at NativeMethodAccessorImpl.java:0, took 0,162368 s
[2024-09-03 22:47:54,622] {spark_submit.py:495} INFO - 24/09/03 22:47:54 INFO FileFormatWriter: Write Job c31bc4af-5709-4ce3-b112-a0b8c5ace27a committed.
[2024-09-03 22:47:54,623] {spark_submit.py:495} INFO - 24/09/03 22:47:54 INFO FileFormatWriter: Finished processing stats for write job c31bc4af-5709-4ce3-b112-a0b8c5ace27a.
[2024-09-03 22:47:54,659] {spark_submit.py:495} INFO - 24/09/03 22:47:54 INFO SparkContext: Invoking stop() from shutdown hook
[2024-09-03 22:47:54,669] {spark_submit.py:495} INFO - 24/09/03 22:47:54 INFO SparkUI: Stopped Spark web UI at http://192.168.2.128:4041
[2024-09-03 22:47:54,683] {spark_submit.py:495} INFO - 24/09/03 22:47:54 INFO MapOutputTrackerMasterEndpoint: MapOutputTrackerMasterEndpoint stopped!
[2024-09-03 22:47:54,694] {spark_submit.py:495} INFO - 24/09/03 22:47:54 INFO MemoryStore: MemoryStore cleared
[2024-09-03 22:47:54,695] {spark_submit.py:495} INFO - 24/09/03 22:47:54 INFO BlockManager: BlockManager stopped
[2024-09-03 22:47:54,722] {spark_submit.py:495} INFO - 24/09/03 22:47:54 INFO BlockManagerMaster: BlockManagerMaster stopped
[2024-09-03 22:47:54,731] {spark_submit.py:495} INFO - 24/09/03 22:47:54 INFO OutputCommitCoordinator$OutputCommitCoordinatorEndpoint: OutputCommitCoordinator stopped!
[2024-09-03 22:47:54,735] {spark_submit.py:495} INFO - 24/09/03 22:47:54 INFO SparkContext: Successfully stopped SparkContext
[2024-09-03 22:47:54,737] {spark_submit.py:495} INFO - 24/09/03 22:47:54 INFO ShutdownHookManager: Shutdown hook called
[2024-09-03 22:47:54,738] {spark_submit.py:495} INFO - 24/09/03 22:47:54 INFO ShutdownHookManager: Deleting directory /tmp/spark-5bf9c4f9-0883-4244-ae23-c70d7e3b87f6
[2024-09-03 22:47:54,748] {spark_submit.py:495} INFO - 24/09/03 22:47:54 INFO ShutdownHookManager: Deleting directory /tmp/spark-bf8f2047-44af-420b-92db-71865d096044
[2024-09-03 22:47:54,751] {spark_submit.py:495} INFO - 24/09/03 22:47:54 INFO ShutdownHookManager: Deleting directory /tmp/spark-bf8f2047-44af-420b-92db-71865d096044/pyspark-59d5563d-b252-4b61-b38c-cbf7c0d5bdda
[2024-09-03 22:47:54,848] {taskinstance.py:1395} INFO - Marking task as SUCCESS. dag_id=Twitter_extractor_DAGs, task_id=SILVER_LAYER_LOAD_L, execution_date=20240817T000000, start_date=20240904T014745, end_date=20240904T014754
[2024-09-03 22:47:54,873] {local_task_job.py:156} INFO - Task exited with return code 0
[2024-09-03 22:47:54,888] {local_task_job.py:273} INFO - 1 downstream tasks scheduled from follow-on schedule check
