[2024-08-28 13:42:20,253] {processor.py:153} INFO - Started process (PID=27177) to work on /home/kai/Documents/PROJETOS/twitter_extractor_airflow/venv/lib/python3.8/site-packages/airflow/example_dags/plugins/workday.py
[2024-08-28 13:42:20,253] {processor.py:641} INFO - Processing file /home/kai/Documents/PROJETOS/twitter_extractor_airflow/venv/lib/python3.8/site-packages/airflow/example_dags/plugins/workday.py for tasks to queue
[2024-08-28 13:42:20,254] {logging_mixin.py:115} INFO - [2024-08-28 13:42:20,254] {dagbag.py:507} INFO - Filling up the DagBag from /home/kai/Documents/PROJETOS/twitter_extractor_airflow/venv/lib/python3.8/site-packages/airflow/example_dags/plugins/workday.py
[2024-08-28 13:42:20,257] {processor.py:653} WARNING - No viable dags retrieved from /home/kai/Documents/PROJETOS/twitter_extractor_airflow/venv/lib/python3.8/site-packages/airflow/example_dags/plugins/workday.py
[2024-08-28 13:42:20,346] {processor.py:161} INFO - Processing /home/kai/Documents/PROJETOS/twitter_extractor_airflow/venv/lib/python3.8/site-packages/airflow/example_dags/plugins/workday.py took 0.097 seconds
[2024-08-28 13:42:56,171] {processor.py:153} INFO - Started process (PID=27543) to work on /home/kai/Documents/PROJETOS/twitter_extractor_airflow/venv/lib/python3.8/site-packages/airflow/example_dags/plugins/workday.py
[2024-08-28 13:42:56,172] {processor.py:641} INFO - Processing file /home/kai/Documents/PROJETOS/twitter_extractor_airflow/venv/lib/python3.8/site-packages/airflow/example_dags/plugins/workday.py for tasks to queue
[2024-08-28 13:42:56,172] {logging_mixin.py:115} INFO - [2024-08-28 13:42:56,172] {dagbag.py:507} INFO - Filling up the DagBag from /home/kai/Documents/PROJETOS/twitter_extractor_airflow/venv/lib/python3.8/site-packages/airflow/example_dags/plugins/workday.py
[2024-08-28 13:42:56,175] {processor.py:653} WARNING - No viable dags retrieved from /home/kai/Documents/PROJETOS/twitter_extractor_airflow/venv/lib/python3.8/site-packages/airflow/example_dags/plugins/workday.py
[2024-08-28 13:42:56,184] {processor.py:161} INFO - Processing /home/kai/Documents/PROJETOS/twitter_extractor_airflow/venv/lib/python3.8/site-packages/airflow/example_dags/plugins/workday.py took 0.018 seconds
[2024-08-28 13:43:29,819] {processor.py:153} INFO - Started process (PID=27734) to work on /home/kai/Documents/PROJETOS/twitter_extractor_airflow/venv/lib/python3.8/site-packages/airflow/example_dags/plugins/workday.py
[2024-08-28 13:43:29,819] {processor.py:641} INFO - Processing file /home/kai/Documents/PROJETOS/twitter_extractor_airflow/venv/lib/python3.8/site-packages/airflow/example_dags/plugins/workday.py for tasks to queue
[2024-08-28 13:43:29,820] {logging_mixin.py:115} INFO - [2024-08-28 13:43:29,819] {dagbag.py:507} INFO - Filling up the DagBag from /home/kai/Documents/PROJETOS/twitter_extractor_airflow/venv/lib/python3.8/site-packages/airflow/example_dags/plugins/workday.py
[2024-08-28 13:43:29,821] {processor.py:653} WARNING - No viable dags retrieved from /home/kai/Documents/PROJETOS/twitter_extractor_airflow/venv/lib/python3.8/site-packages/airflow/example_dags/plugins/workday.py
[2024-08-28 13:43:29,830] {processor.py:161} INFO - Processing /home/kai/Documents/PROJETOS/twitter_extractor_airflow/venv/lib/python3.8/site-packages/airflow/example_dags/plugins/workday.py took 0.013 seconds
[2024-08-28 13:44:04,662] {processor.py:153} INFO - Started process (PID=27932) to work on /home/kai/Documents/PROJETOS/twitter_extractor_airflow/venv/lib/python3.8/site-packages/airflow/example_dags/plugins/workday.py
[2024-08-28 13:44:04,663] {processor.py:641} INFO - Processing file /home/kai/Documents/PROJETOS/twitter_extractor_airflow/venv/lib/python3.8/site-packages/airflow/example_dags/plugins/workday.py for tasks to queue
[2024-08-28 13:44:04,663] {logging_mixin.py:115} INFO - [2024-08-28 13:44:04,663] {dagbag.py:507} INFO - Filling up the DagBag from /home/kai/Documents/PROJETOS/twitter_extractor_airflow/venv/lib/python3.8/site-packages/airflow/example_dags/plugins/workday.py
[2024-08-28 13:44:04,668] {processor.py:653} WARNING - No viable dags retrieved from /home/kai/Documents/PROJETOS/twitter_extractor_airflow/venv/lib/python3.8/site-packages/airflow/example_dags/plugins/workday.py
[2024-08-28 13:44:04,679] {processor.py:161} INFO - Processing /home/kai/Documents/PROJETOS/twitter_extractor_airflow/venv/lib/python3.8/site-packages/airflow/example_dags/plugins/workday.py took 0.019 seconds
[2024-08-28 13:44:35,573] {processor.py:153} INFO - Started process (PID=28115) to work on /home/kai/Documents/PROJETOS/twitter_extractor_airflow/venv/lib/python3.8/site-packages/airflow/example_dags/plugins/workday.py
[2024-08-28 13:44:35,574] {processor.py:641} INFO - Processing file /home/kai/Documents/PROJETOS/twitter_extractor_airflow/venv/lib/python3.8/site-packages/airflow/example_dags/plugins/workday.py for tasks to queue
[2024-08-28 13:44:35,574] {logging_mixin.py:115} INFO - [2024-08-28 13:44:35,574] {dagbag.py:507} INFO - Filling up the DagBag from /home/kai/Documents/PROJETOS/twitter_extractor_airflow/venv/lib/python3.8/site-packages/airflow/example_dags/plugins/workday.py
[2024-08-28 13:44:35,576] {processor.py:653} WARNING - No viable dags retrieved from /home/kai/Documents/PROJETOS/twitter_extractor_airflow/venv/lib/python3.8/site-packages/airflow/example_dags/plugins/workday.py
[2024-08-28 13:44:35,584] {processor.py:161} INFO - Processing /home/kai/Documents/PROJETOS/twitter_extractor_airflow/venv/lib/python3.8/site-packages/airflow/example_dags/plugins/workday.py took 0.013 seconds
[2024-08-28 13:45:08,313] {processor.py:153} INFO - Started process (PID=28312) to work on /home/kai/Documents/PROJETOS/twitter_extractor_airflow/venv/lib/python3.8/site-packages/airflow/example_dags/plugins/workday.py
[2024-08-28 13:45:08,314] {processor.py:641} INFO - Processing file /home/kai/Documents/PROJETOS/twitter_extractor_airflow/venv/lib/python3.8/site-packages/airflow/example_dags/plugins/workday.py for tasks to queue
[2024-08-28 13:45:08,315] {logging_mixin.py:115} INFO - [2024-08-28 13:45:08,315] {dagbag.py:507} INFO - Filling up the DagBag from /home/kai/Documents/PROJETOS/twitter_extractor_airflow/venv/lib/python3.8/site-packages/airflow/example_dags/plugins/workday.py
[2024-08-28 13:45:08,317] {processor.py:653} WARNING - No viable dags retrieved from /home/kai/Documents/PROJETOS/twitter_extractor_airflow/venv/lib/python3.8/site-packages/airflow/example_dags/plugins/workday.py
[2024-08-28 13:45:08,339] {processor.py:161} INFO - Processing /home/kai/Documents/PROJETOS/twitter_extractor_airflow/venv/lib/python3.8/site-packages/airflow/example_dags/plugins/workday.py took 0.028 seconds
[2024-08-28 13:45:41,006] {processor.py:153} INFO - Started process (PID=28503) to work on /home/kai/Documents/PROJETOS/twitter_extractor_airflow/venv/lib/python3.8/site-packages/airflow/example_dags/plugins/workday.py
[2024-08-28 13:45:41,007] {processor.py:641} INFO - Processing file /home/kai/Documents/PROJETOS/twitter_extractor_airflow/venv/lib/python3.8/site-packages/airflow/example_dags/plugins/workday.py for tasks to queue
[2024-08-28 13:45:41,008] {logging_mixin.py:115} INFO - [2024-08-28 13:45:41,007] {dagbag.py:507} INFO - Filling up the DagBag from /home/kai/Documents/PROJETOS/twitter_extractor_airflow/venv/lib/python3.8/site-packages/airflow/example_dags/plugins/workday.py
[2024-08-28 13:45:41,009] {processor.py:653} WARNING - No viable dags retrieved from /home/kai/Documents/PROJETOS/twitter_extractor_airflow/venv/lib/python3.8/site-packages/airflow/example_dags/plugins/workday.py
[2024-08-28 13:45:41,021] {processor.py:161} INFO - Processing /home/kai/Documents/PROJETOS/twitter_extractor_airflow/venv/lib/python3.8/site-packages/airflow/example_dags/plugins/workday.py took 0.017 seconds
[2024-08-28 13:46:11,383] {processor.py:153} INFO - Started process (PID=28679) to work on /home/kai/Documents/PROJETOS/twitter_extractor_airflow/venv/lib/python3.8/site-packages/airflow/example_dags/plugins/workday.py
[2024-08-28 13:46:11,384] {processor.py:641} INFO - Processing file /home/kai/Documents/PROJETOS/twitter_extractor_airflow/venv/lib/python3.8/site-packages/airflow/example_dags/plugins/workday.py for tasks to queue
[2024-08-28 13:46:11,384] {logging_mixin.py:115} INFO - [2024-08-28 13:46:11,384] {dagbag.py:507} INFO - Filling up the DagBag from /home/kai/Documents/PROJETOS/twitter_extractor_airflow/venv/lib/python3.8/site-packages/airflow/example_dags/plugins/workday.py
[2024-08-28 13:46:11,386] {processor.py:653} WARNING - No viable dags retrieved from /home/kai/Documents/PROJETOS/twitter_extractor_airflow/venv/lib/python3.8/site-packages/airflow/example_dags/plugins/workday.py
[2024-08-28 13:46:11,395] {processor.py:161} INFO - Processing /home/kai/Documents/PROJETOS/twitter_extractor_airflow/venv/lib/python3.8/site-packages/airflow/example_dags/plugins/workday.py took 0.015 seconds
[2024-08-28 13:46:45,018] {processor.py:153} INFO - Started process (PID=29367) to work on /home/kai/Documents/PROJETOS/twitter_extractor_airflow/venv/lib/python3.8/site-packages/airflow/example_dags/plugins/workday.py
[2024-08-28 13:46:45,019] {processor.py:641} INFO - Processing file /home/kai/Documents/PROJETOS/twitter_extractor_airflow/venv/lib/python3.8/site-packages/airflow/example_dags/plugins/workday.py for tasks to queue
[2024-08-28 13:46:45,020] {logging_mixin.py:115} INFO - [2024-08-28 13:46:45,019] {dagbag.py:507} INFO - Filling up the DagBag from /home/kai/Documents/PROJETOS/twitter_extractor_airflow/venv/lib/python3.8/site-packages/airflow/example_dags/plugins/workday.py
[2024-08-28 13:46:45,021] {processor.py:653} WARNING - No viable dags retrieved from /home/kai/Documents/PROJETOS/twitter_extractor_airflow/venv/lib/python3.8/site-packages/airflow/example_dags/plugins/workday.py
[2024-08-28 13:46:45,032] {processor.py:161} INFO - Processing /home/kai/Documents/PROJETOS/twitter_extractor_airflow/venv/lib/python3.8/site-packages/airflow/example_dags/plugins/workday.py took 0.017 seconds
[2024-08-28 13:47:16,506] {processor.py:153} INFO - Started process (PID=29771) to work on /home/kai/Documents/PROJETOS/twitter_extractor_airflow/venv/lib/python3.8/site-packages/airflow/example_dags/plugins/workday.py
[2024-08-28 13:47:16,506] {processor.py:641} INFO - Processing file /home/kai/Documents/PROJETOS/twitter_extractor_airflow/venv/lib/python3.8/site-packages/airflow/example_dags/plugins/workday.py for tasks to queue
[2024-08-28 13:47:16,507] {logging_mixin.py:115} INFO - [2024-08-28 13:47:16,507] {dagbag.py:507} INFO - Filling up the DagBag from /home/kai/Documents/PROJETOS/twitter_extractor_airflow/venv/lib/python3.8/site-packages/airflow/example_dags/plugins/workday.py
[2024-08-28 13:47:16,508] {processor.py:653} WARNING - No viable dags retrieved from /home/kai/Documents/PROJETOS/twitter_extractor_airflow/venv/lib/python3.8/site-packages/airflow/example_dags/plugins/workday.py
[2024-08-28 13:47:16,521] {processor.py:161} INFO - Processing /home/kai/Documents/PROJETOS/twitter_extractor_airflow/venv/lib/python3.8/site-packages/airflow/example_dags/plugins/workday.py took 0.017 seconds
[2024-08-28 13:47:51,073] {processor.py:153} INFO - Started process (PID=30038) to work on /home/kai/Documents/PROJETOS/twitter_extractor_airflow/venv/lib/python3.8/site-packages/airflow/example_dags/plugins/workday.py
[2024-08-28 13:47:51,074] {processor.py:641} INFO - Processing file /home/kai/Documents/PROJETOS/twitter_extractor_airflow/venv/lib/python3.8/site-packages/airflow/example_dags/plugins/workday.py for tasks to queue
[2024-08-28 13:47:51,074] {logging_mixin.py:115} INFO - [2024-08-28 13:47:51,074] {dagbag.py:507} INFO - Filling up the DagBag from /home/kai/Documents/PROJETOS/twitter_extractor_airflow/venv/lib/python3.8/site-packages/airflow/example_dags/plugins/workday.py
[2024-08-28 13:47:51,076] {processor.py:653} WARNING - No viable dags retrieved from /home/kai/Documents/PROJETOS/twitter_extractor_airflow/venv/lib/python3.8/site-packages/airflow/example_dags/plugins/workday.py
[2024-08-28 13:47:51,084] {processor.py:161} INFO - Processing /home/kai/Documents/PROJETOS/twitter_extractor_airflow/venv/lib/python3.8/site-packages/airflow/example_dags/plugins/workday.py took 0.014 seconds
[2024-08-28 13:48:22,553] {processor.py:153} INFO - Started process (PID=30262) to work on /home/kai/Documents/PROJETOS/twitter_extractor_airflow/venv/lib/python3.8/site-packages/airflow/example_dags/plugins/workday.py
[2024-08-28 13:48:22,554] {processor.py:641} INFO - Processing file /home/kai/Documents/PROJETOS/twitter_extractor_airflow/venv/lib/python3.8/site-packages/airflow/example_dags/plugins/workday.py for tasks to queue
[2024-08-28 13:48:22,555] {logging_mixin.py:115} INFO - [2024-08-28 13:48:22,555] {dagbag.py:507} INFO - Filling up the DagBag from /home/kai/Documents/PROJETOS/twitter_extractor_airflow/venv/lib/python3.8/site-packages/airflow/example_dags/plugins/workday.py
[2024-08-28 13:48:22,556] {processor.py:653} WARNING - No viable dags retrieved from /home/kai/Documents/PROJETOS/twitter_extractor_airflow/venv/lib/python3.8/site-packages/airflow/example_dags/plugins/workday.py
[2024-08-28 13:48:22,565] {processor.py:161} INFO - Processing /home/kai/Documents/PROJETOS/twitter_extractor_airflow/venv/lib/python3.8/site-packages/airflow/example_dags/plugins/workday.py took 0.014 seconds
[2024-08-28 13:48:53,756] {processor.py:153} INFO - Started process (PID=30465) to work on /home/kai/Documents/PROJETOS/twitter_extractor_airflow/venv/lib/python3.8/site-packages/airflow/example_dags/plugins/workday.py
[2024-08-28 13:48:53,756] {processor.py:641} INFO - Processing file /home/kai/Documents/PROJETOS/twitter_extractor_airflow/venv/lib/python3.8/site-packages/airflow/example_dags/plugins/workday.py for tasks to queue
[2024-08-28 13:48:53,757] {logging_mixin.py:115} INFO - [2024-08-28 13:48:53,757] {dagbag.py:507} INFO - Filling up the DagBag from /home/kai/Documents/PROJETOS/twitter_extractor_airflow/venv/lib/python3.8/site-packages/airflow/example_dags/plugins/workday.py
[2024-08-28 13:48:53,758] {processor.py:653} WARNING - No viable dags retrieved from /home/kai/Documents/PROJETOS/twitter_extractor_airflow/venv/lib/python3.8/site-packages/airflow/example_dags/plugins/workday.py
[2024-08-28 13:48:53,767] {processor.py:161} INFO - Processing /home/kai/Documents/PROJETOS/twitter_extractor_airflow/venv/lib/python3.8/site-packages/airflow/example_dags/plugins/workday.py took 0.014 seconds
[2024-08-28 13:49:27,885] {processor.py:153} INFO - Started process (PID=30662) to work on /home/kai/Documents/PROJETOS/twitter_extractor_airflow/venv/lib/python3.8/site-packages/airflow/example_dags/plugins/workday.py
[2024-08-28 13:49:27,886] {processor.py:641} INFO - Processing file /home/kai/Documents/PROJETOS/twitter_extractor_airflow/venv/lib/python3.8/site-packages/airflow/example_dags/plugins/workday.py for tasks to queue
[2024-08-28 13:49:27,886] {logging_mixin.py:115} INFO - [2024-08-28 13:49:27,886] {dagbag.py:507} INFO - Filling up the DagBag from /home/kai/Documents/PROJETOS/twitter_extractor_airflow/venv/lib/python3.8/site-packages/airflow/example_dags/plugins/workday.py
[2024-08-28 13:49:27,888] {processor.py:653} WARNING - No viable dags retrieved from /home/kai/Documents/PROJETOS/twitter_extractor_airflow/venv/lib/python3.8/site-packages/airflow/example_dags/plugins/workday.py
[2024-08-28 13:49:27,901] {processor.py:161} INFO - Processing /home/kai/Documents/PROJETOS/twitter_extractor_airflow/venv/lib/python3.8/site-packages/airflow/example_dags/plugins/workday.py took 0.018 seconds
[2024-08-28 13:49:59,972] {processor.py:153} INFO - Started process (PID=30890) to work on /home/kai/Documents/PROJETOS/twitter_extractor_airflow/venv/lib/python3.8/site-packages/airflow/example_dags/plugins/workday.py
[2024-08-28 13:49:59,973] {processor.py:641} INFO - Processing file /home/kai/Documents/PROJETOS/twitter_extractor_airflow/venv/lib/python3.8/site-packages/airflow/example_dags/plugins/workday.py for tasks to queue
[2024-08-28 13:49:59,974] {logging_mixin.py:115} INFO - [2024-08-28 13:49:59,973] {dagbag.py:507} INFO - Filling up the DagBag from /home/kai/Documents/PROJETOS/twitter_extractor_airflow/venv/lib/python3.8/site-packages/airflow/example_dags/plugins/workday.py
[2024-08-28 13:49:59,975] {processor.py:653} WARNING - No viable dags retrieved from /home/kai/Documents/PROJETOS/twitter_extractor_airflow/venv/lib/python3.8/site-packages/airflow/example_dags/plugins/workday.py
[2024-08-28 13:49:59,986] {processor.py:161} INFO - Processing /home/kai/Documents/PROJETOS/twitter_extractor_airflow/venv/lib/python3.8/site-packages/airflow/example_dags/plugins/workday.py took 0.016 seconds
[2024-08-28 13:50:32,546] {processor.py:153} INFO - Started process (PID=31109) to work on /home/kai/Documents/PROJETOS/twitter_extractor_airflow/venv/lib/python3.8/site-packages/airflow/example_dags/plugins/workday.py
[2024-08-28 13:50:32,549] {processor.py:641} INFO - Processing file /home/kai/Documents/PROJETOS/twitter_extractor_airflow/venv/lib/python3.8/site-packages/airflow/example_dags/plugins/workday.py for tasks to queue
[2024-08-28 13:50:32,550] {logging_mixin.py:115} INFO - [2024-08-28 13:50:32,550] {dagbag.py:507} INFO - Filling up the DagBag from /home/kai/Documents/PROJETOS/twitter_extractor_airflow/venv/lib/python3.8/site-packages/airflow/example_dags/plugins/workday.py
[2024-08-28 13:50:32,552] {processor.py:653} WARNING - No viable dags retrieved from /home/kai/Documents/PROJETOS/twitter_extractor_airflow/venv/lib/python3.8/site-packages/airflow/example_dags/plugins/workday.py
[2024-08-28 13:50:32,561] {processor.py:161} INFO - Processing /home/kai/Documents/PROJETOS/twitter_extractor_airflow/venv/lib/python3.8/site-packages/airflow/example_dags/plugins/workday.py took 0.018 seconds
[2024-08-28 13:51:03,481] {processor.py:153} INFO - Started process (PID=31296) to work on /home/kai/Documents/PROJETOS/twitter_extractor_airflow/venv/lib/python3.8/site-packages/airflow/example_dags/plugins/workday.py
[2024-08-28 13:51:03,482] {processor.py:641} INFO - Processing file /home/kai/Documents/PROJETOS/twitter_extractor_airflow/venv/lib/python3.8/site-packages/airflow/example_dags/plugins/workday.py for tasks to queue
[2024-08-28 13:51:03,482] {logging_mixin.py:115} INFO - [2024-08-28 13:51:03,482] {dagbag.py:507} INFO - Filling up the DagBag from /home/kai/Documents/PROJETOS/twitter_extractor_airflow/venv/lib/python3.8/site-packages/airflow/example_dags/plugins/workday.py
[2024-08-28 13:51:03,484] {processor.py:653} WARNING - No viable dags retrieved from /home/kai/Documents/PROJETOS/twitter_extractor_airflow/venv/lib/python3.8/site-packages/airflow/example_dags/plugins/workday.py
[2024-08-28 13:51:03,494] {processor.py:161} INFO - Processing /home/kai/Documents/PROJETOS/twitter_extractor_airflow/venv/lib/python3.8/site-packages/airflow/example_dags/plugins/workday.py took 0.015 seconds
[2024-08-28 13:51:35,079] {processor.py:153} INFO - Started process (PID=31490) to work on /home/kai/Documents/PROJETOS/twitter_extractor_airflow/venv/lib/python3.8/site-packages/airflow/example_dags/plugins/workday.py
[2024-08-28 13:51:35,080] {processor.py:641} INFO - Processing file /home/kai/Documents/PROJETOS/twitter_extractor_airflow/venv/lib/python3.8/site-packages/airflow/example_dags/plugins/workday.py for tasks to queue
[2024-08-28 13:51:35,080] {logging_mixin.py:115} INFO - [2024-08-28 13:51:35,080] {dagbag.py:507} INFO - Filling up the DagBag from /home/kai/Documents/PROJETOS/twitter_extractor_airflow/venv/lib/python3.8/site-packages/airflow/example_dags/plugins/workday.py
[2024-08-28 13:51:35,082] {processor.py:653} WARNING - No viable dags retrieved from /home/kai/Documents/PROJETOS/twitter_extractor_airflow/venv/lib/python3.8/site-packages/airflow/example_dags/plugins/workday.py
[2024-08-28 13:51:35,091] {processor.py:161} INFO - Processing /home/kai/Documents/PROJETOS/twitter_extractor_airflow/venv/lib/python3.8/site-packages/airflow/example_dags/plugins/workday.py took 0.015 seconds
[2024-08-28 13:52:07,272] {processor.py:153} INFO - Started process (PID=31901) to work on /home/kai/Documents/PROJETOS/twitter_extractor_airflow/venv/lib/python3.8/site-packages/airflow/example_dags/plugins/workday.py
[2024-08-28 13:52:07,273] {processor.py:641} INFO - Processing file /home/kai/Documents/PROJETOS/twitter_extractor_airflow/venv/lib/python3.8/site-packages/airflow/example_dags/plugins/workday.py for tasks to queue
[2024-08-28 13:52:07,273] {logging_mixin.py:115} INFO - [2024-08-28 13:52:07,273] {dagbag.py:507} INFO - Filling up the DagBag from /home/kai/Documents/PROJETOS/twitter_extractor_airflow/venv/lib/python3.8/site-packages/airflow/example_dags/plugins/workday.py
[2024-08-28 13:52:07,276] {processor.py:653} WARNING - No viable dags retrieved from /home/kai/Documents/PROJETOS/twitter_extractor_airflow/venv/lib/python3.8/site-packages/airflow/example_dags/plugins/workday.py
[2024-08-28 13:52:07,297] {processor.py:161} INFO - Processing /home/kai/Documents/PROJETOS/twitter_extractor_airflow/venv/lib/python3.8/site-packages/airflow/example_dags/plugins/workday.py took 0.027 seconds
[2024-08-28 13:52:40,279] {processor.py:153} INFO - Started process (PID=32401) to work on /home/kai/Documents/PROJETOS/twitter_extractor_airflow/venv/lib/python3.8/site-packages/airflow/example_dags/plugins/workday.py
[2024-08-28 13:52:40,280] {processor.py:641} INFO - Processing file /home/kai/Documents/PROJETOS/twitter_extractor_airflow/venv/lib/python3.8/site-packages/airflow/example_dags/plugins/workday.py for tasks to queue
[2024-08-28 13:52:40,280] {logging_mixin.py:115} INFO - [2024-08-28 13:52:40,280] {dagbag.py:507} INFO - Filling up the DagBag from /home/kai/Documents/PROJETOS/twitter_extractor_airflow/venv/lib/python3.8/site-packages/airflow/example_dags/plugins/workday.py
[2024-08-28 13:52:40,282] {processor.py:653} WARNING - No viable dags retrieved from /home/kai/Documents/PROJETOS/twitter_extractor_airflow/venv/lib/python3.8/site-packages/airflow/example_dags/plugins/workday.py
[2024-08-28 13:52:40,302] {processor.py:161} INFO - Processing /home/kai/Documents/PROJETOS/twitter_extractor_airflow/venv/lib/python3.8/site-packages/airflow/example_dags/plugins/workday.py took 0.027 seconds
[2024-08-28 13:53:12,482] {processor.py:153} INFO - Started process (PID=32850) to work on /home/kai/Documents/PROJETOS/twitter_extractor_airflow/venv/lib/python3.8/site-packages/airflow/example_dags/plugins/workday.py
[2024-08-28 13:53:12,483] {processor.py:641} INFO - Processing file /home/kai/Documents/PROJETOS/twitter_extractor_airflow/venv/lib/python3.8/site-packages/airflow/example_dags/plugins/workday.py for tasks to queue
[2024-08-28 13:53:12,484] {logging_mixin.py:115} INFO - [2024-08-28 13:53:12,484] {dagbag.py:507} INFO - Filling up the DagBag from /home/kai/Documents/PROJETOS/twitter_extractor_airflow/venv/lib/python3.8/site-packages/airflow/example_dags/plugins/workday.py
[2024-08-28 13:53:12,486] {processor.py:653} WARNING - No viable dags retrieved from /home/kai/Documents/PROJETOS/twitter_extractor_airflow/venv/lib/python3.8/site-packages/airflow/example_dags/plugins/workday.py
[2024-08-28 13:53:12,500] {processor.py:161} INFO - Processing /home/kai/Documents/PROJETOS/twitter_extractor_airflow/venv/lib/python3.8/site-packages/airflow/example_dags/plugins/workday.py took 0.023 seconds
[2024-08-28 13:53:46,849] {processor.py:153} INFO - Started process (PID=33053) to work on /home/kai/Documents/PROJETOS/twitter_extractor_airflow/venv/lib/python3.8/site-packages/airflow/example_dags/plugins/workday.py
[2024-08-28 13:53:46,849] {processor.py:641} INFO - Processing file /home/kai/Documents/PROJETOS/twitter_extractor_airflow/venv/lib/python3.8/site-packages/airflow/example_dags/plugins/workday.py for tasks to queue
[2024-08-28 13:53:46,850] {logging_mixin.py:115} INFO - [2024-08-28 13:53:46,850] {dagbag.py:507} INFO - Filling up the DagBag from /home/kai/Documents/PROJETOS/twitter_extractor_airflow/venv/lib/python3.8/site-packages/airflow/example_dags/plugins/workday.py
[2024-08-28 13:53:46,852] {processor.py:653} WARNING - No viable dags retrieved from /home/kai/Documents/PROJETOS/twitter_extractor_airflow/venv/lib/python3.8/site-packages/airflow/example_dags/plugins/workday.py
[2024-08-28 13:53:46,864] {processor.py:161} INFO - Processing /home/kai/Documents/PROJETOS/twitter_extractor_airflow/venv/lib/python3.8/site-packages/airflow/example_dags/plugins/workday.py took 0.019 seconds
[2024-08-28 13:54:18,294] {processor.py:153} INFO - Started process (PID=33226) to work on /home/kai/Documents/PROJETOS/twitter_extractor_airflow/venv/lib/python3.8/site-packages/airflow/example_dags/plugins/workday.py
[2024-08-28 13:54:18,295] {processor.py:641} INFO - Processing file /home/kai/Documents/PROJETOS/twitter_extractor_airflow/venv/lib/python3.8/site-packages/airflow/example_dags/plugins/workday.py for tasks to queue
[2024-08-28 13:54:18,295] {logging_mixin.py:115} INFO - [2024-08-28 13:54:18,295] {dagbag.py:507} INFO - Filling up the DagBag from /home/kai/Documents/PROJETOS/twitter_extractor_airflow/venv/lib/python3.8/site-packages/airflow/example_dags/plugins/workday.py
[2024-08-28 13:54:18,299] {processor.py:653} WARNING - No viable dags retrieved from /home/kai/Documents/PROJETOS/twitter_extractor_airflow/venv/lib/python3.8/site-packages/airflow/example_dags/plugins/workday.py
[2024-08-28 13:54:18,310] {processor.py:161} INFO - Processing /home/kai/Documents/PROJETOS/twitter_extractor_airflow/venv/lib/python3.8/site-packages/airflow/example_dags/plugins/workday.py took 0.019 seconds
[2024-08-28 13:54:52,625] {processor.py:153} INFO - Started process (PID=33651) to work on /home/kai/Documents/PROJETOS/twitter_extractor_airflow/venv/lib/python3.8/site-packages/airflow/example_dags/plugins/workday.py
[2024-08-28 13:54:52,626] {processor.py:641} INFO - Processing file /home/kai/Documents/PROJETOS/twitter_extractor_airflow/venv/lib/python3.8/site-packages/airflow/example_dags/plugins/workday.py for tasks to queue
[2024-08-28 13:54:52,626] {logging_mixin.py:115} INFO - [2024-08-28 13:54:52,626] {dagbag.py:507} INFO - Filling up the DagBag from /home/kai/Documents/PROJETOS/twitter_extractor_airflow/venv/lib/python3.8/site-packages/airflow/example_dags/plugins/workday.py
[2024-08-28 13:54:52,628] {processor.py:653} WARNING - No viable dags retrieved from /home/kai/Documents/PROJETOS/twitter_extractor_airflow/venv/lib/python3.8/site-packages/airflow/example_dags/plugins/workday.py
[2024-08-28 13:54:52,643] {processor.py:161} INFO - Processing /home/kai/Documents/PROJETOS/twitter_extractor_airflow/venv/lib/python3.8/site-packages/airflow/example_dags/plugins/workday.py took 0.023 seconds
[2024-08-28 13:55:24,330] {processor.py:153} INFO - Started process (PID=33897) to work on /home/kai/Documents/PROJETOS/twitter_extractor_airflow/venv/lib/python3.8/site-packages/airflow/example_dags/plugins/workday.py
[2024-08-28 13:55:24,331] {processor.py:641} INFO - Processing file /home/kai/Documents/PROJETOS/twitter_extractor_airflow/venv/lib/python3.8/site-packages/airflow/example_dags/plugins/workday.py for tasks to queue
[2024-08-28 13:55:24,332] {logging_mixin.py:115} INFO - [2024-08-28 13:55:24,332] {dagbag.py:507} INFO - Filling up the DagBag from /home/kai/Documents/PROJETOS/twitter_extractor_airflow/venv/lib/python3.8/site-packages/airflow/example_dags/plugins/workday.py
[2024-08-28 13:55:24,334] {processor.py:653} WARNING - No viable dags retrieved from /home/kai/Documents/PROJETOS/twitter_extractor_airflow/venv/lib/python3.8/site-packages/airflow/example_dags/plugins/workday.py
[2024-08-28 13:55:24,347] {processor.py:161} INFO - Processing /home/kai/Documents/PROJETOS/twitter_extractor_airflow/venv/lib/python3.8/site-packages/airflow/example_dags/plugins/workday.py took 0.022 seconds
[2024-08-28 13:55:55,988] {processor.py:153} INFO - Started process (PID=34090) to work on /home/kai/Documents/PROJETOS/twitter_extractor_airflow/venv/lib/python3.8/site-packages/airflow/example_dags/plugins/workday.py
[2024-08-28 13:55:55,989] {processor.py:641} INFO - Processing file /home/kai/Documents/PROJETOS/twitter_extractor_airflow/venv/lib/python3.8/site-packages/airflow/example_dags/plugins/workday.py for tasks to queue
[2024-08-28 13:55:55,990] {logging_mixin.py:115} INFO - [2024-08-28 13:55:55,990] {dagbag.py:507} INFO - Filling up the DagBag from /home/kai/Documents/PROJETOS/twitter_extractor_airflow/venv/lib/python3.8/site-packages/airflow/example_dags/plugins/workday.py
[2024-08-28 13:55:55,991] {processor.py:653} WARNING - No viable dags retrieved from /home/kai/Documents/PROJETOS/twitter_extractor_airflow/venv/lib/python3.8/site-packages/airflow/example_dags/plugins/workday.py
[2024-08-28 13:55:56,010] {processor.py:161} INFO - Processing /home/kai/Documents/PROJETOS/twitter_extractor_airflow/venv/lib/python3.8/site-packages/airflow/example_dags/plugins/workday.py took 0.024 seconds
[2024-08-28 13:56:28,703] {processor.py:153} INFO - Started process (PID=34284) to work on /home/kai/Documents/PROJETOS/twitter_extractor_airflow/venv/lib/python3.8/site-packages/airflow/example_dags/plugins/workday.py
[2024-08-28 13:56:28,704] {processor.py:641} INFO - Processing file /home/kai/Documents/PROJETOS/twitter_extractor_airflow/venv/lib/python3.8/site-packages/airflow/example_dags/plugins/workday.py for tasks to queue
[2024-08-28 13:56:28,705] {logging_mixin.py:115} INFO - [2024-08-28 13:56:28,705] {dagbag.py:507} INFO - Filling up the DagBag from /home/kai/Documents/PROJETOS/twitter_extractor_airflow/venv/lib/python3.8/site-packages/airflow/example_dags/plugins/workday.py
[2024-08-28 13:56:28,707] {processor.py:653} WARNING - No viable dags retrieved from /home/kai/Documents/PROJETOS/twitter_extractor_airflow/venv/lib/python3.8/site-packages/airflow/example_dags/plugins/workday.py
[2024-08-28 13:56:28,721] {processor.py:161} INFO - Processing /home/kai/Documents/PROJETOS/twitter_extractor_airflow/venv/lib/python3.8/site-packages/airflow/example_dags/plugins/workday.py took 0.020 seconds
[2024-08-28 13:57:00,319] {processor.py:153} INFO - Started process (PID=34695) to work on /home/kai/Documents/PROJETOS/twitter_extractor_airflow/venv/lib/python3.8/site-packages/airflow/example_dags/plugins/workday.py
[2024-08-28 13:57:00,320] {processor.py:641} INFO - Processing file /home/kai/Documents/PROJETOS/twitter_extractor_airflow/venv/lib/python3.8/site-packages/airflow/example_dags/plugins/workday.py for tasks to queue
[2024-08-28 13:57:00,320] {logging_mixin.py:115} INFO - [2024-08-28 13:57:00,320] {dagbag.py:507} INFO - Filling up the DagBag from /home/kai/Documents/PROJETOS/twitter_extractor_airflow/venv/lib/python3.8/site-packages/airflow/example_dags/plugins/workday.py
[2024-08-28 13:57:00,322] {processor.py:653} WARNING - No viable dags retrieved from /home/kai/Documents/PROJETOS/twitter_extractor_airflow/venv/lib/python3.8/site-packages/airflow/example_dags/plugins/workday.py
[2024-08-28 13:57:00,334] {processor.py:161} INFO - Processing /home/kai/Documents/PROJETOS/twitter_extractor_airflow/venv/lib/python3.8/site-packages/airflow/example_dags/plugins/workday.py took 0.017 seconds
[2024-08-28 13:57:32,111] {processor.py:153} INFO - Started process (PID=35052) to work on /home/kai/Documents/PROJETOS/twitter_extractor_airflow/venv/lib/python3.8/site-packages/airflow/example_dags/plugins/workday.py
[2024-08-28 13:57:32,111] {processor.py:641} INFO - Processing file /home/kai/Documents/PROJETOS/twitter_extractor_airflow/venv/lib/python3.8/site-packages/airflow/example_dags/plugins/workday.py for tasks to queue
[2024-08-28 13:57:32,112] {logging_mixin.py:115} INFO - [2024-08-28 13:57:32,112] {dagbag.py:507} INFO - Filling up the DagBag from /home/kai/Documents/PROJETOS/twitter_extractor_airflow/venv/lib/python3.8/site-packages/airflow/example_dags/plugins/workday.py
[2024-08-28 13:57:32,113] {processor.py:653} WARNING - No viable dags retrieved from /home/kai/Documents/PROJETOS/twitter_extractor_airflow/venv/lib/python3.8/site-packages/airflow/example_dags/plugins/workday.py
[2024-08-28 13:57:32,122] {processor.py:161} INFO - Processing /home/kai/Documents/PROJETOS/twitter_extractor_airflow/venv/lib/python3.8/site-packages/airflow/example_dags/plugins/workday.py took 0.013 seconds
[2024-08-28 13:58:04,147] {processor.py:153} INFO - Started process (PID=35295) to work on /home/kai/Documents/PROJETOS/twitter_extractor_airflow/venv/lib/python3.8/site-packages/airflow/example_dags/plugins/workday.py
[2024-08-28 13:58:04,148] {processor.py:641} INFO - Processing file /home/kai/Documents/PROJETOS/twitter_extractor_airflow/venv/lib/python3.8/site-packages/airflow/example_dags/plugins/workday.py for tasks to queue
[2024-08-28 13:58:04,148] {logging_mixin.py:115} INFO - [2024-08-28 13:58:04,148] {dagbag.py:507} INFO - Filling up the DagBag from /home/kai/Documents/PROJETOS/twitter_extractor_airflow/venv/lib/python3.8/site-packages/airflow/example_dags/plugins/workday.py
[2024-08-28 13:58:04,150] {processor.py:653} WARNING - No viable dags retrieved from /home/kai/Documents/PROJETOS/twitter_extractor_airflow/venv/lib/python3.8/site-packages/airflow/example_dags/plugins/workday.py
[2024-08-28 13:58:04,160] {processor.py:161} INFO - Processing /home/kai/Documents/PROJETOS/twitter_extractor_airflow/venv/lib/python3.8/site-packages/airflow/example_dags/plugins/workday.py took 0.015 seconds
[2024-08-28 13:58:34,993] {processor.py:153} INFO - Started process (PID=35498) to work on /home/kai/Documents/PROJETOS/twitter_extractor_airflow/venv/lib/python3.8/site-packages/airflow/example_dags/plugins/workday.py
[2024-08-28 13:58:34,994] {processor.py:641} INFO - Processing file /home/kai/Documents/PROJETOS/twitter_extractor_airflow/venv/lib/python3.8/site-packages/airflow/example_dags/plugins/workday.py for tasks to queue
[2024-08-28 13:58:34,994] {logging_mixin.py:115} INFO - [2024-08-28 13:58:34,994] {dagbag.py:507} INFO - Filling up the DagBag from /home/kai/Documents/PROJETOS/twitter_extractor_airflow/venv/lib/python3.8/site-packages/airflow/example_dags/plugins/workday.py
[2024-08-28 13:58:34,997] {processor.py:653} WARNING - No viable dags retrieved from /home/kai/Documents/PROJETOS/twitter_extractor_airflow/venv/lib/python3.8/site-packages/airflow/example_dags/plugins/workday.py
[2024-08-28 13:58:35,013] {processor.py:161} INFO - Processing /home/kai/Documents/PROJETOS/twitter_extractor_airflow/venv/lib/python3.8/site-packages/airflow/example_dags/plugins/workday.py took 0.022 seconds
[2024-08-28 13:59:07,756] {processor.py:153} INFO - Started process (PID=35879) to work on /home/kai/Documents/PROJETOS/twitter_extractor_airflow/venv/lib/python3.8/site-packages/airflow/example_dags/plugins/workday.py
[2024-08-28 13:59:07,757] {processor.py:641} INFO - Processing file /home/kai/Documents/PROJETOS/twitter_extractor_airflow/venv/lib/python3.8/site-packages/airflow/example_dags/plugins/workday.py for tasks to queue
[2024-08-28 13:59:07,757] {logging_mixin.py:115} INFO - [2024-08-28 13:59:07,757] {dagbag.py:507} INFO - Filling up the DagBag from /home/kai/Documents/PROJETOS/twitter_extractor_airflow/venv/lib/python3.8/site-packages/airflow/example_dags/plugins/workday.py
[2024-08-28 13:59:07,759] {processor.py:653} WARNING - No viable dags retrieved from /home/kai/Documents/PROJETOS/twitter_extractor_airflow/venv/lib/python3.8/site-packages/airflow/example_dags/plugins/workday.py
[2024-08-28 13:59:07,775] {processor.py:161} INFO - Processing /home/kai/Documents/PROJETOS/twitter_extractor_airflow/venv/lib/python3.8/site-packages/airflow/example_dags/plugins/workday.py took 0.022 seconds
[2024-08-28 13:59:39,931] {processor.py:153} INFO - Started process (PID=36179) to work on /home/kai/Documents/PROJETOS/twitter_extractor_airflow/venv/lib/python3.8/site-packages/airflow/example_dags/plugins/workday.py
[2024-08-28 13:59:39,932] {processor.py:641} INFO - Processing file /home/kai/Documents/PROJETOS/twitter_extractor_airflow/venv/lib/python3.8/site-packages/airflow/example_dags/plugins/workday.py for tasks to queue
[2024-08-28 13:59:39,932] {logging_mixin.py:115} INFO - [2024-08-28 13:59:39,932] {dagbag.py:507} INFO - Filling up the DagBag from /home/kai/Documents/PROJETOS/twitter_extractor_airflow/venv/lib/python3.8/site-packages/airflow/example_dags/plugins/workday.py
[2024-08-28 13:59:39,934] {processor.py:653} WARNING - No viable dags retrieved from /home/kai/Documents/PROJETOS/twitter_extractor_airflow/venv/lib/python3.8/site-packages/airflow/example_dags/plugins/workday.py
[2024-08-28 13:59:39,945] {processor.py:161} INFO - Processing /home/kai/Documents/PROJETOS/twitter_extractor_airflow/venv/lib/python3.8/site-packages/airflow/example_dags/plugins/workday.py took 0.018 seconds
[2024-08-28 14:00:10,648] {processor.py:153} INFO - Started process (PID=36461) to work on /home/kai/Documents/PROJETOS/twitter_extractor_airflow/venv/lib/python3.8/site-packages/airflow/example_dags/plugins/workday.py
[2024-08-28 14:00:10,649] {processor.py:641} INFO - Processing file /home/kai/Documents/PROJETOS/twitter_extractor_airflow/venv/lib/python3.8/site-packages/airflow/example_dags/plugins/workday.py for tasks to queue
[2024-08-28 14:00:10,649] {logging_mixin.py:115} INFO - [2024-08-28 14:00:10,649] {dagbag.py:507} INFO - Filling up the DagBag from /home/kai/Documents/PROJETOS/twitter_extractor_airflow/venv/lib/python3.8/site-packages/airflow/example_dags/plugins/workday.py
[2024-08-28 14:00:10,652] {processor.py:653} WARNING - No viable dags retrieved from /home/kai/Documents/PROJETOS/twitter_extractor_airflow/venv/lib/python3.8/site-packages/airflow/example_dags/plugins/workday.py
[2024-08-28 14:00:10,665] {processor.py:161} INFO - Processing /home/kai/Documents/PROJETOS/twitter_extractor_airflow/venv/lib/python3.8/site-packages/airflow/example_dags/plugins/workday.py took 0.019 seconds
[2024-08-28 14:00:43,366] {processor.py:153} INFO - Started process (PID=36712) to work on /home/kai/Documents/PROJETOS/twitter_extractor_airflow/venv/lib/python3.8/site-packages/airflow/example_dags/plugins/workday.py
[2024-08-28 14:00:43,367] {processor.py:641} INFO - Processing file /home/kai/Documents/PROJETOS/twitter_extractor_airflow/venv/lib/python3.8/site-packages/airflow/example_dags/plugins/workday.py for tasks to queue
[2024-08-28 14:00:43,367] {logging_mixin.py:115} INFO - [2024-08-28 14:00:43,367] {dagbag.py:507} INFO - Filling up the DagBag from /home/kai/Documents/PROJETOS/twitter_extractor_airflow/venv/lib/python3.8/site-packages/airflow/example_dags/plugins/workday.py
[2024-08-28 14:00:43,369] {processor.py:653} WARNING - No viable dags retrieved from /home/kai/Documents/PROJETOS/twitter_extractor_airflow/venv/lib/python3.8/site-packages/airflow/example_dags/plugins/workday.py
[2024-08-28 14:00:43,378] {processor.py:161} INFO - Processing /home/kai/Documents/PROJETOS/twitter_extractor_airflow/venv/lib/python3.8/site-packages/airflow/example_dags/plugins/workday.py took 0.014 seconds
[2024-08-28 14:01:15,393] {processor.py:153} INFO - Started process (PID=37054) to work on /home/kai/Documents/PROJETOS/twitter_extractor_airflow/venv/lib/python3.8/site-packages/airflow/example_dags/plugins/workday.py
[2024-08-28 14:01:15,394] {processor.py:641} INFO - Processing file /home/kai/Documents/PROJETOS/twitter_extractor_airflow/venv/lib/python3.8/site-packages/airflow/example_dags/plugins/workday.py for tasks to queue
[2024-08-28 14:01:15,395] {logging_mixin.py:115} INFO - [2024-08-28 14:01:15,395] {dagbag.py:507} INFO - Filling up the DagBag from /home/kai/Documents/PROJETOS/twitter_extractor_airflow/venv/lib/python3.8/site-packages/airflow/example_dags/plugins/workday.py
[2024-08-28 14:01:15,396] {processor.py:653} WARNING - No viable dags retrieved from /home/kai/Documents/PROJETOS/twitter_extractor_airflow/venv/lib/python3.8/site-packages/airflow/example_dags/plugins/workday.py
[2024-08-28 14:01:15,405] {processor.py:161} INFO - Processing /home/kai/Documents/PROJETOS/twitter_extractor_airflow/venv/lib/python3.8/site-packages/airflow/example_dags/plugins/workday.py took 0.015 seconds
[2024-08-28 14:01:47,522] {processor.py:153} INFO - Started process (PID=37478) to work on /home/kai/Documents/PROJETOS/twitter_extractor_airflow/venv/lib/python3.8/site-packages/airflow/example_dags/plugins/workday.py
[2024-08-28 14:01:47,522] {processor.py:641} INFO - Processing file /home/kai/Documents/PROJETOS/twitter_extractor_airflow/venv/lib/python3.8/site-packages/airflow/example_dags/plugins/workday.py for tasks to queue
[2024-08-28 14:01:47,523] {logging_mixin.py:115} INFO - [2024-08-28 14:01:47,523] {dagbag.py:507} INFO - Filling up the DagBag from /home/kai/Documents/PROJETOS/twitter_extractor_airflow/venv/lib/python3.8/site-packages/airflow/example_dags/plugins/workday.py
[2024-08-28 14:01:47,525] {processor.py:653} WARNING - No viable dags retrieved from /home/kai/Documents/PROJETOS/twitter_extractor_airflow/venv/lib/python3.8/site-packages/airflow/example_dags/plugins/workday.py
[2024-08-28 14:01:47,537] {processor.py:161} INFO - Processing /home/kai/Documents/PROJETOS/twitter_extractor_airflow/venv/lib/python3.8/site-packages/airflow/example_dags/plugins/workday.py took 0.017 seconds
[2024-08-28 14:02:19,657] {processor.py:153} INFO - Started process (PID=37803) to work on /home/kai/Documents/PROJETOS/twitter_extractor_airflow/venv/lib/python3.8/site-packages/airflow/example_dags/plugins/workday.py
[2024-08-28 14:02:19,658] {processor.py:641} INFO - Processing file /home/kai/Documents/PROJETOS/twitter_extractor_airflow/venv/lib/python3.8/site-packages/airflow/example_dags/plugins/workday.py for tasks to queue
[2024-08-28 14:02:19,658] {logging_mixin.py:115} INFO - [2024-08-28 14:02:19,658] {dagbag.py:507} INFO - Filling up the DagBag from /home/kai/Documents/PROJETOS/twitter_extractor_airflow/venv/lib/python3.8/site-packages/airflow/example_dags/plugins/workday.py
[2024-08-28 14:02:19,660] {processor.py:653} WARNING - No viable dags retrieved from /home/kai/Documents/PROJETOS/twitter_extractor_airflow/venv/lib/python3.8/site-packages/airflow/example_dags/plugins/workday.py
[2024-08-28 14:02:19,669] {processor.py:161} INFO - Processing /home/kai/Documents/PROJETOS/twitter_extractor_airflow/venv/lib/python3.8/site-packages/airflow/example_dags/plugins/workday.py took 0.014 seconds
[2024-08-28 14:02:50,189] {processor.py:153} INFO - Started process (PID=37986) to work on /home/kai/Documents/PROJETOS/twitter_extractor_airflow/venv/lib/python3.8/site-packages/airflow/example_dags/plugins/workday.py
[2024-08-28 14:02:50,190] {processor.py:641} INFO - Processing file /home/kai/Documents/PROJETOS/twitter_extractor_airflow/venv/lib/python3.8/site-packages/airflow/example_dags/plugins/workday.py for tasks to queue
[2024-08-28 14:02:50,190] {logging_mixin.py:115} INFO - [2024-08-28 14:02:50,190] {dagbag.py:507} INFO - Filling up the DagBag from /home/kai/Documents/PROJETOS/twitter_extractor_airflow/venv/lib/python3.8/site-packages/airflow/example_dags/plugins/workday.py
[2024-08-28 14:02:50,192] {processor.py:653} WARNING - No viable dags retrieved from /home/kai/Documents/PROJETOS/twitter_extractor_airflow/venv/lib/python3.8/site-packages/airflow/example_dags/plugins/workday.py
[2024-08-28 14:02:50,201] {processor.py:161} INFO - Processing /home/kai/Documents/PROJETOS/twitter_extractor_airflow/venv/lib/python3.8/site-packages/airflow/example_dags/plugins/workday.py took 0.015 seconds
[2024-08-28 14:03:22,073] {processor.py:153} INFO - Started process (PID=38189) to work on /home/kai/Documents/PROJETOS/twitter_extractor_airflow/venv/lib/python3.8/site-packages/airflow/example_dags/plugins/workday.py
[2024-08-28 14:03:22,075] {processor.py:641} INFO - Processing file /home/kai/Documents/PROJETOS/twitter_extractor_airflow/venv/lib/python3.8/site-packages/airflow/example_dags/plugins/workday.py for tasks to queue
[2024-08-28 14:03:22,075] {logging_mixin.py:115} INFO - [2024-08-28 14:03:22,075] {dagbag.py:507} INFO - Filling up the DagBag from /home/kai/Documents/PROJETOS/twitter_extractor_airflow/venv/lib/python3.8/site-packages/airflow/example_dags/plugins/workday.py
[2024-08-28 14:03:22,077] {processor.py:653} WARNING - No viable dags retrieved from /home/kai/Documents/PROJETOS/twitter_extractor_airflow/venv/lib/python3.8/site-packages/airflow/example_dags/plugins/workday.py
[2024-08-28 14:03:22,088] {processor.py:161} INFO - Processing /home/kai/Documents/PROJETOS/twitter_extractor_airflow/venv/lib/python3.8/site-packages/airflow/example_dags/plugins/workday.py took 0.017 seconds
[2024-08-28 14:03:53,528] {processor.py:153} INFO - Started process (PID=38440) to work on /home/kai/Documents/PROJETOS/twitter_extractor_airflow/venv/lib/python3.8/site-packages/airflow/example_dags/plugins/workday.py
[2024-08-28 14:03:53,528] {processor.py:641} INFO - Processing file /home/kai/Documents/PROJETOS/twitter_extractor_airflow/venv/lib/python3.8/site-packages/airflow/example_dags/plugins/workday.py for tasks to queue
[2024-08-28 14:03:53,529] {logging_mixin.py:115} INFO - [2024-08-28 14:03:53,529] {dagbag.py:507} INFO - Filling up the DagBag from /home/kai/Documents/PROJETOS/twitter_extractor_airflow/venv/lib/python3.8/site-packages/airflow/example_dags/plugins/workday.py
[2024-08-28 14:03:53,530] {processor.py:653} WARNING - No viable dags retrieved from /home/kai/Documents/PROJETOS/twitter_extractor_airflow/venv/lib/python3.8/site-packages/airflow/example_dags/plugins/workday.py
[2024-08-28 14:03:53,539] {processor.py:161} INFO - Processing /home/kai/Documents/PROJETOS/twitter_extractor_airflow/venv/lib/python3.8/site-packages/airflow/example_dags/plugins/workday.py took 0.014 seconds
[2024-08-28 14:04:23,882] {processor.py:153} INFO - Started process (PID=38636) to work on /home/kai/Documents/PROJETOS/twitter_extractor_airflow/venv/lib/python3.8/site-packages/airflow/example_dags/plugins/workday.py
[2024-08-28 14:04:23,883] {processor.py:641} INFO - Processing file /home/kai/Documents/PROJETOS/twitter_extractor_airflow/venv/lib/python3.8/site-packages/airflow/example_dags/plugins/workday.py for tasks to queue
[2024-08-28 14:04:23,883] {logging_mixin.py:115} INFO - [2024-08-28 14:04:23,883] {dagbag.py:507} INFO - Filling up the DagBag from /home/kai/Documents/PROJETOS/twitter_extractor_airflow/venv/lib/python3.8/site-packages/airflow/example_dags/plugins/workday.py
[2024-08-28 14:04:23,884] {processor.py:653} WARNING - No viable dags retrieved from /home/kai/Documents/PROJETOS/twitter_extractor_airflow/venv/lib/python3.8/site-packages/airflow/example_dags/plugins/workday.py
[2024-08-28 14:04:23,894] {processor.py:161} INFO - Processing /home/kai/Documents/PROJETOS/twitter_extractor_airflow/venv/lib/python3.8/site-packages/airflow/example_dags/plugins/workday.py took 0.014 seconds
[2024-08-28 14:04:54,317] {processor.py:153} INFO - Started process (PID=38831) to work on /home/kai/Documents/PROJETOS/twitter_extractor_airflow/venv/lib/python3.8/site-packages/airflow/example_dags/plugins/workday.py
[2024-08-28 14:04:54,318] {processor.py:641} INFO - Processing file /home/kai/Documents/PROJETOS/twitter_extractor_airflow/venv/lib/python3.8/site-packages/airflow/example_dags/plugins/workday.py for tasks to queue
[2024-08-28 14:04:54,319] {logging_mixin.py:115} INFO - [2024-08-28 14:04:54,319] {dagbag.py:507} INFO - Filling up the DagBag from /home/kai/Documents/PROJETOS/twitter_extractor_airflow/venv/lib/python3.8/site-packages/airflow/example_dags/plugins/workday.py
[2024-08-28 14:04:54,322] {processor.py:653} WARNING - No viable dags retrieved from /home/kai/Documents/PROJETOS/twitter_extractor_airflow/venv/lib/python3.8/site-packages/airflow/example_dags/plugins/workday.py
[2024-08-28 14:04:54,333] {processor.py:161} INFO - Processing /home/kai/Documents/PROJETOS/twitter_extractor_airflow/venv/lib/python3.8/site-packages/airflow/example_dags/plugins/workday.py took 0.019 seconds
[2024-08-28 14:05:25,883] {processor.py:153} INFO - Started process (PID=39013) to work on /home/kai/Documents/PROJETOS/twitter_extractor_airflow/venv/lib/python3.8/site-packages/airflow/example_dags/plugins/workday.py
[2024-08-28 14:05:25,884] {processor.py:641} INFO - Processing file /home/kai/Documents/PROJETOS/twitter_extractor_airflow/venv/lib/python3.8/site-packages/airflow/example_dags/plugins/workday.py for tasks to queue
[2024-08-28 14:05:25,884] {logging_mixin.py:115} INFO - [2024-08-28 14:05:25,884] {dagbag.py:507} INFO - Filling up the DagBag from /home/kai/Documents/PROJETOS/twitter_extractor_airflow/venv/lib/python3.8/site-packages/airflow/example_dags/plugins/workday.py
[2024-08-28 14:05:25,886] {processor.py:653} WARNING - No viable dags retrieved from /home/kai/Documents/PROJETOS/twitter_extractor_airflow/venv/lib/python3.8/site-packages/airflow/example_dags/plugins/workday.py
[2024-08-28 14:05:25,895] {processor.py:161} INFO - Processing /home/kai/Documents/PROJETOS/twitter_extractor_airflow/venv/lib/python3.8/site-packages/airflow/example_dags/plugins/workday.py took 0.015 seconds
[2024-08-28 14:05:57,368] {processor.py:153} INFO - Started process (PID=39262) to work on /home/kai/Documents/PROJETOS/twitter_extractor_airflow/venv/lib/python3.8/site-packages/airflow/example_dags/plugins/workday.py
[2024-08-28 14:05:57,368] {processor.py:641} INFO - Processing file /home/kai/Documents/PROJETOS/twitter_extractor_airflow/venv/lib/python3.8/site-packages/airflow/example_dags/plugins/workday.py for tasks to queue
[2024-08-28 14:05:57,369] {logging_mixin.py:115} INFO - [2024-08-28 14:05:57,369] {dagbag.py:507} INFO - Filling up the DagBag from /home/kai/Documents/PROJETOS/twitter_extractor_airflow/venv/lib/python3.8/site-packages/airflow/example_dags/plugins/workday.py
[2024-08-28 14:05:57,371] {processor.py:653} WARNING - No viable dags retrieved from /home/kai/Documents/PROJETOS/twitter_extractor_airflow/venv/lib/python3.8/site-packages/airflow/example_dags/plugins/workday.py
[2024-08-28 14:05:57,380] {processor.py:161} INFO - Processing /home/kai/Documents/PROJETOS/twitter_extractor_airflow/venv/lib/python3.8/site-packages/airflow/example_dags/plugins/workday.py took 0.016 seconds
[2024-08-28 14:33:31,057] {processor.py:153} INFO - Started process (PID=45053) to work on /home/kai/Documents/PROJETOS/twitter_extractor_airflow/venv/lib/python3.8/site-packages/airflow/example_dags/plugins/workday.py
[2024-08-28 14:33:31,074] {processor.py:641} INFO - Processing file /home/kai/Documents/PROJETOS/twitter_extractor_airflow/venv/lib/python3.8/site-packages/airflow/example_dags/plugins/workday.py for tasks to queue
[2024-08-28 14:33:31,075] {logging_mixin.py:115} INFO - [2024-08-28 14:33:31,075] {dagbag.py:507} INFO - Filling up the DagBag from /home/kai/Documents/PROJETOS/twitter_extractor_airflow/venv/lib/python3.8/site-packages/airflow/example_dags/plugins/workday.py
[2024-08-28 14:33:31,077] {processor.py:653} WARNING - No viable dags retrieved from /home/kai/Documents/PROJETOS/twitter_extractor_airflow/venv/lib/python3.8/site-packages/airflow/example_dags/plugins/workday.py
[2024-08-28 14:33:31,090] {processor.py:161} INFO - Processing /home/kai/Documents/PROJETOS/twitter_extractor_airflow/venv/lib/python3.8/site-packages/airflow/example_dags/plugins/workday.py took 0.062 seconds
[2024-08-28 14:34:04,065] {processor.py:153} INFO - Started process (PID=45511) to work on /home/kai/Documents/PROJETOS/twitter_extractor_airflow/venv/lib/python3.8/site-packages/airflow/example_dags/plugins/workday.py
[2024-08-28 14:34:04,068] {processor.py:641} INFO - Processing file /home/kai/Documents/PROJETOS/twitter_extractor_airflow/venv/lib/python3.8/site-packages/airflow/example_dags/plugins/workday.py for tasks to queue
[2024-08-28 14:34:04,068] {logging_mixin.py:115} INFO - [2024-08-28 14:34:04,068] {dagbag.py:507} INFO - Filling up the DagBag from /home/kai/Documents/PROJETOS/twitter_extractor_airflow/venv/lib/python3.8/site-packages/airflow/example_dags/plugins/workday.py
[2024-08-28 14:34:04,071] {processor.py:653} WARNING - No viable dags retrieved from /home/kai/Documents/PROJETOS/twitter_extractor_airflow/venv/lib/python3.8/site-packages/airflow/example_dags/plugins/workday.py
[2024-08-28 14:34:04,083] {processor.py:161} INFO - Processing /home/kai/Documents/PROJETOS/twitter_extractor_airflow/venv/lib/python3.8/site-packages/airflow/example_dags/plugins/workday.py took 0.021 seconds
[2024-08-28 14:34:35,973] {processor.py:153} INFO - Started process (PID=45755) to work on /home/kai/Documents/PROJETOS/twitter_extractor_airflow/venv/lib/python3.8/site-packages/airflow/example_dags/plugins/workday.py
[2024-08-28 14:34:35,974] {processor.py:641} INFO - Processing file /home/kai/Documents/PROJETOS/twitter_extractor_airflow/venv/lib/python3.8/site-packages/airflow/example_dags/plugins/workday.py for tasks to queue
[2024-08-28 14:34:35,974] {logging_mixin.py:115} INFO - [2024-08-28 14:34:35,974] {dagbag.py:507} INFO - Filling up the DagBag from /home/kai/Documents/PROJETOS/twitter_extractor_airflow/venv/lib/python3.8/site-packages/airflow/example_dags/plugins/workday.py
[2024-08-28 14:34:35,976] {processor.py:653} WARNING - No viable dags retrieved from /home/kai/Documents/PROJETOS/twitter_extractor_airflow/venv/lib/python3.8/site-packages/airflow/example_dags/plugins/workday.py
[2024-08-28 14:34:35,985] {processor.py:161} INFO - Processing /home/kai/Documents/PROJETOS/twitter_extractor_airflow/venv/lib/python3.8/site-packages/airflow/example_dags/plugins/workday.py took 0.014 seconds
[2024-08-28 14:35:09,171] {processor.py:153} INFO - Started process (PID=45946) to work on /home/kai/Documents/PROJETOS/twitter_extractor_airflow/venv/lib/python3.8/site-packages/airflow/example_dags/plugins/workday.py
[2024-08-28 14:35:09,172] {processor.py:641} INFO - Processing file /home/kai/Documents/PROJETOS/twitter_extractor_airflow/venv/lib/python3.8/site-packages/airflow/example_dags/plugins/workday.py for tasks to queue
[2024-08-28 14:35:09,172] {logging_mixin.py:115} INFO - [2024-08-28 14:35:09,172] {dagbag.py:507} INFO - Filling up the DagBag from /home/kai/Documents/PROJETOS/twitter_extractor_airflow/venv/lib/python3.8/site-packages/airflow/example_dags/plugins/workday.py
[2024-08-28 14:35:09,175] {processor.py:653} WARNING - No viable dags retrieved from /home/kai/Documents/PROJETOS/twitter_extractor_airflow/venv/lib/python3.8/site-packages/airflow/example_dags/plugins/workday.py
[2024-08-28 14:35:09,185] {processor.py:161} INFO - Processing /home/kai/Documents/PROJETOS/twitter_extractor_airflow/venv/lib/python3.8/site-packages/airflow/example_dags/plugins/workday.py took 0.018 seconds
[2024-08-28 14:35:43,025] {processor.py:153} INFO - Started process (PID=46146) to work on /home/kai/Documents/PROJETOS/twitter_extractor_airflow/venv/lib/python3.8/site-packages/airflow/example_dags/plugins/workday.py
[2024-08-28 14:35:43,026] {processor.py:641} INFO - Processing file /home/kai/Documents/PROJETOS/twitter_extractor_airflow/venv/lib/python3.8/site-packages/airflow/example_dags/plugins/workday.py for tasks to queue
[2024-08-28 14:35:43,026] {logging_mixin.py:115} INFO - [2024-08-28 14:35:43,026] {dagbag.py:507} INFO - Filling up the DagBag from /home/kai/Documents/PROJETOS/twitter_extractor_airflow/venv/lib/python3.8/site-packages/airflow/example_dags/plugins/workday.py
[2024-08-28 14:35:43,028] {processor.py:653} WARNING - No viable dags retrieved from /home/kai/Documents/PROJETOS/twitter_extractor_airflow/venv/lib/python3.8/site-packages/airflow/example_dags/plugins/workday.py
[2024-08-28 14:35:43,037] {processor.py:161} INFO - Processing /home/kai/Documents/PROJETOS/twitter_extractor_airflow/venv/lib/python3.8/site-packages/airflow/example_dags/plugins/workday.py took 0.014 seconds
[2024-08-28 14:36:17,100] {processor.py:153} INFO - Started process (PID=46345) to work on /home/kai/Documents/PROJETOS/twitter_extractor_airflow/venv/lib/python3.8/site-packages/airflow/example_dags/plugins/workday.py
[2024-08-28 14:36:17,100] {processor.py:641} INFO - Processing file /home/kai/Documents/PROJETOS/twitter_extractor_airflow/venv/lib/python3.8/site-packages/airflow/example_dags/plugins/workday.py for tasks to queue
[2024-08-28 14:36:17,101] {logging_mixin.py:115} INFO - [2024-08-28 14:36:17,101] {dagbag.py:507} INFO - Filling up the DagBag from /home/kai/Documents/PROJETOS/twitter_extractor_airflow/venv/lib/python3.8/site-packages/airflow/example_dags/plugins/workday.py
[2024-08-28 14:36:17,102] {processor.py:653} WARNING - No viable dags retrieved from /home/kai/Documents/PROJETOS/twitter_extractor_airflow/venv/lib/python3.8/site-packages/airflow/example_dags/plugins/workday.py
[2024-08-28 14:36:17,111] {processor.py:161} INFO - Processing /home/kai/Documents/PROJETOS/twitter_extractor_airflow/venv/lib/python3.8/site-packages/airflow/example_dags/plugins/workday.py took 0.014 seconds
[2024-08-28 14:36:49,996] {processor.py:153} INFO - Started process (PID=46549) to work on /home/kai/Documents/PROJETOS/twitter_extractor_airflow/venv/lib/python3.8/site-packages/airflow/example_dags/plugins/workday.py
[2024-08-28 14:36:49,996] {processor.py:641} INFO - Processing file /home/kai/Documents/PROJETOS/twitter_extractor_airflow/venv/lib/python3.8/site-packages/airflow/example_dags/plugins/workday.py for tasks to queue
[2024-08-28 14:36:49,997] {logging_mixin.py:115} INFO - [2024-08-28 14:36:49,997] {dagbag.py:507} INFO - Filling up the DagBag from /home/kai/Documents/PROJETOS/twitter_extractor_airflow/venv/lib/python3.8/site-packages/airflow/example_dags/plugins/workday.py
[2024-08-28 14:36:49,998] {processor.py:653} WARNING - No viable dags retrieved from /home/kai/Documents/PROJETOS/twitter_extractor_airflow/venv/lib/python3.8/site-packages/airflow/example_dags/plugins/workday.py
[2024-08-28 14:36:50,008] {processor.py:161} INFO - Processing /home/kai/Documents/PROJETOS/twitter_extractor_airflow/venv/lib/python3.8/site-packages/airflow/example_dags/plugins/workday.py took 0.015 seconds
[2024-08-28 14:37:22,900] {processor.py:153} INFO - Started process (PID=46759) to work on /home/kai/Documents/PROJETOS/twitter_extractor_airflow/venv/lib/python3.8/site-packages/airflow/example_dags/plugins/workday.py
[2024-08-28 14:37:22,901] {processor.py:641} INFO - Processing file /home/kai/Documents/PROJETOS/twitter_extractor_airflow/venv/lib/python3.8/site-packages/airflow/example_dags/plugins/workday.py for tasks to queue
[2024-08-28 14:37:22,901] {logging_mixin.py:115} INFO - [2024-08-28 14:37:22,901] {dagbag.py:507} INFO - Filling up the DagBag from /home/kai/Documents/PROJETOS/twitter_extractor_airflow/venv/lib/python3.8/site-packages/airflow/example_dags/plugins/workday.py
[2024-08-28 14:37:22,903] {processor.py:653} WARNING - No viable dags retrieved from /home/kai/Documents/PROJETOS/twitter_extractor_airflow/venv/lib/python3.8/site-packages/airflow/example_dags/plugins/workday.py
[2024-08-28 14:37:22,915] {processor.py:161} INFO - Processing /home/kai/Documents/PROJETOS/twitter_extractor_airflow/venv/lib/python3.8/site-packages/airflow/example_dags/plugins/workday.py took 0.018 seconds
[2024-08-28 14:37:54,515] {processor.py:153} INFO - Started process (PID=47135) to work on /home/kai/Documents/PROJETOS/twitter_extractor_airflow/venv/lib/python3.8/site-packages/airflow/example_dags/plugins/workday.py
[2024-08-28 14:37:54,516] {processor.py:641} INFO - Processing file /home/kai/Documents/PROJETOS/twitter_extractor_airflow/venv/lib/python3.8/site-packages/airflow/example_dags/plugins/workday.py for tasks to queue
[2024-08-28 14:37:54,516] {logging_mixin.py:115} INFO - [2024-08-28 14:37:54,516] {dagbag.py:507} INFO - Filling up the DagBag from /home/kai/Documents/PROJETOS/twitter_extractor_airflow/venv/lib/python3.8/site-packages/airflow/example_dags/plugins/workday.py
[2024-08-28 14:37:54,518] {processor.py:653} WARNING - No viable dags retrieved from /home/kai/Documents/PROJETOS/twitter_extractor_airflow/venv/lib/python3.8/site-packages/airflow/example_dags/plugins/workday.py
[2024-08-28 14:37:54,527] {processor.py:161} INFO - Processing /home/kai/Documents/PROJETOS/twitter_extractor_airflow/venv/lib/python3.8/site-packages/airflow/example_dags/plugins/workday.py took 0.015 seconds
[2024-08-28 14:38:25,964] {processor.py:153} INFO - Started process (PID=47346) to work on /home/kai/Documents/PROJETOS/twitter_extractor_airflow/venv/lib/python3.8/site-packages/airflow/example_dags/plugins/workday.py
[2024-08-28 14:38:25,965] {processor.py:641} INFO - Processing file /home/kai/Documents/PROJETOS/twitter_extractor_airflow/venv/lib/python3.8/site-packages/airflow/example_dags/plugins/workday.py for tasks to queue
[2024-08-28 14:38:25,966] {logging_mixin.py:115} INFO - [2024-08-28 14:38:25,966] {dagbag.py:507} INFO - Filling up the DagBag from /home/kai/Documents/PROJETOS/twitter_extractor_airflow/venv/lib/python3.8/site-packages/airflow/example_dags/plugins/workday.py
[2024-08-28 14:38:25,967] {processor.py:653} WARNING - No viable dags retrieved from /home/kai/Documents/PROJETOS/twitter_extractor_airflow/venv/lib/python3.8/site-packages/airflow/example_dags/plugins/workday.py
[2024-08-28 14:38:25,978] {processor.py:161} INFO - Processing /home/kai/Documents/PROJETOS/twitter_extractor_airflow/venv/lib/python3.8/site-packages/airflow/example_dags/plugins/workday.py took 0.015 seconds
[2024-08-28 14:39:00,138] {processor.py:153} INFO - Started process (PID=47726) to work on /home/kai/Documents/PROJETOS/twitter_extractor_airflow/venv/lib/python3.8/site-packages/airflow/example_dags/plugins/workday.py
[2024-08-28 14:39:00,138] {processor.py:641} INFO - Processing file /home/kai/Documents/PROJETOS/twitter_extractor_airflow/venv/lib/python3.8/site-packages/airflow/example_dags/plugins/workday.py for tasks to queue
[2024-08-28 14:39:00,139] {logging_mixin.py:115} INFO - [2024-08-28 14:39:00,139] {dagbag.py:507} INFO - Filling up the DagBag from /home/kai/Documents/PROJETOS/twitter_extractor_airflow/venv/lib/python3.8/site-packages/airflow/example_dags/plugins/workday.py
[2024-08-28 14:39:00,140] {processor.py:653} WARNING - No viable dags retrieved from /home/kai/Documents/PROJETOS/twitter_extractor_airflow/venv/lib/python3.8/site-packages/airflow/example_dags/plugins/workday.py
[2024-08-28 14:39:00,149] {processor.py:161} INFO - Processing /home/kai/Documents/PROJETOS/twitter_extractor_airflow/venv/lib/python3.8/site-packages/airflow/example_dags/plugins/workday.py took 0.015 seconds
[2024-08-28 14:39:30,837] {processor.py:153} INFO - Started process (PID=48061) to work on /home/kai/Documents/PROJETOS/twitter_extractor_airflow/venv/lib/python3.8/site-packages/airflow/example_dags/plugins/workday.py
[2024-08-28 14:39:30,837] {processor.py:641} INFO - Processing file /home/kai/Documents/PROJETOS/twitter_extractor_airflow/venv/lib/python3.8/site-packages/airflow/example_dags/plugins/workday.py for tasks to queue
[2024-08-28 14:39:30,838] {logging_mixin.py:115} INFO - [2024-08-28 14:39:30,838] {dagbag.py:507} INFO - Filling up the DagBag from /home/kai/Documents/PROJETOS/twitter_extractor_airflow/venv/lib/python3.8/site-packages/airflow/example_dags/plugins/workday.py
[2024-08-28 14:39:30,840] {processor.py:653} WARNING - No viable dags retrieved from /home/kai/Documents/PROJETOS/twitter_extractor_airflow/venv/lib/python3.8/site-packages/airflow/example_dags/plugins/workday.py
[2024-08-28 14:39:30,852] {processor.py:161} INFO - Processing /home/kai/Documents/PROJETOS/twitter_extractor_airflow/venv/lib/python3.8/site-packages/airflow/example_dags/plugins/workday.py took 0.018 seconds
[2024-08-28 14:40:04,616] {processor.py:153} INFO - Started process (PID=48299) to work on /home/kai/Documents/PROJETOS/twitter_extractor_airflow/venv/lib/python3.8/site-packages/airflow/example_dags/plugins/workday.py
[2024-08-28 14:40:04,616] {processor.py:641} INFO - Processing file /home/kai/Documents/PROJETOS/twitter_extractor_airflow/venv/lib/python3.8/site-packages/airflow/example_dags/plugins/workday.py for tasks to queue
[2024-08-28 14:40:04,617] {logging_mixin.py:115} INFO - [2024-08-28 14:40:04,617] {dagbag.py:507} INFO - Filling up the DagBag from /home/kai/Documents/PROJETOS/twitter_extractor_airflow/venv/lib/python3.8/site-packages/airflow/example_dags/plugins/workday.py
[2024-08-28 14:40:04,618] {processor.py:653} WARNING - No viable dags retrieved from /home/kai/Documents/PROJETOS/twitter_extractor_airflow/venv/lib/python3.8/site-packages/airflow/example_dags/plugins/workday.py
[2024-08-28 14:40:04,627] {processor.py:161} INFO - Processing /home/kai/Documents/PROJETOS/twitter_extractor_airflow/venv/lib/python3.8/site-packages/airflow/example_dags/plugins/workday.py took 0.014 seconds
[2024-08-28 14:40:36,579] {processor.py:153} INFO - Started process (PID=48484) to work on /home/kai/Documents/PROJETOS/twitter_extractor_airflow/venv/lib/python3.8/site-packages/airflow/example_dags/plugins/workday.py
[2024-08-28 14:40:36,579] {processor.py:641} INFO - Processing file /home/kai/Documents/PROJETOS/twitter_extractor_airflow/venv/lib/python3.8/site-packages/airflow/example_dags/plugins/workday.py for tasks to queue
[2024-08-28 14:40:36,580] {logging_mixin.py:115} INFO - [2024-08-28 14:40:36,580] {dagbag.py:507} INFO - Filling up the DagBag from /home/kai/Documents/PROJETOS/twitter_extractor_airflow/venv/lib/python3.8/site-packages/airflow/example_dags/plugins/workday.py
[2024-08-28 14:40:36,581] {processor.py:653} WARNING - No viable dags retrieved from /home/kai/Documents/PROJETOS/twitter_extractor_airflow/venv/lib/python3.8/site-packages/airflow/example_dags/plugins/workday.py
[2024-08-28 14:40:36,590] {processor.py:161} INFO - Processing /home/kai/Documents/PROJETOS/twitter_extractor_airflow/venv/lib/python3.8/site-packages/airflow/example_dags/plugins/workday.py took 0.013 seconds
[2024-08-28 14:41:09,478] {processor.py:153} INFO - Started process (PID=48765) to work on /home/kai/Documents/PROJETOS/twitter_extractor_airflow/venv/lib/python3.8/site-packages/airflow/example_dags/plugins/workday.py
[2024-08-28 14:41:09,479] {processor.py:641} INFO - Processing file /home/kai/Documents/PROJETOS/twitter_extractor_airflow/venv/lib/python3.8/site-packages/airflow/example_dags/plugins/workday.py for tasks to queue
[2024-08-28 14:41:09,480] {logging_mixin.py:115} INFO - [2024-08-28 14:41:09,480] {dagbag.py:507} INFO - Filling up the DagBag from /home/kai/Documents/PROJETOS/twitter_extractor_airflow/venv/lib/python3.8/site-packages/airflow/example_dags/plugins/workday.py
[2024-08-28 14:41:09,482] {processor.py:653} WARNING - No viable dags retrieved from /home/kai/Documents/PROJETOS/twitter_extractor_airflow/venv/lib/python3.8/site-packages/airflow/example_dags/plugins/workday.py
[2024-08-28 14:41:09,491] {processor.py:161} INFO - Processing /home/kai/Documents/PROJETOS/twitter_extractor_airflow/venv/lib/python3.8/site-packages/airflow/example_dags/plugins/workday.py took 0.016 seconds
[2024-08-28 14:41:43,623] {processor.py:153} INFO - Started process (PID=49023) to work on /home/kai/Documents/PROJETOS/twitter_extractor_airflow/venv/lib/python3.8/site-packages/airflow/example_dags/plugins/workday.py
[2024-08-28 14:41:43,624] {processor.py:641} INFO - Processing file /home/kai/Documents/PROJETOS/twitter_extractor_airflow/venv/lib/python3.8/site-packages/airflow/example_dags/plugins/workday.py for tasks to queue
[2024-08-28 14:41:43,624] {logging_mixin.py:115} INFO - [2024-08-28 14:41:43,624] {dagbag.py:507} INFO - Filling up the DagBag from /home/kai/Documents/PROJETOS/twitter_extractor_airflow/venv/lib/python3.8/site-packages/airflow/example_dags/plugins/workday.py
[2024-08-28 14:41:43,626] {processor.py:653} WARNING - No viable dags retrieved from /home/kai/Documents/PROJETOS/twitter_extractor_airflow/venv/lib/python3.8/site-packages/airflow/example_dags/plugins/workday.py
[2024-08-28 14:41:43,634] {processor.py:161} INFO - Processing /home/kai/Documents/PROJETOS/twitter_extractor_airflow/venv/lib/python3.8/site-packages/airflow/example_dags/plugins/workday.py took 0.014 seconds
[2024-08-28 14:42:17,779] {processor.py:153} INFO - Started process (PID=49228) to work on /home/kai/Documents/PROJETOS/twitter_extractor_airflow/venv/lib/python3.8/site-packages/airflow/example_dags/plugins/workday.py
[2024-08-28 14:42:17,779] {processor.py:641} INFO - Processing file /home/kai/Documents/PROJETOS/twitter_extractor_airflow/venv/lib/python3.8/site-packages/airflow/example_dags/plugins/workday.py for tasks to queue
[2024-08-28 14:42:17,780] {logging_mixin.py:115} INFO - [2024-08-28 14:42:17,780] {dagbag.py:507} INFO - Filling up the DagBag from /home/kai/Documents/PROJETOS/twitter_extractor_airflow/venv/lib/python3.8/site-packages/airflow/example_dags/plugins/workday.py
[2024-08-28 14:42:17,781] {processor.py:653} WARNING - No viable dags retrieved from /home/kai/Documents/PROJETOS/twitter_extractor_airflow/venv/lib/python3.8/site-packages/airflow/example_dags/plugins/workday.py
[2024-08-28 14:42:17,790] {processor.py:161} INFO - Processing /home/kai/Documents/PROJETOS/twitter_extractor_airflow/venv/lib/python3.8/site-packages/airflow/example_dags/plugins/workday.py took 0.014 seconds
[2024-08-28 14:42:50,664] {processor.py:153} INFO - Started process (PID=49421) to work on /home/kai/Documents/PROJETOS/twitter_extractor_airflow/venv/lib/python3.8/site-packages/airflow/example_dags/plugins/workday.py
[2024-08-28 14:42:50,665] {processor.py:641} INFO - Processing file /home/kai/Documents/PROJETOS/twitter_extractor_airflow/venv/lib/python3.8/site-packages/airflow/example_dags/plugins/workday.py for tasks to queue
[2024-08-28 14:42:50,666] {logging_mixin.py:115} INFO - [2024-08-28 14:42:50,666] {dagbag.py:507} INFO - Filling up the DagBag from /home/kai/Documents/PROJETOS/twitter_extractor_airflow/venv/lib/python3.8/site-packages/airflow/example_dags/plugins/workday.py
[2024-08-28 14:42:50,668] {processor.py:653} WARNING - No viable dags retrieved from /home/kai/Documents/PROJETOS/twitter_extractor_airflow/venv/lib/python3.8/site-packages/airflow/example_dags/plugins/workday.py
[2024-08-28 14:42:50,676] {processor.py:161} INFO - Processing /home/kai/Documents/PROJETOS/twitter_extractor_airflow/venv/lib/python3.8/site-packages/airflow/example_dags/plugins/workday.py took 0.014 seconds
[2024-08-28 14:43:23,530] {processor.py:153} INFO - Started process (PID=49625) to work on /home/kai/Documents/PROJETOS/twitter_extractor_airflow/venv/lib/python3.8/site-packages/airflow/example_dags/plugins/workday.py
[2024-08-28 14:43:23,531] {processor.py:641} INFO - Processing file /home/kai/Documents/PROJETOS/twitter_extractor_airflow/venv/lib/python3.8/site-packages/airflow/example_dags/plugins/workday.py for tasks to queue
[2024-08-28 14:43:23,532] {logging_mixin.py:115} INFO - [2024-08-28 14:43:23,531] {dagbag.py:507} INFO - Filling up the DagBag from /home/kai/Documents/PROJETOS/twitter_extractor_airflow/venv/lib/python3.8/site-packages/airflow/example_dags/plugins/workday.py
[2024-08-28 14:43:23,533] {processor.py:653} WARNING - No viable dags retrieved from /home/kai/Documents/PROJETOS/twitter_extractor_airflow/venv/lib/python3.8/site-packages/airflow/example_dags/plugins/workday.py
[2024-08-28 14:43:23,543] {processor.py:161} INFO - Processing /home/kai/Documents/PROJETOS/twitter_extractor_airflow/venv/lib/python3.8/site-packages/airflow/example_dags/plugins/workday.py took 0.015 seconds
[2024-08-28 14:43:56,469] {processor.py:153} INFO - Started process (PID=49829) to work on /home/kai/Documents/PROJETOS/twitter_extractor_airflow/venv/lib/python3.8/site-packages/airflow/example_dags/plugins/workday.py
[2024-08-28 14:43:56,469] {processor.py:641} INFO - Processing file /home/kai/Documents/PROJETOS/twitter_extractor_airflow/venv/lib/python3.8/site-packages/airflow/example_dags/plugins/workday.py for tasks to queue
[2024-08-28 14:43:56,470] {logging_mixin.py:115} INFO - [2024-08-28 14:43:56,469] {dagbag.py:507} INFO - Filling up the DagBag from /home/kai/Documents/PROJETOS/twitter_extractor_airflow/venv/lib/python3.8/site-packages/airflow/example_dags/plugins/workday.py
[2024-08-28 14:43:56,471] {processor.py:653} WARNING - No viable dags retrieved from /home/kai/Documents/PROJETOS/twitter_extractor_airflow/venv/lib/python3.8/site-packages/airflow/example_dags/plugins/workday.py
[2024-08-28 14:43:56,479] {processor.py:161} INFO - Processing /home/kai/Documents/PROJETOS/twitter_extractor_airflow/venv/lib/python3.8/site-packages/airflow/example_dags/plugins/workday.py took 0.013 seconds
[2024-08-28 14:44:45,420] {processor.py:153} INFO - Started process (PID=50216) to work on /home/kai/Documents/PROJETOS/twitter_extractor_airflow/venv/lib/python3.8/site-packages/airflow/example_dags/plugins/workday.py
[2024-08-28 14:44:45,420] {processor.py:641} INFO - Processing file /home/kai/Documents/PROJETOS/twitter_extractor_airflow/venv/lib/python3.8/site-packages/airflow/example_dags/plugins/workday.py for tasks to queue
[2024-08-28 14:44:45,421] {logging_mixin.py:115} INFO - [2024-08-28 14:44:45,421] {dagbag.py:507} INFO - Filling up the DagBag from /home/kai/Documents/PROJETOS/twitter_extractor_airflow/venv/lib/python3.8/site-packages/airflow/example_dags/plugins/workday.py
[2024-08-28 14:44:45,422] {processor.py:653} WARNING - No viable dags retrieved from /home/kai/Documents/PROJETOS/twitter_extractor_airflow/venv/lib/python3.8/site-packages/airflow/example_dags/plugins/workday.py
[2024-08-28 14:44:45,432] {processor.py:161} INFO - Processing /home/kai/Documents/PROJETOS/twitter_extractor_airflow/venv/lib/python3.8/site-packages/airflow/example_dags/plugins/workday.py took 0.015 seconds
[2024-08-28 16:57:52,465] {processor.py:153} INFO - Started process (PID=9920) to work on /home/kai/Documents/PROJETOS/twitter_extractor_airflow/venv/lib/python3.9/site-packages/airflow/example_dags/plugins/workday.py
[2024-08-28 16:57:52,471] {processor.py:641} INFO - Processing file /home/kai/Documents/PROJETOS/twitter_extractor_airflow/venv/lib/python3.9/site-packages/airflow/example_dags/plugins/workday.py for tasks to queue
[2024-08-28 16:57:52,472] {logging_mixin.py:115} INFO - [2024-08-28 16:57:52,472] {dagbag.py:507} INFO - Filling up the DagBag from /home/kai/Documents/PROJETOS/twitter_extractor_airflow/venv/lib/python3.9/site-packages/airflow/example_dags/plugins/workday.py
[2024-08-28 16:57:52,475] {processor.py:653} WARNING - No viable dags retrieved from /home/kai/Documents/PROJETOS/twitter_extractor_airflow/venv/lib/python3.9/site-packages/airflow/example_dags/plugins/workday.py
[2024-08-28 16:57:52,486] {processor.py:161} INFO - Processing /home/kai/Documents/PROJETOS/twitter_extractor_airflow/venv/lib/python3.9/site-packages/airflow/example_dags/plugins/workday.py took 0.025 seconds
[2024-08-28 16:58:23,765] {processor.py:153} INFO - Started process (PID=10120) to work on /home/kai/Documents/PROJETOS/twitter_extractor_airflow/venv/lib/python3.9/site-packages/airflow/example_dags/plugins/workday.py
[2024-08-28 16:58:23,765] {processor.py:641} INFO - Processing file /home/kai/Documents/PROJETOS/twitter_extractor_airflow/venv/lib/python3.9/site-packages/airflow/example_dags/plugins/workday.py for tasks to queue
[2024-08-28 16:58:23,766] {logging_mixin.py:115} INFO - [2024-08-28 16:58:23,766] {dagbag.py:507} INFO - Filling up the DagBag from /home/kai/Documents/PROJETOS/twitter_extractor_airflow/venv/lib/python3.9/site-packages/airflow/example_dags/plugins/workday.py
[2024-08-28 16:58:23,767] {processor.py:653} WARNING - No viable dags retrieved from /home/kai/Documents/PROJETOS/twitter_extractor_airflow/venv/lib/python3.9/site-packages/airflow/example_dags/plugins/workday.py
[2024-08-28 16:58:23,776] {processor.py:161} INFO - Processing /home/kai/Documents/PROJETOS/twitter_extractor_airflow/venv/lib/python3.9/site-packages/airflow/example_dags/plugins/workday.py took 0.014 seconds
[2024-08-28 16:58:57,919] {processor.py:153} INFO - Started process (PID=10399) to work on /home/kai/Documents/PROJETOS/twitter_extractor_airflow/venv/lib/python3.9/site-packages/airflow/example_dags/plugins/workday.py
[2024-08-28 16:58:57,920] {processor.py:641} INFO - Processing file /home/kai/Documents/PROJETOS/twitter_extractor_airflow/venv/lib/python3.9/site-packages/airflow/example_dags/plugins/workday.py for tasks to queue
[2024-08-28 16:58:57,921] {logging_mixin.py:115} INFO - [2024-08-28 16:58:57,921] {dagbag.py:507} INFO - Filling up the DagBag from /home/kai/Documents/PROJETOS/twitter_extractor_airflow/venv/lib/python3.9/site-packages/airflow/example_dags/plugins/workday.py
[2024-08-28 16:58:57,922] {processor.py:653} WARNING - No viable dags retrieved from /home/kai/Documents/PROJETOS/twitter_extractor_airflow/venv/lib/python3.9/site-packages/airflow/example_dags/plugins/workday.py
[2024-08-28 16:58:57,930] {processor.py:161} INFO - Processing /home/kai/Documents/PROJETOS/twitter_extractor_airflow/venv/lib/python3.9/site-packages/airflow/example_dags/plugins/workday.py took 0.014 seconds
[2024-08-28 16:59:31,493] {processor.py:153} INFO - Started process (PID=10840) to work on /home/kai/Documents/PROJETOS/twitter_extractor_airflow/venv/lib/python3.9/site-packages/airflow/example_dags/plugins/workday.py
[2024-08-28 16:59:31,494] {processor.py:641} INFO - Processing file /home/kai/Documents/PROJETOS/twitter_extractor_airflow/venv/lib/python3.9/site-packages/airflow/example_dags/plugins/workday.py for tasks to queue
[2024-08-28 16:59:31,494] {logging_mixin.py:115} INFO - [2024-08-28 16:59:31,494] {dagbag.py:507} INFO - Filling up the DagBag from /home/kai/Documents/PROJETOS/twitter_extractor_airflow/venv/lib/python3.9/site-packages/airflow/example_dags/plugins/workday.py
[2024-08-28 16:59:31,496] {processor.py:653} WARNING - No viable dags retrieved from /home/kai/Documents/PROJETOS/twitter_extractor_airflow/venv/lib/python3.9/site-packages/airflow/example_dags/plugins/workday.py
[2024-08-28 16:59:31,504] {processor.py:161} INFO - Processing /home/kai/Documents/PROJETOS/twitter_extractor_airflow/venv/lib/python3.9/site-packages/airflow/example_dags/plugins/workday.py took 0.013 seconds
[2024-08-28 17:00:03,442] {processor.py:153} INFO - Started process (PID=11020) to work on /home/kai/Documents/PROJETOS/twitter_extractor_airflow/venv/lib/python3.9/site-packages/airflow/example_dags/plugins/workday.py
[2024-08-28 17:00:03,442] {processor.py:641} INFO - Processing file /home/kai/Documents/PROJETOS/twitter_extractor_airflow/venv/lib/python3.9/site-packages/airflow/example_dags/plugins/workday.py for tasks to queue
[2024-08-28 17:00:03,442] {logging_mixin.py:115} INFO - [2024-08-28 17:00:03,442] {dagbag.py:507} INFO - Filling up the DagBag from /home/kai/Documents/PROJETOS/twitter_extractor_airflow/venv/lib/python3.9/site-packages/airflow/example_dags/plugins/workday.py
[2024-08-28 17:00:03,444] {processor.py:653} WARNING - No viable dags retrieved from /home/kai/Documents/PROJETOS/twitter_extractor_airflow/venv/lib/python3.9/site-packages/airflow/example_dags/plugins/workday.py
[2024-08-28 17:00:03,452] {processor.py:161} INFO - Processing /home/kai/Documents/PROJETOS/twitter_extractor_airflow/venv/lib/python3.9/site-packages/airflow/example_dags/plugins/workday.py took 0.013 seconds
[2024-08-28 17:00:39,395] {processor.py:153} INFO - Started process (PID=11294) to work on /home/kai/Documents/PROJETOS/twitter_extractor_airflow/venv/lib/python3.9/site-packages/airflow/example_dags/plugins/workday.py
[2024-08-28 17:00:39,396] {processor.py:641} INFO - Processing file /home/kai/Documents/PROJETOS/twitter_extractor_airflow/venv/lib/python3.9/site-packages/airflow/example_dags/plugins/workday.py for tasks to queue
[2024-08-28 17:00:39,396] {logging_mixin.py:115} INFO - [2024-08-28 17:00:39,396] {dagbag.py:507} INFO - Filling up the DagBag from /home/kai/Documents/PROJETOS/twitter_extractor_airflow/venv/lib/python3.9/site-packages/airflow/example_dags/plugins/workday.py
[2024-08-28 17:00:39,398] {processor.py:653} WARNING - No viable dags retrieved from /home/kai/Documents/PROJETOS/twitter_extractor_airflow/venv/lib/python3.9/site-packages/airflow/example_dags/plugins/workday.py
[2024-08-28 17:00:39,407] {processor.py:161} INFO - Processing /home/kai/Documents/PROJETOS/twitter_extractor_airflow/venv/lib/python3.9/site-packages/airflow/example_dags/plugins/workday.py took 0.014 seconds
[2024-08-28 17:01:12,634] {processor.py:153} INFO - Started process (PID=11463) to work on /home/kai/Documents/PROJETOS/twitter_extractor_airflow/venv/lib/python3.9/site-packages/airflow/example_dags/plugins/workday.py
[2024-08-28 17:01:12,635] {processor.py:641} INFO - Processing file /home/kai/Documents/PROJETOS/twitter_extractor_airflow/venv/lib/python3.9/site-packages/airflow/example_dags/plugins/workday.py for tasks to queue
[2024-08-28 17:01:12,635] {logging_mixin.py:115} INFO - [2024-08-28 17:01:12,635] {dagbag.py:507} INFO - Filling up the DagBag from /home/kai/Documents/PROJETOS/twitter_extractor_airflow/venv/lib/python3.9/site-packages/airflow/example_dags/plugins/workday.py
[2024-08-28 17:01:12,637] {processor.py:653} WARNING - No viable dags retrieved from /home/kai/Documents/PROJETOS/twitter_extractor_airflow/venv/lib/python3.9/site-packages/airflow/example_dags/plugins/workday.py
[2024-08-28 17:01:12,649] {processor.py:161} INFO - Processing /home/kai/Documents/PROJETOS/twitter_extractor_airflow/venv/lib/python3.9/site-packages/airflow/example_dags/plugins/workday.py took 0.019 seconds
[2024-08-28 17:01:44,515] {processor.py:153} INFO - Started process (PID=11530) to work on /home/kai/Documents/PROJETOS/twitter_extractor_airflow/venv/lib/python3.9/site-packages/airflow/example_dags/plugins/workday.py
[2024-08-28 17:01:44,515] {processor.py:641} INFO - Processing file /home/kai/Documents/PROJETOS/twitter_extractor_airflow/venv/lib/python3.9/site-packages/airflow/example_dags/plugins/workday.py for tasks to queue
[2024-08-28 17:01:44,516] {logging_mixin.py:115} INFO - [2024-08-28 17:01:44,515] {dagbag.py:507} INFO - Filling up the DagBag from /home/kai/Documents/PROJETOS/twitter_extractor_airflow/venv/lib/python3.9/site-packages/airflow/example_dags/plugins/workday.py
[2024-08-28 17:01:44,517] {processor.py:653} WARNING - No viable dags retrieved from /home/kai/Documents/PROJETOS/twitter_extractor_airflow/venv/lib/python3.9/site-packages/airflow/example_dags/plugins/workday.py
[2024-08-28 17:01:44,526] {processor.py:161} INFO - Processing /home/kai/Documents/PROJETOS/twitter_extractor_airflow/venv/lib/python3.9/site-packages/airflow/example_dags/plugins/workday.py took 0.014 seconds
[2024-08-28 17:02:17,044] {processor.py:153} INFO - Started process (PID=11855) to work on /home/kai/Documents/PROJETOS/twitter_extractor_airflow/venv/lib/python3.9/site-packages/airflow/example_dags/plugins/workday.py
[2024-08-28 17:02:17,045] {processor.py:641} INFO - Processing file /home/kai/Documents/PROJETOS/twitter_extractor_airflow/venv/lib/python3.9/site-packages/airflow/example_dags/plugins/workday.py for tasks to queue
[2024-08-28 17:02:17,045] {logging_mixin.py:115} INFO - [2024-08-28 17:02:17,045] {dagbag.py:507} INFO - Filling up the DagBag from /home/kai/Documents/PROJETOS/twitter_extractor_airflow/venv/lib/python3.9/site-packages/airflow/example_dags/plugins/workday.py
[2024-08-28 17:02:17,047] {processor.py:653} WARNING - No viable dags retrieved from /home/kai/Documents/PROJETOS/twitter_extractor_airflow/venv/lib/python3.9/site-packages/airflow/example_dags/plugins/workday.py
[2024-08-28 17:02:17,057] {processor.py:161} INFO - Processing /home/kai/Documents/PROJETOS/twitter_extractor_airflow/venv/lib/python3.9/site-packages/airflow/example_dags/plugins/workday.py took 0.015 seconds
[2024-08-28 17:02:48,723] {processor.py:153} INFO - Started process (PID=12118) to work on /home/kai/Documents/PROJETOS/twitter_extractor_airflow/venv/lib/python3.9/site-packages/airflow/example_dags/plugins/workday.py
[2024-08-28 17:02:48,723] {processor.py:641} INFO - Processing file /home/kai/Documents/PROJETOS/twitter_extractor_airflow/venv/lib/python3.9/site-packages/airflow/example_dags/plugins/workday.py for tasks to queue
[2024-08-28 17:02:48,724] {logging_mixin.py:115} INFO - [2024-08-28 17:02:48,724] {dagbag.py:507} INFO - Filling up the DagBag from /home/kai/Documents/PROJETOS/twitter_extractor_airflow/venv/lib/python3.9/site-packages/airflow/example_dags/plugins/workday.py
[2024-08-28 17:02:48,725] {processor.py:653} WARNING - No viable dags retrieved from /home/kai/Documents/PROJETOS/twitter_extractor_airflow/venv/lib/python3.9/site-packages/airflow/example_dags/plugins/workday.py
[2024-08-28 17:02:48,734] {processor.py:161} INFO - Processing /home/kai/Documents/PROJETOS/twitter_extractor_airflow/venv/lib/python3.9/site-packages/airflow/example_dags/plugins/workday.py took 0.014 seconds
[2024-08-28 17:03:24,121] {processor.py:153} INFO - Started process (PID=12356) to work on /home/kai/Documents/PROJETOS/twitter_extractor_airflow/venv/lib/python3.9/site-packages/airflow/example_dags/plugins/workday.py
[2024-08-28 17:03:24,121] {processor.py:641} INFO - Processing file /home/kai/Documents/PROJETOS/twitter_extractor_airflow/venv/lib/python3.9/site-packages/airflow/example_dags/plugins/workday.py for tasks to queue
[2024-08-28 17:03:24,122] {logging_mixin.py:115} INFO - [2024-08-28 17:03:24,122] {dagbag.py:507} INFO - Filling up the DagBag from /home/kai/Documents/PROJETOS/twitter_extractor_airflow/venv/lib/python3.9/site-packages/airflow/example_dags/plugins/workday.py
[2024-08-28 17:03:24,124] {processor.py:653} WARNING - No viable dags retrieved from /home/kai/Documents/PROJETOS/twitter_extractor_airflow/venv/lib/python3.9/site-packages/airflow/example_dags/plugins/workday.py
[2024-08-28 17:03:24,134] {processor.py:161} INFO - Processing /home/kai/Documents/PROJETOS/twitter_extractor_airflow/venv/lib/python3.9/site-packages/airflow/example_dags/plugins/workday.py took 0.016 seconds
[2024-08-28 17:03:56,765] {processor.py:153} INFO - Started process (PID=12429) to work on /home/kai/Documents/PROJETOS/twitter_extractor_airflow/venv/lib/python3.9/site-packages/airflow/example_dags/plugins/workday.py
[2024-08-28 17:03:56,765] {processor.py:641} INFO - Processing file /home/kai/Documents/PROJETOS/twitter_extractor_airflow/venv/lib/python3.9/site-packages/airflow/example_dags/plugins/workday.py for tasks to queue
[2024-08-28 17:03:56,766] {logging_mixin.py:115} INFO - [2024-08-28 17:03:56,766] {dagbag.py:507} INFO - Filling up the DagBag from /home/kai/Documents/PROJETOS/twitter_extractor_airflow/venv/lib/python3.9/site-packages/airflow/example_dags/plugins/workday.py
[2024-08-28 17:03:56,768] {processor.py:653} WARNING - No viable dags retrieved from /home/kai/Documents/PROJETOS/twitter_extractor_airflow/venv/lib/python3.9/site-packages/airflow/example_dags/plugins/workday.py
[2024-08-28 17:03:56,776] {processor.py:161} INFO - Processing /home/kai/Documents/PROJETOS/twitter_extractor_airflow/venv/lib/python3.9/site-packages/airflow/example_dags/plugins/workday.py took 0.014 seconds
[2024-08-28 17:05:00,544] {processor.py:153} INFO - Started process (PID=12772) to work on /home/kai/.local/lib/python3.8/site-packages/airflow/example_dags/plugins/workday.py
[2024-08-28 17:05:00,544] {processor.py:641} INFO - Processing file /home/kai/.local/lib/python3.8/site-packages/airflow/example_dags/plugins/workday.py for tasks to queue
[2024-08-28 17:05:00,545] {logging_mixin.py:115} INFO - [2024-08-28 17:05:00,545] {dagbag.py:507} INFO - Filling up the DagBag from /home/kai/.local/lib/python3.8/site-packages/airflow/example_dags/plugins/workday.py
[2024-08-28 17:05:00,546] {processor.py:653} WARNING - No viable dags retrieved from /home/kai/.local/lib/python3.8/site-packages/airflow/example_dags/plugins/workday.py
[2024-08-28 17:05:00,555] {processor.py:161} INFO - Processing /home/kai/.local/lib/python3.8/site-packages/airflow/example_dags/plugins/workday.py took 0.013 seconds
[2024-08-28 17:05:31,363] {processor.py:153} INFO - Started process (PID=12999) to work on /home/kai/.local/lib/python3.8/site-packages/airflow/example_dags/plugins/workday.py
[2024-08-28 17:05:31,363] {processor.py:641} INFO - Processing file /home/kai/.local/lib/python3.8/site-packages/airflow/example_dags/plugins/workday.py for tasks to queue
[2024-08-28 17:05:31,364] {logging_mixin.py:115} INFO - [2024-08-28 17:05:31,364] {dagbag.py:507} INFO - Filling up the DagBag from /home/kai/.local/lib/python3.8/site-packages/airflow/example_dags/plugins/workday.py
[2024-08-28 17:05:31,365] {processor.py:653} WARNING - No viable dags retrieved from /home/kai/.local/lib/python3.8/site-packages/airflow/example_dags/plugins/workday.py
[2024-08-28 17:05:31,373] {processor.py:161} INFO - Processing /home/kai/.local/lib/python3.8/site-packages/airflow/example_dags/plugins/workday.py took 0.013 seconds
[2024-08-28 17:06:05,041] {processor.py:153} INFO - Started process (PID=13046) to work on /home/kai/.local/lib/python3.8/site-packages/airflow/example_dags/plugins/workday.py
[2024-08-28 17:06:05,041] {processor.py:641} INFO - Processing file /home/kai/.local/lib/python3.8/site-packages/airflow/example_dags/plugins/workday.py for tasks to queue
[2024-08-28 17:06:05,042] {logging_mixin.py:115} INFO - [2024-08-28 17:06:05,042] {dagbag.py:507} INFO - Filling up the DagBag from /home/kai/.local/lib/python3.8/site-packages/airflow/example_dags/plugins/workday.py
[2024-08-28 17:06:05,043] {processor.py:653} WARNING - No viable dags retrieved from /home/kai/.local/lib/python3.8/site-packages/airflow/example_dags/plugins/workday.py
[2024-08-28 17:06:05,052] {processor.py:161} INFO - Processing /home/kai/.local/lib/python3.8/site-packages/airflow/example_dags/plugins/workday.py took 0.014 seconds
[2024-08-28 17:06:38,162] {processor.py:153} INFO - Started process (PID=13188) to work on /home/kai/.local/lib/python3.8/site-packages/airflow/example_dags/plugins/workday.py
[2024-08-28 17:06:38,163] {processor.py:641} INFO - Processing file /home/kai/.local/lib/python3.8/site-packages/airflow/example_dags/plugins/workday.py for tasks to queue
[2024-08-28 17:06:38,163] {logging_mixin.py:115} INFO - [2024-08-28 17:06:38,163] {dagbag.py:507} INFO - Filling up the DagBag from /home/kai/.local/lib/python3.8/site-packages/airflow/example_dags/plugins/workday.py
[2024-08-28 17:06:38,165] {processor.py:653} WARNING - No viable dags retrieved from /home/kai/.local/lib/python3.8/site-packages/airflow/example_dags/plugins/workday.py
[2024-08-28 17:06:38,173] {processor.py:161} INFO - Processing /home/kai/.local/lib/python3.8/site-packages/airflow/example_dags/plugins/workday.py took 0.014 seconds
[2024-08-28 17:07:11,974] {processor.py:153} INFO - Started process (PID=13430) to work on /home/kai/.local/lib/python3.8/site-packages/airflow/example_dags/plugins/workday.py
[2024-08-28 17:07:11,975] {processor.py:641} INFO - Processing file /home/kai/.local/lib/python3.8/site-packages/airflow/example_dags/plugins/workday.py for tasks to queue
[2024-08-28 17:07:11,975] {logging_mixin.py:115} INFO - [2024-08-28 17:07:11,975] {dagbag.py:507} INFO - Filling up the DagBag from /home/kai/.local/lib/python3.8/site-packages/airflow/example_dags/plugins/workday.py
[2024-08-28 17:07:11,977] {processor.py:653} WARNING - No viable dags retrieved from /home/kai/.local/lib/python3.8/site-packages/airflow/example_dags/plugins/workday.py
[2024-08-28 17:07:11,986] {processor.py:161} INFO - Processing /home/kai/.local/lib/python3.8/site-packages/airflow/example_dags/plugins/workday.py took 0.015 seconds
[2024-08-28 17:07:44,100] {processor.py:153} INFO - Started process (PID=13545) to work on /home/kai/.local/lib/python3.8/site-packages/airflow/example_dags/plugins/workday.py
[2024-08-28 17:07:44,101] {processor.py:641} INFO - Processing file /home/kai/.local/lib/python3.8/site-packages/airflow/example_dags/plugins/workday.py for tasks to queue
[2024-08-28 17:07:44,102] {logging_mixin.py:115} INFO - [2024-08-28 17:07:44,102] {dagbag.py:507} INFO - Filling up the DagBag from /home/kai/.local/lib/python3.8/site-packages/airflow/example_dags/plugins/workday.py
[2024-08-28 17:07:44,104] {processor.py:653} WARNING - No viable dags retrieved from /home/kai/.local/lib/python3.8/site-packages/airflow/example_dags/plugins/workday.py
[2024-08-28 17:07:44,119] {processor.py:161} INFO - Processing /home/kai/.local/lib/python3.8/site-packages/airflow/example_dags/plugins/workday.py took 0.021 seconds
[2024-08-28 17:08:17,358] {processor.py:153} INFO - Started process (PID=13585) to work on /home/kai/.local/lib/python3.8/site-packages/airflow/example_dags/plugins/workday.py
[2024-08-28 17:08:17,358] {processor.py:641} INFO - Processing file /home/kai/.local/lib/python3.8/site-packages/airflow/example_dags/plugins/workday.py for tasks to queue
[2024-08-28 17:08:17,359] {logging_mixin.py:115} INFO - [2024-08-28 17:08:17,359] {dagbag.py:507} INFO - Filling up the DagBag from /home/kai/.local/lib/python3.8/site-packages/airflow/example_dags/plugins/workday.py
[2024-08-28 17:08:17,361] {processor.py:653} WARNING - No viable dags retrieved from /home/kai/.local/lib/python3.8/site-packages/airflow/example_dags/plugins/workday.py
[2024-08-28 17:08:17,370] {processor.py:161} INFO - Processing /home/kai/.local/lib/python3.8/site-packages/airflow/example_dags/plugins/workday.py took 0.015 seconds
[2024-08-28 17:08:51,006] {processor.py:153} INFO - Started process (PID=13629) to work on /home/kai/.local/lib/python3.8/site-packages/airflow/example_dags/plugins/workday.py
[2024-08-28 17:08:51,007] {processor.py:641} INFO - Processing file /home/kai/.local/lib/python3.8/site-packages/airflow/example_dags/plugins/workday.py for tasks to queue
[2024-08-28 17:08:51,008] {logging_mixin.py:115} INFO - [2024-08-28 17:08:51,008] {dagbag.py:507} INFO - Filling up the DagBag from /home/kai/.local/lib/python3.8/site-packages/airflow/example_dags/plugins/workday.py
[2024-08-28 17:08:51,010] {processor.py:653} WARNING - No viable dags retrieved from /home/kai/.local/lib/python3.8/site-packages/airflow/example_dags/plugins/workday.py
[2024-08-28 17:08:51,019] {processor.py:161} INFO - Processing /home/kai/.local/lib/python3.8/site-packages/airflow/example_dags/plugins/workday.py took 0.016 seconds
[2024-08-28 17:09:23,227] {processor.py:153} INFO - Started process (PID=13664) to work on /home/kai/.local/lib/python3.8/site-packages/airflow/example_dags/plugins/workday.py
[2024-08-28 17:09:23,228] {processor.py:641} INFO - Processing file /home/kai/.local/lib/python3.8/site-packages/airflow/example_dags/plugins/workday.py for tasks to queue
[2024-08-28 17:09:23,228] {logging_mixin.py:115} INFO - [2024-08-28 17:09:23,228] {dagbag.py:507} INFO - Filling up the DagBag from /home/kai/.local/lib/python3.8/site-packages/airflow/example_dags/plugins/workday.py
[2024-08-28 17:09:23,230] {processor.py:653} WARNING - No viable dags retrieved from /home/kai/.local/lib/python3.8/site-packages/airflow/example_dags/plugins/workday.py
[2024-08-28 17:09:23,241] {processor.py:161} INFO - Processing /home/kai/.local/lib/python3.8/site-packages/airflow/example_dags/plugins/workday.py took 0.017 seconds
[2024-08-28 17:09:56,882] {processor.py:153} INFO - Started process (PID=13759) to work on /home/kai/.local/lib/python3.8/site-packages/airflow/example_dags/plugins/workday.py
[2024-08-28 17:09:56,883] {processor.py:641} INFO - Processing file /home/kai/.local/lib/python3.8/site-packages/airflow/example_dags/plugins/workday.py for tasks to queue
[2024-08-28 17:09:56,883] {logging_mixin.py:115} INFO - [2024-08-28 17:09:56,883] {dagbag.py:507} INFO - Filling up the DagBag from /home/kai/.local/lib/python3.8/site-packages/airflow/example_dags/plugins/workday.py
[2024-08-28 17:09:56,885] {processor.py:653} WARNING - No viable dags retrieved from /home/kai/.local/lib/python3.8/site-packages/airflow/example_dags/plugins/workday.py
[2024-08-28 17:09:56,893] {processor.py:161} INFO - Processing /home/kai/.local/lib/python3.8/site-packages/airflow/example_dags/plugins/workday.py took 0.013 seconds
