[2024-09-03 22:41:56,151] {taskinstance.py:1159} INFO - Dependencies all met for <TaskInstance: Twitter_extractor_DAGs.SILVER_LAYER_LOAD_L scheduled__2024-08-05T00:00:00+00:00 [queued]>
[2024-09-03 22:41:56,156] {taskinstance.py:1159} INFO - Dependencies all met for <TaskInstance: Twitter_extractor_DAGs.SILVER_LAYER_LOAD_L scheduled__2024-08-05T00:00:00+00:00 [queued]>
[2024-09-03 22:41:56,157] {taskinstance.py:1356} INFO - 
--------------------------------------------------------------------------------
[2024-09-03 22:41:56,157] {taskinstance.py:1357} INFO - Starting attempt 1 of 1
[2024-09-03 22:41:56,157] {taskinstance.py:1358} INFO - 
--------------------------------------------------------------------------------
[2024-09-03 22:41:56,168] {taskinstance.py:1377} INFO - Executing <Task(SparkSubmitOperator): SILVER_LAYER_LOAD_L> on 2024-08-05 00:00:00+00:00
[2024-09-03 22:41:56,170] {standard_task_runner.py:52} INFO - Started process 438632 to run task
[2024-09-03 22:41:56,172] {standard_task_runner.py:79} INFO - Running: ['airflow', 'tasks', 'run', 'Twitter_extractor_DAGs', 'SILVER_LAYER_LOAD_L', 'scheduled__2024-08-05T00:00:00+00:00', '--job-id', '78', '--raw', '--subdir', 'DAGS_FOLDER/twitter_dag.py', '--cfg-path', '/tmp/tmpfqkl8sv8', '--error-file', '/tmp/tmpjhmlie7k']
[2024-09-03 22:41:56,173] {standard_task_runner.py:80} INFO - Job 78: Subtask SILVER_LAYER_LOAD_L
[2024-09-03 22:41:56,203] {task_command.py:370} INFO - Running <TaskInstance: Twitter_extractor_DAGs.SILVER_LAYER_LOAD_L scheduled__2024-08-05T00:00:00+00:00 [running]> on host kaiwangairflow
[2024-09-03 22:41:56,246] {taskinstance.py:1569} INFO - Exporting the following env vars:
AIRFLOW_CTX_DAG_OWNER=airflow
AIRFLOW_CTX_DAG_ID=Twitter_extractor_DAGs
AIRFLOW_CTX_TASK_ID=SILVER_LAYER_LOAD_L
AIRFLOW_CTX_EXECUTION_DATE=2024-08-05T00:00:00+00:00
AIRFLOW_CTX_TRY_NUMBER=1
AIRFLOW_CTX_DAG_RUN_ID=scheduled__2024-08-05T00:00:00+00:00
[2024-09-03 22:41:56,250] {base.py:68} INFO - Using connection ID 'spark_default' for task execution.
[2024-09-03 22:41:56,251] {spark_submit.py:344} INFO - Spark-Submit cmd: spark-submit --master local --name twitter_transformation --queue root.default src/scripts/load_silver_functions.py --src datalake/bronze/data_engineer/extract_data=2024-08-05T00:00:00.00Z --dest datalake/silver/data_engineer/ --process-data 20240805
[2024-09-03 22:41:58,618] {spark_submit.py:495} INFO - 24/09/03 22:41:58 WARN Utils: Your hostname, kaiwangairflow resolves to a loopback address: 127.0.1.1; using 192.168.2.128 instead (on interface ens33)
[2024-09-03 22:41:58,619] {spark_submit.py:495} INFO - 24/09/03 22:41:58 WARN Utils: Set SPARK_LOCAL_IP if you need to bind to another address
[2024-09-03 22:41:59,683] {spark_submit.py:495} INFO - 24/09/03 22:41:59 WARN NativeCodeLoader: Unable to load native-hadoop library for your platform... using builtin-java classes where applicable
[2024-09-03 22:42:00,942] {spark_submit.py:495} INFO - Using Spark's default log4j profile: org/apache/spark/log4j-defaults.properties
[2024-09-03 22:42:00,961] {spark_submit.py:495} INFO - 24/09/03 22:42:00 INFO SparkContext: Running Spark version 3.1.3
[2024-09-03 22:42:01,017] {spark_submit.py:495} INFO - 24/09/03 22:42:01 INFO ResourceUtils: ==============================================================
[2024-09-03 22:42:01,017] {spark_submit.py:495} INFO - 24/09/03 22:42:01 INFO ResourceUtils: No custom resources configured for spark.driver.
[2024-09-03 22:42:01,018] {spark_submit.py:495} INFO - 24/09/03 22:42:01 INFO ResourceUtils: ==============================================================
[2024-09-03 22:42:01,019] {spark_submit.py:495} INFO - 24/09/03 22:42:01 INFO SparkContext: Submitted application: twitter_transformation
[2024-09-03 22:42:01,048] {spark_submit.py:495} INFO - 24/09/03 22:42:01 INFO ResourceProfile: Default ResourceProfile created, executor resources: Map(cores -> name: cores, amount: 1, script: , vendor: , memory -> name: memory, amount: 1024, script: , vendor: , offHeap -> name: offHeap, amount: 0, script: , vendor: ), task resources: Map(cpus -> name: cpus, amount: 1.0)
[2024-09-03 22:42:01,062] {spark_submit.py:495} INFO - 24/09/03 22:42:01 INFO ResourceProfile: Limiting resource is cpu
[2024-09-03 22:42:01,064] {spark_submit.py:495} INFO - 24/09/03 22:42:01 INFO ResourceProfileManager: Added ResourceProfile id: 0
[2024-09-03 22:42:01,132] {spark_submit.py:495} INFO - 24/09/03 22:42:01 INFO SecurityManager: Changing view acls to: kai
[2024-09-03 22:42:01,132] {spark_submit.py:495} INFO - 24/09/03 22:42:01 INFO SecurityManager: Changing modify acls to: kai
[2024-09-03 22:42:01,133] {spark_submit.py:495} INFO - 24/09/03 22:42:01 INFO SecurityManager: Changing view acls groups to:
[2024-09-03 22:42:01,133] {spark_submit.py:495} INFO - 24/09/03 22:42:01 INFO SecurityManager: Changing modify acls groups to:
[2024-09-03 22:42:01,133] {spark_submit.py:495} INFO - 24/09/03 22:42:01 INFO SecurityManager: SecurityManager: authentication disabled; ui acls disabled; users  with view permissions: Set(kai); groups with view permissions: Set(); users  with modify permissions: Set(kai); groups with modify permissions: Set()
[2024-09-03 22:42:01,454] {spark_submit.py:495} INFO - 24/09/03 22:42:01 INFO Utils: Successfully started service 'sparkDriver' on port 43541.
[2024-09-03 22:42:01,525] {spark_submit.py:495} INFO - 24/09/03 22:42:01 INFO SparkEnv: Registering MapOutputTracker
[2024-09-03 22:42:01,576] {spark_submit.py:495} INFO - 24/09/03 22:42:01 INFO SparkEnv: Registering BlockManagerMaster
[2024-09-03 22:42:01,603] {spark_submit.py:495} INFO - 24/09/03 22:42:01 INFO BlockManagerMasterEndpoint: Using org.apache.spark.storage.DefaultTopologyMapper for getting topology information
[2024-09-03 22:42:01,605] {spark_submit.py:495} INFO - 24/09/03 22:42:01 INFO BlockManagerMasterEndpoint: BlockManagerMasterEndpoint up
[2024-09-03 22:42:01,610] {spark_submit.py:495} INFO - 24/09/03 22:42:01 INFO SparkEnv: Registering BlockManagerMasterHeartbeat
[2024-09-03 22:42:01,630] {spark_submit.py:495} INFO - 24/09/03 22:42:01 INFO DiskBlockManager: Created local directory at /tmp/blockmgr-8d68b40a-334b-4073-b71b-fe6ea65fe1bb
[2024-09-03 22:42:01,653] {spark_submit.py:495} INFO - 24/09/03 22:42:01 INFO MemoryStore: MemoryStore started with capacity 366.3 MiB
[2024-09-03 22:42:01,674] {spark_submit.py:495} INFO - 24/09/03 22:42:01 INFO SparkEnv: Registering OutputCommitCoordinator
[2024-09-03 22:42:01,960] {spark_submit.py:495} INFO - 24/09/03 22:42:01 WARN Utils: Service 'SparkUI' could not bind on port 4040. Attempting port 4041.
[2024-09-03 22:42:01,968] {spark_submit.py:495} INFO - 24/09/03 22:42:01 INFO Utils: Successfully started service 'SparkUI' on port 4041.
[2024-09-03 22:42:02,057] {spark_submit.py:495} INFO - 24/09/03 22:42:02 INFO SparkUI: Bound SparkUI to 0.0.0.0, and started at http://192.168.2.128:4041
[2024-09-03 22:42:02,304] {spark_submit.py:495} INFO - 24/09/03 22:42:02 INFO Executor: Starting executor ID driver on host 192.168.2.128
[2024-09-03 22:42:02,331] {spark_submit.py:495} INFO - 24/09/03 22:42:02 INFO Utils: Successfully started service 'org.apache.spark.network.netty.NettyBlockTransferService' on port 41347.
[2024-09-03 22:42:02,332] {spark_submit.py:495} INFO - 24/09/03 22:42:02 INFO NettyBlockTransferService: Server created on 192.168.2.128:41347
[2024-09-03 22:42:02,333] {spark_submit.py:495} INFO - 24/09/03 22:42:02 INFO BlockManager: Using org.apache.spark.storage.RandomBlockReplicationPolicy for block replication policy
[2024-09-03 22:42:02,341] {spark_submit.py:495} INFO - 24/09/03 22:42:02 INFO BlockManagerMaster: Registering BlockManager BlockManagerId(driver, 192.168.2.128, 41347, None)
[2024-09-03 22:42:02,347] {spark_submit.py:495} INFO - 24/09/03 22:42:02 INFO BlockManagerMasterEndpoint: Registering block manager 192.168.2.128:41347 with 366.3 MiB RAM, BlockManagerId(driver, 192.168.2.128, 41347, None)
[2024-09-03 22:42:02,349] {spark_submit.py:495} INFO - 24/09/03 22:42:02 INFO BlockManagerMaster: Registered BlockManager BlockManagerId(driver, 192.168.2.128, 41347, None)
[2024-09-03 22:42:02,352] {spark_submit.py:495} INFO - 24/09/03 22:42:02 INFO BlockManager: Initialized BlockManager: BlockManagerId(driver, 192.168.2.128, 41347, None)
[2024-09-03 22:42:03,049] {spark_submit.py:495} INFO - 24/09/03 22:42:03 INFO SharedState: Setting hive.metastore.warehouse.dir ('null') to the value of spark.sql.warehouse.dir ('file:/home/kai/Documents/PROJETOS/twitter_extractor_airflow/spark-warehouse').
[2024-09-03 22:42:03,049] {spark_submit.py:495} INFO - 24/09/03 22:42:03 INFO SharedState: Warehouse path is 'file:/home/kai/Documents/PROJETOS/twitter_extractor_airflow/spark-warehouse'.
[2024-09-03 22:42:04,045] {spark_submit.py:495} INFO - 24/09/03 22:42:04 INFO InMemoryFileIndex: It took 48 ms to list leaf files for 1 paths.
[2024-09-03 22:42:04,176] {spark_submit.py:495} INFO - 24/09/03 22:42:04 INFO InMemoryFileIndex: It took 3 ms to list leaf files for 1 paths.
[2024-09-03 22:42:06,153] {spark_submit.py:495} INFO - 24/09/03 22:42:06 INFO FileSourceStrategy: Pushed Filters:
[2024-09-03 22:42:06,154] {spark_submit.py:495} INFO - 24/09/03 22:42:06 INFO FileSourceStrategy: Post-Scan Filters:
[2024-09-03 22:42:06,157] {spark_submit.py:495} INFO - 24/09/03 22:42:06 INFO FileSourceStrategy: Output Data Schema: struct<value: string>
[2024-09-03 22:42:06,447] {spark_submit.py:495} INFO - 24/09/03 22:42:06 INFO MemoryStore: Block broadcast_0 stored as values in memory (estimated size 303.1 KiB, free 366.0 MiB)
[2024-09-03 22:42:06,499] {spark_submit.py:495} INFO - 24/09/03 22:42:06 INFO MemoryStore: Block broadcast_0_piece0 stored as bytes in memory (estimated size 27.5 KiB, free 366.0 MiB)
[2024-09-03 22:42:06,502] {spark_submit.py:495} INFO - 24/09/03 22:42:06 INFO BlockManagerInfo: Added broadcast_0_piece0 in memory on 192.168.2.128:41347 (size: 27.5 KiB, free: 366.3 MiB)
[2024-09-03 22:42:06,508] {spark_submit.py:495} INFO - 24/09/03 22:42:06 INFO SparkContext: Created broadcast 0 from json at NativeMethodAccessorImpl.java:0
[2024-09-03 22:42:06,517] {spark_submit.py:495} INFO - 24/09/03 22:42:06 INFO FileSourceScanExec: Planning scan with bin packing, max size: 4649377 bytes, open cost is considered as scanning 4194304 bytes.
[2024-09-03 22:42:06,693] {spark_submit.py:495} INFO - 24/09/03 22:42:06 INFO SparkContext: Starting job: json at NativeMethodAccessorImpl.java:0
[2024-09-03 22:42:06,709] {spark_submit.py:495} INFO - 24/09/03 22:42:06 INFO DAGScheduler: Got job 0 (json at NativeMethodAccessorImpl.java:0) with 1 output partitions
[2024-09-03 22:42:06,710] {spark_submit.py:495} INFO - 24/09/03 22:42:06 INFO DAGScheduler: Final stage: ResultStage 0 (json at NativeMethodAccessorImpl.java:0)
[2024-09-03 22:42:06,710] {spark_submit.py:495} INFO - 24/09/03 22:42:06 INFO DAGScheduler: Parents of final stage: List()
[2024-09-03 22:42:06,711] {spark_submit.py:495} INFO - 24/09/03 22:42:06 INFO DAGScheduler: Missing parents: List()
[2024-09-03 22:42:06,717] {spark_submit.py:495} INFO - 24/09/03 22:42:06 INFO DAGScheduler: Submitting ResultStage 0 (MapPartitionsRDD[3] at json at NativeMethodAccessorImpl.java:0), which has no missing parents
[2024-09-03 22:42:06,810] {spark_submit.py:495} INFO - 24/09/03 22:42:06 INFO MemoryStore: Block broadcast_1 stored as values in memory (estimated size 12.1 KiB, free 366.0 MiB)
[2024-09-03 22:42:06,813] {spark_submit.py:495} INFO - 24/09/03 22:42:06 INFO MemoryStore: Block broadcast_1_piece0 stored as bytes in memory (estimated size 6.3 KiB, free 366.0 MiB)
[2024-09-03 22:42:06,814] {spark_submit.py:495} INFO - 24/09/03 22:42:06 INFO BlockManagerInfo: Added broadcast_1_piece0 in memory on 192.168.2.128:41347 (size: 6.3 KiB, free: 366.3 MiB)
[2024-09-03 22:42:06,814] {spark_submit.py:495} INFO - 24/09/03 22:42:06 INFO SparkContext: Created broadcast 1 from broadcast at DAGScheduler.scala:1433
[2024-09-03 22:42:06,828] {spark_submit.py:495} INFO - 24/09/03 22:42:06 INFO DAGScheduler: Submitting 1 missing tasks from ResultStage 0 (MapPartitionsRDD[3] at json at NativeMethodAccessorImpl.java:0) (first 15 tasks are for partitions Vector(0))
[2024-09-03 22:42:06,830] {spark_submit.py:495} INFO - 24/09/03 22:42:06 INFO TaskSchedulerImpl: Adding task set 0.0 with 1 tasks resource profile 0
[2024-09-03 22:42:06,898] {spark_submit.py:495} INFO - 24/09/03 22:42:06 INFO TaskSetManager: Starting task 0.0 in stage 0.0 (TID 0) (192.168.2.128, executor driver, partition 0, PROCESS_LOCAL, 4981 bytes) taskResourceAssignments Map()
[2024-09-03 22:42:06,918] {spark_submit.py:495} INFO - 24/09/03 22:42:06 INFO Executor: Running task 0.0 in stage 0.0 (TID 0)
[2024-09-03 22:42:07,196] {spark_submit.py:495} INFO - 24/09/03 22:42:07 INFO FileScanRDD: Reading File path: file:///home/kai/Documents/PROJETOS/twitter_extractor_airflow/datalake/bronze/data_engineer/extract_data=2024-08-05T00:00:00.00Z/data_engineer_20240805.json, range: 0-455073, partition values: [empty row]
[2024-09-03 22:42:07,492] {spark_submit.py:495} INFO - 24/09/03 22:42:07 INFO CodeGenerator: Code generated in 180.87172 ms
[2024-09-03 22:42:07,615] {spark_submit.py:495} INFO - 24/09/03 22:42:07 INFO Executor: Finished task 0.0 in stage 0.0 (TID 0). 2841 bytes result sent to driver
[2024-09-03 22:42:07,629] {spark_submit.py:495} INFO - 24/09/03 22:42:07 INFO TaskSetManager: Finished task 0.0 in stage 0.0 (TID 0) in 740 ms on 192.168.2.128 (executor driver) (1/1)
[2024-09-03 22:42:07,761] {spark_submit.py:495} INFO - 24/09/03 22:42:07 INFO TaskSchedulerImpl: Removed TaskSet 0.0, whose tasks have all completed, from pool
[2024-09-03 22:42:07,775] {spark_submit.py:495} INFO - 24/09/03 22:42:07 INFO DAGScheduler: ResultStage 0 (json at NativeMethodAccessorImpl.java:0) finished in 1,031 s
[2024-09-03 22:42:07,781] {spark_submit.py:495} INFO - 24/09/03 22:42:07 INFO DAGScheduler: Job 0 is finished. Cancelling potential speculative or zombie tasks for this job
[2024-09-03 22:42:07,782] {spark_submit.py:495} INFO - 24/09/03 22:42:07 INFO TaskSchedulerImpl: Killing all running tasks in stage 0: Stage finished
[2024-09-03 22:42:07,791] {spark_submit.py:495} INFO - 24/09/03 22:42:07 INFO DAGScheduler: Job 0 finished: json at NativeMethodAccessorImpl.java:0, took 1,095251 s
[2024-09-03 22:42:08,297] {spark_submit.py:495} INFO - 24/09/03 22:42:08 INFO FileSourceStrategy: Pushed Filters: IsNotNull(data)
[2024-09-03 22:42:08,299] {spark_submit.py:495} INFO - 24/09/03 22:42:08 INFO FileSourceStrategy: Post-Scan Filters: (size(data#7, true) > 0),isnotnull(data#7)
[2024-09-03 22:42:08,300] {spark_submit.py:495} INFO - 24/09/03 22:42:08 INFO FileSourceStrategy: Output Data Schema: struct<data: array<struct<author_id:string,conversation_id:string,created_at:string,edit_history_tweet_ids:array<bigint>,id:string,in_reply_to_user_id:string,lang:string,public_metrics:struct<like_count:bigint,quote_count:bigint,reply_count:bigint,retweet_count:bigint>,text:string>>>
[2024-09-03 22:42:08,384] {spark_submit.py:495} INFO - 24/09/03 22:42:08 INFO FileOutputCommitter: File Output Committer Algorithm version is 1
[2024-09-03 22:42:08,384] {spark_submit.py:495} INFO - 24/09/03 22:42:08 INFO FileOutputCommitter: FileOutputCommitter skip cleanup _temporary folders under output directory:false, ignore cleanup failures: false
[2024-09-03 22:42:08,386] {spark_submit.py:495} INFO - 24/09/03 22:42:08 INFO SQLHadoopMapReduceCommitProtocol: Using output committer class org.apache.hadoop.mapreduce.lib.output.FileOutputCommitter
[2024-09-03 22:42:08,466] {spark_submit.py:495} INFO - 24/09/03 22:42:08 INFO CodeGenerator: Code generated in 24.796872 ms
[2024-09-03 22:42:08,509] {spark_submit.py:495} INFO - 24/09/03 22:42:08 INFO CodeGenerator: Code generated in 27.701742 ms
[2024-09-03 22:42:08,515] {spark_submit.py:495} INFO - 24/09/03 22:42:08 INFO MemoryStore: Block broadcast_2 stored as values in memory (estimated size 303.0 KiB, free 365.7 MiB)
[2024-09-03 22:42:08,525] {spark_submit.py:495} INFO - 24/09/03 22:42:08 INFO MemoryStore: Block broadcast_2_piece0 stored as bytes in memory (estimated size 27.5 KiB, free 365.6 MiB)
[2024-09-03 22:42:08,526] {spark_submit.py:495} INFO - 24/09/03 22:42:08 INFO BlockManagerInfo: Added broadcast_2_piece0 in memory on 192.168.2.128:41347 (size: 27.5 KiB, free: 366.2 MiB)
[2024-09-03 22:42:08,527] {spark_submit.py:495} INFO - 24/09/03 22:42:08 INFO SparkContext: Created broadcast 2 from json at NativeMethodAccessorImpl.java:0
[2024-09-03 22:42:08,530] {spark_submit.py:495} INFO - 24/09/03 22:42:08 INFO FileSourceScanExec: Planning scan with bin packing, max size: 4649377 bytes, open cost is considered as scanning 4194304 bytes.
[2024-09-03 22:42:08,597] {spark_submit.py:495} INFO - 24/09/03 22:42:08 INFO SparkContext: Starting job: json at NativeMethodAccessorImpl.java:0
[2024-09-03 22:42:08,599] {spark_submit.py:495} INFO - 24/09/03 22:42:08 INFO DAGScheduler: Got job 1 (json at NativeMethodAccessorImpl.java:0) with 1 output partitions
[2024-09-03 22:42:08,600] {spark_submit.py:495} INFO - 24/09/03 22:42:08 INFO DAGScheduler: Final stage: ResultStage 1 (json at NativeMethodAccessorImpl.java:0)
[2024-09-03 22:42:08,601] {spark_submit.py:495} INFO - 24/09/03 22:42:08 INFO DAGScheduler: Parents of final stage: List()
[2024-09-03 22:42:08,601] {spark_submit.py:495} INFO - 24/09/03 22:42:08 INFO DAGScheduler: Missing parents: List()
[2024-09-03 22:42:08,603] {spark_submit.py:495} INFO - 24/09/03 22:42:08 INFO DAGScheduler: Submitting ResultStage 1 (CoalescedRDD[9] at json at NativeMethodAccessorImpl.java:0), which has no missing parents
[2024-09-03 22:42:08,651] {spark_submit.py:495} INFO - 24/09/03 22:42:08 INFO MemoryStore: Block broadcast_3 stored as values in memory (estimated size 190.1 KiB, free 365.5 MiB)
[2024-09-03 22:42:08,655] {spark_submit.py:495} INFO - 24/09/03 22:42:08 INFO MemoryStore: Block broadcast_3_piece0 stored as bytes in memory (estimated size 66.6 KiB, free 365.4 MiB)
[2024-09-03 22:42:08,656] {spark_submit.py:495} INFO - 24/09/03 22:42:08 INFO BlockManagerInfo: Added broadcast_3_piece0 in memory on 192.168.2.128:41347 (size: 66.6 KiB, free: 366.2 MiB)
[2024-09-03 22:42:08,657] {spark_submit.py:495} INFO - 24/09/03 22:42:08 INFO SparkContext: Created broadcast 3 from broadcast at DAGScheduler.scala:1433
[2024-09-03 22:42:08,658] {spark_submit.py:495} INFO - 24/09/03 22:42:08 INFO DAGScheduler: Submitting 1 missing tasks from ResultStage 1 (CoalescedRDD[9] at json at NativeMethodAccessorImpl.java:0) (first 15 tasks are for partitions Vector(0))
[2024-09-03 22:42:08,660] {spark_submit.py:495} INFO - 24/09/03 22:42:08 INFO TaskSchedulerImpl: Adding task set 1.0 with 1 tasks resource profile 0
[2024-09-03 22:42:08,664] {spark_submit.py:495} INFO - 24/09/03 22:42:08 INFO TaskSetManager: Starting task 0.0 in stage 1.0 (TID 1) (192.168.2.128, executor driver, partition 0, PROCESS_LOCAL, 5210 bytes) taskResourceAssignments Map()
[2024-09-03 22:42:08,665] {spark_submit.py:495} INFO - 24/09/03 22:42:08 INFO Executor: Running task 0.0 in stage 1.0 (TID 1)
[2024-09-03 22:42:08,745] {spark_submit.py:495} INFO - 24/09/03 22:42:08 INFO FileOutputCommitter: File Output Committer Algorithm version is 1
[2024-09-03 22:42:08,746] {spark_submit.py:495} INFO - 24/09/03 22:42:08 INFO FileOutputCommitter: FileOutputCommitter skip cleanup _temporary folders under output directory:false, ignore cleanup failures: false
[2024-09-03 22:42:08,747] {spark_submit.py:495} INFO - 24/09/03 22:42:08 INFO SQLHadoopMapReduceCommitProtocol: Using output committer class org.apache.hadoop.mapreduce.lib.output.FileOutputCommitter
[2024-09-03 22:42:08,860] {spark_submit.py:495} INFO - 24/09/03 22:42:08 INFO CodeGenerator: Code generated in 44.886321 ms
[2024-09-03 22:42:08,863] {spark_submit.py:495} INFO - 24/09/03 22:42:08 INFO FileScanRDD: Reading File path: file:///home/kai/Documents/PROJETOS/twitter_extractor_airflow/datalake/bronze/data_engineer/extract_data=2024-08-05T00:00:00.00Z/data_engineer_20240805.json, range: 0-455073, partition values: [empty row]
[2024-09-03 22:42:08,900] {spark_submit.py:495} INFO - 24/09/03 22:42:08 INFO CodeGenerator: Code generated in 33.369443 ms
[2024-09-03 22:42:08,950] {spark_submit.py:495} INFO - 24/09/03 22:42:08 INFO CodeGenerator: Code generated in 7.689819 ms
[2024-09-03 22:42:09,213] {spark_submit.py:495} INFO - 24/09/03 22:42:09 INFO FileOutputCommitter: Saved output of task 'attempt_202409032242088461289887804397150_0001_m_000000_1' to file:/home/kai/Documents/PROJETOS/twitter_extractor_airflow/datalake/silver/data_engineer/twitter_df/process_data=20240805/_temporary/0/task_202409032242088461289887804397150_0001_m_000000
[2024-09-03 22:42:09,214] {spark_submit.py:495} INFO - 24/09/03 22:42:09 INFO SparkHadoopMapRedUtil: attempt_202409032242088461289887804397150_0001_m_000000_1: Committed
[2024-09-03 22:42:09,218] {spark_submit.py:495} INFO - 24/09/03 22:42:09 INFO Executor: Finished task 0.0 in stage 1.0 (TID 1). 2901 bytes result sent to driver
[2024-09-03 22:42:09,222] {spark_submit.py:495} INFO - 24/09/03 22:42:09 INFO TaskSetManager: Finished task 0.0 in stage 1.0 (TID 1) in 561 ms on 192.168.2.128 (executor driver) (1/1)
[2024-09-03 22:42:09,223] {spark_submit.py:495} INFO - 24/09/03 22:42:09 INFO TaskSchedulerImpl: Removed TaskSet 1.0, whose tasks have all completed, from pool
[2024-09-03 22:42:09,229] {spark_submit.py:495} INFO - 24/09/03 22:42:09 INFO DAGScheduler: ResultStage 1 (json at NativeMethodAccessorImpl.java:0) finished in 0,622 s
[2024-09-03 22:42:09,229] {spark_submit.py:495} INFO - 24/09/03 22:42:09 INFO DAGScheduler: Job 1 is finished. Cancelling potential speculative or zombie tasks for this job
[2024-09-03 22:42:09,229] {spark_submit.py:495} INFO - 24/09/03 22:42:09 INFO TaskSchedulerImpl: Killing all running tasks in stage 1: Stage finished
[2024-09-03 22:42:09,229] {spark_submit.py:495} INFO - 24/09/03 22:42:09 INFO DAGScheduler: Job 1 finished: json at NativeMethodAccessorImpl.java:0, took 0,628778 s
[2024-09-03 22:42:09,261] {spark_submit.py:495} INFO - 24/09/03 22:42:09 INFO FileFormatWriter: Write Job e1e93dc1-a5af-4aba-b96b-ed8b8fd2bd38 committed.
[2024-09-03 22:42:09,264] {spark_submit.py:495} INFO - 24/09/03 22:42:09 INFO FileFormatWriter: Finished processing stats for write job e1e93dc1-a5af-4aba-b96b-ed8b8fd2bd38.
[2024-09-03 22:42:09,313] {spark_submit.py:495} INFO - 24/09/03 22:42:09 INFO FileSourceStrategy: Pushed Filters:
[2024-09-03 22:42:09,313] {spark_submit.py:495} INFO - 24/09/03 22:42:09 INFO FileSourceStrategy: Post-Scan Filters:
[2024-09-03 22:42:09,313] {spark_submit.py:495} INFO - 24/09/03 22:42:09 INFO FileSourceStrategy: Output Data Schema: struct<includes: struct<users: array<struct<created_at:string,id:string,name:string,username:string>>>>
[2024-09-03 22:42:09,324] {spark_submit.py:495} INFO - 24/09/03 22:42:09 INFO FileOutputCommitter: File Output Committer Algorithm version is 1
[2024-09-03 22:42:09,324] {spark_submit.py:495} INFO - 24/09/03 22:42:09 INFO FileOutputCommitter: FileOutputCommitter skip cleanup _temporary folders under output directory:false, ignore cleanup failures: false
[2024-09-03 22:42:09,325] {spark_submit.py:495} INFO - 24/09/03 22:42:09 INFO SQLHadoopMapReduceCommitProtocol: Using output committer class org.apache.hadoop.mapreduce.lib.output.FileOutputCommitter
[2024-09-03 22:42:09,363] {spark_submit.py:495} INFO - 24/09/03 22:42:09 INFO CodeGenerator: Code generated in 11.086236 ms
[2024-09-03 22:42:09,366] {spark_submit.py:495} INFO - 24/09/03 22:42:09 INFO MemoryStore: Block broadcast_4 stored as values in memory (estimated size 303.0 KiB, free 365.1 MiB)
[2024-09-03 22:42:09,373] {spark_submit.py:495} INFO - 24/09/03 22:42:09 INFO MemoryStore: Block broadcast_4_piece0 stored as bytes in memory (estimated size 27.5 KiB, free 365.1 MiB)
[2024-09-03 22:42:09,374] {spark_submit.py:495} INFO - 24/09/03 22:42:09 INFO BlockManagerInfo: Added broadcast_4_piece0 in memory on 192.168.2.128:41347 (size: 27.5 KiB, free: 366.1 MiB)
[2024-09-03 22:42:09,375] {spark_submit.py:495} INFO - 24/09/03 22:42:09 INFO SparkContext: Created broadcast 4 from json at NativeMethodAccessorImpl.java:0
[2024-09-03 22:42:09,376] {spark_submit.py:495} INFO - 24/09/03 22:42:09 INFO FileSourceScanExec: Planning scan with bin packing, max size: 4649377 bytes, open cost is considered as scanning 4194304 bytes.
[2024-09-03 22:42:09,394] {spark_submit.py:495} INFO - 24/09/03 22:42:09 INFO SparkContext: Starting job: json at NativeMethodAccessorImpl.java:0
[2024-09-03 22:42:09,396] {spark_submit.py:495} INFO - 24/09/03 22:42:09 INFO DAGScheduler: Got job 2 (json at NativeMethodAccessorImpl.java:0) with 1 output partitions
[2024-09-03 22:42:09,396] {spark_submit.py:495} INFO - 24/09/03 22:42:09 INFO DAGScheduler: Final stage: ResultStage 2 (json at NativeMethodAccessorImpl.java:0)
[2024-09-03 22:42:09,396] {spark_submit.py:495} INFO - 24/09/03 22:42:09 INFO DAGScheduler: Parents of final stage: List()
[2024-09-03 22:42:09,396] {spark_submit.py:495} INFO - 24/09/03 22:42:09 INFO DAGScheduler: Missing parents: List()
[2024-09-03 22:42:09,398] {spark_submit.py:495} INFO - 24/09/03 22:42:09 INFO DAGScheduler: Submitting ResultStage 2 (CoalescedRDD[16] at json at NativeMethodAccessorImpl.java:0), which has no missing parents
[2024-09-03 22:42:09,422] {spark_submit.py:495} INFO - 24/09/03 22:42:09 INFO MemoryStore: Block broadcast_5 stored as values in memory (estimated size 178.3 KiB, free 364.9 MiB)
[2024-09-03 22:42:09,425] {spark_submit.py:495} INFO - 24/09/03 22:42:09 INFO MemoryStore: Block broadcast_5_piece0 stored as bytes in memory (estimated size 64.0 KiB, free 364.8 MiB)
[2024-09-03 22:42:09,426] {spark_submit.py:495} INFO - 24/09/03 22:42:09 INFO BlockManagerInfo: Added broadcast_5_piece0 in memory on 192.168.2.128:41347 (size: 64.0 KiB, free: 366.1 MiB)
[2024-09-03 22:42:09,427] {spark_submit.py:495} INFO - 24/09/03 22:42:09 INFO SparkContext: Created broadcast 5 from broadcast at DAGScheduler.scala:1433
[2024-09-03 22:42:09,428] {spark_submit.py:495} INFO - 24/09/03 22:42:09 INFO DAGScheduler: Submitting 1 missing tasks from ResultStage 2 (CoalescedRDD[16] at json at NativeMethodAccessorImpl.java:0) (first 15 tasks are for partitions Vector(0))
[2024-09-03 22:42:09,428] {spark_submit.py:495} INFO - 24/09/03 22:42:09 INFO TaskSchedulerImpl: Adding task set 2.0 with 1 tasks resource profile 0
[2024-09-03 22:42:09,430] {spark_submit.py:495} INFO - 24/09/03 22:42:09 INFO TaskSetManager: Starting task 0.0 in stage 2.0 (TID 2) (192.168.2.128, executor driver, partition 0, PROCESS_LOCAL, 5210 bytes) taskResourceAssignments Map()
[2024-09-03 22:42:09,430] {spark_submit.py:495} INFO - 24/09/03 22:42:09 INFO Executor: Running task 0.0 in stage 2.0 (TID 2)
[2024-09-03 22:42:09,443] {spark_submit.py:495} INFO - 24/09/03 22:42:09 INFO FileOutputCommitter: File Output Committer Algorithm version is 1
[2024-09-03 22:42:09,443] {spark_submit.py:495} INFO - 24/09/03 22:42:09 INFO FileOutputCommitter: FileOutputCommitter skip cleanup _temporary folders under output directory:false, ignore cleanup failures: false
[2024-09-03 22:42:09,443] {spark_submit.py:495} INFO - 24/09/03 22:42:09 INFO SQLHadoopMapReduceCommitProtocol: Using output committer class org.apache.hadoop.mapreduce.lib.output.FileOutputCommitter
[2024-09-03 22:42:09,472] {spark_submit.py:495} INFO - 24/09/03 22:42:09 INFO CodeGenerator: Code generated in 8.866529 ms
[2024-09-03 22:42:09,476] {spark_submit.py:495} INFO - 24/09/03 22:42:09 INFO FileScanRDD: Reading File path: file:///home/kai/Documents/PROJETOS/twitter_extractor_airflow/datalake/bronze/data_engineer/extract_data=2024-08-05T00:00:00.00Z/data_engineer_20240805.json, range: 0-455073, partition values: [empty row]
[2024-09-03 22:42:09,495] {spark_submit.py:495} INFO - 24/09/03 22:42:09 INFO CodeGenerator: Code generated in 16.155149 ms
[2024-09-03 22:42:09,526] {spark_submit.py:495} INFO - 24/09/03 22:42:09 INFO FileOutputCommitter: Saved output of task 'attempt_202409032242097407178963438826451_0002_m_000000_2' to file:/home/kai/Documents/PROJETOS/twitter_extractor_airflow/datalake/silver/data_engineer/user_df/process_data=20240805/_temporary/0/task_202409032242097407178963438826451_0002_m_000000
[2024-09-03 22:42:09,526] {spark_submit.py:495} INFO - 24/09/03 22:42:09 INFO SparkHadoopMapRedUtil: attempt_202409032242097407178963438826451_0002_m_000000_2: Committed
[2024-09-03 22:42:09,527] {spark_submit.py:495} INFO - 24/09/03 22:42:09 INFO Executor: Finished task 0.0 in stage 2.0 (TID 2). 2734 bytes result sent to driver
[2024-09-03 22:42:09,529] {spark_submit.py:495} INFO - 24/09/03 22:42:09 INFO TaskSetManager: Finished task 0.0 in stage 2.0 (TID 2) in 100 ms on 192.168.2.128 (executor driver) (1/1)
[2024-09-03 22:42:09,529] {spark_submit.py:495} INFO - 24/09/03 22:42:09 INFO TaskSchedulerImpl: Removed TaskSet 2.0, whose tasks have all completed, from pool
[2024-09-03 22:42:09,531] {spark_submit.py:495} INFO - 24/09/03 22:42:09 INFO DAGScheduler: ResultStage 2 (json at NativeMethodAccessorImpl.java:0) finished in 0,133 s
[2024-09-03 22:42:09,532] {spark_submit.py:495} INFO - 24/09/03 22:42:09 INFO DAGScheduler: Job 2 is finished. Cancelling potential speculative or zombie tasks for this job
[2024-09-03 22:42:09,532] {spark_submit.py:495} INFO - 24/09/03 22:42:09 INFO TaskSchedulerImpl: Killing all running tasks in stage 2: Stage finished
[2024-09-03 22:42:09,532] {spark_submit.py:495} INFO - 24/09/03 22:42:09 INFO DAGScheduler: Job 2 finished: json at NativeMethodAccessorImpl.java:0, took 0,136424 s
[2024-09-03 22:42:09,559] {spark_submit.py:495} INFO - 24/09/03 22:42:09 INFO FileFormatWriter: Write Job 9c817e07-a659-4fd2-9913-677e251f51e4 committed.
[2024-09-03 22:42:09,559] {spark_submit.py:495} INFO - 24/09/03 22:42:09 INFO FileFormatWriter: Finished processing stats for write job 9c817e07-a659-4fd2-9913-677e251f51e4.
[2024-09-03 22:42:09,622] {spark_submit.py:495} INFO - 24/09/03 22:42:09 INFO SparkContext: Invoking stop() from shutdown hook
[2024-09-03 22:42:09,653] {spark_submit.py:495} INFO - 24/09/03 22:42:09 INFO SparkUI: Stopped Spark web UI at http://192.168.2.128:4041
[2024-09-03 22:42:09,677] {spark_submit.py:495} INFO - 24/09/03 22:42:09 INFO MapOutputTrackerMasterEndpoint: MapOutputTrackerMasterEndpoint stopped!
[2024-09-03 22:42:09,685] {spark_submit.py:495} INFO - 24/09/03 22:42:09 INFO MemoryStore: MemoryStore cleared
[2024-09-03 22:42:09,688] {spark_submit.py:495} INFO - 24/09/03 22:42:09 INFO BlockManager: BlockManager stopped
[2024-09-03 22:42:09,705] {spark_submit.py:495} INFO - 24/09/03 22:42:09 INFO BlockManagerMaster: BlockManagerMaster stopped
[2024-09-03 22:42:09,710] {spark_submit.py:495} INFO - 24/09/03 22:42:09 INFO OutputCommitCoordinator$OutputCommitCoordinatorEndpoint: OutputCommitCoordinator stopped!
[2024-09-03 22:42:09,716] {spark_submit.py:495} INFO - 24/09/03 22:42:09 INFO SparkContext: Successfully stopped SparkContext
[2024-09-03 22:42:09,716] {spark_submit.py:495} INFO - 24/09/03 22:42:09 INFO ShutdownHookManager: Shutdown hook called
[2024-09-03 22:42:09,717] {spark_submit.py:495} INFO - 24/09/03 22:42:09 INFO ShutdownHookManager: Deleting directory /tmp/spark-67b2cbe0-2888-48ff-9da2-507535e4b805
[2024-09-03 22:42:09,720] {spark_submit.py:495} INFO - 24/09/03 22:42:09 INFO ShutdownHookManager: Deleting directory /tmp/spark-bd1657c1-c5a7-4f21-9ea3-2f41d790184c
[2024-09-03 22:42:09,725] {spark_submit.py:495} INFO - 24/09/03 22:42:09 INFO ShutdownHookManager: Deleting directory /tmp/spark-bd1657c1-c5a7-4f21-9ea3-2f41d790184c/pyspark-60fb7847-05b0-497f-a11e-7a1d3f9d0de0
[2024-09-03 22:42:09,839] {taskinstance.py:1395} INFO - Marking task as SUCCESS. dag_id=Twitter_extractor_DAGs, task_id=SILVER_LAYER_LOAD_L, execution_date=20240805T000000, start_date=20240904T014156, end_date=20240904T014209
[2024-09-03 22:42:09,860] {local_task_job.py:156} INFO - Task exited with return code 0
[2024-09-03 22:42:09,888] {local_task_job.py:273} INFO - 1 downstream tasks scheduled from follow-on schedule check
