[2024-09-03 22:43:18,631] {taskinstance.py:1159} INFO - Dependencies all met for <TaskInstance: Twitter_extractor_DAGs.SILVER_LAYER_LOAD_L scheduled__2024-08-08T00:00:00+00:00 [queued]>
[2024-09-03 22:43:18,636] {taskinstance.py:1159} INFO - Dependencies all met for <TaskInstance: Twitter_extractor_DAGs.SILVER_LAYER_LOAD_L scheduled__2024-08-08T00:00:00+00:00 [queued]>
[2024-09-03 22:43:18,636] {taskinstance.py:1356} INFO - 
--------------------------------------------------------------------------------
[2024-09-03 22:43:18,636] {taskinstance.py:1357} INFO - Starting attempt 1 of 1
[2024-09-03 22:43:18,636] {taskinstance.py:1358} INFO - 
--------------------------------------------------------------------------------
[2024-09-03 22:43:18,647] {taskinstance.py:1377} INFO - Executing <Task(SparkSubmitOperator): SILVER_LAYER_LOAD_L> on 2024-08-08 00:00:00+00:00
[2024-09-03 22:43:18,650] {standard_task_runner.py:52} INFO - Started process 440279 to run task
[2024-09-03 22:43:18,654] {standard_task_runner.py:79} INFO - Running: ['airflow', 'tasks', 'run', 'Twitter_extractor_DAGs', 'SILVER_LAYER_LOAD_L', 'scheduled__2024-08-08T00:00:00+00:00', '--job-id', '85', '--raw', '--subdir', 'DAGS_FOLDER/twitter_dag.py', '--cfg-path', '/tmp/tmph_gulmfj', '--error-file', '/tmp/tmp_pah9ef7']
[2024-09-03 22:43:18,654] {standard_task_runner.py:80} INFO - Job 85: Subtask SILVER_LAYER_LOAD_L
[2024-09-03 22:43:18,686] {task_command.py:370} INFO - Running <TaskInstance: Twitter_extractor_DAGs.SILVER_LAYER_LOAD_L scheduled__2024-08-08T00:00:00+00:00 [running]> on host kaiwangairflow
[2024-09-03 22:43:18,731] {taskinstance.py:1569} INFO - Exporting the following env vars:
AIRFLOW_CTX_DAG_OWNER=airflow
AIRFLOW_CTX_DAG_ID=Twitter_extractor_DAGs
AIRFLOW_CTX_TASK_ID=SILVER_LAYER_LOAD_L
AIRFLOW_CTX_EXECUTION_DATE=2024-08-08T00:00:00+00:00
AIRFLOW_CTX_TRY_NUMBER=1
AIRFLOW_CTX_DAG_RUN_ID=scheduled__2024-08-08T00:00:00+00:00
[2024-09-03 22:43:18,735] {base.py:68} INFO - Using connection ID 'spark_default' for task execution.
[2024-09-03 22:43:18,735] {spark_submit.py:344} INFO - Spark-Submit cmd: spark-submit --master local --name twitter_transformation --queue root.default src/scripts/load_silver_functions.py --src datalake/bronze/data_engineer/extract_data=2024-08-08T00:00:00.00Z --dest datalake/silver/data_engineer/ --process-data 20240808
[2024-09-03 22:43:19,808] {spark_submit.py:495} INFO - 24/09/03 22:43:19 WARN Utils: Your hostname, kaiwangairflow resolves to a loopback address: 127.0.1.1; using 192.168.2.128 instead (on interface ens33)
[2024-09-03 22:43:19,809] {spark_submit.py:495} INFO - 24/09/03 22:43:19 WARN Utils: Set SPARK_LOCAL_IP if you need to bind to another address
[2024-09-03 22:43:20,130] {spark_submit.py:495} INFO - 24/09/03 22:43:20 WARN NativeCodeLoader: Unable to load native-hadoop library for your platform... using builtin-java classes where applicable
[2024-09-03 22:43:20,660] {spark_submit.py:495} INFO - Using Spark's default log4j profile: org/apache/spark/log4j-defaults.properties
[2024-09-03 22:43:20,671] {spark_submit.py:495} INFO - 24/09/03 22:43:20 INFO SparkContext: Running Spark version 3.1.3
[2024-09-03 22:43:20,708] {spark_submit.py:495} INFO - 24/09/03 22:43:20 INFO ResourceUtils: ==============================================================
[2024-09-03 22:43:20,709] {spark_submit.py:495} INFO - 24/09/03 22:43:20 INFO ResourceUtils: No custom resources configured for spark.driver.
[2024-09-03 22:43:20,709] {spark_submit.py:495} INFO - 24/09/03 22:43:20 INFO ResourceUtils: ==============================================================
[2024-09-03 22:43:20,709] {spark_submit.py:495} INFO - 24/09/03 22:43:20 INFO SparkContext: Submitted application: twitter_transformation
[2024-09-03 22:43:20,728] {spark_submit.py:495} INFO - 24/09/03 22:43:20 INFO ResourceProfile: Default ResourceProfile created, executor resources: Map(cores -> name: cores, amount: 1, script: , vendor: , memory -> name: memory, amount: 1024, script: , vendor: , offHeap -> name: offHeap, amount: 0, script: , vendor: ), task resources: Map(cpus -> name: cpus, amount: 1.0)
[2024-09-03 22:43:20,739] {spark_submit.py:495} INFO - 24/09/03 22:43:20 INFO ResourceProfile: Limiting resource is cpu
[2024-09-03 22:43:20,741] {spark_submit.py:495} INFO - 24/09/03 22:43:20 INFO ResourceProfileManager: Added ResourceProfile id: 0
[2024-09-03 22:43:20,781] {spark_submit.py:495} INFO - 24/09/03 22:43:20 INFO SecurityManager: Changing view acls to: kai
[2024-09-03 22:43:20,781] {spark_submit.py:495} INFO - 24/09/03 22:43:20 INFO SecurityManager: Changing modify acls to: kai
[2024-09-03 22:43:20,781] {spark_submit.py:495} INFO - 24/09/03 22:43:20 INFO SecurityManager: Changing view acls groups to:
[2024-09-03 22:43:20,781] {spark_submit.py:495} INFO - 24/09/03 22:43:20 INFO SecurityManager: Changing modify acls groups to:
[2024-09-03 22:43:20,782] {spark_submit.py:495} INFO - 24/09/03 22:43:20 INFO SecurityManager: SecurityManager: authentication disabled; ui acls disabled; users  with view permissions: Set(kai); groups with view permissions: Set(); users  with modify permissions: Set(kai); groups with modify permissions: Set()
[2024-09-03 22:43:20,948] {spark_submit.py:495} INFO - 24/09/03 22:43:20 INFO Utils: Successfully started service 'sparkDriver' on port 39673.
[2024-09-03 22:43:20,980] {spark_submit.py:495} INFO - 24/09/03 22:43:20 INFO SparkEnv: Registering MapOutputTracker
[2024-09-03 22:43:21,014] {spark_submit.py:495} INFO - 24/09/03 22:43:21 INFO SparkEnv: Registering BlockManagerMaster
[2024-09-03 22:43:21,034] {spark_submit.py:495} INFO - 24/09/03 22:43:21 INFO BlockManagerMasterEndpoint: Using org.apache.spark.storage.DefaultTopologyMapper for getting topology information
[2024-09-03 22:43:21,035] {spark_submit.py:495} INFO - 24/09/03 22:43:21 INFO BlockManagerMasterEndpoint: BlockManagerMasterEndpoint up
[2024-09-03 22:43:21,038] {spark_submit.py:495} INFO - 24/09/03 22:43:21 INFO SparkEnv: Registering BlockManagerMasterHeartbeat
[2024-09-03 22:43:21,051] {spark_submit.py:495} INFO - 24/09/03 22:43:21 INFO DiskBlockManager: Created local directory at /tmp/blockmgr-5c07e01d-0f45-4553-bfc6-6fb49415e4d5
[2024-09-03 22:43:21,074] {spark_submit.py:495} INFO - 24/09/03 22:43:21 INFO MemoryStore: MemoryStore started with capacity 366.3 MiB
[2024-09-03 22:43:21,088] {spark_submit.py:495} INFO - 24/09/03 22:43:21 INFO SparkEnv: Registering OutputCommitCoordinator
[2024-09-03 22:43:21,286] {spark_submit.py:495} INFO - 24/09/03 22:43:21 WARN Utils: Service 'SparkUI' could not bind on port 4040. Attempting port 4041.
[2024-09-03 22:43:21,294] {spark_submit.py:495} INFO - 24/09/03 22:43:21 INFO Utils: Successfully started service 'SparkUI' on port 4041.
[2024-09-03 22:43:21,342] {spark_submit.py:495} INFO - 24/09/03 22:43:21 INFO SparkUI: Bound SparkUI to 0.0.0.0, and started at http://192.168.2.128:4041
[2024-09-03 22:43:21,532] {spark_submit.py:495} INFO - 24/09/03 22:43:21 INFO Executor: Starting executor ID driver on host 192.168.2.128
[2024-09-03 22:43:21,565] {spark_submit.py:495} INFO - 24/09/03 22:43:21 INFO Utils: Successfully started service 'org.apache.spark.network.netty.NettyBlockTransferService' on port 42709.
[2024-09-03 22:43:21,566] {spark_submit.py:495} INFO - 24/09/03 22:43:21 INFO NettyBlockTransferService: Server created on 192.168.2.128:42709
[2024-09-03 22:43:21,567] {spark_submit.py:495} INFO - 24/09/03 22:43:21 INFO BlockManager: Using org.apache.spark.storage.RandomBlockReplicationPolicy for block replication policy
[2024-09-03 22:43:21,574] {spark_submit.py:495} INFO - 24/09/03 22:43:21 INFO BlockManagerMaster: Registering BlockManager BlockManagerId(driver, 192.168.2.128, 42709, None)
[2024-09-03 22:43:21,578] {spark_submit.py:495} INFO - 24/09/03 22:43:21 INFO BlockManagerMasterEndpoint: Registering block manager 192.168.2.128:42709 with 366.3 MiB RAM, BlockManagerId(driver, 192.168.2.128, 42709, None)
[2024-09-03 22:43:21,581] {spark_submit.py:495} INFO - 24/09/03 22:43:21 INFO BlockManagerMaster: Registered BlockManager BlockManagerId(driver, 192.168.2.128, 42709, None)
[2024-09-03 22:43:21,582] {spark_submit.py:495} INFO - 24/09/03 22:43:21 INFO BlockManager: Initialized BlockManager: BlockManagerId(driver, 192.168.2.128, 42709, None)
[2024-09-03 22:43:22,026] {spark_submit.py:495} INFO - 24/09/03 22:43:22 INFO SharedState: Setting hive.metastore.warehouse.dir ('null') to the value of spark.sql.warehouse.dir ('file:/home/kai/Documents/PROJETOS/twitter_extractor_airflow/spark-warehouse').
[2024-09-03 22:43:22,027] {spark_submit.py:495} INFO - 24/09/03 22:43:22 INFO SharedState: Warehouse path is 'file:/home/kai/Documents/PROJETOS/twitter_extractor_airflow/spark-warehouse'.
[2024-09-03 22:43:22,818] {spark_submit.py:495} INFO - 24/09/03 22:43:22 INFO InMemoryFileIndex: It took 32 ms to list leaf files for 1 paths.
[2024-09-03 22:43:22,873] {spark_submit.py:495} INFO - 24/09/03 22:43:22 INFO InMemoryFileIndex: It took 1 ms to list leaf files for 1 paths.
[2024-09-03 22:43:24,691] {spark_submit.py:495} INFO - 24/09/03 22:43:24 INFO FileSourceStrategy: Pushed Filters:
[2024-09-03 22:43:24,693] {spark_submit.py:495} INFO - 24/09/03 22:43:24 INFO FileSourceStrategy: Post-Scan Filters:
[2024-09-03 22:43:24,696] {spark_submit.py:495} INFO - 24/09/03 22:43:24 INFO FileSourceStrategy: Output Data Schema: struct<value: string>
[2024-09-03 22:43:24,947] {spark_submit.py:495} INFO - 24/09/03 22:43:24 INFO MemoryStore: Block broadcast_0 stored as values in memory (estimated size 303.1 KiB, free 366.0 MiB)
[2024-09-03 22:43:24,993] {spark_submit.py:495} INFO - 24/09/03 22:43:24 INFO MemoryStore: Block broadcast_0_piece0 stored as bytes in memory (estimated size 27.5 KiB, free 366.0 MiB)
[2024-09-03 22:43:24,998] {spark_submit.py:495} INFO - 24/09/03 22:43:24 INFO BlockManagerInfo: Added broadcast_0_piece0 in memory on 192.168.2.128:42709 (size: 27.5 KiB, free: 366.3 MiB)
[2024-09-03 22:43:25,003] {spark_submit.py:495} INFO - 24/09/03 22:43:25 INFO SparkContext: Created broadcast 0 from json at NativeMethodAccessorImpl.java:0
[2024-09-03 22:43:25,012] {spark_submit.py:495} INFO - 24/09/03 22:43:25 INFO FileSourceScanExec: Planning scan with bin packing, max size: 4198798 bytes, open cost is considered as scanning 4194304 bytes.
[2024-09-03 22:43:25,195] {spark_submit.py:495} INFO - 24/09/03 22:43:25 INFO SparkContext: Starting job: json at NativeMethodAccessorImpl.java:0
[2024-09-03 22:43:25,210] {spark_submit.py:495} INFO - 24/09/03 22:43:25 INFO DAGScheduler: Got job 0 (json at NativeMethodAccessorImpl.java:0) with 1 output partitions
[2024-09-03 22:43:25,210] {spark_submit.py:495} INFO - 24/09/03 22:43:25 INFO DAGScheduler: Final stage: ResultStage 0 (json at NativeMethodAccessorImpl.java:0)
[2024-09-03 22:43:25,210] {spark_submit.py:495} INFO - 24/09/03 22:43:25 INFO DAGScheduler: Parents of final stage: List()
[2024-09-03 22:43:25,211] {spark_submit.py:495} INFO - 24/09/03 22:43:25 INFO DAGScheduler: Missing parents: List()
[2024-09-03 22:43:25,217] {spark_submit.py:495} INFO - 24/09/03 22:43:25 INFO DAGScheduler: Submitting ResultStage 0 (MapPartitionsRDD[3] at json at NativeMethodAccessorImpl.java:0), which has no missing parents
[2024-09-03 22:43:25,299] {spark_submit.py:495} INFO - 24/09/03 22:43:25 INFO MemoryStore: Block broadcast_1 stored as values in memory (estimated size 12.1 KiB, free 366.0 MiB)
[2024-09-03 22:43:25,303] {spark_submit.py:495} INFO - 24/09/03 22:43:25 INFO MemoryStore: Block broadcast_1_piece0 stored as bytes in memory (estimated size 6.3 KiB, free 366.0 MiB)
[2024-09-03 22:43:25,304] {spark_submit.py:495} INFO - 24/09/03 22:43:25 INFO BlockManagerInfo: Added broadcast_1_piece0 in memory on 192.168.2.128:42709 (size: 6.3 KiB, free: 366.3 MiB)
[2024-09-03 22:43:25,305] {spark_submit.py:495} INFO - 24/09/03 22:43:25 INFO SparkContext: Created broadcast 1 from broadcast at DAGScheduler.scala:1433
[2024-09-03 22:43:25,320] {spark_submit.py:495} INFO - 24/09/03 22:43:25 INFO DAGScheduler: Submitting 1 missing tasks from ResultStage 0 (MapPartitionsRDD[3] at json at NativeMethodAccessorImpl.java:0) (first 15 tasks are for partitions Vector(0))
[2024-09-03 22:43:25,321] {spark_submit.py:495} INFO - 24/09/03 22:43:25 INFO TaskSchedulerImpl: Adding task set 0.0 with 1 tasks resource profile 0
[2024-09-03 22:43:25,374] {spark_submit.py:495} INFO - 24/09/03 22:43:25 INFO TaskSetManager: Starting task 0.0 in stage 0.0 (TID 0) (192.168.2.128, executor driver, partition 0, PROCESS_LOCAL, 4981 bytes) taskResourceAssignments Map()
[2024-09-03 22:43:25,402] {spark_submit.py:495} INFO - 24/09/03 22:43:25 INFO Executor: Running task 0.0 in stage 0.0 (TID 0)
[2024-09-03 22:43:25,683] {spark_submit.py:495} INFO - 24/09/03 22:43:25 INFO FileScanRDD: Reading File path: file:///home/kai/Documents/PROJETOS/twitter_extractor_airflow/datalake/bronze/data_engineer/extract_data=2024-08-08T00:00:00.00Z/data_engineer_20240808.json, range: 0-4494, partition values: [empty row]
[2024-09-03 22:43:25,930] {spark_submit.py:495} INFO - 24/09/03 22:43:25 INFO CodeGenerator: Code generated in 150.594705 ms
[2024-09-03 22:43:25,980] {spark_submit.py:495} INFO - 24/09/03 22:43:25 INFO Executor: Finished task 0.0 in stage 0.0 (TID 0). 2725 bytes result sent to driver
[2024-09-03 22:43:25,991] {spark_submit.py:495} INFO - 24/09/03 22:43:25 INFO TaskSetManager: Finished task 0.0 in stage 0.0 (TID 0) in 625 ms on 192.168.2.128 (executor driver) (1/1)
[2024-09-03 22:43:25,995] {spark_submit.py:495} INFO - 24/09/03 22:43:25 INFO TaskSchedulerImpl: Removed TaskSet 0.0, whose tasks have all completed, from pool
[2024-09-03 22:43:25,998] {spark_submit.py:495} INFO - 24/09/03 22:43:25 INFO DAGScheduler: ResultStage 0 (json at NativeMethodAccessorImpl.java:0) finished in 0,767 s
[2024-09-03 22:43:26,104] {spark_submit.py:495} INFO - 24/09/03 22:43:26 INFO DAGScheduler: Job 0 is finished. Cancelling potential speculative or zombie tasks for this job
[2024-09-03 22:43:26,104] {spark_submit.py:495} INFO - 24/09/03 22:43:26 INFO TaskSchedulerImpl: Killing all running tasks in stage 0: Stage finished
[2024-09-03 22:43:26,105] {spark_submit.py:495} INFO - 24/09/03 22:43:26 INFO DAGScheduler: Job 0 finished: json at NativeMethodAccessorImpl.java:0, took 0,908929 s
[2024-09-03 22:43:26,546] {spark_submit.py:495} INFO - 24/09/03 22:43:26 INFO FileSourceStrategy: Pushed Filters: IsNotNull(data)
[2024-09-03 22:43:26,548] {spark_submit.py:495} INFO - 24/09/03 22:43:26 INFO FileSourceStrategy: Post-Scan Filters: (size(data#7, true) > 0),isnotnull(data#7)
[2024-09-03 22:43:26,548] {spark_submit.py:495} INFO - 24/09/03 22:43:26 INFO FileSourceStrategy: Output Data Schema: struct<data: array<struct<author_id:string,conversation_id:string,created_at:string,edit_history_tweet_ids:array<bigint>,id:string,in_reply_to_user_id:string,lang:string,public_metrics:struct<like_count:bigint,quote_count:bigint,reply_count:bigint,retweet_count:bigint>,text:string>>>
[2024-09-03 22:43:26,635] {spark_submit.py:495} INFO - 24/09/03 22:43:26 INFO FileOutputCommitter: File Output Committer Algorithm version is 1
[2024-09-03 22:43:26,635] {spark_submit.py:495} INFO - 24/09/03 22:43:26 INFO FileOutputCommitter: FileOutputCommitter skip cleanup _temporary folders under output directory:false, ignore cleanup failures: false
[2024-09-03 22:43:26,637] {spark_submit.py:495} INFO - 24/09/03 22:43:26 INFO SQLHadoopMapReduceCommitProtocol: Using output committer class org.apache.hadoop.mapreduce.lib.output.FileOutputCommitter
[2024-09-03 22:43:26,731] {spark_submit.py:495} INFO - 24/09/03 22:43:26 INFO CodeGenerator: Code generated in 33.833144 ms
[2024-09-03 22:43:26,777] {spark_submit.py:495} INFO - 24/09/03 22:43:26 INFO CodeGenerator: Code generated in 28.475503 ms
[2024-09-03 22:43:26,785] {spark_submit.py:495} INFO - 24/09/03 22:43:26 INFO MemoryStore: Block broadcast_2 stored as values in memory (estimated size 303.0 KiB, free 365.7 MiB)
[2024-09-03 22:43:26,794] {spark_submit.py:495} INFO - 24/09/03 22:43:26 INFO MemoryStore: Block broadcast_2_piece0 stored as bytes in memory (estimated size 27.5 KiB, free 365.6 MiB)
[2024-09-03 22:43:26,795] {spark_submit.py:495} INFO - 24/09/03 22:43:26 INFO BlockManagerInfo: Added broadcast_2_piece0 in memory on 192.168.2.128:42709 (size: 27.5 KiB, free: 366.2 MiB)
[2024-09-03 22:43:26,796] {spark_submit.py:495} INFO - 24/09/03 22:43:26 INFO SparkContext: Created broadcast 2 from json at NativeMethodAccessorImpl.java:0
[2024-09-03 22:43:26,798] {spark_submit.py:495} INFO - 24/09/03 22:43:26 INFO FileSourceScanExec: Planning scan with bin packing, max size: 4198798 bytes, open cost is considered as scanning 4194304 bytes.
[2024-09-03 22:43:26,850] {spark_submit.py:495} INFO - 24/09/03 22:43:26 INFO SparkContext: Starting job: json at NativeMethodAccessorImpl.java:0
[2024-09-03 22:43:26,852] {spark_submit.py:495} INFO - 24/09/03 22:43:26 INFO DAGScheduler: Got job 1 (json at NativeMethodAccessorImpl.java:0) with 1 output partitions
[2024-09-03 22:43:26,852] {spark_submit.py:495} INFO - 24/09/03 22:43:26 INFO DAGScheduler: Final stage: ResultStage 1 (json at NativeMethodAccessorImpl.java:0)
[2024-09-03 22:43:26,852] {spark_submit.py:495} INFO - 24/09/03 22:43:26 INFO DAGScheduler: Parents of final stage: List()
[2024-09-03 22:43:26,852] {spark_submit.py:495} INFO - 24/09/03 22:43:26 INFO DAGScheduler: Missing parents: List()
[2024-09-03 22:43:26,853] {spark_submit.py:495} INFO - 24/09/03 22:43:26 INFO DAGScheduler: Submitting ResultStage 1 (CoalescedRDD[9] at json at NativeMethodAccessorImpl.java:0), which has no missing parents
[2024-09-03 22:43:26,921] {spark_submit.py:495} INFO - 24/09/03 22:43:26 INFO MemoryStore: Block broadcast_3 stored as values in memory (estimated size 190.1 KiB, free 365.5 MiB)
[2024-09-03 22:43:26,926] {spark_submit.py:495} INFO - 24/09/03 22:43:26 INFO MemoryStore: Block broadcast_3_piece0 stored as bytes in memory (estimated size 66.6 KiB, free 365.4 MiB)
[2024-09-03 22:43:26,927] {spark_submit.py:495} INFO - 24/09/03 22:43:26 INFO BlockManagerInfo: Added broadcast_3_piece0 in memory on 192.168.2.128:42709 (size: 66.6 KiB, free: 366.2 MiB)
[2024-09-03 22:43:26,928] {spark_submit.py:495} INFO - 24/09/03 22:43:26 INFO SparkContext: Created broadcast 3 from broadcast at DAGScheduler.scala:1433
[2024-09-03 22:43:26,929] {spark_submit.py:495} INFO - 24/09/03 22:43:26 INFO DAGScheduler: Submitting 1 missing tasks from ResultStage 1 (CoalescedRDD[9] at json at NativeMethodAccessorImpl.java:0) (first 15 tasks are for partitions Vector(0))
[2024-09-03 22:43:26,929] {spark_submit.py:495} INFO - 24/09/03 22:43:26 INFO TaskSchedulerImpl: Adding task set 1.0 with 1 tasks resource profile 0
[2024-09-03 22:43:26,933] {spark_submit.py:495} INFO - 24/09/03 22:43:26 INFO TaskSetManager: Starting task 0.0 in stage 1.0 (TID 1) (192.168.2.128, executor driver, partition 0, PROCESS_LOCAL, 5210 bytes) taskResourceAssignments Map()
[2024-09-03 22:43:26,934] {spark_submit.py:495} INFO - 24/09/03 22:43:26 INFO Executor: Running task 0.0 in stage 1.0 (TID 1)
[2024-09-03 22:43:26,999] {spark_submit.py:495} INFO - 24/09/03 22:43:26 INFO FileOutputCommitter: File Output Committer Algorithm version is 1
[2024-09-03 22:43:26,999] {spark_submit.py:495} INFO - 24/09/03 22:43:26 INFO FileOutputCommitter: FileOutputCommitter skip cleanup _temporary folders under output directory:false, ignore cleanup failures: false
[2024-09-03 22:43:27,002] {spark_submit.py:495} INFO - 24/09/03 22:43:27 INFO SQLHadoopMapReduceCommitProtocol: Using output committer class org.apache.hadoop.mapreduce.lib.output.FileOutputCommitter
[2024-09-03 22:43:27,101] {spark_submit.py:495} INFO - 24/09/03 22:43:27 INFO CodeGenerator: Code generated in 27.564478 ms
[2024-09-03 22:43:27,106] {spark_submit.py:495} INFO - 24/09/03 22:43:27 INFO FileScanRDD: Reading File path: file:///home/kai/Documents/PROJETOS/twitter_extractor_airflow/datalake/bronze/data_engineer/extract_data=2024-08-08T00:00:00.00Z/data_engineer_20240808.json, range: 0-4494, partition values: [empty row]
[2024-09-03 22:43:27,136] {spark_submit.py:495} INFO - 24/09/03 22:43:27 INFO CodeGenerator: Code generated in 25.123121 ms
[2024-09-03 22:43:27,166] {spark_submit.py:495} INFO - 24/09/03 22:43:27 INFO CodeGenerator: Code generated in 6.974675 ms
[2024-09-03 22:43:27,233] {spark_submit.py:495} INFO - 24/09/03 22:43:27 INFO FileOutputCommitter: Saved output of task 'attempt_202409032243264588729963667140891_0001_m_000000_1' to file:/home/kai/Documents/PROJETOS/twitter_extractor_airflow/datalake/silver/data_engineer/twitter_df/process_data=20240808/_temporary/0/task_202409032243264588729963667140891_0001_m_000000
[2024-09-03 22:43:27,234] {spark_submit.py:495} INFO - 24/09/03 22:43:27 INFO SparkHadoopMapRedUtil: attempt_202409032243264588729963667140891_0001_m_000000_1: Committed
[2024-09-03 22:43:27,239] {spark_submit.py:495} INFO - 24/09/03 22:43:27 INFO Executor: Finished task 0.0 in stage 1.0 (TID 1). 2901 bytes result sent to driver
[2024-09-03 22:43:27,245] {spark_submit.py:495} INFO - 24/09/03 22:43:27 INFO TaskSetManager: Finished task 0.0 in stage 1.0 (TID 1) in 314 ms on 192.168.2.128 (executor driver) (1/1)
[2024-09-03 22:43:27,253] {spark_submit.py:495} INFO - 24/09/03 22:43:27 INFO TaskSchedulerImpl: Removed TaskSet 1.0, whose tasks have all completed, from pool
[2024-09-03 22:43:27,253] {spark_submit.py:495} INFO - 24/09/03 22:43:27 INFO DAGScheduler: ResultStage 1 (json at NativeMethodAccessorImpl.java:0) finished in 0,385 s
[2024-09-03 22:43:27,253] {spark_submit.py:495} INFO - 24/09/03 22:43:27 INFO DAGScheduler: Job 1 is finished. Cancelling potential speculative or zombie tasks for this job
[2024-09-03 22:43:27,254] {spark_submit.py:495} INFO - 24/09/03 22:43:27 INFO TaskSchedulerImpl: Killing all running tasks in stage 1: Stage finished
[2024-09-03 22:43:27,254] {spark_submit.py:495} INFO - 24/09/03 22:43:27 INFO DAGScheduler: Job 1 finished: json at NativeMethodAccessorImpl.java:0, took 0,401994 s
[2024-09-03 22:43:27,284] {spark_submit.py:495} INFO - 24/09/03 22:43:27 INFO FileFormatWriter: Write Job 432f4a49-51f0-4e34-9a7c-dc86a3f4d143 committed.
[2024-09-03 22:43:27,291] {spark_submit.py:495} INFO - 24/09/03 22:43:27 INFO FileFormatWriter: Finished processing stats for write job 432f4a49-51f0-4e34-9a7c-dc86a3f4d143.
[2024-09-03 22:43:27,348] {spark_submit.py:495} INFO - 24/09/03 22:43:27 INFO FileSourceStrategy: Pushed Filters:
[2024-09-03 22:43:27,348] {spark_submit.py:495} INFO - 24/09/03 22:43:27 INFO FileSourceStrategy: Post-Scan Filters:
[2024-09-03 22:43:27,349] {spark_submit.py:495} INFO - 24/09/03 22:43:27 INFO FileSourceStrategy: Output Data Schema: struct<includes: struct<users: array<struct<created_at:string,id:string,name:string,username:string>>>>
[2024-09-03 22:43:27,364] {spark_submit.py:495} INFO - 24/09/03 22:43:27 INFO FileOutputCommitter: File Output Committer Algorithm version is 1
[2024-09-03 22:43:27,364] {spark_submit.py:495} INFO - 24/09/03 22:43:27 INFO FileOutputCommitter: FileOutputCommitter skip cleanup _temporary folders under output directory:false, ignore cleanup failures: false
[2024-09-03 22:43:27,365] {spark_submit.py:495} INFO - 24/09/03 22:43:27 INFO SQLHadoopMapReduceCommitProtocol: Using output committer class org.apache.hadoop.mapreduce.lib.output.FileOutputCommitter
[2024-09-03 22:43:27,409] {spark_submit.py:495} INFO - 24/09/03 22:43:27 INFO CodeGenerator: Code generated in 11.628514 ms
[2024-09-03 22:43:27,413] {spark_submit.py:495} INFO - 24/09/03 22:43:27 INFO MemoryStore: Block broadcast_4 stored as values in memory (estimated size 303.0 KiB, free 365.1 MiB)
[2024-09-03 22:43:27,422] {spark_submit.py:495} INFO - 24/09/03 22:43:27 INFO MemoryStore: Block broadcast_4_piece0 stored as bytes in memory (estimated size 27.5 KiB, free 365.1 MiB)
[2024-09-03 22:43:27,426] {spark_submit.py:495} INFO - 24/09/03 22:43:27 INFO BlockManagerInfo: Added broadcast_4_piece0 in memory on 192.168.2.128:42709 (size: 27.5 KiB, free: 366.1 MiB)
[2024-09-03 22:43:27,427] {spark_submit.py:495} INFO - 24/09/03 22:43:27 INFO SparkContext: Created broadcast 4 from json at NativeMethodAccessorImpl.java:0
[2024-09-03 22:43:27,428] {spark_submit.py:495} INFO - 24/09/03 22:43:27 INFO FileSourceScanExec: Planning scan with bin packing, max size: 4198798 bytes, open cost is considered as scanning 4194304 bytes.
[2024-09-03 22:43:27,455] {spark_submit.py:495} INFO - 24/09/03 22:43:27 INFO SparkContext: Starting job: json at NativeMethodAccessorImpl.java:0
[2024-09-03 22:43:27,456] {spark_submit.py:495} INFO - 24/09/03 22:43:27 INFO DAGScheduler: Got job 2 (json at NativeMethodAccessorImpl.java:0) with 1 output partitions
[2024-09-03 22:43:27,457] {spark_submit.py:495} INFO - 24/09/03 22:43:27 INFO DAGScheduler: Final stage: ResultStage 2 (json at NativeMethodAccessorImpl.java:0)
[2024-09-03 22:43:27,457] {spark_submit.py:495} INFO - 24/09/03 22:43:27 INFO DAGScheduler: Parents of final stage: List()
[2024-09-03 22:43:27,458] {spark_submit.py:495} INFO - 24/09/03 22:43:27 INFO DAGScheduler: Missing parents: List()
[2024-09-03 22:43:27,461] {spark_submit.py:495} INFO - 24/09/03 22:43:27 INFO DAGScheduler: Submitting ResultStage 2 (CoalescedRDD[16] at json at NativeMethodAccessorImpl.java:0), which has no missing parents
[2024-09-03 22:43:27,480] {spark_submit.py:495} INFO - 24/09/03 22:43:27 INFO MemoryStore: Block broadcast_5 stored as values in memory (estimated size 178.3 KiB, free 364.9 MiB)
[2024-09-03 22:43:27,482] {spark_submit.py:495} INFO - 24/09/03 22:43:27 INFO MemoryStore: Block broadcast_5_piece0 stored as bytes in memory (estimated size 64.0 KiB, free 364.8 MiB)
[2024-09-03 22:43:27,483] {spark_submit.py:495} INFO - 24/09/03 22:43:27 INFO BlockManagerInfo: Added broadcast_5_piece0 in memory on 192.168.2.128:42709 (size: 64.0 KiB, free: 366.1 MiB)
[2024-09-03 22:43:27,484] {spark_submit.py:495} INFO - 24/09/03 22:43:27 INFO SparkContext: Created broadcast 5 from broadcast at DAGScheduler.scala:1433
[2024-09-03 22:43:27,485] {spark_submit.py:495} INFO - 24/09/03 22:43:27 INFO DAGScheduler: Submitting 1 missing tasks from ResultStage 2 (CoalescedRDD[16] at json at NativeMethodAccessorImpl.java:0) (first 15 tasks are for partitions Vector(0))
[2024-09-03 22:43:27,485] {spark_submit.py:495} INFO - 24/09/03 22:43:27 INFO TaskSchedulerImpl: Adding task set 2.0 with 1 tasks resource profile 0
[2024-09-03 22:43:27,487] {spark_submit.py:495} INFO - 24/09/03 22:43:27 INFO TaskSetManager: Starting task 0.0 in stage 2.0 (TID 2) (192.168.2.128, executor driver, partition 0, PROCESS_LOCAL, 5210 bytes) taskResourceAssignments Map()
[2024-09-03 22:43:27,487] {spark_submit.py:495} INFO - 24/09/03 22:43:27 INFO Executor: Running task 0.0 in stage 2.0 (TID 2)
[2024-09-03 22:43:27,520] {spark_submit.py:495} INFO - 24/09/03 22:43:27 INFO FileOutputCommitter: File Output Committer Algorithm version is 1
[2024-09-03 22:43:27,520] {spark_submit.py:495} INFO - 24/09/03 22:43:27 INFO FileOutputCommitter: FileOutputCommitter skip cleanup _temporary folders under output directory:false, ignore cleanup failures: false
[2024-09-03 22:43:27,521] {spark_submit.py:495} INFO - 24/09/03 22:43:27 INFO SQLHadoopMapReduceCommitProtocol: Using output committer class org.apache.hadoop.mapreduce.lib.output.FileOutputCommitter
[2024-09-03 22:43:27,561] {spark_submit.py:495} INFO - 24/09/03 22:43:27 INFO CodeGenerator: Code generated in 11.545065 ms
[2024-09-03 22:43:27,564] {spark_submit.py:495} INFO - 24/09/03 22:43:27 INFO FileScanRDD: Reading File path: file:///home/kai/Documents/PROJETOS/twitter_extractor_airflow/datalake/bronze/data_engineer/extract_data=2024-08-08T00:00:00.00Z/data_engineer_20240808.json, range: 0-4494, partition values: [empty row]
[2024-09-03 22:43:27,585] {spark_submit.py:495} INFO - 24/09/03 22:43:27 INFO CodeGenerator: Code generated in 19.023596 ms
[2024-09-03 22:43:27,595] {spark_submit.py:495} INFO - 24/09/03 22:43:27 INFO FileOutputCommitter: Saved output of task 'attempt_202409032243275623031131540205988_0002_m_000000_2' to file:/home/kai/Documents/PROJETOS/twitter_extractor_airflow/datalake/silver/data_engineer/user_df/process_data=20240808/_temporary/0/task_202409032243275623031131540205988_0002_m_000000
[2024-09-03 22:43:27,595] {spark_submit.py:495} INFO - 24/09/03 22:43:27 INFO SparkHadoopMapRedUtil: attempt_202409032243275623031131540205988_0002_m_000000_2: Committed
[2024-09-03 22:43:27,596] {spark_submit.py:495} INFO - 24/09/03 22:43:27 INFO Executor: Finished task 0.0 in stage 2.0 (TID 2). 2734 bytes result sent to driver
[2024-09-03 22:43:27,597] {spark_submit.py:495} INFO - 24/09/03 22:43:27 INFO TaskSetManager: Finished task 0.0 in stage 2.0 (TID 2) in 111 ms on 192.168.2.128 (executor driver) (1/1)
[2024-09-03 22:43:27,598] {spark_submit.py:495} INFO - 24/09/03 22:43:27 INFO TaskSchedulerImpl: Removed TaskSet 2.0, whose tasks have all completed, from pool
[2024-09-03 22:43:27,598] {spark_submit.py:495} INFO - 24/09/03 22:43:27 INFO DAGScheduler: ResultStage 2 (json at NativeMethodAccessorImpl.java:0) finished in 0,136 s
[2024-09-03 22:43:27,599] {spark_submit.py:495} INFO - 24/09/03 22:43:27 INFO DAGScheduler: Job 2 is finished. Cancelling potential speculative or zombie tasks for this job
[2024-09-03 22:43:27,599] {spark_submit.py:495} INFO - 24/09/03 22:43:27 INFO TaskSchedulerImpl: Killing all running tasks in stage 2: Stage finished
[2024-09-03 22:43:27,600] {spark_submit.py:495} INFO - 24/09/03 22:43:27 INFO DAGScheduler: Job 2 finished: json at NativeMethodAccessorImpl.java:0, took 0,144786 s
[2024-09-03 22:43:27,620] {spark_submit.py:495} INFO - 24/09/03 22:43:27 INFO FileFormatWriter: Write Job 08378499-b3b5-4899-9f45-2a5e766bfbbb committed.
[2024-09-03 22:43:27,621] {spark_submit.py:495} INFO - 24/09/03 22:43:27 INFO FileFormatWriter: Finished processing stats for write job 08378499-b3b5-4899-9f45-2a5e766bfbbb.
[2024-09-03 22:43:27,656] {spark_submit.py:495} INFO - 24/09/03 22:43:27 INFO SparkContext: Invoking stop() from shutdown hook
[2024-09-03 22:43:27,666] {spark_submit.py:495} INFO - 24/09/03 22:43:27 INFO SparkUI: Stopped Spark web UI at http://192.168.2.128:4041
[2024-09-03 22:43:27,682] {spark_submit.py:495} INFO - 24/09/03 22:43:27 INFO MapOutputTrackerMasterEndpoint: MapOutputTrackerMasterEndpoint stopped!
[2024-09-03 22:43:27,690] {spark_submit.py:495} INFO - 24/09/03 22:43:27 INFO MemoryStore: MemoryStore cleared
[2024-09-03 22:43:27,692] {spark_submit.py:495} INFO - 24/09/03 22:43:27 INFO BlockManager: BlockManager stopped
[2024-09-03 22:43:27,700] {spark_submit.py:495} INFO - 24/09/03 22:43:27 INFO BlockManagerMaster: BlockManagerMaster stopped
[2024-09-03 22:43:27,703] {spark_submit.py:495} INFO - 24/09/03 22:43:27 INFO OutputCommitCoordinator$OutputCommitCoordinatorEndpoint: OutputCommitCoordinator stopped!
[2024-09-03 22:43:27,711] {spark_submit.py:495} INFO - 24/09/03 22:43:27 INFO SparkContext: Successfully stopped SparkContext
[2024-09-03 22:43:27,712] {spark_submit.py:495} INFO - 24/09/03 22:43:27 INFO ShutdownHookManager: Shutdown hook called
[2024-09-03 22:43:27,713] {spark_submit.py:495} INFO - 24/09/03 22:43:27 INFO ShutdownHookManager: Deleting directory /tmp/spark-6feec265-8e64-4017-b3b6-51ef96db26e0
[2024-09-03 22:43:27,716] {spark_submit.py:495} INFO - 24/09/03 22:43:27 INFO ShutdownHookManager: Deleting directory /tmp/spark-6feec265-8e64-4017-b3b6-51ef96db26e0/pyspark-cff5ff6e-a486-492b-906d-705ec6d3dbdf
[2024-09-03 22:43:27,718] {spark_submit.py:495} INFO - 24/09/03 22:43:27 INFO ShutdownHookManager: Deleting directory /tmp/spark-dccf4dfd-5745-4a77-802f-fcc67cbc030d
[2024-09-03 22:43:27,797] {taskinstance.py:1395} INFO - Marking task as SUCCESS. dag_id=Twitter_extractor_DAGs, task_id=SILVER_LAYER_LOAD_L, execution_date=20240808T000000, start_date=20240904T014318, end_date=20240904T014327
[2024-09-03 22:43:27,848] {local_task_job.py:156} INFO - Task exited with return code 0
[2024-09-03 22:43:27,869] {local_task_job.py:273} INFO - 1 downstream tasks scheduled from follow-on schedule check
