[2024-08-28 13:42:21,464] {processor.py:153} INFO - Started process (PID=27210) to work on /home/kai/Documents/PROJETOS/twitter_extractor_airflow/venv/lib/python3.8/site-packages/airflow/example_dags/subdags/subdag.py
[2024-08-28 13:42:21,464] {processor.py:641} INFO - Processing file /home/kai/Documents/PROJETOS/twitter_extractor_airflow/venv/lib/python3.8/site-packages/airflow/example_dags/subdags/subdag.py for tasks to queue
[2024-08-28 13:42:21,464] {logging_mixin.py:115} INFO - [2024-08-28 13:42:21,464] {dagbag.py:507} INFO - Filling up the DagBag from /home/kai/Documents/PROJETOS/twitter_extractor_airflow/venv/lib/python3.8/site-packages/airflow/example_dags/subdags/subdag.py
[2024-08-28 13:42:21,487] {processor.py:653} WARNING - No viable dags retrieved from /home/kai/Documents/PROJETOS/twitter_extractor_airflow/venv/lib/python3.8/site-packages/airflow/example_dags/subdags/subdag.py
[2024-08-28 13:42:21,743] {processor.py:161} INFO - Processing /home/kai/Documents/PROJETOS/twitter_extractor_airflow/venv/lib/python3.8/site-packages/airflow/example_dags/subdags/subdag.py took 0.282 seconds
[2024-08-28 13:42:56,769] {processor.py:153} INFO - Started process (PID=27548) to work on /home/kai/Documents/PROJETOS/twitter_extractor_airflow/venv/lib/python3.8/site-packages/airflow/example_dags/subdags/subdag.py
[2024-08-28 13:42:56,769] {processor.py:641} INFO - Processing file /home/kai/Documents/PROJETOS/twitter_extractor_airflow/venv/lib/python3.8/site-packages/airflow/example_dags/subdags/subdag.py for tasks to queue
[2024-08-28 13:42:56,770] {logging_mixin.py:115} INFO - [2024-08-28 13:42:56,770] {dagbag.py:507} INFO - Filling up the DagBag from /home/kai/Documents/PROJETOS/twitter_extractor_airflow/venv/lib/python3.8/site-packages/airflow/example_dags/subdags/subdag.py
[2024-08-28 13:42:56,771] {processor.py:653} WARNING - No viable dags retrieved from /home/kai/Documents/PROJETOS/twitter_extractor_airflow/venv/lib/python3.8/site-packages/airflow/example_dags/subdags/subdag.py
[2024-08-28 13:42:56,779] {processor.py:161} INFO - Processing /home/kai/Documents/PROJETOS/twitter_extractor_airflow/venv/lib/python3.8/site-packages/airflow/example_dags/subdags/subdag.py took 0.013 seconds
[2024-08-28 13:43:30,965] {processor.py:153} INFO - Started process (PID=27739) to work on /home/kai/Documents/PROJETOS/twitter_extractor_airflow/venv/lib/python3.8/site-packages/airflow/example_dags/subdags/subdag.py
[2024-08-28 13:43:30,965] {processor.py:641} INFO - Processing file /home/kai/Documents/PROJETOS/twitter_extractor_airflow/venv/lib/python3.8/site-packages/airflow/example_dags/subdags/subdag.py for tasks to queue
[2024-08-28 13:43:30,966] {logging_mixin.py:115} INFO - [2024-08-28 13:43:30,966] {dagbag.py:507} INFO - Filling up the DagBag from /home/kai/Documents/PROJETOS/twitter_extractor_airflow/venv/lib/python3.8/site-packages/airflow/example_dags/subdags/subdag.py
[2024-08-28 13:43:30,967] {processor.py:653} WARNING - No viable dags retrieved from /home/kai/Documents/PROJETOS/twitter_extractor_airflow/venv/lib/python3.8/site-packages/airflow/example_dags/subdags/subdag.py
[2024-08-28 13:43:30,976] {processor.py:161} INFO - Processing /home/kai/Documents/PROJETOS/twitter_extractor_airflow/venv/lib/python3.8/site-packages/airflow/example_dags/subdags/subdag.py took 0.014 seconds
[2024-08-28 13:44:05,825] {processor.py:153} INFO - Started process (PID=27938) to work on /home/kai/Documents/PROJETOS/twitter_extractor_airflow/venv/lib/python3.8/site-packages/airflow/example_dags/subdags/subdag.py
[2024-08-28 13:44:05,826] {processor.py:641} INFO - Processing file /home/kai/Documents/PROJETOS/twitter_extractor_airflow/venv/lib/python3.8/site-packages/airflow/example_dags/subdags/subdag.py for tasks to queue
[2024-08-28 13:44:05,826] {logging_mixin.py:115} INFO - [2024-08-28 13:44:05,826] {dagbag.py:507} INFO - Filling up the DagBag from /home/kai/Documents/PROJETOS/twitter_extractor_airflow/venv/lib/python3.8/site-packages/airflow/example_dags/subdags/subdag.py
[2024-08-28 13:44:05,827] {processor.py:653} WARNING - No viable dags retrieved from /home/kai/Documents/PROJETOS/twitter_extractor_airflow/venv/lib/python3.8/site-packages/airflow/example_dags/subdags/subdag.py
[2024-08-28 13:44:05,837] {processor.py:161} INFO - Processing /home/kai/Documents/PROJETOS/twitter_extractor_airflow/venv/lib/python3.8/site-packages/airflow/example_dags/subdags/subdag.py took 0.014 seconds
[2024-08-28 13:44:37,879] {processor.py:153} INFO - Started process (PID=28127) to work on /home/kai/Documents/PROJETOS/twitter_extractor_airflow/venv/lib/python3.8/site-packages/airflow/example_dags/subdags/subdag.py
[2024-08-28 13:44:37,880] {processor.py:641} INFO - Processing file /home/kai/Documents/PROJETOS/twitter_extractor_airflow/venv/lib/python3.8/site-packages/airflow/example_dags/subdags/subdag.py for tasks to queue
[2024-08-28 13:44:37,880] {logging_mixin.py:115} INFO - [2024-08-28 13:44:37,880] {dagbag.py:507} INFO - Filling up the DagBag from /home/kai/Documents/PROJETOS/twitter_extractor_airflow/venv/lib/python3.8/site-packages/airflow/example_dags/subdags/subdag.py
[2024-08-28 13:44:37,882] {processor.py:653} WARNING - No viable dags retrieved from /home/kai/Documents/PROJETOS/twitter_extractor_airflow/venv/lib/python3.8/site-packages/airflow/example_dags/subdags/subdag.py
[2024-08-28 13:44:37,892] {processor.py:161} INFO - Processing /home/kai/Documents/PROJETOS/twitter_extractor_airflow/venv/lib/python3.8/site-packages/airflow/example_dags/subdags/subdag.py took 0.015 seconds
[2024-08-28 13:45:09,446] {processor.py:153} INFO - Started process (PID=28318) to work on /home/kai/Documents/PROJETOS/twitter_extractor_airflow/venv/lib/python3.8/site-packages/airflow/example_dags/subdags/subdag.py
[2024-08-28 13:45:09,447] {processor.py:641} INFO - Processing file /home/kai/Documents/PROJETOS/twitter_extractor_airflow/venv/lib/python3.8/site-packages/airflow/example_dags/subdags/subdag.py for tasks to queue
[2024-08-28 13:45:09,447] {logging_mixin.py:115} INFO - [2024-08-28 13:45:09,447] {dagbag.py:507} INFO - Filling up the DagBag from /home/kai/Documents/PROJETOS/twitter_extractor_airflow/venv/lib/python3.8/site-packages/airflow/example_dags/subdags/subdag.py
[2024-08-28 13:45:09,449] {processor.py:653} WARNING - No viable dags retrieved from /home/kai/Documents/PROJETOS/twitter_extractor_airflow/venv/lib/python3.8/site-packages/airflow/example_dags/subdags/subdag.py
[2024-08-28 13:45:09,458] {processor.py:161} INFO - Processing /home/kai/Documents/PROJETOS/twitter_extractor_airflow/venv/lib/python3.8/site-packages/airflow/example_dags/subdags/subdag.py took 0.015 seconds
[2024-08-28 13:45:42,156] {processor.py:153} INFO - Started process (PID=28509) to work on /home/kai/Documents/PROJETOS/twitter_extractor_airflow/venv/lib/python3.8/site-packages/airflow/example_dags/subdags/subdag.py
[2024-08-28 13:45:42,157] {processor.py:641} INFO - Processing file /home/kai/Documents/PROJETOS/twitter_extractor_airflow/venv/lib/python3.8/site-packages/airflow/example_dags/subdags/subdag.py for tasks to queue
[2024-08-28 13:45:42,157] {logging_mixin.py:115} INFO - [2024-08-28 13:45:42,157] {dagbag.py:507} INFO - Filling up the DagBag from /home/kai/Documents/PROJETOS/twitter_extractor_airflow/venv/lib/python3.8/site-packages/airflow/example_dags/subdags/subdag.py
[2024-08-28 13:45:42,159] {processor.py:653} WARNING - No viable dags retrieved from /home/kai/Documents/PROJETOS/twitter_extractor_airflow/venv/lib/python3.8/site-packages/airflow/example_dags/subdags/subdag.py
[2024-08-28 13:45:42,167] {processor.py:161} INFO - Processing /home/kai/Documents/PROJETOS/twitter_extractor_airflow/venv/lib/python3.8/site-packages/airflow/example_dags/subdags/subdag.py took 0.013 seconds
[2024-08-28 13:46:15,630] {processor.py:153} INFO - Started process (PID=28703) to work on /home/kai/Documents/PROJETOS/twitter_extractor_airflow/venv/lib/python3.8/site-packages/airflow/example_dags/subdags/subdag.py
[2024-08-28 13:46:15,631] {processor.py:641} INFO - Processing file /home/kai/Documents/PROJETOS/twitter_extractor_airflow/venv/lib/python3.8/site-packages/airflow/example_dags/subdags/subdag.py for tasks to queue
[2024-08-28 13:46:15,631] {logging_mixin.py:115} INFO - [2024-08-28 13:46:15,631] {dagbag.py:507} INFO - Filling up the DagBag from /home/kai/Documents/PROJETOS/twitter_extractor_airflow/venv/lib/python3.8/site-packages/airflow/example_dags/subdags/subdag.py
[2024-08-28 13:46:15,632] {processor.py:653} WARNING - No viable dags retrieved from /home/kai/Documents/PROJETOS/twitter_extractor_airflow/venv/lib/python3.8/site-packages/airflow/example_dags/subdags/subdag.py
[2024-08-28 13:46:15,641] {processor.py:161} INFO - Processing /home/kai/Documents/PROJETOS/twitter_extractor_airflow/venv/lib/python3.8/site-packages/airflow/example_dags/subdags/subdag.py took 0.013 seconds
[2024-08-28 13:46:48,625] {processor.py:153} INFO - Started process (PID=29398) to work on /home/kai/Documents/PROJETOS/twitter_extractor_airflow/venv/lib/python3.8/site-packages/airflow/example_dags/subdags/subdag.py
[2024-08-28 13:46:48,626] {processor.py:641} INFO - Processing file /home/kai/Documents/PROJETOS/twitter_extractor_airflow/venv/lib/python3.8/site-packages/airflow/example_dags/subdags/subdag.py for tasks to queue
[2024-08-28 13:46:48,626] {logging_mixin.py:115} INFO - [2024-08-28 13:46:48,626] {dagbag.py:507} INFO - Filling up the DagBag from /home/kai/Documents/PROJETOS/twitter_extractor_airflow/venv/lib/python3.8/site-packages/airflow/example_dags/subdags/subdag.py
[2024-08-28 13:46:48,628] {processor.py:653} WARNING - No viable dags retrieved from /home/kai/Documents/PROJETOS/twitter_extractor_airflow/venv/lib/python3.8/site-packages/airflow/example_dags/subdags/subdag.py
[2024-08-28 13:46:48,640] {processor.py:161} INFO - Processing /home/kai/Documents/PROJETOS/twitter_extractor_airflow/venv/lib/python3.8/site-packages/airflow/example_dags/subdags/subdag.py took 0.019 seconds
[2024-08-28 13:47:18,792] {processor.py:153} INFO - Started process (PID=29782) to work on /home/kai/Documents/PROJETOS/twitter_extractor_airflow/venv/lib/python3.8/site-packages/airflow/example_dags/subdags/subdag.py
[2024-08-28 13:47:18,792] {processor.py:641} INFO - Processing file /home/kai/Documents/PROJETOS/twitter_extractor_airflow/venv/lib/python3.8/site-packages/airflow/example_dags/subdags/subdag.py for tasks to queue
[2024-08-28 13:47:18,793] {logging_mixin.py:115} INFO - [2024-08-28 13:47:18,793] {dagbag.py:507} INFO - Filling up the DagBag from /home/kai/Documents/PROJETOS/twitter_extractor_airflow/venv/lib/python3.8/site-packages/airflow/example_dags/subdags/subdag.py
[2024-08-28 13:47:18,794] {processor.py:653} WARNING - No viable dags retrieved from /home/kai/Documents/PROJETOS/twitter_extractor_airflow/venv/lib/python3.8/site-packages/airflow/example_dags/subdags/subdag.py
[2024-08-28 13:47:18,812] {processor.py:161} INFO - Processing /home/kai/Documents/PROJETOS/twitter_extractor_airflow/venv/lib/python3.8/site-packages/airflow/example_dags/subdags/subdag.py took 0.023 seconds
[2024-08-28 13:47:52,008] {processor.py:153} INFO - Started process (PID=30043) to work on /home/kai/Documents/PROJETOS/twitter_extractor_airflow/venv/lib/python3.8/site-packages/airflow/example_dags/subdags/subdag.py
[2024-08-28 13:47:52,009] {processor.py:641} INFO - Processing file /home/kai/Documents/PROJETOS/twitter_extractor_airflow/venv/lib/python3.8/site-packages/airflow/example_dags/subdags/subdag.py for tasks to queue
[2024-08-28 13:47:52,009] {logging_mixin.py:115} INFO - [2024-08-28 13:47:52,009] {dagbag.py:507} INFO - Filling up the DagBag from /home/kai/Documents/PROJETOS/twitter_extractor_airflow/venv/lib/python3.8/site-packages/airflow/example_dags/subdags/subdag.py
[2024-08-28 13:47:52,011] {processor.py:653} WARNING - No viable dags retrieved from /home/kai/Documents/PROJETOS/twitter_extractor_airflow/venv/lib/python3.8/site-packages/airflow/example_dags/subdags/subdag.py
[2024-08-28 13:47:52,020] {processor.py:161} INFO - Processing /home/kai/Documents/PROJETOS/twitter_extractor_airflow/venv/lib/python3.8/site-packages/airflow/example_dags/subdags/subdag.py took 0.014 seconds
[2024-08-28 13:48:22,814] {processor.py:153} INFO - Started process (PID=30266) to work on /home/kai/Documents/PROJETOS/twitter_extractor_airflow/venv/lib/python3.8/site-packages/airflow/example_dags/subdags/subdag.py
[2024-08-28 13:48:22,814] {processor.py:641} INFO - Processing file /home/kai/Documents/PROJETOS/twitter_extractor_airflow/venv/lib/python3.8/site-packages/airflow/example_dags/subdags/subdag.py for tasks to queue
[2024-08-28 13:48:22,815] {logging_mixin.py:115} INFO - [2024-08-28 13:48:22,814] {dagbag.py:507} INFO - Filling up the DagBag from /home/kai/Documents/PROJETOS/twitter_extractor_airflow/venv/lib/python3.8/site-packages/airflow/example_dags/subdags/subdag.py
[2024-08-28 13:48:22,816] {processor.py:653} WARNING - No viable dags retrieved from /home/kai/Documents/PROJETOS/twitter_extractor_airflow/venv/lib/python3.8/site-packages/airflow/example_dags/subdags/subdag.py
[2024-08-28 13:48:22,824] {processor.py:161} INFO - Processing /home/kai/Documents/PROJETOS/twitter_extractor_airflow/venv/lib/python3.8/site-packages/airflow/example_dags/subdags/subdag.py took 0.013 seconds
[2024-08-28 13:48:58,300] {processor.py:153} INFO - Started process (PID=30491) to work on /home/kai/Documents/PROJETOS/twitter_extractor_airflow/venv/lib/python3.8/site-packages/airflow/example_dags/subdags/subdag.py
[2024-08-28 13:48:58,301] {processor.py:641} INFO - Processing file /home/kai/Documents/PROJETOS/twitter_extractor_airflow/venv/lib/python3.8/site-packages/airflow/example_dags/subdags/subdag.py for tasks to queue
[2024-08-28 13:48:58,301] {logging_mixin.py:115} INFO - [2024-08-28 13:48:58,301] {dagbag.py:507} INFO - Filling up the DagBag from /home/kai/Documents/PROJETOS/twitter_extractor_airflow/venv/lib/python3.8/site-packages/airflow/example_dags/subdags/subdag.py
[2024-08-28 13:48:58,302] {processor.py:653} WARNING - No viable dags retrieved from /home/kai/Documents/PROJETOS/twitter_extractor_airflow/venv/lib/python3.8/site-packages/airflow/example_dags/subdags/subdag.py
[2024-08-28 13:48:58,311] {processor.py:161} INFO - Processing /home/kai/Documents/PROJETOS/twitter_extractor_airflow/venv/lib/python3.8/site-packages/airflow/example_dags/subdags/subdag.py took 0.013 seconds
[2024-08-28 13:49:31,893] {processor.py:153} INFO - Started process (PID=30683) to work on /home/kai/Documents/PROJETOS/twitter_extractor_airflow/venv/lib/python3.8/site-packages/airflow/example_dags/subdags/subdag.py
[2024-08-28 13:49:31,893] {processor.py:641} INFO - Processing file /home/kai/Documents/PROJETOS/twitter_extractor_airflow/venv/lib/python3.8/site-packages/airflow/example_dags/subdags/subdag.py for tasks to queue
[2024-08-28 13:49:31,894] {logging_mixin.py:115} INFO - [2024-08-28 13:49:31,894] {dagbag.py:507} INFO - Filling up the DagBag from /home/kai/Documents/PROJETOS/twitter_extractor_airflow/venv/lib/python3.8/site-packages/airflow/example_dags/subdags/subdag.py
[2024-08-28 13:49:31,895] {processor.py:653} WARNING - No viable dags retrieved from /home/kai/Documents/PROJETOS/twitter_extractor_airflow/venv/lib/python3.8/site-packages/airflow/example_dags/subdags/subdag.py
[2024-08-28 13:49:31,904] {processor.py:161} INFO - Processing /home/kai/Documents/PROJETOS/twitter_extractor_airflow/venv/lib/python3.8/site-packages/airflow/example_dags/subdags/subdag.py took 0.014 seconds
[2024-08-28 13:50:02,752] {processor.py:153} INFO - Started process (PID=30906) to work on /home/kai/Documents/PROJETOS/twitter_extractor_airflow/venv/lib/python3.8/site-packages/airflow/example_dags/subdags/subdag.py
[2024-08-28 13:50:02,753] {processor.py:641} INFO - Processing file /home/kai/Documents/PROJETOS/twitter_extractor_airflow/venv/lib/python3.8/site-packages/airflow/example_dags/subdags/subdag.py for tasks to queue
[2024-08-28 13:50:02,753] {logging_mixin.py:115} INFO - [2024-08-28 13:50:02,753] {dagbag.py:507} INFO - Filling up the DagBag from /home/kai/Documents/PROJETOS/twitter_extractor_airflow/venv/lib/python3.8/site-packages/airflow/example_dags/subdags/subdag.py
[2024-08-28 13:50:02,755] {processor.py:653} WARNING - No viable dags retrieved from /home/kai/Documents/PROJETOS/twitter_extractor_airflow/venv/lib/python3.8/site-packages/airflow/example_dags/subdags/subdag.py
[2024-08-28 13:50:02,764] {processor.py:161} INFO - Processing /home/kai/Documents/PROJETOS/twitter_extractor_airflow/venv/lib/python3.8/site-packages/airflow/example_dags/subdags/subdag.py took 0.016 seconds
[2024-08-28 13:50:36,493] {processor.py:153} INFO - Started process (PID=31135) to work on /home/kai/Documents/PROJETOS/twitter_extractor_airflow/venv/lib/python3.8/site-packages/airflow/example_dags/subdags/subdag.py
[2024-08-28 13:50:36,494] {processor.py:641} INFO - Processing file /home/kai/Documents/PROJETOS/twitter_extractor_airflow/venv/lib/python3.8/site-packages/airflow/example_dags/subdags/subdag.py for tasks to queue
[2024-08-28 13:50:36,494] {logging_mixin.py:115} INFO - [2024-08-28 13:50:36,494] {dagbag.py:507} INFO - Filling up the DagBag from /home/kai/Documents/PROJETOS/twitter_extractor_airflow/venv/lib/python3.8/site-packages/airflow/example_dags/subdags/subdag.py
[2024-08-28 13:50:36,495] {processor.py:653} WARNING - No viable dags retrieved from /home/kai/Documents/PROJETOS/twitter_extractor_airflow/venv/lib/python3.8/site-packages/airflow/example_dags/subdags/subdag.py
[2024-08-28 13:50:36,506] {processor.py:161} INFO - Processing /home/kai/Documents/PROJETOS/twitter_extractor_airflow/venv/lib/python3.8/site-packages/airflow/example_dags/subdags/subdag.py took 0.015 seconds
[2024-08-28 13:51:07,472] {processor.py:153} INFO - Started process (PID=31319) to work on /home/kai/Documents/PROJETOS/twitter_extractor_airflow/venv/lib/python3.8/site-packages/airflow/example_dags/subdags/subdag.py
[2024-08-28 13:51:07,473] {processor.py:641} INFO - Processing file /home/kai/Documents/PROJETOS/twitter_extractor_airflow/venv/lib/python3.8/site-packages/airflow/example_dags/subdags/subdag.py for tasks to queue
[2024-08-28 13:51:07,474] {logging_mixin.py:115} INFO - [2024-08-28 13:51:07,474] {dagbag.py:507} INFO - Filling up the DagBag from /home/kai/Documents/PROJETOS/twitter_extractor_airflow/venv/lib/python3.8/site-packages/airflow/example_dags/subdags/subdag.py
[2024-08-28 13:51:07,475] {processor.py:653} WARNING - No viable dags retrieved from /home/kai/Documents/PROJETOS/twitter_extractor_airflow/venv/lib/python3.8/site-packages/airflow/example_dags/subdags/subdag.py
[2024-08-28 13:51:07,484] {processor.py:161} INFO - Processing /home/kai/Documents/PROJETOS/twitter_extractor_airflow/venv/lib/python3.8/site-packages/airflow/example_dags/subdags/subdag.py took 0.014 seconds
[2024-08-28 13:51:38,418] {processor.py:153} INFO - Started process (PID=31510) to work on /home/kai/Documents/PROJETOS/twitter_extractor_airflow/venv/lib/python3.8/site-packages/airflow/example_dags/subdags/subdag.py
[2024-08-28 13:51:38,429] {processor.py:641} INFO - Processing file /home/kai/Documents/PROJETOS/twitter_extractor_airflow/venv/lib/python3.8/site-packages/airflow/example_dags/subdags/subdag.py for tasks to queue
[2024-08-28 13:51:38,429] {logging_mixin.py:115} INFO - [2024-08-28 13:51:38,429] {dagbag.py:507} INFO - Filling up the DagBag from /home/kai/Documents/PROJETOS/twitter_extractor_airflow/venv/lib/python3.8/site-packages/airflow/example_dags/subdags/subdag.py
[2024-08-28 13:51:38,431] {processor.py:653} WARNING - No viable dags retrieved from /home/kai/Documents/PROJETOS/twitter_extractor_airflow/venv/lib/python3.8/site-packages/airflow/example_dags/subdags/subdag.py
[2024-08-28 13:51:38,449] {processor.py:161} INFO - Processing /home/kai/Documents/PROJETOS/twitter_extractor_airflow/venv/lib/python3.8/site-packages/airflow/example_dags/subdags/subdag.py took 0.043 seconds
[2024-08-28 13:52:09,300] {processor.py:153} INFO - Started process (PID=31936) to work on /home/kai/Documents/PROJETOS/twitter_extractor_airflow/venv/lib/python3.8/site-packages/airflow/example_dags/subdags/subdag.py
[2024-08-28 13:52:09,301] {processor.py:641} INFO - Processing file /home/kai/Documents/PROJETOS/twitter_extractor_airflow/venv/lib/python3.8/site-packages/airflow/example_dags/subdags/subdag.py for tasks to queue
[2024-08-28 13:52:09,301] {logging_mixin.py:115} INFO - [2024-08-28 13:52:09,301] {dagbag.py:507} INFO - Filling up the DagBag from /home/kai/Documents/PROJETOS/twitter_extractor_airflow/venv/lib/python3.8/site-packages/airflow/example_dags/subdags/subdag.py
[2024-08-28 13:52:09,302] {processor.py:653} WARNING - No viable dags retrieved from /home/kai/Documents/PROJETOS/twitter_extractor_airflow/venv/lib/python3.8/site-packages/airflow/example_dags/subdags/subdag.py
[2024-08-28 13:52:09,315] {processor.py:161} INFO - Processing /home/kai/Documents/PROJETOS/twitter_extractor_airflow/venv/lib/python3.8/site-packages/airflow/example_dags/subdags/subdag.py took 0.018 seconds
[2024-08-28 13:52:41,431] {processor.py:153} INFO - Started process (PID=32410) to work on /home/kai/Documents/PROJETOS/twitter_extractor_airflow/venv/lib/python3.8/site-packages/airflow/example_dags/subdags/subdag.py
[2024-08-28 13:52:41,431] {processor.py:641} INFO - Processing file /home/kai/Documents/PROJETOS/twitter_extractor_airflow/venv/lib/python3.8/site-packages/airflow/example_dags/subdags/subdag.py for tasks to queue
[2024-08-28 13:52:41,432] {logging_mixin.py:115} INFO - [2024-08-28 13:52:41,432] {dagbag.py:507} INFO - Filling up the DagBag from /home/kai/Documents/PROJETOS/twitter_extractor_airflow/venv/lib/python3.8/site-packages/airflow/example_dags/subdags/subdag.py
[2024-08-28 13:52:41,433] {processor.py:653} WARNING - No viable dags retrieved from /home/kai/Documents/PROJETOS/twitter_extractor_airflow/venv/lib/python3.8/site-packages/airflow/example_dags/subdags/subdag.py
[2024-08-28 13:52:41,444] {processor.py:161} INFO - Processing /home/kai/Documents/PROJETOS/twitter_extractor_airflow/venv/lib/python3.8/site-packages/airflow/example_dags/subdags/subdag.py took 0.018 seconds
[2024-08-28 13:53:16,493] {processor.py:153} INFO - Started process (PID=32873) to work on /home/kai/Documents/PROJETOS/twitter_extractor_airflow/venv/lib/python3.8/site-packages/airflow/example_dags/subdags/subdag.py
[2024-08-28 13:53:16,494] {processor.py:641} INFO - Processing file /home/kai/Documents/PROJETOS/twitter_extractor_airflow/venv/lib/python3.8/site-packages/airflow/example_dags/subdags/subdag.py for tasks to queue
[2024-08-28 13:53:16,495] {logging_mixin.py:115} INFO - [2024-08-28 13:53:16,495] {dagbag.py:507} INFO - Filling up the DagBag from /home/kai/Documents/PROJETOS/twitter_extractor_airflow/venv/lib/python3.8/site-packages/airflow/example_dags/subdags/subdag.py
[2024-08-28 13:53:16,497] {processor.py:653} WARNING - No viable dags retrieved from /home/kai/Documents/PROJETOS/twitter_extractor_airflow/venv/lib/python3.8/site-packages/airflow/example_dags/subdags/subdag.py
[2024-08-28 13:53:16,511] {processor.py:161} INFO - Processing /home/kai/Documents/PROJETOS/twitter_extractor_airflow/venv/lib/python3.8/site-packages/airflow/example_dags/subdags/subdag.py took 0.027 seconds
[2024-08-28 13:53:47,680] {processor.py:153} INFO - Started process (PID=33058) to work on /home/kai/Documents/PROJETOS/twitter_extractor_airflow/venv/lib/python3.8/site-packages/airflow/example_dags/subdags/subdag.py
[2024-08-28 13:53:47,683] {processor.py:641} INFO - Processing file /home/kai/Documents/PROJETOS/twitter_extractor_airflow/venv/lib/python3.8/site-packages/airflow/example_dags/subdags/subdag.py for tasks to queue
[2024-08-28 13:53:47,686] {logging_mixin.py:115} INFO - [2024-08-28 13:53:47,686] {dagbag.py:507} INFO - Filling up the DagBag from /home/kai/Documents/PROJETOS/twitter_extractor_airflow/venv/lib/python3.8/site-packages/airflow/example_dags/subdags/subdag.py
[2024-08-28 13:53:47,689] {processor.py:653} WARNING - No viable dags retrieved from /home/kai/Documents/PROJETOS/twitter_extractor_airflow/venv/lib/python3.8/site-packages/airflow/example_dags/subdags/subdag.py
[2024-08-28 13:53:47,705] {processor.py:161} INFO - Processing /home/kai/Documents/PROJETOS/twitter_extractor_airflow/venv/lib/python3.8/site-packages/airflow/example_dags/subdags/subdag.py took 0.028 seconds
[2024-08-28 13:54:19,453] {processor.py:153} INFO - Started process (PID=33232) to work on /home/kai/Documents/PROJETOS/twitter_extractor_airflow/venv/lib/python3.8/site-packages/airflow/example_dags/subdags/subdag.py
[2024-08-28 13:54:19,453] {processor.py:641} INFO - Processing file /home/kai/Documents/PROJETOS/twitter_extractor_airflow/venv/lib/python3.8/site-packages/airflow/example_dags/subdags/subdag.py for tasks to queue
[2024-08-28 13:54:19,454] {logging_mixin.py:115} INFO - [2024-08-28 13:54:19,454] {dagbag.py:507} INFO - Filling up the DagBag from /home/kai/Documents/PROJETOS/twitter_extractor_airflow/venv/lib/python3.8/site-packages/airflow/example_dags/subdags/subdag.py
[2024-08-28 13:54:19,455] {processor.py:653} WARNING - No viable dags retrieved from /home/kai/Documents/PROJETOS/twitter_extractor_airflow/venv/lib/python3.8/site-packages/airflow/example_dags/subdags/subdag.py
[2024-08-28 13:54:19,466] {processor.py:161} INFO - Processing /home/kai/Documents/PROJETOS/twitter_extractor_airflow/venv/lib/python3.8/site-packages/airflow/example_dags/subdags/subdag.py took 0.017 seconds
[2024-08-28 13:54:53,769] {processor.py:153} INFO - Started process (PID=33655) to work on /home/kai/Documents/PROJETOS/twitter_extractor_airflow/venv/lib/python3.8/site-packages/airflow/example_dags/subdags/subdag.py
[2024-08-28 13:54:53,770] {processor.py:641} INFO - Processing file /home/kai/Documents/PROJETOS/twitter_extractor_airflow/venv/lib/python3.8/site-packages/airflow/example_dags/subdags/subdag.py for tasks to queue
[2024-08-28 13:54:53,771] {logging_mixin.py:115} INFO - [2024-08-28 13:54:53,771] {dagbag.py:507} INFO - Filling up the DagBag from /home/kai/Documents/PROJETOS/twitter_extractor_airflow/venv/lib/python3.8/site-packages/airflow/example_dags/subdags/subdag.py
[2024-08-28 13:54:53,773] {processor.py:653} WARNING - No viable dags retrieved from /home/kai/Documents/PROJETOS/twitter_extractor_airflow/venv/lib/python3.8/site-packages/airflow/example_dags/subdags/subdag.py
[2024-08-28 13:54:53,786] {processor.py:161} INFO - Processing /home/kai/Documents/PROJETOS/twitter_extractor_airflow/venv/lib/python3.8/site-packages/airflow/example_dags/subdags/subdag.py took 0.022 seconds
[2024-08-28 13:55:25,194] {processor.py:153} INFO - Started process (PID=33902) to work on /home/kai/Documents/PROJETOS/twitter_extractor_airflow/venv/lib/python3.8/site-packages/airflow/example_dags/subdags/subdag.py
[2024-08-28 13:55:25,195] {processor.py:641} INFO - Processing file /home/kai/Documents/PROJETOS/twitter_extractor_airflow/venv/lib/python3.8/site-packages/airflow/example_dags/subdags/subdag.py for tasks to queue
[2024-08-28 13:55:25,195] {logging_mixin.py:115} INFO - [2024-08-28 13:55:25,195] {dagbag.py:507} INFO - Filling up the DagBag from /home/kai/Documents/PROJETOS/twitter_extractor_airflow/venv/lib/python3.8/site-packages/airflow/example_dags/subdags/subdag.py
[2024-08-28 13:55:25,196] {processor.py:653} WARNING - No viable dags retrieved from /home/kai/Documents/PROJETOS/twitter_extractor_airflow/venv/lib/python3.8/site-packages/airflow/example_dags/subdags/subdag.py
[2024-08-28 13:55:25,206] {processor.py:161} INFO - Processing /home/kai/Documents/PROJETOS/twitter_extractor_airflow/venv/lib/python3.8/site-packages/airflow/example_dags/subdags/subdag.py took 0.016 seconds
[2024-08-28 13:55:57,151] {processor.py:153} INFO - Started process (PID=34096) to work on /home/kai/Documents/PROJETOS/twitter_extractor_airflow/venv/lib/python3.8/site-packages/airflow/example_dags/subdags/subdag.py
[2024-08-28 13:55:57,152] {processor.py:641} INFO - Processing file /home/kai/Documents/PROJETOS/twitter_extractor_airflow/venv/lib/python3.8/site-packages/airflow/example_dags/subdags/subdag.py for tasks to queue
[2024-08-28 13:55:57,152] {logging_mixin.py:115} INFO - [2024-08-28 13:55:57,152] {dagbag.py:507} INFO - Filling up the DagBag from /home/kai/Documents/PROJETOS/twitter_extractor_airflow/venv/lib/python3.8/site-packages/airflow/example_dags/subdags/subdag.py
[2024-08-28 13:55:57,155] {processor.py:653} WARNING - No viable dags retrieved from /home/kai/Documents/PROJETOS/twitter_extractor_airflow/venv/lib/python3.8/site-packages/airflow/example_dags/subdags/subdag.py
[2024-08-28 13:55:57,167] {processor.py:161} INFO - Processing /home/kai/Documents/PROJETOS/twitter_extractor_airflow/venv/lib/python3.8/site-packages/airflow/example_dags/subdags/subdag.py took 0.019 seconds
[2024-08-28 13:56:29,837] {processor.py:153} INFO - Started process (PID=34291) to work on /home/kai/Documents/PROJETOS/twitter_extractor_airflow/venv/lib/python3.8/site-packages/airflow/example_dags/subdags/subdag.py
[2024-08-28 13:56:29,838] {processor.py:641} INFO - Processing file /home/kai/Documents/PROJETOS/twitter_extractor_airflow/venv/lib/python3.8/site-packages/airflow/example_dags/subdags/subdag.py for tasks to queue
[2024-08-28 13:56:29,839] {logging_mixin.py:115} INFO - [2024-08-28 13:56:29,839] {dagbag.py:507} INFO - Filling up the DagBag from /home/kai/Documents/PROJETOS/twitter_extractor_airflow/venv/lib/python3.8/site-packages/airflow/example_dags/subdags/subdag.py
[2024-08-28 13:56:29,841] {processor.py:653} WARNING - No viable dags retrieved from /home/kai/Documents/PROJETOS/twitter_extractor_airflow/venv/lib/python3.8/site-packages/airflow/example_dags/subdags/subdag.py
[2024-08-28 13:56:29,853] {processor.py:161} INFO - Processing /home/kai/Documents/PROJETOS/twitter_extractor_airflow/venv/lib/python3.8/site-packages/airflow/example_dags/subdags/subdag.py took 0.019 seconds
[2024-08-28 13:57:01,456] {processor.py:153} INFO - Started process (PID=34701) to work on /home/kai/Documents/PROJETOS/twitter_extractor_airflow/venv/lib/python3.8/site-packages/airflow/example_dags/subdags/subdag.py
[2024-08-28 13:57:01,457] {processor.py:641} INFO - Processing file /home/kai/Documents/PROJETOS/twitter_extractor_airflow/venv/lib/python3.8/site-packages/airflow/example_dags/subdags/subdag.py for tasks to queue
[2024-08-28 13:57:01,457] {logging_mixin.py:115} INFO - [2024-08-28 13:57:01,457] {dagbag.py:507} INFO - Filling up the DagBag from /home/kai/Documents/PROJETOS/twitter_extractor_airflow/venv/lib/python3.8/site-packages/airflow/example_dags/subdags/subdag.py
[2024-08-28 13:57:01,458] {processor.py:653} WARNING - No viable dags retrieved from /home/kai/Documents/PROJETOS/twitter_extractor_airflow/venv/lib/python3.8/site-packages/airflow/example_dags/subdags/subdag.py
[2024-08-28 13:57:01,469] {processor.py:161} INFO - Processing /home/kai/Documents/PROJETOS/twitter_extractor_airflow/venv/lib/python3.8/site-packages/airflow/example_dags/subdags/subdag.py took 0.015 seconds
[2024-08-28 13:57:33,269] {processor.py:153} INFO - Started process (PID=35066) to work on /home/kai/Documents/PROJETOS/twitter_extractor_airflow/venv/lib/python3.8/site-packages/airflow/example_dags/subdags/subdag.py
[2024-08-28 13:57:33,270] {processor.py:641} INFO - Processing file /home/kai/Documents/PROJETOS/twitter_extractor_airflow/venv/lib/python3.8/site-packages/airflow/example_dags/subdags/subdag.py for tasks to queue
[2024-08-28 13:57:33,270] {logging_mixin.py:115} INFO - [2024-08-28 13:57:33,270] {dagbag.py:507} INFO - Filling up the DagBag from /home/kai/Documents/PROJETOS/twitter_extractor_airflow/venv/lib/python3.8/site-packages/airflow/example_dags/subdags/subdag.py
[2024-08-28 13:57:33,273] {processor.py:653} WARNING - No viable dags retrieved from /home/kai/Documents/PROJETOS/twitter_extractor_airflow/venv/lib/python3.8/site-packages/airflow/example_dags/subdags/subdag.py
[2024-08-28 13:57:33,282] {processor.py:161} INFO - Processing /home/kai/Documents/PROJETOS/twitter_extractor_airflow/venv/lib/python3.8/site-packages/airflow/example_dags/subdags/subdag.py took 0.015 seconds
[2024-08-28 13:58:04,705] {processor.py:153} INFO - Started process (PID=35304) to work on /home/kai/Documents/PROJETOS/twitter_extractor_airflow/venv/lib/python3.8/site-packages/airflow/example_dags/subdags/subdag.py
[2024-08-28 13:58:04,705] {processor.py:641} INFO - Processing file /home/kai/Documents/PROJETOS/twitter_extractor_airflow/venv/lib/python3.8/site-packages/airflow/example_dags/subdags/subdag.py for tasks to queue
[2024-08-28 13:58:04,706] {logging_mixin.py:115} INFO - [2024-08-28 13:58:04,706] {dagbag.py:507} INFO - Filling up the DagBag from /home/kai/Documents/PROJETOS/twitter_extractor_airflow/venv/lib/python3.8/site-packages/airflow/example_dags/subdags/subdag.py
[2024-08-28 13:58:04,707] {processor.py:653} WARNING - No viable dags retrieved from /home/kai/Documents/PROJETOS/twitter_extractor_airflow/venv/lib/python3.8/site-packages/airflow/example_dags/subdags/subdag.py
[2024-08-28 13:58:04,716] {processor.py:161} INFO - Processing /home/kai/Documents/PROJETOS/twitter_extractor_airflow/venv/lib/python3.8/site-packages/airflow/example_dags/subdags/subdag.py took 0.013 seconds
[2024-08-28 13:58:35,596] {processor.py:153} INFO - Started process (PID=35533) to work on /home/kai/Documents/PROJETOS/twitter_extractor_airflow/venv/lib/python3.8/site-packages/airflow/example_dags/subdags/subdag.py
[2024-08-28 13:58:35,597] {processor.py:641} INFO - Processing file /home/kai/Documents/PROJETOS/twitter_extractor_airflow/venv/lib/python3.8/site-packages/airflow/example_dags/subdags/subdag.py for tasks to queue
[2024-08-28 13:58:35,597] {logging_mixin.py:115} INFO - [2024-08-28 13:58:35,597] {dagbag.py:507} INFO - Filling up the DagBag from /home/kai/Documents/PROJETOS/twitter_extractor_airflow/venv/lib/python3.8/site-packages/airflow/example_dags/subdags/subdag.py
[2024-08-28 13:58:35,599] {processor.py:653} WARNING - No viable dags retrieved from /home/kai/Documents/PROJETOS/twitter_extractor_airflow/venv/lib/python3.8/site-packages/airflow/example_dags/subdags/subdag.py
[2024-08-28 13:58:35,609] {processor.py:161} INFO - Processing /home/kai/Documents/PROJETOS/twitter_extractor_airflow/venv/lib/python3.8/site-packages/airflow/example_dags/subdags/subdag.py took 0.017 seconds
[2024-08-28 13:59:08,894] {processor.py:153} INFO - Started process (PID=35885) to work on /home/kai/Documents/PROJETOS/twitter_extractor_airflow/venv/lib/python3.8/site-packages/airflow/example_dags/subdags/subdag.py
[2024-08-28 13:59:08,895] {processor.py:641} INFO - Processing file /home/kai/Documents/PROJETOS/twitter_extractor_airflow/venv/lib/python3.8/site-packages/airflow/example_dags/subdags/subdag.py for tasks to queue
[2024-08-28 13:59:08,896] {logging_mixin.py:115} INFO - [2024-08-28 13:59:08,895] {dagbag.py:507} INFO - Filling up the DagBag from /home/kai/Documents/PROJETOS/twitter_extractor_airflow/venv/lib/python3.8/site-packages/airflow/example_dags/subdags/subdag.py
[2024-08-28 13:59:08,897] {processor.py:653} WARNING - No viable dags retrieved from /home/kai/Documents/PROJETOS/twitter_extractor_airflow/venv/lib/python3.8/site-packages/airflow/example_dags/subdags/subdag.py
[2024-08-28 13:59:08,906] {processor.py:161} INFO - Processing /home/kai/Documents/PROJETOS/twitter_extractor_airflow/venv/lib/python3.8/site-packages/airflow/example_dags/subdags/subdag.py took 0.013 seconds
[2024-08-28 13:59:40,319] {processor.py:153} INFO - Started process (PID=36183) to work on /home/kai/Documents/PROJETOS/twitter_extractor_airflow/venv/lib/python3.8/site-packages/airflow/example_dags/subdags/subdag.py
[2024-08-28 13:59:40,319] {processor.py:641} INFO - Processing file /home/kai/Documents/PROJETOS/twitter_extractor_airflow/venv/lib/python3.8/site-packages/airflow/example_dags/subdags/subdag.py for tasks to queue
[2024-08-28 13:59:40,320] {logging_mixin.py:115} INFO - [2024-08-28 13:59:40,320] {dagbag.py:507} INFO - Filling up the DagBag from /home/kai/Documents/PROJETOS/twitter_extractor_airflow/venv/lib/python3.8/site-packages/airflow/example_dags/subdags/subdag.py
[2024-08-28 13:59:40,321] {processor.py:653} WARNING - No viable dags retrieved from /home/kai/Documents/PROJETOS/twitter_extractor_airflow/venv/lib/python3.8/site-packages/airflow/example_dags/subdags/subdag.py
[2024-08-28 13:59:40,330] {processor.py:161} INFO - Processing /home/kai/Documents/PROJETOS/twitter_extractor_airflow/venv/lib/python3.8/site-packages/airflow/example_dags/subdags/subdag.py took 0.014 seconds
[2024-08-28 14:00:11,789] {processor.py:153} INFO - Started process (PID=36466) to work on /home/kai/Documents/PROJETOS/twitter_extractor_airflow/venv/lib/python3.8/site-packages/airflow/example_dags/subdags/subdag.py
[2024-08-28 14:00:11,790] {processor.py:641} INFO - Processing file /home/kai/Documents/PROJETOS/twitter_extractor_airflow/venv/lib/python3.8/site-packages/airflow/example_dags/subdags/subdag.py for tasks to queue
[2024-08-28 14:00:11,791] {logging_mixin.py:115} INFO - [2024-08-28 14:00:11,790] {dagbag.py:507} INFO - Filling up the DagBag from /home/kai/Documents/PROJETOS/twitter_extractor_airflow/venv/lib/python3.8/site-packages/airflow/example_dags/subdags/subdag.py
[2024-08-28 14:00:11,792] {processor.py:653} WARNING - No viable dags retrieved from /home/kai/Documents/PROJETOS/twitter_extractor_airflow/venv/lib/python3.8/site-packages/airflow/example_dags/subdags/subdag.py
[2024-08-28 14:00:11,801] {processor.py:161} INFO - Processing /home/kai/Documents/PROJETOS/twitter_extractor_airflow/venv/lib/python3.8/site-packages/airflow/example_dags/subdags/subdag.py took 0.014 seconds
[2024-08-28 14:00:44,514] {processor.py:153} INFO - Started process (PID=36717) to work on /home/kai/Documents/PROJETOS/twitter_extractor_airflow/venv/lib/python3.8/site-packages/airflow/example_dags/subdags/subdag.py
[2024-08-28 14:00:44,516] {processor.py:641} INFO - Processing file /home/kai/Documents/PROJETOS/twitter_extractor_airflow/venv/lib/python3.8/site-packages/airflow/example_dags/subdags/subdag.py for tasks to queue
[2024-08-28 14:00:44,517] {logging_mixin.py:115} INFO - [2024-08-28 14:00:44,517] {dagbag.py:507} INFO - Filling up the DagBag from /home/kai/Documents/PROJETOS/twitter_extractor_airflow/venv/lib/python3.8/site-packages/airflow/example_dags/subdags/subdag.py
[2024-08-28 14:00:44,520] {processor.py:653} WARNING - No viable dags retrieved from /home/kai/Documents/PROJETOS/twitter_extractor_airflow/venv/lib/python3.8/site-packages/airflow/example_dags/subdags/subdag.py
[2024-08-28 14:00:44,536] {processor.py:161} INFO - Processing /home/kai/Documents/PROJETOS/twitter_extractor_airflow/venv/lib/python3.8/site-packages/airflow/example_dags/subdags/subdag.py took 0.026 seconds
[2024-08-28 14:01:16,557] {processor.py:153} INFO - Started process (PID=37112) to work on /home/kai/Documents/PROJETOS/twitter_extractor_airflow/venv/lib/python3.8/site-packages/airflow/example_dags/subdags/subdag.py
[2024-08-28 14:01:16,557] {processor.py:641} INFO - Processing file /home/kai/Documents/PROJETOS/twitter_extractor_airflow/venv/lib/python3.8/site-packages/airflow/example_dags/subdags/subdag.py for tasks to queue
[2024-08-28 14:01:16,558] {logging_mixin.py:115} INFO - [2024-08-28 14:01:16,558] {dagbag.py:507} INFO - Filling up the DagBag from /home/kai/Documents/PROJETOS/twitter_extractor_airflow/venv/lib/python3.8/site-packages/airflow/example_dags/subdags/subdag.py
[2024-08-28 14:01:16,559] {processor.py:653} WARNING - No viable dags retrieved from /home/kai/Documents/PROJETOS/twitter_extractor_airflow/venv/lib/python3.8/site-packages/airflow/example_dags/subdags/subdag.py
[2024-08-28 14:01:16,568] {processor.py:161} INFO - Processing /home/kai/Documents/PROJETOS/twitter_extractor_airflow/venv/lib/python3.8/site-packages/airflow/example_dags/subdags/subdag.py took 0.014 seconds
[2024-08-28 14:01:48,663] {processor.py:153} INFO - Started process (PID=37484) to work on /home/kai/Documents/PROJETOS/twitter_extractor_airflow/venv/lib/python3.8/site-packages/airflow/example_dags/subdags/subdag.py
[2024-08-28 14:01:48,663] {processor.py:641} INFO - Processing file /home/kai/Documents/PROJETOS/twitter_extractor_airflow/venv/lib/python3.8/site-packages/airflow/example_dags/subdags/subdag.py for tasks to queue
[2024-08-28 14:01:48,664] {logging_mixin.py:115} INFO - [2024-08-28 14:01:48,664] {dagbag.py:507} INFO - Filling up the DagBag from /home/kai/Documents/PROJETOS/twitter_extractor_airflow/venv/lib/python3.8/site-packages/airflow/example_dags/subdags/subdag.py
[2024-08-28 14:01:48,665] {processor.py:653} WARNING - No viable dags retrieved from /home/kai/Documents/PROJETOS/twitter_extractor_airflow/venv/lib/python3.8/site-packages/airflow/example_dags/subdags/subdag.py
[2024-08-28 14:01:48,675] {processor.py:161} INFO - Processing /home/kai/Documents/PROJETOS/twitter_extractor_airflow/venv/lib/python3.8/site-packages/airflow/example_dags/subdags/subdag.py took 0.014 seconds
[2024-08-28 14:02:20,807] {processor.py:153} INFO - Started process (PID=37809) to work on /home/kai/Documents/PROJETOS/twitter_extractor_airflow/venv/lib/python3.8/site-packages/airflow/example_dags/subdags/subdag.py
[2024-08-28 14:02:20,807] {processor.py:641} INFO - Processing file /home/kai/Documents/PROJETOS/twitter_extractor_airflow/venv/lib/python3.8/site-packages/airflow/example_dags/subdags/subdag.py for tasks to queue
[2024-08-28 14:02:20,808] {logging_mixin.py:115} INFO - [2024-08-28 14:02:20,808] {dagbag.py:507} INFO - Filling up the DagBag from /home/kai/Documents/PROJETOS/twitter_extractor_airflow/venv/lib/python3.8/site-packages/airflow/example_dags/subdags/subdag.py
[2024-08-28 14:02:20,809] {processor.py:653} WARNING - No viable dags retrieved from /home/kai/Documents/PROJETOS/twitter_extractor_airflow/venv/lib/python3.8/site-packages/airflow/example_dags/subdags/subdag.py
[2024-08-28 14:02:20,818] {processor.py:161} INFO - Processing /home/kai/Documents/PROJETOS/twitter_extractor_airflow/venv/lib/python3.8/site-packages/airflow/example_dags/subdags/subdag.py took 0.014 seconds
[2024-08-28 14:02:54,095] {processor.py:153} INFO - Started process (PID=38009) to work on /home/kai/Documents/PROJETOS/twitter_extractor_airflow/venv/lib/python3.8/site-packages/airflow/example_dags/subdags/subdag.py
[2024-08-28 14:02:54,095] {processor.py:641} INFO - Processing file /home/kai/Documents/PROJETOS/twitter_extractor_airflow/venv/lib/python3.8/site-packages/airflow/example_dags/subdags/subdag.py for tasks to queue
[2024-08-28 14:02:54,096] {logging_mixin.py:115} INFO - [2024-08-28 14:02:54,096] {dagbag.py:507} INFO - Filling up the DagBag from /home/kai/Documents/PROJETOS/twitter_extractor_airflow/venv/lib/python3.8/site-packages/airflow/example_dags/subdags/subdag.py
[2024-08-28 14:02:54,097] {processor.py:653} WARNING - No viable dags retrieved from /home/kai/Documents/PROJETOS/twitter_extractor_airflow/venv/lib/python3.8/site-packages/airflow/example_dags/subdags/subdag.py
[2024-08-28 14:02:54,107] {processor.py:161} INFO - Processing /home/kai/Documents/PROJETOS/twitter_extractor_airflow/venv/lib/python3.8/site-packages/airflow/example_dags/subdags/subdag.py took 0.015 seconds
[2024-08-28 14:03:24,932] {processor.py:153} INFO - Started process (PID=38206) to work on /home/kai/Documents/PROJETOS/twitter_extractor_airflow/venv/lib/python3.8/site-packages/airflow/example_dags/subdags/subdag.py
[2024-08-28 14:03:24,933] {processor.py:641} INFO - Processing file /home/kai/Documents/PROJETOS/twitter_extractor_airflow/venv/lib/python3.8/site-packages/airflow/example_dags/subdags/subdag.py for tasks to queue
[2024-08-28 14:03:24,934] {logging_mixin.py:115} INFO - [2024-08-28 14:03:24,934] {dagbag.py:507} INFO - Filling up the DagBag from /home/kai/Documents/PROJETOS/twitter_extractor_airflow/venv/lib/python3.8/site-packages/airflow/example_dags/subdags/subdag.py
[2024-08-28 14:03:24,936] {processor.py:653} WARNING - No viable dags retrieved from /home/kai/Documents/PROJETOS/twitter_extractor_airflow/venv/lib/python3.8/site-packages/airflow/example_dags/subdags/subdag.py
[2024-08-28 14:03:24,947] {processor.py:161} INFO - Processing /home/kai/Documents/PROJETOS/twitter_extractor_airflow/venv/lib/python3.8/site-packages/airflow/example_dags/subdags/subdag.py took 0.018 seconds
[2024-08-28 14:03:56,966] {processor.py:153} INFO - Started process (PID=38459) to work on /home/kai/Documents/PROJETOS/twitter_extractor_airflow/venv/lib/python3.8/site-packages/airflow/example_dags/subdags/subdag.py
[2024-08-28 14:03:56,967] {processor.py:641} INFO - Processing file /home/kai/Documents/PROJETOS/twitter_extractor_airflow/venv/lib/python3.8/site-packages/airflow/example_dags/subdags/subdag.py for tasks to queue
[2024-08-28 14:03:56,967] {logging_mixin.py:115} INFO - [2024-08-28 14:03:56,967] {dagbag.py:507} INFO - Filling up the DagBag from /home/kai/Documents/PROJETOS/twitter_extractor_airflow/venv/lib/python3.8/site-packages/airflow/example_dags/subdags/subdag.py
[2024-08-28 14:03:56,968] {processor.py:653} WARNING - No viable dags retrieved from /home/kai/Documents/PROJETOS/twitter_extractor_airflow/venv/lib/python3.8/site-packages/airflow/example_dags/subdags/subdag.py
[2024-08-28 14:03:56,977] {processor.py:161} INFO - Processing /home/kai/Documents/PROJETOS/twitter_extractor_airflow/venv/lib/python3.8/site-packages/airflow/example_dags/subdags/subdag.py took 0.014 seconds
[2024-08-28 14:04:27,908] {processor.py:153} INFO - Started process (PID=38669) to work on /home/kai/Documents/PROJETOS/twitter_extractor_airflow/venv/lib/python3.8/site-packages/airflow/example_dags/subdags/subdag.py
[2024-08-28 14:04:27,909] {processor.py:641} INFO - Processing file /home/kai/Documents/PROJETOS/twitter_extractor_airflow/venv/lib/python3.8/site-packages/airflow/example_dags/subdags/subdag.py for tasks to queue
[2024-08-28 14:04:27,909] {logging_mixin.py:115} INFO - [2024-08-28 14:04:27,909] {dagbag.py:507} INFO - Filling up the DagBag from /home/kai/Documents/PROJETOS/twitter_extractor_airflow/venv/lib/python3.8/site-packages/airflow/example_dags/subdags/subdag.py
[2024-08-28 14:04:27,910] {processor.py:653} WARNING - No viable dags retrieved from /home/kai/Documents/PROJETOS/twitter_extractor_airflow/venv/lib/python3.8/site-packages/airflow/example_dags/subdags/subdag.py
[2024-08-28 14:04:27,920] {processor.py:161} INFO - Processing /home/kai/Documents/PROJETOS/twitter_extractor_airflow/venv/lib/python3.8/site-packages/airflow/example_dags/subdags/subdag.py took 0.014 seconds
[2024-08-28 14:05:00,687] {processor.py:153} INFO - Started process (PID=38866) to work on /home/kai/Documents/PROJETOS/twitter_extractor_airflow/venv/lib/python3.8/site-packages/airflow/example_dags/subdags/subdag.py
[2024-08-28 14:05:00,687] {processor.py:641} INFO - Processing file /home/kai/Documents/PROJETOS/twitter_extractor_airflow/venv/lib/python3.8/site-packages/airflow/example_dags/subdags/subdag.py for tasks to queue
[2024-08-28 14:05:00,688] {logging_mixin.py:115} INFO - [2024-08-28 14:05:00,688] {dagbag.py:507} INFO - Filling up the DagBag from /home/kai/Documents/PROJETOS/twitter_extractor_airflow/venv/lib/python3.8/site-packages/airflow/example_dags/subdags/subdag.py
[2024-08-28 14:05:00,689] {processor.py:653} WARNING - No viable dags retrieved from /home/kai/Documents/PROJETOS/twitter_extractor_airflow/venv/lib/python3.8/site-packages/airflow/example_dags/subdags/subdag.py
[2024-08-28 14:05:00,698] {processor.py:161} INFO - Processing /home/kai/Documents/PROJETOS/twitter_extractor_airflow/venv/lib/python3.8/site-packages/airflow/example_dags/subdags/subdag.py took 0.013 seconds
[2024-08-28 14:05:32,486] {processor.py:153} INFO - Started process (PID=39070) to work on /home/kai/Documents/PROJETOS/twitter_extractor_airflow/venv/lib/python3.8/site-packages/airflow/example_dags/subdags/subdag.py
[2024-08-28 14:05:32,487] {processor.py:641} INFO - Processing file /home/kai/Documents/PROJETOS/twitter_extractor_airflow/venv/lib/python3.8/site-packages/airflow/example_dags/subdags/subdag.py for tasks to queue
[2024-08-28 14:05:32,487] {logging_mixin.py:115} INFO - [2024-08-28 14:05:32,487] {dagbag.py:507} INFO - Filling up the DagBag from /home/kai/Documents/PROJETOS/twitter_extractor_airflow/venv/lib/python3.8/site-packages/airflow/example_dags/subdags/subdag.py
[2024-08-28 14:05:32,489] {processor.py:653} WARNING - No viable dags retrieved from /home/kai/Documents/PROJETOS/twitter_extractor_airflow/venv/lib/python3.8/site-packages/airflow/example_dags/subdags/subdag.py
[2024-08-28 14:05:32,498] {processor.py:161} INFO - Processing /home/kai/Documents/PROJETOS/twitter_extractor_airflow/venv/lib/python3.8/site-packages/airflow/example_dags/subdags/subdag.py took 0.015 seconds
[2024-08-28 14:06:05,225] {processor.py:153} INFO - Started process (PID=39307) to work on /home/kai/Documents/PROJETOS/twitter_extractor_airflow/venv/lib/python3.8/site-packages/airflow/example_dags/subdags/subdag.py
[2024-08-28 14:06:05,226] {processor.py:641} INFO - Processing file /home/kai/Documents/PROJETOS/twitter_extractor_airflow/venv/lib/python3.8/site-packages/airflow/example_dags/subdags/subdag.py for tasks to queue
[2024-08-28 14:06:05,227] {logging_mixin.py:115} INFO - [2024-08-28 14:06:05,227] {dagbag.py:507} INFO - Filling up the DagBag from /home/kai/Documents/PROJETOS/twitter_extractor_airflow/venv/lib/python3.8/site-packages/airflow/example_dags/subdags/subdag.py
[2024-08-28 14:06:05,229] {processor.py:653} WARNING - No viable dags retrieved from /home/kai/Documents/PROJETOS/twitter_extractor_airflow/venv/lib/python3.8/site-packages/airflow/example_dags/subdags/subdag.py
[2024-08-28 14:06:05,240] {processor.py:161} INFO - Processing /home/kai/Documents/PROJETOS/twitter_extractor_airflow/venv/lib/python3.8/site-packages/airflow/example_dags/subdags/subdag.py took 0.020 seconds
[2024-08-28 14:33:32,173] {processor.py:153} INFO - Started process (PID=45059) to work on /home/kai/Documents/PROJETOS/twitter_extractor_airflow/venv/lib/python3.8/site-packages/airflow/example_dags/subdags/subdag.py
[2024-08-28 14:33:32,177] {processor.py:641} INFO - Processing file /home/kai/Documents/PROJETOS/twitter_extractor_airflow/venv/lib/python3.8/site-packages/airflow/example_dags/subdags/subdag.py for tasks to queue
[2024-08-28 14:33:32,177] {logging_mixin.py:115} INFO - [2024-08-28 14:33:32,177] {dagbag.py:507} INFO - Filling up the DagBag from /home/kai/Documents/PROJETOS/twitter_extractor_airflow/venv/lib/python3.8/site-packages/airflow/example_dags/subdags/subdag.py
[2024-08-28 14:33:32,178] {processor.py:653} WARNING - No viable dags retrieved from /home/kai/Documents/PROJETOS/twitter_extractor_airflow/venv/lib/python3.8/site-packages/airflow/example_dags/subdags/subdag.py
[2024-08-28 14:33:32,192] {processor.py:161} INFO - Processing /home/kai/Documents/PROJETOS/twitter_extractor_airflow/venv/lib/python3.8/site-packages/airflow/example_dags/subdags/subdag.py took 0.021 seconds
[2024-08-28 14:34:05,226] {processor.py:153} INFO - Started process (PID=45518) to work on /home/kai/Documents/PROJETOS/twitter_extractor_airflow/venv/lib/python3.8/site-packages/airflow/example_dags/subdags/subdag.py
[2024-08-28 14:34:05,227] {processor.py:641} INFO - Processing file /home/kai/Documents/PROJETOS/twitter_extractor_airflow/venv/lib/python3.8/site-packages/airflow/example_dags/subdags/subdag.py for tasks to queue
[2024-08-28 14:34:05,228] {logging_mixin.py:115} INFO - [2024-08-28 14:34:05,228] {dagbag.py:507} INFO - Filling up the DagBag from /home/kai/Documents/PROJETOS/twitter_extractor_airflow/venv/lib/python3.8/site-packages/airflow/example_dags/subdags/subdag.py
[2024-08-28 14:34:05,230] {processor.py:653} WARNING - No viable dags retrieved from /home/kai/Documents/PROJETOS/twitter_extractor_airflow/venv/lib/python3.8/site-packages/airflow/example_dags/subdags/subdag.py
[2024-08-28 14:34:05,242] {processor.py:161} INFO - Processing /home/kai/Documents/PROJETOS/twitter_extractor_airflow/venv/lib/python3.8/site-packages/airflow/example_dags/subdags/subdag.py took 0.021 seconds
[2024-08-28 14:34:38,287] {processor.py:153} INFO - Started process (PID=45766) to work on /home/kai/Documents/PROJETOS/twitter_extractor_airflow/venv/lib/python3.8/site-packages/airflow/example_dags/subdags/subdag.py
[2024-08-28 14:34:38,288] {processor.py:641} INFO - Processing file /home/kai/Documents/PROJETOS/twitter_extractor_airflow/venv/lib/python3.8/site-packages/airflow/example_dags/subdags/subdag.py for tasks to queue
[2024-08-28 14:34:38,289] {logging_mixin.py:115} INFO - [2024-08-28 14:34:38,288] {dagbag.py:507} INFO - Filling up the DagBag from /home/kai/Documents/PROJETOS/twitter_extractor_airflow/venv/lib/python3.8/site-packages/airflow/example_dags/subdags/subdag.py
[2024-08-28 14:34:38,290] {processor.py:653} WARNING - No viable dags retrieved from /home/kai/Documents/PROJETOS/twitter_extractor_airflow/venv/lib/python3.8/site-packages/airflow/example_dags/subdags/subdag.py
[2024-08-28 14:34:38,299] {processor.py:161} INFO - Processing /home/kai/Documents/PROJETOS/twitter_extractor_airflow/venv/lib/python3.8/site-packages/airflow/example_dags/subdags/subdag.py took 0.014 seconds
[2024-08-28 14:35:10,890] {processor.py:153} INFO - Started process (PID=45956) to work on /home/kai/Documents/PROJETOS/twitter_extractor_airflow/venv/lib/python3.8/site-packages/airflow/example_dags/subdags/subdag.py
[2024-08-28 14:35:10,891] {processor.py:641} INFO - Processing file /home/kai/Documents/PROJETOS/twitter_extractor_airflow/venv/lib/python3.8/site-packages/airflow/example_dags/subdags/subdag.py for tasks to queue
[2024-08-28 14:35:10,891] {logging_mixin.py:115} INFO - [2024-08-28 14:35:10,891] {dagbag.py:507} INFO - Filling up the DagBag from /home/kai/Documents/PROJETOS/twitter_extractor_airflow/venv/lib/python3.8/site-packages/airflow/example_dags/subdags/subdag.py
[2024-08-28 14:35:10,893] {processor.py:653} WARNING - No viable dags retrieved from /home/kai/Documents/PROJETOS/twitter_extractor_airflow/venv/lib/python3.8/site-packages/airflow/example_dags/subdags/subdag.py
[2024-08-28 14:35:10,905] {processor.py:161} INFO - Processing /home/kai/Documents/PROJETOS/twitter_extractor_airflow/venv/lib/python3.8/site-packages/airflow/example_dags/subdags/subdag.py took 0.017 seconds
[2024-08-28 14:35:44,176] {processor.py:153} INFO - Started process (PID=46151) to work on /home/kai/Documents/PROJETOS/twitter_extractor_airflow/venv/lib/python3.8/site-packages/airflow/example_dags/subdags/subdag.py
[2024-08-28 14:35:44,177] {processor.py:641} INFO - Processing file /home/kai/Documents/PROJETOS/twitter_extractor_airflow/venv/lib/python3.8/site-packages/airflow/example_dags/subdags/subdag.py for tasks to queue
[2024-08-28 14:35:44,177] {logging_mixin.py:115} INFO - [2024-08-28 14:35:44,177] {dagbag.py:507} INFO - Filling up the DagBag from /home/kai/Documents/PROJETOS/twitter_extractor_airflow/venv/lib/python3.8/site-packages/airflow/example_dags/subdags/subdag.py
[2024-08-28 14:35:44,178] {processor.py:653} WARNING - No viable dags retrieved from /home/kai/Documents/PROJETOS/twitter_extractor_airflow/venv/lib/python3.8/site-packages/airflow/example_dags/subdags/subdag.py
[2024-08-28 14:35:44,187] {processor.py:161} INFO - Processing /home/kai/Documents/PROJETOS/twitter_extractor_airflow/venv/lib/python3.8/site-packages/airflow/example_dags/subdags/subdag.py took 0.013 seconds
[2024-08-28 14:36:17,947] {processor.py:153} INFO - Started process (PID=46349) to work on /home/kai/Documents/PROJETOS/twitter_extractor_airflow/venv/lib/python3.8/site-packages/airflow/example_dags/subdags/subdag.py
[2024-08-28 14:36:17,948] {processor.py:641} INFO - Processing file /home/kai/Documents/PROJETOS/twitter_extractor_airflow/venv/lib/python3.8/site-packages/airflow/example_dags/subdags/subdag.py for tasks to queue
[2024-08-28 14:36:17,948] {logging_mixin.py:115} INFO - [2024-08-28 14:36:17,948] {dagbag.py:507} INFO - Filling up the DagBag from /home/kai/Documents/PROJETOS/twitter_extractor_airflow/venv/lib/python3.8/site-packages/airflow/example_dags/subdags/subdag.py
[2024-08-28 14:36:17,949] {processor.py:653} WARNING - No viable dags retrieved from /home/kai/Documents/PROJETOS/twitter_extractor_airflow/venv/lib/python3.8/site-packages/airflow/example_dags/subdags/subdag.py
[2024-08-28 14:36:17,958] {processor.py:161} INFO - Processing /home/kai/Documents/PROJETOS/twitter_extractor_airflow/venv/lib/python3.8/site-packages/airflow/example_dags/subdags/subdag.py took 0.014 seconds
[2024-08-28 14:36:51,129] {processor.py:153} INFO - Started process (PID=46557) to work on /home/kai/Documents/PROJETOS/twitter_extractor_airflow/venv/lib/python3.8/site-packages/airflow/example_dags/subdags/subdag.py
[2024-08-28 14:36:51,130] {processor.py:641} INFO - Processing file /home/kai/Documents/PROJETOS/twitter_extractor_airflow/venv/lib/python3.8/site-packages/airflow/example_dags/subdags/subdag.py for tasks to queue
[2024-08-28 14:36:51,130] {logging_mixin.py:115} INFO - [2024-08-28 14:36:51,130] {dagbag.py:507} INFO - Filling up the DagBag from /home/kai/Documents/PROJETOS/twitter_extractor_airflow/venv/lib/python3.8/site-packages/airflow/example_dags/subdags/subdag.py
[2024-08-28 14:36:51,132] {processor.py:653} WARNING - No viable dags retrieved from /home/kai/Documents/PROJETOS/twitter_extractor_airflow/venv/lib/python3.8/site-packages/airflow/example_dags/subdags/subdag.py
[2024-08-28 14:36:51,144] {processor.py:161} INFO - Processing /home/kai/Documents/PROJETOS/twitter_extractor_airflow/venv/lib/python3.8/site-packages/airflow/example_dags/subdags/subdag.py took 0.017 seconds
[2024-08-28 14:37:24,041] {processor.py:153} INFO - Started process (PID=46764) to work on /home/kai/Documents/PROJETOS/twitter_extractor_airflow/venv/lib/python3.8/site-packages/airflow/example_dags/subdags/subdag.py
[2024-08-28 14:37:24,042] {processor.py:641} INFO - Processing file /home/kai/Documents/PROJETOS/twitter_extractor_airflow/venv/lib/python3.8/site-packages/airflow/example_dags/subdags/subdag.py for tasks to queue
[2024-08-28 14:37:24,042] {logging_mixin.py:115} INFO - [2024-08-28 14:37:24,042] {dagbag.py:507} INFO - Filling up the DagBag from /home/kai/Documents/PROJETOS/twitter_extractor_airflow/venv/lib/python3.8/site-packages/airflow/example_dags/subdags/subdag.py
[2024-08-28 14:37:24,045] {processor.py:653} WARNING - No viable dags retrieved from /home/kai/Documents/PROJETOS/twitter_extractor_airflow/venv/lib/python3.8/site-packages/airflow/example_dags/subdags/subdag.py
[2024-08-28 14:37:24,055] {processor.py:161} INFO - Processing /home/kai/Documents/PROJETOS/twitter_extractor_airflow/venv/lib/python3.8/site-packages/airflow/example_dags/subdags/subdag.py took 0.017 seconds
[2024-08-28 14:37:57,112] {processor.py:153} INFO - Started process (PID=47153) to work on /home/kai/Documents/PROJETOS/twitter_extractor_airflow/venv/lib/python3.8/site-packages/airflow/example_dags/subdags/subdag.py
[2024-08-28 14:37:57,113] {processor.py:641} INFO - Processing file /home/kai/Documents/PROJETOS/twitter_extractor_airflow/venv/lib/python3.8/site-packages/airflow/example_dags/subdags/subdag.py for tasks to queue
[2024-08-28 14:37:57,113] {logging_mixin.py:115} INFO - [2024-08-28 14:37:57,113] {dagbag.py:507} INFO - Filling up the DagBag from /home/kai/Documents/PROJETOS/twitter_extractor_airflow/venv/lib/python3.8/site-packages/airflow/example_dags/subdags/subdag.py
[2024-08-28 14:37:57,114] {processor.py:653} WARNING - No viable dags retrieved from /home/kai/Documents/PROJETOS/twitter_extractor_airflow/venv/lib/python3.8/site-packages/airflow/example_dags/subdags/subdag.py
[2024-08-28 14:37:57,123] {processor.py:161} INFO - Processing /home/kai/Documents/PROJETOS/twitter_extractor_airflow/venv/lib/python3.8/site-packages/airflow/example_dags/subdags/subdag.py took 0.013 seconds
[2024-08-28 14:38:28,498] {processor.py:153} INFO - Started process (PID=47373) to work on /home/kai/Documents/PROJETOS/twitter_extractor_airflow/venv/lib/python3.8/site-packages/airflow/example_dags/subdags/subdag.py
[2024-08-28 14:38:28,499] {processor.py:641} INFO - Processing file /home/kai/Documents/PROJETOS/twitter_extractor_airflow/venv/lib/python3.8/site-packages/airflow/example_dags/subdags/subdag.py for tasks to queue
[2024-08-28 14:38:28,499] {logging_mixin.py:115} INFO - [2024-08-28 14:38:28,499] {dagbag.py:507} INFO - Filling up the DagBag from /home/kai/Documents/PROJETOS/twitter_extractor_airflow/venv/lib/python3.8/site-packages/airflow/example_dags/subdags/subdag.py
[2024-08-28 14:38:28,500] {processor.py:653} WARNING - No viable dags retrieved from /home/kai/Documents/PROJETOS/twitter_extractor_airflow/venv/lib/python3.8/site-packages/airflow/example_dags/subdags/subdag.py
[2024-08-28 14:38:28,509] {processor.py:161} INFO - Processing /home/kai/Documents/PROJETOS/twitter_extractor_airflow/venv/lib/python3.8/site-packages/airflow/example_dags/subdags/subdag.py took 0.013 seconds
[2024-08-28 14:39:01,298] {processor.py:153} INFO - Started process (PID=47751) to work on /home/kai/Documents/PROJETOS/twitter_extractor_airflow/venv/lib/python3.8/site-packages/airflow/example_dags/subdags/subdag.py
[2024-08-28 14:39:01,300] {processor.py:641} INFO - Processing file /home/kai/Documents/PROJETOS/twitter_extractor_airflow/venv/lib/python3.8/site-packages/airflow/example_dags/subdags/subdag.py for tasks to queue
[2024-08-28 14:39:01,301] {logging_mixin.py:115} INFO - [2024-08-28 14:39:01,301] {dagbag.py:507} INFO - Filling up the DagBag from /home/kai/Documents/PROJETOS/twitter_extractor_airflow/venv/lib/python3.8/site-packages/airflow/example_dags/subdags/subdag.py
[2024-08-28 14:39:01,305] {processor.py:653} WARNING - No viable dags retrieved from /home/kai/Documents/PROJETOS/twitter_extractor_airflow/venv/lib/python3.8/site-packages/airflow/example_dags/subdags/subdag.py
[2024-08-28 14:39:01,315] {processor.py:161} INFO - Processing /home/kai/Documents/PROJETOS/twitter_extractor_airflow/venv/lib/python3.8/site-packages/airflow/example_dags/subdags/subdag.py took 0.024 seconds
[2024-08-28 14:39:31,990] {processor.py:153} INFO - Started process (PID=48066) to work on /home/kai/Documents/PROJETOS/twitter_extractor_airflow/venv/lib/python3.8/site-packages/airflow/example_dags/subdags/subdag.py
[2024-08-28 14:39:31,991] {processor.py:641} INFO - Processing file /home/kai/Documents/PROJETOS/twitter_extractor_airflow/venv/lib/python3.8/site-packages/airflow/example_dags/subdags/subdag.py for tasks to queue
[2024-08-28 14:39:31,991] {logging_mixin.py:115} INFO - [2024-08-28 14:39:31,991] {dagbag.py:507} INFO - Filling up the DagBag from /home/kai/Documents/PROJETOS/twitter_extractor_airflow/venv/lib/python3.8/site-packages/airflow/example_dags/subdags/subdag.py
[2024-08-28 14:39:31,992] {processor.py:653} WARNING - No viable dags retrieved from /home/kai/Documents/PROJETOS/twitter_extractor_airflow/venv/lib/python3.8/site-packages/airflow/example_dags/subdags/subdag.py
[2024-08-28 14:39:32,002] {processor.py:161} INFO - Processing /home/kai/Documents/PROJETOS/twitter_extractor_airflow/venv/lib/python3.8/site-packages/airflow/example_dags/subdags/subdag.py took 0.015 seconds
[2024-08-28 14:40:05,760] {processor.py:153} INFO - Started process (PID=48307) to work on /home/kai/Documents/PROJETOS/twitter_extractor_airflow/venv/lib/python3.8/site-packages/airflow/example_dags/subdags/subdag.py
[2024-08-28 14:40:05,761] {processor.py:641} INFO - Processing file /home/kai/Documents/PROJETOS/twitter_extractor_airflow/venv/lib/python3.8/site-packages/airflow/example_dags/subdags/subdag.py for tasks to queue
[2024-08-28 14:40:05,761] {logging_mixin.py:115} INFO - [2024-08-28 14:40:05,761] {dagbag.py:507} INFO - Filling up the DagBag from /home/kai/Documents/PROJETOS/twitter_extractor_airflow/venv/lib/python3.8/site-packages/airflow/example_dags/subdags/subdag.py
[2024-08-28 14:40:05,762] {processor.py:653} WARNING - No viable dags retrieved from /home/kai/Documents/PROJETOS/twitter_extractor_airflow/venv/lib/python3.8/site-packages/airflow/example_dags/subdags/subdag.py
[2024-08-28 14:40:05,771] {processor.py:161} INFO - Processing /home/kai/Documents/PROJETOS/twitter_extractor_airflow/venv/lib/python3.8/site-packages/airflow/example_dags/subdags/subdag.py took 0.013 seconds
[2024-08-28 14:40:39,083] {processor.py:153} INFO - Started process (PID=48498) to work on /home/kai/Documents/PROJETOS/twitter_extractor_airflow/venv/lib/python3.8/site-packages/airflow/example_dags/subdags/subdag.py
[2024-08-28 14:40:39,084] {processor.py:641} INFO - Processing file /home/kai/Documents/PROJETOS/twitter_extractor_airflow/venv/lib/python3.8/site-packages/airflow/example_dags/subdags/subdag.py for tasks to queue
[2024-08-28 14:40:39,084] {logging_mixin.py:115} INFO - [2024-08-28 14:40:39,084] {dagbag.py:507} INFO - Filling up the DagBag from /home/kai/Documents/PROJETOS/twitter_extractor_airflow/venv/lib/python3.8/site-packages/airflow/example_dags/subdags/subdag.py
[2024-08-28 14:40:39,086] {processor.py:653} WARNING - No viable dags retrieved from /home/kai/Documents/PROJETOS/twitter_extractor_airflow/venv/lib/python3.8/site-packages/airflow/example_dags/subdags/subdag.py
[2024-08-28 14:40:39,096] {processor.py:161} INFO - Processing /home/kai/Documents/PROJETOS/twitter_extractor_airflow/venv/lib/python3.8/site-packages/airflow/example_dags/subdags/subdag.py took 0.016 seconds
[2024-08-28 14:41:11,687] {processor.py:153} INFO - Started process (PID=48777) to work on /home/kai/Documents/PROJETOS/twitter_extractor_airflow/venv/lib/python3.8/site-packages/airflow/example_dags/subdags/subdag.py
[2024-08-28 14:41:11,687] {processor.py:641} INFO - Processing file /home/kai/Documents/PROJETOS/twitter_extractor_airflow/venv/lib/python3.8/site-packages/airflow/example_dags/subdags/subdag.py for tasks to queue
[2024-08-28 14:41:11,688] {logging_mixin.py:115} INFO - [2024-08-28 14:41:11,687] {dagbag.py:507} INFO - Filling up the DagBag from /home/kai/Documents/PROJETOS/twitter_extractor_airflow/venv/lib/python3.8/site-packages/airflow/example_dags/subdags/subdag.py
[2024-08-28 14:41:11,689] {processor.py:653} WARNING - No viable dags retrieved from /home/kai/Documents/PROJETOS/twitter_extractor_airflow/venv/lib/python3.8/site-packages/airflow/example_dags/subdags/subdag.py
[2024-08-28 14:41:11,697] {processor.py:161} INFO - Processing /home/kai/Documents/PROJETOS/twitter_extractor_airflow/venv/lib/python3.8/site-packages/airflow/example_dags/subdags/subdag.py took 0.013 seconds
[2024-08-28 14:41:44,023] {processor.py:153} INFO - Started process (PID=49027) to work on /home/kai/Documents/PROJETOS/twitter_extractor_airflow/venv/lib/python3.8/site-packages/airflow/example_dags/subdags/subdag.py
[2024-08-28 14:41:44,024] {processor.py:641} INFO - Processing file /home/kai/Documents/PROJETOS/twitter_extractor_airflow/venv/lib/python3.8/site-packages/airflow/example_dags/subdags/subdag.py for tasks to queue
[2024-08-28 14:41:44,024] {logging_mixin.py:115} INFO - [2024-08-28 14:41:44,024] {dagbag.py:507} INFO - Filling up the DagBag from /home/kai/Documents/PROJETOS/twitter_extractor_airflow/venv/lib/python3.8/site-packages/airflow/example_dags/subdags/subdag.py
[2024-08-28 14:41:44,026] {processor.py:653} WARNING - No viable dags retrieved from /home/kai/Documents/PROJETOS/twitter_extractor_airflow/venv/lib/python3.8/site-packages/airflow/example_dags/subdags/subdag.py
[2024-08-28 14:41:44,035] {processor.py:161} INFO - Processing /home/kai/Documents/PROJETOS/twitter_extractor_airflow/venv/lib/python3.8/site-packages/airflow/example_dags/subdags/subdag.py took 0.014 seconds
[2024-08-28 14:42:18,656] {processor.py:153} INFO - Started process (PID=49233) to work on /home/kai/Documents/PROJETOS/twitter_extractor_airflow/venv/lib/python3.8/site-packages/airflow/example_dags/subdags/subdag.py
[2024-08-28 14:42:18,656] {processor.py:641} INFO - Processing file /home/kai/Documents/PROJETOS/twitter_extractor_airflow/venv/lib/python3.8/site-packages/airflow/example_dags/subdags/subdag.py for tasks to queue
[2024-08-28 14:42:18,657] {logging_mixin.py:115} INFO - [2024-08-28 14:42:18,657] {dagbag.py:507} INFO - Filling up the DagBag from /home/kai/Documents/PROJETOS/twitter_extractor_airflow/venv/lib/python3.8/site-packages/airflow/example_dags/subdags/subdag.py
[2024-08-28 14:42:18,658] {processor.py:653} WARNING - No viable dags retrieved from /home/kai/Documents/PROJETOS/twitter_extractor_airflow/venv/lib/python3.8/site-packages/airflow/example_dags/subdags/subdag.py
[2024-08-28 14:42:18,667] {processor.py:161} INFO - Processing /home/kai/Documents/PROJETOS/twitter_extractor_airflow/venv/lib/python3.8/site-packages/airflow/example_dags/subdags/subdag.py took 0.014 seconds
[2024-08-28 14:42:50,917] {processor.py:153} INFO - Started process (PID=49425) to work on /home/kai/Documents/PROJETOS/twitter_extractor_airflow/venv/lib/python3.8/site-packages/airflow/example_dags/subdags/subdag.py
[2024-08-28 14:42:50,918] {processor.py:641} INFO - Processing file /home/kai/Documents/PROJETOS/twitter_extractor_airflow/venv/lib/python3.8/site-packages/airflow/example_dags/subdags/subdag.py for tasks to queue
[2024-08-28 14:42:50,920] {logging_mixin.py:115} INFO - [2024-08-28 14:42:50,919] {dagbag.py:507} INFO - Filling up the DagBag from /home/kai/Documents/PROJETOS/twitter_extractor_airflow/venv/lib/python3.8/site-packages/airflow/example_dags/subdags/subdag.py
[2024-08-28 14:42:50,921] {processor.py:653} WARNING - No viable dags retrieved from /home/kai/Documents/PROJETOS/twitter_extractor_airflow/venv/lib/python3.8/site-packages/airflow/example_dags/subdags/subdag.py
[2024-08-28 14:42:50,932] {processor.py:161} INFO - Processing /home/kai/Documents/PROJETOS/twitter_extractor_airflow/venv/lib/python3.8/site-packages/airflow/example_dags/subdags/subdag.py took 0.018 seconds
[2024-08-28 14:43:24,684] {processor.py:153} INFO - Started process (PID=49629) to work on /home/kai/Documents/PROJETOS/twitter_extractor_airflow/venv/lib/python3.8/site-packages/airflow/example_dags/subdags/subdag.py
[2024-08-28 14:43:24,685] {processor.py:641} INFO - Processing file /home/kai/Documents/PROJETOS/twitter_extractor_airflow/venv/lib/python3.8/site-packages/airflow/example_dags/subdags/subdag.py for tasks to queue
[2024-08-28 14:43:24,685] {logging_mixin.py:115} INFO - [2024-08-28 14:43:24,685] {dagbag.py:507} INFO - Filling up the DagBag from /home/kai/Documents/PROJETOS/twitter_extractor_airflow/venv/lib/python3.8/site-packages/airflow/example_dags/subdags/subdag.py
[2024-08-28 14:43:24,686] {processor.py:653} WARNING - No viable dags retrieved from /home/kai/Documents/PROJETOS/twitter_extractor_airflow/venv/lib/python3.8/site-packages/airflow/example_dags/subdags/subdag.py
[2024-08-28 14:43:24,695] {processor.py:161} INFO - Processing /home/kai/Documents/PROJETOS/twitter_extractor_airflow/venv/lib/python3.8/site-packages/airflow/example_dags/subdags/subdag.py took 0.014 seconds
[2024-08-28 14:43:57,622] {processor.py:153} INFO - Started process (PID=49835) to work on /home/kai/Documents/PROJETOS/twitter_extractor_airflow/venv/lib/python3.8/site-packages/airflow/example_dags/subdags/subdag.py
[2024-08-28 14:43:57,623] {processor.py:641} INFO - Processing file /home/kai/Documents/PROJETOS/twitter_extractor_airflow/venv/lib/python3.8/site-packages/airflow/example_dags/subdags/subdag.py for tasks to queue
[2024-08-28 14:43:57,623] {logging_mixin.py:115} INFO - [2024-08-28 14:43:57,623] {dagbag.py:507} INFO - Filling up the DagBag from /home/kai/Documents/PROJETOS/twitter_extractor_airflow/venv/lib/python3.8/site-packages/airflow/example_dags/subdags/subdag.py
[2024-08-28 14:43:57,625] {processor.py:653} WARNING - No viable dags retrieved from /home/kai/Documents/PROJETOS/twitter_extractor_airflow/venv/lib/python3.8/site-packages/airflow/example_dags/subdags/subdag.py
[2024-08-28 14:43:57,634] {processor.py:161} INFO - Processing /home/kai/Documents/PROJETOS/twitter_extractor_airflow/venv/lib/python3.8/site-packages/airflow/example_dags/subdags/subdag.py took 0.015 seconds
[2024-08-28 14:44:46,605] {processor.py:153} INFO - Started process (PID=50252) to work on /home/kai/Documents/PROJETOS/twitter_extractor_airflow/venv/lib/python3.8/site-packages/airflow/example_dags/subdags/subdag.py
[2024-08-28 14:44:46,624] {processor.py:641} INFO - Processing file /home/kai/Documents/PROJETOS/twitter_extractor_airflow/venv/lib/python3.8/site-packages/airflow/example_dags/subdags/subdag.py for tasks to queue
[2024-08-28 14:44:46,624] {logging_mixin.py:115} INFO - [2024-08-28 14:44:46,624] {dagbag.py:507} INFO - Filling up the DagBag from /home/kai/Documents/PROJETOS/twitter_extractor_airflow/venv/lib/python3.8/site-packages/airflow/example_dags/subdags/subdag.py
[2024-08-28 14:44:46,626] {processor.py:653} WARNING - No viable dags retrieved from /home/kai/Documents/PROJETOS/twitter_extractor_airflow/venv/lib/python3.8/site-packages/airflow/example_dags/subdags/subdag.py
[2024-08-28 14:44:46,647] {processor.py:161} INFO - Processing /home/kai/Documents/PROJETOS/twitter_extractor_airflow/venv/lib/python3.8/site-packages/airflow/example_dags/subdags/subdag.py took 0.045 seconds
[2024-08-28 16:57:27,691] {processor.py:153} INFO - Started process (PID=9656) to work on /home/kai/Documents/PROJETOS/twitter_extractor_airflow/venv/lib/python3.9/site-packages/airflow/example_dags/subdags/subdag.py
[2024-08-28 16:57:27,692] {processor.py:641} INFO - Processing file /home/kai/Documents/PROJETOS/twitter_extractor_airflow/venv/lib/python3.9/site-packages/airflow/example_dags/subdags/subdag.py for tasks to queue
[2024-08-28 16:57:27,693] {logging_mixin.py:115} INFO - [2024-08-28 16:57:27,693] {dagbag.py:507} INFO - Filling up the DagBag from /home/kai/Documents/PROJETOS/twitter_extractor_airflow/venv/lib/python3.9/site-packages/airflow/example_dags/subdags/subdag.py
[2024-08-28 16:57:27,695] {processor.py:653} WARNING - No viable dags retrieved from /home/kai/Documents/PROJETOS/twitter_extractor_airflow/venv/lib/python3.9/site-packages/airflow/example_dags/subdags/subdag.py
[2024-08-28 16:57:27,714] {processor.py:161} INFO - Processing /home/kai/Documents/PROJETOS/twitter_extractor_airflow/venv/lib/python3.9/site-packages/airflow/example_dags/subdags/subdag.py took 0.030 seconds
[2024-08-28 16:57:58,185] {processor.py:153} INFO - Started process (PID=9983) to work on /home/kai/Documents/PROJETOS/twitter_extractor_airflow/venv/lib/python3.9/site-packages/airflow/example_dags/subdags/subdag.py
[2024-08-28 16:57:58,186] {processor.py:641} INFO - Processing file /home/kai/Documents/PROJETOS/twitter_extractor_airflow/venv/lib/python3.9/site-packages/airflow/example_dags/subdags/subdag.py for tasks to queue
[2024-08-28 16:57:58,186] {logging_mixin.py:115} INFO - [2024-08-28 16:57:58,186] {dagbag.py:507} INFO - Filling up the DagBag from /home/kai/Documents/PROJETOS/twitter_extractor_airflow/venv/lib/python3.9/site-packages/airflow/example_dags/subdags/subdag.py
[2024-08-28 16:57:58,188] {processor.py:653} WARNING - No viable dags retrieved from /home/kai/Documents/PROJETOS/twitter_extractor_airflow/venv/lib/python3.9/site-packages/airflow/example_dags/subdags/subdag.py
[2024-08-28 16:57:58,197] {processor.py:161} INFO - Processing /home/kai/Documents/PROJETOS/twitter_extractor_airflow/venv/lib/python3.9/site-packages/airflow/example_dags/subdags/subdag.py took 0.014 seconds
[2024-08-28 16:58:28,303] {processor.py:153} INFO - Started process (PID=10128) to work on /home/kai/Documents/PROJETOS/twitter_extractor_airflow/venv/lib/python3.9/site-packages/airflow/example_dags/subdags/subdag.py
[2024-08-28 16:58:28,303] {processor.py:641} INFO - Processing file /home/kai/Documents/PROJETOS/twitter_extractor_airflow/venv/lib/python3.9/site-packages/airflow/example_dags/subdags/subdag.py for tasks to queue
[2024-08-28 16:58:28,304] {logging_mixin.py:115} INFO - [2024-08-28 16:58:28,304] {dagbag.py:507} INFO - Filling up the DagBag from /home/kai/Documents/PROJETOS/twitter_extractor_airflow/venv/lib/python3.9/site-packages/airflow/example_dags/subdags/subdag.py
[2024-08-28 16:58:28,305] {processor.py:653} WARNING - No viable dags retrieved from /home/kai/Documents/PROJETOS/twitter_extractor_airflow/venv/lib/python3.9/site-packages/airflow/example_dags/subdags/subdag.py
[2024-08-28 16:58:28,314] {processor.py:161} INFO - Processing /home/kai/Documents/PROJETOS/twitter_extractor_airflow/venv/lib/python3.9/site-packages/airflow/example_dags/subdags/subdag.py took 0.014 seconds
[2024-08-28 16:58:59,661] {processor.py:153} INFO - Started process (PID=10402) to work on /home/kai/Documents/PROJETOS/twitter_extractor_airflow/venv/lib/python3.9/site-packages/airflow/example_dags/subdags/subdag.py
[2024-08-28 16:58:59,661] {processor.py:641} INFO - Processing file /home/kai/Documents/PROJETOS/twitter_extractor_airflow/venv/lib/python3.9/site-packages/airflow/example_dags/subdags/subdag.py for tasks to queue
[2024-08-28 16:58:59,662] {logging_mixin.py:115} INFO - [2024-08-28 16:58:59,661] {dagbag.py:507} INFO - Filling up the DagBag from /home/kai/Documents/PROJETOS/twitter_extractor_airflow/venv/lib/python3.9/site-packages/airflow/example_dags/subdags/subdag.py
[2024-08-28 16:58:59,663] {processor.py:653} WARNING - No viable dags retrieved from /home/kai/Documents/PROJETOS/twitter_extractor_airflow/venv/lib/python3.9/site-packages/airflow/example_dags/subdags/subdag.py
[2024-08-28 16:58:59,672] {processor.py:161} INFO - Processing /home/kai/Documents/PROJETOS/twitter_extractor_airflow/venv/lib/python3.9/site-packages/airflow/example_dags/subdags/subdag.py took 0.014 seconds
[2024-08-28 16:59:30,235] {processor.py:153} INFO - Started process (PID=10836) to work on /home/kai/Documents/PROJETOS/twitter_extractor_airflow/venv/lib/python3.9/site-packages/airflow/example_dags/subdags/subdag.py
[2024-08-28 16:59:30,236] {processor.py:641} INFO - Processing file /home/kai/Documents/PROJETOS/twitter_extractor_airflow/venv/lib/python3.9/site-packages/airflow/example_dags/subdags/subdag.py for tasks to queue
[2024-08-28 16:59:30,236] {logging_mixin.py:115} INFO - [2024-08-28 16:59:30,236] {dagbag.py:507} INFO - Filling up the DagBag from /home/kai/Documents/PROJETOS/twitter_extractor_airflow/venv/lib/python3.9/site-packages/airflow/example_dags/subdags/subdag.py
[2024-08-28 16:59:30,237] {processor.py:653} WARNING - No viable dags retrieved from /home/kai/Documents/PROJETOS/twitter_extractor_airflow/venv/lib/python3.9/site-packages/airflow/example_dags/subdags/subdag.py
[2024-08-28 16:59:30,245] {processor.py:161} INFO - Processing /home/kai/Documents/PROJETOS/twitter_extractor_airflow/venv/lib/python3.9/site-packages/airflow/example_dags/subdags/subdag.py took 0.013 seconds
[2024-08-28 17:00:01,158] {processor.py:153} INFO - Started process (PID=10986) to work on /home/kai/Documents/PROJETOS/twitter_extractor_airflow/venv/lib/python3.9/site-packages/airflow/example_dags/subdags/subdag.py
[2024-08-28 17:00:01,159] {processor.py:641} INFO - Processing file /home/kai/Documents/PROJETOS/twitter_extractor_airflow/venv/lib/python3.9/site-packages/airflow/example_dags/subdags/subdag.py for tasks to queue
[2024-08-28 17:00:01,159] {logging_mixin.py:115} INFO - [2024-08-28 17:00:01,159] {dagbag.py:507} INFO - Filling up the DagBag from /home/kai/Documents/PROJETOS/twitter_extractor_airflow/venv/lib/python3.9/site-packages/airflow/example_dags/subdags/subdag.py
[2024-08-28 17:00:01,160] {processor.py:653} WARNING - No viable dags retrieved from /home/kai/Documents/PROJETOS/twitter_extractor_airflow/venv/lib/python3.9/site-packages/airflow/example_dags/subdags/subdag.py
[2024-08-28 17:00:01,171] {processor.py:161} INFO - Processing /home/kai/Documents/PROJETOS/twitter_extractor_airflow/venv/lib/python3.9/site-packages/airflow/example_dags/subdags/subdag.py took 0.016 seconds
[2024-08-28 17:00:36,516] {processor.py:153} INFO - Started process (PID=11226) to work on /home/kai/Documents/PROJETOS/twitter_extractor_airflow/venv/lib/python3.9/site-packages/airflow/example_dags/subdags/subdag.py
[2024-08-28 17:00:36,517] {processor.py:641} INFO - Processing file /home/kai/Documents/PROJETOS/twitter_extractor_airflow/venv/lib/python3.9/site-packages/airflow/example_dags/subdags/subdag.py for tasks to queue
[2024-08-28 17:00:36,517] {logging_mixin.py:115} INFO - [2024-08-28 17:00:36,517] {dagbag.py:507} INFO - Filling up the DagBag from /home/kai/Documents/PROJETOS/twitter_extractor_airflow/venv/lib/python3.9/site-packages/airflow/example_dags/subdags/subdag.py
[2024-08-28 17:00:36,518] {processor.py:653} WARNING - No viable dags retrieved from /home/kai/Documents/PROJETOS/twitter_extractor_airflow/venv/lib/python3.9/site-packages/airflow/example_dags/subdags/subdag.py
[2024-08-28 17:00:36,528] {processor.py:161} INFO - Processing /home/kai/Documents/PROJETOS/twitter_extractor_airflow/venv/lib/python3.9/site-packages/airflow/example_dags/subdags/subdag.py took 0.014 seconds
[2024-08-28 17:01:07,196] {processor.py:153} INFO - Started process (PID=11456) to work on /home/kai/Documents/PROJETOS/twitter_extractor_airflow/venv/lib/python3.9/site-packages/airflow/example_dags/subdags/subdag.py
[2024-08-28 17:01:07,197] {processor.py:641} INFO - Processing file /home/kai/Documents/PROJETOS/twitter_extractor_airflow/venv/lib/python3.9/site-packages/airflow/example_dags/subdags/subdag.py for tasks to queue
[2024-08-28 17:01:07,197] {logging_mixin.py:115} INFO - [2024-08-28 17:01:07,197] {dagbag.py:507} INFO - Filling up the DagBag from /home/kai/Documents/PROJETOS/twitter_extractor_airflow/venv/lib/python3.9/site-packages/airflow/example_dags/subdags/subdag.py
[2024-08-28 17:01:07,199] {processor.py:653} WARNING - No viable dags retrieved from /home/kai/Documents/PROJETOS/twitter_extractor_airflow/venv/lib/python3.9/site-packages/airflow/example_dags/subdags/subdag.py
[2024-08-28 17:01:07,208] {processor.py:161} INFO - Processing /home/kai/Documents/PROJETOS/twitter_extractor_airflow/venv/lib/python3.9/site-packages/airflow/example_dags/subdags/subdag.py took 0.014 seconds
[2024-08-28 17:01:38,003] {processor.py:153} INFO - Started process (PID=11497) to work on /home/kai/Documents/PROJETOS/twitter_extractor_airflow/venv/lib/python3.9/site-packages/airflow/example_dags/subdags/subdag.py
[2024-08-28 17:01:38,004] {processor.py:641} INFO - Processing file /home/kai/Documents/PROJETOS/twitter_extractor_airflow/venv/lib/python3.9/site-packages/airflow/example_dags/subdags/subdag.py for tasks to queue
[2024-08-28 17:01:38,004] {logging_mixin.py:115} INFO - [2024-08-28 17:01:38,004] {dagbag.py:507} INFO - Filling up the DagBag from /home/kai/Documents/PROJETOS/twitter_extractor_airflow/venv/lib/python3.9/site-packages/airflow/example_dags/subdags/subdag.py
[2024-08-28 17:01:38,006] {processor.py:653} WARNING - No viable dags retrieved from /home/kai/Documents/PROJETOS/twitter_extractor_airflow/venv/lib/python3.9/site-packages/airflow/example_dags/subdags/subdag.py
[2024-08-28 17:01:38,016] {processor.py:161} INFO - Processing /home/kai/Documents/PROJETOS/twitter_extractor_airflow/venv/lib/python3.9/site-packages/airflow/example_dags/subdags/subdag.py took 0.015 seconds
[2024-08-28 17:02:09,436] {processor.py:153} INFO - Started process (PID=11793) to work on /home/kai/Documents/PROJETOS/twitter_extractor_airflow/venv/lib/python3.9/site-packages/airflow/example_dags/subdags/subdag.py
[2024-08-28 17:02:09,437] {processor.py:641} INFO - Processing file /home/kai/Documents/PROJETOS/twitter_extractor_airflow/venv/lib/python3.9/site-packages/airflow/example_dags/subdags/subdag.py for tasks to queue
[2024-08-28 17:02:09,438] {logging_mixin.py:115} INFO - [2024-08-28 17:02:09,437] {dagbag.py:507} INFO - Filling up the DagBag from /home/kai/Documents/PROJETOS/twitter_extractor_airflow/venv/lib/python3.9/site-packages/airflow/example_dags/subdags/subdag.py
[2024-08-28 17:02:09,441] {processor.py:653} WARNING - No viable dags retrieved from /home/kai/Documents/PROJETOS/twitter_extractor_airflow/venv/lib/python3.9/site-packages/airflow/example_dags/subdags/subdag.py
[2024-08-28 17:02:09,453] {processor.py:161} INFO - Processing /home/kai/Documents/PROJETOS/twitter_extractor_airflow/venv/lib/python3.9/site-packages/airflow/example_dags/subdags/subdag.py took 0.021 seconds
[2024-08-28 17:02:39,581] {processor.py:153} INFO - Started process (PID=12091) to work on /home/kai/Documents/PROJETOS/twitter_extractor_airflow/venv/lib/python3.9/site-packages/airflow/example_dags/subdags/subdag.py
[2024-08-28 17:02:39,581] {processor.py:641} INFO - Processing file /home/kai/Documents/PROJETOS/twitter_extractor_airflow/venv/lib/python3.9/site-packages/airflow/example_dags/subdags/subdag.py for tasks to queue
[2024-08-28 17:02:39,581] {logging_mixin.py:115} INFO - [2024-08-28 17:02:39,581] {dagbag.py:507} INFO - Filling up the DagBag from /home/kai/Documents/PROJETOS/twitter_extractor_airflow/venv/lib/python3.9/site-packages/airflow/example_dags/subdags/subdag.py
[2024-08-28 17:02:39,583] {processor.py:653} WARNING - No viable dags retrieved from /home/kai/Documents/PROJETOS/twitter_extractor_airflow/venv/lib/python3.9/site-packages/airflow/example_dags/subdags/subdag.py
[2024-08-28 17:02:39,591] {processor.py:161} INFO - Processing /home/kai/Documents/PROJETOS/twitter_extractor_airflow/venv/lib/python3.9/site-packages/airflow/example_dags/subdags/subdag.py took 0.013 seconds
[2024-08-28 17:03:11,004] {processor.py:153} INFO - Started process (PID=12319) to work on /home/kai/Documents/PROJETOS/twitter_extractor_airflow/venv/lib/python3.9/site-packages/airflow/example_dags/subdags/subdag.py
[2024-08-28 17:03:11,005] {processor.py:641} INFO - Processing file /home/kai/Documents/PROJETOS/twitter_extractor_airflow/venv/lib/python3.9/site-packages/airflow/example_dags/subdags/subdag.py for tasks to queue
[2024-08-28 17:03:11,005] {logging_mixin.py:115} INFO - [2024-08-28 17:03:11,005] {dagbag.py:507} INFO - Filling up the DagBag from /home/kai/Documents/PROJETOS/twitter_extractor_airflow/venv/lib/python3.9/site-packages/airflow/example_dags/subdags/subdag.py
[2024-08-28 17:03:11,007] {processor.py:653} WARNING - No viable dags retrieved from /home/kai/Documents/PROJETOS/twitter_extractor_airflow/venv/lib/python3.9/site-packages/airflow/example_dags/subdags/subdag.py
[2024-08-28 17:03:11,015] {processor.py:161} INFO - Processing /home/kai/Documents/PROJETOS/twitter_extractor_airflow/venv/lib/python3.9/site-packages/airflow/example_dags/subdags/subdag.py took 0.014 seconds
[2024-08-28 17:03:41,185] {processor.py:153} INFO - Started process (PID=12409) to work on /home/kai/Documents/PROJETOS/twitter_extractor_airflow/venv/lib/python3.9/site-packages/airflow/example_dags/subdags/subdag.py
[2024-08-28 17:03:41,185] {processor.py:641} INFO - Processing file /home/kai/Documents/PROJETOS/twitter_extractor_airflow/venv/lib/python3.9/site-packages/airflow/example_dags/subdags/subdag.py for tasks to queue
[2024-08-28 17:03:41,186] {logging_mixin.py:115} INFO - [2024-08-28 17:03:41,186] {dagbag.py:507} INFO - Filling up the DagBag from /home/kai/Documents/PROJETOS/twitter_extractor_airflow/venv/lib/python3.9/site-packages/airflow/example_dags/subdags/subdag.py
[2024-08-28 17:03:41,187] {processor.py:653} WARNING - No viable dags retrieved from /home/kai/Documents/PROJETOS/twitter_extractor_airflow/venv/lib/python3.9/site-packages/airflow/example_dags/subdags/subdag.py
[2024-08-28 17:03:41,195] {processor.py:161} INFO - Processing /home/kai/Documents/PROJETOS/twitter_extractor_airflow/venv/lib/python3.9/site-packages/airflow/example_dags/subdags/subdag.py took 0.013 seconds
[2024-08-28 17:05:00,982] {processor.py:153} INFO - Started process (PID=12773) to work on /home/kai/.local/lib/python3.8/site-packages/airflow/example_dags/subdags/subdag.py
[2024-08-28 17:05:00,982] {processor.py:641} INFO - Processing file /home/kai/.local/lib/python3.8/site-packages/airflow/example_dags/subdags/subdag.py for tasks to queue
[2024-08-28 17:05:00,983] {logging_mixin.py:115} INFO - [2024-08-28 17:05:00,983] {dagbag.py:507} INFO - Filling up the DagBag from /home/kai/.local/lib/python3.8/site-packages/airflow/example_dags/subdags/subdag.py
[2024-08-28 17:05:00,984] {processor.py:653} WARNING - No viable dags retrieved from /home/kai/.local/lib/python3.8/site-packages/airflow/example_dags/subdags/subdag.py
[2024-08-28 17:05:00,993] {processor.py:161} INFO - Processing /home/kai/.local/lib/python3.8/site-packages/airflow/example_dags/subdags/subdag.py took 0.014 seconds
[2024-08-28 17:05:31,978] {processor.py:153} INFO - Started process (PID=13001) to work on /home/kai/.local/lib/python3.8/site-packages/airflow/example_dags/subdags/subdag.py
[2024-08-28 17:05:31,978] {processor.py:641} INFO - Processing file /home/kai/.local/lib/python3.8/site-packages/airflow/example_dags/subdags/subdag.py for tasks to queue
[2024-08-28 17:05:31,979] {logging_mixin.py:115} INFO - [2024-08-28 17:05:31,979] {dagbag.py:507} INFO - Filling up the DagBag from /home/kai/.local/lib/python3.8/site-packages/airflow/example_dags/subdags/subdag.py
[2024-08-28 17:05:31,980] {processor.py:653} WARNING - No viable dags retrieved from /home/kai/.local/lib/python3.8/site-packages/airflow/example_dags/subdags/subdag.py
[2024-08-28 17:05:31,988] {processor.py:161} INFO - Processing /home/kai/.local/lib/python3.8/site-packages/airflow/example_dags/subdags/subdag.py took 0.012 seconds
[2024-08-28 17:06:06,168] {processor.py:153} INFO - Started process (PID=13047) to work on /home/kai/.local/lib/python3.8/site-packages/airflow/example_dags/subdags/subdag.py
[2024-08-28 17:06:06,168] {processor.py:641} INFO - Processing file /home/kai/.local/lib/python3.8/site-packages/airflow/example_dags/subdags/subdag.py for tasks to queue
[2024-08-28 17:06:06,169] {logging_mixin.py:115} INFO - [2024-08-28 17:06:06,169] {dagbag.py:507} INFO - Filling up the DagBag from /home/kai/.local/lib/python3.8/site-packages/airflow/example_dags/subdags/subdag.py
[2024-08-28 17:06:06,170] {processor.py:653} WARNING - No viable dags retrieved from /home/kai/.local/lib/python3.8/site-packages/airflow/example_dags/subdags/subdag.py
[2024-08-28 17:06:06,178] {processor.py:161} INFO - Processing /home/kai/.local/lib/python3.8/site-packages/airflow/example_dags/subdags/subdag.py took 0.013 seconds
[2024-08-28 17:06:38,778] {processor.py:153} INFO - Started process (PID=13189) to work on /home/kai/.local/lib/python3.8/site-packages/airflow/example_dags/subdags/subdag.py
[2024-08-28 17:06:38,779] {processor.py:641} INFO - Processing file /home/kai/.local/lib/python3.8/site-packages/airflow/example_dags/subdags/subdag.py for tasks to queue
[2024-08-28 17:06:38,779] {logging_mixin.py:115} INFO - [2024-08-28 17:06:38,779] {dagbag.py:507} INFO - Filling up the DagBag from /home/kai/.local/lib/python3.8/site-packages/airflow/example_dags/subdags/subdag.py
[2024-08-28 17:06:38,780] {processor.py:653} WARNING - No viable dags retrieved from /home/kai/.local/lib/python3.8/site-packages/airflow/example_dags/subdags/subdag.py
[2024-08-28 17:06:38,789] {processor.py:161} INFO - Processing /home/kai/.local/lib/python3.8/site-packages/airflow/example_dags/subdags/subdag.py took 0.014 seconds
[2024-08-28 17:07:12,572] {processor.py:153} INFO - Started process (PID=13431) to work on /home/kai/.local/lib/python3.8/site-packages/airflow/example_dags/subdags/subdag.py
[2024-08-28 17:07:12,573] {processor.py:641} INFO - Processing file /home/kai/.local/lib/python3.8/site-packages/airflow/example_dags/subdags/subdag.py for tasks to queue
[2024-08-28 17:07:12,573] {logging_mixin.py:115} INFO - [2024-08-28 17:07:12,573] {dagbag.py:507} INFO - Filling up the DagBag from /home/kai/.local/lib/python3.8/site-packages/airflow/example_dags/subdags/subdag.py
[2024-08-28 17:07:12,574] {processor.py:653} WARNING - No viable dags retrieved from /home/kai/.local/lib/python3.8/site-packages/airflow/example_dags/subdags/subdag.py
[2024-08-28 17:07:12,583] {processor.py:161} INFO - Processing /home/kai/.local/lib/python3.8/site-packages/airflow/example_dags/subdags/subdag.py took 0.014 seconds
[2024-08-28 17:07:45,224] {processor.py:153} INFO - Started process (PID=13548) to work on /home/kai/.local/lib/python3.8/site-packages/airflow/example_dags/subdags/subdag.py
[2024-08-28 17:07:45,225] {processor.py:641} INFO - Processing file /home/kai/.local/lib/python3.8/site-packages/airflow/example_dags/subdags/subdag.py for tasks to queue
[2024-08-28 17:07:45,225] {logging_mixin.py:115} INFO - [2024-08-28 17:07:45,225] {dagbag.py:507} INFO - Filling up the DagBag from /home/kai/.local/lib/python3.8/site-packages/airflow/example_dags/subdags/subdag.py
[2024-08-28 17:07:45,226] {processor.py:653} WARNING - No viable dags retrieved from /home/kai/.local/lib/python3.8/site-packages/airflow/example_dags/subdags/subdag.py
[2024-08-28 17:07:45,235] {processor.py:161} INFO - Processing /home/kai/.local/lib/python3.8/site-packages/airflow/example_dags/subdags/subdag.py took 0.014 seconds
[2024-08-28 17:08:18,487] {processor.py:153} INFO - Started process (PID=13586) to work on /home/kai/.local/lib/python3.8/site-packages/airflow/example_dags/subdags/subdag.py
[2024-08-28 17:08:18,487] {processor.py:641} INFO - Processing file /home/kai/.local/lib/python3.8/site-packages/airflow/example_dags/subdags/subdag.py for tasks to queue
[2024-08-28 17:08:18,488] {logging_mixin.py:115} INFO - [2024-08-28 17:08:18,487] {dagbag.py:507} INFO - Filling up the DagBag from /home/kai/.local/lib/python3.8/site-packages/airflow/example_dags/subdags/subdag.py
[2024-08-28 17:08:18,489] {processor.py:653} WARNING - No viable dags retrieved from /home/kai/.local/lib/python3.8/site-packages/airflow/example_dags/subdags/subdag.py
[2024-08-28 17:08:18,497] {processor.py:161} INFO - Processing /home/kai/.local/lib/python3.8/site-packages/airflow/example_dags/subdags/subdag.py took 0.013 seconds
[2024-08-28 17:08:52,138] {processor.py:153} INFO - Started process (PID=13630) to work on /home/kai/.local/lib/python3.8/site-packages/airflow/example_dags/subdags/subdag.py
[2024-08-28 17:08:52,139] {processor.py:641} INFO - Processing file /home/kai/.local/lib/python3.8/site-packages/airflow/example_dags/subdags/subdag.py for tasks to queue
[2024-08-28 17:08:52,139] {logging_mixin.py:115} INFO - [2024-08-28 17:08:52,139] {dagbag.py:507} INFO - Filling up the DagBag from /home/kai/.local/lib/python3.8/site-packages/airflow/example_dags/subdags/subdag.py
[2024-08-28 17:08:52,140] {processor.py:653} WARNING - No viable dags retrieved from /home/kai/.local/lib/python3.8/site-packages/airflow/example_dags/subdags/subdag.py
[2024-08-28 17:08:52,149] {processor.py:161} INFO - Processing /home/kai/.local/lib/python3.8/site-packages/airflow/example_dags/subdags/subdag.py took 0.013 seconds
[2024-08-28 17:09:24,222] {processor.py:153} INFO - Started process (PID=13665) to work on /home/kai/.local/lib/python3.8/site-packages/airflow/example_dags/subdags/subdag.py
[2024-08-28 17:09:24,222] {processor.py:641} INFO - Processing file /home/kai/.local/lib/python3.8/site-packages/airflow/example_dags/subdags/subdag.py for tasks to queue
[2024-08-28 17:09:24,223] {logging_mixin.py:115} INFO - [2024-08-28 17:09:24,223] {dagbag.py:507} INFO - Filling up the DagBag from /home/kai/.local/lib/python3.8/site-packages/airflow/example_dags/subdags/subdag.py
[2024-08-28 17:09:24,224] {processor.py:653} WARNING - No viable dags retrieved from /home/kai/.local/lib/python3.8/site-packages/airflow/example_dags/subdags/subdag.py
[2024-08-28 17:09:24,234] {processor.py:161} INFO - Processing /home/kai/.local/lib/python3.8/site-packages/airflow/example_dags/subdags/subdag.py took 0.015 seconds
[2024-08-28 17:09:58,011] {processor.py:153} INFO - Started process (PID=13760) to work on /home/kai/.local/lib/python3.8/site-packages/airflow/example_dags/subdags/subdag.py
[2024-08-28 17:09:58,012] {processor.py:641} INFO - Processing file /home/kai/.local/lib/python3.8/site-packages/airflow/example_dags/subdags/subdag.py for tasks to queue
[2024-08-28 17:09:58,013] {logging_mixin.py:115} INFO - [2024-08-28 17:09:58,012] {dagbag.py:507} INFO - Filling up the DagBag from /home/kai/.local/lib/python3.8/site-packages/airflow/example_dags/subdags/subdag.py
[2024-08-28 17:09:58,014] {processor.py:653} WARNING - No viable dags retrieved from /home/kai/.local/lib/python3.8/site-packages/airflow/example_dags/subdags/subdag.py
[2024-08-28 17:09:58,023] {processor.py:161} INFO - Processing /home/kai/.local/lib/python3.8/site-packages/airflow/example_dags/subdags/subdag.py took 0.014 seconds
