[2024-08-29 09:33:33,142] {processor.py:153} INFO - Started process (PID=51511) to work on /home/kai/Documents/PROJETOS/twitter_extractor_airflow/airflow_twitter/dags/dag_prof.py
[2024-08-29 09:33:33,142] {processor.py:641} INFO - Processing file /home/kai/Documents/PROJETOS/twitter_extractor_airflow/airflow_twitter/dags/dag_prof.py for tasks to queue
[2024-08-29 09:33:33,143] {logging_mixin.py:115} INFO - [2024-08-29 09:33:33,143] {dagbag.py:507} INFO - Filling up the DagBag from /home/kai/Documents/PROJETOS/twitter_extractor_airflow/airflow_twitter/dags/dag_prof.py
[2024-08-29 09:33:33,157] {processor.py:651} INFO - DAG(s) dict_keys(['TwitterDAG']) retrieved from /home/kai/Documents/PROJETOS/twitter_extractor_airflow/airflow_twitter/dags/dag_prof.py
[2024-08-29 09:33:33,238] {logging_mixin.py:115} INFO - [2024-08-29 09:33:33,237] {dag.py:2379} INFO - Sync 1 DAGs
[2024-08-29 09:33:33,269] {logging_mixin.py:115} INFO - [2024-08-29 09:33:33,269] {dag.py:2927} INFO - Setting next_dagrun for TwitterDAG to 2024-08-29T00:00:00+00:00, run_after=2024-08-30T00:00:00+00:00
[2024-08-29 09:33:33,294] {processor.py:161} INFO - Processing /home/kai/Documents/PROJETOS/twitter_extractor_airflow/airflow_twitter/dags/dag_prof.py took 0.158 seconds
[2024-08-29 09:34:03,425] {processor.py:153} INFO - Started process (PID=51535) to work on /home/kai/Documents/PROJETOS/twitter_extractor_airflow/airflow_twitter/dags/dag_prof.py
[2024-08-29 09:34:03,426] {processor.py:641} INFO - Processing file /home/kai/Documents/PROJETOS/twitter_extractor_airflow/airflow_twitter/dags/dag_prof.py for tasks to queue
[2024-08-29 09:34:03,426] {logging_mixin.py:115} INFO - [2024-08-29 09:34:03,426] {dagbag.py:507} INFO - Filling up the DagBag from /home/kai/Documents/PROJETOS/twitter_extractor_airflow/airflow_twitter/dags/dag_prof.py
[2024-08-29 09:34:03,434] {processor.py:651} INFO - DAG(s) dict_keys(['TwitterDAG']) retrieved from /home/kai/Documents/PROJETOS/twitter_extractor_airflow/airflow_twitter/dags/dag_prof.py
[2024-08-29 09:34:03,450] {logging_mixin.py:115} INFO - [2024-08-29 09:34:03,450] {dag.py:2379} INFO - Sync 1 DAGs
[2024-08-29 09:34:03,467] {logging_mixin.py:115} INFO - [2024-08-29 09:34:03,467] {dag.py:2927} INFO - Setting next_dagrun for TwitterDAG to 2024-08-29T00:00:00+00:00, run_after=2024-08-30T00:00:00+00:00
[2024-08-29 09:34:03,479] {processor.py:161} INFO - Processing /home/kai/Documents/PROJETOS/twitter_extractor_airflow/airflow_twitter/dags/dag_prof.py took 0.056 seconds
[2024-08-29 09:34:33,755] {processor.py:153} INFO - Started process (PID=51541) to work on /home/kai/Documents/PROJETOS/twitter_extractor_airflow/airflow_twitter/dags/dag_prof.py
[2024-08-29 09:34:33,756] {processor.py:641} INFO - Processing file /home/kai/Documents/PROJETOS/twitter_extractor_airflow/airflow_twitter/dags/dag_prof.py for tasks to queue
[2024-08-29 09:34:33,757] {logging_mixin.py:115} INFO - [2024-08-29 09:34:33,756] {dagbag.py:507} INFO - Filling up the DagBag from /home/kai/Documents/PROJETOS/twitter_extractor_airflow/airflow_twitter/dags/dag_prof.py
[2024-08-29 09:34:33,764] {processor.py:651} INFO - DAG(s) dict_keys(['TwitterDAG']) retrieved from /home/kai/Documents/PROJETOS/twitter_extractor_airflow/airflow_twitter/dags/dag_prof.py
[2024-08-29 09:34:33,774] {logging_mixin.py:115} INFO - [2024-08-29 09:34:33,774] {dag.py:2379} INFO - Sync 1 DAGs
[2024-08-29 09:34:33,791] {logging_mixin.py:115} INFO - [2024-08-29 09:34:33,791] {dag.py:2927} INFO - Setting next_dagrun for TwitterDAG to 2024-08-29T00:00:00+00:00, run_after=2024-08-30T00:00:00+00:00
[2024-08-29 09:34:33,800] {processor.py:161} INFO - Processing /home/kai/Documents/PROJETOS/twitter_extractor_airflow/airflow_twitter/dags/dag_prof.py took 0.048 seconds
[2024-08-29 09:35:04,009] {processor.py:153} INFO - Started process (PID=51553) to work on /home/kai/Documents/PROJETOS/twitter_extractor_airflow/airflow_twitter/dags/dag_prof.py
[2024-08-29 09:35:04,009] {processor.py:641} INFO - Processing file /home/kai/Documents/PROJETOS/twitter_extractor_airflow/airflow_twitter/dags/dag_prof.py for tasks to queue
[2024-08-29 09:35:04,010] {logging_mixin.py:115} INFO - [2024-08-29 09:35:04,010] {dagbag.py:507} INFO - Filling up the DagBag from /home/kai/Documents/PROJETOS/twitter_extractor_airflow/airflow_twitter/dags/dag_prof.py
[2024-08-29 09:35:04,017] {processor.py:651} INFO - DAG(s) dict_keys(['TwitterDAG']) retrieved from /home/kai/Documents/PROJETOS/twitter_extractor_airflow/airflow_twitter/dags/dag_prof.py
[2024-08-29 09:35:04,067] {logging_mixin.py:115} INFO - [2024-08-29 09:35:04,067] {dag.py:2379} INFO - Sync 1 DAGs
[2024-08-29 09:35:04,081] {logging_mixin.py:115} INFO - [2024-08-29 09:35:04,081] {dag.py:2927} INFO - Setting next_dagrun for TwitterDAG to 2024-08-29T00:00:00+00:00, run_after=2024-08-30T00:00:00+00:00
[2024-08-29 09:35:04,093] {processor.py:161} INFO - Processing /home/kai/Documents/PROJETOS/twitter_extractor_airflow/airflow_twitter/dags/dag_prof.py took 0.087 seconds
[2024-08-29 09:35:34,300] {processor.py:153} INFO - Started process (PID=51610) to work on /home/kai/Documents/PROJETOS/twitter_extractor_airflow/airflow_twitter/dags/dag_prof.py
[2024-08-29 09:35:34,301] {processor.py:641} INFO - Processing file /home/kai/Documents/PROJETOS/twitter_extractor_airflow/airflow_twitter/dags/dag_prof.py for tasks to queue
[2024-08-29 09:35:34,301] {logging_mixin.py:115} INFO - [2024-08-29 09:35:34,301] {dagbag.py:507} INFO - Filling up the DagBag from /home/kai/Documents/PROJETOS/twitter_extractor_airflow/airflow_twitter/dags/dag_prof.py
[2024-08-29 09:35:34,310] {processor.py:651} INFO - DAG(s) dict_keys(['TwitterDAG']) retrieved from /home/kai/Documents/PROJETOS/twitter_extractor_airflow/airflow_twitter/dags/dag_prof.py
[2024-08-29 09:35:34,329] {logging_mixin.py:115} INFO - [2024-08-29 09:35:34,329] {dag.py:2379} INFO - Sync 1 DAGs
[2024-08-29 09:35:34,348] {logging_mixin.py:115} INFO - [2024-08-29 09:35:34,348] {dag.py:2927} INFO - Setting next_dagrun for TwitterDAG to 2024-08-29T00:00:00+00:00, run_after=2024-08-30T00:00:00+00:00
[2024-08-29 09:35:34,357] {processor.py:161} INFO - Processing /home/kai/Documents/PROJETOS/twitter_extractor_airflow/airflow_twitter/dags/dag_prof.py took 0.060 seconds
[2024-08-29 09:36:04,600] {processor.py:153} INFO - Started process (PID=51619) to work on /home/kai/Documents/PROJETOS/twitter_extractor_airflow/airflow_twitter/dags/dag_prof.py
[2024-08-29 09:36:04,601] {processor.py:641} INFO - Processing file /home/kai/Documents/PROJETOS/twitter_extractor_airflow/airflow_twitter/dags/dag_prof.py for tasks to queue
[2024-08-29 09:36:04,601] {logging_mixin.py:115} INFO - [2024-08-29 09:36:04,601] {dagbag.py:507} INFO - Filling up the DagBag from /home/kai/Documents/PROJETOS/twitter_extractor_airflow/airflow_twitter/dags/dag_prof.py
[2024-08-29 09:36:04,609] {processor.py:651} INFO - DAG(s) dict_keys(['TwitterDAG']) retrieved from /home/kai/Documents/PROJETOS/twitter_extractor_airflow/airflow_twitter/dags/dag_prof.py
[2024-08-29 09:36:04,621] {logging_mixin.py:115} INFO - [2024-08-29 09:36:04,621] {dag.py:2379} INFO - Sync 1 DAGs
[2024-08-29 09:36:04,644] {logging_mixin.py:115} INFO - [2024-08-29 09:36:04,644] {dag.py:2927} INFO - Setting next_dagrun for TwitterDAG to 2024-08-29T00:00:00+00:00, run_after=2024-08-30T00:00:00+00:00
[2024-08-29 09:36:04,661] {processor.py:161} INFO - Processing /home/kai/Documents/PROJETOS/twitter_extractor_airflow/airflow_twitter/dags/dag_prof.py took 0.064 seconds
[2024-08-29 09:36:34,875] {processor.py:153} INFO - Started process (PID=51625) to work on /home/kai/Documents/PROJETOS/twitter_extractor_airflow/airflow_twitter/dags/dag_prof.py
[2024-08-29 09:36:34,876] {processor.py:641} INFO - Processing file /home/kai/Documents/PROJETOS/twitter_extractor_airflow/airflow_twitter/dags/dag_prof.py for tasks to queue
[2024-08-29 09:36:34,876] {logging_mixin.py:115} INFO - [2024-08-29 09:36:34,876] {dagbag.py:507} INFO - Filling up the DagBag from /home/kai/Documents/PROJETOS/twitter_extractor_airflow/airflow_twitter/dags/dag_prof.py
[2024-08-29 09:36:34,885] {processor.py:651} INFO - DAG(s) dict_keys(['TwitterDAG']) retrieved from /home/kai/Documents/PROJETOS/twitter_extractor_airflow/airflow_twitter/dags/dag_prof.py
[2024-08-29 09:36:34,925] {logging_mixin.py:115} INFO - [2024-08-29 09:36:34,925] {dag.py:2379} INFO - Sync 1 DAGs
[2024-08-29 09:36:34,940] {logging_mixin.py:115} INFO - [2024-08-29 09:36:34,940] {dag.py:2927} INFO - Setting next_dagrun for TwitterDAG to 2024-08-29T00:00:00+00:00, run_after=2024-08-30T00:00:00+00:00
[2024-08-29 09:36:34,951] {processor.py:161} INFO - Processing /home/kai/Documents/PROJETOS/twitter_extractor_airflow/airflow_twitter/dags/dag_prof.py took 0.079 seconds
[2024-08-29 09:37:05,153] {processor.py:153} INFO - Started process (PID=51635) to work on /home/kai/Documents/PROJETOS/twitter_extractor_airflow/airflow_twitter/dags/dag_prof.py
[2024-08-29 09:37:05,154] {processor.py:641} INFO - Processing file /home/kai/Documents/PROJETOS/twitter_extractor_airflow/airflow_twitter/dags/dag_prof.py for tasks to queue
[2024-08-29 09:37:05,154] {logging_mixin.py:115} INFO - [2024-08-29 09:37:05,154] {dagbag.py:507} INFO - Filling up the DagBag from /home/kai/Documents/PROJETOS/twitter_extractor_airflow/airflow_twitter/dags/dag_prof.py
[2024-08-29 09:37:05,162] {processor.py:651} INFO - DAG(s) dict_keys(['TwitterDAG']) retrieved from /home/kai/Documents/PROJETOS/twitter_extractor_airflow/airflow_twitter/dags/dag_prof.py
[2024-08-29 09:37:05,176] {logging_mixin.py:115} INFO - [2024-08-29 09:37:05,175] {dag.py:2379} INFO - Sync 1 DAGs
[2024-08-29 09:37:05,197] {logging_mixin.py:115} INFO - [2024-08-29 09:37:05,196] {dag.py:2927} INFO - Setting next_dagrun for TwitterDAG to 2024-08-29T00:00:00+00:00, run_after=2024-08-30T00:00:00+00:00
[2024-08-29 09:37:05,207] {processor.py:161} INFO - Processing /home/kai/Documents/PROJETOS/twitter_extractor_airflow/airflow_twitter/dags/dag_prof.py took 0.056 seconds
[2024-08-29 09:37:35,446] {processor.py:153} INFO - Started process (PID=51645) to work on /home/kai/Documents/PROJETOS/twitter_extractor_airflow/airflow_twitter/dags/dag_prof.py
[2024-08-29 09:37:35,449] {processor.py:641} INFO - Processing file /home/kai/Documents/PROJETOS/twitter_extractor_airflow/airflow_twitter/dags/dag_prof.py for tasks to queue
[2024-08-29 09:37:35,450] {logging_mixin.py:115} INFO - [2024-08-29 09:37:35,449] {dagbag.py:507} INFO - Filling up the DagBag from /home/kai/Documents/PROJETOS/twitter_extractor_airflow/airflow_twitter/dags/dag_prof.py
[2024-08-29 09:37:35,458] {processor.py:651} INFO - DAG(s) dict_keys(['TwitterDAG']) retrieved from /home/kai/Documents/PROJETOS/twitter_extractor_airflow/airflow_twitter/dags/dag_prof.py
[2024-08-29 09:37:35,466] {logging_mixin.py:115} INFO - [2024-08-29 09:37:35,465] {dag.py:2379} INFO - Sync 1 DAGs
[2024-08-29 09:37:35,484] {logging_mixin.py:115} INFO - [2024-08-29 09:37:35,484] {dag.py:2927} INFO - Setting next_dagrun for TwitterDAG to 2024-08-29T00:00:00+00:00, run_after=2024-08-30T00:00:00+00:00
[2024-08-29 09:37:35,493] {processor.py:161} INFO - Processing /home/kai/Documents/PROJETOS/twitter_extractor_airflow/airflow_twitter/dags/dag_prof.py took 0.052 seconds
[2024-08-29 09:38:05,733] {processor.py:153} INFO - Started process (PID=51653) to work on /home/kai/Documents/PROJETOS/twitter_extractor_airflow/airflow_twitter/dags/dag_prof.py
[2024-08-29 09:38:05,734] {processor.py:641} INFO - Processing file /home/kai/Documents/PROJETOS/twitter_extractor_airflow/airflow_twitter/dags/dag_prof.py for tasks to queue
[2024-08-29 09:38:05,734] {logging_mixin.py:115} INFO - [2024-08-29 09:38:05,734] {dagbag.py:507} INFO - Filling up the DagBag from /home/kai/Documents/PROJETOS/twitter_extractor_airflow/airflow_twitter/dags/dag_prof.py
[2024-08-29 09:38:05,744] {processor.py:651} INFO - DAG(s) dict_keys(['TwitterDAG']) retrieved from /home/kai/Documents/PROJETOS/twitter_extractor_airflow/airflow_twitter/dags/dag_prof.py
[2024-08-29 09:38:05,788] {logging_mixin.py:115} INFO - [2024-08-29 09:38:05,788] {dag.py:2379} INFO - Sync 1 DAGs
[2024-08-29 09:38:05,801] {logging_mixin.py:115} INFO - [2024-08-29 09:38:05,801] {dag.py:2927} INFO - Setting next_dagrun for TwitterDAG to 2024-08-29T00:00:00+00:00, run_after=2024-08-30T00:00:00+00:00
[2024-08-29 09:38:05,811] {processor.py:161} INFO - Processing /home/kai/Documents/PROJETOS/twitter_extractor_airflow/airflow_twitter/dags/dag_prof.py took 0.083 seconds
[2024-08-29 12:53:51,823] {processor.py:153} INFO - Started process (PID=54175) to work on /home/kai/Documents/PROJETOS/twitter_extractor_airflow/airflow_twitter/dags/dag_prof.py
[2024-08-29 12:53:51,835] {processor.py:641} INFO - Processing file /home/kai/Documents/PROJETOS/twitter_extractor_airflow/airflow_twitter/dags/dag_prof.py for tasks to queue
[2024-08-29 12:53:51,835] {logging_mixin.py:115} INFO - [2024-08-29 12:53:51,835] {dagbag.py:507} INFO - Filling up the DagBag from /home/kai/Documents/PROJETOS/twitter_extractor_airflow/airflow_twitter/dags/dag_prof.py
[2024-08-29 12:53:51,847] {processor.py:651} INFO - DAG(s) dict_keys(['TwitterDAG']) retrieved from /home/kai/Documents/PROJETOS/twitter_extractor_airflow/airflow_twitter/dags/dag_prof.py
[2024-08-29 12:53:51,923] {logging_mixin.py:115} INFO - [2024-08-29 12:53:51,923] {dag.py:2379} INFO - Sync 1 DAGs
[2024-08-29 12:53:51,987] {logging_mixin.py:115} INFO - [2024-08-29 12:53:51,986] {dag.py:2927} INFO - Setting next_dagrun for TwitterDAG to 2024-08-29T00:00:00+00:00, run_after=2024-08-30T00:00:00+00:00
[2024-08-29 12:53:52,014] {processor.py:161} INFO - Processing /home/kai/Documents/PROJETOS/twitter_extractor_airflow/airflow_twitter/dags/dag_prof.py took 0.197 seconds
[2024-08-29 12:54:23,325] {processor.py:153} INFO - Started process (PID=54510) to work on /home/kai/Documents/PROJETOS/twitter_extractor_airflow/airflow_twitter/dags/dag_prof.py
[2024-08-29 12:54:23,326] {processor.py:641} INFO - Processing file /home/kai/Documents/PROJETOS/twitter_extractor_airflow/airflow_twitter/dags/dag_prof.py for tasks to queue
[2024-08-29 12:54:23,327] {logging_mixin.py:115} INFO - [2024-08-29 12:54:23,327] {dagbag.py:507} INFO - Filling up the DagBag from /home/kai/Documents/PROJETOS/twitter_extractor_airflow/airflow_twitter/dags/dag_prof.py
[2024-08-29 12:54:23,336] {processor.py:651} INFO - DAG(s) dict_keys(['TwitterDAG']) retrieved from /home/kai/Documents/PROJETOS/twitter_extractor_airflow/airflow_twitter/dags/dag_prof.py
[2024-08-29 12:54:23,351] {logging_mixin.py:115} INFO - [2024-08-29 12:54:23,351] {dag.py:2379} INFO - Sync 1 DAGs
[2024-08-29 12:54:23,374] {logging_mixin.py:115} INFO - [2024-08-29 12:54:23,374] {dag.py:2927} INFO - Setting next_dagrun for TwitterDAG to 2024-08-29T00:00:00+00:00, run_after=2024-08-30T00:00:00+00:00
[2024-08-29 12:54:23,386] {processor.py:161} INFO - Processing /home/kai/Documents/PROJETOS/twitter_extractor_airflow/airflow_twitter/dags/dag_prof.py took 0.065 seconds
[2024-08-29 12:54:54,682] {processor.py:153} INFO - Started process (PID=54522) to work on /home/kai/Documents/PROJETOS/twitter_extractor_airflow/airflow_twitter/dags/dag_prof.py
[2024-08-29 12:54:54,683] {processor.py:641} INFO - Processing file /home/kai/Documents/PROJETOS/twitter_extractor_airflow/airflow_twitter/dags/dag_prof.py for tasks to queue
[2024-08-29 12:54:54,684] {logging_mixin.py:115} INFO - [2024-08-29 12:54:54,684] {dagbag.py:507} INFO - Filling up the DagBag from /home/kai/Documents/PROJETOS/twitter_extractor_airflow/airflow_twitter/dags/dag_prof.py
[2024-08-29 12:54:54,693] {processor.py:651} INFO - DAG(s) dict_keys(['TwitterDAG']) retrieved from /home/kai/Documents/PROJETOS/twitter_extractor_airflow/airflow_twitter/dags/dag_prof.py
[2024-08-29 12:54:54,711] {logging_mixin.py:115} INFO - [2024-08-29 12:54:54,711] {dag.py:2379} INFO - Sync 1 DAGs
[2024-08-29 12:54:54,732] {logging_mixin.py:115} INFO - [2024-08-29 12:54:54,732] {dag.py:2927} INFO - Setting next_dagrun for TwitterDAG to 2024-08-29T00:00:00+00:00, run_after=2024-08-30T00:00:00+00:00
[2024-08-29 12:54:54,743] {processor.py:161} INFO - Processing /home/kai/Documents/PROJETOS/twitter_extractor_airflow/airflow_twitter/dags/dag_prof.py took 0.064 seconds
[2024-08-29 12:55:25,083] {processor.py:153} INFO - Started process (PID=54537) to work on /home/kai/Documents/PROJETOS/twitter_extractor_airflow/airflow_twitter/dags/dag_prof.py
[2024-08-29 12:55:25,088] {processor.py:641} INFO - Processing file /home/kai/Documents/PROJETOS/twitter_extractor_airflow/airflow_twitter/dags/dag_prof.py for tasks to queue
[2024-08-29 12:55:25,089] {logging_mixin.py:115} INFO - [2024-08-29 12:55:25,089] {dagbag.py:507} INFO - Filling up the DagBag from /home/kai/Documents/PROJETOS/twitter_extractor_airflow/airflow_twitter/dags/dag_prof.py
[2024-08-29 12:55:25,106] {processor.py:651} INFO - DAG(s) dict_keys(['TwitterDAG']) retrieved from /home/kai/Documents/PROJETOS/twitter_extractor_airflow/airflow_twitter/dags/dag_prof.py
[2024-08-29 12:55:25,134] {logging_mixin.py:115} INFO - [2024-08-29 12:55:25,134] {dag.py:2379} INFO - Sync 1 DAGs
[2024-08-29 12:55:25,159] {logging_mixin.py:115} INFO - [2024-08-29 12:55:25,159] {dag.py:2927} INFO - Setting next_dagrun for TwitterDAG to 2024-08-29T00:00:00+00:00, run_after=2024-08-30T00:00:00+00:00
[2024-08-29 12:55:25,176] {processor.py:161} INFO - Processing /home/kai/Documents/PROJETOS/twitter_extractor_airflow/airflow_twitter/dags/dag_prof.py took 0.097 seconds
[2024-08-29 12:55:57,494] {processor.py:153} INFO - Started process (PID=54543) to work on /home/kai/Documents/PROJETOS/twitter_extractor_airflow/airflow_twitter/dags/dag_prof.py
[2024-08-29 12:55:57,495] {processor.py:641} INFO - Processing file /home/kai/Documents/PROJETOS/twitter_extractor_airflow/airflow_twitter/dags/dag_prof.py for tasks to queue
[2024-08-29 12:55:57,495] {logging_mixin.py:115} INFO - [2024-08-29 12:55:57,495] {dagbag.py:507} INFO - Filling up the DagBag from /home/kai/Documents/PROJETOS/twitter_extractor_airflow/airflow_twitter/dags/dag_prof.py
[2024-08-29 12:55:57,507] {processor.py:651} INFO - DAG(s) dict_keys(['TwitterDAG']) retrieved from /home/kai/Documents/PROJETOS/twitter_extractor_airflow/airflow_twitter/dags/dag_prof.py
[2024-08-29 12:55:57,523] {logging_mixin.py:115} INFO - [2024-08-29 12:55:57,523] {dag.py:2379} INFO - Sync 1 DAGs
[2024-08-29 12:55:57,542] {logging_mixin.py:115} INFO - [2024-08-29 12:55:57,542] {dag.py:2927} INFO - Setting next_dagrun for TwitterDAG to 2024-08-29T00:00:00+00:00, run_after=2024-08-30T00:00:00+00:00
[2024-08-29 12:55:57,550] {processor.py:161} INFO - Processing /home/kai/Documents/PROJETOS/twitter_extractor_airflow/airflow_twitter/dags/dag_prof.py took 0.059 seconds
[2024-08-29 12:56:29,084] {processor.py:153} INFO - Started process (PID=54557) to work on /home/kai/Documents/PROJETOS/twitter_extractor_airflow/airflow_twitter/dags/dag_prof.py
[2024-08-29 12:56:29,085] {processor.py:641} INFO - Processing file /home/kai/Documents/PROJETOS/twitter_extractor_airflow/airflow_twitter/dags/dag_prof.py for tasks to queue
[2024-08-29 12:56:29,085] {logging_mixin.py:115} INFO - [2024-08-29 12:56:29,085] {dagbag.py:507} INFO - Filling up the DagBag from /home/kai/Documents/PROJETOS/twitter_extractor_airflow/airflow_twitter/dags/dag_prof.py
[2024-08-29 12:56:29,094] {processor.py:651} INFO - DAG(s) dict_keys(['TwitterDAG']) retrieved from /home/kai/Documents/PROJETOS/twitter_extractor_airflow/airflow_twitter/dags/dag_prof.py
[2024-08-29 12:56:29,110] {logging_mixin.py:115} INFO - [2024-08-29 12:56:29,110] {dag.py:2379} INFO - Sync 1 DAGs
[2024-08-29 12:56:29,132] {logging_mixin.py:115} INFO - [2024-08-29 12:56:29,131] {dag.py:2927} INFO - Setting next_dagrun for TwitterDAG to 2024-08-29T00:00:00+00:00, run_after=2024-08-30T00:00:00+00:00
[2024-08-29 12:56:29,143] {processor.py:161} INFO - Processing /home/kai/Documents/PROJETOS/twitter_extractor_airflow/airflow_twitter/dags/dag_prof.py took 0.062 seconds
[2024-08-29 12:56:59,825] {processor.py:153} INFO - Started process (PID=54728) to work on /home/kai/Documents/PROJETOS/twitter_extractor_airflow/airflow_twitter/dags/dag_prof.py
[2024-08-29 12:56:59,826] {processor.py:641} INFO - Processing file /home/kai/Documents/PROJETOS/twitter_extractor_airflow/airflow_twitter/dags/dag_prof.py for tasks to queue
[2024-08-29 12:56:59,826] {logging_mixin.py:115} INFO - [2024-08-29 12:56:59,826] {dagbag.py:507} INFO - Filling up the DagBag from /home/kai/Documents/PROJETOS/twitter_extractor_airflow/airflow_twitter/dags/dag_prof.py
[2024-08-29 12:56:59,833] {processor.py:651} INFO - DAG(s) dict_keys(['TwitterDAG']) retrieved from /home/kai/Documents/PROJETOS/twitter_extractor_airflow/airflow_twitter/dags/dag_prof.py
[2024-08-29 12:56:59,847] {logging_mixin.py:115} INFO - [2024-08-29 12:56:59,847] {dag.py:2379} INFO - Sync 1 DAGs
[2024-08-29 12:56:59,866] {logging_mixin.py:115} INFO - [2024-08-29 12:56:59,865] {dag.py:2927} INFO - Setting next_dagrun for TwitterDAG to 2024-08-29T00:00:00+00:00, run_after=2024-08-30T00:00:00+00:00
[2024-08-29 12:56:59,875] {processor.py:161} INFO - Processing /home/kai/Documents/PROJETOS/twitter_extractor_airflow/airflow_twitter/dags/dag_prof.py took 0.052 seconds
[2024-08-29 12:57:31,415] {processor.py:153} INFO - Started process (PID=54739) to work on /home/kai/Documents/PROJETOS/twitter_extractor_airflow/airflow_twitter/dags/dag_prof.py
[2024-08-29 12:57:31,416] {processor.py:641} INFO - Processing file /home/kai/Documents/PROJETOS/twitter_extractor_airflow/airflow_twitter/dags/dag_prof.py for tasks to queue
[2024-08-29 12:57:31,416] {logging_mixin.py:115} INFO - [2024-08-29 12:57:31,416] {dagbag.py:507} INFO - Filling up the DagBag from /home/kai/Documents/PROJETOS/twitter_extractor_airflow/airflow_twitter/dags/dag_prof.py
[2024-08-29 12:57:31,426] {processor.py:651} INFO - DAG(s) dict_keys(['TwitterDAG']) retrieved from /home/kai/Documents/PROJETOS/twitter_extractor_airflow/airflow_twitter/dags/dag_prof.py
[2024-08-29 12:57:31,444] {logging_mixin.py:115} INFO - [2024-08-29 12:57:31,444] {dag.py:2379} INFO - Sync 1 DAGs
[2024-08-29 12:57:31,469] {logging_mixin.py:115} INFO - [2024-08-29 12:57:31,469] {dag.py:2927} INFO - Setting next_dagrun for TwitterDAG to 2024-08-29T00:00:00+00:00, run_after=2024-08-30T00:00:00+00:00
[2024-08-29 12:57:31,481] {processor.py:161} INFO - Processing /home/kai/Documents/PROJETOS/twitter_extractor_airflow/airflow_twitter/dags/dag_prof.py took 0.069 seconds
[2024-08-29 12:58:02,405] {processor.py:153} INFO - Started process (PID=54749) to work on /home/kai/Documents/PROJETOS/twitter_extractor_airflow/airflow_twitter/dags/dag_prof.py
[2024-08-29 12:58:02,406] {processor.py:641} INFO - Processing file /home/kai/Documents/PROJETOS/twitter_extractor_airflow/airflow_twitter/dags/dag_prof.py for tasks to queue
[2024-08-29 12:58:02,407] {logging_mixin.py:115} INFO - [2024-08-29 12:58:02,407] {dagbag.py:507} INFO - Filling up the DagBag from /home/kai/Documents/PROJETOS/twitter_extractor_airflow/airflow_twitter/dags/dag_prof.py
[2024-08-29 12:58:02,415] {processor.py:651} INFO - DAG(s) dict_keys(['TwitterDAG']) retrieved from /home/kai/Documents/PROJETOS/twitter_extractor_airflow/airflow_twitter/dags/dag_prof.py
[2024-08-29 12:58:02,429] {logging_mixin.py:115} INFO - [2024-08-29 12:58:02,429] {dag.py:2379} INFO - Sync 1 DAGs
[2024-08-29 12:58:02,457] {logging_mixin.py:115} INFO - [2024-08-29 12:58:02,457] {dag.py:2927} INFO - Setting next_dagrun for TwitterDAG to 2024-08-29T00:00:00+00:00, run_after=2024-08-30T00:00:00+00:00
[2024-08-29 12:58:02,467] {processor.py:161} INFO - Processing /home/kai/Documents/PROJETOS/twitter_extractor_airflow/airflow_twitter/dags/dag_prof.py took 0.065 seconds
[2024-08-29 12:58:33,374] {processor.py:153} INFO - Started process (PID=54759) to work on /home/kai/Documents/PROJETOS/twitter_extractor_airflow/airflow_twitter/dags/dag_prof.py
[2024-08-29 12:58:33,375] {processor.py:641} INFO - Processing file /home/kai/Documents/PROJETOS/twitter_extractor_airflow/airflow_twitter/dags/dag_prof.py for tasks to queue
[2024-08-29 12:58:33,376] {logging_mixin.py:115} INFO - [2024-08-29 12:58:33,376] {dagbag.py:507} INFO - Filling up the DagBag from /home/kai/Documents/PROJETOS/twitter_extractor_airflow/airflow_twitter/dags/dag_prof.py
[2024-08-29 12:58:33,385] {processor.py:651} INFO - DAG(s) dict_keys(['TwitterDAG']) retrieved from /home/kai/Documents/PROJETOS/twitter_extractor_airflow/airflow_twitter/dags/dag_prof.py
[2024-08-29 12:58:33,402] {logging_mixin.py:115} INFO - [2024-08-29 12:58:33,402] {dag.py:2379} INFO - Sync 1 DAGs
[2024-08-29 12:58:33,429] {logging_mixin.py:115} INFO - [2024-08-29 12:58:33,429] {dag.py:2927} INFO - Setting next_dagrun for TwitterDAG to 2024-08-29T00:00:00+00:00, run_after=2024-08-30T00:00:00+00:00
[2024-08-29 12:58:33,441] {processor.py:161} INFO - Processing /home/kai/Documents/PROJETOS/twitter_extractor_airflow/airflow_twitter/dags/dag_prof.py took 0.070 seconds
[2024-08-29 12:59:04,364] {processor.py:153} INFO - Started process (PID=54822) to work on /home/kai/Documents/PROJETOS/twitter_extractor_airflow/airflow_twitter/dags/dag_prof.py
[2024-08-29 12:59:04,365] {processor.py:641} INFO - Processing file /home/kai/Documents/PROJETOS/twitter_extractor_airflow/airflow_twitter/dags/dag_prof.py for tasks to queue
[2024-08-29 12:59:04,366] {logging_mixin.py:115} INFO - [2024-08-29 12:59:04,366] {dagbag.py:507} INFO - Filling up the DagBag from /home/kai/Documents/PROJETOS/twitter_extractor_airflow/airflow_twitter/dags/dag_prof.py
[2024-08-29 12:59:04,377] {processor.py:651} INFO - DAG(s) dict_keys(['TwitterDAG']) retrieved from /home/kai/Documents/PROJETOS/twitter_extractor_airflow/airflow_twitter/dags/dag_prof.py
[2024-08-29 12:59:04,392] {logging_mixin.py:115} INFO - [2024-08-29 12:59:04,392] {dag.py:2379} INFO - Sync 1 DAGs
[2024-08-29 12:59:04,414] {logging_mixin.py:115} INFO - [2024-08-29 12:59:04,414] {dag.py:2927} INFO - Setting next_dagrun for TwitterDAG to 2024-08-29T00:00:00+00:00, run_after=2024-08-30T00:00:00+00:00
[2024-08-29 12:59:04,423] {processor.py:161} INFO - Processing /home/kai/Documents/PROJETOS/twitter_extractor_airflow/airflow_twitter/dags/dag_prof.py took 0.062 seconds
[2024-08-29 12:59:35,061] {processor.py:153} INFO - Started process (PID=54834) to work on /home/kai/Documents/PROJETOS/twitter_extractor_airflow/airflow_twitter/dags/dag_prof.py
[2024-08-29 12:59:35,063] {processor.py:641} INFO - Processing file /home/kai/Documents/PROJETOS/twitter_extractor_airflow/airflow_twitter/dags/dag_prof.py for tasks to queue
[2024-08-29 12:59:35,064] {logging_mixin.py:115} INFO - [2024-08-29 12:59:35,064] {dagbag.py:507} INFO - Filling up the DagBag from /home/kai/Documents/PROJETOS/twitter_extractor_airflow/airflow_twitter/dags/dag_prof.py
[2024-08-29 12:59:35,075] {processor.py:651} INFO - DAG(s) dict_keys(['TwitterDAG']) retrieved from /home/kai/Documents/PROJETOS/twitter_extractor_airflow/airflow_twitter/dags/dag_prof.py
[2024-08-29 12:59:35,094] {logging_mixin.py:115} INFO - [2024-08-29 12:59:35,094] {dag.py:2379} INFO - Sync 1 DAGs
[2024-08-29 12:59:35,123] {logging_mixin.py:115} INFO - [2024-08-29 12:59:35,123] {dag.py:2927} INFO - Setting next_dagrun for TwitterDAG to 2024-08-29T00:00:00+00:00, run_after=2024-08-30T00:00:00+00:00
[2024-08-29 12:59:35,148] {processor.py:161} INFO - Processing /home/kai/Documents/PROJETOS/twitter_extractor_airflow/airflow_twitter/dags/dag_prof.py took 0.094 seconds
[2024-08-29 13:00:05,258] {processor.py:153} INFO - Started process (PID=54840) to work on /home/kai/Documents/PROJETOS/twitter_extractor_airflow/airflow_twitter/dags/dag_prof.py
[2024-08-29 13:00:05,259] {processor.py:641} INFO - Processing file /home/kai/Documents/PROJETOS/twitter_extractor_airflow/airflow_twitter/dags/dag_prof.py for tasks to queue
[2024-08-29 13:00:05,259] {logging_mixin.py:115} INFO - [2024-08-29 13:00:05,259] {dagbag.py:507} INFO - Filling up the DagBag from /home/kai/Documents/PROJETOS/twitter_extractor_airflow/airflow_twitter/dags/dag_prof.py
[2024-08-29 13:00:05,269] {processor.py:651} INFO - DAG(s) dict_keys(['TwitterDAG']) retrieved from /home/kai/Documents/PROJETOS/twitter_extractor_airflow/airflow_twitter/dags/dag_prof.py
[2024-08-29 13:00:05,284] {logging_mixin.py:115} INFO - [2024-08-29 13:00:05,284] {dag.py:2379} INFO - Sync 1 DAGs
[2024-08-29 13:00:05,305] {logging_mixin.py:115} INFO - [2024-08-29 13:00:05,305] {dag.py:2927} INFO - Setting next_dagrun for TwitterDAG to 2024-08-29T00:00:00+00:00, run_after=2024-08-30T00:00:00+00:00
[2024-08-29 13:00:05,316] {processor.py:161} INFO - Processing /home/kai/Documents/PROJETOS/twitter_extractor_airflow/airflow_twitter/dags/dag_prof.py took 0.061 seconds
[2024-08-29 13:00:37,347] {processor.py:153} INFO - Started process (PID=54849) to work on /home/kai/Documents/PROJETOS/twitter_extractor_airflow/airflow_twitter/dags/dag_prof.py
[2024-08-29 13:00:37,348] {processor.py:641} INFO - Processing file /home/kai/Documents/PROJETOS/twitter_extractor_airflow/airflow_twitter/dags/dag_prof.py for tasks to queue
[2024-08-29 13:00:37,349] {logging_mixin.py:115} INFO - [2024-08-29 13:00:37,349] {dagbag.py:507} INFO - Filling up the DagBag from /home/kai/Documents/PROJETOS/twitter_extractor_airflow/airflow_twitter/dags/dag_prof.py
[2024-08-29 13:00:37,359] {processor.py:651} INFO - DAG(s) dict_keys(['TwitterDAG']) retrieved from /home/kai/Documents/PROJETOS/twitter_extractor_airflow/airflow_twitter/dags/dag_prof.py
[2024-08-29 13:00:37,379] {logging_mixin.py:115} INFO - [2024-08-29 13:00:37,379] {dag.py:2379} INFO - Sync 1 DAGs
[2024-08-29 13:00:37,407] {logging_mixin.py:115} INFO - [2024-08-29 13:00:37,407] {dag.py:2927} INFO - Setting next_dagrun for TwitterDAG to 2024-08-29T00:00:00+00:00, run_after=2024-08-30T00:00:00+00:00
[2024-08-29 13:00:37,422] {processor.py:161} INFO - Processing /home/kai/Documents/PROJETOS/twitter_extractor_airflow/airflow_twitter/dags/dag_prof.py took 0.081 seconds
[2024-08-29 13:01:08,276] {processor.py:153} INFO - Started process (PID=54857) to work on /home/kai/Documents/PROJETOS/twitter_extractor_airflow/airflow_twitter/dags/dag_prof.py
[2024-08-29 13:01:08,276] {processor.py:641} INFO - Processing file /home/kai/Documents/PROJETOS/twitter_extractor_airflow/airflow_twitter/dags/dag_prof.py for tasks to queue
[2024-08-29 13:01:08,277] {logging_mixin.py:115} INFO - [2024-08-29 13:01:08,277] {dagbag.py:507} INFO - Filling up the DagBag from /home/kai/Documents/PROJETOS/twitter_extractor_airflow/airflow_twitter/dags/dag_prof.py
[2024-08-29 13:01:08,286] {processor.py:651} INFO - DAG(s) dict_keys(['TwitterDAG']) retrieved from /home/kai/Documents/PROJETOS/twitter_extractor_airflow/airflow_twitter/dags/dag_prof.py
[2024-08-29 13:01:08,301] {logging_mixin.py:115} INFO - [2024-08-29 13:01:08,301] {dag.py:2379} INFO - Sync 1 DAGs
[2024-08-29 13:01:08,325] {logging_mixin.py:115} INFO - [2024-08-29 13:01:08,325] {dag.py:2927} INFO - Setting next_dagrun for TwitterDAG to 2024-08-29T00:00:00+00:00, run_after=2024-08-30T00:00:00+00:00
[2024-08-29 13:01:08,338] {processor.py:161} INFO - Processing /home/kai/Documents/PROJETOS/twitter_extractor_airflow/airflow_twitter/dags/dag_prof.py took 0.068 seconds
[2024-08-29 13:01:39,220] {processor.py:153} INFO - Started process (PID=54911) to work on /home/kai/Documents/PROJETOS/twitter_extractor_airflow/airflow_twitter/dags/dag_prof.py
[2024-08-29 13:01:39,223] {processor.py:641} INFO - Processing file /home/kai/Documents/PROJETOS/twitter_extractor_airflow/airflow_twitter/dags/dag_prof.py for tasks to queue
[2024-08-29 13:01:39,223] {logging_mixin.py:115} INFO - [2024-08-29 13:01:39,223] {dagbag.py:507} INFO - Filling up the DagBag from /home/kai/Documents/PROJETOS/twitter_extractor_airflow/airflow_twitter/dags/dag_prof.py
[2024-08-29 13:01:39,239] {processor.py:651} INFO - DAG(s) dict_keys(['TwitterDAG']) retrieved from /home/kai/Documents/PROJETOS/twitter_extractor_airflow/airflow_twitter/dags/dag_prof.py
[2024-08-29 13:01:39,260] {logging_mixin.py:115} INFO - [2024-08-29 13:01:39,260] {dag.py:2379} INFO - Sync 1 DAGs
[2024-08-29 13:01:39,288] {logging_mixin.py:115} INFO - [2024-08-29 13:01:39,288] {dag.py:2927} INFO - Setting next_dagrun for TwitterDAG to 2024-08-29T00:00:00+00:00, run_after=2024-08-30T00:00:00+00:00
[2024-08-29 13:01:39,304] {processor.py:161} INFO - Processing /home/kai/Documents/PROJETOS/twitter_extractor_airflow/airflow_twitter/dags/dag_prof.py took 0.091 seconds
[2024-08-29 13:02:10,130] {processor.py:153} INFO - Started process (PID=54927) to work on /home/kai/Documents/PROJETOS/twitter_extractor_airflow/airflow_twitter/dags/dag_prof.py
[2024-08-29 13:02:10,131] {processor.py:641} INFO - Processing file /home/kai/Documents/PROJETOS/twitter_extractor_airflow/airflow_twitter/dags/dag_prof.py for tasks to queue
[2024-08-29 13:02:10,131] {logging_mixin.py:115} INFO - [2024-08-29 13:02:10,131] {dagbag.py:507} INFO - Filling up the DagBag from /home/kai/Documents/PROJETOS/twitter_extractor_airflow/airflow_twitter/dags/dag_prof.py
[2024-08-29 13:02:10,140] {processor.py:651} INFO - DAG(s) dict_keys(['TwitterDAG']) retrieved from /home/kai/Documents/PROJETOS/twitter_extractor_airflow/airflow_twitter/dags/dag_prof.py
[2024-08-29 13:02:10,156] {logging_mixin.py:115} INFO - [2024-08-29 13:02:10,156] {dag.py:2379} INFO - Sync 1 DAGs
[2024-08-29 13:02:10,177] {logging_mixin.py:115} INFO - [2024-08-29 13:02:10,176] {dag.py:2927} INFO - Setting next_dagrun for TwitterDAG to 2024-08-29T00:00:00+00:00, run_after=2024-08-30T00:00:00+00:00
[2024-08-29 13:02:10,187] {processor.py:161} INFO - Processing /home/kai/Documents/PROJETOS/twitter_extractor_airflow/airflow_twitter/dags/dag_prof.py took 0.060 seconds
[2024-08-29 13:02:41,091] {processor.py:153} INFO - Started process (PID=54935) to work on /home/kai/Documents/PROJETOS/twitter_extractor_airflow/airflow_twitter/dags/dag_prof.py
[2024-08-29 13:02:41,091] {processor.py:641} INFO - Processing file /home/kai/Documents/PROJETOS/twitter_extractor_airflow/airflow_twitter/dags/dag_prof.py for tasks to queue
[2024-08-29 13:02:41,092] {logging_mixin.py:115} INFO - [2024-08-29 13:02:41,092] {dagbag.py:507} INFO - Filling up the DagBag from /home/kai/Documents/PROJETOS/twitter_extractor_airflow/airflow_twitter/dags/dag_prof.py
[2024-08-29 13:02:41,101] {processor.py:651} INFO - DAG(s) dict_keys(['TwitterDAG']) retrieved from /home/kai/Documents/PROJETOS/twitter_extractor_airflow/airflow_twitter/dags/dag_prof.py
[2024-08-29 13:02:41,117] {logging_mixin.py:115} INFO - [2024-08-29 13:02:41,116] {dag.py:2379} INFO - Sync 1 DAGs
[2024-08-29 13:02:41,138] {logging_mixin.py:115} INFO - [2024-08-29 13:02:41,138] {dag.py:2927} INFO - Setting next_dagrun for TwitterDAG to 2024-08-29T00:00:00+00:00, run_after=2024-08-30T00:00:00+00:00
[2024-08-29 13:02:41,149] {processor.py:161} INFO - Processing /home/kai/Documents/PROJETOS/twitter_extractor_airflow/airflow_twitter/dags/dag_prof.py took 0.061 seconds
[2024-08-29 13:03:12,028] {processor.py:153} INFO - Started process (PID=54942) to work on /home/kai/Documents/PROJETOS/twitter_extractor_airflow/airflow_twitter/dags/dag_prof.py
[2024-08-29 13:03:12,028] {processor.py:641} INFO - Processing file /home/kai/Documents/PROJETOS/twitter_extractor_airflow/airflow_twitter/dags/dag_prof.py for tasks to queue
[2024-08-29 13:03:12,029] {logging_mixin.py:115} INFO - [2024-08-29 13:03:12,029] {dagbag.py:507} INFO - Filling up the DagBag from /home/kai/Documents/PROJETOS/twitter_extractor_airflow/airflow_twitter/dags/dag_prof.py
[2024-08-29 13:03:12,039] {processor.py:651} INFO - DAG(s) dict_keys(['TwitterDAG']) retrieved from /home/kai/Documents/PROJETOS/twitter_extractor_airflow/airflow_twitter/dags/dag_prof.py
[2024-08-29 13:03:12,053] {logging_mixin.py:115} INFO - [2024-08-29 13:03:12,053] {dag.py:2379} INFO - Sync 1 DAGs
[2024-08-29 13:03:12,076] {logging_mixin.py:115} INFO - [2024-08-29 13:03:12,076] {dag.py:2927} INFO - Setting next_dagrun for TwitterDAG to 2024-08-29T00:00:00+00:00, run_after=2024-08-30T00:00:00+00:00
[2024-08-29 13:03:12,086] {processor.py:161} INFO - Processing /home/kai/Documents/PROJETOS/twitter_extractor_airflow/airflow_twitter/dags/dag_prof.py took 0.061 seconds
[2024-08-29 13:03:43,092] {processor.py:153} INFO - Started process (PID=54950) to work on /home/kai/Documents/PROJETOS/twitter_extractor_airflow/airflow_twitter/dags/dag_prof.py
[2024-08-29 13:03:43,093] {processor.py:641} INFO - Processing file /home/kai/Documents/PROJETOS/twitter_extractor_airflow/airflow_twitter/dags/dag_prof.py for tasks to queue
[2024-08-29 13:03:43,094] {logging_mixin.py:115} INFO - [2024-08-29 13:03:43,094] {dagbag.py:507} INFO - Filling up the DagBag from /home/kai/Documents/PROJETOS/twitter_extractor_airflow/airflow_twitter/dags/dag_prof.py
[2024-08-29 13:03:43,102] {processor.py:651} INFO - DAG(s) dict_keys(['TwitterDAG']) retrieved from /home/kai/Documents/PROJETOS/twitter_extractor_airflow/airflow_twitter/dags/dag_prof.py
[2024-08-29 13:03:43,118] {logging_mixin.py:115} INFO - [2024-08-29 13:03:43,118] {dag.py:2379} INFO - Sync 1 DAGs
[2024-08-29 13:03:43,139] {logging_mixin.py:115} INFO - [2024-08-29 13:03:43,139] {dag.py:2927} INFO - Setting next_dagrun for TwitterDAG to 2024-08-29T00:00:00+00:00, run_after=2024-08-30T00:00:00+00:00
[2024-08-29 13:03:43,153] {processor.py:161} INFO - Processing /home/kai/Documents/PROJETOS/twitter_extractor_airflow/airflow_twitter/dags/dag_prof.py took 0.065 seconds
[2024-08-29 13:04:14,030] {processor.py:153} INFO - Started process (PID=55014) to work on /home/kai/Documents/PROJETOS/twitter_extractor_airflow/airflow_twitter/dags/dag_prof.py
[2024-08-29 13:04:14,031] {processor.py:641} INFO - Processing file /home/kai/Documents/PROJETOS/twitter_extractor_airflow/airflow_twitter/dags/dag_prof.py for tasks to queue
[2024-08-29 13:04:14,031] {logging_mixin.py:115} INFO - [2024-08-29 13:04:14,031] {dagbag.py:507} INFO - Filling up the DagBag from /home/kai/Documents/PROJETOS/twitter_extractor_airflow/airflow_twitter/dags/dag_prof.py
[2024-08-29 13:04:14,041] {processor.py:651} INFO - DAG(s) dict_keys(['TwitterDAG']) retrieved from /home/kai/Documents/PROJETOS/twitter_extractor_airflow/airflow_twitter/dags/dag_prof.py
[2024-08-29 13:04:14,059] {logging_mixin.py:115} INFO - [2024-08-29 13:04:14,058] {dag.py:2379} INFO - Sync 1 DAGs
[2024-08-29 13:04:14,089] {logging_mixin.py:115} INFO - [2024-08-29 13:04:14,088] {dag.py:2927} INFO - Setting next_dagrun for TwitterDAG to 2024-08-29T00:00:00+00:00, run_after=2024-08-30T00:00:00+00:00
[2024-08-29 13:04:14,106] {processor.py:161} INFO - Processing /home/kai/Documents/PROJETOS/twitter_extractor_airflow/airflow_twitter/dags/dag_prof.py took 0.079 seconds
[2024-08-29 13:04:44,341] {processor.py:153} INFO - Started process (PID=55023) to work on /home/kai/Documents/PROJETOS/twitter_extractor_airflow/airflow_twitter/dags/dag_prof.py
[2024-08-29 13:04:44,343] {processor.py:641} INFO - Processing file /home/kai/Documents/PROJETOS/twitter_extractor_airflow/airflow_twitter/dags/dag_prof.py for tasks to queue
[2024-08-29 13:04:44,344] {logging_mixin.py:115} INFO - [2024-08-29 13:04:44,344] {dagbag.py:507} INFO - Filling up the DagBag from /home/kai/Documents/PROJETOS/twitter_extractor_airflow/airflow_twitter/dags/dag_prof.py
[2024-08-29 13:04:44,355] {processor.py:651} INFO - DAG(s) dict_keys(['TwitterDAG']) retrieved from /home/kai/Documents/PROJETOS/twitter_extractor_airflow/airflow_twitter/dags/dag_prof.py
[2024-08-29 13:04:44,379] {logging_mixin.py:115} INFO - [2024-08-29 13:04:44,379] {dag.py:2379} INFO - Sync 1 DAGs
[2024-08-29 13:04:44,410] {logging_mixin.py:115} INFO - [2024-08-29 13:04:44,410] {dag.py:2927} INFO - Setting next_dagrun for TwitterDAG to 2024-08-29T00:00:00+00:00, run_after=2024-08-30T00:00:00+00:00
[2024-08-29 13:04:44,423] {processor.py:161} INFO - Processing /home/kai/Documents/PROJETOS/twitter_extractor_airflow/airflow_twitter/dags/dag_prof.py took 0.087 seconds
[2024-08-29 13:05:14,622] {processor.py:153} INFO - Started process (PID=55029) to work on /home/kai/Documents/PROJETOS/twitter_extractor_airflow/airflow_twitter/dags/dag_prof.py
[2024-08-29 13:05:14,622] {processor.py:641} INFO - Processing file /home/kai/Documents/PROJETOS/twitter_extractor_airflow/airflow_twitter/dags/dag_prof.py for tasks to queue
[2024-08-29 13:05:14,623] {logging_mixin.py:115} INFO - [2024-08-29 13:05:14,623] {dagbag.py:507} INFO - Filling up the DagBag from /home/kai/Documents/PROJETOS/twitter_extractor_airflow/airflow_twitter/dags/dag_prof.py
[2024-08-29 13:05:14,633] {processor.py:651} INFO - DAG(s) dict_keys(['TwitterDAG']) retrieved from /home/kai/Documents/PROJETOS/twitter_extractor_airflow/airflow_twitter/dags/dag_prof.py
[2024-08-29 13:05:14,647] {logging_mixin.py:115} INFO - [2024-08-29 13:05:14,647] {dag.py:2379} INFO - Sync 1 DAGs
[2024-08-29 13:05:14,670] {logging_mixin.py:115} INFO - [2024-08-29 13:05:14,670] {dag.py:2927} INFO - Setting next_dagrun for TwitterDAG to 2024-08-29T00:00:00+00:00, run_after=2024-08-30T00:00:00+00:00
[2024-08-29 13:05:14,683] {processor.py:161} INFO - Processing /home/kai/Documents/PROJETOS/twitter_extractor_airflow/airflow_twitter/dags/dag_prof.py took 0.064 seconds
[2024-08-29 13:05:44,940] {processor.py:153} INFO - Started process (PID=55183) to work on /home/kai/Documents/PROJETOS/twitter_extractor_airflow/airflow_twitter/dags/dag_prof.py
[2024-08-29 13:05:44,942] {processor.py:641} INFO - Processing file /home/kai/Documents/PROJETOS/twitter_extractor_airflow/airflow_twitter/dags/dag_prof.py for tasks to queue
[2024-08-29 13:05:44,943] {logging_mixin.py:115} INFO - [2024-08-29 13:05:44,943] {dagbag.py:507} INFO - Filling up the DagBag from /home/kai/Documents/PROJETOS/twitter_extractor_airflow/airflow_twitter/dags/dag_prof.py
[2024-08-29 13:05:44,955] {processor.py:651} INFO - DAG(s) dict_keys(['TwitterDAG']) retrieved from /home/kai/Documents/PROJETOS/twitter_extractor_airflow/airflow_twitter/dags/dag_prof.py
[2024-08-29 13:05:44,977] {logging_mixin.py:115} INFO - [2024-08-29 13:05:44,977] {dag.py:2379} INFO - Sync 1 DAGs
[2024-08-29 13:05:45,012] {logging_mixin.py:115} INFO - [2024-08-29 13:05:45,012] {dag.py:2927} INFO - Setting next_dagrun for TwitterDAG to 2024-08-29T00:00:00+00:00, run_after=2024-08-30T00:00:00+00:00
[2024-08-29 13:05:45,032] {processor.py:161} INFO - Processing /home/kai/Documents/PROJETOS/twitter_extractor_airflow/airflow_twitter/dags/dag_prof.py took 0.095 seconds
[2024-08-29 13:06:32,849] {processor.py:153} INFO - Started process (PID=55590) to work on /home/kai/Documents/PROJETOS/twitter_extractor_airflow/airflow_twitter/dags/dag_prof.py
[2024-08-29 13:06:32,851] {processor.py:641} INFO - Processing file /home/kai/Documents/PROJETOS/twitter_extractor_airflow/airflow_twitter/dags/dag_prof.py for tasks to queue
[2024-08-29 13:06:32,851] {logging_mixin.py:115} INFO - [2024-08-29 13:06:32,851] {dagbag.py:507} INFO - Filling up the DagBag from /home/kai/Documents/PROJETOS/twitter_extractor_airflow/airflow_twitter/dags/dag_prof.py
[2024-08-29 13:06:32,865] {processor.py:651} INFO - DAG(s) dict_keys(['TwitterDAG']) retrieved from /home/kai/Documents/PROJETOS/twitter_extractor_airflow/airflow_twitter/dags/dag_prof.py
[2024-08-29 13:06:32,887] {logging_mixin.py:115} INFO - [2024-08-29 13:06:32,887] {dag.py:2379} INFO - Sync 1 DAGs
[2024-08-29 13:06:32,912] {logging_mixin.py:115} INFO - [2024-08-29 13:06:32,912] {dag.py:2927} INFO - Setting next_dagrun for TwitterDAG to 2024-08-29T00:00:00+00:00, run_after=2024-08-30T00:00:00+00:00
[2024-08-29 13:06:32,924] {processor.py:161} INFO - Processing /home/kai/Documents/PROJETOS/twitter_extractor_airflow/airflow_twitter/dags/dag_prof.py took 0.084 seconds
[2024-08-29 13:07:03,927] {processor.py:153} INFO - Started process (PID=55762) to work on /home/kai/Documents/PROJETOS/twitter_extractor_airflow/airflow_twitter/dags/dag_prof.py
[2024-08-29 13:07:03,928] {processor.py:641} INFO - Processing file /home/kai/Documents/PROJETOS/twitter_extractor_airflow/airflow_twitter/dags/dag_prof.py for tasks to queue
[2024-08-29 13:07:03,929] {logging_mixin.py:115} INFO - [2024-08-29 13:07:03,929] {dagbag.py:507} INFO - Filling up the DagBag from /home/kai/Documents/PROJETOS/twitter_extractor_airflow/airflow_twitter/dags/dag_prof.py
[2024-08-29 13:07:03,940] {processor.py:651} INFO - DAG(s) dict_keys(['TwitterDAG']) retrieved from /home/kai/Documents/PROJETOS/twitter_extractor_airflow/airflow_twitter/dags/dag_prof.py
[2024-08-29 13:07:03,967] {logging_mixin.py:115} INFO - [2024-08-29 13:07:03,967] {dag.py:2379} INFO - Sync 1 DAGs
[2024-08-29 13:07:03,996] {logging_mixin.py:115} INFO - [2024-08-29 13:07:03,996] {dag.py:2927} INFO - Setting next_dagrun for TwitterDAG to 2024-08-29T00:00:00+00:00, run_after=2024-08-30T00:00:00+00:00
[2024-08-29 13:07:04,017] {processor.py:161} INFO - Processing /home/kai/Documents/PROJETOS/twitter_extractor_airflow/airflow_twitter/dags/dag_prof.py took 0.094 seconds
[2024-08-29 13:07:34,272] {processor.py:153} INFO - Started process (PID=55774) to work on /home/kai/Documents/PROJETOS/twitter_extractor_airflow/airflow_twitter/dags/dag_prof.py
[2024-08-29 13:07:34,272] {processor.py:641} INFO - Processing file /home/kai/Documents/PROJETOS/twitter_extractor_airflow/airflow_twitter/dags/dag_prof.py for tasks to queue
[2024-08-29 13:07:34,273] {logging_mixin.py:115} INFO - [2024-08-29 13:07:34,273] {dagbag.py:507} INFO - Filling up the DagBag from /home/kai/Documents/PROJETOS/twitter_extractor_airflow/airflow_twitter/dags/dag_prof.py
[2024-08-29 13:07:34,286] {processor.py:651} INFO - DAG(s) dict_keys(['TwitterDAG']) retrieved from /home/kai/Documents/PROJETOS/twitter_extractor_airflow/airflow_twitter/dags/dag_prof.py
[2024-08-29 13:07:34,307] {logging_mixin.py:115} INFO - [2024-08-29 13:07:34,307] {dag.py:2379} INFO - Sync 1 DAGs
[2024-08-29 13:07:34,335] {logging_mixin.py:115} INFO - [2024-08-29 13:07:34,335] {dag.py:2927} INFO - Setting next_dagrun for TwitterDAG to 2024-08-29T00:00:00+00:00, run_after=2024-08-30T00:00:00+00:00
[2024-08-29 13:07:34,350] {processor.py:161} INFO - Processing /home/kai/Documents/PROJETOS/twitter_extractor_airflow/airflow_twitter/dags/dag_prof.py took 0.081 seconds
[2024-08-29 13:08:04,597] {processor.py:153} INFO - Started process (PID=55786) to work on /home/kai/Documents/PROJETOS/twitter_extractor_airflow/airflow_twitter/dags/dag_prof.py
[2024-08-29 13:08:04,598] {processor.py:641} INFO - Processing file /home/kai/Documents/PROJETOS/twitter_extractor_airflow/airflow_twitter/dags/dag_prof.py for tasks to queue
[2024-08-29 13:08:04,599] {logging_mixin.py:115} INFO - [2024-08-29 13:08:04,598] {dagbag.py:507} INFO - Filling up the DagBag from /home/kai/Documents/PROJETOS/twitter_extractor_airflow/airflow_twitter/dags/dag_prof.py
[2024-08-29 13:08:04,608] {processor.py:651} INFO - DAG(s) dict_keys(['TwitterDAG']) retrieved from /home/kai/Documents/PROJETOS/twitter_extractor_airflow/airflow_twitter/dags/dag_prof.py
[2024-08-29 13:08:04,625] {logging_mixin.py:115} INFO - [2024-08-29 13:08:04,625] {dag.py:2379} INFO - Sync 1 DAGs
[2024-08-29 13:08:04,648] {logging_mixin.py:115} INFO - [2024-08-29 13:08:04,648] {dag.py:2927} INFO - Setting next_dagrun for TwitterDAG to 2024-08-29T00:00:00+00:00, run_after=2024-08-30T00:00:00+00:00
[2024-08-29 13:08:04,677] {processor.py:161} INFO - Processing /home/kai/Documents/PROJETOS/twitter_extractor_airflow/airflow_twitter/dags/dag_prof.py took 0.083 seconds
[2024-08-29 13:08:34,922] {processor.py:153} INFO - Started process (PID=55796) to work on /home/kai/Documents/PROJETOS/twitter_extractor_airflow/airflow_twitter/dags/dag_prof.py
[2024-08-29 13:08:34,923] {processor.py:641} INFO - Processing file /home/kai/Documents/PROJETOS/twitter_extractor_airflow/airflow_twitter/dags/dag_prof.py for tasks to queue
[2024-08-29 13:08:34,924] {logging_mixin.py:115} INFO - [2024-08-29 13:08:34,924] {dagbag.py:507} INFO - Filling up the DagBag from /home/kai/Documents/PROJETOS/twitter_extractor_airflow/airflow_twitter/dags/dag_prof.py
[2024-08-29 13:08:34,936] {processor.py:651} INFO - DAG(s) dict_keys(['TwitterDAG']) retrieved from /home/kai/Documents/PROJETOS/twitter_extractor_airflow/airflow_twitter/dags/dag_prof.py
[2024-08-29 13:08:34,957] {logging_mixin.py:115} INFO - [2024-08-29 13:08:34,957] {dag.py:2379} INFO - Sync 1 DAGs
[2024-08-29 13:08:34,994] {logging_mixin.py:115} INFO - [2024-08-29 13:08:34,994] {dag.py:2927} INFO - Setting next_dagrun for TwitterDAG to 2024-08-29T00:00:00+00:00, run_after=2024-08-30T00:00:00+00:00
[2024-08-29 13:08:35,014] {processor.py:161} INFO - Processing /home/kai/Documents/PROJETOS/twitter_extractor_airflow/airflow_twitter/dags/dag_prof.py took 0.096 seconds
[2024-08-29 13:09:05,237] {processor.py:153} INFO - Started process (PID=55857) to work on /home/kai/Documents/PROJETOS/twitter_extractor_airflow/airflow_twitter/dags/dag_prof.py
[2024-08-29 13:09:05,238] {processor.py:641} INFO - Processing file /home/kai/Documents/PROJETOS/twitter_extractor_airflow/airflow_twitter/dags/dag_prof.py for tasks to queue
[2024-08-29 13:09:05,239] {logging_mixin.py:115} INFO - [2024-08-29 13:09:05,239] {dagbag.py:507} INFO - Filling up the DagBag from /home/kai/Documents/PROJETOS/twitter_extractor_airflow/airflow_twitter/dags/dag_prof.py
[2024-08-29 13:09:05,251] {processor.py:651} INFO - DAG(s) dict_keys(['TwitterDAG']) retrieved from /home/kai/Documents/PROJETOS/twitter_extractor_airflow/airflow_twitter/dags/dag_prof.py
[2024-08-29 13:09:05,272] {logging_mixin.py:115} INFO - [2024-08-29 13:09:05,272] {dag.py:2379} INFO - Sync 1 DAGs
[2024-08-29 13:09:05,295] {logging_mixin.py:115} INFO - [2024-08-29 13:09:05,294] {dag.py:2927} INFO - Setting next_dagrun for TwitterDAG to 2024-08-29T00:00:00+00:00, run_after=2024-08-30T00:00:00+00:00
[2024-08-29 13:09:05,307] {processor.py:161} INFO - Processing /home/kai/Documents/PROJETOS/twitter_extractor_airflow/airflow_twitter/dags/dag_prof.py took 0.074 seconds
[2024-08-29 13:09:35,560] {processor.py:153} INFO - Started process (PID=55866) to work on /home/kai/Documents/PROJETOS/twitter_extractor_airflow/airflow_twitter/dags/dag_prof.py
[2024-08-29 13:09:35,561] {processor.py:641} INFO - Processing file /home/kai/Documents/PROJETOS/twitter_extractor_airflow/airflow_twitter/dags/dag_prof.py for tasks to queue
[2024-08-29 13:09:35,561] {logging_mixin.py:115} INFO - [2024-08-29 13:09:35,561] {dagbag.py:507} INFO - Filling up the DagBag from /home/kai/Documents/PROJETOS/twitter_extractor_airflow/airflow_twitter/dags/dag_prof.py
[2024-08-29 13:09:35,570] {processor.py:651} INFO - DAG(s) dict_keys(['TwitterDAG']) retrieved from /home/kai/Documents/PROJETOS/twitter_extractor_airflow/airflow_twitter/dags/dag_prof.py
[2024-08-29 13:09:35,585] {logging_mixin.py:115} INFO - [2024-08-29 13:09:35,585] {dag.py:2379} INFO - Sync 1 DAGs
[2024-08-29 13:09:35,604] {logging_mixin.py:115} INFO - [2024-08-29 13:09:35,604] {dag.py:2927} INFO - Setting next_dagrun for TwitterDAG to 2024-08-29T00:00:00+00:00, run_after=2024-08-30T00:00:00+00:00
[2024-08-29 13:09:35,613] {processor.py:161} INFO - Processing /home/kai/Documents/PROJETOS/twitter_extractor_airflow/airflow_twitter/dags/dag_prof.py took 0.056 seconds
