[2024-09-03 22:46:24,007] {taskinstance.py:1159} INFO - Dependencies all met for <TaskInstance: Twitter_extractor_DAGs.SILVER_LAYER_LOAD_L scheduled__2024-08-14T00:00:00+00:00 [queued]>
[2024-09-03 22:46:24,012] {taskinstance.py:1159} INFO - Dependencies all met for <TaskInstance: Twitter_extractor_DAGs.SILVER_LAYER_LOAD_L scheduled__2024-08-14T00:00:00+00:00 [queued]>
[2024-09-03 22:46:24,013] {taskinstance.py:1356} INFO - 
--------------------------------------------------------------------------------
[2024-09-03 22:46:24,013] {taskinstance.py:1357} INFO - Starting attempt 1 of 1
[2024-09-03 22:46:24,013] {taskinstance.py:1358} INFO - 
--------------------------------------------------------------------------------
[2024-09-03 22:46:24,026] {taskinstance.py:1377} INFO - Executing <Task(SparkSubmitOperator): SILVER_LAYER_LOAD_L> on 2024-08-14 00:00:00+00:00
[2024-09-03 22:46:24,028] {standard_task_runner.py:52} INFO - Started process 444158 to run task
[2024-09-03 22:46:24,032] {standard_task_runner.py:79} INFO - Running: ['airflow', 'tasks', 'run', 'Twitter_extractor_DAGs', 'SILVER_LAYER_LOAD_L', 'scheduled__2024-08-14T00:00:00+00:00', '--job-id', '104', '--raw', '--subdir', 'DAGS_FOLDER/twitter_dag.py', '--cfg-path', '/tmp/tmpv_hry6ax', '--error-file', '/tmp/tmp24mjwsj7']
[2024-09-03 22:46:24,033] {standard_task_runner.py:80} INFO - Job 104: Subtask SILVER_LAYER_LOAD_L
[2024-09-03 22:46:24,070] {task_command.py:370} INFO - Running <TaskInstance: Twitter_extractor_DAGs.SILVER_LAYER_LOAD_L scheduled__2024-08-14T00:00:00+00:00 [running]> on host kaiwangairflow
[2024-09-03 22:46:24,110] {taskinstance.py:1569} INFO - Exporting the following env vars:
AIRFLOW_CTX_DAG_OWNER=airflow
AIRFLOW_CTX_DAG_ID=Twitter_extractor_DAGs
AIRFLOW_CTX_TASK_ID=SILVER_LAYER_LOAD_L
AIRFLOW_CTX_EXECUTION_DATE=2024-08-14T00:00:00+00:00
AIRFLOW_CTX_TRY_NUMBER=1
AIRFLOW_CTX_DAG_RUN_ID=scheduled__2024-08-14T00:00:00+00:00
[2024-09-03 22:46:24,115] {base.py:68} INFO - Using connection ID 'spark_default' for task execution.
[2024-09-03 22:46:24,116] {spark_submit.py:344} INFO - Spark-Submit cmd: spark-submit --master local --name twitter_transformation --queue root.default src/scripts/load_silver_functions.py --src datalake/bronze/data_engineer/extract_data=2024-08-14T00:00:00.00Z --dest datalake/silver/data_engineer/ --process-data 20240814
[2024-09-03 22:46:25,279] {spark_submit.py:495} INFO - 24/09/03 22:46:25 WARN Utils: Your hostname, kaiwangairflow resolves to a loopback address: 127.0.1.1; using 192.168.2.128 instead (on interface ens33)
[2024-09-03 22:46:25,279] {spark_submit.py:495} INFO - 24/09/03 22:46:25 WARN Utils: Set SPARK_LOCAL_IP if you need to bind to another address
[2024-09-03 22:46:25,616] {spark_submit.py:495} INFO - 24/09/03 22:46:25 WARN NativeCodeLoader: Unable to load native-hadoop library for your platform... using builtin-java classes where applicable
[2024-09-03 22:46:26,126] {spark_submit.py:495} INFO - Using Spark's default log4j profile: org/apache/spark/log4j-defaults.properties
[2024-09-03 22:46:26,127] {spark_submit.py:495} INFO - 24/09/03 22:46:26 INFO SparkContext: Running Spark version 3.1.3
[2024-09-03 22:46:26,165] {spark_submit.py:495} INFO - 24/09/03 22:46:26 INFO ResourceUtils: ==============================================================
[2024-09-03 22:46:26,166] {spark_submit.py:495} INFO - 24/09/03 22:46:26 INFO ResourceUtils: No custom resources configured for spark.driver.
[2024-09-03 22:46:26,166] {spark_submit.py:495} INFO - 24/09/03 22:46:26 INFO ResourceUtils: ==============================================================
[2024-09-03 22:46:26,166] {spark_submit.py:495} INFO - 24/09/03 22:46:26 INFO SparkContext: Submitted application: twitter_transformation
[2024-09-03 22:46:26,186] {spark_submit.py:495} INFO - 24/09/03 22:46:26 INFO ResourceProfile: Default ResourceProfile created, executor resources: Map(cores -> name: cores, amount: 1, script: , vendor: , memory -> name: memory, amount: 1024, script: , vendor: , offHeap -> name: offHeap, amount: 0, script: , vendor: ), task resources: Map(cpus -> name: cpus, amount: 1.0)
[2024-09-03 22:46:26,199] {spark_submit.py:495} INFO - 24/09/03 22:46:26 INFO ResourceProfile: Limiting resource is cpu
[2024-09-03 22:46:26,199] {spark_submit.py:495} INFO - 24/09/03 22:46:26 INFO ResourceProfileManager: Added ResourceProfile id: 0
[2024-09-03 22:46:26,238] {spark_submit.py:495} INFO - 24/09/03 22:46:26 INFO SecurityManager: Changing view acls to: kai
[2024-09-03 22:46:26,238] {spark_submit.py:495} INFO - 24/09/03 22:46:26 INFO SecurityManager: Changing modify acls to: kai
[2024-09-03 22:46:26,239] {spark_submit.py:495} INFO - 24/09/03 22:46:26 INFO SecurityManager: Changing view acls groups to:
[2024-09-03 22:46:26,239] {spark_submit.py:495} INFO - 24/09/03 22:46:26 INFO SecurityManager: Changing modify acls groups to:
[2024-09-03 22:46:26,239] {spark_submit.py:495} INFO - 24/09/03 22:46:26 INFO SecurityManager: SecurityManager: authentication disabled; ui acls disabled; users  with view permissions: Set(kai); groups with view permissions: Set(); users  with modify permissions: Set(kai); groups with modify permissions: Set()
[2024-09-03 22:46:26,395] {spark_submit.py:495} INFO - 24/09/03 22:46:26 INFO Utils: Successfully started service 'sparkDriver' on port 39461.
[2024-09-03 22:46:26,418] {spark_submit.py:495} INFO - 24/09/03 22:46:26 INFO SparkEnv: Registering MapOutputTracker
[2024-09-03 22:46:26,445] {spark_submit.py:495} INFO - 24/09/03 22:46:26 INFO SparkEnv: Registering BlockManagerMaster
[2024-09-03 22:46:26,462] {spark_submit.py:495} INFO - 24/09/03 22:46:26 INFO BlockManagerMasterEndpoint: Using org.apache.spark.storage.DefaultTopologyMapper for getting topology information
[2024-09-03 22:46:26,462] {spark_submit.py:495} INFO - 24/09/03 22:46:26 INFO BlockManagerMasterEndpoint: BlockManagerMasterEndpoint up
[2024-09-03 22:46:26,465] {spark_submit.py:495} INFO - 24/09/03 22:46:26 INFO SparkEnv: Registering BlockManagerMasterHeartbeat
[2024-09-03 22:46:26,475] {spark_submit.py:495} INFO - 24/09/03 22:46:26 INFO DiskBlockManager: Created local directory at /tmp/blockmgr-87045078-3d02-43b0-a0d2-25924dd3dd93
[2024-09-03 22:46:26,495] {spark_submit.py:495} INFO - 24/09/03 22:46:26 INFO MemoryStore: MemoryStore started with capacity 366.3 MiB
[2024-09-03 22:46:26,513] {spark_submit.py:495} INFO - 24/09/03 22:46:26 INFO SparkEnv: Registering OutputCommitCoordinator
[2024-09-03 22:46:26,734] {spark_submit.py:495} INFO - 24/09/03 22:46:26 WARN Utils: Service 'SparkUI' could not bind on port 4040. Attempting port 4041.
[2024-09-03 22:46:26,741] {spark_submit.py:495} INFO - 24/09/03 22:46:26 INFO Utils: Successfully started service 'SparkUI' on port 4041.
[2024-09-03 22:46:26,789] {spark_submit.py:495} INFO - 24/09/03 22:46:26 INFO SparkUI: Bound SparkUI to 0.0.0.0, and started at http://192.168.2.128:4041
[2024-09-03 22:46:27,012] {spark_submit.py:495} INFO - 24/09/03 22:46:27 INFO Executor: Starting executor ID driver on host 192.168.2.128
[2024-09-03 22:46:27,039] {spark_submit.py:495} INFO - 24/09/03 22:46:27 INFO Utils: Successfully started service 'org.apache.spark.network.netty.NettyBlockTransferService' on port 41757.
[2024-09-03 22:46:27,040] {spark_submit.py:495} INFO - 24/09/03 22:46:27 INFO NettyBlockTransferService: Server created on 192.168.2.128:41757
[2024-09-03 22:46:27,042] {spark_submit.py:495} INFO - 24/09/03 22:46:27 INFO BlockManager: Using org.apache.spark.storage.RandomBlockReplicationPolicy for block replication policy
[2024-09-03 22:46:27,048] {spark_submit.py:495} INFO - 24/09/03 22:46:27 INFO BlockManagerMaster: Registering BlockManager BlockManagerId(driver, 192.168.2.128, 41757, None)
[2024-09-03 22:46:27,052] {spark_submit.py:495} INFO - 24/09/03 22:46:27 INFO BlockManagerMasterEndpoint: Registering block manager 192.168.2.128:41757 with 366.3 MiB RAM, BlockManagerId(driver, 192.168.2.128, 41757, None)
[2024-09-03 22:46:27,055] {spark_submit.py:495} INFO - 24/09/03 22:46:27 INFO BlockManagerMaster: Registered BlockManager BlockManagerId(driver, 192.168.2.128, 41757, None)
[2024-09-03 22:46:27,057] {spark_submit.py:495} INFO - 24/09/03 22:46:27 INFO BlockManager: Initialized BlockManager: BlockManagerId(driver, 192.168.2.128, 41757, None)
[2024-09-03 22:46:27,634] {spark_submit.py:495} INFO - 24/09/03 22:46:27 INFO SharedState: Setting hive.metastore.warehouse.dir ('null') to the value of spark.sql.warehouse.dir ('file:/home/kai/Documents/PROJETOS/twitter_extractor_airflow/spark-warehouse').
[2024-09-03 22:46:27,635] {spark_submit.py:495} INFO - 24/09/03 22:46:27 INFO SharedState: Warehouse path is 'file:/home/kai/Documents/PROJETOS/twitter_extractor_airflow/spark-warehouse'.
[2024-09-03 22:46:28,396] {spark_submit.py:495} INFO - 24/09/03 22:46:28 INFO InMemoryFileIndex: It took 30 ms to list leaf files for 1 paths.
[2024-09-03 22:46:28,450] {spark_submit.py:495} INFO - 24/09/03 22:46:28 INFO InMemoryFileIndex: It took 2 ms to list leaf files for 1 paths.
[2024-09-03 22:46:30,275] {spark_submit.py:495} INFO - 24/09/03 22:46:30 INFO FileSourceStrategy: Pushed Filters:
[2024-09-03 22:46:30,276] {spark_submit.py:495} INFO - 24/09/03 22:46:30 INFO FileSourceStrategy: Post-Scan Filters:
[2024-09-03 22:46:30,280] {spark_submit.py:495} INFO - 24/09/03 22:46:30 INFO FileSourceStrategy: Output Data Schema: struct<value: string>
[2024-09-03 22:46:30,539] {spark_submit.py:495} INFO - 24/09/03 22:46:30 INFO MemoryStore: Block broadcast_0 stored as values in memory (estimated size 303.1 KiB, free 366.0 MiB)
[2024-09-03 22:46:30,594] {spark_submit.py:495} INFO - 24/09/03 22:46:30 INFO MemoryStore: Block broadcast_0_piece0 stored as bytes in memory (estimated size 27.5 KiB, free 366.0 MiB)
[2024-09-03 22:46:30,597] {spark_submit.py:495} INFO - 24/09/03 22:46:30 INFO BlockManagerInfo: Added broadcast_0_piece0 in memory on 192.168.2.128:41757 (size: 27.5 KiB, free: 366.3 MiB)
[2024-09-03 22:46:30,603] {spark_submit.py:495} INFO - 24/09/03 22:46:30 INFO SparkContext: Created broadcast 0 from json at NativeMethodAccessorImpl.java:0
[2024-09-03 22:46:30,627] {spark_submit.py:495} INFO - 24/09/03 22:46:30 INFO FileSourceScanExec: Planning scan with bin packing, max size: 4198854 bytes, open cost is considered as scanning 4194304 bytes.
[2024-09-03 22:46:30,819] {spark_submit.py:495} INFO - 24/09/03 22:46:30 INFO SparkContext: Starting job: json at NativeMethodAccessorImpl.java:0
[2024-09-03 22:46:30,841] {spark_submit.py:495} INFO - 24/09/03 22:46:30 INFO DAGScheduler: Got job 0 (json at NativeMethodAccessorImpl.java:0) with 1 output partitions
[2024-09-03 22:46:30,842] {spark_submit.py:495} INFO - 24/09/03 22:46:30 INFO DAGScheduler: Final stage: ResultStage 0 (json at NativeMethodAccessorImpl.java:0)
[2024-09-03 22:46:30,842] {spark_submit.py:495} INFO - 24/09/03 22:46:30 INFO DAGScheduler: Parents of final stage: List()
[2024-09-03 22:46:30,843] {spark_submit.py:495} INFO - 24/09/03 22:46:30 INFO DAGScheduler: Missing parents: List()
[2024-09-03 22:46:30,851] {spark_submit.py:495} INFO - 24/09/03 22:46:30 INFO DAGScheduler: Submitting ResultStage 0 (MapPartitionsRDD[3] at json at NativeMethodAccessorImpl.java:0), which has no missing parents
[2024-09-03 22:46:30,934] {spark_submit.py:495} INFO - 24/09/03 22:46:30 INFO MemoryStore: Block broadcast_1 stored as values in memory (estimated size 12.1 KiB, free 366.0 MiB)
[2024-09-03 22:46:30,938] {spark_submit.py:495} INFO - 24/09/03 22:46:30 INFO MemoryStore: Block broadcast_1_piece0 stored as bytes in memory (estimated size 6.3 KiB, free 366.0 MiB)
[2024-09-03 22:46:30,939] {spark_submit.py:495} INFO - 24/09/03 22:46:30 INFO BlockManagerInfo: Added broadcast_1_piece0 in memory on 192.168.2.128:41757 (size: 6.3 KiB, free: 366.3 MiB)
[2024-09-03 22:46:30,940] {spark_submit.py:495} INFO - 24/09/03 22:46:30 INFO SparkContext: Created broadcast 1 from broadcast at DAGScheduler.scala:1433
[2024-09-03 22:46:30,954] {spark_submit.py:495} INFO - 24/09/03 22:46:30 INFO DAGScheduler: Submitting 1 missing tasks from ResultStage 0 (MapPartitionsRDD[3] at json at NativeMethodAccessorImpl.java:0) (first 15 tasks are for partitions Vector(0))
[2024-09-03 22:46:30,955] {spark_submit.py:495} INFO - 24/09/03 22:46:30 INFO TaskSchedulerImpl: Adding task set 0.0 with 1 tasks resource profile 0
[2024-09-03 22:46:31,002] {spark_submit.py:495} INFO - 24/09/03 22:46:31 INFO TaskSetManager: Starting task 0.0 in stage 0.0 (TID 0) (192.168.2.128, executor driver, partition 0, PROCESS_LOCAL, 4981 bytes) taskResourceAssignments Map()
[2024-09-03 22:46:31,022] {spark_submit.py:495} INFO - 24/09/03 22:46:31 INFO Executor: Running task 0.0 in stage 0.0 (TID 0)
[2024-09-03 22:46:31,302] {spark_submit.py:495} INFO - 24/09/03 22:46:31 INFO FileScanRDD: Reading File path: file:///home/kai/Documents/PROJETOS/twitter_extractor_airflow/datalake/bronze/data_engineer/extract_data=2024-08-14T00:00:00.00Z/data_engineer_20240814.json, range: 0-4550, partition values: [empty row]
[2024-09-03 22:46:31,542] {spark_submit.py:495} INFO - 24/09/03 22:46:31 INFO CodeGenerator: Code generated in 145.338013 ms
[2024-09-03 22:46:31,602] {spark_submit.py:495} INFO - 24/09/03 22:46:31 INFO Executor: Finished task 0.0 in stage 0.0 (TID 0). 2768 bytes result sent to driver
[2024-09-03 22:46:31,614] {spark_submit.py:495} INFO - 24/09/03 22:46:31 INFO TaskSetManager: Finished task 0.0 in stage 0.0 (TID 0) in 622 ms on 192.168.2.128 (executor driver) (1/1)
[2024-09-03 22:46:31,619] {spark_submit.py:495} INFO - 24/09/03 22:46:31 INFO TaskSchedulerImpl: Removed TaskSet 0.0, whose tasks have all completed, from pool
[2024-09-03 22:46:31,623] {spark_submit.py:495} INFO - 24/09/03 22:46:31 INFO DAGScheduler: ResultStage 0 (json at NativeMethodAccessorImpl.java:0) finished in 0,757 s
[2024-09-03 22:46:31,745] {spark_submit.py:495} INFO - 24/09/03 22:46:31 INFO DAGScheduler: Job 0 is finished. Cancelling potential speculative or zombie tasks for this job
[2024-09-03 22:46:31,746] {spark_submit.py:495} INFO - 24/09/03 22:46:31 INFO TaskSchedulerImpl: Killing all running tasks in stage 0: Stage finished
[2024-09-03 22:46:31,748] {spark_submit.py:495} INFO - 24/09/03 22:46:31 INFO DAGScheduler: Job 0 finished: json at NativeMethodAccessorImpl.java:0, took 0,928828 s
[2024-09-03 22:46:32,137] {spark_submit.py:495} INFO - 24/09/03 22:46:32 INFO FileSourceStrategy: Pushed Filters: IsNotNull(data)
[2024-09-03 22:46:32,139] {spark_submit.py:495} INFO - 24/09/03 22:46:32 INFO FileSourceStrategy: Post-Scan Filters: (size(data#7, true) > 0),isnotnull(data#7)
[2024-09-03 22:46:32,139] {spark_submit.py:495} INFO - 24/09/03 22:46:32 INFO FileSourceStrategy: Output Data Schema: struct<data: array<struct<author_id:string,conversation_id:string,created_at:string,edit_history_tweet_ids:array<bigint>,id:string,in_reply_to_user_id:string,lang:string,public_metrics:struct<like_count:bigint,quote_count:bigint,reply_count:bigint,retweet_count:bigint>,text:string>>>
[2024-09-03 22:46:32,214] {spark_submit.py:495} INFO - 24/09/03 22:46:32 INFO FileOutputCommitter: File Output Committer Algorithm version is 1
[2024-09-03 22:46:32,214] {spark_submit.py:495} INFO - 24/09/03 22:46:32 INFO FileOutputCommitter: FileOutputCommitter skip cleanup _temporary folders under output directory:false, ignore cleanup failures: false
[2024-09-03 22:46:32,215] {spark_submit.py:495} INFO - 24/09/03 22:46:32 INFO SQLHadoopMapReduceCommitProtocol: Using output committer class org.apache.hadoop.mapreduce.lib.output.FileOutputCommitter
[2024-09-03 22:46:32,298] {spark_submit.py:495} INFO - 24/09/03 22:46:32 INFO CodeGenerator: Code generated in 27.947318 ms
[2024-09-03 22:46:32,338] {spark_submit.py:495} INFO - 24/09/03 22:46:32 INFO CodeGenerator: Code generated in 26.234803 ms
[2024-09-03 22:46:32,345] {spark_submit.py:495} INFO - 24/09/03 22:46:32 INFO MemoryStore: Block broadcast_2 stored as values in memory (estimated size 303.0 KiB, free 365.7 MiB)
[2024-09-03 22:46:32,355] {spark_submit.py:495} INFO - 24/09/03 22:46:32 INFO MemoryStore: Block broadcast_2_piece0 stored as bytes in memory (estimated size 27.5 KiB, free 365.6 MiB)
[2024-09-03 22:46:32,356] {spark_submit.py:495} INFO - 24/09/03 22:46:32 INFO BlockManagerInfo: Added broadcast_2_piece0 in memory on 192.168.2.128:41757 (size: 27.5 KiB, free: 366.2 MiB)
[2024-09-03 22:46:32,359] {spark_submit.py:495} INFO - 24/09/03 22:46:32 INFO SparkContext: Created broadcast 2 from json at NativeMethodAccessorImpl.java:0
[2024-09-03 22:46:32,360] {spark_submit.py:495} INFO - 24/09/03 22:46:32 INFO FileSourceScanExec: Planning scan with bin packing, max size: 4198854 bytes, open cost is considered as scanning 4194304 bytes.
[2024-09-03 22:46:32,416] {spark_submit.py:495} INFO - 24/09/03 22:46:32 INFO SparkContext: Starting job: json at NativeMethodAccessorImpl.java:0
[2024-09-03 22:46:32,418] {spark_submit.py:495} INFO - 24/09/03 22:46:32 INFO DAGScheduler: Got job 1 (json at NativeMethodAccessorImpl.java:0) with 1 output partitions
[2024-09-03 22:46:32,419] {spark_submit.py:495} INFO - 24/09/03 22:46:32 INFO DAGScheduler: Final stage: ResultStage 1 (json at NativeMethodAccessorImpl.java:0)
[2024-09-03 22:46:32,419] {spark_submit.py:495} INFO - 24/09/03 22:46:32 INFO DAGScheduler: Parents of final stage: List()
[2024-09-03 22:46:32,419] {spark_submit.py:495} INFO - 24/09/03 22:46:32 INFO DAGScheduler: Missing parents: List()
[2024-09-03 22:46:32,429] {spark_submit.py:495} INFO - 24/09/03 22:46:32 INFO DAGScheduler: Submitting ResultStage 1 (CoalescedRDD[9] at json at NativeMethodAccessorImpl.java:0), which has no missing parents
[2024-09-03 22:46:32,470] {spark_submit.py:495} INFO - 24/09/03 22:46:32 INFO MemoryStore: Block broadcast_3 stored as values in memory (estimated size 190.1 KiB, free 365.5 MiB)
[2024-09-03 22:46:32,473] {spark_submit.py:495} INFO - 24/09/03 22:46:32 INFO MemoryStore: Block broadcast_3_piece0 stored as bytes in memory (estimated size 66.6 KiB, free 365.4 MiB)
[2024-09-03 22:46:32,473] {spark_submit.py:495} INFO - 24/09/03 22:46:32 INFO BlockManagerInfo: Added broadcast_3_piece0 in memory on 192.168.2.128:41757 (size: 66.6 KiB, free: 366.2 MiB)
[2024-09-03 22:46:32,474] {spark_submit.py:495} INFO - 24/09/03 22:46:32 INFO SparkContext: Created broadcast 3 from broadcast at DAGScheduler.scala:1433
[2024-09-03 22:46:32,475] {spark_submit.py:495} INFO - 24/09/03 22:46:32 INFO DAGScheduler: Submitting 1 missing tasks from ResultStage 1 (CoalescedRDD[9] at json at NativeMethodAccessorImpl.java:0) (first 15 tasks are for partitions Vector(0))
[2024-09-03 22:46:32,475] {spark_submit.py:495} INFO - 24/09/03 22:46:32 INFO TaskSchedulerImpl: Adding task set 1.0 with 1 tasks resource profile 0
[2024-09-03 22:46:32,480] {spark_submit.py:495} INFO - 24/09/03 22:46:32 INFO TaskSetManager: Starting task 0.0 in stage 1.0 (TID 1) (192.168.2.128, executor driver, partition 0, PROCESS_LOCAL, 5210 bytes) taskResourceAssignments Map()
[2024-09-03 22:46:32,483] {spark_submit.py:495} INFO - 24/09/03 22:46:32 INFO Executor: Running task 0.0 in stage 1.0 (TID 1)
[2024-09-03 22:46:32,534] {spark_submit.py:495} INFO - 24/09/03 22:46:32 INFO FileOutputCommitter: File Output Committer Algorithm version is 1
[2024-09-03 22:46:32,534] {spark_submit.py:495} INFO - 24/09/03 22:46:32 INFO FileOutputCommitter: FileOutputCommitter skip cleanup _temporary folders under output directory:false, ignore cleanup failures: false
[2024-09-03 22:46:32,535] {spark_submit.py:495} INFO - 24/09/03 22:46:32 INFO SQLHadoopMapReduceCommitProtocol: Using output committer class org.apache.hadoop.mapreduce.lib.output.FileOutputCommitter
[2024-09-03 22:46:32,609] {spark_submit.py:495} INFO - 24/09/03 22:46:32 INFO CodeGenerator: Code generated in 26.952617 ms
[2024-09-03 22:46:32,615] {spark_submit.py:495} INFO - 24/09/03 22:46:32 INFO FileScanRDD: Reading File path: file:///home/kai/Documents/PROJETOS/twitter_extractor_airflow/datalake/bronze/data_engineer/extract_data=2024-08-14T00:00:00.00Z/data_engineer_20240814.json, range: 0-4550, partition values: [empty row]
[2024-09-03 22:46:32,638] {spark_submit.py:495} INFO - 24/09/03 22:46:32 INFO CodeGenerator: Code generated in 20.523696 ms
[2024-09-03 22:46:32,665] {spark_submit.py:495} INFO - 24/09/03 22:46:32 INFO CodeGenerator: Code generated in 6.959219 ms
[2024-09-03 22:46:32,703] {spark_submit.py:495} INFO - 24/09/03 22:46:32 INFO FileOutputCommitter: Saved output of task 'attempt_202409032246324772689881045473444_0001_m_000000_1' to file:/home/kai/Documents/PROJETOS/twitter_extractor_airflow/datalake/silver/data_engineer/twitter_df/process_data=20240814/_temporary/0/task_202409032246324772689881045473444_0001_m_000000
[2024-09-03 22:46:32,703] {spark_submit.py:495} INFO - 24/09/03 22:46:32 INFO SparkHadoopMapRedUtil: attempt_202409032246324772689881045473444_0001_m_000000_1: Committed
[2024-09-03 22:46:32,708] {spark_submit.py:495} INFO - 24/09/03 22:46:32 INFO Executor: Finished task 0.0 in stage 1.0 (TID 1). 2901 bytes result sent to driver
[2024-09-03 22:46:32,713] {spark_submit.py:495} INFO - 24/09/03 22:46:32 INFO TaskSetManager: Finished task 0.0 in stage 1.0 (TID 1) in 236 ms on 192.168.2.128 (executor driver) (1/1)
[2024-09-03 22:46:32,713] {spark_submit.py:495} INFO - 24/09/03 22:46:32 INFO TaskSchedulerImpl: Removed TaskSet 1.0, whose tasks have all completed, from pool
[2024-09-03 22:46:32,716] {spark_submit.py:495} INFO - 24/09/03 22:46:32 INFO DAGScheduler: ResultStage 1 (json at NativeMethodAccessorImpl.java:0) finished in 0,292 s
[2024-09-03 22:46:32,716] {spark_submit.py:495} INFO - 24/09/03 22:46:32 INFO DAGScheduler: Job 1 is finished. Cancelling potential speculative or zombie tasks for this job
[2024-09-03 22:46:32,716] {spark_submit.py:495} INFO - 24/09/03 22:46:32 INFO TaskSchedulerImpl: Killing all running tasks in stage 1: Stage finished
[2024-09-03 22:46:32,716] {spark_submit.py:495} INFO - 24/09/03 22:46:32 INFO DAGScheduler: Job 1 finished: json at NativeMethodAccessorImpl.java:0, took 0,299794 s
[2024-09-03 22:46:32,733] {spark_submit.py:495} INFO - 24/09/03 22:46:32 INFO FileFormatWriter: Write Job cf0c3f37-fd76-414e-9948-bdf2b71ebb1e committed.
[2024-09-03 22:46:32,735] {spark_submit.py:495} INFO - 24/09/03 22:46:32 INFO FileFormatWriter: Finished processing stats for write job cf0c3f37-fd76-414e-9948-bdf2b71ebb1e.
[2024-09-03 22:46:32,805] {spark_submit.py:495} INFO - 24/09/03 22:46:32 INFO FileSourceStrategy: Pushed Filters:
[2024-09-03 22:46:32,805] {spark_submit.py:495} INFO - 24/09/03 22:46:32 INFO FileSourceStrategy: Post-Scan Filters:
[2024-09-03 22:46:32,806] {spark_submit.py:495} INFO - 24/09/03 22:46:32 INFO FileSourceStrategy: Output Data Schema: struct<includes: struct<users: array<struct<created_at:string,id:string,name:string,username:string>>>>
[2024-09-03 22:46:32,819] {spark_submit.py:495} INFO - 24/09/03 22:46:32 INFO FileOutputCommitter: File Output Committer Algorithm version is 1
[2024-09-03 22:46:32,819] {spark_submit.py:495} INFO - 24/09/03 22:46:32 INFO FileOutputCommitter: FileOutputCommitter skip cleanup _temporary folders under output directory:false, ignore cleanup failures: false
[2024-09-03 22:46:32,819] {spark_submit.py:495} INFO - 24/09/03 22:46:32 INFO SQLHadoopMapReduceCommitProtocol: Using output committer class org.apache.hadoop.mapreduce.lib.output.FileOutputCommitter
[2024-09-03 22:46:32,872] {spark_submit.py:495} INFO - 24/09/03 22:46:32 INFO CodeGenerator: Code generated in 19.057725 ms
[2024-09-03 22:46:32,877] {spark_submit.py:495} INFO - 24/09/03 22:46:32 INFO MemoryStore: Block broadcast_4 stored as values in memory (estimated size 303.0 KiB, free 365.1 MiB)
[2024-09-03 22:46:32,886] {spark_submit.py:495} INFO - 24/09/03 22:46:32 INFO MemoryStore: Block broadcast_4_piece0 stored as bytes in memory (estimated size 27.5 KiB, free 365.1 MiB)
[2024-09-03 22:46:32,887] {spark_submit.py:495} INFO - 24/09/03 22:46:32 INFO BlockManagerInfo: Added broadcast_4_piece0 in memory on 192.168.2.128:41757 (size: 27.5 KiB, free: 366.1 MiB)
[2024-09-03 22:46:32,888] {spark_submit.py:495} INFO - 24/09/03 22:46:32 INFO SparkContext: Created broadcast 4 from json at NativeMethodAccessorImpl.java:0
[2024-09-03 22:46:32,889] {spark_submit.py:495} INFO - 24/09/03 22:46:32 INFO FileSourceScanExec: Planning scan with bin packing, max size: 4198854 bytes, open cost is considered as scanning 4194304 bytes.
[2024-09-03 22:46:32,910] {spark_submit.py:495} INFO - 24/09/03 22:46:32 INFO SparkContext: Starting job: json at NativeMethodAccessorImpl.java:0
[2024-09-03 22:46:32,911] {spark_submit.py:495} INFO - 24/09/03 22:46:32 INFO DAGScheduler: Got job 2 (json at NativeMethodAccessorImpl.java:0) with 1 output partitions
[2024-09-03 22:46:32,912] {spark_submit.py:495} INFO - 24/09/03 22:46:32 INFO DAGScheduler: Final stage: ResultStage 2 (json at NativeMethodAccessorImpl.java:0)
[2024-09-03 22:46:32,912] {spark_submit.py:495} INFO - 24/09/03 22:46:32 INFO DAGScheduler: Parents of final stage: List()
[2024-09-03 22:46:32,912] {spark_submit.py:495} INFO - 24/09/03 22:46:32 INFO DAGScheduler: Missing parents: List()
[2024-09-03 22:46:32,918] {spark_submit.py:495} INFO - 24/09/03 22:46:32 INFO DAGScheduler: Submitting ResultStage 2 (CoalescedRDD[16] at json at NativeMethodAccessorImpl.java:0), which has no missing parents
[2024-09-03 22:46:32,938] {spark_submit.py:495} INFO - 24/09/03 22:46:32 INFO MemoryStore: Block broadcast_5 stored as values in memory (estimated size 178.3 KiB, free 364.9 MiB)
[2024-09-03 22:46:32,941] {spark_submit.py:495} INFO - 24/09/03 22:46:32 INFO MemoryStore: Block broadcast_5_piece0 stored as bytes in memory (estimated size 64.0 KiB, free 364.8 MiB)
[2024-09-03 22:46:32,942] {spark_submit.py:495} INFO - 24/09/03 22:46:32 INFO BlockManagerInfo: Added broadcast_5_piece0 in memory on 192.168.2.128:41757 (size: 64.0 KiB, free: 366.1 MiB)
[2024-09-03 22:46:32,943] {spark_submit.py:495} INFO - 24/09/03 22:46:32 INFO SparkContext: Created broadcast 5 from broadcast at DAGScheduler.scala:1433
[2024-09-03 22:46:32,944] {spark_submit.py:495} INFO - 24/09/03 22:46:32 INFO DAGScheduler: Submitting 1 missing tasks from ResultStage 2 (CoalescedRDD[16] at json at NativeMethodAccessorImpl.java:0) (first 15 tasks are for partitions Vector(0))
[2024-09-03 22:46:32,944] {spark_submit.py:495} INFO - 24/09/03 22:46:32 INFO TaskSchedulerImpl: Adding task set 2.0 with 1 tasks resource profile 0
[2024-09-03 22:46:32,950] {spark_submit.py:495} INFO - 24/09/03 22:46:32 INFO TaskSetManager: Starting task 0.0 in stage 2.0 (TID 2) (192.168.2.128, executor driver, partition 0, PROCESS_LOCAL, 5210 bytes) taskResourceAssignments Map()
[2024-09-03 22:46:32,951] {spark_submit.py:495} INFO - 24/09/03 22:46:32 INFO Executor: Running task 0.0 in stage 2.0 (TID 2)
[2024-09-03 22:46:32,967] {spark_submit.py:495} INFO - 24/09/03 22:46:32 INFO FileOutputCommitter: File Output Committer Algorithm version is 1
[2024-09-03 22:46:32,967] {spark_submit.py:495} INFO - 24/09/03 22:46:32 INFO FileOutputCommitter: FileOutputCommitter skip cleanup _temporary folders under output directory:false, ignore cleanup failures: false
[2024-09-03 22:46:32,968] {spark_submit.py:495} INFO - 24/09/03 22:46:32 INFO SQLHadoopMapReduceCommitProtocol: Using output committer class org.apache.hadoop.mapreduce.lib.output.FileOutputCommitter
[2024-09-03 22:46:33,027] {spark_submit.py:495} INFO - 24/09/03 22:46:33 INFO CodeGenerator: Code generated in 9.502246 ms
[2024-09-03 22:46:33,031] {spark_submit.py:495} INFO - 24/09/03 22:46:33 INFO FileScanRDD: Reading File path: file:///home/kai/Documents/PROJETOS/twitter_extractor_airflow/datalake/bronze/data_engineer/extract_data=2024-08-14T00:00:00.00Z/data_engineer_20240814.json, range: 0-4550, partition values: [empty row]
[2024-09-03 22:46:33,047] {spark_submit.py:495} INFO - 24/09/03 22:46:33 INFO CodeGenerator: Code generated in 13.79448 ms
[2024-09-03 22:46:33,059] {spark_submit.py:495} INFO - 24/09/03 22:46:33 INFO FileOutputCommitter: Saved output of task 'attempt_202409032246327950163497912383510_0002_m_000000_2' to file:/home/kai/Documents/PROJETOS/twitter_extractor_airflow/datalake/silver/data_engineer/user_df/process_data=20240814/_temporary/0/task_202409032246327950163497912383510_0002_m_000000
[2024-09-03 22:46:33,059] {spark_submit.py:495} INFO - 24/09/03 22:46:33 INFO SparkHadoopMapRedUtil: attempt_202409032246327950163497912383510_0002_m_000000_2: Committed
[2024-09-03 22:46:33,062] {spark_submit.py:495} INFO - 24/09/03 22:46:33 INFO Executor: Finished task 0.0 in stage 2.0 (TID 2). 2734 bytes result sent to driver
[2024-09-03 22:46:33,067] {spark_submit.py:495} INFO - 24/09/03 22:46:33 INFO TaskSetManager: Finished task 0.0 in stage 2.0 (TID 2) in 120 ms on 192.168.2.128 (executor driver) (1/1)
[2024-09-03 22:46:33,068] {spark_submit.py:495} INFO - 24/09/03 22:46:33 INFO TaskSchedulerImpl: Removed TaskSet 2.0, whose tasks have all completed, from pool
[2024-09-03 22:46:33,070] {spark_submit.py:495} INFO - 24/09/03 22:46:33 INFO DAGScheduler: ResultStage 2 (json at NativeMethodAccessorImpl.java:0) finished in 0,151 s
[2024-09-03 22:46:33,070] {spark_submit.py:495} INFO - 24/09/03 22:46:33 INFO DAGScheduler: Job 2 is finished. Cancelling potential speculative or zombie tasks for this job
[2024-09-03 22:46:33,071] {spark_submit.py:495} INFO - 24/09/03 22:46:33 INFO TaskSchedulerImpl: Killing all running tasks in stage 2: Stage finished
[2024-09-03 22:46:33,071] {spark_submit.py:495} INFO - 24/09/03 22:46:33 INFO DAGScheduler: Job 2 finished: json at NativeMethodAccessorImpl.java:0, took 0,159667 s
[2024-09-03 22:46:33,109] {spark_submit.py:495} INFO - 24/09/03 22:46:33 INFO FileFormatWriter: Write Job 2f0441eb-4816-4ba5-8bf6-5a01b174b267 committed.
[2024-09-03 22:46:33,110] {spark_submit.py:495} INFO - 24/09/03 22:46:33 INFO FileFormatWriter: Finished processing stats for write job 2f0441eb-4816-4ba5-8bf6-5a01b174b267.
[2024-09-03 22:46:33,156] {spark_submit.py:495} INFO - 24/09/03 22:46:33 INFO SparkContext: Invoking stop() from shutdown hook
[2024-09-03 22:46:33,170] {spark_submit.py:495} INFO - 24/09/03 22:46:33 INFO SparkUI: Stopped Spark web UI at http://192.168.2.128:4041
[2024-09-03 22:46:33,185] {spark_submit.py:495} INFO - 24/09/03 22:46:33 INFO MapOutputTrackerMasterEndpoint: MapOutputTrackerMasterEndpoint stopped!
[2024-09-03 22:46:33,194] {spark_submit.py:495} INFO - 24/09/03 22:46:33 INFO MemoryStore: MemoryStore cleared
[2024-09-03 22:46:33,194] {spark_submit.py:495} INFO - 24/09/03 22:46:33 INFO BlockManager: BlockManager stopped
[2024-09-03 22:46:33,203] {spark_submit.py:495} INFO - 24/09/03 22:46:33 INFO BlockManagerMaster: BlockManagerMaster stopped
[2024-09-03 22:46:33,205] {spark_submit.py:495} INFO - 24/09/03 22:46:33 INFO OutputCommitCoordinator$OutputCommitCoordinatorEndpoint: OutputCommitCoordinator stopped!
[2024-09-03 22:46:33,213] {spark_submit.py:495} INFO - 24/09/03 22:46:33 INFO SparkContext: Successfully stopped SparkContext
[2024-09-03 22:46:33,213] {spark_submit.py:495} INFO - 24/09/03 22:46:33 INFO ShutdownHookManager: Shutdown hook called
[2024-09-03 22:46:33,214] {spark_submit.py:495} INFO - 24/09/03 22:46:33 INFO ShutdownHookManager: Deleting directory /tmp/spark-012f52a7-5190-49c4-b761-f644be2eadf8
[2024-09-03 22:46:33,217] {spark_submit.py:495} INFO - 24/09/03 22:46:33 INFO ShutdownHookManager: Deleting directory /tmp/spark-b0893909-9d9c-408f-aaa4-845a97a8da04
[2024-09-03 22:46:33,220] {spark_submit.py:495} INFO - 24/09/03 22:46:33 INFO ShutdownHookManager: Deleting directory /tmp/spark-012f52a7-5190-49c4-b761-f644be2eadf8/pyspark-b7d40259-7143-450f-9b7a-453462adcf52
[2024-09-03 22:46:33,335] {taskinstance.py:1395} INFO - Marking task as SUCCESS. dag_id=Twitter_extractor_DAGs, task_id=SILVER_LAYER_LOAD_L, execution_date=20240814T000000, start_date=20240904T014624, end_date=20240904T014633
[2024-09-03 22:46:33,388] {local_task_job.py:156} INFO - Task exited with return code 0
[2024-09-03 22:46:33,408] {local_task_job.py:273} INFO - 1 downstream tasks scheduled from follow-on schedule check
