[2024-09-03 22:42:54,464] {taskinstance.py:1159} INFO - Dependencies all met for <TaskInstance: Twitter_extractor_DAGs.SILVER_LAYER_LOAD_L scheduled__2024-08-07T00:00:00+00:00 [queued]>
[2024-09-03 22:42:54,470] {taskinstance.py:1159} INFO - Dependencies all met for <TaskInstance: Twitter_extractor_DAGs.SILVER_LAYER_LOAD_L scheduled__2024-08-07T00:00:00+00:00 [queued]>
[2024-09-03 22:42:54,471] {taskinstance.py:1356} INFO - 
--------------------------------------------------------------------------------
[2024-09-03 22:42:54,471] {taskinstance.py:1357} INFO - Starting attempt 1 of 1
[2024-09-03 22:42:54,471] {taskinstance.py:1358} INFO - 
--------------------------------------------------------------------------------
[2024-09-03 22:42:54,484] {taskinstance.py:1377} INFO - Executing <Task(SparkSubmitOperator): SILVER_LAYER_LOAD_L> on 2024-08-07 00:00:00+00:00
[2024-09-03 22:42:54,487] {standard_task_runner.py:52} INFO - Started process 439759 to run task
[2024-09-03 22:42:54,490] {standard_task_runner.py:79} INFO - Running: ['airflow', 'tasks', 'run', 'Twitter_extractor_DAGs', 'SILVER_LAYER_LOAD_L', 'scheduled__2024-08-07T00:00:00+00:00', '--job-id', '83', '--raw', '--subdir', 'DAGS_FOLDER/twitter_dag.py', '--cfg-path', '/tmp/tmp33pzrbt1', '--error-file', '/tmp/tmpf80i1rjr']
[2024-09-03 22:42:54,490] {standard_task_runner.py:80} INFO - Job 83: Subtask SILVER_LAYER_LOAD_L
[2024-09-03 22:42:54,526] {task_command.py:370} INFO - Running <TaskInstance: Twitter_extractor_DAGs.SILVER_LAYER_LOAD_L scheduled__2024-08-07T00:00:00+00:00 [running]> on host kaiwangairflow
[2024-09-03 22:42:54,574] {taskinstance.py:1569} INFO - Exporting the following env vars:
AIRFLOW_CTX_DAG_OWNER=airflow
AIRFLOW_CTX_DAG_ID=Twitter_extractor_DAGs
AIRFLOW_CTX_TASK_ID=SILVER_LAYER_LOAD_L
AIRFLOW_CTX_EXECUTION_DATE=2024-08-07T00:00:00+00:00
AIRFLOW_CTX_TRY_NUMBER=1
AIRFLOW_CTX_DAG_RUN_ID=scheduled__2024-08-07T00:00:00+00:00
[2024-09-03 22:42:54,587] {base.py:68} INFO - Using connection ID 'spark_default' for task execution.
[2024-09-03 22:42:54,588] {spark_submit.py:344} INFO - Spark-Submit cmd: spark-submit --master local --name twitter_transformation --queue root.default src/scripts/load_silver_functions.py --src datalake/bronze/data_engineer/extract_data=2024-08-07T00:00:00.00Z --dest datalake/silver/data_engineer/ --process-data 20240807
[2024-09-03 22:42:55,627] {spark_submit.py:495} INFO - 24/09/03 22:42:55 WARN Utils: Your hostname, kaiwangairflow resolves to a loopback address: 127.0.1.1; using 192.168.2.128 instead (on interface ens33)
[2024-09-03 22:42:55,627] {spark_submit.py:495} INFO - 24/09/03 22:42:55 WARN Utils: Set SPARK_LOCAL_IP if you need to bind to another address
[2024-09-03 22:42:55,916] {spark_submit.py:495} INFO - 24/09/03 22:42:55 WARN NativeCodeLoader: Unable to load native-hadoop library for your platform... using builtin-java classes where applicable
[2024-09-03 22:42:56,438] {spark_submit.py:495} INFO - Using Spark's default log4j profile: org/apache/spark/log4j-defaults.properties
[2024-09-03 22:42:56,445] {spark_submit.py:495} INFO - 24/09/03 22:42:56 INFO SparkContext: Running Spark version 3.1.3
[2024-09-03 22:42:56,516] {spark_submit.py:495} INFO - 24/09/03 22:42:56 INFO ResourceUtils: ==============================================================
[2024-09-03 22:42:56,516] {spark_submit.py:495} INFO - 24/09/03 22:42:56 INFO ResourceUtils: No custom resources configured for spark.driver.
[2024-09-03 22:42:56,517] {spark_submit.py:495} INFO - 24/09/03 22:42:56 INFO ResourceUtils: ==============================================================
[2024-09-03 22:42:56,517] {spark_submit.py:495} INFO - 24/09/03 22:42:56 INFO SparkContext: Submitted application: twitter_transformation
[2024-09-03 22:42:56,544] {spark_submit.py:495} INFO - 24/09/03 22:42:56 INFO ResourceProfile: Default ResourceProfile created, executor resources: Map(cores -> name: cores, amount: 1, script: , vendor: , memory -> name: memory, amount: 1024, script: , vendor: , offHeap -> name: offHeap, amount: 0, script: , vendor: ), task resources: Map(cpus -> name: cpus, amount: 1.0)
[2024-09-03 22:42:56,561] {spark_submit.py:495} INFO - 24/09/03 22:42:56 INFO ResourceProfile: Limiting resource is cpu
[2024-09-03 22:42:56,562] {spark_submit.py:495} INFO - 24/09/03 22:42:56 INFO ResourceProfileManager: Added ResourceProfile id: 0
[2024-09-03 22:42:56,612] {spark_submit.py:495} INFO - 24/09/03 22:42:56 INFO SecurityManager: Changing view acls to: kai
[2024-09-03 22:42:56,612] {spark_submit.py:495} INFO - 24/09/03 22:42:56 INFO SecurityManager: Changing modify acls to: kai
[2024-09-03 22:42:56,613] {spark_submit.py:495} INFO - 24/09/03 22:42:56 INFO SecurityManager: Changing view acls groups to:
[2024-09-03 22:42:56,613] {spark_submit.py:495} INFO - 24/09/03 22:42:56 INFO SecurityManager: Changing modify acls groups to:
[2024-09-03 22:42:56,613] {spark_submit.py:495} INFO - 24/09/03 22:42:56 INFO SecurityManager: SecurityManager: authentication disabled; ui acls disabled; users  with view permissions: Set(kai); groups with view permissions: Set(); users  with modify permissions: Set(kai); groups with modify permissions: Set()
[2024-09-03 22:42:56,759] {spark_submit.py:495} INFO - 24/09/03 22:42:56 INFO Utils: Successfully started service 'sparkDriver' on port 37673.
[2024-09-03 22:42:56,785] {spark_submit.py:495} INFO - 24/09/03 22:42:56 INFO SparkEnv: Registering MapOutputTracker
[2024-09-03 22:42:56,811] {spark_submit.py:495} INFO - 24/09/03 22:42:56 INFO SparkEnv: Registering BlockManagerMaster
[2024-09-03 22:42:56,826] {spark_submit.py:495} INFO - 24/09/03 22:42:56 INFO BlockManagerMasterEndpoint: Using org.apache.spark.storage.DefaultTopologyMapper for getting topology information
[2024-09-03 22:42:56,826] {spark_submit.py:495} INFO - 24/09/03 22:42:56 INFO BlockManagerMasterEndpoint: BlockManagerMasterEndpoint up
[2024-09-03 22:42:56,830] {spark_submit.py:495} INFO - 24/09/03 22:42:56 INFO SparkEnv: Registering BlockManagerMasterHeartbeat
[2024-09-03 22:42:56,840] {spark_submit.py:495} INFO - 24/09/03 22:42:56 INFO DiskBlockManager: Created local directory at /tmp/blockmgr-b3508f36-0258-4771-89ae-82f3fd39b3fe
[2024-09-03 22:42:56,861] {spark_submit.py:495} INFO - 24/09/03 22:42:56 INFO MemoryStore: MemoryStore started with capacity 366.3 MiB
[2024-09-03 22:42:56,880] {spark_submit.py:495} INFO - 24/09/03 22:42:56 INFO SparkEnv: Registering OutputCommitCoordinator
[2024-09-03 22:42:57,073] {spark_submit.py:495} INFO - 24/09/03 22:42:57 WARN Utils: Service 'SparkUI' could not bind on port 4040. Attempting port 4041.
[2024-09-03 22:42:57,079] {spark_submit.py:495} INFO - 24/09/03 22:42:57 INFO Utils: Successfully started service 'SparkUI' on port 4041.
[2024-09-03 22:42:57,138] {spark_submit.py:495} INFO - 24/09/03 22:42:57 INFO SparkUI: Bound SparkUI to 0.0.0.0, and started at http://192.168.2.128:4041
[2024-09-03 22:42:57,312] {spark_submit.py:495} INFO - 24/09/03 22:42:57 INFO Executor: Starting executor ID driver on host 192.168.2.128
[2024-09-03 22:42:57,335] {spark_submit.py:495} INFO - 24/09/03 22:42:57 INFO Utils: Successfully started service 'org.apache.spark.network.netty.NettyBlockTransferService' on port 38001.
[2024-09-03 22:42:57,335] {spark_submit.py:495} INFO - 24/09/03 22:42:57 INFO NettyBlockTransferService: Server created on 192.168.2.128:38001
[2024-09-03 22:42:57,337] {spark_submit.py:495} INFO - 24/09/03 22:42:57 INFO BlockManager: Using org.apache.spark.storage.RandomBlockReplicationPolicy for block replication policy
[2024-09-03 22:42:57,342] {spark_submit.py:495} INFO - 24/09/03 22:42:57 INFO BlockManagerMaster: Registering BlockManager BlockManagerId(driver, 192.168.2.128, 38001, None)
[2024-09-03 22:42:57,344] {spark_submit.py:495} INFO - 24/09/03 22:42:57 INFO BlockManagerMasterEndpoint: Registering block manager 192.168.2.128:38001 with 366.3 MiB RAM, BlockManagerId(driver, 192.168.2.128, 38001, None)
[2024-09-03 22:42:57,346] {spark_submit.py:495} INFO - 24/09/03 22:42:57 INFO BlockManagerMaster: Registered BlockManager BlockManagerId(driver, 192.168.2.128, 38001, None)
[2024-09-03 22:42:57,347] {spark_submit.py:495} INFO - 24/09/03 22:42:57 INFO BlockManager: Initialized BlockManager: BlockManagerId(driver, 192.168.2.128, 38001, None)
[2024-09-03 22:42:57,915] {spark_submit.py:495} INFO - 24/09/03 22:42:57 INFO SharedState: Setting hive.metastore.warehouse.dir ('null') to the value of spark.sql.warehouse.dir ('file:/home/kai/Documents/PROJETOS/twitter_extractor_airflow/spark-warehouse').
[2024-09-03 22:42:57,916] {spark_submit.py:495} INFO - 24/09/03 22:42:57 INFO SharedState: Warehouse path is 'file:/home/kai/Documents/PROJETOS/twitter_extractor_airflow/spark-warehouse'.
[2024-09-03 22:42:58,756] {spark_submit.py:495} INFO - 24/09/03 22:42:58 INFO InMemoryFileIndex: It took 30 ms to list leaf files for 1 paths.
[2024-09-03 22:42:58,816] {spark_submit.py:495} INFO - 24/09/03 22:42:58 INFO InMemoryFileIndex: It took 1 ms to list leaf files for 1 paths.
[2024-09-03 22:43:00,601] {spark_submit.py:495} INFO - 24/09/03 22:43:00 INFO FileSourceStrategy: Pushed Filters:
[2024-09-03 22:43:00,602] {spark_submit.py:495} INFO - 24/09/03 22:43:00 INFO FileSourceStrategy: Post-Scan Filters:
[2024-09-03 22:43:00,606] {spark_submit.py:495} INFO - 24/09/03 22:43:00 INFO FileSourceStrategy: Output Data Schema: struct<value: string>
[2024-09-03 22:43:00,865] {spark_submit.py:495} INFO - 24/09/03 22:43:00 INFO MemoryStore: Block broadcast_0 stored as values in memory (estimated size 303.1 KiB, free 366.0 MiB)
[2024-09-03 22:43:00,909] {spark_submit.py:495} INFO - 24/09/03 22:43:00 INFO MemoryStore: Block broadcast_0_piece0 stored as bytes in memory (estimated size 27.5 KiB, free 366.0 MiB)
[2024-09-03 22:43:00,911] {spark_submit.py:495} INFO - 24/09/03 22:43:00 INFO BlockManagerInfo: Added broadcast_0_piece0 in memory on 192.168.2.128:38001 (size: 27.5 KiB, free: 366.3 MiB)
[2024-09-03 22:43:00,916] {spark_submit.py:495} INFO - 24/09/03 22:43:00 INFO SparkContext: Created broadcast 0 from json at NativeMethodAccessorImpl.java:0
[2024-09-03 22:43:00,925] {spark_submit.py:495} INFO - 24/09/03 22:43:00 INFO FileSourceScanExec: Planning scan with bin packing, max size: 4649115 bytes, open cost is considered as scanning 4194304 bytes.
[2024-09-03 22:43:01,083] {spark_submit.py:495} INFO - 24/09/03 22:43:01 INFO SparkContext: Starting job: json at NativeMethodAccessorImpl.java:0
[2024-09-03 22:43:01,100] {spark_submit.py:495} INFO - 24/09/03 22:43:01 INFO DAGScheduler: Got job 0 (json at NativeMethodAccessorImpl.java:0) with 1 output partitions
[2024-09-03 22:43:01,100] {spark_submit.py:495} INFO - 24/09/03 22:43:01 INFO DAGScheduler: Final stage: ResultStage 0 (json at NativeMethodAccessorImpl.java:0)
[2024-09-03 22:43:01,101] {spark_submit.py:495} INFO - 24/09/03 22:43:01 INFO DAGScheduler: Parents of final stage: List()
[2024-09-03 22:43:01,102] {spark_submit.py:495} INFO - 24/09/03 22:43:01 INFO DAGScheduler: Missing parents: List()
[2024-09-03 22:43:01,109] {spark_submit.py:495} INFO - 24/09/03 22:43:01 INFO DAGScheduler: Submitting ResultStage 0 (MapPartitionsRDD[3] at json at NativeMethodAccessorImpl.java:0), which has no missing parents
[2024-09-03 22:43:01,191] {spark_submit.py:495} INFO - 24/09/03 22:43:01 INFO MemoryStore: Block broadcast_1 stored as values in memory (estimated size 12.1 KiB, free 366.0 MiB)
[2024-09-03 22:43:01,209] {spark_submit.py:495} INFO - 24/09/03 22:43:01 INFO MemoryStore: Block broadcast_1_piece0 stored as bytes in memory (estimated size 6.3 KiB, free 366.0 MiB)
[2024-09-03 22:43:01,210] {spark_submit.py:495} INFO - 24/09/03 22:43:01 INFO BlockManagerInfo: Added broadcast_1_piece0 in memory on 192.168.2.128:38001 (size: 6.3 KiB, free: 366.3 MiB)
[2024-09-03 22:43:01,213] {spark_submit.py:495} INFO - 24/09/03 22:43:01 INFO SparkContext: Created broadcast 1 from broadcast at DAGScheduler.scala:1433
[2024-09-03 22:43:01,234] {spark_submit.py:495} INFO - 24/09/03 22:43:01 INFO DAGScheduler: Submitting 1 missing tasks from ResultStage 0 (MapPartitionsRDD[3] at json at NativeMethodAccessorImpl.java:0) (first 15 tasks are for partitions Vector(0))
[2024-09-03 22:43:01,235] {spark_submit.py:495} INFO - 24/09/03 22:43:01 INFO TaskSchedulerImpl: Adding task set 0.0 with 1 tasks resource profile 0
[2024-09-03 22:43:01,288] {spark_submit.py:495} INFO - 24/09/03 22:43:01 INFO TaskSetManager: Starting task 0.0 in stage 0.0 (TID 0) (192.168.2.128, executor driver, partition 0, PROCESS_LOCAL, 4981 bytes) taskResourceAssignments Map()
[2024-09-03 22:43:01,316] {spark_submit.py:495} INFO - 24/09/03 22:43:01 INFO Executor: Running task 0.0 in stage 0.0 (TID 0)
[2024-09-03 22:43:01,591] {spark_submit.py:495} INFO - 24/09/03 22:43:01 INFO FileScanRDD: Reading File path: file:///home/kai/Documents/PROJETOS/twitter_extractor_airflow/datalake/bronze/data_engineer/extract_data=2024-08-07T00:00:00.00Z/data_engineer_20240807.json, range: 0-454811, partition values: [empty row]
[2024-09-03 22:43:01,841] {spark_submit.py:495} INFO - 24/09/03 22:43:01 INFO CodeGenerator: Code generated in 148.316114 ms
[2024-09-03 22:43:01,936] {spark_submit.py:495} INFO - 24/09/03 22:43:01 INFO Executor: Finished task 0.0 in stage 0.0 (TID 0). 2798 bytes result sent to driver
[2024-09-03 22:43:02,061] {spark_submit.py:495} INFO - 24/09/03 22:43:02 INFO TaskSetManager: Finished task 0.0 in stage 0.0 (TID 0) in 670 ms on 192.168.2.128 (executor driver) (1/1)
[2024-09-03 22:43:02,069] {spark_submit.py:495} INFO - 24/09/03 22:43:02 INFO TaskSchedulerImpl: Removed TaskSet 0.0, whose tasks have all completed, from pool
[2024-09-03 22:43:02,071] {spark_submit.py:495} INFO - 24/09/03 22:43:02 INFO DAGScheduler: ResultStage 0 (json at NativeMethodAccessorImpl.java:0) finished in 0,949 s
[2024-09-03 22:43:02,074] {spark_submit.py:495} INFO - 24/09/03 22:43:02 INFO DAGScheduler: Job 0 is finished. Cancelling potential speculative or zombie tasks for this job
[2024-09-03 22:43:02,075] {spark_submit.py:495} INFO - 24/09/03 22:43:02 INFO TaskSchedulerImpl: Killing all running tasks in stage 0: Stage finished
[2024-09-03 22:43:02,078] {spark_submit.py:495} INFO - 24/09/03 22:43:02 INFO DAGScheduler: Job 0 finished: json at NativeMethodAccessorImpl.java:0, took 0,994689 s
[2024-09-03 22:43:02,464] {spark_submit.py:495} INFO - 24/09/03 22:43:02 INFO FileSourceStrategy: Pushed Filters: IsNotNull(data)
[2024-09-03 22:43:02,465] {spark_submit.py:495} INFO - 24/09/03 22:43:02 INFO FileSourceStrategy: Post-Scan Filters: (size(data#7, true) > 0),isnotnull(data#7)
[2024-09-03 22:43:02,466] {spark_submit.py:495} INFO - 24/09/03 22:43:02 INFO FileSourceStrategy: Output Data Schema: struct<data: array<struct<author_id:string,conversation_id:string,created_at:string,edit_history_tweet_ids:array<bigint>,id:string,in_reply_to_user_id:string,lang:string,public_metrics:struct<like_count:bigint,quote_count:bigint,reply_count:bigint,retweet_count:bigint>,text:string>>>
[2024-09-03 22:43:02,551] {spark_submit.py:495} INFO - 24/09/03 22:43:02 INFO FileOutputCommitter: File Output Committer Algorithm version is 1
[2024-09-03 22:43:02,552] {spark_submit.py:495} INFO - 24/09/03 22:43:02 INFO FileOutputCommitter: FileOutputCommitter skip cleanup _temporary folders under output directory:false, ignore cleanup failures: false
[2024-09-03 22:43:02,556] {spark_submit.py:495} INFO - 24/09/03 22:43:02 INFO SQLHadoopMapReduceCommitProtocol: Using output committer class org.apache.hadoop.mapreduce.lib.output.FileOutputCommitter
[2024-09-03 22:43:02,681] {spark_submit.py:495} INFO - 24/09/03 22:43:02 INFO CodeGenerator: Code generated in 37.151996 ms
[2024-09-03 22:43:02,729] {spark_submit.py:495} INFO - 24/09/03 22:43:02 INFO CodeGenerator: Code generated in 34.257498 ms
[2024-09-03 22:43:02,742] {spark_submit.py:495} INFO - 24/09/03 22:43:02 INFO MemoryStore: Block broadcast_2 stored as values in memory (estimated size 303.0 KiB, free 365.7 MiB)
[2024-09-03 22:43:02,750] {spark_submit.py:495} INFO - 24/09/03 22:43:02 INFO MemoryStore: Block broadcast_2_piece0 stored as bytes in memory (estimated size 27.5 KiB, free 365.6 MiB)
[2024-09-03 22:43:02,751] {spark_submit.py:495} INFO - 24/09/03 22:43:02 INFO BlockManagerInfo: Added broadcast_2_piece0 in memory on 192.168.2.128:38001 (size: 27.5 KiB, free: 366.2 MiB)
[2024-09-03 22:43:02,752] {spark_submit.py:495} INFO - 24/09/03 22:43:02 INFO SparkContext: Created broadcast 2 from json at NativeMethodAccessorImpl.java:0
[2024-09-03 22:43:02,755] {spark_submit.py:495} INFO - 24/09/03 22:43:02 INFO FileSourceScanExec: Planning scan with bin packing, max size: 4649115 bytes, open cost is considered as scanning 4194304 bytes.
[2024-09-03 22:43:02,815] {spark_submit.py:495} INFO - 24/09/03 22:43:02 INFO SparkContext: Starting job: json at NativeMethodAccessorImpl.java:0
[2024-09-03 22:43:02,818] {spark_submit.py:495} INFO - 24/09/03 22:43:02 INFO DAGScheduler: Got job 1 (json at NativeMethodAccessorImpl.java:0) with 1 output partitions
[2024-09-03 22:43:02,818] {spark_submit.py:495} INFO - 24/09/03 22:43:02 INFO DAGScheduler: Final stage: ResultStage 1 (json at NativeMethodAccessorImpl.java:0)
[2024-09-03 22:43:02,818] {spark_submit.py:495} INFO - 24/09/03 22:43:02 INFO DAGScheduler: Parents of final stage: List()
[2024-09-03 22:43:02,818] {spark_submit.py:495} INFO - 24/09/03 22:43:02 INFO DAGScheduler: Missing parents: List()
[2024-09-03 22:43:02,826] {spark_submit.py:495} INFO - 24/09/03 22:43:02 INFO DAGScheduler: Submitting ResultStage 1 (CoalescedRDD[9] at json at NativeMethodAccessorImpl.java:0), which has no missing parents
[2024-09-03 22:43:02,871] {spark_submit.py:495} INFO - 24/09/03 22:43:02 INFO MemoryStore: Block broadcast_3 stored as values in memory (estimated size 190.1 KiB, free 365.5 MiB)
[2024-09-03 22:43:02,875] {spark_submit.py:495} INFO - 24/09/03 22:43:02 INFO MemoryStore: Block broadcast_3_piece0 stored as bytes in memory (estimated size 66.6 KiB, free 365.4 MiB)
[2024-09-03 22:43:02,875] {spark_submit.py:495} INFO - 24/09/03 22:43:02 INFO BlockManagerInfo: Added broadcast_3_piece0 in memory on 192.168.2.128:38001 (size: 66.6 KiB, free: 366.2 MiB)
[2024-09-03 22:43:02,876] {spark_submit.py:495} INFO - 24/09/03 22:43:02 INFO SparkContext: Created broadcast 3 from broadcast at DAGScheduler.scala:1433
[2024-09-03 22:43:02,877] {spark_submit.py:495} INFO - 24/09/03 22:43:02 INFO DAGScheduler: Submitting 1 missing tasks from ResultStage 1 (CoalescedRDD[9] at json at NativeMethodAccessorImpl.java:0) (first 15 tasks are for partitions Vector(0))
[2024-09-03 22:43:02,877] {spark_submit.py:495} INFO - 24/09/03 22:43:02 INFO TaskSchedulerImpl: Adding task set 1.0 with 1 tasks resource profile 0
[2024-09-03 22:43:02,881] {spark_submit.py:495} INFO - 24/09/03 22:43:02 INFO TaskSetManager: Starting task 0.0 in stage 1.0 (TID 1) (192.168.2.128, executor driver, partition 0, PROCESS_LOCAL, 5210 bytes) taskResourceAssignments Map()
[2024-09-03 22:43:02,886] {spark_submit.py:495} INFO - 24/09/03 22:43:02 INFO Executor: Running task 0.0 in stage 1.0 (TID 1)
[2024-09-03 22:43:02,944] {spark_submit.py:495} INFO - 24/09/03 22:43:02 INFO FileOutputCommitter: File Output Committer Algorithm version is 1
[2024-09-03 22:43:02,945] {spark_submit.py:495} INFO - 24/09/03 22:43:02 INFO FileOutputCommitter: FileOutputCommitter skip cleanup _temporary folders under output directory:false, ignore cleanup failures: false
[2024-09-03 22:43:02,945] {spark_submit.py:495} INFO - 24/09/03 22:43:02 INFO SQLHadoopMapReduceCommitProtocol: Using output committer class org.apache.hadoop.mapreduce.lib.output.FileOutputCommitter
[2024-09-03 22:43:03,024] {spark_submit.py:495} INFO - 24/09/03 22:43:03 INFO CodeGenerator: Code generated in 29.227167 ms
[2024-09-03 22:43:03,028] {spark_submit.py:495} INFO - 24/09/03 22:43:03 INFO FileScanRDD: Reading File path: file:///home/kai/Documents/PROJETOS/twitter_extractor_airflow/datalake/bronze/data_engineer/extract_data=2024-08-07T00:00:00.00Z/data_engineer_20240807.json, range: 0-454811, partition values: [empty row]
[2024-09-03 22:43:03,058] {spark_submit.py:495} INFO - 24/09/03 22:43:03 INFO CodeGenerator: Code generated in 27.151531 ms
[2024-09-03 22:43:03,086] {spark_submit.py:495} INFO - 24/09/03 22:43:03 INFO CodeGenerator: Code generated in 6.25983 ms
[2024-09-03 22:43:03,240] {spark_submit.py:495} INFO - 24/09/03 22:43:03 INFO FileOutputCommitter: Saved output of task 'attempt_202409032243021514693825917433937_0001_m_000000_1' to file:/home/kai/Documents/PROJETOS/twitter_extractor_airflow/datalake/silver/data_engineer/twitter_df/process_data=20240807/_temporary/0/task_202409032243021514693825917433937_0001_m_000000
[2024-09-03 22:43:03,241] {spark_submit.py:495} INFO - 24/09/03 22:43:03 INFO SparkHadoopMapRedUtil: attempt_202409032243021514693825917433937_0001_m_000000_1: Committed
[2024-09-03 22:43:03,253] {spark_submit.py:495} INFO - 24/09/03 22:43:03 INFO Executor: Finished task 0.0 in stage 1.0 (TID 1). 2901 bytes result sent to driver
[2024-09-03 22:43:03,262] {spark_submit.py:495} INFO - 24/09/03 22:43:03 INFO TaskSetManager: Finished task 0.0 in stage 1.0 (TID 1) in 381 ms on 192.168.2.128 (executor driver) (1/1)
[2024-09-03 22:43:03,265] {spark_submit.py:495} INFO - 24/09/03 22:43:03 INFO TaskSchedulerImpl: Removed TaskSet 1.0, whose tasks have all completed, from pool
[2024-09-03 22:43:03,265] {spark_submit.py:495} INFO - 24/09/03 22:43:03 INFO DAGScheduler: ResultStage 1 (json at NativeMethodAccessorImpl.java:0) finished in 0,436 s
[2024-09-03 22:43:03,265] {spark_submit.py:495} INFO - 24/09/03 22:43:03 INFO DAGScheduler: Job 1 is finished. Cancelling potential speculative or zombie tasks for this job
[2024-09-03 22:43:03,265] {spark_submit.py:495} INFO - 24/09/03 22:43:03 INFO TaskSchedulerImpl: Killing all running tasks in stage 1: Stage finished
[2024-09-03 22:43:03,266] {spark_submit.py:495} INFO - 24/09/03 22:43:03 INFO DAGScheduler: Job 1 finished: json at NativeMethodAccessorImpl.java:0, took 0,449599 s
[2024-09-03 22:43:03,310] {spark_submit.py:495} INFO - 24/09/03 22:43:03 INFO FileFormatWriter: Write Job 95971f80-d504-48ae-a37a-fd37f5525c5d committed.
[2024-09-03 22:43:03,313] {spark_submit.py:495} INFO - 24/09/03 22:43:03 INFO FileFormatWriter: Finished processing stats for write job 95971f80-d504-48ae-a37a-fd37f5525c5d.
[2024-09-03 22:43:03,369] {spark_submit.py:495} INFO - 24/09/03 22:43:03 INFO FileSourceStrategy: Pushed Filters:
[2024-09-03 22:43:03,369] {spark_submit.py:495} INFO - 24/09/03 22:43:03 INFO FileSourceStrategy: Post-Scan Filters:
[2024-09-03 22:43:03,370] {spark_submit.py:495} INFO - 24/09/03 22:43:03 INFO FileSourceStrategy: Output Data Schema: struct<includes: struct<users: array<struct<created_at:string,id:string,name:string,username:string>>>>
[2024-09-03 22:43:03,388] {spark_submit.py:495} INFO - 24/09/03 22:43:03 INFO FileOutputCommitter: File Output Committer Algorithm version is 1
[2024-09-03 22:43:03,388] {spark_submit.py:495} INFO - 24/09/03 22:43:03 INFO FileOutputCommitter: FileOutputCommitter skip cleanup _temporary folders under output directory:false, ignore cleanup failures: false
[2024-09-03 22:43:03,389] {spark_submit.py:495} INFO - 24/09/03 22:43:03 INFO SQLHadoopMapReduceCommitProtocol: Using output committer class org.apache.hadoop.mapreduce.lib.output.FileOutputCommitter
[2024-09-03 22:43:03,420] {spark_submit.py:495} INFO - 24/09/03 22:43:03 INFO CodeGenerator: Code generated in 11.218338 ms
[2024-09-03 22:43:03,426] {spark_submit.py:495} INFO - 24/09/03 22:43:03 INFO MemoryStore: Block broadcast_4 stored as values in memory (estimated size 303.0 KiB, free 365.1 MiB)
[2024-09-03 22:43:03,434] {spark_submit.py:495} INFO - 24/09/03 22:43:03 INFO MemoryStore: Block broadcast_4_piece0 stored as bytes in memory (estimated size 27.5 KiB, free 365.1 MiB)
[2024-09-03 22:43:03,435] {spark_submit.py:495} INFO - 24/09/03 22:43:03 INFO BlockManagerInfo: Added broadcast_4_piece0 in memory on 192.168.2.128:38001 (size: 27.5 KiB, free: 366.1 MiB)
[2024-09-03 22:43:03,436] {spark_submit.py:495} INFO - 24/09/03 22:43:03 INFO SparkContext: Created broadcast 4 from json at NativeMethodAccessorImpl.java:0
[2024-09-03 22:43:03,437] {spark_submit.py:495} INFO - 24/09/03 22:43:03 INFO FileSourceScanExec: Planning scan with bin packing, max size: 4649115 bytes, open cost is considered as scanning 4194304 bytes.
[2024-09-03 22:43:03,456] {spark_submit.py:495} INFO - 24/09/03 22:43:03 INFO SparkContext: Starting job: json at NativeMethodAccessorImpl.java:0
[2024-09-03 22:43:03,458] {spark_submit.py:495} INFO - 24/09/03 22:43:03 INFO DAGScheduler: Got job 2 (json at NativeMethodAccessorImpl.java:0) with 1 output partitions
[2024-09-03 22:43:03,459] {spark_submit.py:495} INFO - 24/09/03 22:43:03 INFO DAGScheduler: Final stage: ResultStage 2 (json at NativeMethodAccessorImpl.java:0)
[2024-09-03 22:43:03,459] {spark_submit.py:495} INFO - 24/09/03 22:43:03 INFO DAGScheduler: Parents of final stage: List()
[2024-09-03 22:43:03,459] {spark_submit.py:495} INFO - 24/09/03 22:43:03 INFO DAGScheduler: Missing parents: List()
[2024-09-03 22:43:03,459] {spark_submit.py:495} INFO - 24/09/03 22:43:03 INFO DAGScheduler: Submitting ResultStage 2 (CoalescedRDD[16] at json at NativeMethodAccessorImpl.java:0), which has no missing parents
[2024-09-03 22:43:03,483] {spark_submit.py:495} INFO - 24/09/03 22:43:03 INFO MemoryStore: Block broadcast_5 stored as values in memory (estimated size 178.3 KiB, free 364.9 MiB)
[2024-09-03 22:43:03,486] {spark_submit.py:495} INFO - 24/09/03 22:43:03 INFO MemoryStore: Block broadcast_5_piece0 stored as bytes in memory (estimated size 64.0 KiB, free 364.8 MiB)
[2024-09-03 22:43:03,487] {spark_submit.py:495} INFO - 24/09/03 22:43:03 INFO BlockManagerInfo: Added broadcast_5_piece0 in memory on 192.168.2.128:38001 (size: 64.0 KiB, free: 366.1 MiB)
[2024-09-03 22:43:03,488] {spark_submit.py:495} INFO - 24/09/03 22:43:03 INFO SparkContext: Created broadcast 5 from broadcast at DAGScheduler.scala:1433
[2024-09-03 22:43:03,490] {spark_submit.py:495} INFO - 24/09/03 22:43:03 INFO DAGScheduler: Submitting 1 missing tasks from ResultStage 2 (CoalescedRDD[16] at json at NativeMethodAccessorImpl.java:0) (first 15 tasks are for partitions Vector(0))
[2024-09-03 22:43:03,490] {spark_submit.py:495} INFO - 24/09/03 22:43:03 INFO TaskSchedulerImpl: Adding task set 2.0 with 1 tasks resource profile 0
[2024-09-03 22:43:03,491] {spark_submit.py:495} INFO - 24/09/03 22:43:03 INFO TaskSetManager: Starting task 0.0 in stage 2.0 (TID 2) (192.168.2.128, executor driver, partition 0, PROCESS_LOCAL, 5210 bytes) taskResourceAssignments Map()
[2024-09-03 22:43:03,492] {spark_submit.py:495} INFO - 24/09/03 22:43:03 INFO Executor: Running task 0.0 in stage 2.0 (TID 2)
[2024-09-03 22:43:03,507] {spark_submit.py:495} INFO - 24/09/03 22:43:03 INFO FileOutputCommitter: File Output Committer Algorithm version is 1
[2024-09-03 22:43:03,507] {spark_submit.py:495} INFO - 24/09/03 22:43:03 INFO FileOutputCommitter: FileOutputCommitter skip cleanup _temporary folders under output directory:false, ignore cleanup failures: false
[2024-09-03 22:43:03,508] {spark_submit.py:495} INFO - 24/09/03 22:43:03 INFO SQLHadoopMapReduceCommitProtocol: Using output committer class org.apache.hadoop.mapreduce.lib.output.FileOutputCommitter
[2024-09-03 22:43:03,545] {spark_submit.py:495} INFO - 24/09/03 22:43:03 INFO CodeGenerator: Code generated in 11.599087 ms
[2024-09-03 22:43:03,548] {spark_submit.py:495} INFO - 24/09/03 22:43:03 INFO FileScanRDD: Reading File path: file:///home/kai/Documents/PROJETOS/twitter_extractor_airflow/datalake/bronze/data_engineer/extract_data=2024-08-07T00:00:00.00Z/data_engineer_20240807.json, range: 0-454811, partition values: [empty row]
[2024-09-03 22:43:03,570] {spark_submit.py:495} INFO - 24/09/03 22:43:03 INFO CodeGenerator: Code generated in 19.95777 ms
[2024-09-03 22:43:03,641] {spark_submit.py:495} INFO - 24/09/03 22:43:03 INFO FileOutputCommitter: Saved output of task 'attempt_202409032243035517260834638804147_0002_m_000000_2' to file:/home/kai/Documents/PROJETOS/twitter_extractor_airflow/datalake/silver/data_engineer/user_df/process_data=20240807/_temporary/0/task_202409032243035517260834638804147_0002_m_000000
[2024-09-03 22:43:03,654] {spark_submit.py:495} INFO - 24/09/03 22:43:03 INFO SparkHadoopMapRedUtil: attempt_202409032243035517260834638804147_0002_m_000000_2: Committed
[2024-09-03 22:43:03,655] {spark_submit.py:495} INFO - 24/09/03 22:43:03 INFO Executor: Finished task 0.0 in stage 2.0 (TID 2). 2734 bytes result sent to driver
[2024-09-03 22:43:03,663] {spark_submit.py:495} INFO - 24/09/03 22:43:03 INFO TaskSetManager: Finished task 0.0 in stage 2.0 (TID 2) in 172 ms on 192.168.2.128 (executor driver) (1/1)
[2024-09-03 22:43:03,663] {spark_submit.py:495} INFO - 24/09/03 22:43:03 INFO TaskSchedulerImpl: Removed TaskSet 2.0, whose tasks have all completed, from pool
[2024-09-03 22:43:03,666] {spark_submit.py:495} INFO - 24/09/03 22:43:03 INFO DAGScheduler: ResultStage 2 (json at NativeMethodAccessorImpl.java:0) finished in 0,204 s
[2024-09-03 22:43:03,666] {spark_submit.py:495} INFO - 24/09/03 22:43:03 INFO DAGScheduler: Job 2 is finished. Cancelling potential speculative or zombie tasks for this job
[2024-09-03 22:43:03,666] {spark_submit.py:495} INFO - 24/09/03 22:43:03 INFO TaskSchedulerImpl: Killing all running tasks in stage 2: Stage finished
[2024-09-03 22:43:03,666] {spark_submit.py:495} INFO - 24/09/03 22:43:03 INFO DAGScheduler: Job 2 finished: json at NativeMethodAccessorImpl.java:0, took 0,208630 s
[2024-09-03 22:43:03,697] {spark_submit.py:495} INFO - 24/09/03 22:43:03 INFO FileFormatWriter: Write Job b6e09567-23d2-4a37-9f69-8cab0738558a committed.
[2024-09-03 22:43:03,697] {spark_submit.py:495} INFO - 24/09/03 22:43:03 INFO FileFormatWriter: Finished processing stats for write job b6e09567-23d2-4a37-9f69-8cab0738558a.
[2024-09-03 22:43:03,749] {spark_submit.py:495} INFO - 24/09/03 22:43:03 INFO SparkContext: Invoking stop() from shutdown hook
[2024-09-03 22:43:03,762] {spark_submit.py:495} INFO - 24/09/03 22:43:03 INFO SparkUI: Stopped Spark web UI at http://192.168.2.128:4041
[2024-09-03 22:43:03,774] {spark_submit.py:495} INFO - 24/09/03 22:43:03 INFO MapOutputTrackerMasterEndpoint: MapOutputTrackerMasterEndpoint stopped!
[2024-09-03 22:43:03,784] {spark_submit.py:495} INFO - 24/09/03 22:43:03 INFO MemoryStore: MemoryStore cleared
[2024-09-03 22:43:03,785] {spark_submit.py:495} INFO - 24/09/03 22:43:03 INFO BlockManager: BlockManager stopped
[2024-09-03 22:43:03,797] {spark_submit.py:495} INFO - 24/09/03 22:43:03 INFO BlockManagerMaster: BlockManagerMaster stopped
[2024-09-03 22:43:03,800] {spark_submit.py:495} INFO - 24/09/03 22:43:03 INFO OutputCommitCoordinator$OutputCommitCoordinatorEndpoint: OutputCommitCoordinator stopped!
[2024-09-03 22:43:03,818] {spark_submit.py:495} INFO - 24/09/03 22:43:03 INFO SparkContext: Successfully stopped SparkContext
[2024-09-03 22:43:03,819] {spark_submit.py:495} INFO - 24/09/03 22:43:03 INFO ShutdownHookManager: Shutdown hook called
[2024-09-03 22:43:03,828] {spark_submit.py:495} INFO - 24/09/03 22:43:03 INFO ShutdownHookManager: Deleting directory /tmp/spark-c7bc3de9-6c28-4579-b3d3-25a1db35002e
[2024-09-03 22:43:03,828] {spark_submit.py:495} INFO - 24/09/03 22:43:03 INFO ShutdownHookManager: Deleting directory /tmp/spark-51bb5827-905e-4570-ab8d-4870ac30b639
[2024-09-03 22:43:03,831] {spark_submit.py:495} INFO - 24/09/03 22:43:03 INFO ShutdownHookManager: Deleting directory /tmp/spark-c7bc3de9-6c28-4579-b3d3-25a1db35002e/pyspark-42dcdee8-c345-44e4-92b9-7d2a59d8841e
[2024-09-03 22:43:03,968] {taskinstance.py:1395} INFO - Marking task as SUCCESS. dag_id=Twitter_extractor_DAGs, task_id=SILVER_LAYER_LOAD_L, execution_date=20240807T000000, start_date=20240904T014254, end_date=20240904T014303
[2024-09-03 22:43:03,999] {local_task_job.py:156} INFO - Task exited with return code 0
[2024-09-03 22:43:04,016] {local_task_job.py:273} INFO - 1 downstream tasks scheduled from follow-on schedule check
