[2024-09-03 22:47:07,393] {taskinstance.py:1159} INFO - Dependencies all met for <TaskInstance: Twitter_extractor_DAGs.SILVER_LAYER_LOAD_L scheduled__2024-08-15T00:00:00+00:00 [queued]>
[2024-09-03 22:47:07,415] {taskinstance.py:1159} INFO - Dependencies all met for <TaskInstance: Twitter_extractor_DAGs.SILVER_LAYER_LOAD_L scheduled__2024-08-15T00:00:00+00:00 [queued]>
[2024-09-03 22:47:07,415] {taskinstance.py:1356} INFO - 
--------------------------------------------------------------------------------
[2024-09-03 22:47:07,415] {taskinstance.py:1357} INFO - Starting attempt 1 of 1
[2024-09-03 22:47:07,415] {taskinstance.py:1358} INFO - 
--------------------------------------------------------------------------------
[2024-09-03 22:47:07,426] {taskinstance.py:1377} INFO - Executing <Task(SparkSubmitOperator): SILVER_LAYER_LOAD_L> on 2024-08-15 00:00:00+00:00
[2024-09-03 22:47:07,429] {standard_task_runner.py:52} INFO - Started process 444930 to run task
[2024-09-03 22:47:07,433] {standard_task_runner.py:79} INFO - Running: ['airflow', 'tasks', 'run', 'Twitter_extractor_DAGs', 'SILVER_LAYER_LOAD_L', 'scheduled__2024-08-15T00:00:00+00:00', '--job-id', '108', '--raw', '--subdir', 'DAGS_FOLDER/twitter_dag.py', '--cfg-path', '/tmp/tmp5ckl48hw', '--error-file', '/tmp/tmpgqbllk5m']
[2024-09-03 22:47:07,433] {standard_task_runner.py:80} INFO - Job 108: Subtask SILVER_LAYER_LOAD_L
[2024-09-03 22:47:07,482] {task_command.py:370} INFO - Running <TaskInstance: Twitter_extractor_DAGs.SILVER_LAYER_LOAD_L scheduled__2024-08-15T00:00:00+00:00 [running]> on host kaiwangairflow
[2024-09-03 22:47:07,535] {taskinstance.py:1569} INFO - Exporting the following env vars:
AIRFLOW_CTX_DAG_OWNER=airflow
AIRFLOW_CTX_DAG_ID=Twitter_extractor_DAGs
AIRFLOW_CTX_TASK_ID=SILVER_LAYER_LOAD_L
AIRFLOW_CTX_EXECUTION_DATE=2024-08-15T00:00:00+00:00
AIRFLOW_CTX_TRY_NUMBER=1
AIRFLOW_CTX_DAG_RUN_ID=scheduled__2024-08-15T00:00:00+00:00
[2024-09-03 22:47:07,539] {base.py:68} INFO - Using connection ID 'spark_default' for task execution.
[2024-09-03 22:47:07,540] {spark_submit.py:344} INFO - Spark-Submit cmd: spark-submit --master local --name twitter_transformation --queue root.default src/scripts/load_silver_functions.py --src datalake/bronze/data_engineer/extract_data=2024-08-15T00:00:00.00Z --dest datalake/silver/data_engineer/ --process-data 20240815
[2024-09-03 22:47:08,587] {spark_submit.py:495} INFO - 24/09/03 22:47:08 WARN Utils: Your hostname, kaiwangairflow resolves to a loopback address: 127.0.1.1; using 192.168.2.128 instead (on interface ens33)
[2024-09-03 22:47:08,587] {spark_submit.py:495} INFO - 24/09/03 22:47:08 WARN Utils: Set SPARK_LOCAL_IP if you need to bind to another address
[2024-09-03 22:47:08,930] {spark_submit.py:495} INFO - 24/09/03 22:47:08 WARN NativeCodeLoader: Unable to load native-hadoop library for your platform... using builtin-java classes where applicable
[2024-09-03 22:47:09,426] {spark_submit.py:495} INFO - Using Spark's default log4j profile: org/apache/spark/log4j-defaults.properties
[2024-09-03 22:47:09,437] {spark_submit.py:495} INFO - 24/09/03 22:47:09 INFO SparkContext: Running Spark version 3.1.3
[2024-09-03 22:47:09,479] {spark_submit.py:495} INFO - 24/09/03 22:47:09 INFO ResourceUtils: ==============================================================
[2024-09-03 22:47:09,480] {spark_submit.py:495} INFO - 24/09/03 22:47:09 INFO ResourceUtils: No custom resources configured for spark.driver.
[2024-09-03 22:47:09,480] {spark_submit.py:495} INFO - 24/09/03 22:47:09 INFO ResourceUtils: ==============================================================
[2024-09-03 22:47:09,480] {spark_submit.py:495} INFO - 24/09/03 22:47:09 INFO SparkContext: Submitted application: twitter_transformation
[2024-09-03 22:47:09,500] {spark_submit.py:495} INFO - 24/09/03 22:47:09 INFO ResourceProfile: Default ResourceProfile created, executor resources: Map(cores -> name: cores, amount: 1, script: , vendor: , memory -> name: memory, amount: 1024, script: , vendor: , offHeap -> name: offHeap, amount: 0, script: , vendor: ), task resources: Map(cpus -> name: cpus, amount: 1.0)
[2024-09-03 22:47:09,514] {spark_submit.py:495} INFO - 24/09/03 22:47:09 INFO ResourceProfile: Limiting resource is cpu
[2024-09-03 22:47:09,515] {spark_submit.py:495} INFO - 24/09/03 22:47:09 INFO ResourceProfileManager: Added ResourceProfile id: 0
[2024-09-03 22:47:09,559] {spark_submit.py:495} INFO - 24/09/03 22:47:09 INFO SecurityManager: Changing view acls to: kai
[2024-09-03 22:47:09,560] {spark_submit.py:495} INFO - 24/09/03 22:47:09 INFO SecurityManager: Changing modify acls to: kai
[2024-09-03 22:47:09,560] {spark_submit.py:495} INFO - 24/09/03 22:47:09 INFO SecurityManager: Changing view acls groups to:
[2024-09-03 22:47:09,561] {spark_submit.py:495} INFO - 24/09/03 22:47:09 INFO SecurityManager: Changing modify acls groups to:
[2024-09-03 22:47:09,561] {spark_submit.py:495} INFO - 24/09/03 22:47:09 INFO SecurityManager: SecurityManager: authentication disabled; ui acls disabled; users  with view permissions: Set(kai); groups with view permissions: Set(); users  with modify permissions: Set(kai); groups with modify permissions: Set()
[2024-09-03 22:47:09,725] {spark_submit.py:495} INFO - 24/09/03 22:47:09 INFO Utils: Successfully started service 'sparkDriver' on port 37409.
[2024-09-03 22:47:09,750] {spark_submit.py:495} INFO - 24/09/03 22:47:09 INFO SparkEnv: Registering MapOutputTracker
[2024-09-03 22:47:09,780] {spark_submit.py:495} INFO - 24/09/03 22:47:09 INFO SparkEnv: Registering BlockManagerMaster
[2024-09-03 22:47:09,796] {spark_submit.py:495} INFO - 24/09/03 22:47:09 INFO BlockManagerMasterEndpoint: Using org.apache.spark.storage.DefaultTopologyMapper for getting topology information
[2024-09-03 22:47:09,797] {spark_submit.py:495} INFO - 24/09/03 22:47:09 INFO BlockManagerMasterEndpoint: BlockManagerMasterEndpoint up
[2024-09-03 22:47:09,801] {spark_submit.py:495} INFO - 24/09/03 22:47:09 INFO SparkEnv: Registering BlockManagerMasterHeartbeat
[2024-09-03 22:47:09,814] {spark_submit.py:495} INFO - 24/09/03 22:47:09 INFO DiskBlockManager: Created local directory at /tmp/blockmgr-183eaebc-dab3-4bba-aaaf-818ba2fe6b90
[2024-09-03 22:47:09,834] {spark_submit.py:495} INFO - 24/09/03 22:47:09 INFO MemoryStore: MemoryStore started with capacity 366.3 MiB
[2024-09-03 22:47:09,849] {spark_submit.py:495} INFO - 24/09/03 22:47:09 INFO SparkEnv: Registering OutputCommitCoordinator
[2024-09-03 22:47:10,041] {spark_submit.py:495} INFO - 24/09/03 22:47:10 WARN Utils: Service 'SparkUI' could not bind on port 4040. Attempting port 4041.
[2024-09-03 22:47:10,049] {spark_submit.py:495} INFO - 24/09/03 22:47:10 INFO Utils: Successfully started service 'SparkUI' on port 4041.
[2024-09-03 22:47:10,094] {spark_submit.py:495} INFO - 24/09/03 22:47:10 INFO SparkUI: Bound SparkUI to 0.0.0.0, and started at http://192.168.2.128:4041
[2024-09-03 22:47:10,298] {spark_submit.py:495} INFO - 24/09/03 22:47:10 INFO Executor: Starting executor ID driver on host 192.168.2.128
[2024-09-03 22:47:10,323] {spark_submit.py:495} INFO - 24/09/03 22:47:10 INFO Utils: Successfully started service 'org.apache.spark.network.netty.NettyBlockTransferService' on port 44449.
[2024-09-03 22:47:10,323] {spark_submit.py:495} INFO - 24/09/03 22:47:10 INFO NettyBlockTransferService: Server created on 192.168.2.128:44449
[2024-09-03 22:47:10,324] {spark_submit.py:495} INFO - 24/09/03 22:47:10 INFO BlockManager: Using org.apache.spark.storage.RandomBlockReplicationPolicy for block replication policy
[2024-09-03 22:47:10,331] {spark_submit.py:495} INFO - 24/09/03 22:47:10 INFO BlockManagerMaster: Registering BlockManager BlockManagerId(driver, 192.168.2.128, 44449, None)
[2024-09-03 22:47:10,334] {spark_submit.py:495} INFO - 24/09/03 22:47:10 INFO BlockManagerMasterEndpoint: Registering block manager 192.168.2.128:44449 with 366.3 MiB RAM, BlockManagerId(driver, 192.168.2.128, 44449, None)
[2024-09-03 22:47:10,337] {spark_submit.py:495} INFO - 24/09/03 22:47:10 INFO BlockManagerMaster: Registered BlockManager BlockManagerId(driver, 192.168.2.128, 44449, None)
[2024-09-03 22:47:10,338] {spark_submit.py:495} INFO - 24/09/03 22:47:10 INFO BlockManager: Initialized BlockManager: BlockManagerId(driver, 192.168.2.128, 44449, None)
[2024-09-03 22:47:10,836] {spark_submit.py:495} INFO - 24/09/03 22:47:10 INFO SharedState: Setting hive.metastore.warehouse.dir ('null') to the value of spark.sql.warehouse.dir ('file:/home/kai/Documents/PROJETOS/twitter_extractor_airflow/spark-warehouse').
[2024-09-03 22:47:10,837] {spark_submit.py:495} INFO - 24/09/03 22:47:10 INFO SharedState: Warehouse path is 'file:/home/kai/Documents/PROJETOS/twitter_extractor_airflow/spark-warehouse'.
[2024-09-03 22:47:11,714] {spark_submit.py:495} INFO - 24/09/03 22:47:11 INFO InMemoryFileIndex: It took 43 ms to list leaf files for 1 paths.
[2024-09-03 22:47:11,780] {spark_submit.py:495} INFO - 24/09/03 22:47:11 INFO InMemoryFileIndex: It took 2 ms to list leaf files for 1 paths.
[2024-09-03 22:47:13,566] {spark_submit.py:495} INFO - 24/09/03 22:47:13 INFO FileSourceStrategy: Pushed Filters:
[2024-09-03 22:47:13,567] {spark_submit.py:495} INFO - 24/09/03 22:47:13 INFO FileSourceStrategy: Post-Scan Filters:
[2024-09-03 22:47:13,571] {spark_submit.py:495} INFO - 24/09/03 22:47:13 INFO FileSourceStrategy: Output Data Schema: struct<value: string>
[2024-09-03 22:47:13,854] {spark_submit.py:495} INFO - 24/09/03 22:47:13 INFO MemoryStore: Block broadcast_0 stored as values in memory (estimated size 303.1 KiB, free 366.0 MiB)
[2024-09-03 22:47:13,901] {spark_submit.py:495} INFO - 24/09/03 22:47:13 INFO MemoryStore: Block broadcast_0_piece0 stored as bytes in memory (estimated size 27.5 KiB, free 366.0 MiB)
[2024-09-03 22:47:13,903] {spark_submit.py:495} INFO - 24/09/03 22:47:13 INFO BlockManagerInfo: Added broadcast_0_piece0 in memory on 192.168.2.128:44449 (size: 27.5 KiB, free: 366.3 MiB)
[2024-09-03 22:47:13,908] {spark_submit.py:495} INFO - 24/09/03 22:47:13 INFO SparkContext: Created broadcast 0 from json at NativeMethodAccessorImpl.java:0
[2024-09-03 22:47:13,915] {spark_submit.py:495} INFO - 24/09/03 22:47:13 INFO FileSourceScanExec: Planning scan with bin packing, max size: 4198821 bytes, open cost is considered as scanning 4194304 bytes.
[2024-09-03 22:47:14,077] {spark_submit.py:495} INFO - 24/09/03 22:47:14 INFO SparkContext: Starting job: json at NativeMethodAccessorImpl.java:0
[2024-09-03 22:47:14,092] {spark_submit.py:495} INFO - 24/09/03 22:47:14 INFO DAGScheduler: Got job 0 (json at NativeMethodAccessorImpl.java:0) with 1 output partitions
[2024-09-03 22:47:14,093] {spark_submit.py:495} INFO - 24/09/03 22:47:14 INFO DAGScheduler: Final stage: ResultStage 0 (json at NativeMethodAccessorImpl.java:0)
[2024-09-03 22:47:14,093] {spark_submit.py:495} INFO - 24/09/03 22:47:14 INFO DAGScheduler: Parents of final stage: List()
[2024-09-03 22:47:14,094] {spark_submit.py:495} INFO - 24/09/03 22:47:14 INFO DAGScheduler: Missing parents: List()
[2024-09-03 22:47:14,101] {spark_submit.py:495} INFO - 24/09/03 22:47:14 INFO DAGScheduler: Submitting ResultStage 0 (MapPartitionsRDD[3] at json at NativeMethodAccessorImpl.java:0), which has no missing parents
[2024-09-03 22:47:14,219] {spark_submit.py:495} INFO - 24/09/03 22:47:14 INFO MemoryStore: Block broadcast_1 stored as values in memory (estimated size 12.1 KiB, free 366.0 MiB)
[2024-09-03 22:47:14,224] {spark_submit.py:495} INFO - 24/09/03 22:47:14 INFO MemoryStore: Block broadcast_1_piece0 stored as bytes in memory (estimated size 6.3 KiB, free 366.0 MiB)
[2024-09-03 22:47:14,225] {spark_submit.py:495} INFO - 24/09/03 22:47:14 INFO BlockManagerInfo: Added broadcast_1_piece0 in memory on 192.168.2.128:44449 (size: 6.3 KiB, free: 366.3 MiB)
[2024-09-03 22:47:14,225] {spark_submit.py:495} INFO - 24/09/03 22:47:14 INFO SparkContext: Created broadcast 1 from broadcast at DAGScheduler.scala:1433
[2024-09-03 22:47:14,238] {spark_submit.py:495} INFO - 24/09/03 22:47:14 INFO DAGScheduler: Submitting 1 missing tasks from ResultStage 0 (MapPartitionsRDD[3] at json at NativeMethodAccessorImpl.java:0) (first 15 tasks are for partitions Vector(0))
[2024-09-03 22:47:14,241] {spark_submit.py:495} INFO - 24/09/03 22:47:14 INFO TaskSchedulerImpl: Adding task set 0.0 with 1 tasks resource profile 0
[2024-09-03 22:47:14,321] {spark_submit.py:495} INFO - 24/09/03 22:47:14 INFO TaskSetManager: Starting task 0.0 in stage 0.0 (TID 0) (192.168.2.128, executor driver, partition 0, PROCESS_LOCAL, 4981 bytes) taskResourceAssignments Map()
[2024-09-03 22:47:14,340] {spark_submit.py:495} INFO - 24/09/03 22:47:14 INFO Executor: Running task 0.0 in stage 0.0 (TID 0)
[2024-09-03 22:47:14,603] {spark_submit.py:495} INFO - 24/09/03 22:47:14 INFO FileScanRDD: Reading File path: file:///home/kai/Documents/PROJETOS/twitter_extractor_airflow/datalake/bronze/data_engineer/extract_data=2024-08-15T00:00:00.00Z/data_engineer_20240815.json, range: 0-4517, partition values: [empty row]
[2024-09-03 22:47:14,878] {spark_submit.py:495} INFO - 24/09/03 22:47:14 INFO CodeGenerator: Code generated in 172.135721 ms
[2024-09-03 22:47:14,930] {spark_submit.py:495} INFO - 24/09/03 22:47:14 INFO Executor: Finished task 0.0 in stage 0.0 (TID 0). 2725 bytes result sent to driver
[2024-09-03 22:47:14,943] {spark_submit.py:495} INFO - 24/09/03 22:47:14 INFO TaskSetManager: Finished task 0.0 in stage 0.0 (TID 0) in 633 ms on 192.168.2.128 (executor driver) (1/1)
[2024-09-03 22:47:14,945] {spark_submit.py:495} INFO - 24/09/03 22:47:14 INFO TaskSchedulerImpl: Removed TaskSet 0.0, whose tasks have all completed, from pool
[2024-09-03 22:47:15,050] {spark_submit.py:495} INFO - 24/09/03 22:47:15 INFO DAGScheduler: ResultStage 0 (json at NativeMethodAccessorImpl.java:0) finished in 0,928 s
[2024-09-03 22:47:15,057] {spark_submit.py:495} INFO - 24/09/03 22:47:15 INFO DAGScheduler: Job 0 is finished. Cancelling potential speculative or zombie tasks for this job
[2024-09-03 22:47:15,057] {spark_submit.py:495} INFO - 24/09/03 22:47:15 INFO TaskSchedulerImpl: Killing all running tasks in stage 0: Stage finished
[2024-09-03 22:47:15,067] {spark_submit.py:495} INFO - 24/09/03 22:47:15 INFO DAGScheduler: Job 0 finished: json at NativeMethodAccessorImpl.java:0, took 0,982219 s
[2024-09-03 22:47:15,467] {spark_submit.py:495} INFO - 24/09/03 22:47:15 INFO FileSourceStrategy: Pushed Filters: IsNotNull(data)
[2024-09-03 22:47:15,468] {spark_submit.py:495} INFO - 24/09/03 22:47:15 INFO FileSourceStrategy: Post-Scan Filters: (size(data#7, true) > 0),isnotnull(data#7)
[2024-09-03 22:47:15,469] {spark_submit.py:495} INFO - 24/09/03 22:47:15 INFO FileSourceStrategy: Output Data Schema: struct<data: array<struct<author_id:string,conversation_id:string,created_at:string,edit_history_tweet_ids:array<bigint>,id:string,in_reply_to_user_id:string,lang:string,public_metrics:struct<like_count:bigint,quote_count:bigint,reply_count:bigint,retweet_count:bigint>,text:string>>>
[2024-09-03 22:47:15,554] {spark_submit.py:495} INFO - 24/09/03 22:47:15 INFO FileOutputCommitter: File Output Committer Algorithm version is 1
[2024-09-03 22:47:15,554] {spark_submit.py:495} INFO - 24/09/03 22:47:15 INFO FileOutputCommitter: FileOutputCommitter skip cleanup _temporary folders under output directory:false, ignore cleanup failures: false
[2024-09-03 22:47:15,555] {spark_submit.py:495} INFO - 24/09/03 22:47:15 INFO SQLHadoopMapReduceCommitProtocol: Using output committer class org.apache.hadoop.mapreduce.lib.output.FileOutputCommitter
[2024-09-03 22:47:15,652] {spark_submit.py:495} INFO - 24/09/03 22:47:15 INFO CodeGenerator: Code generated in 31.620636 ms
[2024-09-03 22:47:15,693] {spark_submit.py:495} INFO - 24/09/03 22:47:15 INFO CodeGenerator: Code generated in 25.553061 ms
[2024-09-03 22:47:15,701] {spark_submit.py:495} INFO - 24/09/03 22:47:15 INFO MemoryStore: Block broadcast_2 stored as values in memory (estimated size 303.0 KiB, free 365.7 MiB)
[2024-09-03 22:47:15,709] {spark_submit.py:495} INFO - 24/09/03 22:47:15 INFO MemoryStore: Block broadcast_2_piece0 stored as bytes in memory (estimated size 27.5 KiB, free 365.6 MiB)
[2024-09-03 22:47:15,710] {spark_submit.py:495} INFO - 24/09/03 22:47:15 INFO BlockManagerInfo: Added broadcast_2_piece0 in memory on 192.168.2.128:44449 (size: 27.5 KiB, free: 366.2 MiB)
[2024-09-03 22:47:15,711] {spark_submit.py:495} INFO - 24/09/03 22:47:15 INFO SparkContext: Created broadcast 2 from json at NativeMethodAccessorImpl.java:0
[2024-09-03 22:47:15,714] {spark_submit.py:495} INFO - 24/09/03 22:47:15 INFO FileSourceScanExec: Planning scan with bin packing, max size: 4198821 bytes, open cost is considered as scanning 4194304 bytes.
[2024-09-03 22:47:15,773] {spark_submit.py:495} INFO - 24/09/03 22:47:15 INFO SparkContext: Starting job: json at NativeMethodAccessorImpl.java:0
[2024-09-03 22:47:15,774] {spark_submit.py:495} INFO - 24/09/03 22:47:15 INFO DAGScheduler: Got job 1 (json at NativeMethodAccessorImpl.java:0) with 1 output partitions
[2024-09-03 22:47:15,774] {spark_submit.py:495} INFO - 24/09/03 22:47:15 INFO DAGScheduler: Final stage: ResultStage 1 (json at NativeMethodAccessorImpl.java:0)
[2024-09-03 22:47:15,774] {spark_submit.py:495} INFO - 24/09/03 22:47:15 INFO DAGScheduler: Parents of final stage: List()
[2024-09-03 22:47:15,775] {spark_submit.py:495} INFO - 24/09/03 22:47:15 INFO DAGScheduler: Missing parents: List()
[2024-09-03 22:47:15,778] {spark_submit.py:495} INFO - 24/09/03 22:47:15 INFO DAGScheduler: Submitting ResultStage 1 (CoalescedRDD[9] at json at NativeMethodAccessorImpl.java:0), which has no missing parents
[2024-09-03 22:47:15,826] {spark_submit.py:495} INFO - 24/09/03 22:47:15 INFO MemoryStore: Block broadcast_3 stored as values in memory (estimated size 190.0 KiB, free 365.5 MiB)
[2024-09-03 22:47:15,831] {spark_submit.py:495} INFO - 24/09/03 22:47:15 INFO MemoryStore: Block broadcast_3_piece0 stored as bytes in memory (estimated size 66.6 KiB, free 365.4 MiB)
[2024-09-03 22:47:15,832] {spark_submit.py:495} INFO - 24/09/03 22:47:15 INFO BlockManagerInfo: Added broadcast_3_piece0 in memory on 192.168.2.128:44449 (size: 66.6 KiB, free: 366.2 MiB)
[2024-09-03 22:47:15,833] {spark_submit.py:495} INFO - 24/09/03 22:47:15 INFO SparkContext: Created broadcast 3 from broadcast at DAGScheduler.scala:1433
[2024-09-03 22:47:15,834] {spark_submit.py:495} INFO - 24/09/03 22:47:15 INFO DAGScheduler: Submitting 1 missing tasks from ResultStage 1 (CoalescedRDD[9] at json at NativeMethodAccessorImpl.java:0) (first 15 tasks are for partitions Vector(0))
[2024-09-03 22:47:15,835] {spark_submit.py:495} INFO - 24/09/03 22:47:15 INFO TaskSchedulerImpl: Adding task set 1.0 with 1 tasks resource profile 0
[2024-09-03 22:47:15,839] {spark_submit.py:495} INFO - 24/09/03 22:47:15 INFO TaskSetManager: Starting task 0.0 in stage 1.0 (TID 1) (192.168.2.128, executor driver, partition 0, PROCESS_LOCAL, 5210 bytes) taskResourceAssignments Map()
[2024-09-03 22:47:15,839] {spark_submit.py:495} INFO - 24/09/03 22:47:15 INFO Executor: Running task 0.0 in stage 1.0 (TID 1)
[2024-09-03 22:47:15,894] {spark_submit.py:495} INFO - 24/09/03 22:47:15 INFO FileOutputCommitter: File Output Committer Algorithm version is 1
[2024-09-03 22:47:15,895] {spark_submit.py:495} INFO - 24/09/03 22:47:15 INFO FileOutputCommitter: FileOutputCommitter skip cleanup _temporary folders under output directory:false, ignore cleanup failures: false
[2024-09-03 22:47:15,897] {spark_submit.py:495} INFO - 24/09/03 22:47:15 INFO SQLHadoopMapReduceCommitProtocol: Using output committer class org.apache.hadoop.mapreduce.lib.output.FileOutputCommitter
[2024-09-03 22:47:15,962] {spark_submit.py:495} INFO - 24/09/03 22:47:15 INFO CodeGenerator: Code generated in 19.785071 ms
[2024-09-03 22:47:15,968] {spark_submit.py:495} INFO - 24/09/03 22:47:15 INFO FileScanRDD: Reading File path: file:///home/kai/Documents/PROJETOS/twitter_extractor_airflow/datalake/bronze/data_engineer/extract_data=2024-08-15T00:00:00.00Z/data_engineer_20240815.json, range: 0-4517, partition values: [empty row]
[2024-09-03 22:47:15,998] {spark_submit.py:495} INFO - 24/09/03 22:47:15 INFO CodeGenerator: Code generated in 25.860209 ms
[2024-09-03 22:47:16,025] {spark_submit.py:495} INFO - 24/09/03 22:47:16 INFO CodeGenerator: Code generated in 4.855853 ms
[2024-09-03 22:47:16,058] {spark_submit.py:495} INFO - 24/09/03 22:47:16 INFO FileOutputCommitter: Saved output of task 'attempt_202409032247156352205431795555199_0001_m_000000_1' to file:/home/kai/Documents/PROJETOS/twitter_extractor_airflow/datalake/silver/data_engineer/twitter_df/process_data=20240815/_temporary/0/task_202409032247156352205431795555199_0001_m_000000
[2024-09-03 22:47:16,059] {spark_submit.py:495} INFO - 24/09/03 22:47:16 INFO SparkHadoopMapRedUtil: attempt_202409032247156352205431795555199_0001_m_000000_1: Committed
[2024-09-03 22:47:16,064] {spark_submit.py:495} INFO - 24/09/03 22:47:16 INFO Executor: Finished task 0.0 in stage 1.0 (TID 1). 2901 bytes result sent to driver
[2024-09-03 22:47:16,069] {spark_submit.py:495} INFO - 24/09/03 22:47:16 INFO TaskSetManager: Finished task 0.0 in stage 1.0 (TID 1) in 232 ms on 192.168.2.128 (executor driver) (1/1)
[2024-09-03 22:47:16,070] {spark_submit.py:495} INFO - 24/09/03 22:47:16 INFO DAGScheduler: ResultStage 1 (json at NativeMethodAccessorImpl.java:0) finished in 0,293 s
[2024-09-03 22:47:16,070] {spark_submit.py:495} INFO - 24/09/03 22:47:16 INFO DAGScheduler: Job 1 is finished. Cancelling potential speculative or zombie tasks for this job
[2024-09-03 22:47:16,071] {spark_submit.py:495} INFO - 24/09/03 22:47:16 INFO TaskSchedulerImpl: Removed TaskSet 1.0, whose tasks have all completed, from pool
[2024-09-03 22:47:16,071] {spark_submit.py:495} INFO - 24/09/03 22:47:16 INFO TaskSchedulerImpl: Killing all running tasks in stage 1: Stage finished
[2024-09-03 22:47:16,074] {spark_submit.py:495} INFO - 24/09/03 22:47:16 INFO DAGScheduler: Job 1 finished: json at NativeMethodAccessorImpl.java:0, took 0,301140 s
[2024-09-03 22:47:16,091] {spark_submit.py:495} INFO - 24/09/03 22:47:16 INFO FileFormatWriter: Write Job 78931daa-eaf0-4ee5-bd46-043f00d6b312 committed.
[2024-09-03 22:47:16,093] {spark_submit.py:495} INFO - 24/09/03 22:47:16 INFO FileFormatWriter: Finished processing stats for write job 78931daa-eaf0-4ee5-bd46-043f00d6b312.
[2024-09-03 22:47:16,170] {spark_submit.py:495} INFO - 24/09/03 22:47:16 INFO FileSourceStrategy: Pushed Filters:
[2024-09-03 22:47:16,171] {spark_submit.py:495} INFO - 24/09/03 22:47:16 INFO FileSourceStrategy: Post-Scan Filters:
[2024-09-03 22:47:16,171] {spark_submit.py:495} INFO - 24/09/03 22:47:16 INFO FileSourceStrategy: Output Data Schema: struct<includes: struct<users: array<struct<created_at:string,id:string,name:string,username:string>>>>
[2024-09-03 22:47:16,189] {spark_submit.py:495} INFO - 24/09/03 22:47:16 INFO FileOutputCommitter: File Output Committer Algorithm version is 1
[2024-09-03 22:47:16,189] {spark_submit.py:495} INFO - 24/09/03 22:47:16 INFO FileOutputCommitter: FileOutputCommitter skip cleanup _temporary folders under output directory:false, ignore cleanup failures: false
[2024-09-03 22:47:16,190] {spark_submit.py:495} INFO - 24/09/03 22:47:16 INFO SQLHadoopMapReduceCommitProtocol: Using output committer class org.apache.hadoop.mapreduce.lib.output.FileOutputCommitter
[2024-09-03 22:47:16,224] {spark_submit.py:495} INFO - 24/09/03 22:47:16 INFO CodeGenerator: Code generated in 16.827091 ms
[2024-09-03 22:47:16,234] {spark_submit.py:495} INFO - 24/09/03 22:47:16 INFO MemoryStore: Block broadcast_4 stored as values in memory (estimated size 303.0 KiB, free 365.1 MiB)
[2024-09-03 22:47:16,241] {spark_submit.py:495} INFO - 24/09/03 22:47:16 INFO MemoryStore: Block broadcast_4_piece0 stored as bytes in memory (estimated size 27.5 KiB, free 365.1 MiB)
[2024-09-03 22:47:16,242] {spark_submit.py:495} INFO - 24/09/03 22:47:16 INFO BlockManagerInfo: Added broadcast_4_piece0 in memory on 192.168.2.128:44449 (size: 27.5 KiB, free: 366.1 MiB)
[2024-09-03 22:47:16,244] {spark_submit.py:495} INFO - 24/09/03 22:47:16 INFO SparkContext: Created broadcast 4 from json at NativeMethodAccessorImpl.java:0
[2024-09-03 22:47:16,245] {spark_submit.py:495} INFO - 24/09/03 22:47:16 INFO FileSourceScanExec: Planning scan with bin packing, max size: 4198821 bytes, open cost is considered as scanning 4194304 bytes.
[2024-09-03 22:47:16,268] {spark_submit.py:495} INFO - 24/09/03 22:47:16 INFO SparkContext: Starting job: json at NativeMethodAccessorImpl.java:0
[2024-09-03 22:47:16,269] {spark_submit.py:495} INFO - 24/09/03 22:47:16 INFO DAGScheduler: Got job 2 (json at NativeMethodAccessorImpl.java:0) with 1 output partitions
[2024-09-03 22:47:16,269] {spark_submit.py:495} INFO - 24/09/03 22:47:16 INFO DAGScheduler: Final stage: ResultStage 2 (json at NativeMethodAccessorImpl.java:0)
[2024-09-03 22:47:16,269] {spark_submit.py:495} INFO - 24/09/03 22:47:16 INFO DAGScheduler: Parents of final stage: List()
[2024-09-03 22:47:16,270] {spark_submit.py:495} INFO - 24/09/03 22:47:16 INFO DAGScheduler: Missing parents: List()
[2024-09-03 22:47:16,271] {spark_submit.py:495} INFO - 24/09/03 22:47:16 INFO DAGScheduler: Submitting ResultStage 2 (CoalescedRDD[16] at json at NativeMethodAccessorImpl.java:0), which has no missing parents
[2024-09-03 22:47:16,293] {spark_submit.py:495} INFO - 24/09/03 22:47:16 INFO MemoryStore: Block broadcast_5 stored as values in memory (estimated size 178.3 KiB, free 364.9 MiB)
[2024-09-03 22:47:16,299] {spark_submit.py:495} INFO - 24/09/03 22:47:16 INFO MemoryStore: Block broadcast_5_piece0 stored as bytes in memory (estimated size 64.0 KiB, free 364.8 MiB)
[2024-09-03 22:47:16,299] {spark_submit.py:495} INFO - 24/09/03 22:47:16 INFO BlockManagerInfo: Added broadcast_5_piece0 in memory on 192.168.2.128:44449 (size: 64.0 KiB, free: 366.1 MiB)
[2024-09-03 22:47:16,300] {spark_submit.py:495} INFO - 24/09/03 22:47:16 INFO SparkContext: Created broadcast 5 from broadcast at DAGScheduler.scala:1433
[2024-09-03 22:47:16,301] {spark_submit.py:495} INFO - 24/09/03 22:47:16 INFO DAGScheduler: Submitting 1 missing tasks from ResultStage 2 (CoalescedRDD[16] at json at NativeMethodAccessorImpl.java:0) (first 15 tasks are for partitions Vector(0))
[2024-09-03 22:47:16,301] {spark_submit.py:495} INFO - 24/09/03 22:47:16 INFO TaskSchedulerImpl: Adding task set 2.0 with 1 tasks resource profile 0
[2024-09-03 22:47:16,302] {spark_submit.py:495} INFO - 24/09/03 22:47:16 INFO TaskSetManager: Starting task 0.0 in stage 2.0 (TID 2) (192.168.2.128, executor driver, partition 0, PROCESS_LOCAL, 5210 bytes) taskResourceAssignments Map()
[2024-09-03 22:47:16,303] {spark_submit.py:495} INFO - 24/09/03 22:47:16 INFO Executor: Running task 0.0 in stage 2.0 (TID 2)
[2024-09-03 22:47:16,320] {spark_submit.py:495} INFO - 24/09/03 22:47:16 INFO FileOutputCommitter: File Output Committer Algorithm version is 1
[2024-09-03 22:47:16,320] {spark_submit.py:495} INFO - 24/09/03 22:47:16 INFO FileOutputCommitter: FileOutputCommitter skip cleanup _temporary folders under output directory:false, ignore cleanup failures: false
[2024-09-03 22:47:16,320] {spark_submit.py:495} INFO - 24/09/03 22:47:16 INFO SQLHadoopMapReduceCommitProtocol: Using output committer class org.apache.hadoop.mapreduce.lib.output.FileOutputCommitter
[2024-09-03 22:47:16,353] {spark_submit.py:495} INFO - 24/09/03 22:47:16 INFO CodeGenerator: Code generated in 12.423945 ms
[2024-09-03 22:47:16,355] {spark_submit.py:495} INFO - 24/09/03 22:47:16 INFO FileScanRDD: Reading File path: file:///home/kai/Documents/PROJETOS/twitter_extractor_airflow/datalake/bronze/data_engineer/extract_data=2024-08-15T00:00:00.00Z/data_engineer_20240815.json, range: 0-4517, partition values: [empty row]
[2024-09-03 22:47:16,371] {spark_submit.py:495} INFO - 24/09/03 22:47:16 INFO CodeGenerator: Code generated in 13.427566 ms
[2024-09-03 22:47:16,384] {spark_submit.py:495} INFO - 24/09/03 22:47:16 INFO FileOutputCommitter: Saved output of task 'attempt_202409032247167606030998608507177_0002_m_000000_2' to file:/home/kai/Documents/PROJETOS/twitter_extractor_airflow/datalake/silver/data_engineer/user_df/process_data=20240815/_temporary/0/task_202409032247167606030998608507177_0002_m_000000
[2024-09-03 22:47:16,384] {spark_submit.py:495} INFO - 24/09/03 22:47:16 INFO SparkHadoopMapRedUtil: attempt_202409032247167606030998608507177_0002_m_000000_2: Committed
[2024-09-03 22:47:16,385] {spark_submit.py:495} INFO - 24/09/03 22:47:16 INFO Executor: Finished task 0.0 in stage 2.0 (TID 2). 2734 bytes result sent to driver
[2024-09-03 22:47:16,387] {spark_submit.py:495} INFO - 24/09/03 22:47:16 INFO TaskSetManager: Finished task 0.0 in stage 2.0 (TID 2) in 85 ms on 192.168.2.128 (executor driver) (1/1)
[2024-09-03 22:47:16,388] {spark_submit.py:495} INFO - 24/09/03 22:47:16 INFO DAGScheduler: ResultStage 2 (json at NativeMethodAccessorImpl.java:0) finished in 0,115 s
[2024-09-03 22:47:16,388] {spark_submit.py:495} INFO - 24/09/03 22:47:16 INFO DAGScheduler: Job 2 is finished. Cancelling potential speculative or zombie tasks for this job
[2024-09-03 22:47:16,389] {spark_submit.py:495} INFO - 24/09/03 22:47:16 INFO TaskSchedulerImpl: Removed TaskSet 2.0, whose tasks have all completed, from pool
[2024-09-03 22:47:16,390] {spark_submit.py:495} INFO - 24/09/03 22:47:16 INFO TaskSchedulerImpl: Killing all running tasks in stage 2: Stage finished
[2024-09-03 22:47:16,393] {spark_submit.py:495} INFO - 24/09/03 22:47:16 INFO DAGScheduler: Job 2 finished: json at NativeMethodAccessorImpl.java:0, took 0,121906 s
[2024-09-03 22:47:16,407] {spark_submit.py:495} INFO - 24/09/03 22:47:16 INFO FileFormatWriter: Write Job 064fdf89-ad9d-4398-ae8e-accbcf47b364 committed.
[2024-09-03 22:47:16,407] {spark_submit.py:495} INFO - 24/09/03 22:47:16 INFO FileFormatWriter: Finished processing stats for write job 064fdf89-ad9d-4398-ae8e-accbcf47b364.
[2024-09-03 22:47:16,443] {spark_submit.py:495} INFO - 24/09/03 22:47:16 INFO SparkContext: Invoking stop() from shutdown hook
[2024-09-03 22:47:16,452] {spark_submit.py:495} INFO - 24/09/03 22:47:16 INFO SparkUI: Stopped Spark web UI at http://192.168.2.128:4041
[2024-09-03 22:47:16,469] {spark_submit.py:495} INFO - 24/09/03 22:47:16 INFO MapOutputTrackerMasterEndpoint: MapOutputTrackerMasterEndpoint stopped!
[2024-09-03 22:47:16,479] {spark_submit.py:495} INFO - 24/09/03 22:47:16 INFO MemoryStore: MemoryStore cleared
[2024-09-03 22:47:16,480] {spark_submit.py:495} INFO - 24/09/03 22:47:16 INFO BlockManager: BlockManager stopped
[2024-09-03 22:47:16,487] {spark_submit.py:495} INFO - 24/09/03 22:47:16 INFO BlockManagerMaster: BlockManagerMaster stopped
[2024-09-03 22:47:16,489] {spark_submit.py:495} INFO - 24/09/03 22:47:16 INFO OutputCommitCoordinator$OutputCommitCoordinatorEndpoint: OutputCommitCoordinator stopped!
[2024-09-03 22:47:16,498] {spark_submit.py:495} INFO - 24/09/03 22:47:16 INFO SparkContext: Successfully stopped SparkContext
[2024-09-03 22:47:16,499] {spark_submit.py:495} INFO - 24/09/03 22:47:16 INFO ShutdownHookManager: Shutdown hook called
[2024-09-03 22:47:16,500] {spark_submit.py:495} INFO - 24/09/03 22:47:16 INFO ShutdownHookManager: Deleting directory /tmp/spark-5f75a0ed-1b6a-49fb-b4d2-c7f6695de9da
[2024-09-03 22:47:16,504] {spark_submit.py:495} INFO - 24/09/03 22:47:16 INFO ShutdownHookManager: Deleting directory /tmp/spark-776b0ae0-12ec-4f16-a222-550c6baf7974
[2024-09-03 22:47:16,507] {spark_submit.py:495} INFO - 24/09/03 22:47:16 INFO ShutdownHookManager: Deleting directory /tmp/spark-776b0ae0-12ec-4f16-a222-550c6baf7974/pyspark-460fa395-6d77-4e42-b84e-47bc08aa4117
[2024-09-03 22:47:16,606] {taskinstance.py:1395} INFO - Marking task as SUCCESS. dag_id=Twitter_extractor_DAGs, task_id=SILVER_LAYER_LOAD_L, execution_date=20240815T000000, start_date=20240904T014707, end_date=20240904T014716
[2024-09-03 22:47:16,625] {local_task_job.py:156} INFO - Task exited with return code 0
[2024-09-03 22:47:16,639] {local_task_job.py:273} INFO - 1 downstream tasks scheduled from follow-on schedule check
