[2024-09-03 22:44:24,870] {taskinstance.py:1159} INFO - Dependencies all met for <TaskInstance: Twitter_extractor_DAGs.SILVER_LAYER_LOAD_L scheduled__2024-08-10T00:00:00+00:00 [queued]>
[2024-09-03 22:44:24,876] {taskinstance.py:1159} INFO - Dependencies all met for <TaskInstance: Twitter_extractor_DAGs.SILVER_LAYER_LOAD_L scheduled__2024-08-10T00:00:00+00:00 [queued]>
[2024-09-03 22:44:24,876] {taskinstance.py:1356} INFO - 
--------------------------------------------------------------------------------
[2024-09-03 22:44:24,876] {taskinstance.py:1357} INFO - Starting attempt 1 of 1
[2024-09-03 22:44:24,876] {taskinstance.py:1358} INFO - 
--------------------------------------------------------------------------------
[2024-09-03 22:44:24,885] {taskinstance.py:1377} INFO - Executing <Task(SparkSubmitOperator): SILVER_LAYER_LOAD_L> on 2024-08-10 00:00:00+00:00
[2024-09-03 22:44:24,889] {standard_task_runner.py:52} INFO - Started process 441710 to run task
[2024-09-03 22:44:24,893] {standard_task_runner.py:79} INFO - Running: ['airflow', 'tasks', 'run', 'Twitter_extractor_DAGs', 'SILVER_LAYER_LOAD_L', 'scheduled__2024-08-10T00:00:00+00:00', '--job-id', '92', '--raw', '--subdir', 'DAGS_FOLDER/twitter_dag.py', '--cfg-path', '/tmp/tmph1dqzbrd', '--error-file', '/tmp/tmpecq3ibj4']
[2024-09-03 22:44:24,893] {standard_task_runner.py:80} INFO - Job 92: Subtask SILVER_LAYER_LOAD_L
[2024-09-03 22:44:24,931] {task_command.py:370} INFO - Running <TaskInstance: Twitter_extractor_DAGs.SILVER_LAYER_LOAD_L scheduled__2024-08-10T00:00:00+00:00 [running]> on host kaiwangairflow
[2024-09-03 22:44:24,977] {taskinstance.py:1569} INFO - Exporting the following env vars:
AIRFLOW_CTX_DAG_OWNER=airflow
AIRFLOW_CTX_DAG_ID=Twitter_extractor_DAGs
AIRFLOW_CTX_TASK_ID=SILVER_LAYER_LOAD_L
AIRFLOW_CTX_EXECUTION_DATE=2024-08-10T00:00:00+00:00
AIRFLOW_CTX_TRY_NUMBER=1
AIRFLOW_CTX_DAG_RUN_ID=scheduled__2024-08-10T00:00:00+00:00
[2024-09-03 22:44:24,981] {base.py:68} INFO - Using connection ID 'spark_default' for task execution.
[2024-09-03 22:44:24,982] {spark_submit.py:344} INFO - Spark-Submit cmd: spark-submit --master local --name twitter_transformation --queue root.default src/scripts/load_silver_functions.py --src datalake/bronze/data_engineer/extract_data=2024-08-10T00:00:00.00Z --dest datalake/silver/data_engineer/ --process-data 20240810
[2024-09-03 22:44:26,052] {spark_submit.py:495} INFO - 24/09/03 22:44:26 WARN Utils: Your hostname, kaiwangairflow resolves to a loopback address: 127.0.1.1; using 192.168.2.128 instead (on interface ens33)
[2024-09-03 22:44:26,053] {spark_submit.py:495} INFO - 24/09/03 22:44:26 WARN Utils: Set SPARK_LOCAL_IP if you need to bind to another address
[2024-09-03 22:44:26,385] {spark_submit.py:495} INFO - 24/09/03 22:44:26 WARN NativeCodeLoader: Unable to load native-hadoop library for your platform... using builtin-java classes where applicable
[2024-09-03 22:44:26,888] {spark_submit.py:495} INFO - Using Spark's default log4j profile: org/apache/spark/log4j-defaults.properties
[2024-09-03 22:44:26,901] {spark_submit.py:495} INFO - 24/09/03 22:44:26 INFO SparkContext: Running Spark version 3.1.3
[2024-09-03 22:44:26,947] {spark_submit.py:495} INFO - 24/09/03 22:44:26 INFO ResourceUtils: ==============================================================
[2024-09-03 22:44:26,947] {spark_submit.py:495} INFO - 24/09/03 22:44:26 INFO ResourceUtils: No custom resources configured for spark.driver.
[2024-09-03 22:44:26,948] {spark_submit.py:495} INFO - 24/09/03 22:44:26 INFO ResourceUtils: ==============================================================
[2024-09-03 22:44:26,949] {spark_submit.py:495} INFO - 24/09/03 22:44:26 INFO SparkContext: Submitted application: twitter_transformation
[2024-09-03 22:44:26,970] {spark_submit.py:495} INFO - 24/09/03 22:44:26 INFO ResourceProfile: Default ResourceProfile created, executor resources: Map(cores -> name: cores, amount: 1, script: , vendor: , memory -> name: memory, amount: 1024, script: , vendor: , offHeap -> name: offHeap, amount: 0, script: , vendor: ), task resources: Map(cpus -> name: cpus, amount: 1.0)
[2024-09-03 22:44:26,983] {spark_submit.py:495} INFO - 24/09/03 22:44:26 INFO ResourceProfile: Limiting resource is cpu
[2024-09-03 22:44:26,984] {spark_submit.py:495} INFO - 24/09/03 22:44:26 INFO ResourceProfileManager: Added ResourceProfile id: 0
[2024-09-03 22:44:27,030] {spark_submit.py:495} INFO - 24/09/03 22:44:27 INFO SecurityManager: Changing view acls to: kai
[2024-09-03 22:44:27,031] {spark_submit.py:495} INFO - 24/09/03 22:44:27 INFO SecurityManager: Changing modify acls to: kai
[2024-09-03 22:44:27,031] {spark_submit.py:495} INFO - 24/09/03 22:44:27 INFO SecurityManager: Changing view acls groups to:
[2024-09-03 22:44:27,031] {spark_submit.py:495} INFO - 24/09/03 22:44:27 INFO SecurityManager: Changing modify acls groups to:
[2024-09-03 22:44:27,032] {spark_submit.py:495} INFO - 24/09/03 22:44:27 INFO SecurityManager: SecurityManager: authentication disabled; ui acls disabled; users  with view permissions: Set(kai); groups with view permissions: Set(); users  with modify permissions: Set(kai); groups with modify permissions: Set()
[2024-09-03 22:44:27,195] {spark_submit.py:495} INFO - 24/09/03 22:44:27 INFO Utils: Successfully started service 'sparkDriver' on port 40605.
[2024-09-03 22:44:27,218] {spark_submit.py:495} INFO - 24/09/03 22:44:27 INFO SparkEnv: Registering MapOutputTracker
[2024-09-03 22:44:27,246] {spark_submit.py:495} INFO - 24/09/03 22:44:27 INFO SparkEnv: Registering BlockManagerMaster
[2024-09-03 22:44:27,262] {spark_submit.py:495} INFO - 24/09/03 22:44:27 INFO BlockManagerMasterEndpoint: Using org.apache.spark.storage.DefaultTopologyMapper for getting topology information
[2024-09-03 22:44:27,263] {spark_submit.py:495} INFO - 24/09/03 22:44:27 INFO BlockManagerMasterEndpoint: BlockManagerMasterEndpoint up
[2024-09-03 22:44:27,269] {spark_submit.py:495} INFO - 24/09/03 22:44:27 INFO SparkEnv: Registering BlockManagerMasterHeartbeat
[2024-09-03 22:44:27,280] {spark_submit.py:495} INFO - 24/09/03 22:44:27 INFO DiskBlockManager: Created local directory at /tmp/blockmgr-bfa97542-0c72-438e-869b-c8da9d570123
[2024-09-03 22:44:27,301] {spark_submit.py:495} INFO - 24/09/03 22:44:27 INFO MemoryStore: MemoryStore started with capacity 366.3 MiB
[2024-09-03 22:44:27,318] {spark_submit.py:495} INFO - 24/09/03 22:44:27 INFO SparkEnv: Registering OutputCommitCoordinator
[2024-09-03 22:44:27,518] {spark_submit.py:495} INFO - 24/09/03 22:44:27 WARN Utils: Service 'SparkUI' could not bind on port 4040. Attempting port 4041.
[2024-09-03 22:44:27,528] {spark_submit.py:495} INFO - 24/09/03 22:44:27 INFO Utils: Successfully started service 'SparkUI' on port 4041.
[2024-09-03 22:44:27,579] {spark_submit.py:495} INFO - 24/09/03 22:44:27 INFO SparkUI: Bound SparkUI to 0.0.0.0, and started at http://192.168.2.128:4041
[2024-09-03 22:44:27,769] {spark_submit.py:495} INFO - 24/09/03 22:44:27 INFO Executor: Starting executor ID driver on host 192.168.2.128
[2024-09-03 22:44:27,796] {spark_submit.py:495} INFO - 24/09/03 22:44:27 INFO Utils: Successfully started service 'org.apache.spark.network.netty.NettyBlockTransferService' on port 33443.
[2024-09-03 22:44:27,797] {spark_submit.py:495} INFO - 24/09/03 22:44:27 INFO NettyBlockTransferService: Server created on 192.168.2.128:33443
[2024-09-03 22:44:27,798] {spark_submit.py:495} INFO - 24/09/03 22:44:27 INFO BlockManager: Using org.apache.spark.storage.RandomBlockReplicationPolicy for block replication policy
[2024-09-03 22:44:27,804] {spark_submit.py:495} INFO - 24/09/03 22:44:27 INFO BlockManagerMaster: Registering BlockManager BlockManagerId(driver, 192.168.2.128, 33443, None)
[2024-09-03 22:44:27,810] {spark_submit.py:495} INFO - 24/09/03 22:44:27 INFO BlockManagerMasterEndpoint: Registering block manager 192.168.2.128:33443 with 366.3 MiB RAM, BlockManagerId(driver, 192.168.2.128, 33443, None)
[2024-09-03 22:44:27,813] {spark_submit.py:495} INFO - 24/09/03 22:44:27 INFO BlockManagerMaster: Registered BlockManager BlockManagerId(driver, 192.168.2.128, 33443, None)
[2024-09-03 22:44:27,814] {spark_submit.py:495} INFO - 24/09/03 22:44:27 INFO BlockManager: Initialized BlockManager: BlockManagerId(driver, 192.168.2.128, 33443, None)
[2024-09-03 22:44:28,408] {spark_submit.py:495} INFO - 24/09/03 22:44:28 INFO SharedState: Setting hive.metastore.warehouse.dir ('null') to the value of spark.sql.warehouse.dir ('file:/home/kai/Documents/PROJETOS/twitter_extractor_airflow/spark-warehouse').
[2024-09-03 22:44:28,408] {spark_submit.py:495} INFO - 24/09/03 22:44:28 INFO SharedState: Warehouse path is 'file:/home/kai/Documents/PROJETOS/twitter_extractor_airflow/spark-warehouse'.
[2024-09-03 22:44:29,252] {spark_submit.py:495} INFO - 24/09/03 22:44:29 INFO InMemoryFileIndex: It took 39 ms to list leaf files for 1 paths.
[2024-09-03 22:44:29,314] {spark_submit.py:495} INFO - 24/09/03 22:44:29 INFO InMemoryFileIndex: It took 2 ms to list leaf files for 1 paths.
[2024-09-03 22:44:31,096] {spark_submit.py:495} INFO - 24/09/03 22:44:31 INFO FileSourceStrategy: Pushed Filters:
[2024-09-03 22:44:31,097] {spark_submit.py:495} INFO - 24/09/03 22:44:31 INFO FileSourceStrategy: Post-Scan Filters:
[2024-09-03 22:44:31,103] {spark_submit.py:495} INFO - 24/09/03 22:44:31 INFO FileSourceStrategy: Output Data Schema: struct<value: string>
[2024-09-03 22:44:31,404] {spark_submit.py:495} INFO - 24/09/03 22:44:31 INFO MemoryStore: Block broadcast_0 stored as values in memory (estimated size 303.1 KiB, free 366.0 MiB)
[2024-09-03 22:44:31,445] {spark_submit.py:495} INFO - 24/09/03 22:44:31 INFO MemoryStore: Block broadcast_0_piece0 stored as bytes in memory (estimated size 27.5 KiB, free 366.0 MiB)
[2024-09-03 22:44:31,447] {spark_submit.py:495} INFO - 24/09/03 22:44:31 INFO BlockManagerInfo: Added broadcast_0_piece0 in memory on 192.168.2.128:33443 (size: 27.5 KiB, free: 366.3 MiB)
[2024-09-03 22:44:31,452] {spark_submit.py:495} INFO - 24/09/03 22:44:31 INFO SparkContext: Created broadcast 0 from json at NativeMethodAccessorImpl.java:0
[2024-09-03 22:44:31,462] {spark_submit.py:495} INFO - 24/09/03 22:44:31 INFO FileSourceScanExec: Planning scan with bin packing, max size: 4198900 bytes, open cost is considered as scanning 4194304 bytes.
[2024-09-03 22:44:31,611] {spark_submit.py:495} INFO - 24/09/03 22:44:31 INFO SparkContext: Starting job: json at NativeMethodAccessorImpl.java:0
[2024-09-03 22:44:31,628] {spark_submit.py:495} INFO - 24/09/03 22:44:31 INFO DAGScheduler: Got job 0 (json at NativeMethodAccessorImpl.java:0) with 1 output partitions
[2024-09-03 22:44:31,628] {spark_submit.py:495} INFO - 24/09/03 22:44:31 INFO DAGScheduler: Final stage: ResultStage 0 (json at NativeMethodAccessorImpl.java:0)
[2024-09-03 22:44:31,629] {spark_submit.py:495} INFO - 24/09/03 22:44:31 INFO DAGScheduler: Parents of final stage: List()
[2024-09-03 22:44:31,630] {spark_submit.py:495} INFO - 24/09/03 22:44:31 INFO DAGScheduler: Missing parents: List()
[2024-09-03 22:44:31,636] {spark_submit.py:495} INFO - 24/09/03 22:44:31 INFO DAGScheduler: Submitting ResultStage 0 (MapPartitionsRDD[3] at json at NativeMethodAccessorImpl.java:0), which has no missing parents
[2024-09-03 22:44:31,745] {spark_submit.py:495} INFO - 24/09/03 22:44:31 INFO MemoryStore: Block broadcast_1 stored as values in memory (estimated size 12.1 KiB, free 366.0 MiB)
[2024-09-03 22:44:31,748] {spark_submit.py:495} INFO - 24/09/03 22:44:31 INFO MemoryStore: Block broadcast_1_piece0 stored as bytes in memory (estimated size 6.3 KiB, free 366.0 MiB)
[2024-09-03 22:44:31,749] {spark_submit.py:495} INFO - 24/09/03 22:44:31 INFO BlockManagerInfo: Added broadcast_1_piece0 in memory on 192.168.2.128:33443 (size: 6.3 KiB, free: 366.3 MiB)
[2024-09-03 22:44:31,750] {spark_submit.py:495} INFO - 24/09/03 22:44:31 INFO SparkContext: Created broadcast 1 from broadcast at DAGScheduler.scala:1433
[2024-09-03 22:44:31,761] {spark_submit.py:495} INFO - 24/09/03 22:44:31 INFO DAGScheduler: Submitting 1 missing tasks from ResultStage 0 (MapPartitionsRDD[3] at json at NativeMethodAccessorImpl.java:0) (first 15 tasks are for partitions Vector(0))
[2024-09-03 22:44:31,762] {spark_submit.py:495} INFO - 24/09/03 22:44:31 INFO TaskSchedulerImpl: Adding task set 0.0 with 1 tasks resource profile 0
[2024-09-03 22:44:31,812] {spark_submit.py:495} INFO - 24/09/03 22:44:31 INFO TaskSetManager: Starting task 0.0 in stage 0.0 (TID 0) (192.168.2.128, executor driver, partition 0, PROCESS_LOCAL, 4981 bytes) taskResourceAssignments Map()
[2024-09-03 22:44:31,834] {spark_submit.py:495} INFO - 24/09/03 22:44:31 INFO Executor: Running task 0.0 in stage 0.0 (TID 0)
[2024-09-03 22:44:32,087] {spark_submit.py:495} INFO - 24/09/03 22:44:32 INFO FileScanRDD: Reading File path: file:///home/kai/Documents/PROJETOS/twitter_extractor_airflow/datalake/bronze/data_engineer/extract_data=2024-08-10T00:00:00.00Z/data_engineer_20240810.json, range: 0-4596, partition values: [empty row]
[2024-09-03 22:44:32,347] {spark_submit.py:495} INFO - 24/09/03 22:44:32 INFO CodeGenerator: Code generated in 156.410836 ms
[2024-09-03 22:44:32,397] {spark_submit.py:495} INFO - 24/09/03 22:44:32 INFO Executor: Finished task 0.0 in stage 0.0 (TID 0). 2725 bytes result sent to driver
[2024-09-03 22:44:32,407] {spark_submit.py:495} INFO - 24/09/03 22:44:32 INFO TaskSetManager: Finished task 0.0 in stage 0.0 (TID 0) in 606 ms on 192.168.2.128 (executor driver) (1/1)
[2024-09-03 22:44:32,409] {spark_submit.py:495} INFO - 24/09/03 22:44:32 INFO TaskSchedulerImpl: Removed TaskSet 0.0, whose tasks have all completed, from pool
[2024-09-03 22:44:32,532] {spark_submit.py:495} INFO - 24/09/03 22:44:32 INFO DAGScheduler: ResultStage 0 (json at NativeMethodAccessorImpl.java:0) finished in 0,877 s
[2024-09-03 22:44:32,536] {spark_submit.py:495} INFO - 24/09/03 22:44:32 INFO DAGScheduler: Job 0 is finished. Cancelling potential speculative or zombie tasks for this job
[2024-09-03 22:44:32,536] {spark_submit.py:495} INFO - 24/09/03 22:44:32 INFO TaskSchedulerImpl: Killing all running tasks in stage 0: Stage finished
[2024-09-03 22:44:32,541] {spark_submit.py:495} INFO - 24/09/03 22:44:32 INFO DAGScheduler: Job 0 finished: json at NativeMethodAccessorImpl.java:0, took 0,926904 s
[2024-09-03 22:44:32,941] {spark_submit.py:495} INFO - 24/09/03 22:44:32 INFO FileSourceStrategy: Pushed Filters: IsNotNull(data)
[2024-09-03 22:44:32,943] {spark_submit.py:495} INFO - 24/09/03 22:44:32 INFO FileSourceStrategy: Post-Scan Filters: (size(data#7, true) > 0),isnotnull(data#7)
[2024-09-03 22:44:32,944] {spark_submit.py:495} INFO - 24/09/03 22:44:32 INFO FileSourceStrategy: Output Data Schema: struct<data: array<struct<author_id:string,conversation_id:string,created_at:string,edit_history_tweet_ids:array<bigint>,id:string,in_reply_to_user_id:string,lang:string,public_metrics:struct<like_count:bigint,quote_count:bigint,reply_count:bigint,retweet_count:bigint>,text:string>>>
[2024-09-03 22:44:33,030] {spark_submit.py:495} INFO - 24/09/03 22:44:33 INFO FileOutputCommitter: File Output Committer Algorithm version is 1
[2024-09-03 22:44:33,030] {spark_submit.py:495} INFO - 24/09/03 22:44:33 INFO FileOutputCommitter: FileOutputCommitter skip cleanup _temporary folders under output directory:false, ignore cleanup failures: false
[2024-09-03 22:44:33,034] {spark_submit.py:495} INFO - 24/09/03 22:44:33 INFO SQLHadoopMapReduceCommitProtocol: Using output committer class org.apache.hadoop.mapreduce.lib.output.FileOutputCommitter
[2024-09-03 22:44:33,136] {spark_submit.py:495} INFO - 24/09/03 22:44:33 INFO CodeGenerator: Code generated in 39.99995 ms
[2024-09-03 22:44:33,182] {spark_submit.py:495} INFO - 24/09/03 22:44:33 INFO CodeGenerator: Code generated in 27.736215 ms
[2024-09-03 22:44:33,187] {spark_submit.py:495} INFO - 24/09/03 22:44:33 INFO MemoryStore: Block broadcast_2 stored as values in memory (estimated size 303.0 KiB, free 365.7 MiB)
[2024-09-03 22:44:33,197] {spark_submit.py:495} INFO - 24/09/03 22:44:33 INFO MemoryStore: Block broadcast_2_piece0 stored as bytes in memory (estimated size 27.5 KiB, free 365.6 MiB)
[2024-09-03 22:44:33,198] {spark_submit.py:495} INFO - 24/09/03 22:44:33 INFO BlockManagerInfo: Added broadcast_2_piece0 in memory on 192.168.2.128:33443 (size: 27.5 KiB, free: 366.2 MiB)
[2024-09-03 22:44:33,199] {spark_submit.py:495} INFO - 24/09/03 22:44:33 INFO SparkContext: Created broadcast 2 from json at NativeMethodAccessorImpl.java:0
[2024-09-03 22:44:33,201] {spark_submit.py:495} INFO - 24/09/03 22:44:33 INFO FileSourceScanExec: Planning scan with bin packing, max size: 4198900 bytes, open cost is considered as scanning 4194304 bytes.
[2024-09-03 22:44:33,255] {spark_submit.py:495} INFO - 24/09/03 22:44:33 INFO SparkContext: Starting job: json at NativeMethodAccessorImpl.java:0
[2024-09-03 22:44:33,257] {spark_submit.py:495} INFO - 24/09/03 22:44:33 INFO DAGScheduler: Got job 1 (json at NativeMethodAccessorImpl.java:0) with 1 output partitions
[2024-09-03 22:44:33,260] {spark_submit.py:495} INFO - 24/09/03 22:44:33 INFO DAGScheduler: Final stage: ResultStage 1 (json at NativeMethodAccessorImpl.java:0)
[2024-09-03 22:44:33,260] {spark_submit.py:495} INFO - 24/09/03 22:44:33 INFO DAGScheduler: Parents of final stage: List()
[2024-09-03 22:44:33,261] {spark_submit.py:495} INFO - 24/09/03 22:44:33 INFO DAGScheduler: Missing parents: List()
[2024-09-03 22:44:33,261] {spark_submit.py:495} INFO - 24/09/03 22:44:33 INFO DAGScheduler: Submitting ResultStage 1 (CoalescedRDD[9] at json at NativeMethodAccessorImpl.java:0), which has no missing parents
[2024-09-03 22:44:33,312] {spark_submit.py:495} INFO - 24/09/03 22:44:33 INFO MemoryStore: Block broadcast_3 stored as values in memory (estimated size 190.1 KiB, free 365.5 MiB)
[2024-09-03 22:44:33,315] {spark_submit.py:495} INFO - 24/09/03 22:44:33 INFO MemoryStore: Block broadcast_3_piece0 stored as bytes in memory (estimated size 66.6 KiB, free 365.4 MiB)
[2024-09-03 22:44:33,315] {spark_submit.py:495} INFO - 24/09/03 22:44:33 INFO BlockManagerInfo: Added broadcast_3_piece0 in memory on 192.168.2.128:33443 (size: 66.6 KiB, free: 366.2 MiB)
[2024-09-03 22:44:33,316] {spark_submit.py:495} INFO - 24/09/03 22:44:33 INFO SparkContext: Created broadcast 3 from broadcast at DAGScheduler.scala:1433
[2024-09-03 22:44:33,316] {spark_submit.py:495} INFO - 24/09/03 22:44:33 INFO DAGScheduler: Submitting 1 missing tasks from ResultStage 1 (CoalescedRDD[9] at json at NativeMethodAccessorImpl.java:0) (first 15 tasks are for partitions Vector(0))
[2024-09-03 22:44:33,317] {spark_submit.py:495} INFO - 24/09/03 22:44:33 INFO TaskSchedulerImpl: Adding task set 1.0 with 1 tasks resource profile 0
[2024-09-03 22:44:33,320] {spark_submit.py:495} INFO - 24/09/03 22:44:33 INFO TaskSetManager: Starting task 0.0 in stage 1.0 (TID 1) (192.168.2.128, executor driver, partition 0, PROCESS_LOCAL, 5210 bytes) taskResourceAssignments Map()
[2024-09-03 22:44:33,320] {spark_submit.py:495} INFO - 24/09/03 22:44:33 INFO Executor: Running task 0.0 in stage 1.0 (TID 1)
[2024-09-03 22:44:33,369] {spark_submit.py:495} INFO - 24/09/03 22:44:33 INFO FileOutputCommitter: File Output Committer Algorithm version is 1
[2024-09-03 22:44:33,370] {spark_submit.py:495} INFO - 24/09/03 22:44:33 INFO FileOutputCommitter: FileOutputCommitter skip cleanup _temporary folders under output directory:false, ignore cleanup failures: false
[2024-09-03 22:44:33,370] {spark_submit.py:495} INFO - 24/09/03 22:44:33 INFO SQLHadoopMapReduceCommitProtocol: Using output committer class org.apache.hadoop.mapreduce.lib.output.FileOutputCommitter
[2024-09-03 22:44:33,462] {spark_submit.py:495} INFO - 24/09/03 22:44:33 INFO CodeGenerator: Code generated in 23.115375 ms
[2024-09-03 22:44:33,466] {spark_submit.py:495} INFO - 24/09/03 22:44:33 INFO FileScanRDD: Reading File path: file:///home/kai/Documents/PROJETOS/twitter_extractor_airflow/datalake/bronze/data_engineer/extract_data=2024-08-10T00:00:00.00Z/data_engineer_20240810.json, range: 0-4596, partition values: [empty row]
[2024-09-03 22:44:33,492] {spark_submit.py:495} INFO - 24/09/03 22:44:33 INFO CodeGenerator: Code generated in 22.437948 ms
[2024-09-03 22:44:33,518] {spark_submit.py:495} INFO - 24/09/03 22:44:33 INFO CodeGenerator: Code generated in 6.609252 ms
[2024-09-03 22:44:33,589] {spark_submit.py:495} INFO - 24/09/03 22:44:33 INFO FileOutputCommitter: Saved output of task 'attempt_202409032244332153425988667701804_0001_m_000000_1' to file:/home/kai/Documents/PROJETOS/twitter_extractor_airflow/datalake/silver/data_engineer/twitter_df/process_data=20240810/_temporary/0/task_202409032244332153425988667701804_0001_m_000000
[2024-09-03 22:44:33,592] {spark_submit.py:495} INFO - 24/09/03 22:44:33 INFO SparkHadoopMapRedUtil: attempt_202409032244332153425988667701804_0001_m_000000_1: Committed
[2024-09-03 22:44:33,603] {spark_submit.py:495} INFO - 24/09/03 22:44:33 INFO Executor: Finished task 0.0 in stage 1.0 (TID 1). 2901 bytes result sent to driver
[2024-09-03 22:44:33,607] {spark_submit.py:495} INFO - 24/09/03 22:44:33 INFO TaskSetManager: Finished task 0.0 in stage 1.0 (TID 1) in 288 ms on 192.168.2.128 (executor driver) (1/1)
[2024-09-03 22:44:33,607] {spark_submit.py:495} INFO - 24/09/03 22:44:33 INFO TaskSchedulerImpl: Removed TaskSet 1.0, whose tasks have all completed, from pool
[2024-09-03 22:44:33,609] {spark_submit.py:495} INFO - 24/09/03 22:44:33 INFO DAGScheduler: ResultStage 1 (json at NativeMethodAccessorImpl.java:0) finished in 0,346 s
[2024-09-03 22:44:33,609] {spark_submit.py:495} INFO - 24/09/03 22:44:33 INFO DAGScheduler: Job 1 is finished. Cancelling potential speculative or zombie tasks for this job
[2024-09-03 22:44:33,609] {spark_submit.py:495} INFO - 24/09/03 22:44:33 INFO TaskSchedulerImpl: Killing all running tasks in stage 1: Stage finished
[2024-09-03 22:44:33,611] {spark_submit.py:495} INFO - 24/09/03 22:44:33 INFO DAGScheduler: Job 1 finished: json at NativeMethodAccessorImpl.java:0, took 0,355860 s
[2024-09-03 22:44:33,633] {spark_submit.py:495} INFO - 24/09/03 22:44:33 INFO FileFormatWriter: Write Job 24e184e4-9db7-4838-b8fa-5dc64398f685 committed.
[2024-09-03 22:44:33,642] {spark_submit.py:495} INFO - 24/09/03 22:44:33 INFO FileFormatWriter: Finished processing stats for write job 24e184e4-9db7-4838-b8fa-5dc64398f685.
[2024-09-03 22:44:33,732] {spark_submit.py:495} INFO - 24/09/03 22:44:33 INFO FileSourceStrategy: Pushed Filters:
[2024-09-03 22:44:33,732] {spark_submit.py:495} INFO - 24/09/03 22:44:33 INFO FileSourceStrategy: Post-Scan Filters:
[2024-09-03 22:44:33,733] {spark_submit.py:495} INFO - 24/09/03 22:44:33 INFO FileSourceStrategy: Output Data Schema: struct<includes: struct<users: array<struct<created_at:string,id:string,name:string,username:string>>>>
[2024-09-03 22:44:33,750] {spark_submit.py:495} INFO - 24/09/03 22:44:33 INFO FileOutputCommitter: File Output Committer Algorithm version is 1
[2024-09-03 22:44:33,750] {spark_submit.py:495} INFO - 24/09/03 22:44:33 INFO FileOutputCommitter: FileOutputCommitter skip cleanup _temporary folders under output directory:false, ignore cleanup failures: false
[2024-09-03 22:44:33,750] {spark_submit.py:495} INFO - 24/09/03 22:44:33 INFO SQLHadoopMapReduceCommitProtocol: Using output committer class org.apache.hadoop.mapreduce.lib.output.FileOutputCommitter
[2024-09-03 22:44:33,796] {spark_submit.py:495} INFO - 24/09/03 22:44:33 INFO CodeGenerator: Code generated in 11.382616 ms
[2024-09-03 22:44:33,800] {spark_submit.py:495} INFO - 24/09/03 22:44:33 INFO MemoryStore: Block broadcast_4 stored as values in memory (estimated size 303.0 KiB, free 365.1 MiB)
[2024-09-03 22:44:33,808] {spark_submit.py:495} INFO - 24/09/03 22:44:33 INFO MemoryStore: Block broadcast_4_piece0 stored as bytes in memory (estimated size 27.5 KiB, free 365.1 MiB)
[2024-09-03 22:44:33,809] {spark_submit.py:495} INFO - 24/09/03 22:44:33 INFO BlockManagerInfo: Added broadcast_4_piece0 in memory on 192.168.2.128:33443 (size: 27.5 KiB, free: 366.1 MiB)
[2024-09-03 22:44:33,810] {spark_submit.py:495} INFO - 24/09/03 22:44:33 INFO SparkContext: Created broadcast 4 from json at NativeMethodAccessorImpl.java:0
[2024-09-03 22:44:33,813] {spark_submit.py:495} INFO - 24/09/03 22:44:33 INFO FileSourceScanExec: Planning scan with bin packing, max size: 4198900 bytes, open cost is considered as scanning 4194304 bytes.
[2024-09-03 22:44:33,834] {spark_submit.py:495} INFO - 24/09/03 22:44:33 INFO SparkContext: Starting job: json at NativeMethodAccessorImpl.java:0
[2024-09-03 22:44:33,835] {spark_submit.py:495} INFO - 24/09/03 22:44:33 INFO DAGScheduler: Got job 2 (json at NativeMethodAccessorImpl.java:0) with 1 output partitions
[2024-09-03 22:44:33,836] {spark_submit.py:495} INFO - 24/09/03 22:44:33 INFO DAGScheduler: Final stage: ResultStage 2 (json at NativeMethodAccessorImpl.java:0)
[2024-09-03 22:44:33,836] {spark_submit.py:495} INFO - 24/09/03 22:44:33 INFO DAGScheduler: Parents of final stage: List()
[2024-09-03 22:44:33,836] {spark_submit.py:495} INFO - 24/09/03 22:44:33 INFO DAGScheduler: Missing parents: List()
[2024-09-03 22:44:33,837] {spark_submit.py:495} INFO - 24/09/03 22:44:33 INFO DAGScheduler: Submitting ResultStage 2 (CoalescedRDD[16] at json at NativeMethodAccessorImpl.java:0), which has no missing parents
[2024-09-03 22:44:33,855] {spark_submit.py:495} INFO - 24/09/03 22:44:33 INFO MemoryStore: Block broadcast_5 stored as values in memory (estimated size 178.3 KiB, free 364.9 MiB)
[2024-09-03 22:44:33,858] {spark_submit.py:495} INFO - 24/09/03 22:44:33 INFO MemoryStore: Block broadcast_5_piece0 stored as bytes in memory (estimated size 64.0 KiB, free 364.8 MiB)
[2024-09-03 22:44:33,859] {spark_submit.py:495} INFO - 24/09/03 22:44:33 INFO BlockManagerInfo: Added broadcast_5_piece0 in memory on 192.168.2.128:33443 (size: 64.0 KiB, free: 366.1 MiB)
[2024-09-03 22:44:33,859] {spark_submit.py:495} INFO - 24/09/03 22:44:33 INFO SparkContext: Created broadcast 5 from broadcast at DAGScheduler.scala:1433
[2024-09-03 22:44:33,861] {spark_submit.py:495} INFO - 24/09/03 22:44:33 INFO DAGScheduler: Submitting 1 missing tasks from ResultStage 2 (CoalescedRDD[16] at json at NativeMethodAccessorImpl.java:0) (first 15 tasks are for partitions Vector(0))
[2024-09-03 22:44:33,862] {spark_submit.py:495} INFO - 24/09/03 22:44:33 INFO TaskSchedulerImpl: Adding task set 2.0 with 1 tasks resource profile 0
[2024-09-03 22:44:33,863] {spark_submit.py:495} INFO - 24/09/03 22:44:33 INFO TaskSetManager: Starting task 0.0 in stage 2.0 (TID 2) (192.168.2.128, executor driver, partition 0, PROCESS_LOCAL, 5210 bytes) taskResourceAssignments Map()
[2024-09-03 22:44:33,863] {spark_submit.py:495} INFO - 24/09/03 22:44:33 INFO Executor: Running task 0.0 in stage 2.0 (TID 2)
[2024-09-03 22:44:33,884] {spark_submit.py:495} INFO - 24/09/03 22:44:33 INFO FileOutputCommitter: File Output Committer Algorithm version is 1
[2024-09-03 22:44:33,886] {spark_submit.py:495} INFO - 24/09/03 22:44:33 INFO FileOutputCommitter: FileOutputCommitter skip cleanup _temporary folders under output directory:false, ignore cleanup failures: false
[2024-09-03 22:44:33,887] {spark_submit.py:495} INFO - 24/09/03 22:44:33 INFO SQLHadoopMapReduceCommitProtocol: Using output committer class org.apache.hadoop.mapreduce.lib.output.FileOutputCommitter
[2024-09-03 22:44:33,923] {spark_submit.py:495} INFO - 24/09/03 22:44:33 INFO CodeGenerator: Code generated in 15.448367 ms
[2024-09-03 22:44:33,933] {spark_submit.py:495} INFO - 24/09/03 22:44:33 INFO FileScanRDD: Reading File path: file:///home/kai/Documents/PROJETOS/twitter_extractor_airflow/datalake/bronze/data_engineer/extract_data=2024-08-10T00:00:00.00Z/data_engineer_20240810.json, range: 0-4596, partition values: [empty row]
[2024-09-03 22:44:33,959] {spark_submit.py:495} INFO - 24/09/03 22:44:33 INFO CodeGenerator: Code generated in 22.886808 ms
[2024-09-03 22:44:33,985] {spark_submit.py:495} INFO - 24/09/03 22:44:33 INFO FileOutputCommitter: Saved output of task 'attempt_20240903224433575913483616028912_0002_m_000000_2' to file:/home/kai/Documents/PROJETOS/twitter_extractor_airflow/datalake/silver/data_engineer/user_df/process_data=20240810/_temporary/0/task_20240903224433575913483616028912_0002_m_000000
[2024-09-03 22:44:33,986] {spark_submit.py:495} INFO - 24/09/03 22:44:33 INFO SparkHadoopMapRedUtil: attempt_20240903224433575913483616028912_0002_m_000000_2: Committed
[2024-09-03 22:44:33,989] {spark_submit.py:495} INFO - 24/09/03 22:44:33 INFO Executor: Finished task 0.0 in stage 2.0 (TID 2). 2734 bytes result sent to driver
[2024-09-03 22:44:33,990] {spark_submit.py:495} INFO - 24/09/03 22:44:33 INFO TaskSetManager: Finished task 0.0 in stage 2.0 (TID 2) in 128 ms on 192.168.2.128 (executor driver) (1/1)
[2024-09-03 22:44:33,991] {spark_submit.py:495} INFO - 24/09/03 22:44:33 INFO DAGScheduler: ResultStage 2 (json at NativeMethodAccessorImpl.java:0) finished in 0,153 s
[2024-09-03 22:44:33,993] {spark_submit.py:495} INFO - 24/09/03 22:44:33 INFO DAGScheduler: Job 2 is finished. Cancelling potential speculative or zombie tasks for this job
[2024-09-03 22:44:33,994] {spark_submit.py:495} INFO - 24/09/03 22:44:33 INFO TaskSchedulerImpl: Removed TaskSet 2.0, whose tasks have all completed, from pool
[2024-09-03 22:44:33,994] {spark_submit.py:495} INFO - 24/09/03 22:44:33 INFO TaskSchedulerImpl: Killing all running tasks in stage 2: Stage finished
[2024-09-03 22:44:33,995] {spark_submit.py:495} INFO - 24/09/03 22:44:33 INFO DAGScheduler: Job 2 finished: json at NativeMethodAccessorImpl.java:0, took 0,157668 s
[2024-09-03 22:44:34,015] {spark_submit.py:495} INFO - 24/09/03 22:44:34 INFO FileFormatWriter: Write Job 70134fd0-07a3-4d2a-b4dd-bcd6b56d4390 committed.
[2024-09-03 22:44:34,017] {spark_submit.py:495} INFO - 24/09/03 22:44:34 INFO FileFormatWriter: Finished processing stats for write job 70134fd0-07a3-4d2a-b4dd-bcd6b56d4390.
[2024-09-03 22:44:34,054] {spark_submit.py:495} INFO - 24/09/03 22:44:34 INFO SparkContext: Invoking stop() from shutdown hook
[2024-09-03 22:44:34,065] {spark_submit.py:495} INFO - 24/09/03 22:44:34 INFO SparkUI: Stopped Spark web UI at http://192.168.2.128:4041
[2024-09-03 22:44:34,084] {spark_submit.py:495} INFO - 24/09/03 22:44:34 INFO MapOutputTrackerMasterEndpoint: MapOutputTrackerMasterEndpoint stopped!
[2024-09-03 22:44:34,093] {spark_submit.py:495} INFO - 24/09/03 22:44:34 INFO MemoryStore: MemoryStore cleared
[2024-09-03 22:44:34,094] {spark_submit.py:495} INFO - 24/09/03 22:44:34 INFO BlockManager: BlockManager stopped
[2024-09-03 22:44:34,101] {spark_submit.py:495} INFO - 24/09/03 22:44:34 INFO BlockManagerMaster: BlockManagerMaster stopped
[2024-09-03 22:44:34,103] {spark_submit.py:495} INFO - 24/09/03 22:44:34 INFO OutputCommitCoordinator$OutputCommitCoordinatorEndpoint: OutputCommitCoordinator stopped!
[2024-09-03 22:44:34,108] {spark_submit.py:495} INFO - 24/09/03 22:44:34 INFO SparkContext: Successfully stopped SparkContext
[2024-09-03 22:44:34,109] {spark_submit.py:495} INFO - 24/09/03 22:44:34 INFO ShutdownHookManager: Shutdown hook called
[2024-09-03 22:44:34,109] {spark_submit.py:495} INFO - 24/09/03 22:44:34 INFO ShutdownHookManager: Deleting directory /tmp/spark-f628e2a4-4ed6-434c-8dfd-8f2f6b21f726/pyspark-26e17b93-ff5c-44fe-b072-80171d4ffdbc
[2024-09-03 22:44:34,113] {spark_submit.py:495} INFO - 24/09/03 22:44:34 INFO ShutdownHookManager: Deleting directory /tmp/spark-f628e2a4-4ed6-434c-8dfd-8f2f6b21f726
[2024-09-03 22:44:34,115] {spark_submit.py:495} INFO - 24/09/03 22:44:34 INFO ShutdownHookManager: Deleting directory /tmp/spark-d8f2421e-7a80-41f6-a9b2-c1f82359b099
[2024-09-03 22:44:34,247] {taskinstance.py:1395} INFO - Marking task as SUCCESS. dag_id=Twitter_extractor_DAGs, task_id=SILVER_LAYER_LOAD_L, execution_date=20240810T000000, start_date=20240904T014424, end_date=20240904T014434
[2024-09-03 22:44:34,283] {local_task_job.py:156} INFO - Task exited with return code 0
[2024-09-03 22:44:34,298] {local_task_job.py:273} INFO - 1 downstream tasks scheduled from follow-on schedule check
