[2024-08-18 11:50:17,155] {processor.py:153} INFO - Started process (PID=771224) to work on /home/kai/.local/lib/python3.8/site-packages/airflow/example_dags/plugins/workday.py
[2024-08-18 11:50:17,160] {processor.py:641} INFO - Processing file /home/kai/.local/lib/python3.8/site-packages/airflow/example_dags/plugins/workday.py for tasks to queue
[2024-08-18 11:50:17,161] {logging_mixin.py:115} INFO - [2024-08-18 11:50:17,161] {dagbag.py:507} INFO - Filling up the DagBag from /home/kai/.local/lib/python3.8/site-packages/airflow/example_dags/plugins/workday.py
[2024-08-18 11:50:17,163] {processor.py:653} WARNING - No viable dags retrieved from /home/kai/.local/lib/python3.8/site-packages/airflow/example_dags/plugins/workday.py
[2024-08-18 11:50:17,199] {processor.py:161} INFO - Processing /home/kai/.local/lib/python3.8/site-packages/airflow/example_dags/plugins/workday.py took 0.046 seconds
[2024-08-18 11:50:53,268] {processor.py:153} INFO - Started process (PID=771648) to work on /home/kai/.local/lib/python3.8/site-packages/airflow/example_dags/plugins/workday.py
[2024-08-18 11:50:53,269] {processor.py:641} INFO - Processing file /home/kai/.local/lib/python3.8/site-packages/airflow/example_dags/plugins/workday.py for tasks to queue
[2024-08-18 11:50:53,269] {logging_mixin.py:115} INFO - [2024-08-18 11:50:53,269] {dagbag.py:507} INFO - Filling up the DagBag from /home/kai/.local/lib/python3.8/site-packages/airflow/example_dags/plugins/workday.py
[2024-08-18 11:50:53,271] {processor.py:653} WARNING - No viable dags retrieved from /home/kai/.local/lib/python3.8/site-packages/airflow/example_dags/plugins/workday.py
[2024-08-18 11:50:53,292] {processor.py:161} INFO - Processing /home/kai/.local/lib/python3.8/site-packages/airflow/example_dags/plugins/workday.py took 0.027 seconds
[2024-08-18 11:51:27,571] {processor.py:153} INFO - Started process (PID=772059) to work on /home/kai/.local/lib/python3.8/site-packages/airflow/example_dags/plugins/workday.py
[2024-08-18 11:51:27,572] {processor.py:641} INFO - Processing file /home/kai/.local/lib/python3.8/site-packages/airflow/example_dags/plugins/workday.py for tasks to queue
[2024-08-18 11:51:27,572] {logging_mixin.py:115} INFO - [2024-08-18 11:51:27,572] {dagbag.py:507} INFO - Filling up the DagBag from /home/kai/.local/lib/python3.8/site-packages/airflow/example_dags/plugins/workday.py
[2024-08-18 11:51:27,574] {processor.py:653} WARNING - No viable dags retrieved from /home/kai/.local/lib/python3.8/site-packages/airflow/example_dags/plugins/workday.py
[2024-08-18 11:51:27,592] {processor.py:161} INFO - Processing /home/kai/.local/lib/python3.8/site-packages/airflow/example_dags/plugins/workday.py took 0.025 seconds
[2024-08-18 11:52:08,079] {processor.py:153} INFO - Started process (PID=772847) to work on /home/kai/.local/lib/python3.8/site-packages/airflow/example_dags/plugins/workday.py
[2024-08-18 11:52:08,087] {processor.py:641} INFO - Processing file /home/kai/.local/lib/python3.8/site-packages/airflow/example_dags/plugins/workday.py for tasks to queue
[2024-08-18 11:52:08,088] {logging_mixin.py:115} INFO - [2024-08-18 11:52:08,088] {dagbag.py:507} INFO - Filling up the DagBag from /home/kai/.local/lib/python3.8/site-packages/airflow/example_dags/plugins/workday.py
[2024-08-18 11:52:08,089] {processor.py:653} WARNING - No viable dags retrieved from /home/kai/.local/lib/python3.8/site-packages/airflow/example_dags/plugins/workday.py
[2024-08-18 11:52:08,100] {processor.py:161} INFO - Processing /home/kai/.local/lib/python3.8/site-packages/airflow/example_dags/plugins/workday.py took 0.024 seconds
[2024-08-18 11:52:42,066] {processor.py:153} INFO - Started process (PID=773259) to work on /home/kai/.local/lib/python3.8/site-packages/airflow/example_dags/plugins/workday.py
[2024-08-18 11:52:42,067] {processor.py:641} INFO - Processing file /home/kai/.local/lib/python3.8/site-packages/airflow/example_dags/plugins/workday.py for tasks to queue
[2024-08-18 11:52:42,068] {logging_mixin.py:115} INFO - [2024-08-18 11:52:42,068] {dagbag.py:507} INFO - Filling up the DagBag from /home/kai/.local/lib/python3.8/site-packages/airflow/example_dags/plugins/workday.py
[2024-08-18 11:52:42,070] {processor.py:653} WARNING - No viable dags retrieved from /home/kai/.local/lib/python3.8/site-packages/airflow/example_dags/plugins/workday.py
[2024-08-18 11:52:42,102] {processor.py:161} INFO - Processing /home/kai/.local/lib/python3.8/site-packages/airflow/example_dags/plugins/workday.py took 0.041 seconds
[2024-08-18 11:53:16,590] {processor.py:153} INFO - Started process (PID=773659) to work on /home/kai/.local/lib/python3.8/site-packages/airflow/example_dags/plugins/workday.py
[2024-08-18 11:53:16,590] {processor.py:641} INFO - Processing file /home/kai/.local/lib/python3.8/site-packages/airflow/example_dags/plugins/workday.py for tasks to queue
[2024-08-18 11:53:16,591] {logging_mixin.py:115} INFO - [2024-08-18 11:53:16,591] {dagbag.py:507} INFO - Filling up the DagBag from /home/kai/.local/lib/python3.8/site-packages/airflow/example_dags/plugins/workday.py
[2024-08-18 11:53:16,593] {processor.py:653} WARNING - No viable dags retrieved from /home/kai/.local/lib/python3.8/site-packages/airflow/example_dags/plugins/workday.py
[2024-08-18 11:53:16,620] {processor.py:161} INFO - Processing /home/kai/.local/lib/python3.8/site-packages/airflow/example_dags/plugins/workday.py took 0.033 seconds
[2024-08-18 11:53:53,635] {processor.py:153} INFO - Started process (PID=774099) to work on /home/kai/.local/lib/python3.8/site-packages/airflow/example_dags/plugins/workday.py
[2024-08-18 11:53:53,635] {processor.py:641} INFO - Processing file /home/kai/.local/lib/python3.8/site-packages/airflow/example_dags/plugins/workday.py for tasks to queue
[2024-08-18 11:53:53,636] {logging_mixin.py:115} INFO - [2024-08-18 11:53:53,636] {dagbag.py:507} INFO - Filling up the DagBag from /home/kai/.local/lib/python3.8/site-packages/airflow/example_dags/plugins/workday.py
[2024-08-18 11:53:53,638] {processor.py:653} WARNING - No viable dags retrieved from /home/kai/.local/lib/python3.8/site-packages/airflow/example_dags/plugins/workday.py
[2024-08-18 11:53:53,663] {processor.py:161} INFO - Processing /home/kai/.local/lib/python3.8/site-packages/airflow/example_dags/plugins/workday.py took 0.031 seconds
[2024-08-18 11:54:27,961] {processor.py:153} INFO - Started process (PID=774501) to work on /home/kai/.local/lib/python3.8/site-packages/airflow/example_dags/plugins/workday.py
[2024-08-18 11:54:27,967] {processor.py:641} INFO - Processing file /home/kai/.local/lib/python3.8/site-packages/airflow/example_dags/plugins/workday.py for tasks to queue
[2024-08-18 11:54:27,969] {logging_mixin.py:115} INFO - [2024-08-18 11:54:27,968] {dagbag.py:507} INFO - Filling up the DagBag from /home/kai/.local/lib/python3.8/site-packages/airflow/example_dags/plugins/workday.py
[2024-08-18 11:54:27,971] {processor.py:653} WARNING - No viable dags retrieved from /home/kai/.local/lib/python3.8/site-packages/airflow/example_dags/plugins/workday.py
[2024-08-18 11:54:27,985] {processor.py:161} INFO - Processing /home/kai/.local/lib/python3.8/site-packages/airflow/example_dags/plugins/workday.py took 0.027 seconds
[2024-08-18 11:55:03,812] {processor.py:153} INFO - Started process (PID=774949) to work on /home/kai/.local/lib/python3.8/site-packages/airflow/example_dags/plugins/workday.py
[2024-08-18 11:55:03,818] {processor.py:641} INFO - Processing file /home/kai/.local/lib/python3.8/site-packages/airflow/example_dags/plugins/workday.py for tasks to queue
[2024-08-18 11:55:03,819] {logging_mixin.py:115} INFO - [2024-08-18 11:55:03,819] {dagbag.py:507} INFO - Filling up the DagBag from /home/kai/.local/lib/python3.8/site-packages/airflow/example_dags/plugins/workday.py
[2024-08-18 11:55:03,821] {processor.py:653} WARNING - No viable dags retrieved from /home/kai/.local/lib/python3.8/site-packages/airflow/example_dags/plugins/workday.py
[2024-08-18 11:55:03,833] {processor.py:161} INFO - Processing /home/kai/.local/lib/python3.8/site-packages/airflow/example_dags/plugins/workday.py took 0.024 seconds
[2024-08-18 11:55:40,060] {processor.py:153} INFO - Started process (PID=775354) to work on /home/kai/.local/lib/python3.8/site-packages/airflow/example_dags/plugins/workday.py
[2024-08-18 11:55:40,065] {processor.py:641} INFO - Processing file /home/kai/.local/lib/python3.8/site-packages/airflow/example_dags/plugins/workday.py for tasks to queue
[2024-08-18 11:55:40,066] {logging_mixin.py:115} INFO - [2024-08-18 11:55:40,066] {dagbag.py:507} INFO - Filling up the DagBag from /home/kai/.local/lib/python3.8/site-packages/airflow/example_dags/plugins/workday.py
[2024-08-18 11:55:40,068] {processor.py:653} WARNING - No viable dags retrieved from /home/kai/.local/lib/python3.8/site-packages/airflow/example_dags/plugins/workday.py
[2024-08-18 11:55:40,082] {processor.py:161} INFO - Processing /home/kai/.local/lib/python3.8/site-packages/airflow/example_dags/plugins/workday.py took 0.026 seconds
[2024-08-18 11:56:19,099] {processor.py:153} INFO - Started process (PID=775829) to work on /home/kai/.local/lib/python3.8/site-packages/airflow/example_dags/plugins/workday.py
[2024-08-18 11:56:19,100] {processor.py:641} INFO - Processing file /home/kai/.local/lib/python3.8/site-packages/airflow/example_dags/plugins/workday.py for tasks to queue
[2024-08-18 11:56:19,100] {logging_mixin.py:115} INFO - [2024-08-18 11:56:19,100] {dagbag.py:507} INFO - Filling up the DagBag from /home/kai/.local/lib/python3.8/site-packages/airflow/example_dags/plugins/workday.py
[2024-08-18 11:56:19,103] {processor.py:653} WARNING - No viable dags retrieved from /home/kai/.local/lib/python3.8/site-packages/airflow/example_dags/plugins/workday.py
[2024-08-18 11:56:19,139] {processor.py:161} INFO - Processing /home/kai/.local/lib/python3.8/site-packages/airflow/example_dags/plugins/workday.py took 0.043 seconds
[2024-08-18 11:56:53,658] {processor.py:153} INFO - Started process (PID=776209) to work on /home/kai/.local/lib/python3.8/site-packages/airflow/example_dags/plugins/workday.py
[2024-08-18 11:56:53,659] {processor.py:641} INFO - Processing file /home/kai/.local/lib/python3.8/site-packages/airflow/example_dags/plugins/workday.py for tasks to queue
[2024-08-18 11:56:53,660] {logging_mixin.py:115} INFO - [2024-08-18 11:56:53,659] {dagbag.py:507} INFO - Filling up the DagBag from /home/kai/.local/lib/python3.8/site-packages/airflow/example_dags/plugins/workday.py
[2024-08-18 11:56:53,661] {processor.py:653} WARNING - No viable dags retrieved from /home/kai/.local/lib/python3.8/site-packages/airflow/example_dags/plugins/workday.py
[2024-08-18 11:56:53,680] {processor.py:161} INFO - Processing /home/kai/.local/lib/python3.8/site-packages/airflow/example_dags/plugins/workday.py took 0.030 seconds
[2024-08-18 11:57:31,650] {processor.py:153} INFO - Started process (PID=776635) to work on /home/kai/.local/lib/python3.8/site-packages/airflow/example_dags/plugins/workday.py
[2024-08-18 11:57:31,655] {processor.py:641} INFO - Processing file /home/kai/.local/lib/python3.8/site-packages/airflow/example_dags/plugins/workday.py for tasks to queue
[2024-08-18 11:57:31,656] {logging_mixin.py:115} INFO - [2024-08-18 11:57:31,656] {dagbag.py:507} INFO - Filling up the DagBag from /home/kai/.local/lib/python3.8/site-packages/airflow/example_dags/plugins/workday.py
[2024-08-18 11:57:31,658] {processor.py:653} WARNING - No viable dags retrieved from /home/kai/.local/lib/python3.8/site-packages/airflow/example_dags/plugins/workday.py
[2024-08-18 11:57:31,681] {processor.py:161} INFO - Processing /home/kai/.local/lib/python3.8/site-packages/airflow/example_dags/plugins/workday.py took 0.036 seconds
[2024-08-18 11:58:13,978] {processor.py:153} INFO - Started process (PID=777099) to work on /home/kai/.local/lib/python3.8/site-packages/airflow/example_dags/plugins/workday.py
[2024-08-18 11:58:13,979] {processor.py:641} INFO - Processing file /home/kai/.local/lib/python3.8/site-packages/airflow/example_dags/plugins/workday.py for tasks to queue
[2024-08-18 11:58:13,980] {logging_mixin.py:115} INFO - [2024-08-18 11:58:13,980] {dagbag.py:507} INFO - Filling up the DagBag from /home/kai/.local/lib/python3.8/site-packages/airflow/example_dags/plugins/workday.py
[2024-08-18 11:58:13,982] {processor.py:653} WARNING - No viable dags retrieved from /home/kai/.local/lib/python3.8/site-packages/airflow/example_dags/plugins/workday.py
[2024-08-18 11:58:13,994] {processor.py:161} INFO - Processing /home/kai/.local/lib/python3.8/site-packages/airflow/example_dags/plugins/workday.py took 0.018 seconds
[2024-08-18 11:58:51,669] {processor.py:153} INFO - Started process (PID=777546) to work on /home/kai/.local/lib/python3.8/site-packages/airflow/example_dags/plugins/workday.py
[2024-08-18 11:58:51,670] {processor.py:641} INFO - Processing file /home/kai/.local/lib/python3.8/site-packages/airflow/example_dags/plugins/workday.py for tasks to queue
[2024-08-18 11:58:51,671] {logging_mixin.py:115} INFO - [2024-08-18 11:58:51,670] {dagbag.py:507} INFO - Filling up the DagBag from /home/kai/.local/lib/python3.8/site-packages/airflow/example_dags/plugins/workday.py
[2024-08-18 11:58:51,673] {processor.py:653} WARNING - No viable dags retrieved from /home/kai/.local/lib/python3.8/site-packages/airflow/example_dags/plugins/workday.py
[2024-08-18 11:58:51,713] {processor.py:161} INFO - Processing /home/kai/.local/lib/python3.8/site-packages/airflow/example_dags/plugins/workday.py took 0.054 seconds
[2024-08-18 11:59:30,252] {processor.py:153} INFO - Started process (PID=777966) to work on /home/kai/.local/lib/python3.8/site-packages/airflow/example_dags/plugins/workday.py
[2024-08-18 11:59:30,262] {processor.py:641} INFO - Processing file /home/kai/.local/lib/python3.8/site-packages/airflow/example_dags/plugins/workday.py for tasks to queue
[2024-08-18 11:59:30,263] {logging_mixin.py:115} INFO - [2024-08-18 11:59:30,263] {dagbag.py:507} INFO - Filling up the DagBag from /home/kai/.local/lib/python3.8/site-packages/airflow/example_dags/plugins/workday.py
[2024-08-18 11:59:30,266] {processor.py:653} WARNING - No viable dags retrieved from /home/kai/.local/lib/python3.8/site-packages/airflow/example_dags/plugins/workday.py
[2024-08-18 11:59:30,300] {processor.py:161} INFO - Processing /home/kai/.local/lib/python3.8/site-packages/airflow/example_dags/plugins/workday.py took 0.060 seconds
[2024-08-18 12:03:23,192] {processor.py:153} INFO - Started process (PID=4482) to work on /home/kai/.local/lib/python3.8/site-packages/airflow/example_dags/plugins/workday.py
[2024-08-18 12:03:23,193] {processor.py:641} INFO - Processing file /home/kai/.local/lib/python3.8/site-packages/airflow/example_dags/plugins/workday.py for tasks to queue
[2024-08-18 12:03:23,194] {logging_mixin.py:115} INFO - [2024-08-18 12:03:23,194] {dagbag.py:507} INFO - Filling up the DagBag from /home/kai/.local/lib/python3.8/site-packages/airflow/example_dags/plugins/workday.py
[2024-08-18 12:03:23,196] {processor.py:653} WARNING - No viable dags retrieved from /home/kai/.local/lib/python3.8/site-packages/airflow/example_dags/plugins/workday.py
[2024-08-18 12:03:23,207] {processor.py:161} INFO - Processing /home/kai/.local/lib/python3.8/site-packages/airflow/example_dags/plugins/workday.py took 0.017 seconds
[2024-08-18 12:03:55,298] {processor.py:153} INFO - Started process (PID=4853) to work on /home/kai/.local/lib/python3.8/site-packages/airflow/example_dags/plugins/workday.py
[2024-08-18 12:03:55,299] {processor.py:641} INFO - Processing file /home/kai/.local/lib/python3.8/site-packages/airflow/example_dags/plugins/workday.py for tasks to queue
[2024-08-18 12:03:55,300] {logging_mixin.py:115} INFO - [2024-08-18 12:03:55,300] {dagbag.py:507} INFO - Filling up the DagBag from /home/kai/.local/lib/python3.8/site-packages/airflow/example_dags/plugins/workday.py
[2024-08-18 12:03:55,302] {processor.py:653} WARNING - No viable dags retrieved from /home/kai/.local/lib/python3.8/site-packages/airflow/example_dags/plugins/workday.py
[2024-08-18 12:03:55,311] {processor.py:161} INFO - Processing /home/kai/.local/lib/python3.8/site-packages/airflow/example_dags/plugins/workday.py took 0.016 seconds
[2024-08-18 12:04:29,478] {processor.py:153} INFO - Started process (PID=5029) to work on /home/kai/.local/lib/python3.8/site-packages/airflow/example_dags/plugins/workday.py
[2024-08-18 12:04:29,479] {processor.py:641} INFO - Processing file /home/kai/.local/lib/python3.8/site-packages/airflow/example_dags/plugins/workday.py for tasks to queue
[2024-08-18 12:04:29,480] {logging_mixin.py:115} INFO - [2024-08-18 12:04:29,480] {dagbag.py:507} INFO - Filling up the DagBag from /home/kai/.local/lib/python3.8/site-packages/airflow/example_dags/plugins/workday.py
[2024-08-18 12:04:29,482] {processor.py:653} WARNING - No viable dags retrieved from /home/kai/.local/lib/python3.8/site-packages/airflow/example_dags/plugins/workday.py
[2024-08-18 12:04:29,492] {processor.py:161} INFO - Processing /home/kai/.local/lib/python3.8/site-packages/airflow/example_dags/plugins/workday.py took 0.017 seconds
[2024-08-18 12:05:02,343] {processor.py:153} INFO - Started process (PID=5194) to work on /home/kai/.local/lib/python3.8/site-packages/airflow/example_dags/plugins/workday.py
[2024-08-18 12:05:02,344] {processor.py:641} INFO - Processing file /home/kai/.local/lib/python3.8/site-packages/airflow/example_dags/plugins/workday.py for tasks to queue
[2024-08-18 12:05:02,345] {logging_mixin.py:115} INFO - [2024-08-18 12:05:02,345] {dagbag.py:507} INFO - Filling up the DagBag from /home/kai/.local/lib/python3.8/site-packages/airflow/example_dags/plugins/workday.py
[2024-08-18 12:05:02,348] {processor.py:653} WARNING - No viable dags retrieved from /home/kai/.local/lib/python3.8/site-packages/airflow/example_dags/plugins/workday.py
[2024-08-18 12:05:02,358] {processor.py:161} INFO - Processing /home/kai/.local/lib/python3.8/site-packages/airflow/example_dags/plugins/workday.py took 0.018 seconds
[2024-08-18 12:05:33,976] {processor.py:153} INFO - Started process (PID=5365) to work on /home/kai/.local/lib/python3.8/site-packages/airflow/example_dags/plugins/workday.py
[2024-08-18 12:05:33,977] {processor.py:641} INFO - Processing file /home/kai/.local/lib/python3.8/site-packages/airflow/example_dags/plugins/workday.py for tasks to queue
[2024-08-18 12:05:33,978] {logging_mixin.py:115} INFO - [2024-08-18 12:05:33,978] {dagbag.py:507} INFO - Filling up the DagBag from /home/kai/.local/lib/python3.8/site-packages/airflow/example_dags/plugins/workday.py
[2024-08-18 12:05:33,980] {processor.py:653} WARNING - No viable dags retrieved from /home/kai/.local/lib/python3.8/site-packages/airflow/example_dags/plugins/workday.py
[2024-08-18 12:05:33,991] {processor.py:161} INFO - Processing /home/kai/.local/lib/python3.8/site-packages/airflow/example_dags/plugins/workday.py took 0.018 seconds
[2024-08-18 12:06:08,227] {processor.py:153} INFO - Started process (PID=5543) to work on /home/kai/.local/lib/python3.8/site-packages/airflow/example_dags/plugins/workday.py
[2024-08-18 12:06:08,228] {processor.py:641} INFO - Processing file /home/kai/.local/lib/python3.8/site-packages/airflow/example_dags/plugins/workday.py for tasks to queue
[2024-08-18 12:06:08,229] {logging_mixin.py:115} INFO - [2024-08-18 12:06:08,228] {dagbag.py:507} INFO - Filling up the DagBag from /home/kai/.local/lib/python3.8/site-packages/airflow/example_dags/plugins/workday.py
[2024-08-18 12:06:08,230] {processor.py:653} WARNING - No viable dags retrieved from /home/kai/.local/lib/python3.8/site-packages/airflow/example_dags/plugins/workday.py
[2024-08-18 12:06:08,241] {processor.py:161} INFO - Processing /home/kai/.local/lib/python3.8/site-packages/airflow/example_dags/plugins/workday.py took 0.017 seconds
[2024-08-18 12:06:40,781] {processor.py:153} INFO - Started process (PID=5717) to work on /home/kai/.local/lib/python3.8/site-packages/airflow/example_dags/plugins/workday.py
[2024-08-18 12:06:40,781] {processor.py:641} INFO - Processing file /home/kai/.local/lib/python3.8/site-packages/airflow/example_dags/plugins/workday.py for tasks to queue
[2024-08-18 12:06:40,782] {logging_mixin.py:115} INFO - [2024-08-18 12:06:40,782] {dagbag.py:507} INFO - Filling up the DagBag from /home/kai/.local/lib/python3.8/site-packages/airflow/example_dags/plugins/workday.py
[2024-08-18 12:06:40,784] {processor.py:653} WARNING - No viable dags retrieved from /home/kai/.local/lib/python3.8/site-packages/airflow/example_dags/plugins/workday.py
[2024-08-18 12:06:40,795] {processor.py:161} INFO - Processing /home/kai/.local/lib/python3.8/site-packages/airflow/example_dags/plugins/workday.py took 0.017 seconds
[2024-08-18 12:07:14,119] {processor.py:153} INFO - Started process (PID=5891) to work on /home/kai/.local/lib/python3.8/site-packages/airflow/example_dags/plugins/workday.py
[2024-08-18 12:07:14,120] {processor.py:641} INFO - Processing file /home/kai/.local/lib/python3.8/site-packages/airflow/example_dags/plugins/workday.py for tasks to queue
[2024-08-18 12:07:14,121] {logging_mixin.py:115} INFO - [2024-08-18 12:07:14,121] {dagbag.py:507} INFO - Filling up the DagBag from /home/kai/.local/lib/python3.8/site-packages/airflow/example_dags/plugins/workday.py
[2024-08-18 12:07:14,123] {processor.py:653} WARNING - No viable dags retrieved from /home/kai/.local/lib/python3.8/site-packages/airflow/example_dags/plugins/workday.py
[2024-08-18 12:07:14,132] {processor.py:161} INFO - Processing /home/kai/.local/lib/python3.8/site-packages/airflow/example_dags/plugins/workday.py took 0.015 seconds
[2024-08-18 12:07:47,631] {processor.py:153} INFO - Started process (PID=6057) to work on /home/kai/.local/lib/python3.8/site-packages/airflow/example_dags/plugins/workday.py
[2024-08-18 12:07:47,631] {processor.py:641} INFO - Processing file /home/kai/.local/lib/python3.8/site-packages/airflow/example_dags/plugins/workday.py for tasks to queue
[2024-08-18 12:07:47,632] {logging_mixin.py:115} INFO - [2024-08-18 12:07:47,632] {dagbag.py:507} INFO - Filling up the DagBag from /home/kai/.local/lib/python3.8/site-packages/airflow/example_dags/plugins/workday.py
[2024-08-18 12:07:47,634] {processor.py:653} WARNING - No viable dags retrieved from /home/kai/.local/lib/python3.8/site-packages/airflow/example_dags/plugins/workday.py
[2024-08-18 12:07:47,645] {processor.py:161} INFO - Processing /home/kai/.local/lib/python3.8/site-packages/airflow/example_dags/plugins/workday.py took 0.017 seconds
[2024-08-18 12:08:20,730] {processor.py:153} INFO - Started process (PID=6284) to work on /home/kai/.local/lib/python3.8/site-packages/airflow/example_dags/plugins/workday.py
[2024-08-18 12:08:20,731] {processor.py:641} INFO - Processing file /home/kai/.local/lib/python3.8/site-packages/airflow/example_dags/plugins/workday.py for tasks to queue
[2024-08-18 12:08:20,732] {logging_mixin.py:115} INFO - [2024-08-18 12:08:20,732] {dagbag.py:507} INFO - Filling up the DagBag from /home/kai/.local/lib/python3.8/site-packages/airflow/example_dags/plugins/workday.py
[2024-08-18 12:08:20,735] {processor.py:653} WARNING - No viable dags retrieved from /home/kai/.local/lib/python3.8/site-packages/airflow/example_dags/plugins/workday.py
[2024-08-18 12:08:20,747] {processor.py:161} INFO - Processing /home/kai/.local/lib/python3.8/site-packages/airflow/example_dags/plugins/workday.py took 0.023 seconds
[2024-08-18 12:08:53,292] {processor.py:153} INFO - Started process (PID=6442) to work on /home/kai/.local/lib/python3.8/site-packages/airflow/example_dags/plugins/workday.py
[2024-08-18 12:08:53,292] {processor.py:641} INFO - Processing file /home/kai/.local/lib/python3.8/site-packages/airflow/example_dags/plugins/workday.py for tasks to queue
[2024-08-18 12:08:53,293] {logging_mixin.py:115} INFO - [2024-08-18 12:08:53,293] {dagbag.py:507} INFO - Filling up the DagBag from /home/kai/.local/lib/python3.8/site-packages/airflow/example_dags/plugins/workday.py
[2024-08-18 12:08:53,294] {processor.py:653} WARNING - No viable dags retrieved from /home/kai/.local/lib/python3.8/site-packages/airflow/example_dags/plugins/workday.py
[2024-08-18 12:08:53,304] {processor.py:161} INFO - Processing /home/kai/.local/lib/python3.8/site-packages/airflow/example_dags/plugins/workday.py took 0.015 seconds
[2024-08-18 12:09:26,935] {processor.py:153} INFO - Started process (PID=6618) to work on /home/kai/.local/lib/python3.8/site-packages/airflow/example_dags/plugins/workday.py
[2024-08-18 12:09:26,936] {processor.py:641} INFO - Processing file /home/kai/.local/lib/python3.8/site-packages/airflow/example_dags/plugins/workday.py for tasks to queue
[2024-08-18 12:09:26,937] {logging_mixin.py:115} INFO - [2024-08-18 12:09:26,937] {dagbag.py:507} INFO - Filling up the DagBag from /home/kai/.local/lib/python3.8/site-packages/airflow/example_dags/plugins/workday.py
[2024-08-18 12:09:26,940] {processor.py:653} WARNING - No viable dags retrieved from /home/kai/.local/lib/python3.8/site-packages/airflow/example_dags/plugins/workday.py
[2024-08-18 12:09:26,956] {processor.py:161} INFO - Processing /home/kai/.local/lib/python3.8/site-packages/airflow/example_dags/plugins/workday.py took 0.023 seconds
[2024-08-18 12:09:58,659] {processor.py:153} INFO - Started process (PID=6776) to work on /home/kai/.local/lib/python3.8/site-packages/airflow/example_dags/plugins/workday.py
[2024-08-18 12:09:58,659] {processor.py:641} INFO - Processing file /home/kai/.local/lib/python3.8/site-packages/airflow/example_dags/plugins/workday.py for tasks to queue
[2024-08-18 12:09:58,660] {logging_mixin.py:115} INFO - [2024-08-18 12:09:58,660] {dagbag.py:507} INFO - Filling up the DagBag from /home/kai/.local/lib/python3.8/site-packages/airflow/example_dags/plugins/workday.py
[2024-08-18 12:09:58,662] {processor.py:653} WARNING - No viable dags retrieved from /home/kai/.local/lib/python3.8/site-packages/airflow/example_dags/plugins/workday.py
[2024-08-18 12:09:58,673] {processor.py:161} INFO - Processing /home/kai/.local/lib/python3.8/site-packages/airflow/example_dags/plugins/workday.py took 0.018 seconds
[2024-08-18 12:10:32,053] {processor.py:153} INFO - Started process (PID=6950) to work on /home/kai/.local/lib/python3.8/site-packages/airflow/example_dags/plugins/workday.py
[2024-08-18 12:10:32,054] {processor.py:641} INFO - Processing file /home/kai/.local/lib/python3.8/site-packages/airflow/example_dags/plugins/workday.py for tasks to queue
[2024-08-18 12:10:32,056] {logging_mixin.py:115} INFO - [2024-08-18 12:10:32,056] {dagbag.py:507} INFO - Filling up the DagBag from /home/kai/.local/lib/python3.8/site-packages/airflow/example_dags/plugins/workday.py
[2024-08-18 12:10:32,058] {processor.py:653} WARNING - No viable dags retrieved from /home/kai/.local/lib/python3.8/site-packages/airflow/example_dags/plugins/workday.py
[2024-08-18 12:10:32,067] {processor.py:161} INFO - Processing /home/kai/.local/lib/python3.8/site-packages/airflow/example_dags/plugins/workday.py took 0.016 seconds
[2024-08-18 12:11:05,085] {processor.py:153} INFO - Started process (PID=7112) to work on /home/kai/.local/lib/python3.8/site-packages/airflow/example_dags/plugins/workday.py
[2024-08-18 12:11:05,086] {processor.py:641} INFO - Processing file /home/kai/.local/lib/python3.8/site-packages/airflow/example_dags/plugins/workday.py for tasks to queue
[2024-08-18 12:11:05,086] {logging_mixin.py:115} INFO - [2024-08-18 12:11:05,086] {dagbag.py:507} INFO - Filling up the DagBag from /home/kai/.local/lib/python3.8/site-packages/airflow/example_dags/plugins/workday.py
[2024-08-18 12:11:05,090] {processor.py:653} WARNING - No viable dags retrieved from /home/kai/.local/lib/python3.8/site-packages/airflow/example_dags/plugins/workday.py
[2024-08-18 12:11:05,104] {processor.py:161} INFO - Processing /home/kai/.local/lib/python3.8/site-packages/airflow/example_dags/plugins/workday.py took 0.022 seconds
[2024-08-18 12:11:37,776] {processor.py:153} INFO - Started process (PID=7281) to work on /home/kai/.local/lib/python3.8/site-packages/airflow/example_dags/plugins/workday.py
[2024-08-18 12:11:37,777] {processor.py:641} INFO - Processing file /home/kai/.local/lib/python3.8/site-packages/airflow/example_dags/plugins/workday.py for tasks to queue
[2024-08-18 12:11:37,777] {logging_mixin.py:115} INFO - [2024-08-18 12:11:37,777] {dagbag.py:507} INFO - Filling up the DagBag from /home/kai/.local/lib/python3.8/site-packages/airflow/example_dags/plugins/workday.py
[2024-08-18 12:11:37,779] {processor.py:653} WARNING - No viable dags retrieved from /home/kai/.local/lib/python3.8/site-packages/airflow/example_dags/plugins/workday.py
[2024-08-18 12:11:37,790] {processor.py:161} INFO - Processing /home/kai/.local/lib/python3.8/site-packages/airflow/example_dags/plugins/workday.py took 0.017 seconds
[2024-08-18 12:12:16,659] {processor.py:153} INFO - Started process (PID=7466) to work on /home/kai/.local/lib/python3.8/site-packages/airflow/example_dags/plugins/workday.py
[2024-08-18 12:12:16,660] {processor.py:641} INFO - Processing file /home/kai/.local/lib/python3.8/site-packages/airflow/example_dags/plugins/workday.py for tasks to queue
[2024-08-18 12:12:16,660] {logging_mixin.py:115} INFO - [2024-08-18 12:12:16,660] {dagbag.py:507} INFO - Filling up the DagBag from /home/kai/.local/lib/python3.8/site-packages/airflow/example_dags/plugins/workday.py
[2024-08-18 12:12:16,663] {processor.py:653} WARNING - No viable dags retrieved from /home/kai/.local/lib/python3.8/site-packages/airflow/example_dags/plugins/workday.py
[2024-08-18 12:12:16,676] {processor.py:161} INFO - Processing /home/kai/.local/lib/python3.8/site-packages/airflow/example_dags/plugins/workday.py took 0.023 seconds
[2024-08-18 12:12:48,579] {processor.py:153} INFO - Started process (PID=7622) to work on /home/kai/.local/lib/python3.8/site-packages/airflow/example_dags/plugins/workday.py
[2024-08-18 12:12:48,580] {processor.py:641} INFO - Processing file /home/kai/.local/lib/python3.8/site-packages/airflow/example_dags/plugins/workday.py for tasks to queue
[2024-08-18 12:12:48,581] {logging_mixin.py:115} INFO - [2024-08-18 12:12:48,581] {dagbag.py:507} INFO - Filling up the DagBag from /home/kai/.local/lib/python3.8/site-packages/airflow/example_dags/plugins/workday.py
[2024-08-18 12:12:48,583] {processor.py:653} WARNING - No viable dags retrieved from /home/kai/.local/lib/python3.8/site-packages/airflow/example_dags/plugins/workday.py
[2024-08-18 12:12:48,595] {processor.py:161} INFO - Processing /home/kai/.local/lib/python3.8/site-packages/airflow/example_dags/plugins/workday.py took 0.019 seconds
[2024-08-18 12:13:21,161] {processor.py:153} INFO - Started process (PID=7843) to work on /home/kai/.local/lib/python3.8/site-packages/airflow/example_dags/plugins/workday.py
[2024-08-18 12:13:21,162] {processor.py:641} INFO - Processing file /home/kai/.local/lib/python3.8/site-packages/airflow/example_dags/plugins/workday.py for tasks to queue
[2024-08-18 12:13:21,162] {logging_mixin.py:115} INFO - [2024-08-18 12:13:21,162] {dagbag.py:507} INFO - Filling up the DagBag from /home/kai/.local/lib/python3.8/site-packages/airflow/example_dags/plugins/workday.py
[2024-08-18 12:13:21,164] {processor.py:653} WARNING - No viable dags retrieved from /home/kai/.local/lib/python3.8/site-packages/airflow/example_dags/plugins/workday.py
[2024-08-18 12:13:21,175] {processor.py:161} INFO - Processing /home/kai/.local/lib/python3.8/site-packages/airflow/example_dags/plugins/workday.py took 0.017 seconds
[2024-08-18 12:13:54,400] {processor.py:153} INFO - Started process (PID=8006) to work on /home/kai/.local/lib/python3.8/site-packages/airflow/example_dags/plugins/workday.py
[2024-08-18 12:13:54,400] {processor.py:641} INFO - Processing file /home/kai/.local/lib/python3.8/site-packages/airflow/example_dags/plugins/workday.py for tasks to queue
[2024-08-18 12:13:54,401] {logging_mixin.py:115} INFO - [2024-08-18 12:13:54,401] {dagbag.py:507} INFO - Filling up the DagBag from /home/kai/.local/lib/python3.8/site-packages/airflow/example_dags/plugins/workday.py
[2024-08-18 12:13:54,403] {processor.py:653} WARNING - No viable dags retrieved from /home/kai/.local/lib/python3.8/site-packages/airflow/example_dags/plugins/workday.py
[2024-08-18 12:13:54,414] {processor.py:161} INFO - Processing /home/kai/.local/lib/python3.8/site-packages/airflow/example_dags/plugins/workday.py took 0.018 seconds
[2024-08-18 12:14:31,081] {processor.py:153} INFO - Started process (PID=8196) to work on /home/kai/.local/lib/python3.8/site-packages/airflow/example_dags/plugins/workday.py
[2024-08-18 12:14:31,082] {processor.py:641} INFO - Processing file /home/kai/.local/lib/python3.8/site-packages/airflow/example_dags/plugins/workday.py for tasks to queue
[2024-08-18 12:14:31,082] {logging_mixin.py:115} INFO - [2024-08-18 12:14:31,082] {dagbag.py:507} INFO - Filling up the DagBag from /home/kai/.local/lib/python3.8/site-packages/airflow/example_dags/plugins/workday.py
[2024-08-18 12:14:31,084] {processor.py:653} WARNING - No viable dags retrieved from /home/kai/.local/lib/python3.8/site-packages/airflow/example_dags/plugins/workday.py
[2024-08-18 12:14:31,096] {processor.py:161} INFO - Processing /home/kai/.local/lib/python3.8/site-packages/airflow/example_dags/plugins/workday.py took 0.018 seconds
[2024-08-18 12:15:07,297] {processor.py:153} INFO - Started process (PID=8373) to work on /home/kai/.local/lib/python3.8/site-packages/airflow/example_dags/plugins/workday.py
[2024-08-18 12:15:07,298] {processor.py:641} INFO - Processing file /home/kai/.local/lib/python3.8/site-packages/airflow/example_dags/plugins/workday.py for tasks to queue
[2024-08-18 12:15:07,299] {logging_mixin.py:115} INFO - [2024-08-18 12:15:07,299] {dagbag.py:507} INFO - Filling up the DagBag from /home/kai/.local/lib/python3.8/site-packages/airflow/example_dags/plugins/workday.py
[2024-08-18 12:15:07,301] {processor.py:653} WARNING - No viable dags retrieved from /home/kai/.local/lib/python3.8/site-packages/airflow/example_dags/plugins/workday.py
[2024-08-18 12:15:07,312] {processor.py:161} INFO - Processing /home/kai/.local/lib/python3.8/site-packages/airflow/example_dags/plugins/workday.py took 0.018 seconds
[2024-08-18 12:15:40,032] {processor.py:153} INFO - Started process (PID=8551) to work on /home/kai/.local/lib/python3.8/site-packages/airflow/example_dags/plugins/workday.py
[2024-08-18 12:15:40,032] {processor.py:641} INFO - Processing file /home/kai/.local/lib/python3.8/site-packages/airflow/example_dags/plugins/workday.py for tasks to queue
[2024-08-18 12:15:40,033] {logging_mixin.py:115} INFO - [2024-08-18 12:15:40,033] {dagbag.py:507} INFO - Filling up the DagBag from /home/kai/.local/lib/python3.8/site-packages/airflow/example_dags/plugins/workday.py
[2024-08-18 12:15:40,034] {processor.py:653} WARNING - No viable dags retrieved from /home/kai/.local/lib/python3.8/site-packages/airflow/example_dags/plugins/workday.py
[2024-08-18 12:15:40,044] {processor.py:161} INFO - Processing /home/kai/.local/lib/python3.8/site-packages/airflow/example_dags/plugins/workday.py took 0.015 seconds
[2024-08-18 12:16:12,412] {processor.py:153} INFO - Started process (PID=8717) to work on /home/kai/.local/lib/python3.8/site-packages/airflow/example_dags/plugins/workday.py
[2024-08-18 12:16:12,412] {processor.py:641} INFO - Processing file /home/kai/.local/lib/python3.8/site-packages/airflow/example_dags/plugins/workday.py for tasks to queue
[2024-08-18 12:16:12,413] {logging_mixin.py:115} INFO - [2024-08-18 12:16:12,413] {dagbag.py:507} INFO - Filling up the DagBag from /home/kai/.local/lib/python3.8/site-packages/airflow/example_dags/plugins/workday.py
[2024-08-18 12:16:12,414] {processor.py:653} WARNING - No viable dags retrieved from /home/kai/.local/lib/python3.8/site-packages/airflow/example_dags/plugins/workday.py
[2024-08-18 12:16:12,424] {processor.py:161} INFO - Processing /home/kai/.local/lib/python3.8/site-packages/airflow/example_dags/plugins/workday.py took 0.016 seconds
[2024-08-18 12:16:46,090] {processor.py:153} INFO - Started process (PID=8880) to work on /home/kai/.local/lib/python3.8/site-packages/airflow/example_dags/plugins/workday.py
[2024-08-18 12:16:46,091] {processor.py:641} INFO - Processing file /home/kai/.local/lib/python3.8/site-packages/airflow/example_dags/plugins/workday.py for tasks to queue
[2024-08-18 12:16:46,092] {logging_mixin.py:115} INFO - [2024-08-18 12:16:46,092] {dagbag.py:507} INFO - Filling up the DagBag from /home/kai/.local/lib/python3.8/site-packages/airflow/example_dags/plugins/workday.py
[2024-08-18 12:16:46,094] {processor.py:653} WARNING - No viable dags retrieved from /home/kai/.local/lib/python3.8/site-packages/airflow/example_dags/plugins/workday.py
[2024-08-18 12:16:46,103] {processor.py:161} INFO - Processing /home/kai/.local/lib/python3.8/site-packages/airflow/example_dags/plugins/workday.py took 0.016 seconds
[2024-08-18 12:17:18,566] {processor.py:153} INFO - Started process (PID=9053) to work on /home/kai/.local/lib/python3.8/site-packages/airflow/example_dags/plugins/workday.py
[2024-08-18 12:17:18,567] {processor.py:641} INFO - Processing file /home/kai/.local/lib/python3.8/site-packages/airflow/example_dags/plugins/workday.py for tasks to queue
[2024-08-18 12:17:18,567] {logging_mixin.py:115} INFO - [2024-08-18 12:17:18,567] {dagbag.py:507} INFO - Filling up the DagBag from /home/kai/.local/lib/python3.8/site-packages/airflow/example_dags/plugins/workday.py
[2024-08-18 12:17:18,569] {processor.py:653} WARNING - No viable dags retrieved from /home/kai/.local/lib/python3.8/site-packages/airflow/example_dags/plugins/workday.py
[2024-08-18 12:17:18,579] {processor.py:161} INFO - Processing /home/kai/.local/lib/python3.8/site-packages/airflow/example_dags/plugins/workday.py took 0.016 seconds
[2024-08-18 12:17:50,721] {processor.py:153} INFO - Started process (PID=9213) to work on /home/kai/.local/lib/python3.8/site-packages/airflow/example_dags/plugins/workday.py
[2024-08-18 12:17:50,722] {processor.py:641} INFO - Processing file /home/kai/.local/lib/python3.8/site-packages/airflow/example_dags/plugins/workday.py for tasks to queue
[2024-08-18 12:17:50,724] {logging_mixin.py:115} INFO - [2024-08-18 12:17:50,723] {dagbag.py:507} INFO - Filling up the DagBag from /home/kai/.local/lib/python3.8/site-packages/airflow/example_dags/plugins/workday.py
[2024-08-18 12:17:50,727] {processor.py:653} WARNING - No viable dags retrieved from /home/kai/.local/lib/python3.8/site-packages/airflow/example_dags/plugins/workday.py
[2024-08-18 12:17:50,739] {processor.py:161} INFO - Processing /home/kai/.local/lib/python3.8/site-packages/airflow/example_dags/plugins/workday.py took 0.022 seconds
[2024-08-18 12:18:24,214] {processor.py:153} INFO - Started process (PID=9439) to work on /home/kai/.local/lib/python3.8/site-packages/airflow/example_dags/plugins/workday.py
[2024-08-18 12:18:24,215] {processor.py:641} INFO - Processing file /home/kai/.local/lib/python3.8/site-packages/airflow/example_dags/plugins/workday.py for tasks to queue
[2024-08-18 12:18:24,216] {logging_mixin.py:115} INFO - [2024-08-18 12:18:24,216] {dagbag.py:507} INFO - Filling up the DagBag from /home/kai/.local/lib/python3.8/site-packages/airflow/example_dags/plugins/workday.py
[2024-08-18 12:18:24,218] {processor.py:653} WARNING - No viable dags retrieved from /home/kai/.local/lib/python3.8/site-packages/airflow/example_dags/plugins/workday.py
[2024-08-18 12:18:24,231] {processor.py:161} INFO - Processing /home/kai/.local/lib/python3.8/site-packages/airflow/example_dags/plugins/workday.py took 0.020 seconds
[2024-08-18 12:18:57,376] {processor.py:153} INFO - Started process (PID=9600) to work on /home/kai/.local/lib/python3.8/site-packages/airflow/example_dags/plugins/workday.py
[2024-08-18 12:18:57,377] {processor.py:641} INFO - Processing file /home/kai/.local/lib/python3.8/site-packages/airflow/example_dags/plugins/workday.py for tasks to queue
[2024-08-18 12:18:57,378] {logging_mixin.py:115} INFO - [2024-08-18 12:18:57,378] {dagbag.py:507} INFO - Filling up the DagBag from /home/kai/.local/lib/python3.8/site-packages/airflow/example_dags/plugins/workday.py
[2024-08-18 12:18:57,380] {processor.py:653} WARNING - No viable dags retrieved from /home/kai/.local/lib/python3.8/site-packages/airflow/example_dags/plugins/workday.py
[2024-08-18 12:18:57,393] {processor.py:161} INFO - Processing /home/kai/.local/lib/python3.8/site-packages/airflow/example_dags/plugins/workday.py took 0.020 seconds
[2024-08-18 12:19:33,630] {processor.py:153} INFO - Started process (PID=9783) to work on /home/kai/.local/lib/python3.8/site-packages/airflow/example_dags/plugins/workday.py
[2024-08-18 12:19:33,631] {processor.py:641} INFO - Processing file /home/kai/.local/lib/python3.8/site-packages/airflow/example_dags/plugins/workday.py for tasks to queue
[2024-08-18 12:19:33,632] {logging_mixin.py:115} INFO - [2024-08-18 12:19:33,632] {dagbag.py:507} INFO - Filling up the DagBag from /home/kai/.local/lib/python3.8/site-packages/airflow/example_dags/plugins/workday.py
[2024-08-18 12:19:33,634] {processor.py:653} WARNING - No viable dags retrieved from /home/kai/.local/lib/python3.8/site-packages/airflow/example_dags/plugins/workday.py
[2024-08-18 12:19:33,648] {processor.py:161} INFO - Processing /home/kai/.local/lib/python3.8/site-packages/airflow/example_dags/plugins/workday.py took 0.022 seconds
[2024-08-18 12:20:05,598] {processor.py:153} INFO - Started process (PID=9941) to work on /home/kai/.local/lib/python3.8/site-packages/airflow/example_dags/plugins/workday.py
[2024-08-18 12:20:05,598] {processor.py:641} INFO - Processing file /home/kai/.local/lib/python3.8/site-packages/airflow/example_dags/plugins/workday.py for tasks to queue
[2024-08-18 12:20:05,599] {logging_mixin.py:115} INFO - [2024-08-18 12:20:05,599] {dagbag.py:507} INFO - Filling up the DagBag from /home/kai/.local/lib/python3.8/site-packages/airflow/example_dags/plugins/workday.py
[2024-08-18 12:20:05,600] {processor.py:653} WARNING - No viable dags retrieved from /home/kai/.local/lib/python3.8/site-packages/airflow/example_dags/plugins/workday.py
[2024-08-18 12:20:05,610] {processor.py:161} INFO - Processing /home/kai/.local/lib/python3.8/site-packages/airflow/example_dags/plugins/workday.py took 0.015 seconds
[2024-08-18 12:20:41,287] {processor.py:153} INFO - Started process (PID=10128) to work on /home/kai/.local/lib/python3.8/site-packages/airflow/example_dags/plugins/workday.py
[2024-08-18 12:20:41,287] {processor.py:641} INFO - Processing file /home/kai/.local/lib/python3.8/site-packages/airflow/example_dags/plugins/workday.py for tasks to queue
[2024-08-18 12:20:41,288] {logging_mixin.py:115} INFO - [2024-08-18 12:20:41,288] {dagbag.py:507} INFO - Filling up the DagBag from /home/kai/.local/lib/python3.8/site-packages/airflow/example_dags/plugins/workday.py
[2024-08-18 12:20:41,290] {processor.py:653} WARNING - No viable dags retrieved from /home/kai/.local/lib/python3.8/site-packages/airflow/example_dags/plugins/workday.py
[2024-08-18 12:20:41,301] {processor.py:161} INFO - Processing /home/kai/.local/lib/python3.8/site-packages/airflow/example_dags/plugins/workday.py took 0.017 seconds
[2024-08-18 12:21:15,334] {processor.py:153} INFO - Started process (PID=10312) to work on /home/kai/.local/lib/python3.8/site-packages/airflow/example_dags/plugins/workday.py
[2024-08-18 12:21:15,336] {processor.py:641} INFO - Processing file /home/kai/.local/lib/python3.8/site-packages/airflow/example_dags/plugins/workday.py for tasks to queue
[2024-08-18 12:21:15,337] {logging_mixin.py:115} INFO - [2024-08-18 12:21:15,337] {dagbag.py:507} INFO - Filling up the DagBag from /home/kai/.local/lib/python3.8/site-packages/airflow/example_dags/plugins/workday.py
[2024-08-18 12:21:15,339] {processor.py:653} WARNING - No viable dags retrieved from /home/kai/.local/lib/python3.8/site-packages/airflow/example_dags/plugins/workday.py
[2024-08-18 12:21:15,352] {processor.py:161} INFO - Processing /home/kai/.local/lib/python3.8/site-packages/airflow/example_dags/plugins/workday.py took 0.021 seconds
[2024-08-18 12:21:49,923] {processor.py:153} INFO - Started process (PID=10482) to work on /home/kai/.local/lib/python3.8/site-packages/airflow/example_dags/plugins/workday.py
[2024-08-18 12:21:49,924] {processor.py:641} INFO - Processing file /home/kai/.local/lib/python3.8/site-packages/airflow/example_dags/plugins/workday.py for tasks to queue
[2024-08-18 12:21:49,924] {logging_mixin.py:115} INFO - [2024-08-18 12:21:49,924] {dagbag.py:507} INFO - Filling up the DagBag from /home/kai/.local/lib/python3.8/site-packages/airflow/example_dags/plugins/workday.py
[2024-08-18 12:21:49,926] {processor.py:653} WARNING - No viable dags retrieved from /home/kai/.local/lib/python3.8/site-packages/airflow/example_dags/plugins/workday.py
[2024-08-18 12:21:49,937] {processor.py:161} INFO - Processing /home/kai/.local/lib/python3.8/site-packages/airflow/example_dags/plugins/workday.py took 0.016 seconds
[2024-08-18 12:22:24,270] {processor.py:153} INFO - Started process (PID=10657) to work on /home/kai/.local/lib/python3.8/site-packages/airflow/example_dags/plugins/workday.py
[2024-08-18 12:22:24,271] {processor.py:641} INFO - Processing file /home/kai/.local/lib/python3.8/site-packages/airflow/example_dags/plugins/workday.py for tasks to queue
[2024-08-18 12:22:24,272] {logging_mixin.py:115} INFO - [2024-08-18 12:22:24,271] {dagbag.py:507} INFO - Filling up the DagBag from /home/kai/.local/lib/python3.8/site-packages/airflow/example_dags/plugins/workday.py
[2024-08-18 12:22:24,274] {processor.py:653} WARNING - No viable dags retrieved from /home/kai/.local/lib/python3.8/site-packages/airflow/example_dags/plugins/workday.py
[2024-08-18 12:22:24,287] {processor.py:161} INFO - Processing /home/kai/.local/lib/python3.8/site-packages/airflow/example_dags/plugins/workday.py took 0.020 seconds
[2024-08-18 12:22:56,908] {processor.py:153} INFO - Started process (PID=10875) to work on /home/kai/.local/lib/python3.8/site-packages/airflow/example_dags/plugins/workday.py
[2024-08-18 12:22:56,909] {processor.py:641} INFO - Processing file /home/kai/.local/lib/python3.8/site-packages/airflow/example_dags/plugins/workday.py for tasks to queue
[2024-08-18 12:22:56,910] {logging_mixin.py:115} INFO - [2024-08-18 12:22:56,909] {dagbag.py:507} INFO - Filling up the DagBag from /home/kai/.local/lib/python3.8/site-packages/airflow/example_dags/plugins/workday.py
[2024-08-18 12:22:56,912] {processor.py:653} WARNING - No viable dags retrieved from /home/kai/.local/lib/python3.8/site-packages/airflow/example_dags/plugins/workday.py
[2024-08-18 12:22:56,925] {processor.py:161} INFO - Processing /home/kai/.local/lib/python3.8/site-packages/airflow/example_dags/plugins/workday.py took 0.021 seconds
[2024-08-18 12:23:31,294] {processor.py:153} INFO - Started process (PID=11102) to work on /home/kai/.local/lib/python3.8/site-packages/airflow/example_dags/plugins/workday.py
[2024-08-18 12:23:31,295] {processor.py:641} INFO - Processing file /home/kai/.local/lib/python3.8/site-packages/airflow/example_dags/plugins/workday.py for tasks to queue
[2024-08-18 12:23:31,296] {logging_mixin.py:115} INFO - [2024-08-18 12:23:31,295] {dagbag.py:507} INFO - Filling up the DagBag from /home/kai/.local/lib/python3.8/site-packages/airflow/example_dags/plugins/workday.py
[2024-08-18 12:23:31,298] {processor.py:653} WARNING - No viable dags retrieved from /home/kai/.local/lib/python3.8/site-packages/airflow/example_dags/plugins/workday.py
[2024-08-18 12:23:31,310] {processor.py:161} INFO - Processing /home/kai/.local/lib/python3.8/site-packages/airflow/example_dags/plugins/workday.py took 0.021 seconds
[2024-08-18 12:24:05,041] {processor.py:153} INFO - Started process (PID=11264) to work on /home/kai/.local/lib/python3.8/site-packages/airflow/example_dags/plugins/workday.py
[2024-08-18 12:24:05,042] {processor.py:641} INFO - Processing file /home/kai/.local/lib/python3.8/site-packages/airflow/example_dags/plugins/workday.py for tasks to queue
[2024-08-18 12:24:05,043] {logging_mixin.py:115} INFO - [2024-08-18 12:24:05,042] {dagbag.py:507} INFO - Filling up the DagBag from /home/kai/.local/lib/python3.8/site-packages/airflow/example_dags/plugins/workday.py
[2024-08-18 12:24:05,045] {processor.py:653} WARNING - No viable dags retrieved from /home/kai/.local/lib/python3.8/site-packages/airflow/example_dags/plugins/workday.py
[2024-08-18 12:24:05,060] {processor.py:161} INFO - Processing /home/kai/.local/lib/python3.8/site-packages/airflow/example_dags/plugins/workday.py took 0.023 seconds
[2024-08-18 12:24:40,046] {processor.py:153} INFO - Started process (PID=11450) to work on /home/kai/.local/lib/python3.8/site-packages/airflow/example_dags/plugins/workday.py
[2024-08-18 12:24:40,048] {processor.py:641} INFO - Processing file /home/kai/.local/lib/python3.8/site-packages/airflow/example_dags/plugins/workday.py for tasks to queue
[2024-08-18 12:24:40,050] {logging_mixin.py:115} INFO - [2024-08-18 12:24:40,049] {dagbag.py:507} INFO - Filling up the DagBag from /home/kai/.local/lib/python3.8/site-packages/airflow/example_dags/plugins/workday.py
[2024-08-18 12:24:40,052] {processor.py:653} WARNING - No viable dags retrieved from /home/kai/.local/lib/python3.8/site-packages/airflow/example_dags/plugins/workday.py
[2024-08-18 12:24:40,064] {processor.py:161} INFO - Processing /home/kai/.local/lib/python3.8/site-packages/airflow/example_dags/plugins/workday.py took 0.024 seconds
[2024-08-18 12:25:13,449] {processor.py:153} INFO - Started process (PID=11618) to work on /home/kai/.local/lib/python3.8/site-packages/airflow/example_dags/plugins/workday.py
[2024-08-18 12:25:13,450] {processor.py:641} INFO - Processing file /home/kai/.local/lib/python3.8/site-packages/airflow/example_dags/plugins/workday.py for tasks to queue
[2024-08-18 12:25:13,450] {logging_mixin.py:115} INFO - [2024-08-18 12:25:13,450] {dagbag.py:507} INFO - Filling up the DagBag from /home/kai/.local/lib/python3.8/site-packages/airflow/example_dags/plugins/workday.py
[2024-08-18 12:25:13,452] {processor.py:653} WARNING - No viable dags retrieved from /home/kai/.local/lib/python3.8/site-packages/airflow/example_dags/plugins/workday.py
[2024-08-18 12:25:13,463] {processor.py:161} INFO - Processing /home/kai/.local/lib/python3.8/site-packages/airflow/example_dags/plugins/workday.py took 0.017 seconds
[2024-08-18 12:25:47,304] {processor.py:153} INFO - Started process (PID=11786) to work on /home/kai/.local/lib/python3.8/site-packages/airflow/example_dags/plugins/workday.py
[2024-08-18 12:25:47,305] {processor.py:641} INFO - Processing file /home/kai/.local/lib/python3.8/site-packages/airflow/example_dags/plugins/workday.py for tasks to queue
[2024-08-18 12:25:47,305] {logging_mixin.py:115} INFO - [2024-08-18 12:25:47,305] {dagbag.py:507} INFO - Filling up the DagBag from /home/kai/.local/lib/python3.8/site-packages/airflow/example_dags/plugins/workday.py
[2024-08-18 12:25:47,308] {processor.py:653} WARNING - No viable dags retrieved from /home/kai/.local/lib/python3.8/site-packages/airflow/example_dags/plugins/workday.py
[2024-08-18 12:25:47,323] {processor.py:161} INFO - Processing /home/kai/.local/lib/python3.8/site-packages/airflow/example_dags/plugins/workday.py took 0.022 seconds
[2024-08-18 12:26:19,588] {processor.py:153} INFO - Started process (PID=11954) to work on /home/kai/.local/lib/python3.8/site-packages/airflow/example_dags/plugins/workday.py
[2024-08-18 12:26:19,589] {processor.py:641} INFO - Processing file /home/kai/.local/lib/python3.8/site-packages/airflow/example_dags/plugins/workday.py for tasks to queue
[2024-08-18 12:26:19,590] {logging_mixin.py:115} INFO - [2024-08-18 12:26:19,590] {dagbag.py:507} INFO - Filling up the DagBag from /home/kai/.local/lib/python3.8/site-packages/airflow/example_dags/plugins/workday.py
[2024-08-18 12:26:19,593] {processor.py:653} WARNING - No viable dags retrieved from /home/kai/.local/lib/python3.8/site-packages/airflow/example_dags/plugins/workday.py
[2024-08-18 12:26:19,605] {processor.py:161} INFO - Processing /home/kai/.local/lib/python3.8/site-packages/airflow/example_dags/plugins/workday.py took 0.020 seconds
[2024-08-18 12:26:51,861] {processor.py:153} INFO - Started process (PID=12112) to work on /home/kai/.local/lib/python3.8/site-packages/airflow/example_dags/plugins/workday.py
[2024-08-18 12:26:51,862] {processor.py:641} INFO - Processing file /home/kai/.local/lib/python3.8/site-packages/airflow/example_dags/plugins/workday.py for tasks to queue
[2024-08-18 12:26:51,863] {logging_mixin.py:115} INFO - [2024-08-18 12:26:51,863] {dagbag.py:507} INFO - Filling up the DagBag from /home/kai/.local/lib/python3.8/site-packages/airflow/example_dags/plugins/workday.py
[2024-08-18 12:26:51,865] {processor.py:653} WARNING - No viable dags retrieved from /home/kai/.local/lib/python3.8/site-packages/airflow/example_dags/plugins/workday.py
[2024-08-18 12:26:51,876] {processor.py:161} INFO - Processing /home/kai/.local/lib/python3.8/site-packages/airflow/example_dags/plugins/workday.py took 0.019 seconds
[2024-08-18 12:27:26,254] {processor.py:153} INFO - Started process (PID=12288) to work on /home/kai/.local/lib/python3.8/site-packages/airflow/example_dags/plugins/workday.py
[2024-08-18 12:27:26,254] {processor.py:641} INFO - Processing file /home/kai/.local/lib/python3.8/site-packages/airflow/example_dags/plugins/workday.py for tasks to queue
[2024-08-18 12:27:26,255] {logging_mixin.py:115} INFO - [2024-08-18 12:27:26,255] {dagbag.py:507} INFO - Filling up the DagBag from /home/kai/.local/lib/python3.8/site-packages/airflow/example_dags/plugins/workday.py
[2024-08-18 12:27:26,259] {processor.py:653} WARNING - No viable dags retrieved from /home/kai/.local/lib/python3.8/site-packages/airflow/example_dags/plugins/workday.py
[2024-08-18 12:27:26,268] {processor.py:161} INFO - Processing /home/kai/.local/lib/python3.8/site-packages/airflow/example_dags/plugins/workday.py took 0.020 seconds
[2024-08-18 19:40:20,911] {processor.py:153} INFO - Started process (PID=12598) to work on /home/kai/.local/lib/python3.8/site-packages/airflow/example_dags/plugins/workday.py
[2024-08-18 19:40:20,916] {processor.py:641} INFO - Processing file /home/kai/.local/lib/python3.8/site-packages/airflow/example_dags/plugins/workday.py for tasks to queue
[2024-08-18 19:40:20,919] {logging_mixin.py:115} INFO - [2024-08-18 19:40:20,919] {dagbag.py:507} INFO - Filling up the DagBag from /home/kai/.local/lib/python3.8/site-packages/airflow/example_dags/plugins/workday.py
[2024-08-18 19:40:20,937] {processor.py:653} WARNING - No viable dags retrieved from /home/kai/.local/lib/python3.8/site-packages/airflow/example_dags/plugins/workday.py
[2024-08-18 19:40:21,082] {processor.py:161} INFO - Processing /home/kai/.local/lib/python3.8/site-packages/airflow/example_dags/plugins/workday.py took 0.299 seconds
[2024-08-18 19:40:52,091] {processor.py:153} INFO - Started process (PID=13300) to work on /home/kai/.local/lib/python3.8/site-packages/airflow/example_dags/plugins/workday.py
[2024-08-18 19:40:52,092] {processor.py:641} INFO - Processing file /home/kai/.local/lib/python3.8/site-packages/airflow/example_dags/plugins/workday.py for tasks to queue
[2024-08-18 19:40:52,093] {logging_mixin.py:115} INFO - [2024-08-18 19:40:52,093] {dagbag.py:507} INFO - Filling up the DagBag from /home/kai/.local/lib/python3.8/site-packages/airflow/example_dags/plugins/workday.py
[2024-08-18 19:40:52,095] {processor.py:653} WARNING - No viable dags retrieved from /home/kai/.local/lib/python3.8/site-packages/airflow/example_dags/plugins/workday.py
[2024-08-18 19:40:52,103] {processor.py:161} INFO - Processing /home/kai/.local/lib/python3.8/site-packages/airflow/example_dags/plugins/workday.py took 0.015 seconds
[2024-08-18 19:41:24,128] {processor.py:153} INFO - Started process (PID=13463) to work on /home/kai/.local/lib/python3.8/site-packages/airflow/example_dags/plugins/workday.py
[2024-08-18 19:41:24,129] {processor.py:641} INFO - Processing file /home/kai/.local/lib/python3.8/site-packages/airflow/example_dags/plugins/workday.py for tasks to queue
[2024-08-18 19:41:24,129] {logging_mixin.py:115} INFO - [2024-08-18 19:41:24,129] {dagbag.py:507} INFO - Filling up the DagBag from /home/kai/.local/lib/python3.8/site-packages/airflow/example_dags/plugins/workday.py
[2024-08-18 19:41:24,131] {processor.py:653} WARNING - No viable dags retrieved from /home/kai/.local/lib/python3.8/site-packages/airflow/example_dags/plugins/workday.py
[2024-08-18 19:41:24,140] {processor.py:161} INFO - Processing /home/kai/.local/lib/python3.8/site-packages/airflow/example_dags/plugins/workday.py took 0.019 seconds
[2024-08-18 19:41:59,582] {processor.py:153} INFO - Started process (PID=13636) to work on /home/kai/.local/lib/python3.8/site-packages/airflow/example_dags/plugins/workday.py
[2024-08-18 19:41:59,583] {processor.py:641} INFO - Processing file /home/kai/.local/lib/python3.8/site-packages/airflow/example_dags/plugins/workday.py for tasks to queue
[2024-08-18 19:41:59,583] {logging_mixin.py:115} INFO - [2024-08-18 19:41:59,583] {dagbag.py:507} INFO - Filling up the DagBag from /home/kai/.local/lib/python3.8/site-packages/airflow/example_dags/plugins/workday.py
[2024-08-18 19:41:59,585] {processor.py:653} WARNING - No viable dags retrieved from /home/kai/.local/lib/python3.8/site-packages/airflow/example_dags/plugins/workday.py
[2024-08-18 19:41:59,594] {processor.py:161} INFO - Processing /home/kai/.local/lib/python3.8/site-packages/airflow/example_dags/plugins/workday.py took 0.014 seconds
[2024-08-18 19:42:32,254] {processor.py:153} INFO - Started process (PID=13808) to work on /home/kai/.local/lib/python3.8/site-packages/airflow/example_dags/plugins/workday.py
[2024-08-18 19:42:32,255] {processor.py:641} INFO - Processing file /home/kai/.local/lib/python3.8/site-packages/airflow/example_dags/plugins/workday.py for tasks to queue
[2024-08-18 19:42:32,256] {logging_mixin.py:115} INFO - [2024-08-18 19:42:32,256] {dagbag.py:507} INFO - Filling up the DagBag from /home/kai/.local/lib/python3.8/site-packages/airflow/example_dags/plugins/workday.py
[2024-08-18 19:42:32,259] {processor.py:653} WARNING - No viable dags retrieved from /home/kai/.local/lib/python3.8/site-packages/airflow/example_dags/plugins/workday.py
[2024-08-18 19:42:32,270] {processor.py:161} INFO - Processing /home/kai/.local/lib/python3.8/site-packages/airflow/example_dags/plugins/workday.py took 0.021 seconds
[2024-08-18 19:43:07,307] {processor.py:153} INFO - Started process (PID=13983) to work on /home/kai/.local/lib/python3.8/site-packages/airflow/example_dags/plugins/workday.py
[2024-08-18 19:43:07,308] {processor.py:641} INFO - Processing file /home/kai/.local/lib/python3.8/site-packages/airflow/example_dags/plugins/workday.py for tasks to queue
[2024-08-18 19:43:07,309] {logging_mixin.py:115} INFO - [2024-08-18 19:43:07,309] {dagbag.py:507} INFO - Filling up the DagBag from /home/kai/.local/lib/python3.8/site-packages/airflow/example_dags/plugins/workday.py
[2024-08-18 19:43:07,313] {processor.py:653} WARNING - No viable dags retrieved from /home/kai/.local/lib/python3.8/site-packages/airflow/example_dags/plugins/workday.py
[2024-08-18 19:43:07,338] {processor.py:161} INFO - Processing /home/kai/.local/lib/python3.8/site-packages/airflow/example_dags/plugins/workday.py took 0.041 seconds
[2024-08-18 19:43:41,982] {processor.py:153} INFO - Started process (PID=14160) to work on /home/kai/.local/lib/python3.8/site-packages/airflow/example_dags/plugins/workday.py
[2024-08-18 19:43:41,983] {processor.py:641} INFO - Processing file /home/kai/.local/lib/python3.8/site-packages/airflow/example_dags/plugins/workday.py for tasks to queue
[2024-08-18 19:43:41,983] {logging_mixin.py:115} INFO - [2024-08-18 19:43:41,983] {dagbag.py:507} INFO - Filling up the DagBag from /home/kai/.local/lib/python3.8/site-packages/airflow/example_dags/plugins/workday.py
[2024-08-18 19:43:41,985] {processor.py:653} WARNING - No viable dags retrieved from /home/kai/.local/lib/python3.8/site-packages/airflow/example_dags/plugins/workday.py
[2024-08-18 19:43:41,995] {processor.py:161} INFO - Processing /home/kai/.local/lib/python3.8/site-packages/airflow/example_dags/plugins/workday.py took 0.016 seconds
[2024-08-18 19:44:17,981] {processor.py:153} INFO - Started process (PID=14392) to work on /home/kai/.local/lib/python3.8/site-packages/airflow/example_dags/plugins/workday.py
[2024-08-18 19:44:17,981] {processor.py:641} INFO - Processing file /home/kai/.local/lib/python3.8/site-packages/airflow/example_dags/plugins/workday.py for tasks to queue
[2024-08-18 19:44:17,982] {logging_mixin.py:115} INFO - [2024-08-18 19:44:17,981] {dagbag.py:507} INFO - Filling up the DagBag from /home/kai/.local/lib/python3.8/site-packages/airflow/example_dags/plugins/workday.py
[2024-08-18 19:44:17,983] {processor.py:653} WARNING - No viable dags retrieved from /home/kai/.local/lib/python3.8/site-packages/airflow/example_dags/plugins/workday.py
[2024-08-18 19:44:17,993] {processor.py:161} INFO - Processing /home/kai/.local/lib/python3.8/site-packages/airflow/example_dags/plugins/workday.py took 0.015 seconds
[2024-08-18 19:44:51,872] {processor.py:153} INFO - Started process (PID=14620) to work on /home/kai/.local/lib/python3.8/site-packages/airflow/example_dags/plugins/workday.py
[2024-08-18 19:44:51,873] {processor.py:641} INFO - Processing file /home/kai/.local/lib/python3.8/site-packages/airflow/example_dags/plugins/workday.py for tasks to queue
[2024-08-18 19:44:51,873] {logging_mixin.py:115} INFO - [2024-08-18 19:44:51,873] {dagbag.py:507} INFO - Filling up the DagBag from /home/kai/.local/lib/python3.8/site-packages/airflow/example_dags/plugins/workday.py
[2024-08-18 19:44:51,875] {processor.py:653} WARNING - No viable dags retrieved from /home/kai/.local/lib/python3.8/site-packages/airflow/example_dags/plugins/workday.py
[2024-08-18 19:44:51,883] {processor.py:161} INFO - Processing /home/kai/.local/lib/python3.8/site-packages/airflow/example_dags/plugins/workday.py took 0.014 seconds
[2024-08-18 19:45:27,185] {processor.py:153} INFO - Started process (PID=14848) to work on /home/kai/.local/lib/python3.8/site-packages/airflow/example_dags/plugins/workday.py
[2024-08-18 19:45:27,185] {processor.py:641} INFO - Processing file /home/kai/.local/lib/python3.8/site-packages/airflow/example_dags/plugins/workday.py for tasks to queue
[2024-08-18 19:45:27,186] {logging_mixin.py:115} INFO - [2024-08-18 19:45:27,185] {dagbag.py:507} INFO - Filling up the DagBag from /home/kai/.local/lib/python3.8/site-packages/airflow/example_dags/plugins/workday.py
[2024-08-18 19:45:27,187] {processor.py:653} WARNING - No viable dags retrieved from /home/kai/.local/lib/python3.8/site-packages/airflow/example_dags/plugins/workday.py
[2024-08-18 19:45:27,206] {processor.py:161} INFO - Processing /home/kai/.local/lib/python3.8/site-packages/airflow/example_dags/plugins/workday.py took 0.023 seconds
