[2024-09-03 11:01:54,840] {taskinstance.py:1159} INFO - Dependencies all met for <TaskInstance: Twitter_extractor_DAGs.bronze_layer_twitter_extration scheduled__2024-08-30T00:00:00+00:00 [queued]>
[2024-09-03 11:01:54,846] {taskinstance.py:1159} INFO - Dependencies all met for <TaskInstance: Twitter_extractor_DAGs.bronze_layer_twitter_extration scheduled__2024-08-30T00:00:00+00:00 [queued]>
[2024-09-03 11:01:54,846] {taskinstance.py:1356} INFO - 
--------------------------------------------------------------------------------
[2024-09-03 11:01:54,846] {taskinstance.py:1357} INFO - Starting attempt 1 of 1
[2024-09-03 11:01:54,846] {taskinstance.py:1358} INFO - 
--------------------------------------------------------------------------------
[2024-09-03 11:01:54,860] {taskinstance.py:1377} INFO - Executing <Task(TwitterOperator): bronze_layer_twitter_extration> on 2024-08-30 00:00:00+00:00
[2024-09-03 11:01:54,863] {standard_task_runner.py:52} INFO - Started process 167832 to run task
[2024-09-03 11:01:54,866] {standard_task_runner.py:79} INFO - Running: ['airflow', 'tasks', 'run', 'Twitter_extractor_DAGs', 'bronze_layer_twitter_extration', 'scheduled__2024-08-30T00:00:00+00:00', '--job-id', '57', '--raw', '--subdir', 'DAGS_FOLDER/twitter_dag.py', '--cfg-path', '/tmp/tmptdi_g7ff', '--error-file', '/tmp/tmp75ps6l4t']
[2024-09-03 11:01:54,867] {standard_task_runner.py:80} INFO - Job 57: Subtask bronze_layer_twitter_extration
[2024-09-03 11:01:54,904] {task_command.py:370} INFO - Running <TaskInstance: Twitter_extractor_DAGs.bronze_layer_twitter_extration scheduled__2024-08-30T00:00:00+00:00 [running]> on host kaiwangairflow
[2024-09-03 11:01:54,944] {taskinstance.py:1569} INFO - Exporting the following env vars:
AIRFLOW_CTX_DAG_OWNER=airflow
AIRFLOW_CTX_DAG_ID=Twitter_extractor_DAGs
AIRFLOW_CTX_TASK_ID=bronze_layer_twitter_extration
AIRFLOW_CTX_EXECUTION_DATE=2024-08-30T00:00:00+00:00
AIRFLOW_CTX_TRY_NUMBER=1
AIRFLOW_CTX_DAG_RUN_ID=scheduled__2024-08-30T00:00:00+00:00
[2024-09-03 11:01:54,950] {base.py:68} INFO - Using connection ID 'twitter_connections_default' for task execution.
[2024-09-03 11:01:54,952] {twitter_hook.py:65} INFO - URL: https://labdados.com/2/tweets/search/recent?query=data engineer&tweet.fields=author_id,conversation_id,created_at,id,in_reply_to_user_id,public_metrics,lang,text&expansions=author_id&user.fields=id,name,username,created_at&start_time=2024-08-30T00:00:00.00Z&end_time=2024-08-31T00:00:00.00Z
[2024-09-03 11:01:55,539] {taskinstance.py:1395} INFO - Marking task as SUCCESS. dag_id=Twitter_extractor_DAGs, task_id=bronze_layer_twitter_extration, execution_date=20240830T000000, start_date=20240903T140154, end_date=20240903T140155
[2024-09-03 11:01:55,569] {local_task_job.py:156} INFO - Task exited with return code 0
[2024-09-03 11:01:55,584] {local_task_job.py:273} INFO - 1 downstream tasks scheduled from follow-on schedule check
[2024-09-03 11:03:36,141] {taskinstance.py:1159} INFO - Dependencies all met for <TaskInstance: Twitter_extractor_DAGs.bronze_layer_twitter_extration scheduled__2024-08-30T00:00:00+00:00 [queued]>
[2024-09-03 11:03:36,145] {taskinstance.py:1159} INFO - Dependencies all met for <TaskInstance: Twitter_extractor_DAGs.bronze_layer_twitter_extration scheduled__2024-08-30T00:00:00+00:00 [queued]>
[2024-09-03 11:03:36,146] {taskinstance.py:1356} INFO - 
--------------------------------------------------------------------------------
[2024-09-03 11:03:36,146] {taskinstance.py:1357} INFO - Starting attempt 1 of 1
[2024-09-03 11:03:36,146] {taskinstance.py:1358} INFO - 
--------------------------------------------------------------------------------
[2024-09-03 11:03:36,154] {taskinstance.py:1377} INFO - Executing <Task(TwitterOperator): bronze_layer_twitter_extration> on 2024-08-30 00:00:00+00:00
[2024-09-03 11:03:36,156] {standard_task_runner.py:52} INFO - Started process 169279 to run task
[2024-09-03 11:03:36,159] {standard_task_runner.py:79} INFO - Running: ['airflow', 'tasks', 'run', 'Twitter_extractor_DAGs', 'bronze_layer_twitter_extration', 'scheduled__2024-08-30T00:00:00+00:00', '--job-id', '61', '--raw', '--subdir', 'DAGS_FOLDER/twitter_dag.py', '--cfg-path', '/tmp/tmpws9tdo9n', '--error-file', '/tmp/tmpe67r8fg0']
[2024-09-03 11:03:36,159] {standard_task_runner.py:80} INFO - Job 61: Subtask bronze_layer_twitter_extration
[2024-09-03 11:03:36,192] {task_command.py:370} INFO - Running <TaskInstance: Twitter_extractor_DAGs.bronze_layer_twitter_extration scheduled__2024-08-30T00:00:00+00:00 [running]> on host kaiwangairflow
[2024-09-03 11:03:36,233] {taskinstance.py:1569} INFO - Exporting the following env vars:
AIRFLOW_CTX_DAG_OWNER=airflow
AIRFLOW_CTX_DAG_ID=Twitter_extractor_DAGs
AIRFLOW_CTX_TASK_ID=bronze_layer_twitter_extration
AIRFLOW_CTX_EXECUTION_DATE=2024-08-30T00:00:00+00:00
AIRFLOW_CTX_TRY_NUMBER=1
AIRFLOW_CTX_DAG_RUN_ID=scheduled__2024-08-30T00:00:00+00:00
[2024-09-03 11:03:36,238] {base.py:68} INFO - Using connection ID 'twitter_connections_default' for task execution.
[2024-09-03 11:03:36,239] {twitter_hook.py:65} INFO - URL: https://labdados.com/2/tweets/search/recent?query=data engineer&tweet.fields=author_id,conversation_id,created_at,id,in_reply_to_user_id,public_metrics,lang,text&expansions=author_id&user.fields=id,name,username,created_at&start_time=2024-08-30T00:00:00.00Z&end_time=2024-08-31T00:00:00.00Z
[2024-09-03 11:03:36,813] {taskinstance.py:1395} INFO - Marking task as SUCCESS. dag_id=Twitter_extractor_DAGs, task_id=bronze_layer_twitter_extration, execution_date=20240830T000000, start_date=20240903T140336, end_date=20240903T140336
[2024-09-03 11:03:36,830] {local_task_job.py:156} INFO - Task exited with return code 0
[2024-09-03 11:03:36,854] {local_task_job.py:273} INFO - 1 downstream tasks scheduled from follow-on schedule check
[2024-09-03 11:11:14,924] {taskinstance.py:1159} INFO - Dependencies all met for <TaskInstance: Twitter_extractor_DAGs.bronze_layer_twitter_extration scheduled__2024-08-30T00:00:00+00:00 [queued]>
[2024-09-03 11:11:14,928] {taskinstance.py:1159} INFO - Dependencies all met for <TaskInstance: Twitter_extractor_DAGs.bronze_layer_twitter_extration scheduled__2024-08-30T00:00:00+00:00 [queued]>
[2024-09-03 11:11:14,929] {taskinstance.py:1356} INFO - 
--------------------------------------------------------------------------------
[2024-09-03 11:11:14,929] {taskinstance.py:1357} INFO - Starting attempt 1 of 1
[2024-09-03 11:11:14,929] {taskinstance.py:1358} INFO - 
--------------------------------------------------------------------------------
[2024-09-03 11:11:14,940] {taskinstance.py:1377} INFO - Executing <Task(TwitterOperator): bronze_layer_twitter_extration> on 2024-08-30 00:00:00+00:00
[2024-09-03 11:11:14,942] {standard_task_runner.py:52} INFO - Started process 172076 to run task
[2024-09-03 11:11:14,945] {standard_task_runner.py:79} INFO - Running: ['airflow', 'tasks', 'run', 'Twitter_extractor_DAGs', 'bronze_layer_twitter_extration', 'scheduled__2024-08-30T00:00:00+00:00', '--job-id', '61', '--raw', '--subdir', 'DAGS_FOLDER/twitter_dag.py', '--cfg-path', '/tmp/tmpb4yxak2p', '--error-file', '/tmp/tmp4q0ghg6g']
[2024-09-03 11:11:14,946] {standard_task_runner.py:80} INFO - Job 61: Subtask bronze_layer_twitter_extration
[2024-09-03 11:11:14,975] {task_command.py:370} INFO - Running <TaskInstance: Twitter_extractor_DAGs.bronze_layer_twitter_extration scheduled__2024-08-30T00:00:00+00:00 [running]> on host kaiwangairflow
[2024-09-03 11:11:15,017] {taskinstance.py:1569} INFO - Exporting the following env vars:
AIRFLOW_CTX_DAG_OWNER=airflow
AIRFLOW_CTX_DAG_ID=Twitter_extractor_DAGs
AIRFLOW_CTX_TASK_ID=bronze_layer_twitter_extration
AIRFLOW_CTX_EXECUTION_DATE=2024-08-30T00:00:00+00:00
AIRFLOW_CTX_TRY_NUMBER=1
AIRFLOW_CTX_DAG_RUN_ID=scheduled__2024-08-30T00:00:00+00:00
[2024-09-03 11:11:15,020] {base.py:68} INFO - Using connection ID 'twitter_connections_default' for task execution.
[2024-09-03 11:11:15,021] {twitter_hook.py:65} INFO - URL: https://labdados.com/2/tweets/search/recent?query=data engineer&tweet.fields=author_id,conversation_id,created_at,id,in_reply_to_user_id,public_metrics,lang,text&expansions=author_id&user.fields=id,name,username,created_at&start_time=2024-08-30T00:00:00.00Z&end_time=2024-08-31T00:00:00.00Z
[2024-09-03 11:11:15,613] {taskinstance.py:1395} INFO - Marking task as SUCCESS. dag_id=Twitter_extractor_DAGs, task_id=bronze_layer_twitter_extration, execution_date=20240830T000000, start_date=20240903T141114, end_date=20240903T141115
[2024-09-03 11:11:15,646] {local_task_job.py:156} INFO - Task exited with return code 0
[2024-09-03 11:11:15,669] {local_task_job.py:273} INFO - 1 downstream tasks scheduled from follow-on schedule check
[2024-09-03 11:23:13,541] {taskinstance.py:1159} INFO - Dependencies all met for <TaskInstance: Twitter_extractor_DAGs.bronze_layer_twitter_extration scheduled__2024-08-30T00:00:00+00:00 [queued]>
[2024-09-03 11:23:13,547] {taskinstance.py:1159} INFO - Dependencies all met for <TaskInstance: Twitter_extractor_DAGs.bronze_layer_twitter_extration scheduled__2024-08-30T00:00:00+00:00 [queued]>
[2024-09-03 11:23:13,547] {taskinstance.py:1356} INFO - 
--------------------------------------------------------------------------------
[2024-09-03 11:23:13,547] {taskinstance.py:1357} INFO - Starting attempt 1 of 1
[2024-09-03 11:23:13,547] {taskinstance.py:1358} INFO - 
--------------------------------------------------------------------------------
[2024-09-03 11:23:13,556] {taskinstance.py:1377} INFO - Executing <Task(TwitterOperator): bronze_layer_twitter_extration> on 2024-08-30 00:00:00+00:00
[2024-09-03 11:23:13,558] {standard_task_runner.py:52} INFO - Started process 176967 to run task
[2024-09-03 11:23:13,562] {standard_task_runner.py:79} INFO - Running: ['airflow', 'tasks', 'run', 'Twitter_extractor_DAGs', 'bronze_layer_twitter_extration', 'scheduled__2024-08-30T00:00:00+00:00', '--job-id', '62', '--raw', '--subdir', 'DAGS_FOLDER/twitter_dag.py', '--cfg-path', '/tmp/tmpgpldrz6o', '--error-file', '/tmp/tmpgmb081rc']
[2024-09-03 11:23:13,562] {standard_task_runner.py:80} INFO - Job 62: Subtask bronze_layer_twitter_extration
[2024-09-03 11:23:13,598] {task_command.py:370} INFO - Running <TaskInstance: Twitter_extractor_DAGs.bronze_layer_twitter_extration scheduled__2024-08-30T00:00:00+00:00 [running]> on host kaiwangairflow
[2024-09-03 11:23:13,637] {taskinstance.py:1569} INFO - Exporting the following env vars:
AIRFLOW_CTX_DAG_OWNER=airflow
AIRFLOW_CTX_DAG_ID=Twitter_extractor_DAGs
AIRFLOW_CTX_TASK_ID=bronze_layer_twitter_extration
AIRFLOW_CTX_EXECUTION_DATE=2024-08-30T00:00:00+00:00
AIRFLOW_CTX_TRY_NUMBER=1
AIRFLOW_CTX_DAG_RUN_ID=scheduled__2024-08-30T00:00:00+00:00
[2024-09-03 11:23:13,642] {base.py:68} INFO - Using connection ID 'twitter_connections_default' for task execution.
[2024-09-03 11:23:13,644] {twitter_hook.py:65} INFO - URL: https://labdados.com/2/tweets/search/recent?query=data engineer&tweet.fields=author_id,conversation_id,created_at,id,in_reply_to_user_id,public_metrics,lang,text&expansions=author_id&user.fields=id,name,username,created_at&start_time=2024-08-30T00:00:00.00Z&end_time=2024-08-31T00:00:00.00Z
[2024-09-03 11:23:14,259] {taskinstance.py:1395} INFO - Marking task as SUCCESS. dag_id=Twitter_extractor_DAGs, task_id=bronze_layer_twitter_extration, execution_date=20240830T000000, start_date=20240903T142313, end_date=20240903T142314
[2024-09-03 11:23:14,312] {local_task_job.py:156} INFO - Task exited with return code 0
[2024-09-03 11:23:14,326] {local_task_job.py:273} INFO - 1 downstream tasks scheduled from follow-on schedule check
[2024-09-03 11:30:30,516] {taskinstance.py:1159} INFO - Dependencies all met for <TaskInstance: Twitter_extractor_DAGs.bronze_layer_twitter_extration scheduled__2024-08-30T00:00:00+00:00 [queued]>
[2024-09-03 11:30:30,523] {taskinstance.py:1159} INFO - Dependencies all met for <TaskInstance: Twitter_extractor_DAGs.bronze_layer_twitter_extration scheduled__2024-08-30T00:00:00+00:00 [queued]>
[2024-09-03 11:30:30,523] {taskinstance.py:1356} INFO - 
--------------------------------------------------------------------------------
[2024-09-03 11:30:30,523] {taskinstance.py:1357} INFO - Starting attempt 1 of 1
[2024-09-03 11:30:30,523] {taskinstance.py:1358} INFO - 
--------------------------------------------------------------------------------
[2024-09-03 11:30:30,533] {taskinstance.py:1377} INFO - Executing <Task(TwitterOperator): bronze_layer_twitter_extration> on 2024-08-30 00:00:00+00:00
[2024-09-03 11:30:30,536] {standard_task_runner.py:52} INFO - Started process 180133 to run task
[2024-09-03 11:30:30,539] {standard_task_runner.py:79} INFO - Running: ['airflow', 'tasks', 'run', 'Twitter_extractor_DAGs', 'bronze_layer_twitter_extration', 'scheduled__2024-08-30T00:00:00+00:00', '--job-id', '62', '--raw', '--subdir', 'DAGS_FOLDER/twitter_dag.py', '--cfg-path', '/tmp/tmpf6f6zvw7', '--error-file', '/tmp/tmplwotgyhk']
[2024-09-03 11:30:30,539] {standard_task_runner.py:80} INFO - Job 62: Subtask bronze_layer_twitter_extration
[2024-09-03 11:30:30,580] {task_command.py:370} INFO - Running <TaskInstance: Twitter_extractor_DAGs.bronze_layer_twitter_extration scheduled__2024-08-30T00:00:00+00:00 [running]> on host kaiwangairflow
[2024-09-03 11:30:30,629] {taskinstance.py:1569} INFO - Exporting the following env vars:
AIRFLOW_CTX_DAG_OWNER=airflow
AIRFLOW_CTX_DAG_ID=Twitter_extractor_DAGs
AIRFLOW_CTX_TASK_ID=bronze_layer_twitter_extration
AIRFLOW_CTX_EXECUTION_DATE=2024-08-30T00:00:00+00:00
AIRFLOW_CTX_TRY_NUMBER=1
AIRFLOW_CTX_DAG_RUN_ID=scheduled__2024-08-30T00:00:00+00:00
[2024-09-03 11:30:30,634] {base.py:68} INFO - Using connection ID 'twitter_connections_default' for task execution.
[2024-09-03 11:30:30,635] {twitter_hook.py:65} INFO - URL: https://labdados.com/2/tweets/search/recent?query=data engineer&tweet.fields=author_id,conversation_id,created_at,id,in_reply_to_user_id,public_metrics,lang,text&expansions=author_id&user.fields=id,name,username,created_at&start_time=2024-08-30T00:00:00.00Z&end_time=2024-08-31T00:00:00.00Z
[2024-09-03 11:30:31,201] {twitter_hook.py:65} INFO - URL: https://labdados.com/2/tweets/search/recent?query=data engineer&tweet.fields=author_id,conversation_id,created_at,id,in_reply_to_user_id,public_metrics,lang,text&expansions=author_id&user.fields=id,name,username,created_at&start_time=2024-08-30T00:00:00.00Z&end_time=2024-08-31T00:00:00.00Z&next_token=1234567890abcdef
[2024-09-03 11:30:31,343] {twitter_hook.py:65} INFO - URL: https://labdados.com/2/tweets/search/recent?query=data engineer&tweet.fields=author_id,conversation_id,created_at,id,in_reply_to_user_id,public_metrics,lang,text&expansions=author_id&user.fields=id,name,username,created_at&start_time=2024-08-30T00:00:00.00Z&end_time=2024-08-31T00:00:00.00Z&next_token=1234567890abcdef
[2024-09-03 11:30:31,487] {twitter_hook.py:65} INFO - URL: https://labdados.com/2/tweets/search/recent?query=data engineer&tweet.fields=author_id,conversation_id,created_at,id,in_reply_to_user_id,public_metrics,lang,text&expansions=author_id&user.fields=id,name,username,created_at&start_time=2024-08-30T00:00:00.00Z&end_time=2024-08-31T00:00:00.00Z&next_token=1234567890abcdef
[2024-09-03 11:30:31,628] {twitter_hook.py:65} INFO - URL: https://labdados.com/2/tweets/search/recent?query=data engineer&tweet.fields=author_id,conversation_id,created_at,id,in_reply_to_user_id,public_metrics,lang,text&expansions=author_id&user.fields=id,name,username,created_at&start_time=2024-08-30T00:00:00.00Z&end_time=2024-08-31T00:00:00.00Z&next_token=1234567890abcdef
[2024-09-03 11:30:31,767] {twitter_hook.py:65} INFO - URL: https://labdados.com/2/tweets/search/recent?query=data engineer&tweet.fields=author_id,conversation_id,created_at,id,in_reply_to_user_id,public_metrics,lang,text&expansions=author_id&user.fields=id,name,username,created_at&start_time=2024-08-30T00:00:00.00Z&end_time=2024-08-31T00:00:00.00Z&next_token=1234567890abcdef
[2024-09-03 11:30:31,909] {twitter_hook.py:65} INFO - URL: https://labdados.com/2/tweets/search/recent?query=data engineer&tweet.fields=author_id,conversation_id,created_at,id,in_reply_to_user_id,public_metrics,lang,text&expansions=author_id&user.fields=id,name,username,created_at&start_time=2024-08-30T00:00:00.00Z&end_time=2024-08-31T00:00:00.00Z&next_token=1234567890abcdef
[2024-09-03 11:30:32,051] {twitter_hook.py:65} INFO - URL: https://labdados.com/2/tweets/search/recent?query=data engineer&tweet.fields=author_id,conversation_id,created_at,id,in_reply_to_user_id,public_metrics,lang,text&expansions=author_id&user.fields=id,name,username,created_at&start_time=2024-08-30T00:00:00.00Z&end_time=2024-08-31T00:00:00.00Z&next_token=1234567890abcdef
[2024-09-03 11:30:32,190] {twitter_hook.py:65} INFO - URL: https://labdados.com/2/tweets/search/recent?query=data engineer&tweet.fields=author_id,conversation_id,created_at,id,in_reply_to_user_id,public_metrics,lang,text&expansions=author_id&user.fields=id,name,username,created_at&start_time=2024-08-30T00:00:00.00Z&end_time=2024-08-31T00:00:00.00Z&next_token=1234567890abcdef
[2024-09-03 11:30:32,334] {twitter_hook.py:65} INFO - URL: https://labdados.com/2/tweets/search/recent?query=data engineer&tweet.fields=author_id,conversation_id,created_at,id,in_reply_to_user_id,public_metrics,lang,text&expansions=author_id&user.fields=id,name,username,created_at&start_time=2024-08-30T00:00:00.00Z&end_time=2024-08-31T00:00:00.00Z&next_token=1234567890abcdef
[2024-09-03 11:30:32,477] {twitter_hook.py:65} INFO - URL: https://labdados.com/2/tweets/search/recent?query=data engineer&tweet.fields=author_id,conversation_id,created_at,id,in_reply_to_user_id,public_metrics,lang,text&expansions=author_id&user.fields=id,name,username,created_at&start_time=2024-08-30T00:00:00.00Z&end_time=2024-08-31T00:00:00.00Z&next_token=1234567890abcdef
[2024-09-03 11:30:32,623] {twitter_hook.py:65} INFO - URL: https://labdados.com/2/tweets/search/recent?query=data engineer&tweet.fields=author_id,conversation_id,created_at,id,in_reply_to_user_id,public_metrics,lang,text&expansions=author_id&user.fields=id,name,username,created_at&start_time=2024-08-30T00:00:00.00Z&end_time=2024-08-31T00:00:00.00Z&next_token=1234567890abcdef
[2024-09-03 11:30:32,763] {twitter_hook.py:65} INFO - URL: https://labdados.com/2/tweets/search/recent?query=data engineer&tweet.fields=author_id,conversation_id,created_at,id,in_reply_to_user_id,public_metrics,lang,text&expansions=author_id&user.fields=id,name,username,created_at&start_time=2024-08-30T00:00:00.00Z&end_time=2024-08-31T00:00:00.00Z&next_token=1234567890abcdef
[2024-09-03 11:30:32,905] {twitter_hook.py:65} INFO - URL: https://labdados.com/2/tweets/search/recent?query=data engineer&tweet.fields=author_id,conversation_id,created_at,id,in_reply_to_user_id,public_metrics,lang,text&expansions=author_id&user.fields=id,name,username,created_at&start_time=2024-08-30T00:00:00.00Z&end_time=2024-08-31T00:00:00.00Z&next_token=1234567890abcdef
[2024-09-03 11:30:33,049] {twitter_hook.py:65} INFO - URL: https://labdados.com/2/tweets/search/recent?query=data engineer&tweet.fields=author_id,conversation_id,created_at,id,in_reply_to_user_id,public_metrics,lang,text&expansions=author_id&user.fields=id,name,username,created_at&start_time=2024-08-30T00:00:00.00Z&end_time=2024-08-31T00:00:00.00Z&next_token=1234567890abcdef
[2024-09-03 11:30:33,189] {twitter_hook.py:65} INFO - URL: https://labdados.com/2/tweets/search/recent?query=data engineer&tweet.fields=author_id,conversation_id,created_at,id,in_reply_to_user_id,public_metrics,lang,text&expansions=author_id&user.fields=id,name,username,created_at&start_time=2024-08-30T00:00:00.00Z&end_time=2024-08-31T00:00:00.00Z&next_token=1234567890abcdef
[2024-09-03 11:30:33,330] {twitter_hook.py:65} INFO - URL: https://labdados.com/2/tweets/search/recent?query=data engineer&tweet.fields=author_id,conversation_id,created_at,id,in_reply_to_user_id,public_metrics,lang,text&expansions=author_id&user.fields=id,name,username,created_at&start_time=2024-08-30T00:00:00.00Z&end_time=2024-08-31T00:00:00.00Z&next_token=1234567890abcdef
[2024-09-03 11:30:33,471] {twitter_hook.py:65} INFO - URL: https://labdados.com/2/tweets/search/recent?query=data engineer&tweet.fields=author_id,conversation_id,created_at,id,in_reply_to_user_id,public_metrics,lang,text&expansions=author_id&user.fields=id,name,username,created_at&start_time=2024-08-30T00:00:00.00Z&end_time=2024-08-31T00:00:00.00Z&next_token=1234567890abcdef
[2024-09-03 11:30:33,612] {twitter_hook.py:65} INFO - URL: https://labdados.com/2/tweets/search/recent?query=data engineer&tweet.fields=author_id,conversation_id,created_at,id,in_reply_to_user_id,public_metrics,lang,text&expansions=author_id&user.fields=id,name,username,created_at&start_time=2024-08-30T00:00:00.00Z&end_time=2024-08-31T00:00:00.00Z&next_token=1234567890abcdef
[2024-09-03 11:30:33,757] {twitter_hook.py:65} INFO - URL: https://labdados.com/2/tweets/search/recent?query=data engineer&tweet.fields=author_id,conversation_id,created_at,id,in_reply_to_user_id,public_metrics,lang,text&expansions=author_id&user.fields=id,name,username,created_at&start_time=2024-08-30T00:00:00.00Z&end_time=2024-08-31T00:00:00.00Z&next_token=1234567890abcdef
[2024-09-03 11:30:33,897] {twitter_hook.py:65} INFO - URL: https://labdados.com/2/tweets/search/recent?query=data engineer&tweet.fields=author_id,conversation_id,created_at,id,in_reply_to_user_id,public_metrics,lang,text&expansions=author_id&user.fields=id,name,username,created_at&start_time=2024-08-30T00:00:00.00Z&end_time=2024-08-31T00:00:00.00Z&next_token=1234567890abcdef
[2024-09-03 11:30:34,040] {twitter_hook.py:65} INFO - URL: https://labdados.com/2/tweets/search/recent?query=data engineer&tweet.fields=author_id,conversation_id,created_at,id,in_reply_to_user_id,public_metrics,lang,text&expansions=author_id&user.fields=id,name,username,created_at&start_time=2024-08-30T00:00:00.00Z&end_time=2024-08-31T00:00:00.00Z&next_token=1234567890abcdef
[2024-09-03 11:30:34,189] {twitter_hook.py:65} INFO - URL: https://labdados.com/2/tweets/search/recent?query=data engineer&tweet.fields=author_id,conversation_id,created_at,id,in_reply_to_user_id,public_metrics,lang,text&expansions=author_id&user.fields=id,name,username,created_at&start_time=2024-08-30T00:00:00.00Z&end_time=2024-08-31T00:00:00.00Z&next_token=1234567890abcdef
[2024-09-03 11:30:34,329] {twitter_hook.py:65} INFO - URL: https://labdados.com/2/tweets/search/recent?query=data engineer&tweet.fields=author_id,conversation_id,created_at,id,in_reply_to_user_id,public_metrics,lang,text&expansions=author_id&user.fields=id,name,username,created_at&start_time=2024-08-30T00:00:00.00Z&end_time=2024-08-31T00:00:00.00Z&next_token=1234567890abcdef
[2024-09-03 11:30:34,469] {twitter_hook.py:65} INFO - URL: https://labdados.com/2/tweets/search/recent?query=data engineer&tweet.fields=author_id,conversation_id,created_at,id,in_reply_to_user_id,public_metrics,lang,text&expansions=author_id&user.fields=id,name,username,created_at&start_time=2024-08-30T00:00:00.00Z&end_time=2024-08-31T00:00:00.00Z&next_token=1234567890abcdef
[2024-09-03 11:30:34,610] {twitter_hook.py:65} INFO - URL: https://labdados.com/2/tweets/search/recent?query=data engineer&tweet.fields=author_id,conversation_id,created_at,id,in_reply_to_user_id,public_metrics,lang,text&expansions=author_id&user.fields=id,name,username,created_at&start_time=2024-08-30T00:00:00.00Z&end_time=2024-08-31T00:00:00.00Z&next_token=1234567890abcdef
[2024-09-03 11:30:34,752] {twitter_hook.py:65} INFO - URL: https://labdados.com/2/tweets/search/recent?query=data engineer&tweet.fields=author_id,conversation_id,created_at,id,in_reply_to_user_id,public_metrics,lang,text&expansions=author_id&user.fields=id,name,username,created_at&start_time=2024-08-30T00:00:00.00Z&end_time=2024-08-31T00:00:00.00Z&next_token=1234567890abcdef
[2024-09-03 11:30:34,904] {twitter_hook.py:65} INFO - URL: https://labdados.com/2/tweets/search/recent?query=data engineer&tweet.fields=author_id,conversation_id,created_at,id,in_reply_to_user_id,public_metrics,lang,text&expansions=author_id&user.fields=id,name,username,created_at&start_time=2024-08-30T00:00:00.00Z&end_time=2024-08-31T00:00:00.00Z&next_token=1234567890abcdef
[2024-09-03 11:30:35,048] {twitter_hook.py:65} INFO - URL: https://labdados.com/2/tweets/search/recent?query=data engineer&tweet.fields=author_id,conversation_id,created_at,id,in_reply_to_user_id,public_metrics,lang,text&expansions=author_id&user.fields=id,name,username,created_at&start_time=2024-08-30T00:00:00.00Z&end_time=2024-08-31T00:00:00.00Z&next_token=1234567890abcdef
[2024-09-03 11:30:35,195] {twitter_hook.py:65} INFO - URL: https://labdados.com/2/tweets/search/recent?query=data engineer&tweet.fields=author_id,conversation_id,created_at,id,in_reply_to_user_id,public_metrics,lang,text&expansions=author_id&user.fields=id,name,username,created_at&start_time=2024-08-30T00:00:00.00Z&end_time=2024-08-31T00:00:00.00Z&next_token=1234567890abcdef
[2024-09-03 11:30:35,337] {twitter_hook.py:65} INFO - URL: https://labdados.com/2/tweets/search/recent?query=data engineer&tweet.fields=author_id,conversation_id,created_at,id,in_reply_to_user_id,public_metrics,lang,text&expansions=author_id&user.fields=id,name,username,created_at&start_time=2024-08-30T00:00:00.00Z&end_time=2024-08-31T00:00:00.00Z&next_token=1234567890abcdef
[2024-09-03 11:30:35,484] {twitter_hook.py:65} INFO - URL: https://labdados.com/2/tweets/search/recent?query=data engineer&tweet.fields=author_id,conversation_id,created_at,id,in_reply_to_user_id,public_metrics,lang,text&expansions=author_id&user.fields=id,name,username,created_at&start_time=2024-08-30T00:00:00.00Z&end_time=2024-08-31T00:00:00.00Z&next_token=1234567890abcdef
[2024-09-03 11:30:35,623] {twitter_hook.py:65} INFO - URL: https://labdados.com/2/tweets/search/recent?query=data engineer&tweet.fields=author_id,conversation_id,created_at,id,in_reply_to_user_id,public_metrics,lang,text&expansions=author_id&user.fields=id,name,username,created_at&start_time=2024-08-30T00:00:00.00Z&end_time=2024-08-31T00:00:00.00Z&next_token=1234567890abcdef
[2024-09-03 11:30:35,763] {twitter_hook.py:65} INFO - URL: https://labdados.com/2/tweets/search/recent?query=data engineer&tweet.fields=author_id,conversation_id,created_at,id,in_reply_to_user_id,public_metrics,lang,text&expansions=author_id&user.fields=id,name,username,created_at&start_time=2024-08-30T00:00:00.00Z&end_time=2024-08-31T00:00:00.00Z&next_token=1234567890abcdef
[2024-09-03 11:30:35,902] {twitter_hook.py:65} INFO - URL: https://labdados.com/2/tweets/search/recent?query=data engineer&tweet.fields=author_id,conversation_id,created_at,id,in_reply_to_user_id,public_metrics,lang,text&expansions=author_id&user.fields=id,name,username,created_at&start_time=2024-08-30T00:00:00.00Z&end_time=2024-08-31T00:00:00.00Z&next_token=1234567890abcdef
[2024-09-03 11:30:36,043] {twitter_hook.py:65} INFO - URL: https://labdados.com/2/tweets/search/recent?query=data engineer&tweet.fields=author_id,conversation_id,created_at,id,in_reply_to_user_id,public_metrics,lang,text&expansions=author_id&user.fields=id,name,username,created_at&start_time=2024-08-30T00:00:00.00Z&end_time=2024-08-31T00:00:00.00Z&next_token=1234567890abcdef
[2024-09-03 11:30:36,183] {twitter_hook.py:65} INFO - URL: https://labdados.com/2/tweets/search/recent?query=data engineer&tweet.fields=author_id,conversation_id,created_at,id,in_reply_to_user_id,public_metrics,lang,text&expansions=author_id&user.fields=id,name,username,created_at&start_time=2024-08-30T00:00:00.00Z&end_time=2024-08-31T00:00:00.00Z&next_token=1234567890abcdef
[2024-09-03 11:30:36,326] {twitter_hook.py:65} INFO - URL: https://labdados.com/2/tweets/search/recent?query=data engineer&tweet.fields=author_id,conversation_id,created_at,id,in_reply_to_user_id,public_metrics,lang,text&expansions=author_id&user.fields=id,name,username,created_at&start_time=2024-08-30T00:00:00.00Z&end_time=2024-08-31T00:00:00.00Z&next_token=1234567890abcdef
[2024-09-03 11:30:36,465] {twitter_hook.py:65} INFO - URL: https://labdados.com/2/tweets/search/recent?query=data engineer&tweet.fields=author_id,conversation_id,created_at,id,in_reply_to_user_id,public_metrics,lang,text&expansions=author_id&user.fields=id,name,username,created_at&start_time=2024-08-30T00:00:00.00Z&end_time=2024-08-31T00:00:00.00Z&next_token=1234567890abcdef
[2024-09-03 11:30:36,612] {twitter_hook.py:65} INFO - URL: https://labdados.com/2/tweets/search/recent?query=data engineer&tweet.fields=author_id,conversation_id,created_at,id,in_reply_to_user_id,public_metrics,lang,text&expansions=author_id&user.fields=id,name,username,created_at&start_time=2024-08-30T00:00:00.00Z&end_time=2024-08-31T00:00:00.00Z&next_token=1234567890abcdef
[2024-09-03 11:30:36,767] {twitter_hook.py:65} INFO - URL: https://labdados.com/2/tweets/search/recent?query=data engineer&tweet.fields=author_id,conversation_id,created_at,id,in_reply_to_user_id,public_metrics,lang,text&expansions=author_id&user.fields=id,name,username,created_at&start_time=2024-08-30T00:00:00.00Z&end_time=2024-08-31T00:00:00.00Z&next_token=1234567890abcdef
[2024-09-03 11:30:36,906] {twitter_hook.py:65} INFO - URL: https://labdados.com/2/tweets/search/recent?query=data engineer&tweet.fields=author_id,conversation_id,created_at,id,in_reply_to_user_id,public_metrics,lang,text&expansions=author_id&user.fields=id,name,username,created_at&start_time=2024-08-30T00:00:00.00Z&end_time=2024-08-31T00:00:00.00Z&next_token=1234567890abcdef
[2024-09-03 11:30:37,046] {twitter_hook.py:65} INFO - URL: https://labdados.com/2/tweets/search/recent?query=data engineer&tweet.fields=author_id,conversation_id,created_at,id,in_reply_to_user_id,public_metrics,lang,text&expansions=author_id&user.fields=id,name,username,created_at&start_time=2024-08-30T00:00:00.00Z&end_time=2024-08-31T00:00:00.00Z&next_token=1234567890abcdef
[2024-09-03 11:30:37,186] {twitter_hook.py:65} INFO - URL: https://labdados.com/2/tweets/search/recent?query=data engineer&tweet.fields=author_id,conversation_id,created_at,id,in_reply_to_user_id,public_metrics,lang,text&expansions=author_id&user.fields=id,name,username,created_at&start_time=2024-08-30T00:00:00.00Z&end_time=2024-08-31T00:00:00.00Z&next_token=1234567890abcdef
[2024-09-03 11:30:37,325] {twitter_hook.py:65} INFO - URL: https://labdados.com/2/tweets/search/recent?query=data engineer&tweet.fields=author_id,conversation_id,created_at,id,in_reply_to_user_id,public_metrics,lang,text&expansions=author_id&user.fields=id,name,username,created_at&start_time=2024-08-30T00:00:00.00Z&end_time=2024-08-31T00:00:00.00Z&next_token=1234567890abcdef
[2024-09-03 11:30:37,462] {twitter_hook.py:65} INFO - URL: https://labdados.com/2/tweets/search/recent?query=data engineer&tweet.fields=author_id,conversation_id,created_at,id,in_reply_to_user_id,public_metrics,lang,text&expansions=author_id&user.fields=id,name,username,created_at&start_time=2024-08-30T00:00:00.00Z&end_time=2024-08-31T00:00:00.00Z&next_token=1234567890abcdef
[2024-09-03 11:30:37,605] {twitter_hook.py:65} INFO - URL: https://labdados.com/2/tweets/search/recent?query=data engineer&tweet.fields=author_id,conversation_id,created_at,id,in_reply_to_user_id,public_metrics,lang,text&expansions=author_id&user.fields=id,name,username,created_at&start_time=2024-08-30T00:00:00.00Z&end_time=2024-08-31T00:00:00.00Z&next_token=1234567890abcdef
[2024-09-03 11:30:37,745] {twitter_hook.py:65} INFO - URL: https://labdados.com/2/tweets/search/recent?query=data engineer&tweet.fields=author_id,conversation_id,created_at,id,in_reply_to_user_id,public_metrics,lang,text&expansions=author_id&user.fields=id,name,username,created_at&start_time=2024-08-30T00:00:00.00Z&end_time=2024-08-31T00:00:00.00Z&next_token=1234567890abcdef
[2024-09-03 11:30:37,889] {twitter_hook.py:65} INFO - URL: https://labdados.com/2/tweets/search/recent?query=data engineer&tweet.fields=author_id,conversation_id,created_at,id,in_reply_to_user_id,public_metrics,lang,text&expansions=author_id&user.fields=id,name,username,created_at&start_time=2024-08-30T00:00:00.00Z&end_time=2024-08-31T00:00:00.00Z&next_token=1234567890abcdef
[2024-09-03 11:30:38,033] {twitter_hook.py:65} INFO - URL: https://labdados.com/2/tweets/search/recent?query=data engineer&tweet.fields=author_id,conversation_id,created_at,id,in_reply_to_user_id,public_metrics,lang,text&expansions=author_id&user.fields=id,name,username,created_at&start_time=2024-08-30T00:00:00.00Z&end_time=2024-08-31T00:00:00.00Z&next_token=1234567890abcdef
[2024-09-03 11:30:38,174] {twitter_hook.py:65} INFO - URL: https://labdados.com/2/tweets/search/recent?query=data engineer&tweet.fields=author_id,conversation_id,created_at,id,in_reply_to_user_id,public_metrics,lang,text&expansions=author_id&user.fields=id,name,username,created_at&start_time=2024-08-30T00:00:00.00Z&end_time=2024-08-31T00:00:00.00Z&next_token=1234567890abcdef
[2024-09-03 11:30:38,318] {twitter_hook.py:65} INFO - URL: https://labdados.com/2/tweets/search/recent?query=data engineer&tweet.fields=author_id,conversation_id,created_at,id,in_reply_to_user_id,public_metrics,lang,text&expansions=author_id&user.fields=id,name,username,created_at&start_time=2024-08-30T00:00:00.00Z&end_time=2024-08-31T00:00:00.00Z&next_token=1234567890abcdef
[2024-09-03 11:30:38,500] {twitter_hook.py:65} INFO - URL: https://labdados.com/2/tweets/search/recent?query=data engineer&tweet.fields=author_id,conversation_id,created_at,id,in_reply_to_user_id,public_metrics,lang,text&expansions=author_id&user.fields=id,name,username,created_at&start_time=2024-08-30T00:00:00.00Z&end_time=2024-08-31T00:00:00.00Z&next_token=1234567890abcdef
[2024-09-03 11:30:38,658] {twitter_hook.py:65} INFO - URL: https://labdados.com/2/tweets/search/recent?query=data engineer&tweet.fields=author_id,conversation_id,created_at,id,in_reply_to_user_id,public_metrics,lang,text&expansions=author_id&user.fields=id,name,username,created_at&start_time=2024-08-30T00:00:00.00Z&end_time=2024-08-31T00:00:00.00Z&next_token=1234567890abcdef
[2024-09-03 11:30:38,798] {twitter_hook.py:65} INFO - URL: https://labdados.com/2/tweets/search/recent?query=data engineer&tweet.fields=author_id,conversation_id,created_at,id,in_reply_to_user_id,public_metrics,lang,text&expansions=author_id&user.fields=id,name,username,created_at&start_time=2024-08-30T00:00:00.00Z&end_time=2024-08-31T00:00:00.00Z&next_token=1234567890abcdef
[2024-09-03 11:30:38,942] {twitter_hook.py:65} INFO - URL: https://labdados.com/2/tweets/search/recent?query=data engineer&tweet.fields=author_id,conversation_id,created_at,id,in_reply_to_user_id,public_metrics,lang,text&expansions=author_id&user.fields=id,name,username,created_at&start_time=2024-08-30T00:00:00.00Z&end_time=2024-08-31T00:00:00.00Z&next_token=1234567890abcdef
[2024-09-03 11:30:39,086] {twitter_hook.py:65} INFO - URL: https://labdados.com/2/tweets/search/recent?query=data engineer&tweet.fields=author_id,conversation_id,created_at,id,in_reply_to_user_id,public_metrics,lang,text&expansions=author_id&user.fields=id,name,username,created_at&start_time=2024-08-30T00:00:00.00Z&end_time=2024-08-31T00:00:00.00Z&next_token=1234567890abcdef
[2024-09-03 11:30:39,229] {twitter_hook.py:65} INFO - URL: https://labdados.com/2/tweets/search/recent?query=data engineer&tweet.fields=author_id,conversation_id,created_at,id,in_reply_to_user_id,public_metrics,lang,text&expansions=author_id&user.fields=id,name,username,created_at&start_time=2024-08-30T00:00:00.00Z&end_time=2024-08-31T00:00:00.00Z&next_token=1234567890abcdef
[2024-09-03 11:30:39,370] {twitter_hook.py:65} INFO - URL: https://labdados.com/2/tweets/search/recent?query=data engineer&tweet.fields=author_id,conversation_id,created_at,id,in_reply_to_user_id,public_metrics,lang,text&expansions=author_id&user.fields=id,name,username,created_at&start_time=2024-08-30T00:00:00.00Z&end_time=2024-08-31T00:00:00.00Z&next_token=1234567890abcdef
[2024-09-03 11:30:39,508] {twitter_hook.py:65} INFO - URL: https://labdados.com/2/tweets/search/recent?query=data engineer&tweet.fields=author_id,conversation_id,created_at,id,in_reply_to_user_id,public_metrics,lang,text&expansions=author_id&user.fields=id,name,username,created_at&start_time=2024-08-30T00:00:00.00Z&end_time=2024-08-31T00:00:00.00Z&next_token=1234567890abcdef
[2024-09-03 11:30:39,646] {twitter_hook.py:65} INFO - URL: https://labdados.com/2/tweets/search/recent?query=data engineer&tweet.fields=author_id,conversation_id,created_at,id,in_reply_to_user_id,public_metrics,lang,text&expansions=author_id&user.fields=id,name,username,created_at&start_time=2024-08-30T00:00:00.00Z&end_time=2024-08-31T00:00:00.00Z&next_token=1234567890abcdef
[2024-09-03 11:30:39,785] {twitter_hook.py:65} INFO - URL: https://labdados.com/2/tweets/search/recent?query=data engineer&tweet.fields=author_id,conversation_id,created_at,id,in_reply_to_user_id,public_metrics,lang,text&expansions=author_id&user.fields=id,name,username,created_at&start_time=2024-08-30T00:00:00.00Z&end_time=2024-08-31T00:00:00.00Z&next_token=1234567890abcdef
[2024-09-03 11:30:39,928] {twitter_hook.py:65} INFO - URL: https://labdados.com/2/tweets/search/recent?query=data engineer&tweet.fields=author_id,conversation_id,created_at,id,in_reply_to_user_id,public_metrics,lang,text&expansions=author_id&user.fields=id,name,username,created_at&start_time=2024-08-30T00:00:00.00Z&end_time=2024-08-31T00:00:00.00Z&next_token=1234567890abcdef
[2024-09-03 11:30:40,068] {twitter_hook.py:65} INFO - URL: https://labdados.com/2/tweets/search/recent?query=data engineer&tweet.fields=author_id,conversation_id,created_at,id,in_reply_to_user_id,public_metrics,lang,text&expansions=author_id&user.fields=id,name,username,created_at&start_time=2024-08-30T00:00:00.00Z&end_time=2024-08-31T00:00:00.00Z&next_token=1234567890abcdef
[2024-09-03 11:30:40,218] {twitter_hook.py:65} INFO - URL: https://labdados.com/2/tweets/search/recent?query=data engineer&tweet.fields=author_id,conversation_id,created_at,id,in_reply_to_user_id,public_metrics,lang,text&expansions=author_id&user.fields=id,name,username,created_at&start_time=2024-08-30T00:00:00.00Z&end_time=2024-08-31T00:00:00.00Z&next_token=1234567890abcdef
[2024-09-03 11:30:40,358] {twitter_hook.py:65} INFO - URL: https://labdados.com/2/tweets/search/recent?query=data engineer&tweet.fields=author_id,conversation_id,created_at,id,in_reply_to_user_id,public_metrics,lang,text&expansions=author_id&user.fields=id,name,username,created_at&start_time=2024-08-30T00:00:00.00Z&end_time=2024-08-31T00:00:00.00Z&next_token=1234567890abcdef
[2024-09-03 11:30:40,498] {twitter_hook.py:65} INFO - URL: https://labdados.com/2/tweets/search/recent?query=data engineer&tweet.fields=author_id,conversation_id,created_at,id,in_reply_to_user_id,public_metrics,lang,text&expansions=author_id&user.fields=id,name,username,created_at&start_time=2024-08-30T00:00:00.00Z&end_time=2024-08-31T00:00:00.00Z&next_token=1234567890abcdef
[2024-09-03 11:30:40,637] {twitter_hook.py:65} INFO - URL: https://labdados.com/2/tweets/search/recent?query=data engineer&tweet.fields=author_id,conversation_id,created_at,id,in_reply_to_user_id,public_metrics,lang,text&expansions=author_id&user.fields=id,name,username,created_at&start_time=2024-08-30T00:00:00.00Z&end_time=2024-08-31T00:00:00.00Z&next_token=1234567890abcdef
[2024-09-03 11:30:40,776] {twitter_hook.py:65} INFO - URL: https://labdados.com/2/tweets/search/recent?query=data engineer&tweet.fields=author_id,conversation_id,created_at,id,in_reply_to_user_id,public_metrics,lang,text&expansions=author_id&user.fields=id,name,username,created_at&start_time=2024-08-30T00:00:00.00Z&end_time=2024-08-31T00:00:00.00Z&next_token=1234567890abcdef
[2024-09-03 11:30:40,916] {twitter_hook.py:65} INFO - URL: https://labdados.com/2/tweets/search/recent?query=data engineer&tweet.fields=author_id,conversation_id,created_at,id,in_reply_to_user_id,public_metrics,lang,text&expansions=author_id&user.fields=id,name,username,created_at&start_time=2024-08-30T00:00:00.00Z&end_time=2024-08-31T00:00:00.00Z&next_token=1234567890abcdef
[2024-09-03 11:30:41,054] {twitter_hook.py:65} INFO - URL: https://labdados.com/2/tweets/search/recent?query=data engineer&tweet.fields=author_id,conversation_id,created_at,id,in_reply_to_user_id,public_metrics,lang,text&expansions=author_id&user.fields=id,name,username,created_at&start_time=2024-08-30T00:00:00.00Z&end_time=2024-08-31T00:00:00.00Z&next_token=1234567890abcdef
[2024-09-03 11:30:41,193] {twitter_hook.py:65} INFO - URL: https://labdados.com/2/tweets/search/recent?query=data engineer&tweet.fields=author_id,conversation_id,created_at,id,in_reply_to_user_id,public_metrics,lang,text&expansions=author_id&user.fields=id,name,username,created_at&start_time=2024-08-30T00:00:00.00Z&end_time=2024-08-31T00:00:00.00Z&next_token=1234567890abcdef
[2024-09-03 11:30:41,333] {twitter_hook.py:65} INFO - URL: https://labdados.com/2/tweets/search/recent?query=data engineer&tweet.fields=author_id,conversation_id,created_at,id,in_reply_to_user_id,public_metrics,lang,text&expansions=author_id&user.fields=id,name,username,created_at&start_time=2024-08-30T00:00:00.00Z&end_time=2024-08-31T00:00:00.00Z&next_token=1234567890abcdef
[2024-09-03 11:30:41,480] {twitter_hook.py:65} INFO - URL: https://labdados.com/2/tweets/search/recent?query=data engineer&tweet.fields=author_id,conversation_id,created_at,id,in_reply_to_user_id,public_metrics,lang,text&expansions=author_id&user.fields=id,name,username,created_at&start_time=2024-08-30T00:00:00.00Z&end_time=2024-08-31T00:00:00.00Z&next_token=1234567890abcdef
[2024-09-03 11:30:41,619] {twitter_hook.py:65} INFO - URL: https://labdados.com/2/tweets/search/recent?query=data engineer&tweet.fields=author_id,conversation_id,created_at,id,in_reply_to_user_id,public_metrics,lang,text&expansions=author_id&user.fields=id,name,username,created_at&start_time=2024-08-30T00:00:00.00Z&end_time=2024-08-31T00:00:00.00Z&next_token=1234567890abcdef
[2024-09-03 11:30:41,757] {twitter_hook.py:65} INFO - URL: https://labdados.com/2/tweets/search/recent?query=data engineer&tweet.fields=author_id,conversation_id,created_at,id,in_reply_to_user_id,public_metrics,lang,text&expansions=author_id&user.fields=id,name,username,created_at&start_time=2024-08-30T00:00:00.00Z&end_time=2024-08-31T00:00:00.00Z&next_token=1234567890abcdef
[2024-09-03 11:30:41,896] {twitter_hook.py:65} INFO - URL: https://labdados.com/2/tweets/search/recent?query=data engineer&tweet.fields=author_id,conversation_id,created_at,id,in_reply_to_user_id,public_metrics,lang,text&expansions=author_id&user.fields=id,name,username,created_at&start_time=2024-08-30T00:00:00.00Z&end_time=2024-08-31T00:00:00.00Z&next_token=1234567890abcdef
[2024-09-03 11:30:42,035] {twitter_hook.py:65} INFO - URL: https://labdados.com/2/tweets/search/recent?query=data engineer&tweet.fields=author_id,conversation_id,created_at,id,in_reply_to_user_id,public_metrics,lang,text&expansions=author_id&user.fields=id,name,username,created_at&start_time=2024-08-30T00:00:00.00Z&end_time=2024-08-31T00:00:00.00Z&next_token=1234567890abcdef
[2024-09-03 11:30:42,174] {twitter_hook.py:65} INFO - URL: https://labdados.com/2/tweets/search/recent?query=data engineer&tweet.fields=author_id,conversation_id,created_at,id,in_reply_to_user_id,public_metrics,lang,text&expansions=author_id&user.fields=id,name,username,created_at&start_time=2024-08-30T00:00:00.00Z&end_time=2024-08-31T00:00:00.00Z&next_token=1234567890abcdef
[2024-09-03 11:30:42,318] {twitter_hook.py:65} INFO - URL: https://labdados.com/2/tweets/search/recent?query=data engineer&tweet.fields=author_id,conversation_id,created_at,id,in_reply_to_user_id,public_metrics,lang,text&expansions=author_id&user.fields=id,name,username,created_at&start_time=2024-08-30T00:00:00.00Z&end_time=2024-08-31T00:00:00.00Z&next_token=1234567890abcdef
[2024-09-03 11:30:42,472] {twitter_hook.py:65} INFO - URL: https://labdados.com/2/tweets/search/recent?query=data engineer&tweet.fields=author_id,conversation_id,created_at,id,in_reply_to_user_id,public_metrics,lang,text&expansions=author_id&user.fields=id,name,username,created_at&start_time=2024-08-30T00:00:00.00Z&end_time=2024-08-31T00:00:00.00Z&next_token=1234567890abcdef
[2024-09-03 11:30:42,611] {twitter_hook.py:65} INFO - URL: https://labdados.com/2/tweets/search/recent?query=data engineer&tweet.fields=author_id,conversation_id,created_at,id,in_reply_to_user_id,public_metrics,lang,text&expansions=author_id&user.fields=id,name,username,created_at&start_time=2024-08-30T00:00:00.00Z&end_time=2024-08-31T00:00:00.00Z&next_token=1234567890abcdef
[2024-09-03 11:30:42,751] {twitter_hook.py:65} INFO - URL: https://labdados.com/2/tweets/search/recent?query=data engineer&tweet.fields=author_id,conversation_id,created_at,id,in_reply_to_user_id,public_metrics,lang,text&expansions=author_id&user.fields=id,name,username,created_at&start_time=2024-08-30T00:00:00.00Z&end_time=2024-08-31T00:00:00.00Z&next_token=1234567890abcdef
[2024-09-03 11:30:42,895] {twitter_hook.py:65} INFO - URL: https://labdados.com/2/tweets/search/recent?query=data engineer&tweet.fields=author_id,conversation_id,created_at,id,in_reply_to_user_id,public_metrics,lang,text&expansions=author_id&user.fields=id,name,username,created_at&start_time=2024-08-30T00:00:00.00Z&end_time=2024-08-31T00:00:00.00Z&next_token=1234567890abcdef
[2024-09-03 11:30:43,037] {twitter_hook.py:65} INFO - URL: https://labdados.com/2/tweets/search/recent?query=data engineer&tweet.fields=author_id,conversation_id,created_at,id,in_reply_to_user_id,public_metrics,lang,text&expansions=author_id&user.fields=id,name,username,created_at&start_time=2024-08-30T00:00:00.00Z&end_time=2024-08-31T00:00:00.00Z&next_token=1234567890abcdef
[2024-09-03 11:30:43,181] {twitter_hook.py:65} INFO - URL: https://labdados.com/2/tweets/search/recent?query=data engineer&tweet.fields=author_id,conversation_id,created_at,id,in_reply_to_user_id,public_metrics,lang,text&expansions=author_id&user.fields=id,name,username,created_at&start_time=2024-08-30T00:00:00.00Z&end_time=2024-08-31T00:00:00.00Z&next_token=1234567890abcdef
[2024-09-03 11:30:43,323] {twitter_hook.py:65} INFO - URL: https://labdados.com/2/tweets/search/recent?query=data engineer&tweet.fields=author_id,conversation_id,created_at,id,in_reply_to_user_id,public_metrics,lang,text&expansions=author_id&user.fields=id,name,username,created_at&start_time=2024-08-30T00:00:00.00Z&end_time=2024-08-31T00:00:00.00Z&next_token=1234567890abcdef
[2024-09-03 11:30:43,465] {twitter_hook.py:65} INFO - URL: https://labdados.com/2/tweets/search/recent?query=data engineer&tweet.fields=author_id,conversation_id,created_at,id,in_reply_to_user_id,public_metrics,lang,text&expansions=author_id&user.fields=id,name,username,created_at&start_time=2024-08-30T00:00:00.00Z&end_time=2024-08-31T00:00:00.00Z&next_token=1234567890abcdef
[2024-09-03 11:30:43,605] {twitter_hook.py:65} INFO - URL: https://labdados.com/2/tweets/search/recent?query=data engineer&tweet.fields=author_id,conversation_id,created_at,id,in_reply_to_user_id,public_metrics,lang,text&expansions=author_id&user.fields=id,name,username,created_at&start_time=2024-08-30T00:00:00.00Z&end_time=2024-08-31T00:00:00.00Z&next_token=1234567890abcdef
[2024-09-03 11:30:43,745] {twitter_hook.py:65} INFO - URL: https://labdados.com/2/tweets/search/recent?query=data engineer&tweet.fields=author_id,conversation_id,created_at,id,in_reply_to_user_id,public_metrics,lang,text&expansions=author_id&user.fields=id,name,username,created_at&start_time=2024-08-30T00:00:00.00Z&end_time=2024-08-31T00:00:00.00Z&next_token=1234567890abcdef
[2024-09-03 11:30:43,884] {twitter_hook.py:65} INFO - URL: https://labdados.com/2/tweets/search/recent?query=data engineer&tweet.fields=author_id,conversation_id,created_at,id,in_reply_to_user_id,public_metrics,lang,text&expansions=author_id&user.fields=id,name,username,created_at&start_time=2024-08-30T00:00:00.00Z&end_time=2024-08-31T00:00:00.00Z&next_token=1234567890abcdef
[2024-09-03 11:30:44,022] {twitter_hook.py:65} INFO - URL: https://labdados.com/2/tweets/search/recent?query=data engineer&tweet.fields=author_id,conversation_id,created_at,id,in_reply_to_user_id,public_metrics,lang,text&expansions=author_id&user.fields=id,name,username,created_at&start_time=2024-08-30T00:00:00.00Z&end_time=2024-08-31T00:00:00.00Z&next_token=1234567890abcdef
[2024-09-03 11:30:44,161] {twitter_hook.py:65} INFO - URL: https://labdados.com/2/tweets/search/recent?query=data engineer&tweet.fields=author_id,conversation_id,created_at,id,in_reply_to_user_id,public_metrics,lang,text&expansions=author_id&user.fields=id,name,username,created_at&start_time=2024-08-30T00:00:00.00Z&end_time=2024-08-31T00:00:00.00Z&next_token=1234567890abcdef
[2024-09-03 11:30:44,317] {twitter_hook.py:65} INFO - URL: https://labdados.com/2/tweets/search/recent?query=data engineer&tweet.fields=author_id,conversation_id,created_at,id,in_reply_to_user_id,public_metrics,lang,text&expansions=author_id&user.fields=id,name,username,created_at&start_time=2024-08-30T00:00:00.00Z&end_time=2024-08-31T00:00:00.00Z&next_token=1234567890abcdef
[2024-09-03 11:30:44,456] {twitter_hook.py:65} INFO - URL: https://labdados.com/2/tweets/search/recent?query=data engineer&tweet.fields=author_id,conversation_id,created_at,id,in_reply_to_user_id,public_metrics,lang,text&expansions=author_id&user.fields=id,name,username,created_at&start_time=2024-08-30T00:00:00.00Z&end_time=2024-08-31T00:00:00.00Z&next_token=1234567890abcdef
[2024-09-03 11:30:44,594] {twitter_hook.py:65} INFO - URL: https://labdados.com/2/tweets/search/recent?query=data engineer&tweet.fields=author_id,conversation_id,created_at,id,in_reply_to_user_id,public_metrics,lang,text&expansions=author_id&user.fields=id,name,username,created_at&start_time=2024-08-30T00:00:00.00Z&end_time=2024-08-31T00:00:00.00Z&next_token=1234567890abcdef
[2024-09-03 11:30:44,732] {twitter_hook.py:65} INFO - URL: https://labdados.com/2/tweets/search/recent?query=data engineer&tweet.fields=author_id,conversation_id,created_at,id,in_reply_to_user_id,public_metrics,lang,text&expansions=author_id&user.fields=id,name,username,created_at&start_time=2024-08-30T00:00:00.00Z&end_time=2024-08-31T00:00:00.00Z&next_token=1234567890abcdef
[2024-09-03 11:30:44,892] {twitter_hook.py:65} INFO - URL: https://labdados.com/2/tweets/search/recent?query=data engineer&tweet.fields=author_id,conversation_id,created_at,id,in_reply_to_user_id,public_metrics,lang,text&expansions=author_id&user.fields=id,name,username,created_at&start_time=2024-08-30T00:00:00.00Z&end_time=2024-08-31T00:00:00.00Z&next_token=1234567890abcdef
[2024-09-03 11:30:45,031] {twitter_hook.py:65} INFO - URL: https://labdados.com/2/tweets/search/recent?query=data engineer&tweet.fields=author_id,conversation_id,created_at,id,in_reply_to_user_id,public_metrics,lang,text&expansions=author_id&user.fields=id,name,username,created_at&start_time=2024-08-30T00:00:00.00Z&end_time=2024-08-31T00:00:00.00Z&next_token=1234567890abcdef
[2024-09-03 11:30:45,178] {twitter_hook.py:65} INFO - URL: https://labdados.com/2/tweets/search/recent?query=data engineer&tweet.fields=author_id,conversation_id,created_at,id,in_reply_to_user_id,public_metrics,lang,text&expansions=author_id&user.fields=id,name,username,created_at&start_time=2024-08-30T00:00:00.00Z&end_time=2024-08-31T00:00:00.00Z&next_token=1234567890abcdef
[2024-09-03 11:30:45,347] {taskinstance.py:1395} INFO - Marking task as SUCCESS. dag_id=Twitter_extractor_DAGs, task_id=bronze_layer_twitter_extration, execution_date=20240830T000000, start_date=20240903T143030, end_date=20240903T143045
[2024-09-03 11:30:45,375] {local_task_job.py:156} INFO - Task exited with return code 0
[2024-09-03 11:30:45,400] {local_task_job.py:273} INFO - 1 downstream tasks scheduled from follow-on schedule check
