[2024-08-29 13:06:37,423] {taskinstance.py:1159} INFO - Dependencies all met for <TaskInstance: Twitter_extractor_DAGs.Operator_function scheduled__2024-08-27T00:00:00+00:00 [queued]>
[2024-08-29 13:06:37,431] {taskinstance.py:1159} INFO - Dependencies all met for <TaskInstance: Twitter_extractor_DAGs.Operator_function scheduled__2024-08-27T00:00:00+00:00 [queued]>
[2024-08-29 13:06:37,431] {taskinstance.py:1356} INFO - 
--------------------------------------------------------------------------------
[2024-08-29 13:06:37,431] {taskinstance.py:1357} INFO - Starting attempt 1 of 1
[2024-08-29 13:06:37,431] {taskinstance.py:1358} INFO - 
--------------------------------------------------------------------------------
[2024-08-29 13:06:37,443] {taskinstance.py:1377} INFO - Executing <Task(TwitterOperator): Operator_function> on 2024-08-27 00:00:00+00:00
[2024-08-29 13:06:37,447] {standard_task_runner.py:52} INFO - Started process 55648 to run task
[2024-08-29 13:06:37,453] {standard_task_runner.py:79} INFO - Running: ['airflow', 'tasks', 'run', 'Twitter_extractor_DAGs', 'Operator_function', 'scheduled__2024-08-27T00:00:00+00:00', '--job-id', '52', '--raw', '--subdir', 'DAGS_FOLDER/twitter_dag.py', '--cfg-path', '/tmp/tmpu32cunvu', '--error-file', '/tmp/tmpdt7r6rkq']
[2024-08-29 13:06:37,454] {standard_task_runner.py:80} INFO - Job 52: Subtask Operator_function
[2024-08-29 13:06:37,505] {task_command.py:370} INFO - Running <TaskInstance: Twitter_extractor_DAGs.Operator_function scheduled__2024-08-27T00:00:00+00:00 [running]> on host kaiwangairflow
[2024-08-29 13:06:37,569] {taskinstance.py:1569} INFO - Exporting the following env vars:
AIRFLOW_CTX_DAG_OWNER=airflow
AIRFLOW_CTX_DAG_ID=Twitter_extractor_DAGs
AIRFLOW_CTX_TASK_ID=Operator_function
AIRFLOW_CTX_EXECUTION_DATE=2024-08-27T00:00:00+00:00
AIRFLOW_CTX_TRY_NUMBER=1
AIRFLOW_CTX_DAG_RUN_ID=scheduled__2024-08-27T00:00:00+00:00
[2024-08-29 13:06:37,576] {base.py:68} INFO - Using connection ID 'twitter_connections_default' for task execution.
[2024-08-29 13:06:37,580] {twitter_hook.py:65} INFO - URL: https://labdados.com/2/tweets/search/recent?query=data engineer&tweet.fields=author_id,conversation_id,created_at,id,in_reply_to_user_id,public_metrics,lang,text&expansions=author_id&user.fields=id,name,username,created_at&start_time=2024-08-27T00:00:00.00Z&end_time=2024-08-28T00:00:00.00Z
[2024-08-29 13:06:38,265] {taskinstance.py:1395} INFO - Marking task as SUCCESS. dag_id=Twitter_extractor_DAGs, task_id=Operator_function, execution_date=20240827T000000, start_date=20240829T160637, end_date=20240829T160638
[2024-08-29 13:06:38,289] {local_task_job.py:156} INFO - Task exited with return code 0
[2024-08-29 13:06:38,305] {local_task_job.py:273} INFO - 0 downstream tasks scheduled from follow-on schedule check
