[2024-09-03 11:02:00,803] {taskinstance.py:1159} INFO - Dependencies all met for <TaskInstance: Twitter_extractor_DAGs.silver_layer_spark_transformation scheduled__2024-08-30T00:00:00+00:00 [queued]>
[2024-09-03 11:02:00,809] {taskinstance.py:1159} INFO - Dependencies all met for <TaskInstance: Twitter_extractor_DAGs.silver_layer_spark_transformation scheduled__2024-08-30T00:00:00+00:00 [queued]>
[2024-09-03 11:02:00,809] {taskinstance.py:1356} INFO - 
--------------------------------------------------------------------------------
[2024-09-03 11:02:00,810] {taskinstance.py:1357} INFO - Starting attempt 1 of 1
[2024-09-03 11:02:00,810] {taskinstance.py:1358} INFO - 
--------------------------------------------------------------------------------
[2024-09-03 11:02:00,820] {taskinstance.py:1377} INFO - Executing <Task(SparkSubmitOperator): silver_layer_spark_transformation> on 2024-08-30 00:00:00+00:00
[2024-09-03 11:02:00,822] {standard_task_runner.py:52} INFO - Started process 167937 to run task
[2024-09-03 11:02:00,826] {standard_task_runner.py:79} INFO - Running: ['airflow', 'tasks', 'run', 'Twitter_extractor_DAGs', 'silver_layer_spark_transformation', 'scheduled__2024-08-30T00:00:00+00:00', '--job-id', '60', '--raw', '--subdir', 'DAGS_FOLDER/twitter_dag.py', '--cfg-path', '/tmp/tmprucuskdw', '--error-file', '/tmp/tmpex3vy51i']
[2024-09-03 11:02:00,826] {standard_task_runner.py:80} INFO - Job 60: Subtask silver_layer_spark_transformation
[2024-09-03 11:02:00,860] {task_command.py:370} INFO - Running <TaskInstance: Twitter_extractor_DAGs.silver_layer_spark_transformation scheduled__2024-08-30T00:00:00+00:00 [running]> on host kaiwangairflow
[2024-09-03 11:02:00,908] {taskinstance.py:1569} INFO - Exporting the following env vars:
AIRFLOW_CTX_DAG_OWNER=airflow
AIRFLOW_CTX_DAG_ID=Twitter_extractor_DAGs
AIRFLOW_CTX_TASK_ID=silver_layer_spark_transformation
AIRFLOW_CTX_EXECUTION_DATE=2024-08-30T00:00:00+00:00
AIRFLOW_CTX_TRY_NUMBER=1
AIRFLOW_CTX_DAG_RUN_ID=scheduled__2024-08-30T00:00:00+00:00
[2024-09-03 11:02:00,911] {base.py:68} INFO - Using connection ID 'spark_default' for task execution.
[2024-09-03 11:02:00,911] {spark_submit.py:344} INFO - Spark-Submit cmd: spark-submit --master yarn --name spark_transformation --queue root.default src/notebooks/transforms_func.py --src datalake/twitter_dataengineer --dest datalake/silver/ --process-data 20240830
[2024-09-03 11:02:01,942] {spark_submit.py:495} INFO - 24/09/03 11:02:01 WARN Utils: Your hostname, kaiwangairflow resolves to a loopback address: 127.0.1.1; using 192.168.2.128 instead (on interface ens33)
[2024-09-03 11:02:01,943] {spark_submit.py:495} INFO - 24/09/03 11:02:01 WARN Utils: Set SPARK_LOCAL_IP if you need to bind to another address
[2024-09-03 11:02:01,988] {spark_submit.py:495} INFO - Exception in thread "main" org.apache.spark.SparkException: When running with master 'yarn' either HADOOP_CONF_DIR or YARN_CONF_DIR must be set in the environment.
[2024-09-03 11:02:01,989] {spark_submit.py:495} INFO - at org.apache.spark.deploy.SparkSubmitArguments.error(SparkSubmitArguments.scala:631)
[2024-09-03 11:02:01,989] {spark_submit.py:495} INFO - at org.apache.spark.deploy.SparkSubmitArguments.validateSubmitArguments(SparkSubmitArguments.scala:271)
[2024-09-03 11:02:01,989] {spark_submit.py:495} INFO - at org.apache.spark.deploy.SparkSubmitArguments.validateArguments(SparkSubmitArguments.scala:234)
[2024-09-03 11:02:01,989] {spark_submit.py:495} INFO - at org.apache.spark.deploy.SparkSubmitArguments.<init>(SparkSubmitArguments.scala:119)
[2024-09-03 11:02:01,989] {spark_submit.py:495} INFO - at org.apache.spark.deploy.SparkSubmit$$anon$2$$anon$3.<init>(SparkSubmit.scala:1022)
[2024-09-03 11:02:01,989] {spark_submit.py:495} INFO - at org.apache.spark.deploy.SparkSubmit$$anon$2.parseArguments(SparkSubmit.scala:1022)
[2024-09-03 11:02:01,989] {spark_submit.py:495} INFO - at org.apache.spark.deploy.SparkSubmit.doSubmit(SparkSubmit.scala:85)
[2024-09-03 11:02:01,989] {spark_submit.py:495} INFO - at org.apache.spark.deploy.SparkSubmit$$anon$2.doSubmit(SparkSubmit.scala:1039)
[2024-09-03 11:02:01,989] {spark_submit.py:495} INFO - at org.apache.spark.deploy.SparkSubmit$.main(SparkSubmit.scala:1048)
[2024-09-03 11:02:01,989] {spark_submit.py:495} INFO - at org.apache.spark.deploy.SparkSubmit.main(SparkSubmit.scala)
[2024-09-03 11:02:02,003] {taskinstance.py:1889} ERROR - Task failed with exception
Traceback (most recent call last):
  File "/home/kai/Documents/PROJETOS/twitter_extractor_airflow/venv/lib/python3.9/site-packages/airflow/providers/apache/spark/operators/spark_submit.py", line 157, in execute
    self._hook.submit(self._application)
  File "/home/kai/Documents/PROJETOS/twitter_extractor_airflow/venv/lib/python3.9/site-packages/airflow/providers/apache/spark/hooks/spark_submit.py", line 426, in submit
    raise AirflowException(
airflow.exceptions.AirflowException: Cannot execute: spark-submit --master yarn --name spark_transformation --queue root.default src/notebooks/transforms_func.py --src datalake/twitter_dataengineer --dest datalake/silver/ --process-data 20240830. Error code is: 1.
[2024-09-03 11:02:02,005] {taskinstance.py:1395} INFO - Marking task as FAILED. dag_id=Twitter_extractor_DAGs, task_id=silver_layer_spark_transformation, execution_date=20240830T000000, start_date=20240903T140200, end_date=20240903T140202
[2024-09-03 11:02:02,016] {standard_task_runner.py:92} ERROR - Failed to execute job 60 for task silver_layer_spark_transformation (Cannot execute: spark-submit --master yarn --name spark_transformation --queue root.default src/notebooks/transforms_func.py --src datalake/twitter_dataengineer --dest datalake/silver/ --process-data 20240830. Error code is: 1.; 167937)
[2024-09-03 11:02:02,037] {local_task_job.py:156} INFO - Task exited with return code 1
[2024-09-03 11:02:02,054] {local_task_job.py:273} INFO - 0 downstream tasks scheduled from follow-on schedule check
[2024-09-03 11:03:40,545] {taskinstance.py:1159} INFO - Dependencies all met for <TaskInstance: Twitter_extractor_DAGs.silver_layer_spark_transformation scheduled__2024-08-30T00:00:00+00:00 [queued]>
[2024-09-03 11:03:40,552] {taskinstance.py:1159} INFO - Dependencies all met for <TaskInstance: Twitter_extractor_DAGs.silver_layer_spark_transformation scheduled__2024-08-30T00:00:00+00:00 [queued]>
[2024-09-03 11:03:40,552] {taskinstance.py:1356} INFO - 
--------------------------------------------------------------------------------
[2024-09-03 11:03:40,552] {taskinstance.py:1357} INFO - Starting attempt 1 of 1
[2024-09-03 11:03:40,552] {taskinstance.py:1358} INFO - 
--------------------------------------------------------------------------------
[2024-09-03 11:03:40,563] {taskinstance.py:1377} INFO - Executing <Task(SparkSubmitOperator): silver_layer_spark_transformation> on 2024-08-30 00:00:00+00:00
[2024-09-03 11:03:40,566] {standard_task_runner.py:52} INFO - Started process 169384 to run task
[2024-09-03 11:03:40,568] {standard_task_runner.py:79} INFO - Running: ['airflow', 'tasks', 'run', 'Twitter_extractor_DAGs', 'silver_layer_spark_transformation', 'scheduled__2024-08-30T00:00:00+00:00', '--job-id', '63', '--raw', '--subdir', 'DAGS_FOLDER/twitter_dag.py', '--cfg-path', '/tmp/tmp2ig2883a', '--error-file', '/tmp/tmpq8o8_bfd']
[2024-09-03 11:03:40,569] {standard_task_runner.py:80} INFO - Job 63: Subtask silver_layer_spark_transformation
[2024-09-03 11:03:40,598] {task_command.py:370} INFO - Running <TaskInstance: Twitter_extractor_DAGs.silver_layer_spark_transformation scheduled__2024-08-30T00:00:00+00:00 [running]> on host kaiwangairflow
[2024-09-03 11:03:40,635] {taskinstance.py:1569} INFO - Exporting the following env vars:
AIRFLOW_CTX_DAG_OWNER=airflow
AIRFLOW_CTX_DAG_ID=Twitter_extractor_DAGs
AIRFLOW_CTX_TASK_ID=silver_layer_spark_transformation
AIRFLOW_CTX_EXECUTION_DATE=2024-08-30T00:00:00+00:00
AIRFLOW_CTX_TRY_NUMBER=1
AIRFLOW_CTX_DAG_RUN_ID=scheduled__2024-08-30T00:00:00+00:00
[2024-09-03 11:03:40,638] {base.py:68} INFO - Using connection ID 'spark_default' for task execution.
[2024-09-03 11:03:40,639] {spark_submit.py:344} INFO - Spark-Submit cmd: spark-submit --master local --name spark_transformation --queue root.default src/notebooks/transforms_func.py --src datalake/twitter_dataengineer --dest datalake/silver/ --process-data 20240830
[2024-09-03 11:03:41,611] {spark_submit.py:495} INFO - 24/09/03 11:03:41 WARN Utils: Your hostname, kaiwangairflow resolves to a loopback address: 127.0.1.1; using 192.168.2.128 instead (on interface ens33)
[2024-09-03 11:03:41,612] {spark_submit.py:495} INFO - 24/09/03 11:03:41 WARN Utils: Set SPARK_LOCAL_IP if you need to bind to another address
[2024-09-03 11:03:41,930] {spark_submit.py:495} INFO - 24/09/03 11:03:41 WARN NativeCodeLoader: Unable to load native-hadoop library for your platform... using builtin-java classes where applicable
[2024-09-03 11:03:42,357] {spark_submit.py:495} INFO - Traceback (most recent call last):
[2024-09-03 11:03:42,358] {spark_submit.py:495} INFO - File "/home/kai/Documents/PROJETOS/twitter_extractor_airflow/src/notebooks/transforms_func.py", line 71, in <module>
[2024-09-03 11:03:42,358] {spark_submit.py:495} INFO - spark = (SparkSession.Builder
[2024-09-03 11:03:42,358] {spark_submit.py:495} INFO - TypeError: appName() missing 1 required positional argument: 'name'
[2024-09-03 11:03:42,386] {spark_submit.py:495} INFO - log4j:WARN No appenders could be found for logger (org.apache.spark.util.ShutdownHookManager).
[2024-09-03 11:03:42,387] {spark_submit.py:495} INFO - log4j:WARN Please initialize the log4j system properly.
[2024-09-03 11:03:42,387] {spark_submit.py:495} INFO - log4j:WARN See http://logging.apache.org/log4j/1.2/faq.html#noconfig for more info.
[2024-09-03 11:03:42,429] {taskinstance.py:1889} ERROR - Task failed with exception
Traceback (most recent call last):
  File "/home/kai/Documents/PROJETOS/twitter_extractor_airflow/venv/lib/python3.9/site-packages/airflow/providers/apache/spark/operators/spark_submit.py", line 157, in execute
    self._hook.submit(self._application)
  File "/home/kai/Documents/PROJETOS/twitter_extractor_airflow/venv/lib/python3.9/site-packages/airflow/providers/apache/spark/hooks/spark_submit.py", line 426, in submit
    raise AirflowException(
airflow.exceptions.AirflowException: Cannot execute: spark-submit --master local --name spark_transformation --queue root.default src/notebooks/transforms_func.py --src datalake/twitter_dataengineer --dest datalake/silver/ --process-data 20240830. Error code is: 1.
[2024-09-03 11:03:42,433] {taskinstance.py:1395} INFO - Marking task as FAILED. dag_id=Twitter_extractor_DAGs, task_id=silver_layer_spark_transformation, execution_date=20240830T000000, start_date=20240903T140340, end_date=20240903T140342
[2024-09-03 11:03:42,449] {standard_task_runner.py:92} ERROR - Failed to execute job 63 for task silver_layer_spark_transformation (Cannot execute: spark-submit --master local --name spark_transformation --queue root.default src/notebooks/transforms_func.py --src datalake/twitter_dataengineer --dest datalake/silver/ --process-data 20240830. Error code is: 1.; 169384)
[2024-09-03 11:03:42,478] {local_task_job.py:156} INFO - Task exited with return code 1
[2024-09-03 11:03:42,499] {local_task_job.py:273} INFO - 0 downstream tasks scheduled from follow-on schedule check
[2024-09-03 11:11:20,039] {taskinstance.py:1159} INFO - Dependencies all met for <TaskInstance: Twitter_extractor_DAGs.silver_layer_spark_transformation scheduled__2024-08-30T00:00:00+00:00 [queued]>
[2024-09-03 11:11:20,047] {taskinstance.py:1159} INFO - Dependencies all met for <TaskInstance: Twitter_extractor_DAGs.silver_layer_spark_transformation scheduled__2024-08-30T00:00:00+00:00 [queued]>
[2024-09-03 11:11:20,047] {taskinstance.py:1356} INFO - 
--------------------------------------------------------------------------------
[2024-09-03 11:11:20,047] {taskinstance.py:1357} INFO - Starting attempt 1 of 1
[2024-09-03 11:11:20,047] {taskinstance.py:1358} INFO - 
--------------------------------------------------------------------------------
[2024-09-03 11:11:20,058] {taskinstance.py:1377} INFO - Executing <Task(SparkSubmitOperator): silver_layer_spark_transformation> on 2024-08-30 00:00:00+00:00
[2024-09-03 11:11:20,061] {standard_task_runner.py:52} INFO - Started process 172182 to run task
[2024-09-03 11:11:20,064] {standard_task_runner.py:79} INFO - Running: ['airflow', 'tasks', 'run', 'Twitter_extractor_DAGs', 'silver_layer_spark_transformation', 'scheduled__2024-08-30T00:00:00+00:00', '--job-id', '63', '--raw', '--subdir', 'DAGS_FOLDER/twitter_dag.py', '--cfg-path', '/tmp/tmpz8uwohz3', '--error-file', '/tmp/tmpa32cruwn']
[2024-09-03 11:11:20,064] {standard_task_runner.py:80} INFO - Job 63: Subtask silver_layer_spark_transformation
[2024-09-03 11:11:20,110] {task_command.py:370} INFO - Running <TaskInstance: Twitter_extractor_DAGs.silver_layer_spark_transformation scheduled__2024-08-30T00:00:00+00:00 [running]> on host kaiwangairflow
[2024-09-03 11:11:20,164] {taskinstance.py:1569} INFO - Exporting the following env vars:
AIRFLOW_CTX_DAG_OWNER=airflow
AIRFLOW_CTX_DAG_ID=Twitter_extractor_DAGs
AIRFLOW_CTX_TASK_ID=silver_layer_spark_transformation
AIRFLOW_CTX_EXECUTION_DATE=2024-08-30T00:00:00+00:00
AIRFLOW_CTX_TRY_NUMBER=1
AIRFLOW_CTX_DAG_RUN_ID=scheduled__2024-08-30T00:00:00+00:00
[2024-09-03 11:11:20,169] {base.py:68} INFO - Using connection ID 'spark_default' for task execution.
[2024-09-03 11:11:20,170] {spark_submit.py:344} INFO - Spark-Submit cmd: spark-submit --master local --name twitter transformation --queue root.default src/notebooks/transforms_func.py --src datalake/twitter_dataengineer --dest datalake/silver/ --process-data 20240830
[2024-09-03 11:11:21,381] {spark_submit.py:495} INFO - 24/09/03 11:11:21 WARN Utils: Your hostname, kaiwangairflow resolves to a loopback address: 127.0.1.1; using 192.168.2.128 instead (on interface ens33)
[2024-09-03 11:11:21,381] {spark_submit.py:495} INFO - 24/09/03 11:11:21 WARN Utils: Set SPARK_LOCAL_IP if you need to bind to another address
[2024-09-03 11:11:21,850] {spark_submit.py:495} INFO - 24/09/03 11:11:21 WARN NativeCodeLoader: Unable to load native-hadoop library for your platform... using builtin-java classes where applicable
[2024-09-03 11:11:22,469] {spark_submit.py:495} INFO - Traceback (most recent call last):
[2024-09-03 11:11:22,469] {spark_submit.py:495} INFO - File "/home/kai/Documents/PROJETOS/twitter_extractor_airflow/src/notebooks/transforms_func.py", line 71, in <module>
[2024-09-03 11:11:22,469] {spark_submit.py:495} INFO - spark = (SparkSession.Builder
[2024-09-03 11:11:22,469] {spark_submit.py:495} INFO - TypeError: appName() missing 1 required positional argument: 'name'
[2024-09-03 11:11:22,499] {spark_submit.py:495} INFO - log4j:WARN No appenders could be found for logger (org.apache.spark.util.ShutdownHookManager).
[2024-09-03 11:11:22,499] {spark_submit.py:495} INFO - log4j:WARN Please initialize the log4j system properly.
[2024-09-03 11:11:22,499] {spark_submit.py:495} INFO - log4j:WARN See http://logging.apache.org/log4j/1.2/faq.html#noconfig for more info.
[2024-09-03 11:11:22,554] {taskinstance.py:1889} ERROR - Task failed with exception
Traceback (most recent call last):
  File "/home/kai/Documents/PROJETOS/twitter_extractor_airflow/venv/lib/python3.9/site-packages/airflow/providers/apache/spark/operators/spark_submit.py", line 157, in execute
    self._hook.submit(self._application)
  File "/home/kai/Documents/PROJETOS/twitter_extractor_airflow/venv/lib/python3.9/site-packages/airflow/providers/apache/spark/hooks/spark_submit.py", line 426, in submit
    raise AirflowException(
airflow.exceptions.AirflowException: Cannot execute: spark-submit --master local --name twitter transformation --queue root.default src/notebooks/transforms_func.py --src datalake/twitter_dataengineer --dest datalake/silver/ --process-data 20240830. Error code is: 1.
[2024-09-03 11:11:22,556] {taskinstance.py:1395} INFO - Marking task as FAILED. dag_id=Twitter_extractor_DAGs, task_id=silver_layer_spark_transformation, execution_date=20240830T000000, start_date=20240903T141120, end_date=20240903T141122
[2024-09-03 11:11:22,569] {standard_task_runner.py:92} ERROR - Failed to execute job 63 for task silver_layer_spark_transformation (Cannot execute: spark-submit --master local --name twitter transformation --queue root.default src/notebooks/transforms_func.py --src datalake/twitter_dataengineer --dest datalake/silver/ --process-data 20240830. Error code is: 1.; 172182)
[2024-09-03 11:11:22,593] {local_task_job.py:156} INFO - Task exited with return code 1
[2024-09-03 11:11:22,614] {local_task_job.py:273} INFO - 0 downstream tasks scheduled from follow-on schedule check
[2024-09-03 11:23:31,780] {taskinstance.py:1159} INFO - Dependencies all met for <TaskInstance: Twitter_extractor_DAGs.silver_layer_spark_transformation scheduled__2024-08-30T00:00:00+00:00 [queued]>
[2024-09-03 11:23:31,788] {taskinstance.py:1159} INFO - Dependencies all met for <TaskInstance: Twitter_extractor_DAGs.silver_layer_spark_transformation scheduled__2024-08-30T00:00:00+00:00 [queued]>
[2024-09-03 11:23:31,788] {taskinstance.py:1356} INFO - 
--------------------------------------------------------------------------------
[2024-09-03 11:23:31,789] {taskinstance.py:1357} INFO - Starting attempt 1 of 1
[2024-09-03 11:23:31,789] {taskinstance.py:1358} INFO - 
--------------------------------------------------------------------------------
[2024-09-03 11:23:31,805] {taskinstance.py:1377} INFO - Executing <Task(SparkSubmitOperator): silver_layer_spark_transformation> on 2024-08-30 00:00:00+00:00
[2024-09-03 11:23:31,808] {standard_task_runner.py:52} INFO - Started process 177106 to run task
[2024-09-03 11:23:31,811] {standard_task_runner.py:79} INFO - Running: ['airflow', 'tasks', 'run', 'Twitter_extractor_DAGs', 'silver_layer_spark_transformation', 'scheduled__2024-08-30T00:00:00+00:00', '--job-id', '64', '--raw', '--subdir', 'DAGS_FOLDER/twitter_dag.py', '--cfg-path', '/tmp/tmpr3y9lfd8', '--error-file', '/tmp/tmpnixrg71b']
[2024-09-03 11:23:31,811] {standard_task_runner.py:80} INFO - Job 64: Subtask silver_layer_spark_transformation
[2024-09-03 11:23:31,853] {task_command.py:370} INFO - Running <TaskInstance: Twitter_extractor_DAGs.silver_layer_spark_transformation scheduled__2024-08-30T00:00:00+00:00 [running]> on host kaiwangairflow
[2024-09-03 11:23:31,907] {taskinstance.py:1569} INFO - Exporting the following env vars:
AIRFLOW_CTX_DAG_OWNER=airflow
AIRFLOW_CTX_DAG_ID=Twitter_extractor_DAGs
AIRFLOW_CTX_TASK_ID=silver_layer_spark_transformation
AIRFLOW_CTX_EXECUTION_DATE=2024-08-30T00:00:00+00:00
AIRFLOW_CTX_TRY_NUMBER=1
AIRFLOW_CTX_DAG_RUN_ID=scheduled__2024-08-30T00:00:00+00:00
[2024-09-03 11:23:31,912] {base.py:68} INFO - Using connection ID 'spark_default' for task execution.
[2024-09-03 11:23:31,913] {spark_submit.py:344} INFO - Spark-Submit cmd: spark-submit --master local --name twitter_transformation --queue root.default src/notebooks/transforms_func.py --src /home/kai/Documents/PROJETOS/twitter_extractor_airflow/datalake/bronze/twitter_dataengineer --dest /home/kai/Documents/PROJETOS/twitter_extractor_airflow/datalake/silver/ --process-data 20240830
[2024-09-03 11:23:33,318] {spark_submit.py:495} INFO - 24/09/03 11:23:33 WARN Utils: Your hostname, kaiwangairflow resolves to a loopback address: 127.0.1.1; using 192.168.2.128 instead (on interface ens33)
[2024-09-03 11:23:33,319] {spark_submit.py:495} INFO - 24/09/03 11:23:33 WARN Utils: Set SPARK_LOCAL_IP if you need to bind to another address
[2024-09-03 11:23:33,735] {spark_submit.py:495} INFO - 24/09/03 11:23:33 WARN NativeCodeLoader: Unable to load native-hadoop library for your platform... using builtin-java classes where applicable
[2024-09-03 11:23:34,256] {spark_submit.py:495} INFO - Traceback (most recent call last):
[2024-09-03 11:23:34,256] {spark_submit.py:495} INFO - File "/home/kai/Documents/PROJETOS/twitter_extractor_airflow/src/notebooks/transforms_func.py", line 71, in <module>
[2024-09-03 11:23:34,256] {spark_submit.py:495} INFO - spark = (SparkSession.Builder
[2024-09-03 11:23:34,256] {spark_submit.py:495} INFO - TypeError: appName() missing 1 required positional argument: 'name'
[2024-09-03 11:23:34,285] {spark_submit.py:495} INFO - log4j:WARN No appenders could be found for logger (org.apache.spark.util.ShutdownHookManager).
[2024-09-03 11:23:34,285] {spark_submit.py:495} INFO - log4j:WARN Please initialize the log4j system properly.
[2024-09-03 11:23:34,285] {spark_submit.py:495} INFO - log4j:WARN See http://logging.apache.org/log4j/1.2/faq.html#noconfig for more info.
[2024-09-03 11:23:34,331] {taskinstance.py:1889} ERROR - Task failed with exception
Traceback (most recent call last):
  File "/home/kai/Documents/PROJETOS/twitter_extractor_airflow/venv/lib/python3.9/site-packages/airflow/providers/apache/spark/operators/spark_submit.py", line 157, in execute
    self._hook.submit(self._application)
  File "/home/kai/Documents/PROJETOS/twitter_extractor_airflow/venv/lib/python3.9/site-packages/airflow/providers/apache/spark/hooks/spark_submit.py", line 426, in submit
    raise AirflowException(
airflow.exceptions.AirflowException: Cannot execute: spark-submit --master local --name twitter_transformation --queue root.default src/notebooks/transforms_func.py --src /home/kai/Documents/PROJETOS/twitter_extractor_airflow/datalake/bronze/twitter_dataengineer --dest /home/kai/Documents/PROJETOS/twitter_extractor_airflow/datalake/silver/ --process-data 20240830. Error code is: 1.
[2024-09-03 11:23:34,334] {taskinstance.py:1395} INFO - Marking task as FAILED. dag_id=Twitter_extractor_DAGs, task_id=silver_layer_spark_transformation, execution_date=20240830T000000, start_date=20240903T142331, end_date=20240903T142334
[2024-09-03 11:23:34,345] {standard_task_runner.py:92} ERROR - Failed to execute job 64 for task silver_layer_spark_transformation (Cannot execute: spark-submit --master local --name twitter_transformation --queue root.default src/notebooks/transforms_func.py --src /home/kai/Documents/PROJETOS/twitter_extractor_airflow/datalake/bronze/twitter_dataengineer --dest /home/kai/Documents/PROJETOS/twitter_extractor_airflow/datalake/silver/ --process-data 20240830. Error code is: 1.; 177106)
[2024-09-03 11:23:34,372] {local_task_job.py:156} INFO - Task exited with return code 1
[2024-09-03 11:23:34,388] {local_task_job.py:273} INFO - 0 downstream tasks scheduled from follow-on schedule check
[2024-09-03 11:30:46,371] {taskinstance.py:1159} INFO - Dependencies all met for <TaskInstance: Twitter_extractor_DAGs.silver_layer_spark_transformation scheduled__2024-08-30T00:00:00+00:00 [queued]>
[2024-09-03 11:30:46,376] {taskinstance.py:1159} INFO - Dependencies all met for <TaskInstance: Twitter_extractor_DAGs.silver_layer_spark_transformation scheduled__2024-08-30T00:00:00+00:00 [queued]>
[2024-09-03 11:30:46,377] {taskinstance.py:1356} INFO - 
--------------------------------------------------------------------------------
[2024-09-03 11:30:46,377] {taskinstance.py:1357} INFO - Starting attempt 1 of 1
[2024-09-03 11:30:46,377] {taskinstance.py:1358} INFO - 
--------------------------------------------------------------------------------
[2024-09-03 11:30:46,389] {taskinstance.py:1377} INFO - Executing <Task(SparkSubmitOperator): silver_layer_spark_transformation> on 2024-08-30 00:00:00+00:00
[2024-09-03 11:30:46,392] {standard_task_runner.py:52} INFO - Started process 180337 to run task
[2024-09-03 11:30:46,395] {standard_task_runner.py:79} INFO - Running: ['airflow', 'tasks', 'run', 'Twitter_extractor_DAGs', 'silver_layer_spark_transformation', 'scheduled__2024-08-30T00:00:00+00:00', '--job-id', '63', '--raw', '--subdir', 'DAGS_FOLDER/twitter_dag.py', '--cfg-path', '/tmp/tmpxl4zp56o', '--error-file', '/tmp/tmpsgv0n2fz']
[2024-09-03 11:30:46,396] {standard_task_runner.py:80} INFO - Job 63: Subtask silver_layer_spark_transformation
[2024-09-03 11:30:46,432] {task_command.py:370} INFO - Running <TaskInstance: Twitter_extractor_DAGs.silver_layer_spark_transformation scheduled__2024-08-30T00:00:00+00:00 [running]> on host kaiwangairflow
[2024-09-03 11:30:46,471] {taskinstance.py:1569} INFO - Exporting the following env vars:
AIRFLOW_CTX_DAG_OWNER=airflow
AIRFLOW_CTX_DAG_ID=Twitter_extractor_DAGs
AIRFLOW_CTX_TASK_ID=silver_layer_spark_transformation
AIRFLOW_CTX_EXECUTION_DATE=2024-08-30T00:00:00+00:00
AIRFLOW_CTX_TRY_NUMBER=1
AIRFLOW_CTX_DAG_RUN_ID=scheduled__2024-08-30T00:00:00+00:00
[2024-09-03 11:30:46,474] {base.py:68} INFO - Using connection ID 'spark_default' for task execution.
[2024-09-03 11:30:46,475] {spark_submit.py:344} INFO - Spark-Submit cmd: spark-submit --master local --name twitter_transformation --queue root.default src/notebooks/transforms_func.py --src /home/kai/Documents/PROJETOS/twitter_extractor_airflow/datalake/bronze/twitter_dataengineer --dest /home/kai/Documents/PROJETOS/twitter_extractor_airflow/datalake/silver/ --process-data 20240830
[2024-09-03 11:30:47,573] {spark_submit.py:495} INFO - 24/09/03 11:30:47 WARN Utils: Your hostname, kaiwangairflow resolves to a loopback address: 127.0.1.1; using 192.168.2.128 instead (on interface ens33)
[2024-09-03 11:30:47,573] {spark_submit.py:495} INFO - 24/09/03 11:30:47 WARN Utils: Set SPARK_LOCAL_IP if you need to bind to another address
[2024-09-03 11:30:47,895] {spark_submit.py:495} INFO - 24/09/03 11:30:47 WARN NativeCodeLoader: Unable to load native-hadoop library for your platform... using builtin-java classes where applicable
[2024-09-03 11:30:48,422] {spark_submit.py:495} INFO - Using Spark's default log4j profile: org/apache/spark/log4j-defaults.properties
[2024-09-03 11:30:48,431] {spark_submit.py:495} INFO - 24/09/03 11:30:48 INFO SparkContext: Running Spark version 3.1.3
[2024-09-03 11:30:48,473] {spark_submit.py:495} INFO - 24/09/03 11:30:48 INFO ResourceUtils: ==============================================================
[2024-09-03 11:30:48,474] {spark_submit.py:495} INFO - 24/09/03 11:30:48 INFO ResourceUtils: No custom resources configured for spark.driver.
[2024-09-03 11:30:48,474] {spark_submit.py:495} INFO - 24/09/03 11:30:48 INFO ResourceUtils: ==============================================================
[2024-09-03 11:30:48,475] {spark_submit.py:495} INFO - 24/09/03 11:30:48 INFO SparkContext: Submitted application: twitter_transformation
[2024-09-03 11:30:48,499] {spark_submit.py:495} INFO - 24/09/03 11:30:48 INFO ResourceProfile: Default ResourceProfile created, executor resources: Map(cores -> name: cores, amount: 1, script: , vendor: , memory -> name: memory, amount: 1024, script: , vendor: , offHeap -> name: offHeap, amount: 0, script: , vendor: ), task resources: Map(cpus -> name: cpus, amount: 1.0)
[2024-09-03 11:30:48,509] {spark_submit.py:495} INFO - 24/09/03 11:30:48 INFO ResourceProfile: Limiting resource is cpu
[2024-09-03 11:30:48,510] {spark_submit.py:495} INFO - 24/09/03 11:30:48 INFO ResourceProfileManager: Added ResourceProfile id: 0
[2024-09-03 11:30:48,549] {spark_submit.py:495} INFO - 24/09/03 11:30:48 INFO SecurityManager: Changing view acls to: kai
[2024-09-03 11:30:48,551] {spark_submit.py:495} INFO - 24/09/03 11:30:48 INFO SecurityManager: Changing modify acls to: kai
[2024-09-03 11:30:48,551] {spark_submit.py:495} INFO - 24/09/03 11:30:48 INFO SecurityManager: Changing view acls groups to:
[2024-09-03 11:30:48,551] {spark_submit.py:495} INFO - 24/09/03 11:30:48 INFO SecurityManager: Changing modify acls groups to:
[2024-09-03 11:30:48,551] {spark_submit.py:495} INFO - 24/09/03 11:30:48 INFO SecurityManager: SecurityManager: authentication disabled; ui acls disabled; users  with view permissions: Set(kai); groups with view permissions: Set(); users  with modify permissions: Set(kai); groups with modify permissions: Set()
[2024-09-03 11:30:48,694] {spark_submit.py:495} INFO - 24/09/03 11:30:48 INFO Utils: Successfully started service 'sparkDriver' on port 39085.
[2024-09-03 11:30:48,717] {spark_submit.py:495} INFO - 24/09/03 11:30:48 INFO SparkEnv: Registering MapOutputTracker
[2024-09-03 11:30:48,755] {spark_submit.py:495} INFO - 24/09/03 11:30:48 INFO SparkEnv: Registering BlockManagerMaster
[2024-09-03 11:30:48,772] {spark_submit.py:495} INFO - 24/09/03 11:30:48 INFO BlockManagerMasterEndpoint: Using org.apache.spark.storage.DefaultTopologyMapper for getting topology information
[2024-09-03 11:30:48,772] {spark_submit.py:495} INFO - 24/09/03 11:30:48 INFO BlockManagerMasterEndpoint: BlockManagerMasterEndpoint up
[2024-09-03 11:30:48,775] {spark_submit.py:495} INFO - 24/09/03 11:30:48 INFO SparkEnv: Registering BlockManagerMasterHeartbeat
[2024-09-03 11:30:48,790] {spark_submit.py:495} INFO - 24/09/03 11:30:48 INFO DiskBlockManager: Created local directory at /tmp/blockmgr-580f0834-9f8a-4fff-8fcb-62bcc9ec4a25
[2024-09-03 11:30:48,808] {spark_submit.py:495} INFO - 24/09/03 11:30:48 INFO MemoryStore: MemoryStore started with capacity 366.3 MiB
[2024-09-03 11:30:48,829] {spark_submit.py:495} INFO - 24/09/03 11:30:48 INFO SparkEnv: Registering OutputCommitCoordinator
[2024-09-03 11:30:49,089] {spark_submit.py:495} INFO - 24/09/03 11:30:49 INFO Utils: Successfully started service 'SparkUI' on port 4040.
[2024-09-03 11:30:49,152] {spark_submit.py:495} INFO - 24/09/03 11:30:49 INFO SparkUI: Bound SparkUI to 0.0.0.0, and started at http://192.168.2.128:4040
[2024-09-03 11:30:49,403] {spark_submit.py:495} INFO - 24/09/03 11:30:49 INFO Executor: Starting executor ID driver on host 192.168.2.128
[2024-09-03 11:30:49,435] {spark_submit.py:495} INFO - 24/09/03 11:30:49 INFO Utils: Successfully started service 'org.apache.spark.network.netty.NettyBlockTransferService' on port 37609.
[2024-09-03 11:30:49,435] {spark_submit.py:495} INFO - 24/09/03 11:30:49 INFO NettyBlockTransferService: Server created on 192.168.2.128:37609
[2024-09-03 11:30:49,437] {spark_submit.py:495} INFO - 24/09/03 11:30:49 INFO BlockManager: Using org.apache.spark.storage.RandomBlockReplicationPolicy for block replication policy
[2024-09-03 11:30:49,443] {spark_submit.py:495} INFO - 24/09/03 11:30:49 INFO BlockManagerMaster: Registering BlockManager BlockManagerId(driver, 192.168.2.128, 37609, None)
[2024-09-03 11:30:49,448] {spark_submit.py:495} INFO - 24/09/03 11:30:49 INFO BlockManagerMasterEndpoint: Registering block manager 192.168.2.128:37609 with 366.3 MiB RAM, BlockManagerId(driver, 192.168.2.128, 37609, None)
[2024-09-03 11:30:49,452] {spark_submit.py:495} INFO - 24/09/03 11:30:49 INFO BlockManagerMaster: Registered BlockManager BlockManagerId(driver, 192.168.2.128, 37609, None)
[2024-09-03 11:30:49,453] {spark_submit.py:495} INFO - 24/09/03 11:30:49 INFO BlockManager: Initialized BlockManager: BlockManagerId(driver, 192.168.2.128, 37609, None)
[2024-09-03 11:30:49,951] {spark_submit.py:495} INFO - 24/09/03 11:30:49 INFO SharedState: Setting hive.metastore.warehouse.dir ('null') to the value of spark.sql.warehouse.dir ('file:/home/kai/Documents/PROJETOS/twitter_extractor_airflow/spark-warehouse').
[2024-09-03 11:30:49,953] {spark_submit.py:495} INFO - 24/09/03 11:30:49 INFO SharedState: Warehouse path is 'file:/home/kai/Documents/PROJETOS/twitter_extractor_airflow/spark-warehouse'.
[2024-09-03 11:30:50,882] {spark_submit.py:495} INFO - 24/09/03 11:30:50 INFO InMemoryFileIndex: It took 57 ms to list leaf files for 1 paths.
[2024-09-03 11:30:51,033] {spark_submit.py:495} INFO - 24/09/03 11:30:51 INFO InMemoryFileIndex: It took 10 ms to list leaf files for 7 paths.
[2024-09-03 11:30:52,875] {spark_submit.py:495} INFO - 24/09/03 11:30:52 INFO FileSourceStrategy: Pushed Filters:
[2024-09-03 11:30:52,876] {spark_submit.py:495} INFO - 24/09/03 11:30:52 INFO FileSourceStrategy: Post-Scan Filters:
[2024-09-03 11:30:52,879] {spark_submit.py:495} INFO - 24/09/03 11:30:52 INFO FileSourceStrategy: Output Data Schema: struct<value: string>
[2024-09-03 11:30:53,166] {spark_submit.py:495} INFO - 24/09/03 11:30:53 INFO MemoryStore: Block broadcast_0 stored as values in memory (estimated size 303.1 KiB, free 366.0 MiB)
[2024-09-03 11:30:53,219] {spark_submit.py:495} INFO - 24/09/03 11:30:53 INFO MemoryStore: Block broadcast_0_piece0 stored as bytes in memory (estimated size 27.5 KiB, free 366.0 MiB)
[2024-09-03 11:30:53,222] {spark_submit.py:495} INFO - 24/09/03 11:30:53 INFO BlockManagerInfo: Added broadcast_0_piece0 in memory on 192.168.2.128:37609 (size: 27.5 KiB, free: 366.3 MiB)
[2024-09-03 11:30:53,228] {spark_submit.py:495} INFO - 24/09/03 11:30:53 INFO SparkContext: Created broadcast 0 from json at NativeMethodAccessorImpl.java:0
[2024-09-03 11:30:53,242] {spark_submit.py:495} INFO - 24/09/03 11:30:53 INFO FileSourceScanExec: Planning scan with bin packing, max size: 31643743 bytes, open cost is considered as scanning 4194304 bytes.
[2024-09-03 11:30:53,456] {spark_submit.py:495} INFO - 24/09/03 11:30:53 INFO SparkContext: Starting job: json at NativeMethodAccessorImpl.java:0
[2024-09-03 11:30:53,476] {spark_submit.py:495} INFO - 24/09/03 11:30:53 INFO DAGScheduler: Got job 0 (json at NativeMethodAccessorImpl.java:0) with 1 output partitions
[2024-09-03 11:30:53,476] {spark_submit.py:495} INFO - 24/09/03 11:30:53 INFO DAGScheduler: Final stage: ResultStage 0 (json at NativeMethodAccessorImpl.java:0)
[2024-09-03 11:30:53,477] {spark_submit.py:495} INFO - 24/09/03 11:30:53 INFO DAGScheduler: Parents of final stage: List()
[2024-09-03 11:30:53,480] {spark_submit.py:495} INFO - 24/09/03 11:30:53 INFO DAGScheduler: Missing parents: List()
[2024-09-03 11:30:53,488] {spark_submit.py:495} INFO - 24/09/03 11:30:53 INFO DAGScheduler: Submitting ResultStage 0 (MapPartitionsRDD[3] at json at NativeMethodAccessorImpl.java:0), which has no missing parents
[2024-09-03 11:30:53,576] {spark_submit.py:495} INFO - 24/09/03 11:30:53 INFO MemoryStore: Block broadcast_1 stored as values in memory (estimated size 12.1 KiB, free 366.0 MiB)
[2024-09-03 11:30:53,582] {spark_submit.py:495} INFO - 24/09/03 11:30:53 INFO MemoryStore: Block broadcast_1_piece0 stored as bytes in memory (estimated size 6.3 KiB, free 366.0 MiB)
[2024-09-03 11:30:53,584] {spark_submit.py:495} INFO - 24/09/03 11:30:53 INFO BlockManagerInfo: Added broadcast_1_piece0 in memory on 192.168.2.128:37609 (size: 6.3 KiB, free: 366.3 MiB)
[2024-09-03 11:30:53,584] {spark_submit.py:495} INFO - 24/09/03 11:30:53 INFO SparkContext: Created broadcast 1 from broadcast at DAGScheduler.scala:1433
[2024-09-03 11:30:53,594] {spark_submit.py:495} INFO - 24/09/03 11:30:53 INFO DAGScheduler: Submitting 1 missing tasks from ResultStage 0 (MapPartitionsRDD[3] at json at NativeMethodAccessorImpl.java:0) (first 15 tasks are for partitions Vector(0))
[2024-09-03 11:30:53,595] {spark_submit.py:495} INFO - 24/09/03 11:30:53 INFO TaskSchedulerImpl: Adding task set 0.0 with 1 tasks resource profile 0
[2024-09-03 11:30:53,655] {spark_submit.py:495} INFO - 24/09/03 11:30:53 INFO TaskSetManager: Starting task 0.0 in stage 0.0 (TID 0) (192.168.2.128, executor driver, partition 0, PROCESS_LOCAL, 6055 bytes) taskResourceAssignments Map()
[2024-09-03 11:30:53,675] {spark_submit.py:495} INFO - 24/09/03 11:30:53 INFO Executor: Running task 0.0 in stage 0.0 (TID 0)
[2024-09-03 11:30:54,151] {spark_submit.py:495} INFO - 24/09/03 11:30:54 INFO FileScanRDD: Reading File path: file:///home/kai/Documents/PROJETOS/twitter_extractor_airflow/datalake/bronze/twitter_dataengineer/extract_date=2024-08-31/data_engineer_20240831.json, range: 0-455910, partition values: [empty row]
[2024-09-03 11:30:54,545] {spark_submit.py:495} INFO - 24/09/03 11:30:54 INFO CodeGenerator: Code generated in 232.73033 ms
[2024-09-03 11:30:54,790] {spark_submit.py:495} INFO - 24/09/03 11:30:54 INFO FileScanRDD: Reading File path: file:///home/kai/Documents/PROJETOS/twitter_extractor_airflow/datalake/bronze/twitter_dataengineer/extract_date=2024-08-29/data_engineer_20240829.json, range: 0-454921, partition values: [empty row]
[2024-09-03 11:30:54,848] {spark_submit.py:495} INFO - 24/09/03 11:30:54 INFO FileScanRDD: Reading File path: file:///home/kai/Documents/PROJETOS/twitter_extractor_airflow/datalake/bronze/twitter_dataengineer/extract_date=2024-08-27/data_engineer_20240827.json, range: 0-454747, partition values: [empty row]
[2024-09-03 11:30:54,902] {spark_submit.py:495} INFO - 24/09/03 11:30:54 INFO FileScanRDD: Reading File path: file:///home/kai/Documents/PROJETOS/twitter_extractor_airflow/datalake/bronze/twitter_dataengineer/extract_date=2024-08-30/data_engineer_20240830.json, range: 0-454504, partition values: [empty row]
[2024-09-03 11:30:54,936] {spark_submit.py:495} INFO - 24/09/03 11:30:54 INFO FileScanRDD: Reading File path: file:///home/kai/Documents/PROJETOS/twitter_extractor_airflow/datalake/bronze/twitter_dataengineer/extract_date=2024-08-28/data_engineer_20240828.json, range: 0-454503, partition values: [empty row]
[2024-09-03 11:30:54,960] {spark_submit.py:495} INFO - 24/09/03 11:30:54 INFO FileScanRDD: Reading File path: file:///home/kai/Documents/PROJETOS/twitter_extractor_airflow/datalake/bronze/twitter_dataengineer/extract_date=2024-09-02/data_engineer_20240902.json, range: 0-4546, partition values: [empty row]
[2024-09-03 11:30:54,966] {spark_submit.py:495} INFO - 24/09/03 11:30:54 INFO FileScanRDD: Reading File path: file:///home/kai/Documents/PROJETOS/twitter_extractor_airflow/datalake/bronze/twitter_dataengineer/extract_date=2024-09-01/data_engineer_20240901.json, range: 0-4484, partition values: [empty row]
[2024-09-03 11:30:54,984] {spark_submit.py:495} INFO - 24/09/03 11:30:54 INFO Executor: Finished task 0.0 in stage 0.0 (TID 0). 2841 bytes result sent to driver
[2024-09-03 11:30:54,997] {spark_submit.py:495} INFO - 24/09/03 11:30:54 INFO TaskSetManager: Finished task 0.0 in stage 0.0 (TID 0) in 1358 ms on 192.168.2.128 (executor driver) (1/1)
[2024-09-03 11:30:55,009] {spark_submit.py:495} INFO - 24/09/03 11:30:55 INFO TaskSchedulerImpl: Removed TaskSet 0.0, whose tasks have all completed, from pool
[2024-09-03 11:30:55,012] {spark_submit.py:495} INFO - 24/09/03 11:30:55 INFO DAGScheduler: ResultStage 0 (json at NativeMethodAccessorImpl.java:0) finished in 1,511 s
[2024-09-03 11:30:55,026] {spark_submit.py:495} INFO - 24/09/03 11:30:55 INFO DAGScheduler: Job 0 is finished. Cancelling potential speculative or zombie tasks for this job
[2024-09-03 11:30:55,027] {spark_submit.py:495} INFO - 24/09/03 11:30:55 INFO TaskSchedulerImpl: Killing all running tasks in stage 0: Stage finished
[2024-09-03 11:30:55,040] {spark_submit.py:495} INFO - 24/09/03 11:30:55 INFO DAGScheduler: Job 0 finished: json at NativeMethodAccessorImpl.java:0, took 1,580952 s
[2024-09-03 11:30:55,625] {spark_submit.py:495} INFO - 24/09/03 11:30:55 INFO DataSourceStrategy: Pruning directories with:
[2024-09-03 11:30:55,628] {spark_submit.py:495} INFO - 24/09/03 11:30:55 INFO FileSourceStrategy: Pushed Filters: IsNotNull(data)
[2024-09-03 11:30:55,630] {spark_submit.py:495} INFO - 24/09/03 11:30:55 INFO FileSourceStrategy: Post-Scan Filters: (size(data#7, true) > 0),isnotnull(data#7)
[2024-09-03 11:30:55,630] {spark_submit.py:495} INFO - 24/09/03 11:30:55 INFO FileSourceStrategy: Output Data Schema: struct<data: array<struct<author_id:string,conversation_id:string,created_at:string,edit_history_tweet_ids:array<bigint>,id:string,in_reply_to_user_id:string,lang:string,public_metrics:struct<like_count:bigint,quote_count:bigint,reply_count:bigint,retweet_count:bigint>,text:string>>>
[2024-09-03 11:30:55,725] {spark_submit.py:495} INFO - 24/09/03 11:30:55 INFO FileOutputCommitter: File Output Committer Algorithm version is 1
[2024-09-03 11:30:55,725] {spark_submit.py:495} INFO - 24/09/03 11:30:55 INFO FileOutputCommitter: FileOutputCommitter skip cleanup _temporary folders under output directory:false, ignore cleanup failures: false
[2024-09-03 11:30:55,726] {spark_submit.py:495} INFO - 24/09/03 11:30:55 INFO SQLHadoopMapReduceCommitProtocol: Using output committer class org.apache.hadoop.mapreduce.lib.output.FileOutputCommitter
[2024-09-03 11:30:55,850] {spark_submit.py:495} INFO - 24/09/03 11:30:55 INFO CodeGenerator: Code generated in 51.11557 ms
[2024-09-03 11:30:55,942] {spark_submit.py:495} INFO - 24/09/03 11:30:55 INFO CodeGenerator: Code generated in 64.295828 ms
[2024-09-03 11:30:55,955] {spark_submit.py:495} INFO - 24/09/03 11:30:55 INFO MemoryStore: Block broadcast_2 stored as values in memory (estimated size 303.0 KiB, free 365.7 MiB)
[2024-09-03 11:30:55,971] {spark_submit.py:495} INFO - 24/09/03 11:30:55 INFO MemoryStore: Block broadcast_2_piece0 stored as bytes in memory (estimated size 27.5 KiB, free 365.6 MiB)
[2024-09-03 11:30:55,972] {spark_submit.py:495} INFO - 24/09/03 11:30:55 INFO BlockManagerInfo: Added broadcast_2_piece0 in memory on 192.168.2.128:37609 (size: 27.5 KiB, free: 366.2 MiB)
[2024-09-03 11:30:55,973] {spark_submit.py:495} INFO - 24/09/03 11:30:55 INFO SparkContext: Created broadcast 2 from json at NativeMethodAccessorImpl.java:0
[2024-09-03 11:30:55,979] {spark_submit.py:495} INFO - 24/09/03 11:30:55 INFO FileSourceScanExec: Planning scan with bin packing, max size: 31643743 bytes, open cost is considered as scanning 4194304 bytes.
[2024-09-03 11:30:56,077] {spark_submit.py:495} INFO - 24/09/03 11:30:56 INFO SparkContext: Starting job: json at NativeMethodAccessorImpl.java:0
[2024-09-03 11:30:56,079] {spark_submit.py:495} INFO - 24/09/03 11:30:56 INFO DAGScheduler: Got job 1 (json at NativeMethodAccessorImpl.java:0) with 1 output partitions
[2024-09-03 11:30:56,080] {spark_submit.py:495} INFO - 24/09/03 11:30:56 INFO DAGScheduler: Final stage: ResultStage 1 (json at NativeMethodAccessorImpl.java:0)
[2024-09-03 11:30:56,080] {spark_submit.py:495} INFO - 24/09/03 11:30:56 INFO DAGScheduler: Parents of final stage: List()
[2024-09-03 11:30:56,082] {spark_submit.py:495} INFO - 24/09/03 11:30:56 INFO DAGScheduler: Missing parents: List()
[2024-09-03 11:30:56,089] {spark_submit.py:495} INFO - 24/09/03 11:30:56 INFO DAGScheduler: Submitting ResultStage 1 (CoalescedRDD[9] at json at NativeMethodAccessorImpl.java:0), which has no missing parents
[2024-09-03 11:30:56,151] {spark_submit.py:495} INFO - 24/09/03 11:30:56 INFO MemoryStore: Block broadcast_3 stored as values in memory (estimated size 195.1 KiB, free 365.4 MiB)
[2024-09-03 11:30:56,155] {spark_submit.py:495} INFO - 24/09/03 11:30:56 INFO MemoryStore: Block broadcast_3_piece0 stored as bytes in memory (estimated size 68.4 KiB, free 365.4 MiB)
[2024-09-03 11:30:56,156] {spark_submit.py:495} INFO - 24/09/03 11:30:56 INFO BlockManagerInfo: Added broadcast_3_piece0 in memory on 192.168.2.128:37609 (size: 68.4 KiB, free: 366.2 MiB)
[2024-09-03 11:30:56,156] {spark_submit.py:495} INFO - 24/09/03 11:30:56 INFO SparkContext: Created broadcast 3 from broadcast at DAGScheduler.scala:1433
[2024-09-03 11:30:56,157] {spark_submit.py:495} INFO - 24/09/03 11:30:56 INFO DAGScheduler: Submitting 1 missing tasks from ResultStage 1 (CoalescedRDD[9] at json at NativeMethodAccessorImpl.java:0) (first 15 tasks are for partitions Vector(0))
[2024-09-03 11:30:56,157] {spark_submit.py:495} INFO - 24/09/03 11:30:56 INFO TaskSchedulerImpl: Adding task set 1.0 with 1 tasks resource profile 0
[2024-09-03 11:30:56,161] {spark_submit.py:495} INFO - 24/09/03 11:30:56 INFO TaskSetManager: Starting task 0.0 in stage 1.0 (TID 1) (192.168.2.128, executor driver, partition 0, PROCESS_LOCAL, 6420 bytes) taskResourceAssignments Map()
[2024-09-03 11:30:56,163] {spark_submit.py:495} INFO - 24/09/03 11:30:56 INFO Executor: Running task 0.0 in stage 1.0 (TID 1)
[2024-09-03 11:30:56,270] {spark_submit.py:495} INFO - 24/09/03 11:30:56 INFO FileOutputCommitter: File Output Committer Algorithm version is 1
[2024-09-03 11:30:56,271] {spark_submit.py:495} INFO - 24/09/03 11:30:56 INFO FileOutputCommitter: FileOutputCommitter skip cleanup _temporary folders under output directory:false, ignore cleanup failures: false
[2024-09-03 11:30:56,274] {spark_submit.py:495} INFO - 24/09/03 11:30:56 INFO SQLHadoopMapReduceCommitProtocol: Using output committer class org.apache.hadoop.mapreduce.lib.output.FileOutputCommitter
[2024-09-03 11:30:56,400] {spark_submit.py:495} INFO - 24/09/03 11:30:56 INFO CodeGenerator: Code generated in 53.068779 ms
[2024-09-03 11:30:56,406] {spark_submit.py:495} INFO - 24/09/03 11:30:56 INFO FileScanRDD: Reading File path: file:///home/kai/Documents/PROJETOS/twitter_extractor_airflow/datalake/bronze/twitter_dataengineer/extract_date=2024-08-31/data_engineer_20240831.json, range: 0-455910, partition values: [19966]
[2024-09-03 11:30:56,460] {spark_submit.py:495} INFO - 24/09/03 11:30:56 INFO CodeGenerator: Code generated in 50.002814 ms
[2024-09-03 11:30:56,492] {spark_submit.py:495} INFO - 24/09/03 11:30:56 INFO CodeGenerator: Code generated in 7.956053 ms
[2024-09-03 11:30:56,658] {spark_submit.py:495} INFO - 24/09/03 11:30:56 INFO FileScanRDD: Reading File path: file:///home/kai/Documents/PROJETOS/twitter_extractor_airflow/datalake/bronze/twitter_dataengineer/extract_date=2024-08-29/data_engineer_20240829.json, range: 0-454921, partition values: [19964]
[2024-09-03 11:30:56,717] {spark_submit.py:495} INFO - 24/09/03 11:30:56 INFO FileScanRDD: Reading File path: file:///home/kai/Documents/PROJETOS/twitter_extractor_airflow/datalake/bronze/twitter_dataengineer/extract_date=2024-08-27/data_engineer_20240827.json, range: 0-454747, partition values: [19962]
[2024-09-03 11:30:56,765] {spark_submit.py:495} INFO - 24/09/03 11:30:56 INFO FileScanRDD: Reading File path: file:///home/kai/Documents/PROJETOS/twitter_extractor_airflow/datalake/bronze/twitter_dataengineer/extract_date=2024-08-30/data_engineer_20240830.json, range: 0-454504, partition values: [19965]
[2024-09-03 11:30:56,794] {spark_submit.py:495} INFO - 24/09/03 11:30:56 INFO FileScanRDD: Reading File path: file:///home/kai/Documents/PROJETOS/twitter_extractor_airflow/datalake/bronze/twitter_dataengineer/extract_date=2024-08-28/data_engineer_20240828.json, range: 0-454503, partition values: [19963]
[2024-09-03 11:30:56,835] {spark_submit.py:495} INFO - 24/09/03 11:30:56 INFO FileScanRDD: Reading File path: file:///home/kai/Documents/PROJETOS/twitter_extractor_airflow/datalake/bronze/twitter_dataengineer/extract_date=2024-09-02/data_engineer_20240902.json, range: 0-4546, partition values: [19968]
[2024-09-03 11:30:56,840] {spark_submit.py:495} INFO - 24/09/03 11:30:56 INFO FileScanRDD: Reading File path: file:///home/kai/Documents/PROJETOS/twitter_extractor_airflow/datalake/bronze/twitter_dataengineer/extract_date=2024-09-01/data_engineer_20240901.json, range: 0-4484, partition values: [19967]
[2024-09-03 11:30:56,880] {spark_submit.py:495} INFO - 24/09/03 11:30:56 INFO FileOutputCommitter: Saved output of task 'attempt_202409031130565085426278880246253_0001_m_000000_1' to file:/home/kai/Documents/PROJETOS/twitter_extractor_airflow/datalake/silver/twitter_df/process_data=20240830/_temporary/0/task_202409031130565085426278880246253_0001_m_000000
[2024-09-03 11:30:56,880] {spark_submit.py:495} INFO - 24/09/03 11:30:56 INFO SparkHadoopMapRedUtil: attempt_202409031130565085426278880246253_0001_m_000000_1: Committed
[2024-09-03 11:30:56,880] {spark_submit.py:495} INFO - 24/09/03 11:30:56 INFO Executor: Finished task 0.0 in stage 1.0 (TID 1). 3076 bytes result sent to driver
[2024-09-03 11:30:56,890] {spark_submit.py:495} INFO - 24/09/03 11:30:56 INFO TaskSetManager: Finished task 0.0 in stage 1.0 (TID 1) in 731 ms on 192.168.2.128 (executor driver) (1/1)
[2024-09-03 11:30:56,894] {spark_submit.py:495} INFO - 24/09/03 11:30:56 INFO DAGScheduler: ResultStage 1 (json at NativeMethodAccessorImpl.java:0) finished in 0,805 s
[2024-09-03 11:30:56,894] {spark_submit.py:495} INFO - 24/09/03 11:30:56 INFO DAGScheduler: Job 1 is finished. Cancelling potential speculative or zombie tasks for this job
[2024-09-03 11:30:56,894] {spark_submit.py:495} INFO - 24/09/03 11:30:56 INFO TaskSchedulerImpl: Removed TaskSet 1.0, whose tasks have all completed, from pool
[2024-09-03 11:30:56,894] {spark_submit.py:495} INFO - 24/09/03 11:30:56 INFO TaskSchedulerImpl: Killing all running tasks in stage 1: Stage finished
[2024-09-03 11:30:56,894] {spark_submit.py:495} INFO - 24/09/03 11:30:56 INFO DAGScheduler: Job 1 finished: json at NativeMethodAccessorImpl.java:0, took 0,815928 s
[2024-09-03 11:30:56,925] {spark_submit.py:495} INFO - 24/09/03 11:30:56 INFO FileFormatWriter: Write Job 2bf36a0a-f5b7-40c0-8def-2cc6666e5c4b committed.
[2024-09-03 11:30:56,930] {spark_submit.py:495} INFO - 24/09/03 11:30:56 INFO FileFormatWriter: Finished processing stats for write job 2bf36a0a-f5b7-40c0-8def-2cc6666e5c4b.
[2024-09-03 11:30:57,002] {spark_submit.py:495} INFO - 24/09/03 11:30:57 INFO DataSourceStrategy: Pruning directories with:
[2024-09-03 11:30:57,002] {spark_submit.py:495} INFO - 24/09/03 11:30:57 INFO FileSourceStrategy: Pushed Filters:
[2024-09-03 11:30:57,002] {spark_submit.py:495} INFO - 24/09/03 11:30:57 INFO FileSourceStrategy: Post-Scan Filters:
[2024-09-03 11:30:57,002] {spark_submit.py:495} INFO - 24/09/03 11:30:57 INFO FileSourceStrategy: Output Data Schema: struct<includes: struct<users: array<struct<created_at:string,id:string,name:string,username:string>>>>
[2024-09-03 11:30:57,021] {spark_submit.py:495} INFO - 24/09/03 11:30:57 INFO FileOutputCommitter: File Output Committer Algorithm version is 1
[2024-09-03 11:30:57,021] {spark_submit.py:495} INFO - 24/09/03 11:30:57 INFO FileOutputCommitter: FileOutputCommitter skip cleanup _temporary folders under output directory:false, ignore cleanup failures: false
[2024-09-03 11:30:57,022] {spark_submit.py:495} INFO - 24/09/03 11:30:57 INFO SQLHadoopMapReduceCommitProtocol: Using output committer class org.apache.hadoop.mapreduce.lib.output.FileOutputCommitter
[2024-09-03 11:30:57,061] {spark_submit.py:495} INFO - 24/09/03 11:30:57 INFO CodeGenerator: Code generated in 17.021175 ms
[2024-09-03 11:30:57,078] {spark_submit.py:495} INFO - 24/09/03 11:30:57 INFO CodeGenerator: Code generated in 15.249909 ms
[2024-09-03 11:30:57,086] {spark_submit.py:495} INFO - 24/09/03 11:30:57 INFO MemoryStore: Block broadcast_4 stored as values in memory (estimated size 303.0 KiB, free 365.1 MiB)
[2024-09-03 11:30:57,094] {spark_submit.py:495} INFO - 24/09/03 11:30:57 INFO MemoryStore: Block broadcast_4_piece0 stored as bytes in memory (estimated size 27.5 KiB, free 365.1 MiB)
[2024-09-03 11:30:57,096] {spark_submit.py:495} INFO - 24/09/03 11:30:57 INFO BlockManagerInfo: Added broadcast_4_piece0 in memory on 192.168.2.128:37609 (size: 27.5 KiB, free: 366.1 MiB)
[2024-09-03 11:30:57,096] {spark_submit.py:495} INFO - 24/09/03 11:30:57 INFO SparkContext: Created broadcast 4 from json at NativeMethodAccessorImpl.java:0
[2024-09-03 11:30:57,103] {spark_submit.py:495} INFO - 24/09/03 11:30:57 INFO FileSourceScanExec: Planning scan with bin packing, max size: 31643743 bytes, open cost is considered as scanning 4194304 bytes.
[2024-09-03 11:30:57,122] {spark_submit.py:495} INFO - 24/09/03 11:30:57 INFO SparkContext: Starting job: json at NativeMethodAccessorImpl.java:0
[2024-09-03 11:30:57,124] {spark_submit.py:495} INFO - 24/09/03 11:30:57 INFO DAGScheduler: Got job 2 (json at NativeMethodAccessorImpl.java:0) with 1 output partitions
[2024-09-03 11:30:57,124] {spark_submit.py:495} INFO - 24/09/03 11:30:57 INFO DAGScheduler: Final stage: ResultStage 2 (json at NativeMethodAccessorImpl.java:0)
[2024-09-03 11:30:57,124] {spark_submit.py:495} INFO - 24/09/03 11:30:57 INFO DAGScheduler: Parents of final stage: List()
[2024-09-03 11:30:57,124] {spark_submit.py:495} INFO - 24/09/03 11:30:57 INFO DAGScheduler: Missing parents: List()
[2024-09-03 11:30:57,127] {spark_submit.py:495} INFO - 24/09/03 11:30:57 INFO DAGScheduler: Submitting ResultStage 2 (CoalescedRDD[17] at json at NativeMethodAccessorImpl.java:0), which has no missing parents
[2024-09-03 11:30:57,176] {spark_submit.py:495} INFO - 24/09/03 11:30:57 INFO MemoryStore: Block broadcast_5 stored as values in memory (estimated size 184.0 KiB, free 364.9 MiB)
[2024-09-03 11:30:57,180] {spark_submit.py:495} INFO - 24/09/03 11:30:57 INFO MemoryStore: Block broadcast_5_piece0 stored as bytes in memory (estimated size 65.1 KiB, free 364.8 MiB)
[2024-09-03 11:30:57,192] {spark_submit.py:495} INFO - 24/09/03 11:30:57 INFO BlockManagerInfo: Added broadcast_5_piece0 in memory on 192.168.2.128:37609 (size: 65.1 KiB, free: 366.1 MiB)
[2024-09-03 11:30:57,193] {spark_submit.py:495} INFO - 24/09/03 11:30:57 INFO SparkContext: Created broadcast 5 from broadcast at DAGScheduler.scala:1433
[2024-09-03 11:30:57,194] {spark_submit.py:495} INFO - 24/09/03 11:30:57 INFO DAGScheduler: Submitting 1 missing tasks from ResultStage 2 (CoalescedRDD[17] at json at NativeMethodAccessorImpl.java:0) (first 15 tasks are for partitions Vector(0))
[2024-09-03 11:30:57,194] {spark_submit.py:495} INFO - 24/09/03 11:30:57 INFO TaskSchedulerImpl: Adding task set 2.0 with 1 tasks resource profile 0
[2024-09-03 11:30:57,197] {spark_submit.py:495} INFO - 24/09/03 11:30:57 INFO TaskSetManager: Starting task 0.0 in stage 2.0 (TID 2) (192.168.2.128, executor driver, partition 0, PROCESS_LOCAL, 6420 bytes) taskResourceAssignments Map()
[2024-09-03 11:30:57,201] {spark_submit.py:495} INFO - 24/09/03 11:30:57 INFO Executor: Running task 0.0 in stage 2.0 (TID 2)
[2024-09-03 11:30:57,235] {spark_submit.py:495} INFO - 24/09/03 11:30:57 INFO FileOutputCommitter: File Output Committer Algorithm version is 1
[2024-09-03 11:30:57,235] {spark_submit.py:495} INFO - 24/09/03 11:30:57 INFO FileOutputCommitter: FileOutputCommitter skip cleanup _temporary folders under output directory:false, ignore cleanup failures: false
[2024-09-03 11:30:57,236] {spark_submit.py:495} INFO - 24/09/03 11:30:57 INFO SQLHadoopMapReduceCommitProtocol: Using output committer class org.apache.hadoop.mapreduce.lib.output.FileOutputCommitter
[2024-09-03 11:30:57,281] {spark_submit.py:495} INFO - 24/09/03 11:30:57 INFO CodeGenerator: Code generated in 6.948854 ms
[2024-09-03 11:30:57,288] {spark_submit.py:495} INFO - 24/09/03 11:30:57 INFO FileScanRDD: Reading File path: file:///home/kai/Documents/PROJETOS/twitter_extractor_airflow/datalake/bronze/twitter_dataengineer/extract_date=2024-08-31/data_engineer_20240831.json, range: 0-455910, partition values: [19966]
[2024-09-03 11:30:57,319] {spark_submit.py:495} INFO - 24/09/03 11:30:57 INFO CodeGenerator: Code generated in 28.618588 ms
[2024-09-03 11:30:57,344] {spark_submit.py:495} INFO - 24/09/03 11:30:57 INFO FileScanRDD: Reading File path: file:///home/kai/Documents/PROJETOS/twitter_extractor_airflow/datalake/bronze/twitter_dataengineer/extract_date=2024-08-29/data_engineer_20240829.json, range: 0-454921, partition values: [19964]
[2024-09-03 11:30:57,366] {spark_submit.py:495} INFO - 24/09/03 11:30:57 INFO FileScanRDD: Reading File path: file:///home/kai/Documents/PROJETOS/twitter_extractor_airflow/datalake/bronze/twitter_dataengineer/extract_date=2024-08-27/data_engineer_20240827.json, range: 0-454747, partition values: [19962]
[2024-09-03 11:30:57,377] {spark_submit.py:495} INFO - 24/09/03 11:30:57 INFO FileScanRDD: Reading File path: file:///home/kai/Documents/PROJETOS/twitter_extractor_airflow/datalake/bronze/twitter_dataengineer/extract_date=2024-08-30/data_engineer_20240830.json, range: 0-454504, partition values: [19965]
[2024-09-03 11:30:57,393] {spark_submit.py:495} INFO - 24/09/03 11:30:57 INFO FileScanRDD: Reading File path: file:///home/kai/Documents/PROJETOS/twitter_extractor_airflow/datalake/bronze/twitter_dataengineer/extract_date=2024-08-28/data_engineer_20240828.json, range: 0-454503, partition values: [19963]
[2024-09-03 11:30:57,407] {spark_submit.py:495} INFO - 24/09/03 11:30:57 INFO FileScanRDD: Reading File path: file:///home/kai/Documents/PROJETOS/twitter_extractor_airflow/datalake/bronze/twitter_dataengineer/extract_date=2024-09-02/data_engineer_20240902.json, range: 0-4546, partition values: [19968]
[2024-09-03 11:30:57,409] {spark_submit.py:495} INFO - 24/09/03 11:30:57 INFO FileScanRDD: Reading File path: file:///home/kai/Documents/PROJETOS/twitter_extractor_airflow/datalake/bronze/twitter_dataengineer/extract_date=2024-09-01/data_engineer_20240901.json, range: 0-4484, partition values: [19967]
[2024-09-03 11:30:57,416] {spark_submit.py:495} INFO - 24/09/03 11:30:57 INFO FileOutputCommitter: Saved output of task 'attempt_202409031130575683975476783947765_0002_m_000000_2' to file:/home/kai/Documents/PROJETOS/twitter_extractor_airflow/datalake/silver/user_df/process_data=20240830/_temporary/0/task_202409031130575683975476783947765_0002_m_000000
[2024-09-03 11:30:57,416] {spark_submit.py:495} INFO - 24/09/03 11:30:57 INFO SparkHadoopMapRedUtil: attempt_202409031130575683975476783947765_0002_m_000000_2: Committed
[2024-09-03 11:30:57,417] {spark_submit.py:495} INFO - 24/09/03 11:30:57 INFO Executor: Finished task 0.0 in stage 2.0 (TID 2). 2971 bytes result sent to driver
[2024-09-03 11:30:57,419] {spark_submit.py:495} INFO - 24/09/03 11:30:57 INFO TaskSetManager: Finished task 0.0 in stage 2.0 (TID 2) in 223 ms on 192.168.2.128 (executor driver) (1/1)
[2024-09-03 11:30:57,421] {spark_submit.py:495} INFO - 24/09/03 11:30:57 INFO DAGScheduler: ResultStage 2 (json at NativeMethodAccessorImpl.java:0) finished in 0,291 s
[2024-09-03 11:30:57,423] {spark_submit.py:495} INFO - 24/09/03 11:30:57 INFO DAGScheduler: Job 2 is finished. Cancelling potential speculative or zombie tasks for this job
[2024-09-03 11:30:57,424] {spark_submit.py:495} INFO - 24/09/03 11:30:57 INFO TaskSchedulerImpl: Removed TaskSet 2.0, whose tasks have all completed, from pool
[2024-09-03 11:30:57,424] {spark_submit.py:495} INFO - 24/09/03 11:30:57 INFO TaskSchedulerImpl: Killing all running tasks in stage 2: Stage finished
[2024-09-03 11:30:57,424] {spark_submit.py:495} INFO - 24/09/03 11:30:57 INFO DAGScheduler: Job 2 finished: json at NativeMethodAccessorImpl.java:0, took 0,299076 s
[2024-09-03 11:30:57,439] {spark_submit.py:495} INFO - 24/09/03 11:30:57 INFO FileFormatWriter: Write Job abdbe2b9-6978-4dd8-87d2-d2a37393e225 committed.
[2024-09-03 11:30:57,440] {spark_submit.py:495} INFO - 24/09/03 11:30:57 INFO FileFormatWriter: Finished processing stats for write job abdbe2b9-6978-4dd8-87d2-d2a37393e225.
[2024-09-03 11:30:57,494] {spark_submit.py:495} INFO - 24/09/03 11:30:57 INFO SparkContext: Invoking stop() from shutdown hook
[2024-09-03 11:30:57,505] {spark_submit.py:495} INFO - 24/09/03 11:30:57 INFO SparkUI: Stopped Spark web UI at http://192.168.2.128:4040
[2024-09-03 11:30:57,520] {spark_submit.py:495} INFO - 24/09/03 11:30:57 INFO BlockManagerInfo: Removed broadcast_2_piece0 on 192.168.2.128:37609 in memory (size: 27.5 KiB, free: 366.1 MiB)
[2024-09-03 11:30:57,548] {spark_submit.py:495} INFO - 24/09/03 11:30:57 INFO MapOutputTrackerMasterEndpoint: MapOutputTrackerMasterEndpoint stopped!
[2024-09-03 11:30:57,558] {spark_submit.py:495} INFO - 24/09/03 11:30:57 INFO MemoryStore: MemoryStore cleared
[2024-09-03 11:30:57,558] {spark_submit.py:495} INFO - 24/09/03 11:30:57 INFO BlockManager: BlockManager stopped
[2024-09-03 11:30:57,561] {spark_submit.py:495} INFO - 24/09/03 11:30:57 INFO BlockManagerMaster: BlockManagerMaster stopped
[2024-09-03 11:30:57,565] {spark_submit.py:495} INFO - 24/09/03 11:30:57 INFO OutputCommitCoordinator$OutputCommitCoordinatorEndpoint: OutputCommitCoordinator stopped!
[2024-09-03 11:30:57,571] {spark_submit.py:495} INFO - 24/09/03 11:30:57 INFO SparkContext: Successfully stopped SparkContext
[2024-09-03 11:30:57,572] {spark_submit.py:495} INFO - 24/09/03 11:30:57 INFO ShutdownHookManager: Shutdown hook called
[2024-09-03 11:30:57,573] {spark_submit.py:495} INFO - 24/09/03 11:30:57 INFO ShutdownHookManager: Deleting directory /tmp/spark-75993424-b6b0-4bd5-8f5c-7a83958f5df1
[2024-09-03 11:30:57,574] {spark_submit.py:495} INFO - 24/09/03 11:30:57 INFO ShutdownHookManager: Deleting directory /tmp/spark-cda353fc-e10f-4f56-aead-e2cbc07aa6ed
[2024-09-03 11:30:57,576] {spark_submit.py:495} INFO - 24/09/03 11:30:57 INFO ShutdownHookManager: Deleting directory /tmp/spark-cda353fc-e10f-4f56-aead-e2cbc07aa6ed/pyspark-003b4ead-fc46-4a3d-91d0-04041ba103eb
[2024-09-03 11:30:57,629] {taskinstance.py:1395} INFO - Marking task as SUCCESS. dag_id=Twitter_extractor_DAGs, task_id=silver_layer_spark_transformation, execution_date=20240830T000000, start_date=20240903T143046, end_date=20240903T143057
[2024-09-03 11:30:57,681] {local_task_job.py:156} INFO - Task exited with return code 0
[2024-09-03 11:30:57,690] {local_task_job.py:273} INFO - 0 downstream tasks scheduled from follow-on schedule check
