[2024-09-03 22:43:58,744] {taskinstance.py:1159} INFO - Dependencies all met for <TaskInstance: Twitter_extractor_DAGs.SILVER_LAYER_LOAD_L scheduled__2024-08-09T00:00:00+00:00 [queued]>
[2024-09-03 22:43:58,749] {taskinstance.py:1159} INFO - Dependencies all met for <TaskInstance: Twitter_extractor_DAGs.SILVER_LAYER_LOAD_L scheduled__2024-08-09T00:00:00+00:00 [queued]>
[2024-09-03 22:43:58,749] {taskinstance.py:1356} INFO - 
--------------------------------------------------------------------------------
[2024-09-03 22:43:58,749] {taskinstance.py:1357} INFO - Starting attempt 1 of 1
[2024-09-03 22:43:58,749] {taskinstance.py:1358} INFO - 
--------------------------------------------------------------------------------
[2024-09-03 22:43:58,758] {taskinstance.py:1377} INFO - Executing <Task(SparkSubmitOperator): SILVER_LAYER_LOAD_L> on 2024-08-09 00:00:00+00:00
[2024-09-03 22:43:58,761] {standard_task_runner.py:52} INFO - Started process 441125 to run task
[2024-09-03 22:43:58,764] {standard_task_runner.py:79} INFO - Running: ['airflow', 'tasks', 'run', 'Twitter_extractor_DAGs', 'SILVER_LAYER_LOAD_L', 'scheduled__2024-08-09T00:00:00+00:00', '--job-id', '89', '--raw', '--subdir', 'DAGS_FOLDER/twitter_dag.py', '--cfg-path', '/tmp/tmpa4a48jmb', '--error-file', '/tmp/tmp4ca1_a0_']
[2024-09-03 22:43:58,765] {standard_task_runner.py:80} INFO - Job 89: Subtask SILVER_LAYER_LOAD_L
[2024-09-03 22:43:58,803] {task_command.py:370} INFO - Running <TaskInstance: Twitter_extractor_DAGs.SILVER_LAYER_LOAD_L scheduled__2024-08-09T00:00:00+00:00 [running]> on host kaiwangairflow
[2024-09-03 22:43:58,850] {taskinstance.py:1569} INFO - Exporting the following env vars:
AIRFLOW_CTX_DAG_OWNER=airflow
AIRFLOW_CTX_DAG_ID=Twitter_extractor_DAGs
AIRFLOW_CTX_TASK_ID=SILVER_LAYER_LOAD_L
AIRFLOW_CTX_EXECUTION_DATE=2024-08-09T00:00:00+00:00
AIRFLOW_CTX_TRY_NUMBER=1
AIRFLOW_CTX_DAG_RUN_ID=scheduled__2024-08-09T00:00:00+00:00
[2024-09-03 22:43:58,856] {base.py:68} INFO - Using connection ID 'spark_default' for task execution.
[2024-09-03 22:43:58,858] {spark_submit.py:344} INFO - Spark-Submit cmd: spark-submit --master local --name twitter_transformation --queue root.default src/scripts/load_silver_functions.py --src datalake/bronze/data_engineer/extract_data=2024-08-09T00:00:00.00Z --dest datalake/silver/data_engineer/ --process-data 20240809
[2024-09-03 22:43:59,900] {spark_submit.py:495} INFO - 24/09/03 22:43:59 WARN Utils: Your hostname, kaiwangairflow resolves to a loopback address: 127.0.1.1; using 192.168.2.128 instead (on interface ens33)
[2024-09-03 22:43:59,901] {spark_submit.py:495} INFO - 24/09/03 22:43:59 WARN Utils: Set SPARK_LOCAL_IP if you need to bind to another address
[2024-09-03 22:44:00,217] {spark_submit.py:495} INFO - 24/09/03 22:44:00 WARN NativeCodeLoader: Unable to load native-hadoop library for your platform... using builtin-java classes where applicable
[2024-09-03 22:44:00,767] {spark_submit.py:495} INFO - Using Spark's default log4j profile: org/apache/spark/log4j-defaults.properties
[2024-09-03 22:44:00,778] {spark_submit.py:495} INFO - 24/09/03 22:44:00 INFO SparkContext: Running Spark version 3.1.3
[2024-09-03 22:44:00,822] {spark_submit.py:495} INFO - 24/09/03 22:44:00 INFO ResourceUtils: ==============================================================
[2024-09-03 22:44:00,822] {spark_submit.py:495} INFO - 24/09/03 22:44:00 INFO ResourceUtils: No custom resources configured for spark.driver.
[2024-09-03 22:44:00,823] {spark_submit.py:495} INFO - 24/09/03 22:44:00 INFO ResourceUtils: ==============================================================
[2024-09-03 22:44:00,823] {spark_submit.py:495} INFO - 24/09/03 22:44:00 INFO SparkContext: Submitted application: twitter_transformation
[2024-09-03 22:44:00,844] {spark_submit.py:495} INFO - 24/09/03 22:44:00 INFO ResourceProfile: Default ResourceProfile created, executor resources: Map(cores -> name: cores, amount: 1, script: , vendor: , memory -> name: memory, amount: 1024, script: , vendor: , offHeap -> name: offHeap, amount: 0, script: , vendor: ), task resources: Map(cpus -> name: cpus, amount: 1.0)
[2024-09-03 22:44:00,859] {spark_submit.py:495} INFO - 24/09/03 22:44:00 INFO ResourceProfile: Limiting resource is cpu
[2024-09-03 22:44:00,860] {spark_submit.py:495} INFO - 24/09/03 22:44:00 INFO ResourceProfileManager: Added ResourceProfile id: 0
[2024-09-03 22:44:00,912] {spark_submit.py:495} INFO - 24/09/03 22:44:00 INFO SecurityManager: Changing view acls to: kai
[2024-09-03 22:44:00,913] {spark_submit.py:495} INFO - 24/09/03 22:44:00 INFO SecurityManager: Changing modify acls to: kai
[2024-09-03 22:44:00,913] {spark_submit.py:495} INFO - 24/09/03 22:44:00 INFO SecurityManager: Changing view acls groups to:
[2024-09-03 22:44:00,913] {spark_submit.py:495} INFO - 24/09/03 22:44:00 INFO SecurityManager: Changing modify acls groups to:
[2024-09-03 22:44:00,914] {spark_submit.py:495} INFO - 24/09/03 22:44:00 INFO SecurityManager: SecurityManager: authentication disabled; ui acls disabled; users  with view permissions: Set(kai); groups with view permissions: Set(); users  with modify permissions: Set(kai); groups with modify permissions: Set()
[2024-09-03 22:44:01,063] {spark_submit.py:495} INFO - 24/09/03 22:44:01 INFO Utils: Successfully started service 'sparkDriver' on port 44275.
[2024-09-03 22:44:01,085] {spark_submit.py:495} INFO - 24/09/03 22:44:01 INFO SparkEnv: Registering MapOutputTracker
[2024-09-03 22:44:01,113] {spark_submit.py:495} INFO - 24/09/03 22:44:01 INFO SparkEnv: Registering BlockManagerMaster
[2024-09-03 22:44:01,130] {spark_submit.py:495} INFO - 24/09/03 22:44:01 INFO BlockManagerMasterEndpoint: Using org.apache.spark.storage.DefaultTopologyMapper for getting topology information
[2024-09-03 22:44:01,130] {spark_submit.py:495} INFO - 24/09/03 22:44:01 INFO BlockManagerMasterEndpoint: BlockManagerMasterEndpoint up
[2024-09-03 22:44:01,133] {spark_submit.py:495} INFO - 24/09/03 22:44:01 INFO SparkEnv: Registering BlockManagerMasterHeartbeat
[2024-09-03 22:44:01,144] {spark_submit.py:495} INFO - 24/09/03 22:44:01 INFO DiskBlockManager: Created local directory at /tmp/blockmgr-44c4ee25-ae8f-4378-b484-406cc81c662f
[2024-09-03 22:44:01,163] {spark_submit.py:495} INFO - 24/09/03 22:44:01 INFO MemoryStore: MemoryStore started with capacity 366.3 MiB
[2024-09-03 22:44:01,178] {spark_submit.py:495} INFO - 24/09/03 22:44:01 INFO SparkEnv: Registering OutputCommitCoordinator
[2024-09-03 22:44:01,367] {spark_submit.py:495} INFO - 24/09/03 22:44:01 WARN Utils: Service 'SparkUI' could not bind on port 4040. Attempting port 4041.
[2024-09-03 22:44:01,376] {spark_submit.py:495} INFO - 24/09/03 22:44:01 INFO Utils: Successfully started service 'SparkUI' on port 4041.
[2024-09-03 22:44:01,422] {spark_submit.py:495} INFO - 24/09/03 22:44:01 INFO SparkUI: Bound SparkUI to 0.0.0.0, and started at http://192.168.2.128:4041
[2024-09-03 22:44:01,601] {spark_submit.py:495} INFO - 24/09/03 22:44:01 INFO Executor: Starting executor ID driver on host 192.168.2.128
[2024-09-03 22:44:01,622] {spark_submit.py:495} INFO - 24/09/03 22:44:01 INFO Utils: Successfully started service 'org.apache.spark.network.netty.NettyBlockTransferService' on port 42017.
[2024-09-03 22:44:01,622] {spark_submit.py:495} INFO - 24/09/03 22:44:01 INFO NettyBlockTransferService: Server created on 192.168.2.128:42017
[2024-09-03 22:44:01,624] {spark_submit.py:495} INFO - 24/09/03 22:44:01 INFO BlockManager: Using org.apache.spark.storage.RandomBlockReplicationPolicy for block replication policy
[2024-09-03 22:44:01,629] {spark_submit.py:495} INFO - 24/09/03 22:44:01 INFO BlockManagerMaster: Registering BlockManager BlockManagerId(driver, 192.168.2.128, 42017, None)
[2024-09-03 22:44:01,633] {spark_submit.py:495} INFO - 24/09/03 22:44:01 INFO BlockManagerMasterEndpoint: Registering block manager 192.168.2.128:42017 with 366.3 MiB RAM, BlockManagerId(driver, 192.168.2.128, 42017, None)
[2024-09-03 22:44:01,635] {spark_submit.py:495} INFO - 24/09/03 22:44:01 INFO BlockManagerMaster: Registered BlockManager BlockManagerId(driver, 192.168.2.128, 42017, None)
[2024-09-03 22:44:01,636] {spark_submit.py:495} INFO - 24/09/03 22:44:01 INFO BlockManager: Initialized BlockManager: BlockManagerId(driver, 192.168.2.128, 42017, None)
[2024-09-03 22:44:02,137] {spark_submit.py:495} INFO - 24/09/03 22:44:02 INFO SharedState: Setting hive.metastore.warehouse.dir ('null') to the value of spark.sql.warehouse.dir ('file:/home/kai/Documents/PROJETOS/twitter_extractor_airflow/spark-warehouse').
[2024-09-03 22:44:02,137] {spark_submit.py:495} INFO - 24/09/03 22:44:02 INFO SharedState: Warehouse path is 'file:/home/kai/Documents/PROJETOS/twitter_extractor_airflow/spark-warehouse'.
[2024-09-03 22:44:02,910] {spark_submit.py:495} INFO - 24/09/03 22:44:02 INFO InMemoryFileIndex: It took 32 ms to list leaf files for 1 paths.
[2024-09-03 22:44:02,965] {spark_submit.py:495} INFO - 24/09/03 22:44:02 INFO InMemoryFileIndex: It took 1 ms to list leaf files for 1 paths.
[2024-09-03 22:44:04,694] {spark_submit.py:495} INFO - 24/09/03 22:44:04 INFO FileSourceStrategy: Pushed Filters:
[2024-09-03 22:44:04,695] {spark_submit.py:495} INFO - 24/09/03 22:44:04 INFO FileSourceStrategy: Post-Scan Filters:
[2024-09-03 22:44:04,698] {spark_submit.py:495} INFO - 24/09/03 22:44:04 INFO FileSourceStrategy: Output Data Schema: struct<value: string>
[2024-09-03 22:44:04,980] {spark_submit.py:495} INFO - 24/09/03 22:44:04 INFO MemoryStore: Block broadcast_0 stored as values in memory (estimated size 303.1 KiB, free 366.0 MiB)
[2024-09-03 22:44:05,028] {spark_submit.py:495} INFO - 24/09/03 22:44:05 INFO MemoryStore: Block broadcast_0_piece0 stored as bytes in memory (estimated size 27.5 KiB, free 366.0 MiB)
[2024-09-03 22:44:05,030] {spark_submit.py:495} INFO - 24/09/03 22:44:05 INFO BlockManagerInfo: Added broadcast_0_piece0 in memory on 192.168.2.128:42017 (size: 27.5 KiB, free: 366.3 MiB)
[2024-09-03 22:44:05,034] {spark_submit.py:495} INFO - 24/09/03 22:44:05 INFO SparkContext: Created broadcast 0 from json at NativeMethodAccessorImpl.java:0
[2024-09-03 22:44:05,043] {spark_submit.py:495} INFO - 24/09/03 22:44:05 INFO FileSourceScanExec: Planning scan with bin packing, max size: 4198868 bytes, open cost is considered as scanning 4194304 bytes.
[2024-09-03 22:44:05,202] {spark_submit.py:495} INFO - 24/09/03 22:44:05 INFO SparkContext: Starting job: json at NativeMethodAccessorImpl.java:0
[2024-09-03 22:44:05,217] {spark_submit.py:495} INFO - 24/09/03 22:44:05 INFO DAGScheduler: Got job 0 (json at NativeMethodAccessorImpl.java:0) with 1 output partitions
[2024-09-03 22:44:05,217] {spark_submit.py:495} INFO - 24/09/03 22:44:05 INFO DAGScheduler: Final stage: ResultStage 0 (json at NativeMethodAccessorImpl.java:0)
[2024-09-03 22:44:05,218] {spark_submit.py:495} INFO - 24/09/03 22:44:05 INFO DAGScheduler: Parents of final stage: List()
[2024-09-03 22:44:05,220] {spark_submit.py:495} INFO - 24/09/03 22:44:05 INFO DAGScheduler: Missing parents: List()
[2024-09-03 22:44:05,227] {spark_submit.py:495} INFO - 24/09/03 22:44:05 INFO DAGScheduler: Submitting ResultStage 0 (MapPartitionsRDD[3] at json at NativeMethodAccessorImpl.java:0), which has no missing parents
[2024-09-03 22:44:05,313] {spark_submit.py:495} INFO - 24/09/03 22:44:05 INFO MemoryStore: Block broadcast_1 stored as values in memory (estimated size 12.1 KiB, free 366.0 MiB)
[2024-09-03 22:44:05,315] {spark_submit.py:495} INFO - 24/09/03 22:44:05 INFO MemoryStore: Block broadcast_1_piece0 stored as bytes in memory (estimated size 6.3 KiB, free 366.0 MiB)
[2024-09-03 22:44:05,316] {spark_submit.py:495} INFO - 24/09/03 22:44:05 INFO BlockManagerInfo: Added broadcast_1_piece0 in memory on 192.168.2.128:42017 (size: 6.3 KiB, free: 366.3 MiB)
[2024-09-03 22:44:05,317] {spark_submit.py:495} INFO - 24/09/03 22:44:05 INFO SparkContext: Created broadcast 1 from broadcast at DAGScheduler.scala:1433
[2024-09-03 22:44:05,331] {spark_submit.py:495} INFO - 24/09/03 22:44:05 INFO DAGScheduler: Submitting 1 missing tasks from ResultStage 0 (MapPartitionsRDD[3] at json at NativeMethodAccessorImpl.java:0) (first 15 tasks are for partitions Vector(0))
[2024-09-03 22:44:05,332] {spark_submit.py:495} INFO - 24/09/03 22:44:05 INFO TaskSchedulerImpl: Adding task set 0.0 with 1 tasks resource profile 0
[2024-09-03 22:44:05,385] {spark_submit.py:495} INFO - 24/09/03 22:44:05 INFO TaskSetManager: Starting task 0.0 in stage 0.0 (TID 0) (192.168.2.128, executor driver, partition 0, PROCESS_LOCAL, 4981 bytes) taskResourceAssignments Map()
[2024-09-03 22:44:05,401] {spark_submit.py:495} INFO - 24/09/03 22:44:05 INFO Executor: Running task 0.0 in stage 0.0 (TID 0)
[2024-09-03 22:44:05,682] {spark_submit.py:495} INFO - 24/09/03 22:44:05 INFO FileScanRDD: Reading File path: file:///home/kai/Documents/PROJETOS/twitter_extractor_airflow/datalake/bronze/data_engineer/extract_data=2024-08-09T00:00:00.00Z/data_engineer_20240809.json, range: 0-4564, partition values: [empty row]
[2024-09-03 22:44:05,914] {spark_submit.py:495} INFO - 24/09/03 22:44:05 INFO CodeGenerator: Code generated in 139.897082 ms
[2024-09-03 22:44:05,957] {spark_submit.py:495} INFO - 24/09/03 22:44:05 INFO Executor: Finished task 0.0 in stage 0.0 (TID 0). 2768 bytes result sent to driver
[2024-09-03 22:44:05,966] {spark_submit.py:495} INFO - 24/09/03 22:44:05 INFO TaskSetManager: Finished task 0.0 in stage 0.0 (TID 0) in 591 ms on 192.168.2.128 (executor driver) (1/1)
[2024-09-03 22:44:05,968] {spark_submit.py:495} INFO - 24/09/03 22:44:05 INFO TaskSchedulerImpl: Removed TaskSet 0.0, whose tasks have all completed, from pool
[2024-09-03 22:44:06,079] {spark_submit.py:495} INFO - 24/09/03 22:44:06 INFO DAGScheduler: ResultStage 0 (json at NativeMethodAccessorImpl.java:0) finished in 0,832 s
[2024-09-03 22:44:06,085] {spark_submit.py:495} INFO - 24/09/03 22:44:06 INFO DAGScheduler: Job 0 is finished. Cancelling potential speculative or zombie tasks for this job
[2024-09-03 22:44:06,085] {spark_submit.py:495} INFO - 24/09/03 22:44:06 INFO TaskSchedulerImpl: Killing all running tasks in stage 0: Stage finished
[2024-09-03 22:44:06,088] {spark_submit.py:495} INFO - 24/09/03 22:44:06 INFO DAGScheduler: Job 0 finished: json at NativeMethodAccessorImpl.java:0, took 0,885118 s
[2024-09-03 22:44:06,520] {spark_submit.py:495} INFO - 24/09/03 22:44:06 INFO FileSourceStrategy: Pushed Filters: IsNotNull(data)
[2024-09-03 22:44:06,521] {spark_submit.py:495} INFO - 24/09/03 22:44:06 INFO FileSourceStrategy: Post-Scan Filters: (size(data#7, true) > 0),isnotnull(data#7)
[2024-09-03 22:44:06,522] {spark_submit.py:495} INFO - 24/09/03 22:44:06 INFO FileSourceStrategy: Output Data Schema: struct<data: array<struct<author_id:string,conversation_id:string,created_at:string,edit_history_tweet_ids:array<bigint>,id:string,in_reply_to_user_id:string,lang:string,public_metrics:struct<like_count:bigint,quote_count:bigint,reply_count:bigint,retweet_count:bigint>,text:string>>>
[2024-09-03 22:44:06,612] {spark_submit.py:495} INFO - 24/09/03 22:44:06 INFO FileOutputCommitter: File Output Committer Algorithm version is 1
[2024-09-03 22:44:06,612] {spark_submit.py:495} INFO - 24/09/03 22:44:06 INFO FileOutputCommitter: FileOutputCommitter skip cleanup _temporary folders under output directory:false, ignore cleanup failures: false
[2024-09-03 22:44:06,613] {spark_submit.py:495} INFO - 24/09/03 22:44:06 INFO SQLHadoopMapReduceCommitProtocol: Using output committer class org.apache.hadoop.mapreduce.lib.output.FileOutputCommitter
[2024-09-03 22:44:06,696] {spark_submit.py:495} INFO - 24/09/03 22:44:06 INFO CodeGenerator: Code generated in 32.412042 ms
[2024-09-03 22:44:06,760] {spark_submit.py:495} INFO - 24/09/03 22:44:06 INFO CodeGenerator: Code generated in 48.805385 ms
[2024-09-03 22:44:06,782] {spark_submit.py:495} INFO - 24/09/03 22:44:06 INFO MemoryStore: Block broadcast_2 stored as values in memory (estimated size 303.0 KiB, free 365.7 MiB)
[2024-09-03 22:44:06,799] {spark_submit.py:495} INFO - 24/09/03 22:44:06 INFO MemoryStore: Block broadcast_2_piece0 stored as bytes in memory (estimated size 27.5 KiB, free 365.6 MiB)
[2024-09-03 22:44:06,799] {spark_submit.py:495} INFO - 24/09/03 22:44:06 INFO BlockManagerInfo: Added broadcast_2_piece0 in memory on 192.168.2.128:42017 (size: 27.5 KiB, free: 366.2 MiB)
[2024-09-03 22:44:06,799] {spark_submit.py:495} INFO - 24/09/03 22:44:06 INFO SparkContext: Created broadcast 2 from json at NativeMethodAccessorImpl.java:0
[2024-09-03 22:44:06,804] {spark_submit.py:495} INFO - 24/09/03 22:44:06 INFO FileSourceScanExec: Planning scan with bin packing, max size: 4198868 bytes, open cost is considered as scanning 4194304 bytes.
[2024-09-03 22:44:06,879] {spark_submit.py:495} INFO - 24/09/03 22:44:06 INFO SparkContext: Starting job: json at NativeMethodAccessorImpl.java:0
[2024-09-03 22:44:06,881] {spark_submit.py:495} INFO - 24/09/03 22:44:06 INFO DAGScheduler: Got job 1 (json at NativeMethodAccessorImpl.java:0) with 1 output partitions
[2024-09-03 22:44:06,881] {spark_submit.py:495} INFO - 24/09/03 22:44:06 INFO DAGScheduler: Final stage: ResultStage 1 (json at NativeMethodAccessorImpl.java:0)
[2024-09-03 22:44:06,881] {spark_submit.py:495} INFO - 24/09/03 22:44:06 INFO DAGScheduler: Parents of final stage: List()
[2024-09-03 22:44:06,882] {spark_submit.py:495} INFO - 24/09/03 22:44:06 INFO DAGScheduler: Missing parents: List()
[2024-09-03 22:44:06,883] {spark_submit.py:495} INFO - 24/09/03 22:44:06 INFO DAGScheduler: Submitting ResultStage 1 (CoalescedRDD[9] at json at NativeMethodAccessorImpl.java:0), which has no missing parents
[2024-09-03 22:44:06,931] {spark_submit.py:495} INFO - 24/09/03 22:44:06 INFO MemoryStore: Block broadcast_3 stored as values in memory (estimated size 190.1 KiB, free 365.5 MiB)
[2024-09-03 22:44:06,933] {spark_submit.py:495} INFO - 24/09/03 22:44:06 INFO MemoryStore: Block broadcast_3_piece0 stored as bytes in memory (estimated size 66.6 KiB, free 365.4 MiB)
[2024-09-03 22:44:06,935] {spark_submit.py:495} INFO - 24/09/03 22:44:06 INFO BlockManagerInfo: Added broadcast_3_piece0 in memory on 192.168.2.128:42017 (size: 66.6 KiB, free: 366.2 MiB)
[2024-09-03 22:44:06,936] {spark_submit.py:495} INFO - 24/09/03 22:44:06 INFO SparkContext: Created broadcast 3 from broadcast at DAGScheduler.scala:1433
[2024-09-03 22:44:06,936] {spark_submit.py:495} INFO - 24/09/03 22:44:06 INFO DAGScheduler: Submitting 1 missing tasks from ResultStage 1 (CoalescedRDD[9] at json at NativeMethodAccessorImpl.java:0) (first 15 tasks are for partitions Vector(0))
[2024-09-03 22:44:06,937] {spark_submit.py:495} INFO - 24/09/03 22:44:06 INFO TaskSchedulerImpl: Adding task set 1.0 with 1 tasks resource profile 0
[2024-09-03 22:44:06,941] {spark_submit.py:495} INFO - 24/09/03 22:44:06 INFO TaskSetManager: Starting task 0.0 in stage 1.0 (TID 1) (192.168.2.128, executor driver, partition 0, PROCESS_LOCAL, 5210 bytes) taskResourceAssignments Map()
[2024-09-03 22:44:06,942] {spark_submit.py:495} INFO - 24/09/03 22:44:06 INFO Executor: Running task 0.0 in stage 1.0 (TID 1)
[2024-09-03 22:44:07,002] {spark_submit.py:495} INFO - 24/09/03 22:44:07 INFO FileOutputCommitter: File Output Committer Algorithm version is 1
[2024-09-03 22:44:07,002] {spark_submit.py:495} INFO - 24/09/03 22:44:07 INFO FileOutputCommitter: FileOutputCommitter skip cleanup _temporary folders under output directory:false, ignore cleanup failures: false
[2024-09-03 22:44:07,004] {spark_submit.py:495} INFO - 24/09/03 22:44:07 INFO SQLHadoopMapReduceCommitProtocol: Using output committer class org.apache.hadoop.mapreduce.lib.output.FileOutputCommitter
[2024-09-03 22:44:07,106] {spark_submit.py:495} INFO - 24/09/03 22:44:07 INFO CodeGenerator: Code generated in 34.845426 ms
[2024-09-03 22:44:07,109] {spark_submit.py:495} INFO - 24/09/03 22:44:07 INFO FileScanRDD: Reading File path: file:///home/kai/Documents/PROJETOS/twitter_extractor_airflow/datalake/bronze/data_engineer/extract_data=2024-08-09T00:00:00.00Z/data_engineer_20240809.json, range: 0-4564, partition values: [empty row]
[2024-09-03 22:44:07,135] {spark_submit.py:495} INFO - 24/09/03 22:44:07 INFO CodeGenerator: Code generated in 24.349734 ms
[2024-09-03 22:44:07,162] {spark_submit.py:495} INFO - 24/09/03 22:44:07 INFO CodeGenerator: Code generated in 7.691034 ms
[2024-09-03 22:44:07,216] {spark_submit.py:495} INFO - 24/09/03 22:44:07 INFO FileOutputCommitter: Saved output of task 'attempt_202409032244068228188314285456551_0001_m_000000_1' to file:/home/kai/Documents/PROJETOS/twitter_extractor_airflow/datalake/silver/data_engineer/twitter_df/process_data=20240809/_temporary/0/task_202409032244068228188314285456551_0001_m_000000
[2024-09-03 22:44:07,241] {spark_submit.py:495} INFO - 24/09/03 22:44:07 INFO SparkHadoopMapRedUtil: attempt_202409032244068228188314285456551_0001_m_000000_1: Committed
[2024-09-03 22:44:07,246] {spark_submit.py:495} INFO - 24/09/03 22:44:07 INFO Executor: Finished task 0.0 in stage 1.0 (TID 1). 2901 bytes result sent to driver
[2024-09-03 22:44:07,256] {spark_submit.py:495} INFO - 24/09/03 22:44:07 INFO TaskSetManager: Finished task 0.0 in stage 1.0 (TID 1) in 316 ms on 192.168.2.128 (executor driver) (1/1)
[2024-09-03 22:44:07,258] {spark_submit.py:495} INFO - 24/09/03 22:44:07 INFO TaskSchedulerImpl: Removed TaskSet 1.0, whose tasks have all completed, from pool
[2024-09-03 22:44:07,260] {spark_submit.py:495} INFO - 24/09/03 22:44:07 INFO DAGScheduler: ResultStage 1 (json at NativeMethodAccessorImpl.java:0) finished in 0,376 s
[2024-09-03 22:44:07,261] {spark_submit.py:495} INFO - 24/09/03 22:44:07 INFO DAGScheduler: Job 1 is finished. Cancelling potential speculative or zombie tasks for this job
[2024-09-03 22:44:07,261] {spark_submit.py:495} INFO - 24/09/03 22:44:07 INFO TaskSchedulerImpl: Killing all running tasks in stage 1: Stage finished
[2024-09-03 22:44:07,262] {spark_submit.py:495} INFO - 24/09/03 22:44:07 INFO DAGScheduler: Job 1 finished: json at NativeMethodAccessorImpl.java:0, took 0,382231 s
[2024-09-03 22:44:07,313] {spark_submit.py:495} INFO - 24/09/03 22:44:07 INFO FileFormatWriter: Write Job cf481ba5-0b03-411f-9598-b10816e1e186 committed.
[2024-09-03 22:44:07,316] {spark_submit.py:495} INFO - 24/09/03 22:44:07 INFO FileFormatWriter: Finished processing stats for write job cf481ba5-0b03-411f-9598-b10816e1e186.
[2024-09-03 22:44:07,378] {spark_submit.py:495} INFO - 24/09/03 22:44:07 INFO FileSourceStrategy: Pushed Filters:
[2024-09-03 22:44:07,378] {spark_submit.py:495} INFO - 24/09/03 22:44:07 INFO FileSourceStrategy: Post-Scan Filters:
[2024-09-03 22:44:07,379] {spark_submit.py:495} INFO - 24/09/03 22:44:07 INFO FileSourceStrategy: Output Data Schema: struct<includes: struct<users: array<struct<created_at:string,id:string,name:string,username:string>>>>
[2024-09-03 22:44:07,391] {spark_submit.py:495} INFO - 24/09/03 22:44:07 INFO FileOutputCommitter: File Output Committer Algorithm version is 1
[2024-09-03 22:44:07,392] {spark_submit.py:495} INFO - 24/09/03 22:44:07 INFO FileOutputCommitter: FileOutputCommitter skip cleanup _temporary folders under output directory:false, ignore cleanup failures: false
[2024-09-03 22:44:07,392] {spark_submit.py:495} INFO - 24/09/03 22:44:07 INFO SQLHadoopMapReduceCommitProtocol: Using output committer class org.apache.hadoop.mapreduce.lib.output.FileOutputCommitter
[2024-09-03 22:44:07,426] {spark_submit.py:495} INFO - 24/09/03 22:44:07 INFO CodeGenerator: Code generated in 12.82209 ms
[2024-09-03 22:44:07,430] {spark_submit.py:495} INFO - 24/09/03 22:44:07 INFO MemoryStore: Block broadcast_4 stored as values in memory (estimated size 303.0 KiB, free 365.1 MiB)
[2024-09-03 22:44:07,437] {spark_submit.py:495} INFO - 24/09/03 22:44:07 INFO MemoryStore: Block broadcast_4_piece0 stored as bytes in memory (estimated size 27.5 KiB, free 365.1 MiB)
[2024-09-03 22:44:07,438] {spark_submit.py:495} INFO - 24/09/03 22:44:07 INFO BlockManagerInfo: Added broadcast_4_piece0 in memory on 192.168.2.128:42017 (size: 27.5 KiB, free: 366.1 MiB)
[2024-09-03 22:44:07,439] {spark_submit.py:495} INFO - 24/09/03 22:44:07 INFO SparkContext: Created broadcast 4 from json at NativeMethodAccessorImpl.java:0
[2024-09-03 22:44:07,442] {spark_submit.py:495} INFO - 24/09/03 22:44:07 INFO FileSourceScanExec: Planning scan with bin packing, max size: 4198868 bytes, open cost is considered as scanning 4194304 bytes.
[2024-09-03 22:44:07,460] {spark_submit.py:495} INFO - 24/09/03 22:44:07 INFO SparkContext: Starting job: json at NativeMethodAccessorImpl.java:0
[2024-09-03 22:44:07,463] {spark_submit.py:495} INFO - 24/09/03 22:44:07 INFO DAGScheduler: Got job 2 (json at NativeMethodAccessorImpl.java:0) with 1 output partitions
[2024-09-03 22:44:07,463] {spark_submit.py:495} INFO - 24/09/03 22:44:07 INFO DAGScheduler: Final stage: ResultStage 2 (json at NativeMethodAccessorImpl.java:0)
[2024-09-03 22:44:07,463] {spark_submit.py:495} INFO - 24/09/03 22:44:07 INFO DAGScheduler: Parents of final stage: List()
[2024-09-03 22:44:07,464] {spark_submit.py:495} INFO - 24/09/03 22:44:07 INFO DAGScheduler: Missing parents: List()
[2024-09-03 22:44:07,466] {spark_submit.py:495} INFO - 24/09/03 22:44:07 INFO DAGScheduler: Submitting ResultStage 2 (CoalescedRDD[16] at json at NativeMethodAccessorImpl.java:0), which has no missing parents
[2024-09-03 22:44:07,484] {spark_submit.py:495} INFO - 24/09/03 22:44:07 INFO MemoryStore: Block broadcast_5 stored as values in memory (estimated size 178.3 KiB, free 364.9 MiB)
[2024-09-03 22:44:07,487] {spark_submit.py:495} INFO - 24/09/03 22:44:07 INFO MemoryStore: Block broadcast_5_piece0 stored as bytes in memory (estimated size 64.0 KiB, free 364.8 MiB)
[2024-09-03 22:44:07,487] {spark_submit.py:495} INFO - 24/09/03 22:44:07 INFO BlockManagerInfo: Added broadcast_5_piece0 in memory on 192.168.2.128:42017 (size: 64.0 KiB, free: 366.1 MiB)
[2024-09-03 22:44:07,488] {spark_submit.py:495} INFO - 24/09/03 22:44:07 INFO SparkContext: Created broadcast 5 from broadcast at DAGScheduler.scala:1433
[2024-09-03 22:44:07,490] {spark_submit.py:495} INFO - 24/09/03 22:44:07 INFO DAGScheduler: Submitting 1 missing tasks from ResultStage 2 (CoalescedRDD[16] at json at NativeMethodAccessorImpl.java:0) (first 15 tasks are for partitions Vector(0))
[2024-09-03 22:44:07,490] {spark_submit.py:495} INFO - 24/09/03 22:44:07 INFO TaskSchedulerImpl: Adding task set 2.0 with 1 tasks resource profile 0
[2024-09-03 22:44:07,493] {spark_submit.py:495} INFO - 24/09/03 22:44:07 INFO TaskSetManager: Starting task 0.0 in stage 2.0 (TID 2) (192.168.2.128, executor driver, partition 0, PROCESS_LOCAL, 5210 bytes) taskResourceAssignments Map()
[2024-09-03 22:44:07,500] {spark_submit.py:495} INFO - 24/09/03 22:44:07 INFO Executor: Running task 0.0 in stage 2.0 (TID 2)
[2024-09-03 22:44:07,514] {spark_submit.py:495} INFO - 24/09/03 22:44:07 INFO FileOutputCommitter: File Output Committer Algorithm version is 1
[2024-09-03 22:44:07,514] {spark_submit.py:495} INFO - 24/09/03 22:44:07 INFO FileOutputCommitter: FileOutputCommitter skip cleanup _temporary folders under output directory:false, ignore cleanup failures: false
[2024-09-03 22:44:07,515] {spark_submit.py:495} INFO - 24/09/03 22:44:07 INFO SQLHadoopMapReduceCommitProtocol: Using output committer class org.apache.hadoop.mapreduce.lib.output.FileOutputCommitter
[2024-09-03 22:44:07,550] {spark_submit.py:495} INFO - 24/09/03 22:44:07 INFO CodeGenerator: Code generated in 14.96543 ms
[2024-09-03 22:44:07,554] {spark_submit.py:495} INFO - 24/09/03 22:44:07 INFO FileScanRDD: Reading File path: file:///home/kai/Documents/PROJETOS/twitter_extractor_airflow/datalake/bronze/data_engineer/extract_data=2024-08-09T00:00:00.00Z/data_engineer_20240809.json, range: 0-4564, partition values: [empty row]
[2024-09-03 22:44:07,578] {spark_submit.py:495} INFO - 24/09/03 22:44:07 INFO CodeGenerator: Code generated in 19.683483 ms
[2024-09-03 22:44:07,590] {spark_submit.py:495} INFO - 24/09/03 22:44:07 INFO FileOutputCommitter: Saved output of task 'attempt_202409032244072983909466296084906_0002_m_000000_2' to file:/home/kai/Documents/PROJETOS/twitter_extractor_airflow/datalake/silver/data_engineer/user_df/process_data=20240809/_temporary/0/task_202409032244072983909466296084906_0002_m_000000
[2024-09-03 22:44:07,591] {spark_submit.py:495} INFO - 24/09/03 22:44:07 INFO SparkHadoopMapRedUtil: attempt_202409032244072983909466296084906_0002_m_000000_2: Committed
[2024-09-03 22:44:07,594] {spark_submit.py:495} INFO - 24/09/03 22:44:07 INFO Executor: Finished task 0.0 in stage 2.0 (TID 2). 2734 bytes result sent to driver
[2024-09-03 22:44:07,601] {spark_submit.py:495} INFO - 24/09/03 22:44:07 INFO TaskSetManager: Finished task 0.0 in stage 2.0 (TID 2) in 109 ms on 192.168.2.128 (executor driver) (1/1)
[2024-09-03 22:44:07,603] {spark_submit.py:495} INFO - 24/09/03 22:44:07 INFO TaskSchedulerImpl: Removed TaskSet 2.0, whose tasks have all completed, from pool
[2024-09-03 22:44:07,604] {spark_submit.py:495} INFO - 24/09/03 22:44:07 INFO DAGScheduler: ResultStage 2 (json at NativeMethodAccessorImpl.java:0) finished in 0,136 s
[2024-09-03 22:44:07,604] {spark_submit.py:495} INFO - 24/09/03 22:44:07 INFO DAGScheduler: Job 2 is finished. Cancelling potential speculative or zombie tasks for this job
[2024-09-03 22:44:07,604] {spark_submit.py:495} INFO - 24/09/03 22:44:07 INFO TaskSchedulerImpl: Killing all running tasks in stage 2: Stage finished
[2024-09-03 22:44:07,605] {spark_submit.py:495} INFO - 24/09/03 22:44:07 INFO DAGScheduler: Job 2 finished: json at NativeMethodAccessorImpl.java:0, took 0,144529 s
[2024-09-03 22:44:07,637] {spark_submit.py:495} INFO - 24/09/03 22:44:07 INFO FileFormatWriter: Write Job 2793e26d-b3bf-416a-9da7-92f9671fe5b6 committed.
[2024-09-03 22:44:07,638] {spark_submit.py:495} INFO - 24/09/03 22:44:07 INFO FileFormatWriter: Finished processing stats for write job 2793e26d-b3bf-416a-9da7-92f9671fe5b6.
[2024-09-03 22:44:07,726] {spark_submit.py:495} INFO - 24/09/03 22:44:07 INFO SparkContext: Invoking stop() from shutdown hook
[2024-09-03 22:44:07,742] {spark_submit.py:495} INFO - 24/09/03 22:44:07 INFO BlockManagerInfo: Removed broadcast_2_piece0 on 192.168.2.128:42017 in memory (size: 27.5 KiB, free: 366.1 MiB)
[2024-09-03 22:44:07,746] {spark_submit.py:495} INFO - 24/09/03 22:44:07 INFO SparkUI: Stopped Spark web UI at http://192.168.2.128:4041
[2024-09-03 22:44:07,784] {spark_submit.py:495} INFO - 24/09/03 22:44:07 INFO MapOutputTrackerMasterEndpoint: MapOutputTrackerMasterEndpoint stopped!
[2024-09-03 22:44:07,811] {spark_submit.py:495} INFO - 24/09/03 22:44:07 INFO MemoryStore: MemoryStore cleared
[2024-09-03 22:44:07,811] {spark_submit.py:495} INFO - 24/09/03 22:44:07 INFO BlockManager: BlockManager stopped
[2024-09-03 22:44:07,816] {spark_submit.py:495} INFO - 24/09/03 22:44:07 INFO BlockManagerMaster: BlockManagerMaster stopped
[2024-09-03 22:44:07,819] {spark_submit.py:495} INFO - 24/09/03 22:44:07 INFO OutputCommitCoordinator$OutputCommitCoordinatorEndpoint: OutputCommitCoordinator stopped!
[2024-09-03 22:44:07,831] {spark_submit.py:495} INFO - 24/09/03 22:44:07 INFO SparkContext: Successfully stopped SparkContext
[2024-09-03 22:44:07,832] {spark_submit.py:495} INFO - 24/09/03 22:44:07 INFO ShutdownHookManager: Shutdown hook called
[2024-09-03 22:44:07,833] {spark_submit.py:495} INFO - 24/09/03 22:44:07 INFO ShutdownHookManager: Deleting directory /tmp/spark-9e8aafa8-f595-47eb-9e67-3281b013e5fa
[2024-09-03 22:44:07,837] {spark_submit.py:495} INFO - 24/09/03 22:44:07 INFO ShutdownHookManager: Deleting directory /tmp/spark-06bf3449-d123-44e3-a137-58200d951f1f/pyspark-35b43cea-3989-43ef-8a78-754c4bdb1775
[2024-09-03 22:44:07,844] {spark_submit.py:495} INFO - 24/09/03 22:44:07 INFO ShutdownHookManager: Deleting directory /tmp/spark-06bf3449-d123-44e3-a137-58200d951f1f
[2024-09-03 22:44:07,928] {taskinstance.py:1395} INFO - Marking task as SUCCESS. dag_id=Twitter_extractor_DAGs, task_id=SILVER_LAYER_LOAD_L, execution_date=20240809T000000, start_date=20240904T014358, end_date=20240904T014407
[2024-09-03 22:44:07,975] {local_task_job.py:156} INFO - Task exited with return code 0
[2024-09-03 22:44:07,993] {local_task_job.py:273} INFO - 1 downstream tasks scheduled from follow-on schedule check
