[2024-08-18 11:49:56,117] {processor.py:153} INFO - Started process (PID=770952) to work on /home/kai/.local/lib/python3.8/site-packages/airflow/example_dags/example_sla_dag.py
[2024-08-18 11:49:56,117] {processor.py:641} INFO - Processing file /home/kai/.local/lib/python3.8/site-packages/airflow/example_dags/example_sla_dag.py for tasks to queue
[2024-08-18 11:49:56,118] {logging_mixin.py:115} INFO - [2024-08-18 11:49:56,118] {dagbag.py:507} INFO - Filling up the DagBag from /home/kai/.local/lib/python3.8/site-packages/airflow/example_dags/example_sla_dag.py
[2024-08-18 11:49:56,165] {processor.py:651} INFO - DAG(s) dict_keys(['example_sla_dag']) retrieved from /home/kai/.local/lib/python3.8/site-packages/airflow/example_dags/example_sla_dag.py
[2024-08-18 11:49:56,291] {logging_mixin.py:115} INFO - [2024-08-18 11:49:56,290] {manager.py:508} INFO - Created Permission View: can delete on DAG:example_sla_dag
[2024-08-18 11:49:56,303] {logging_mixin.py:115} INFO - [2024-08-18 11:49:56,302] {manager.py:508} INFO - Created Permission View: can read on DAG:example_sla_dag
[2024-08-18 11:49:56,317] {logging_mixin.py:115} INFO - [2024-08-18 11:49:56,316] {manager.py:508} INFO - Created Permission View: can edit on DAG:example_sla_dag
[2024-08-18 11:49:56,317] {logging_mixin.py:115} INFO - [2024-08-18 11:49:56,317] {dag.py:2379} INFO - Sync 1 DAGs
[2024-08-18 11:49:56,340] {logging_mixin.py:115} INFO - [2024-08-18 11:49:56,340] {dag.py:2398} INFO - Creating ORM DAG for example_sla_dag
[2024-08-18 11:49:56,356] {logging_mixin.py:115} INFO - [2024-08-18 11:49:56,356] {dag.py:2927} INFO - Setting next_dagrun for example_sla_dag to 2024-08-18T14:46:00+00:00, run_after=2024-08-18T14:48:00+00:00
[2024-08-18 11:49:56,371] {processor.py:161} INFO - Processing /home/kai/.local/lib/python3.8/site-packages/airflow/example_dags/example_sla_dag.py took 0.261 seconds
[2024-08-18 11:50:33,659] {processor.py:153} INFO - Started process (PID=771429) to work on /home/kai/.local/lib/python3.8/site-packages/airflow/example_dags/example_sla_dag.py
[2024-08-18 11:50:33,667] {processor.py:641} INFO - Processing file /home/kai/.local/lib/python3.8/site-packages/airflow/example_dags/example_sla_dag.py for tasks to queue
[2024-08-18 11:50:33,667] {logging_mixin.py:115} INFO - [2024-08-18 11:50:33,667] {dagbag.py:507} INFO - Filling up the DagBag from /home/kai/.local/lib/python3.8/site-packages/airflow/example_dags/example_sla_dag.py
[2024-08-18 11:50:33,687] {processor.py:651} INFO - DAG(s) dict_keys(['example_sla_dag']) retrieved from /home/kai/.local/lib/python3.8/site-packages/airflow/example_dags/example_sla_dag.py
[2024-08-18 11:50:33,700] {logging_mixin.py:115} INFO - [2024-08-18 11:50:33,700] {dag.py:2379} INFO - Sync 1 DAGs
[2024-08-18 11:50:33,718] {logging_mixin.py:115} INFO - [2024-08-18 11:50:33,718] {dag.py:2927} INFO - Setting next_dagrun for example_sla_dag to 2024-08-18T14:48:00+00:00, run_after=2024-08-18T14:50:00+00:00
[2024-08-18 11:50:33,735] {processor.py:161} INFO - Processing /home/kai/.local/lib/python3.8/site-packages/airflow/example_dags/example_sla_dag.py took 0.079 seconds
[2024-08-18 11:51:08,422] {processor.py:153} INFO - Started process (PID=771838) to work on /home/kai/.local/lib/python3.8/site-packages/airflow/example_dags/example_sla_dag.py
[2024-08-18 11:51:08,430] {processor.py:641} INFO - Processing file /home/kai/.local/lib/python3.8/site-packages/airflow/example_dags/example_sla_dag.py for tasks to queue
[2024-08-18 11:51:08,431] {logging_mixin.py:115} INFO - [2024-08-18 11:51:08,430] {dagbag.py:507} INFO - Filling up the DagBag from /home/kai/.local/lib/python3.8/site-packages/airflow/example_dags/example_sla_dag.py
[2024-08-18 11:51:08,467] {processor.py:651} INFO - DAG(s) dict_keys(['example_sla_dag']) retrieved from /home/kai/.local/lib/python3.8/site-packages/airflow/example_dags/example_sla_dag.py
[2024-08-18 11:51:08,495] {logging_mixin.py:115} INFO - [2024-08-18 11:51:08,495] {dag.py:2379} INFO - Sync 1 DAGs
[2024-08-18 11:51:08,521] {logging_mixin.py:115} INFO - [2024-08-18 11:51:08,521] {dag.py:2927} INFO - Setting next_dagrun for example_sla_dag to 2024-08-18T14:48:00+00:00, run_after=2024-08-18T14:50:00+00:00
[2024-08-18 11:51:08,540] {processor.py:161} INFO - Processing /home/kai/.local/lib/python3.8/site-packages/airflow/example_dags/example_sla_dag.py took 0.126 seconds
[2024-08-18 11:51:43,646] {processor.py:153} INFO - Started process (PID=772246) to work on /home/kai/.local/lib/python3.8/site-packages/airflow/example_dags/example_sla_dag.py
[2024-08-18 11:51:43,649] {processor.py:641} INFO - Processing file /home/kai/.local/lib/python3.8/site-packages/airflow/example_dags/example_sla_dag.py for tasks to queue
[2024-08-18 11:51:43,652] {logging_mixin.py:115} INFO - [2024-08-18 11:51:43,651] {dagbag.py:507} INFO - Filling up the DagBag from /home/kai/.local/lib/python3.8/site-packages/airflow/example_dags/example_sla_dag.py
[2024-08-18 11:51:43,722] {processor.py:651} INFO - DAG(s) dict_keys(['example_sla_dag']) retrieved from /home/kai/.local/lib/python3.8/site-packages/airflow/example_dags/example_sla_dag.py
[2024-08-18 11:51:43,788] {logging_mixin.py:115} INFO - [2024-08-18 11:51:43,788] {dag.py:2379} INFO - Sync 1 DAGs
[2024-08-18 11:51:43,853] {logging_mixin.py:115} INFO - [2024-08-18 11:51:43,852] {dag.py:2927} INFO - Setting next_dagrun for example_sla_dag to 2024-08-18T14:48:00+00:00, run_after=2024-08-18T14:50:00+00:00
[2024-08-18 11:51:43,913] {processor.py:161} INFO - Processing /home/kai/.local/lib/python3.8/site-packages/airflow/example_dags/example_sla_dag.py took 0.271 seconds
[2024-08-18 11:52:18,414] {processor.py:153} INFO - Started process (PID=772980) to work on /home/kai/.local/lib/python3.8/site-packages/airflow/example_dags/example_sla_dag.py
[2024-08-18 11:52:18,426] {processor.py:641} INFO - Processing file /home/kai/.local/lib/python3.8/site-packages/airflow/example_dags/example_sla_dag.py for tasks to queue
[2024-08-18 11:52:18,427] {logging_mixin.py:115} INFO - [2024-08-18 11:52:18,427] {dagbag.py:507} INFO - Filling up the DagBag from /home/kai/.local/lib/python3.8/site-packages/airflow/example_dags/example_sla_dag.py
[2024-08-18 11:52:18,450] {processor.py:651} INFO - DAG(s) dict_keys(['example_sla_dag']) retrieved from /home/kai/.local/lib/python3.8/site-packages/airflow/example_dags/example_sla_dag.py
[2024-08-18 11:52:18,478] {logging_mixin.py:115} INFO - [2024-08-18 11:52:18,477] {dag.py:2379} INFO - Sync 1 DAGs
[2024-08-18 11:52:18,502] {logging_mixin.py:115} INFO - [2024-08-18 11:52:18,502] {dag.py:2927} INFO - Setting next_dagrun for example_sla_dag to 2024-08-18T14:50:00+00:00, run_after=2024-08-18T14:52:00+00:00
[2024-08-18 11:52:18,515] {processor.py:161} INFO - Processing /home/kai/.local/lib/python3.8/site-packages/airflow/example_dags/example_sla_dag.py took 0.104 seconds
[2024-08-18 11:52:51,336] {processor.py:153} INFO - Started process (PID=773365) to work on /home/kai/.local/lib/python3.8/site-packages/airflow/example_dags/example_sla_dag.py
[2024-08-18 11:52:51,343] {processor.py:641} INFO - Processing file /home/kai/.local/lib/python3.8/site-packages/airflow/example_dags/example_sla_dag.py for tasks to queue
[2024-08-18 11:52:51,344] {logging_mixin.py:115} INFO - [2024-08-18 11:52:51,344] {dagbag.py:507} INFO - Filling up the DagBag from /home/kai/.local/lib/python3.8/site-packages/airflow/example_dags/example_sla_dag.py
[2024-08-18 11:52:51,377] {processor.py:651} INFO - DAG(s) dict_keys(['example_sla_dag']) retrieved from /home/kai/.local/lib/python3.8/site-packages/airflow/example_dags/example_sla_dag.py
[2024-08-18 11:52:51,396] {logging_mixin.py:115} INFO - [2024-08-18 11:52:51,396] {dag.py:2379} INFO - Sync 1 DAGs
[2024-08-18 11:52:51,425] {logging_mixin.py:115} INFO - [2024-08-18 11:52:51,425] {dag.py:2927} INFO - Setting next_dagrun for example_sla_dag to 2024-08-18T14:50:00+00:00, run_after=2024-08-18T14:52:00+00:00
[2024-08-18 11:52:51,449] {processor.py:161} INFO - Processing /home/kai/.local/lib/python3.8/site-packages/airflow/example_dags/example_sla_dag.py took 0.114 seconds
[2024-08-18 11:53:24,597] {processor.py:153} INFO - Started process (PID=773747) to work on /home/kai/.local/lib/python3.8/site-packages/airflow/example_dags/example_sla_dag.py
[2024-08-18 11:53:24,599] {processor.py:641} INFO - Processing file /home/kai/.local/lib/python3.8/site-packages/airflow/example_dags/example_sla_dag.py for tasks to queue
[2024-08-18 11:53:24,600] {logging_mixin.py:115} INFO - [2024-08-18 11:53:24,600] {dagbag.py:507} INFO - Filling up the DagBag from /home/kai/.local/lib/python3.8/site-packages/airflow/example_dags/example_sla_dag.py
[2024-08-18 11:53:24,629] {processor.py:651} INFO - DAG(s) dict_keys(['example_sla_dag']) retrieved from /home/kai/.local/lib/python3.8/site-packages/airflow/example_dags/example_sla_dag.py
[2024-08-18 11:53:24,653] {logging_mixin.py:115} INFO - [2024-08-18 11:53:24,653] {dag.py:2379} INFO - Sync 1 DAGs
[2024-08-18 11:53:24,682] {logging_mixin.py:115} INFO - [2024-08-18 11:53:24,682] {dag.py:2927} INFO - Setting next_dagrun for example_sla_dag to 2024-08-18T14:50:00+00:00, run_after=2024-08-18T14:52:00+00:00
[2024-08-18 11:53:24,695] {processor.py:161} INFO - Processing /home/kai/.local/lib/python3.8/site-packages/airflow/example_dags/example_sla_dag.py took 0.102 seconds
[2024-08-18 11:53:58,025] {processor.py:153} INFO - Started process (PID=774150) to work on /home/kai/.local/lib/python3.8/site-packages/airflow/example_dags/example_sla_dag.py
[2024-08-18 11:53:58,030] {processor.py:641} INFO - Processing file /home/kai/.local/lib/python3.8/site-packages/airflow/example_dags/example_sla_dag.py for tasks to queue
[2024-08-18 11:53:58,030] {logging_mixin.py:115} INFO - [2024-08-18 11:53:58,030] {dagbag.py:507} INFO - Filling up the DagBag from /home/kai/.local/lib/python3.8/site-packages/airflow/example_dags/example_sla_dag.py
[2024-08-18 11:53:58,051] {processor.py:651} INFO - DAG(s) dict_keys(['example_sla_dag']) retrieved from /home/kai/.local/lib/python3.8/site-packages/airflow/example_dags/example_sla_dag.py
[2024-08-18 11:53:58,068] {logging_mixin.py:115} INFO - [2024-08-18 11:53:58,068] {dag.py:2379} INFO - Sync 1 DAGs
[2024-08-18 11:53:58,096] {logging_mixin.py:115} INFO - [2024-08-18 11:53:58,096] {dag.py:2927} INFO - Setting next_dagrun for example_sla_dag to 2024-08-18T14:50:00+00:00, run_after=2024-08-18T14:52:00+00:00
[2024-08-18 11:53:58,110] {processor.py:161} INFO - Processing /home/kai/.local/lib/python3.8/site-packages/airflow/example_dags/example_sla_dag.py took 0.090 seconds
[2024-08-18 11:54:31,899] {processor.py:153} INFO - Started process (PID=774538) to work on /home/kai/.local/lib/python3.8/site-packages/airflow/example_dags/example_sla_dag.py
[2024-08-18 11:54:31,900] {processor.py:641} INFO - Processing file /home/kai/.local/lib/python3.8/site-packages/airflow/example_dags/example_sla_dag.py for tasks to queue
[2024-08-18 11:54:31,900] {logging_mixin.py:115} INFO - [2024-08-18 11:54:31,900] {dagbag.py:507} INFO - Filling up the DagBag from /home/kai/.local/lib/python3.8/site-packages/airflow/example_dags/example_sla_dag.py
[2024-08-18 11:54:31,927] {processor.py:651} INFO - DAG(s) dict_keys(['example_sla_dag']) retrieved from /home/kai/.local/lib/python3.8/site-packages/airflow/example_dags/example_sla_dag.py
[2024-08-18 11:54:31,961] {logging_mixin.py:115} INFO - [2024-08-18 11:54:31,961] {dag.py:2379} INFO - Sync 1 DAGs
[2024-08-18 11:54:32,005] {logging_mixin.py:115} INFO - [2024-08-18 11:54:32,005] {dag.py:2927} INFO - Setting next_dagrun for example_sla_dag to 2024-08-18T14:52:00+00:00, run_after=2024-08-18T14:54:00+00:00
[2024-08-18 11:54:32,020] {processor.py:161} INFO - Processing /home/kai/.local/lib/python3.8/site-packages/airflow/example_dags/example_sla_dag.py took 0.127 seconds
[2024-08-18 11:55:05,833] {processor.py:153} INFO - Started process (PID=774966) to work on /home/kai/.local/lib/python3.8/site-packages/airflow/example_dags/example_sla_dag.py
[2024-08-18 11:55:05,834] {processor.py:641} INFO - Processing file /home/kai/.local/lib/python3.8/site-packages/airflow/example_dags/example_sla_dag.py for tasks to queue
[2024-08-18 11:55:05,835] {logging_mixin.py:115} INFO - [2024-08-18 11:55:05,835] {dagbag.py:507} INFO - Filling up the DagBag from /home/kai/.local/lib/python3.8/site-packages/airflow/example_dags/example_sla_dag.py
[2024-08-18 11:55:05,859] {processor.py:651} INFO - DAG(s) dict_keys(['example_sla_dag']) retrieved from /home/kai/.local/lib/python3.8/site-packages/airflow/example_dags/example_sla_dag.py
[2024-08-18 11:55:05,879] {logging_mixin.py:115} INFO - [2024-08-18 11:55:05,879] {dag.py:2379} INFO - Sync 1 DAGs
[2024-08-18 11:55:05,899] {logging_mixin.py:115} INFO - [2024-08-18 11:55:05,899] {dag.py:2927} INFO - Setting next_dagrun for example_sla_dag to 2024-08-18T14:52:00+00:00, run_after=2024-08-18T14:54:00+00:00
[2024-08-18 11:55:05,909] {processor.py:161} INFO - Processing /home/kai/.local/lib/python3.8/site-packages/airflow/example_dags/example_sla_dag.py took 0.079 seconds
[2024-08-18 11:55:37,634] {processor.py:153} INFO - Started process (PID=775338) to work on /home/kai/.local/lib/python3.8/site-packages/airflow/example_dags/example_sla_dag.py
[2024-08-18 11:55:37,634] {processor.py:641} INFO - Processing file /home/kai/.local/lib/python3.8/site-packages/airflow/example_dags/example_sla_dag.py for tasks to queue
[2024-08-18 11:55:37,635] {logging_mixin.py:115} INFO - [2024-08-18 11:55:37,635] {dagbag.py:507} INFO - Filling up the DagBag from /home/kai/.local/lib/python3.8/site-packages/airflow/example_dags/example_sla_dag.py
[2024-08-18 11:55:37,661] {processor.py:651} INFO - DAG(s) dict_keys(['example_sla_dag']) retrieved from /home/kai/.local/lib/python3.8/site-packages/airflow/example_dags/example_sla_dag.py
[2024-08-18 11:55:37,680] {logging_mixin.py:115} INFO - [2024-08-18 11:55:37,680] {dag.py:2379} INFO - Sync 1 DAGs
[2024-08-18 11:55:37,701] {logging_mixin.py:115} INFO - [2024-08-18 11:55:37,701] {dag.py:2927} INFO - Setting next_dagrun for example_sla_dag to 2024-08-18T14:52:00+00:00, run_after=2024-08-18T14:54:00+00:00
[2024-08-18 11:55:37,722] {processor.py:161} INFO - Processing /home/kai/.local/lib/python3.8/site-packages/airflow/example_dags/example_sla_dag.py took 0.093 seconds
[2024-08-18 11:56:12,661] {processor.py:153} INFO - Started process (PID=775745) to work on /home/kai/.local/lib/python3.8/site-packages/airflow/example_dags/example_sla_dag.py
[2024-08-18 11:56:12,666] {processor.py:641} INFO - Processing file /home/kai/.local/lib/python3.8/site-packages/airflow/example_dags/example_sla_dag.py for tasks to queue
[2024-08-18 11:56:12,666] {logging_mixin.py:115} INFO - [2024-08-18 11:56:12,666] {dagbag.py:507} INFO - Filling up the DagBag from /home/kai/.local/lib/python3.8/site-packages/airflow/example_dags/example_sla_dag.py
[2024-08-18 11:56:12,697] {processor.py:651} INFO - DAG(s) dict_keys(['example_sla_dag']) retrieved from /home/kai/.local/lib/python3.8/site-packages/airflow/example_dags/example_sla_dag.py
[2024-08-18 11:56:12,723] {logging_mixin.py:115} INFO - [2024-08-18 11:56:12,723] {dag.py:2379} INFO - Sync 1 DAGs
[2024-08-18 11:56:12,750] {logging_mixin.py:115} INFO - [2024-08-18 11:56:12,750] {dag.py:2927} INFO - Setting next_dagrun for example_sla_dag to 2024-08-18T14:54:00+00:00, run_after=2024-08-18T14:56:00+00:00
[2024-08-18 11:56:12,768] {processor.py:161} INFO - Processing /home/kai/.local/lib/python3.8/site-packages/airflow/example_dags/example_sla_dag.py took 0.111 seconds
[2024-08-18 11:56:47,809] {processor.py:153} INFO - Started process (PID=776146) to work on /home/kai/.local/lib/python3.8/site-packages/airflow/example_dags/example_sla_dag.py
[2024-08-18 11:56:47,811] {processor.py:641} INFO - Processing file /home/kai/.local/lib/python3.8/site-packages/airflow/example_dags/example_sla_dag.py for tasks to queue
[2024-08-18 11:56:47,812] {logging_mixin.py:115} INFO - [2024-08-18 11:56:47,812] {dagbag.py:507} INFO - Filling up the DagBag from /home/kai/.local/lib/python3.8/site-packages/airflow/example_dags/example_sla_dag.py
[2024-08-18 11:56:47,847] {processor.py:651} INFO - DAG(s) dict_keys(['example_sla_dag']) retrieved from /home/kai/.local/lib/python3.8/site-packages/airflow/example_dags/example_sla_dag.py
[2024-08-18 11:56:47,867] {logging_mixin.py:115} INFO - [2024-08-18 11:56:47,867] {dag.py:2379} INFO - Sync 1 DAGs
[2024-08-18 11:56:47,902] {logging_mixin.py:115} INFO - [2024-08-18 11:56:47,902] {dag.py:2927} INFO - Setting next_dagrun for example_sla_dag to 2024-08-18T14:54:00+00:00, run_after=2024-08-18T14:56:00+00:00
[2024-08-18 11:56:47,922] {processor.py:161} INFO - Processing /home/kai/.local/lib/python3.8/site-packages/airflow/example_dags/example_sla_dag.py took 0.116 seconds
[2024-08-18 11:57:21,647] {processor.py:153} INFO - Started process (PID=776525) to work on /home/kai/.local/lib/python3.8/site-packages/airflow/example_dags/example_sla_dag.py
[2024-08-18 11:57:21,648] {processor.py:641} INFO - Processing file /home/kai/.local/lib/python3.8/site-packages/airflow/example_dags/example_sla_dag.py for tasks to queue
[2024-08-18 11:57:21,649] {logging_mixin.py:115} INFO - [2024-08-18 11:57:21,649] {dagbag.py:507} INFO - Filling up the DagBag from /home/kai/.local/lib/python3.8/site-packages/airflow/example_dags/example_sla_dag.py
[2024-08-18 11:57:21,708] {processor.py:651} INFO - DAG(s) dict_keys(['example_sla_dag']) retrieved from /home/kai/.local/lib/python3.8/site-packages/airflow/example_dags/example_sla_dag.py
[2024-08-18 11:57:21,740] {logging_mixin.py:115} INFO - [2024-08-18 11:57:21,740] {dag.py:2379} INFO - Sync 1 DAGs
[2024-08-18 11:57:21,764] {logging_mixin.py:115} INFO - [2024-08-18 11:57:21,764] {dag.py:2927} INFO - Setting next_dagrun for example_sla_dag to 2024-08-18T14:54:00+00:00, run_after=2024-08-18T14:56:00+00:00
[2024-08-18 11:57:21,779] {processor.py:161} INFO - Processing /home/kai/.local/lib/python3.8/site-packages/airflow/example_dags/example_sla_dag.py took 0.138 seconds
[2024-08-18 11:57:57,094] {processor.py:153} INFO - Started process (PID=776916) to work on /home/kai/.local/lib/python3.8/site-packages/airflow/example_dags/example_sla_dag.py
[2024-08-18 11:57:57,095] {processor.py:641} INFO - Processing file /home/kai/.local/lib/python3.8/site-packages/airflow/example_dags/example_sla_dag.py for tasks to queue
[2024-08-18 11:57:57,096] {logging_mixin.py:115} INFO - [2024-08-18 11:57:57,096] {dagbag.py:507} INFO - Filling up the DagBag from /home/kai/.local/lib/python3.8/site-packages/airflow/example_dags/example_sla_dag.py
[2024-08-18 11:57:57,124] {processor.py:651} INFO - DAG(s) dict_keys(['example_sla_dag']) retrieved from /home/kai/.local/lib/python3.8/site-packages/airflow/example_dags/example_sla_dag.py
[2024-08-18 11:57:57,149] {logging_mixin.py:115} INFO - [2024-08-18 11:57:57,149] {dag.py:2379} INFO - Sync 1 DAGs
[2024-08-18 11:57:57,179] {logging_mixin.py:115} INFO - [2024-08-18 11:57:57,179] {dag.py:2927} INFO - Setting next_dagrun for example_sla_dag to 2024-08-18T14:54:00+00:00, run_after=2024-08-18T14:56:00+00:00
[2024-08-18 11:57:57,191] {processor.py:161} INFO - Processing /home/kai/.local/lib/python3.8/site-packages/airflow/example_dags/example_sla_dag.py took 0.104 seconds
[2024-08-18 11:58:35,416] {processor.py:153} INFO - Started process (PID=777331) to work on /home/kai/.local/lib/python3.8/site-packages/airflow/example_dags/example_sla_dag.py
[2024-08-18 11:58:35,418] {processor.py:641} INFO - Processing file /home/kai/.local/lib/python3.8/site-packages/airflow/example_dags/example_sla_dag.py for tasks to queue
[2024-08-18 11:58:35,418] {logging_mixin.py:115} INFO - [2024-08-18 11:58:35,418] {dagbag.py:507} INFO - Filling up the DagBag from /home/kai/.local/lib/python3.8/site-packages/airflow/example_dags/example_sla_dag.py
[2024-08-18 11:58:35,447] {processor.py:651} INFO - DAG(s) dict_keys(['example_sla_dag']) retrieved from /home/kai/.local/lib/python3.8/site-packages/airflow/example_dags/example_sla_dag.py
[2024-08-18 11:58:35,463] {logging_mixin.py:115} INFO - [2024-08-18 11:58:35,463] {dag.py:2379} INFO - Sync 1 DAGs
[2024-08-18 11:58:35,482] {logging_mixin.py:115} INFO - [2024-08-18 11:58:35,482] {dag.py:2927} INFO - Setting next_dagrun for example_sla_dag to 2024-08-18T14:56:00+00:00, run_after=2024-08-18T14:58:00+00:00
[2024-08-18 11:58:35,494] {processor.py:161} INFO - Processing /home/kai/.local/lib/python3.8/site-packages/airflow/example_dags/example_sla_dag.py took 0.081 seconds
[2024-08-18 11:59:12,452] {processor.py:153} INFO - Started process (PID=777784) to work on /home/kai/.local/lib/python3.8/site-packages/airflow/example_dags/example_sla_dag.py
[2024-08-18 11:59:12,453] {processor.py:641} INFO - Processing file /home/kai/.local/lib/python3.8/site-packages/airflow/example_dags/example_sla_dag.py for tasks to queue
[2024-08-18 11:59:12,454] {logging_mixin.py:115} INFO - [2024-08-18 11:59:12,453] {dagbag.py:507} INFO - Filling up the DagBag from /home/kai/.local/lib/python3.8/site-packages/airflow/example_dags/example_sla_dag.py
[2024-08-18 11:59:12,484] {processor.py:651} INFO - DAG(s) dict_keys(['example_sla_dag']) retrieved from /home/kai/.local/lib/python3.8/site-packages/airflow/example_dags/example_sla_dag.py
[2024-08-18 11:59:12,512] {logging_mixin.py:115} INFO - [2024-08-18 11:59:12,510] {dag.py:2379} INFO - Sync 1 DAGs
[2024-08-18 11:59:12,550] {logging_mixin.py:115} INFO - [2024-08-18 11:59:12,550] {dag.py:2927} INFO - Setting next_dagrun for example_sla_dag to 2024-08-18T14:56:00+00:00, run_after=2024-08-18T14:58:00+00:00
[2024-08-18 11:59:12,571] {processor.py:161} INFO - Processing /home/kai/.local/lib/python3.8/site-packages/airflow/example_dags/example_sla_dag.py took 0.122 seconds
[2024-08-18 11:59:47,088] {processor.py:153} INFO - Started process (PID=778156) to work on /home/kai/.local/lib/python3.8/site-packages/airflow/example_dags/example_sla_dag.py
[2024-08-18 11:59:47,089] {processor.py:641} INFO - Processing file /home/kai/.local/lib/python3.8/site-packages/airflow/example_dags/example_sla_dag.py for tasks to queue
[2024-08-18 11:59:47,090] {logging_mixin.py:115} INFO - [2024-08-18 11:59:47,090] {dagbag.py:507} INFO - Filling up the DagBag from /home/kai/.local/lib/python3.8/site-packages/airflow/example_dags/example_sla_dag.py
[2024-08-18 11:59:47,141] {processor.py:651} INFO - DAG(s) dict_keys(['example_sla_dag']) retrieved from /home/kai/.local/lib/python3.8/site-packages/airflow/example_dags/example_sla_dag.py
[2024-08-18 11:59:47,160] {logging_mixin.py:115} INFO - [2024-08-18 11:59:47,160] {dag.py:2379} INFO - Sync 1 DAGs
[2024-08-18 11:59:47,184] {logging_mixin.py:115} INFO - [2024-08-18 11:59:47,184] {dag.py:2927} INFO - Setting next_dagrun for example_sla_dag to 2024-08-18T14:56:00+00:00, run_after=2024-08-18T14:58:00+00:00
[2024-08-18 11:59:47,200] {processor.py:161} INFO - Processing /home/kai/.local/lib/python3.8/site-packages/airflow/example_dags/example_sla_dag.py took 0.120 seconds
[2024-08-18 12:02:33,950] {processor.py:153} INFO - Started process (PID=3545) to work on /home/kai/.local/lib/python3.8/site-packages/airflow/example_dags/example_sla_dag.py
[2024-08-18 12:02:33,952] {processor.py:641} INFO - Processing file /home/kai/.local/lib/python3.8/site-packages/airflow/example_dags/example_sla_dag.py for tasks to queue
[2024-08-18 12:02:33,952] {logging_mixin.py:115} INFO - [2024-08-18 12:02:33,952] {dagbag.py:507} INFO - Filling up the DagBag from /home/kai/.local/lib/python3.8/site-packages/airflow/example_dags/example_sla_dag.py
[2024-08-18 12:02:33,970] {processor.py:651} INFO - DAG(s) dict_keys(['example_sla_dag']) retrieved from /home/kai/.local/lib/python3.8/site-packages/airflow/example_dags/example_sla_dag.py
[2024-08-18 12:02:33,987] {logging_mixin.py:115} INFO - [2024-08-18 12:02:33,987] {dag.py:2379} INFO - Sync 1 DAGs
[2024-08-18 12:02:34,004] {logging_mixin.py:115} INFO - [2024-08-18 12:02:34,004] {dag.py:2927} INFO - Setting next_dagrun for example_sla_dag to 2024-08-18T15:00:00+00:00, run_after=2024-08-18T15:02:00+00:00
[2024-08-18 12:02:34,015] {processor.py:161} INFO - Processing /home/kai/.local/lib/python3.8/site-packages/airflow/example_dags/example_sla_dag.py took 0.067 seconds
[2024-08-18 12:03:00,437] {processor.py:153} INFO - Started process (PID=3913) to work on /home/kai/.local/lib/python3.8/site-packages/airflow/example_dags/example_sla_dag.py
[2024-08-18 12:03:00,438] {processor.py:641} INFO - Processing file /home/kai/.local/lib/python3.8/site-packages/airflow/example_dags/example_sla_dag.py for tasks to queue
[2024-08-18 12:03:00,439] {logging_mixin.py:115} INFO - [2024-08-18 12:03:00,438] {dagbag.py:507} INFO - Filling up the DagBag from /home/kai/.local/lib/python3.8/site-packages/airflow/example_dags/example_sla_dag.py
[2024-08-18 12:03:00,454] {processor.py:651} INFO - DAG(s) dict_keys(['example_sla_dag']) retrieved from /home/kai/.local/lib/python3.8/site-packages/airflow/example_dags/example_sla_dag.py
[2024-08-18 12:03:00,475] {logging_mixin.py:115} INFO - [2024-08-18 12:03:00,475] {dag.py:2379} INFO - Sync 1 DAGs
[2024-08-18 12:03:00,494] {logging_mixin.py:115} INFO - [2024-08-18 12:03:00,494] {dag.py:2927} INFO - Setting next_dagrun for example_sla_dag to 2024-08-18T15:00:00+00:00, run_after=2024-08-18T15:02:00+00:00
[2024-08-18 12:03:00,505] {processor.py:161} INFO - Processing /home/kai/.local/lib/python3.8/site-packages/airflow/example_dags/example_sla_dag.py took 0.071 seconds
[2024-08-18 12:03:36,761] {processor.py:153} INFO - Started process (PID=4674) to work on /home/kai/.local/lib/python3.8/site-packages/airflow/example_dags/example_sla_dag.py
[2024-08-18 12:03:36,762] {processor.py:641} INFO - Processing file /home/kai/.local/lib/python3.8/site-packages/airflow/example_dags/example_sla_dag.py for tasks to queue
[2024-08-18 12:03:36,763] {logging_mixin.py:115} INFO - [2024-08-18 12:03:36,762] {dagbag.py:507} INFO - Filling up the DagBag from /home/kai/.local/lib/python3.8/site-packages/airflow/example_dags/example_sla_dag.py
[2024-08-18 12:03:36,776] {processor.py:651} INFO - DAG(s) dict_keys(['example_sla_dag']) retrieved from /home/kai/.local/lib/python3.8/site-packages/airflow/example_dags/example_sla_dag.py
[2024-08-18 12:03:36,789] {logging_mixin.py:115} INFO - [2024-08-18 12:03:36,789] {dag.py:2379} INFO - Sync 1 DAGs
[2024-08-18 12:03:36,806] {logging_mixin.py:115} INFO - [2024-08-18 12:03:36,806] {dag.py:2927} INFO - Setting next_dagrun for example_sla_dag to 2024-08-18T15:00:00+00:00, run_after=2024-08-18T15:02:00+00:00
[2024-08-18 12:03:36,816] {processor.py:161} INFO - Processing /home/kai/.local/lib/python3.8/site-packages/airflow/example_dags/example_sla_dag.py took 0.057 seconds
[2024-08-18 12:04:10,640] {processor.py:153} INFO - Started process (PID=4936) to work on /home/kai/.local/lib/python3.8/site-packages/airflow/example_dags/example_sla_dag.py
[2024-08-18 12:04:10,640] {processor.py:641} INFO - Processing file /home/kai/.local/lib/python3.8/site-packages/airflow/example_dags/example_sla_dag.py for tasks to queue
[2024-08-18 12:04:10,641] {logging_mixin.py:115} INFO - [2024-08-18 12:04:10,641] {dagbag.py:507} INFO - Filling up the DagBag from /home/kai/.local/lib/python3.8/site-packages/airflow/example_dags/example_sla_dag.py
[2024-08-18 12:04:10,660] {processor.py:651} INFO - DAG(s) dict_keys(['example_sla_dag']) retrieved from /home/kai/.local/lib/python3.8/site-packages/airflow/example_dags/example_sla_dag.py
[2024-08-18 12:04:10,676] {logging_mixin.py:115} INFO - [2024-08-18 12:04:10,676] {dag.py:2379} INFO - Sync 1 DAGs
[2024-08-18 12:04:10,695] {logging_mixin.py:115} INFO - [2024-08-18 12:04:10,695] {dag.py:2927} INFO - Setting next_dagrun for example_sla_dag to 2024-08-18T15:02:00+00:00, run_after=2024-08-18T15:04:00+00:00
[2024-08-18 12:04:10,706] {processor.py:161} INFO - Processing /home/kai/.local/lib/python3.8/site-packages/airflow/example_dags/example_sla_dag.py took 0.070 seconds
[2024-08-18 12:04:44,339] {processor.py:153} INFO - Started process (PID=5100) to work on /home/kai/.local/lib/python3.8/site-packages/airflow/example_dags/example_sla_dag.py
[2024-08-18 12:04:44,340] {processor.py:641} INFO - Processing file /home/kai/.local/lib/python3.8/site-packages/airflow/example_dags/example_sla_dag.py for tasks to queue
[2024-08-18 12:04:44,341] {logging_mixin.py:115} INFO - [2024-08-18 12:04:44,341] {dagbag.py:507} INFO - Filling up the DagBag from /home/kai/.local/lib/python3.8/site-packages/airflow/example_dags/example_sla_dag.py
[2024-08-18 12:04:44,360] {processor.py:651} INFO - DAG(s) dict_keys(['example_sla_dag']) retrieved from /home/kai/.local/lib/python3.8/site-packages/airflow/example_dags/example_sla_dag.py
[2024-08-18 12:04:44,375] {logging_mixin.py:115} INFO - [2024-08-18 12:04:44,375] {dag.py:2379} INFO - Sync 1 DAGs
[2024-08-18 12:04:44,392] {logging_mixin.py:115} INFO - [2024-08-18 12:04:44,391] {dag.py:2927} INFO - Setting next_dagrun for example_sla_dag to 2024-08-18T15:02:00+00:00, run_after=2024-08-18T15:04:00+00:00
[2024-08-18 12:04:44,402] {processor.py:161} INFO - Processing /home/kai/.local/lib/python3.8/site-packages/airflow/example_dags/example_sla_dag.py took 0.066 seconds
[2024-08-18 12:05:17,009] {processor.py:153} INFO - Started process (PID=5272) to work on /home/kai/.local/lib/python3.8/site-packages/airflow/example_dags/example_sla_dag.py
[2024-08-18 12:05:17,010] {processor.py:641} INFO - Processing file /home/kai/.local/lib/python3.8/site-packages/airflow/example_dags/example_sla_dag.py for tasks to queue
[2024-08-18 12:05:17,011] {logging_mixin.py:115} INFO - [2024-08-18 12:05:17,010] {dagbag.py:507} INFO - Filling up the DagBag from /home/kai/.local/lib/python3.8/site-packages/airflow/example_dags/example_sla_dag.py
[2024-08-18 12:05:17,027] {processor.py:651} INFO - DAG(s) dict_keys(['example_sla_dag']) retrieved from /home/kai/.local/lib/python3.8/site-packages/airflow/example_dags/example_sla_dag.py
[2024-08-18 12:05:17,042] {logging_mixin.py:115} INFO - [2024-08-18 12:05:17,042] {dag.py:2379} INFO - Sync 1 DAGs
[2024-08-18 12:05:17,059] {logging_mixin.py:115} INFO - [2024-08-18 12:05:17,059] {dag.py:2927} INFO - Setting next_dagrun for example_sla_dag to 2024-08-18T15:02:00+00:00, run_after=2024-08-18T15:04:00+00:00
[2024-08-18 12:05:17,070] {processor.py:161} INFO - Processing /home/kai/.local/lib/python3.8/site-packages/airflow/example_dags/example_sla_dag.py took 0.064 seconds
[2024-08-18 12:05:48,268] {processor.py:153} INFO - Started process (PID=5440) to work on /home/kai/.local/lib/python3.8/site-packages/airflow/example_dags/example_sla_dag.py
[2024-08-18 12:05:48,269] {processor.py:641} INFO - Processing file /home/kai/.local/lib/python3.8/site-packages/airflow/example_dags/example_sla_dag.py for tasks to queue
[2024-08-18 12:05:48,269] {logging_mixin.py:115} INFO - [2024-08-18 12:05:48,269] {dagbag.py:507} INFO - Filling up the DagBag from /home/kai/.local/lib/python3.8/site-packages/airflow/example_dags/example_sla_dag.py
[2024-08-18 12:05:48,286] {processor.py:651} INFO - DAG(s) dict_keys(['example_sla_dag']) retrieved from /home/kai/.local/lib/python3.8/site-packages/airflow/example_dags/example_sla_dag.py
[2024-08-18 12:05:48,300] {logging_mixin.py:115} INFO - [2024-08-18 12:05:48,300] {dag.py:2379} INFO - Sync 1 DAGs
[2024-08-18 12:05:48,323] {logging_mixin.py:115} INFO - [2024-08-18 12:05:48,323] {dag.py:2927} INFO - Setting next_dagrun for example_sla_dag to 2024-08-18T15:02:00+00:00, run_after=2024-08-18T15:04:00+00:00
[2024-08-18 12:05:48,336] {processor.py:161} INFO - Processing /home/kai/.local/lib/python3.8/site-packages/airflow/example_dags/example_sla_dag.py took 0.071 seconds
[2024-08-18 12:06:21,382] {processor.py:153} INFO - Started process (PID=5617) to work on /home/kai/.local/lib/python3.8/site-packages/airflow/example_dags/example_sla_dag.py
[2024-08-18 12:06:21,383] {processor.py:641} INFO - Processing file /home/kai/.local/lib/python3.8/site-packages/airflow/example_dags/example_sla_dag.py for tasks to queue
[2024-08-18 12:06:21,383] {logging_mixin.py:115} INFO - [2024-08-18 12:06:21,383] {dagbag.py:507} INFO - Filling up the DagBag from /home/kai/.local/lib/python3.8/site-packages/airflow/example_dags/example_sla_dag.py
[2024-08-18 12:06:21,402] {processor.py:651} INFO - DAG(s) dict_keys(['example_sla_dag']) retrieved from /home/kai/.local/lib/python3.8/site-packages/airflow/example_dags/example_sla_dag.py
[2024-08-18 12:06:21,415] {logging_mixin.py:115} INFO - [2024-08-18 12:06:21,415] {dag.py:2379} INFO - Sync 1 DAGs
[2024-08-18 12:06:21,435] {logging_mixin.py:115} INFO - [2024-08-18 12:06:21,435] {dag.py:2927} INFO - Setting next_dagrun for example_sla_dag to 2024-08-18T15:04:00+00:00, run_after=2024-08-18T15:06:00+00:00
[2024-08-18 12:06:21,445] {processor.py:161} INFO - Processing /home/kai/.local/lib/python3.8/site-packages/airflow/example_dags/example_sla_dag.py took 0.065 seconds
[2024-08-18 12:06:54,982] {processor.py:153} INFO - Started process (PID=5786) to work on /home/kai/.local/lib/python3.8/site-packages/airflow/example_dags/example_sla_dag.py
[2024-08-18 12:06:54,982] {processor.py:641} INFO - Processing file /home/kai/.local/lib/python3.8/site-packages/airflow/example_dags/example_sla_dag.py for tasks to queue
[2024-08-18 12:06:54,983] {logging_mixin.py:115} INFO - [2024-08-18 12:06:54,983] {dagbag.py:507} INFO - Filling up the DagBag from /home/kai/.local/lib/python3.8/site-packages/airflow/example_dags/example_sla_dag.py
[2024-08-18 12:06:54,999] {processor.py:651} INFO - DAG(s) dict_keys(['example_sla_dag']) retrieved from /home/kai/.local/lib/python3.8/site-packages/airflow/example_dags/example_sla_dag.py
[2024-08-18 12:06:55,013] {logging_mixin.py:115} INFO - [2024-08-18 12:06:55,013] {dag.py:2379} INFO - Sync 1 DAGs
[2024-08-18 12:06:55,032] {logging_mixin.py:115} INFO - [2024-08-18 12:06:55,032] {dag.py:2927} INFO - Setting next_dagrun for example_sla_dag to 2024-08-18T15:04:00+00:00, run_after=2024-08-18T15:06:00+00:00
[2024-08-18 12:06:55,043] {processor.py:161} INFO - Processing /home/kai/.local/lib/python3.8/site-packages/airflow/example_dags/example_sla_dag.py took 0.064 seconds
[2024-08-18 12:07:26,170] {processor.py:153} INFO - Started process (PID=5951) to work on /home/kai/.local/lib/python3.8/site-packages/airflow/example_dags/example_sla_dag.py
[2024-08-18 12:07:26,171] {processor.py:641} INFO - Processing file /home/kai/.local/lib/python3.8/site-packages/airflow/example_dags/example_sla_dag.py for tasks to queue
[2024-08-18 12:07:26,172] {logging_mixin.py:115} INFO - [2024-08-18 12:07:26,172] {dagbag.py:507} INFO - Filling up the DagBag from /home/kai/.local/lib/python3.8/site-packages/airflow/example_dags/example_sla_dag.py
[2024-08-18 12:07:26,189] {processor.py:651} INFO - DAG(s) dict_keys(['example_sla_dag']) retrieved from /home/kai/.local/lib/python3.8/site-packages/airflow/example_dags/example_sla_dag.py
[2024-08-18 12:07:26,204] {logging_mixin.py:115} INFO - [2024-08-18 12:07:26,204] {dag.py:2379} INFO - Sync 1 DAGs
[2024-08-18 12:07:26,223] {logging_mixin.py:115} INFO - [2024-08-18 12:07:26,223] {dag.py:2927} INFO - Setting next_dagrun for example_sla_dag to 2024-08-18T15:04:00+00:00, run_after=2024-08-18T15:06:00+00:00
[2024-08-18 12:07:26,234] {processor.py:161} INFO - Processing /home/kai/.local/lib/python3.8/site-packages/airflow/example_dags/example_sla_dag.py took 0.067 seconds
[2024-08-18 12:08:00,143] {processor.py:153} INFO - Started process (PID=6170) to work on /home/kai/.local/lib/python3.8/site-packages/airflow/example_dags/example_sla_dag.py
[2024-08-18 12:08:00,143] {processor.py:641} INFO - Processing file /home/kai/.local/lib/python3.8/site-packages/airflow/example_dags/example_sla_dag.py for tasks to queue
[2024-08-18 12:08:00,144] {logging_mixin.py:115} INFO - [2024-08-18 12:08:00,144] {dagbag.py:507} INFO - Filling up the DagBag from /home/kai/.local/lib/python3.8/site-packages/airflow/example_dags/example_sla_dag.py
[2024-08-18 12:08:00,161] {processor.py:651} INFO - DAG(s) dict_keys(['example_sla_dag']) retrieved from /home/kai/.local/lib/python3.8/site-packages/airflow/example_dags/example_sla_dag.py
[2024-08-18 12:08:00,177] {logging_mixin.py:115} INFO - [2024-08-18 12:08:00,177] {dag.py:2379} INFO - Sync 1 DAGs
[2024-08-18 12:08:00,195] {logging_mixin.py:115} INFO - [2024-08-18 12:08:00,195] {dag.py:2927} INFO - Setting next_dagrun for example_sla_dag to 2024-08-18T15:06:00+00:00, run_after=2024-08-18T15:08:00+00:00
[2024-08-18 12:08:00,207] {processor.py:161} INFO - Processing /home/kai/.local/lib/python3.8/site-packages/airflow/example_dags/example_sla_dag.py took 0.067 seconds
[2024-08-18 12:08:32,116] {processor.py:153} INFO - Started process (PID=6340) to work on /home/kai/.local/lib/python3.8/site-packages/airflow/example_dags/example_sla_dag.py
[2024-08-18 12:08:32,116] {processor.py:641} INFO - Processing file /home/kai/.local/lib/python3.8/site-packages/airflow/example_dags/example_sla_dag.py for tasks to queue
[2024-08-18 12:08:32,117] {logging_mixin.py:115} INFO - [2024-08-18 12:08:32,117] {dagbag.py:507} INFO - Filling up the DagBag from /home/kai/.local/lib/python3.8/site-packages/airflow/example_dags/example_sla_dag.py
[2024-08-18 12:08:32,132] {processor.py:651} INFO - DAG(s) dict_keys(['example_sla_dag']) retrieved from /home/kai/.local/lib/python3.8/site-packages/airflow/example_dags/example_sla_dag.py
[2024-08-18 12:08:32,146] {logging_mixin.py:115} INFO - [2024-08-18 12:08:32,146] {dag.py:2379} INFO - Sync 1 DAGs
[2024-08-18 12:08:32,164] {logging_mixin.py:115} INFO - [2024-08-18 12:08:32,164] {dag.py:2927} INFO - Setting next_dagrun for example_sla_dag to 2024-08-18T15:06:00+00:00, run_after=2024-08-18T15:08:00+00:00
[2024-08-18 12:08:32,175] {processor.py:161} INFO - Processing /home/kai/.local/lib/python3.8/site-packages/airflow/example_dags/example_sla_dag.py took 0.062 seconds
[2024-08-18 12:09:04,722] {processor.py:153} INFO - Started process (PID=6498) to work on /home/kai/.local/lib/python3.8/site-packages/airflow/example_dags/example_sla_dag.py
[2024-08-18 12:09:04,723] {processor.py:641} INFO - Processing file /home/kai/.local/lib/python3.8/site-packages/airflow/example_dags/example_sla_dag.py for tasks to queue
[2024-08-18 12:09:04,723] {logging_mixin.py:115} INFO - [2024-08-18 12:09:04,723] {dagbag.py:507} INFO - Filling up the DagBag from /home/kai/.local/lib/python3.8/site-packages/airflow/example_dags/example_sla_dag.py
[2024-08-18 12:09:04,742] {processor.py:651} INFO - DAG(s) dict_keys(['example_sla_dag']) retrieved from /home/kai/.local/lib/python3.8/site-packages/airflow/example_dags/example_sla_dag.py
[2024-08-18 12:09:04,760] {logging_mixin.py:115} INFO - [2024-08-18 12:09:04,760] {dag.py:2379} INFO - Sync 1 DAGs
[2024-08-18 12:09:04,779] {logging_mixin.py:115} INFO - [2024-08-18 12:09:04,779] {dag.py:2927} INFO - Setting next_dagrun for example_sla_dag to 2024-08-18T15:06:00+00:00, run_after=2024-08-18T15:08:00+00:00
[2024-08-18 12:09:04,790] {processor.py:161} INFO - Processing /home/kai/.local/lib/python3.8/site-packages/airflow/example_dags/example_sla_dag.py took 0.075 seconds
[2024-08-18 12:09:38,198] {processor.py:153} INFO - Started process (PID=6672) to work on /home/kai/.local/lib/python3.8/site-packages/airflow/example_dags/example_sla_dag.py
[2024-08-18 12:09:38,199] {processor.py:641} INFO - Processing file /home/kai/.local/lib/python3.8/site-packages/airflow/example_dags/example_sla_dag.py for tasks to queue
[2024-08-18 12:09:38,199] {logging_mixin.py:115} INFO - [2024-08-18 12:09:38,199] {dagbag.py:507} INFO - Filling up the DagBag from /home/kai/.local/lib/python3.8/site-packages/airflow/example_dags/example_sla_dag.py
[2024-08-18 12:09:38,216] {processor.py:651} INFO - DAG(s) dict_keys(['example_sla_dag']) retrieved from /home/kai/.local/lib/python3.8/site-packages/airflow/example_dags/example_sla_dag.py
[2024-08-18 12:09:38,229] {logging_mixin.py:115} INFO - [2024-08-18 12:09:38,229] {dag.py:2379} INFO - Sync 1 DAGs
[2024-08-18 12:09:38,246] {logging_mixin.py:115} INFO - [2024-08-18 12:09:38,246] {dag.py:2927} INFO - Setting next_dagrun for example_sla_dag to 2024-08-18T15:06:00+00:00, run_after=2024-08-18T15:08:00+00:00
[2024-08-18 12:09:38,257] {processor.py:161} INFO - Processing /home/kai/.local/lib/python3.8/site-packages/airflow/example_dags/example_sla_dag.py took 0.062 seconds
[2024-08-18 12:10:10,360] {processor.py:153} INFO - Started process (PID=6842) to work on /home/kai/.local/lib/python3.8/site-packages/airflow/example_dags/example_sla_dag.py
[2024-08-18 12:10:10,360] {processor.py:641} INFO - Processing file /home/kai/.local/lib/python3.8/site-packages/airflow/example_dags/example_sla_dag.py for tasks to queue
[2024-08-18 12:10:10,361] {logging_mixin.py:115} INFO - [2024-08-18 12:10:10,361] {dagbag.py:507} INFO - Filling up the DagBag from /home/kai/.local/lib/python3.8/site-packages/airflow/example_dags/example_sla_dag.py
[2024-08-18 12:10:10,378] {processor.py:651} INFO - DAG(s) dict_keys(['example_sla_dag']) retrieved from /home/kai/.local/lib/python3.8/site-packages/airflow/example_dags/example_sla_dag.py
[2024-08-18 12:10:10,393] {logging_mixin.py:115} INFO - [2024-08-18 12:10:10,393] {dag.py:2379} INFO - Sync 1 DAGs
[2024-08-18 12:10:10,411] {logging_mixin.py:115} INFO - [2024-08-18 12:10:10,411] {dag.py:2927} INFO - Setting next_dagrun for example_sla_dag to 2024-08-18T15:08:00+00:00, run_after=2024-08-18T15:10:00+00:00
[2024-08-18 12:10:10,422] {processor.py:161} INFO - Processing /home/kai/.local/lib/python3.8/site-packages/airflow/example_dags/example_sla_dag.py took 0.066 seconds
[2024-08-18 12:10:44,039] {processor.py:153} INFO - Started process (PID=7007) to work on /home/kai/.local/lib/python3.8/site-packages/airflow/example_dags/example_sla_dag.py
[2024-08-18 12:10:44,040] {processor.py:641} INFO - Processing file /home/kai/.local/lib/python3.8/site-packages/airflow/example_dags/example_sla_dag.py for tasks to queue
[2024-08-18 12:10:44,041] {logging_mixin.py:115} INFO - [2024-08-18 12:10:44,040] {dagbag.py:507} INFO - Filling up the DagBag from /home/kai/.local/lib/python3.8/site-packages/airflow/example_dags/example_sla_dag.py
[2024-08-18 12:10:44,057] {processor.py:651} INFO - DAG(s) dict_keys(['example_sla_dag']) retrieved from /home/kai/.local/lib/python3.8/site-packages/airflow/example_dags/example_sla_dag.py
[2024-08-18 12:10:44,070] {logging_mixin.py:115} INFO - [2024-08-18 12:10:44,070] {dag.py:2379} INFO - Sync 1 DAGs
[2024-08-18 12:10:44,093] {logging_mixin.py:115} INFO - [2024-08-18 12:10:44,093] {dag.py:2927} INFO - Setting next_dagrun for example_sla_dag to 2024-08-18T15:08:00+00:00, run_after=2024-08-18T15:10:00+00:00
[2024-08-18 12:10:44,104] {processor.py:161} INFO - Processing /home/kai/.local/lib/python3.8/site-packages/airflow/example_dags/example_sla_dag.py took 0.068 seconds
[2024-08-18 12:11:16,497] {processor.py:153} INFO - Started process (PID=7174) to work on /home/kai/.local/lib/python3.8/site-packages/airflow/example_dags/example_sla_dag.py
[2024-08-18 12:11:16,498] {processor.py:641} INFO - Processing file /home/kai/.local/lib/python3.8/site-packages/airflow/example_dags/example_sla_dag.py for tasks to queue
[2024-08-18 12:11:16,498] {logging_mixin.py:115} INFO - [2024-08-18 12:11:16,498] {dagbag.py:507} INFO - Filling up the DagBag from /home/kai/.local/lib/python3.8/site-packages/airflow/example_dags/example_sla_dag.py
[2024-08-18 12:11:16,512] {processor.py:651} INFO - DAG(s) dict_keys(['example_sla_dag']) retrieved from /home/kai/.local/lib/python3.8/site-packages/airflow/example_dags/example_sla_dag.py
[2024-08-18 12:11:16,525] {logging_mixin.py:115} INFO - [2024-08-18 12:11:16,525] {dag.py:2379} INFO - Sync 1 DAGs
[2024-08-18 12:11:16,541] {logging_mixin.py:115} INFO - [2024-08-18 12:11:16,541] {dag.py:2927} INFO - Setting next_dagrun for example_sla_dag to 2024-08-18T15:08:00+00:00, run_after=2024-08-18T15:10:00+00:00
[2024-08-18 12:11:16,550] {processor.py:161} INFO - Processing /home/kai/.local/lib/python3.8/site-packages/airflow/example_dags/example_sla_dag.py took 0.056 seconds
[2024-08-18 12:11:49,673] {processor.py:153} INFO - Started process (PID=7334) to work on /home/kai/.local/lib/python3.8/site-packages/airflow/example_dags/example_sla_dag.py
[2024-08-18 12:11:49,674] {processor.py:641} INFO - Processing file /home/kai/.local/lib/python3.8/site-packages/airflow/example_dags/example_sla_dag.py for tasks to queue
[2024-08-18 12:11:49,675] {logging_mixin.py:115} INFO - [2024-08-18 12:11:49,675] {dagbag.py:507} INFO - Filling up the DagBag from /home/kai/.local/lib/python3.8/site-packages/airflow/example_dags/example_sla_dag.py
[2024-08-18 12:11:49,700] {processor.py:651} INFO - DAG(s) dict_keys(['example_sla_dag']) retrieved from /home/kai/.local/lib/python3.8/site-packages/airflow/example_dags/example_sla_dag.py
[2024-08-18 12:11:49,728] {logging_mixin.py:115} INFO - [2024-08-18 12:11:49,728] {dag.py:2379} INFO - Sync 1 DAGs
[2024-08-18 12:11:49,780] {logging_mixin.py:115} INFO - [2024-08-18 12:11:49,780] {dag.py:2927} INFO - Setting next_dagrun for example_sla_dag to 2024-08-18T15:08:00+00:00, run_after=2024-08-18T15:10:00+00:00
[2024-08-18 12:11:49,847] {processor.py:161} INFO - Processing /home/kai/.local/lib/python3.8/site-packages/airflow/example_dags/example_sla_dag.py took 0.178 seconds
[2024-08-18 12:12:24,070] {processor.py:153} INFO - Started process (PID=7498) to work on /home/kai/.local/lib/python3.8/site-packages/airflow/example_dags/example_sla_dag.py
[2024-08-18 12:12:24,071] {processor.py:641} INFO - Processing file /home/kai/.local/lib/python3.8/site-packages/airflow/example_dags/example_sla_dag.py for tasks to queue
[2024-08-18 12:12:24,073] {logging_mixin.py:115} INFO - [2024-08-18 12:12:24,073] {dagbag.py:507} INFO - Filling up the DagBag from /home/kai/.local/lib/python3.8/site-packages/airflow/example_dags/example_sla_dag.py
[2024-08-18 12:12:24,102] {processor.py:651} INFO - DAG(s) dict_keys(['example_sla_dag']) retrieved from /home/kai/.local/lib/python3.8/site-packages/airflow/example_dags/example_sla_dag.py
[2024-08-18 12:12:24,123] {logging_mixin.py:115} INFO - [2024-08-18 12:12:24,123] {dag.py:2379} INFO - Sync 1 DAGs
[2024-08-18 12:12:24,152] {logging_mixin.py:115} INFO - [2024-08-18 12:12:24,152] {dag.py:2927} INFO - Setting next_dagrun for example_sla_dag to 2024-08-18T15:10:00+00:00, run_after=2024-08-18T15:12:00+00:00
[2024-08-18 12:12:24,166] {processor.py:161} INFO - Processing /home/kai/.local/lib/python3.8/site-packages/airflow/example_dags/example_sla_dag.py took 0.100 seconds
[2024-08-18 12:12:55,459] {processor.py:153} INFO - Started process (PID=7708) to work on /home/kai/.local/lib/python3.8/site-packages/airflow/example_dags/example_sla_dag.py
[2024-08-18 12:12:55,459] {processor.py:641} INFO - Processing file /home/kai/.local/lib/python3.8/site-packages/airflow/example_dags/example_sla_dag.py for tasks to queue
[2024-08-18 12:12:55,460] {logging_mixin.py:115} INFO - [2024-08-18 12:12:55,460] {dagbag.py:507} INFO - Filling up the DagBag from /home/kai/.local/lib/python3.8/site-packages/airflow/example_dags/example_sla_dag.py
[2024-08-18 12:12:55,475] {processor.py:651} INFO - DAG(s) dict_keys(['example_sla_dag']) retrieved from /home/kai/.local/lib/python3.8/site-packages/airflow/example_dags/example_sla_dag.py
[2024-08-18 12:12:55,487] {logging_mixin.py:115} INFO - [2024-08-18 12:12:55,487] {dag.py:2379} INFO - Sync 1 DAGs
[2024-08-18 12:12:55,503] {logging_mixin.py:115} INFO - [2024-08-18 12:12:55,503] {dag.py:2927} INFO - Setting next_dagrun for example_sla_dag to 2024-08-18T15:10:00+00:00, run_after=2024-08-18T15:12:00+00:00
[2024-08-18 12:12:55,513] {processor.py:161} INFO - Processing /home/kai/.local/lib/python3.8/site-packages/airflow/example_dags/example_sla_dag.py took 0.058 seconds
[2024-08-18 12:13:27,443] {processor.py:153} INFO - Started process (PID=7875) to work on /home/kai/.local/lib/python3.8/site-packages/airflow/example_dags/example_sla_dag.py
[2024-08-18 12:13:27,444] {processor.py:641} INFO - Processing file /home/kai/.local/lib/python3.8/site-packages/airflow/example_dags/example_sla_dag.py for tasks to queue
[2024-08-18 12:13:27,445] {logging_mixin.py:115} INFO - [2024-08-18 12:13:27,444] {dagbag.py:507} INFO - Filling up the DagBag from /home/kai/.local/lib/python3.8/site-packages/airflow/example_dags/example_sla_dag.py
[2024-08-18 12:13:27,462] {processor.py:651} INFO - DAG(s) dict_keys(['example_sla_dag']) retrieved from /home/kai/.local/lib/python3.8/site-packages/airflow/example_dags/example_sla_dag.py
[2024-08-18 12:13:27,476] {logging_mixin.py:115} INFO - [2024-08-18 12:13:27,476] {dag.py:2379} INFO - Sync 1 DAGs
[2024-08-18 12:13:27,494] {logging_mixin.py:115} INFO - [2024-08-18 12:13:27,494] {dag.py:2927} INFO - Setting next_dagrun for example_sla_dag to 2024-08-18T15:10:00+00:00, run_after=2024-08-18T15:12:00+00:00
[2024-08-18 12:13:27,506] {processor.py:161} INFO - Processing /home/kai/.local/lib/python3.8/site-packages/airflow/example_dags/example_sla_dag.py took 0.066 seconds
[2024-08-18 12:13:59,539] {processor.py:153} INFO - Started process (PID=8030) to work on /home/kai/.local/lib/python3.8/site-packages/airflow/example_dags/example_sla_dag.py
[2024-08-18 12:13:59,540] {processor.py:641} INFO - Processing file /home/kai/.local/lib/python3.8/site-packages/airflow/example_dags/example_sla_dag.py for tasks to queue
[2024-08-18 12:13:59,540] {logging_mixin.py:115} INFO - [2024-08-18 12:13:59,540] {dagbag.py:507} INFO - Filling up the DagBag from /home/kai/.local/lib/python3.8/site-packages/airflow/example_dags/example_sla_dag.py
[2024-08-18 12:13:59,556] {processor.py:651} INFO - DAG(s) dict_keys(['example_sla_dag']) retrieved from /home/kai/.local/lib/python3.8/site-packages/airflow/example_dags/example_sla_dag.py
[2024-08-18 12:13:59,569] {logging_mixin.py:115} INFO - [2024-08-18 12:13:59,569] {dag.py:2379} INFO - Sync 1 DAGs
[2024-08-18 12:13:59,589] {logging_mixin.py:115} INFO - [2024-08-18 12:13:59,589] {dag.py:2927} INFO - Setting next_dagrun for example_sla_dag to 2024-08-18T15:10:00+00:00, run_after=2024-08-18T15:12:00+00:00
[2024-08-18 12:13:59,599] {processor.py:161} INFO - Processing /home/kai/.local/lib/python3.8/site-packages/airflow/example_dags/example_sla_dag.py took 0.063 seconds
[2024-08-18 12:14:33,280] {processor.py:153} INFO - Started process (PID=8206) to work on /home/kai/.local/lib/python3.8/site-packages/airflow/example_dags/example_sla_dag.py
[2024-08-18 12:14:33,281] {processor.py:641} INFO - Processing file /home/kai/.local/lib/python3.8/site-packages/airflow/example_dags/example_sla_dag.py for tasks to queue
[2024-08-18 12:14:33,281] {logging_mixin.py:115} INFO - [2024-08-18 12:14:33,281] {dagbag.py:507} INFO - Filling up the DagBag from /home/kai/.local/lib/python3.8/site-packages/airflow/example_dags/example_sla_dag.py
[2024-08-18 12:14:33,297] {processor.py:651} INFO - DAG(s) dict_keys(['example_sla_dag']) retrieved from /home/kai/.local/lib/python3.8/site-packages/airflow/example_dags/example_sla_dag.py
[2024-08-18 12:14:33,310] {logging_mixin.py:115} INFO - [2024-08-18 12:14:33,310] {dag.py:2379} INFO - Sync 1 DAGs
[2024-08-18 12:14:33,328] {logging_mixin.py:115} INFO - [2024-08-18 12:14:33,328] {dag.py:2927} INFO - Setting next_dagrun for example_sla_dag to 2024-08-18T15:12:00+00:00, run_after=2024-08-18T15:14:00+00:00
[2024-08-18 12:14:33,338] {processor.py:161} INFO - Processing /home/kai/.local/lib/python3.8/site-packages/airflow/example_dags/example_sla_dag.py took 0.060 seconds
[2024-08-18 12:15:06,169] {processor.py:153} INFO - Started process (PID=8367) to work on /home/kai/.local/lib/python3.8/site-packages/airflow/example_dags/example_sla_dag.py
[2024-08-18 12:15:06,170] {processor.py:641} INFO - Processing file /home/kai/.local/lib/python3.8/site-packages/airflow/example_dags/example_sla_dag.py for tasks to queue
[2024-08-18 12:15:06,170] {logging_mixin.py:115} INFO - [2024-08-18 12:15:06,170] {dagbag.py:507} INFO - Filling up the DagBag from /home/kai/.local/lib/python3.8/site-packages/airflow/example_dags/example_sla_dag.py
[2024-08-18 12:15:06,187] {processor.py:651} INFO - DAG(s) dict_keys(['example_sla_dag']) retrieved from /home/kai/.local/lib/python3.8/site-packages/airflow/example_dags/example_sla_dag.py
[2024-08-18 12:15:06,203] {logging_mixin.py:115} INFO - [2024-08-18 12:15:06,203] {dag.py:2379} INFO - Sync 1 DAGs
[2024-08-18 12:15:06,223] {logging_mixin.py:115} INFO - [2024-08-18 12:15:06,223] {dag.py:2927} INFO - Setting next_dagrun for example_sla_dag to 2024-08-18T15:12:00+00:00, run_after=2024-08-18T15:14:00+00:00
[2024-08-18 12:15:06,239] {processor.py:161} INFO - Processing /home/kai/.local/lib/python3.8/site-packages/airflow/example_dags/example_sla_dag.py took 0.072 seconds
[2024-08-18 12:15:39,449] {processor.py:153} INFO - Started process (PID=8546) to work on /home/kai/.local/lib/python3.8/site-packages/airflow/example_dags/example_sla_dag.py
[2024-08-18 12:15:39,450] {processor.py:641} INFO - Processing file /home/kai/.local/lib/python3.8/site-packages/airflow/example_dags/example_sla_dag.py for tasks to queue
[2024-08-18 12:15:39,450] {logging_mixin.py:115} INFO - [2024-08-18 12:15:39,450] {dagbag.py:507} INFO - Filling up the DagBag from /home/kai/.local/lib/python3.8/site-packages/airflow/example_dags/example_sla_dag.py
[2024-08-18 12:15:39,466] {processor.py:651} INFO - DAG(s) dict_keys(['example_sla_dag']) retrieved from /home/kai/.local/lib/python3.8/site-packages/airflow/example_dags/example_sla_dag.py
[2024-08-18 12:15:39,482] {logging_mixin.py:115} INFO - [2024-08-18 12:15:39,482] {dag.py:2379} INFO - Sync 1 DAGs
[2024-08-18 12:15:39,504] {logging_mixin.py:115} INFO - [2024-08-18 12:15:39,504] {dag.py:2927} INFO - Setting next_dagrun for example_sla_dag to 2024-08-18T15:12:00+00:00, run_after=2024-08-18T15:14:00+00:00
[2024-08-18 12:15:39,515] {processor.py:161} INFO - Processing /home/kai/.local/lib/python3.8/site-packages/airflow/example_dags/example_sla_dag.py took 0.068 seconds
[2024-08-18 12:16:11,265] {processor.py:153} INFO - Started process (PID=8712) to work on /home/kai/.local/lib/python3.8/site-packages/airflow/example_dags/example_sla_dag.py
[2024-08-18 12:16:11,266] {processor.py:641} INFO - Processing file /home/kai/.local/lib/python3.8/site-packages/airflow/example_dags/example_sla_dag.py for tasks to queue
[2024-08-18 12:16:11,266] {logging_mixin.py:115} INFO - [2024-08-18 12:16:11,266] {dagbag.py:507} INFO - Filling up the DagBag from /home/kai/.local/lib/python3.8/site-packages/airflow/example_dags/example_sla_dag.py
[2024-08-18 12:16:11,286] {processor.py:651} INFO - DAG(s) dict_keys(['example_sla_dag']) retrieved from /home/kai/.local/lib/python3.8/site-packages/airflow/example_dags/example_sla_dag.py
[2024-08-18 12:16:11,302] {logging_mixin.py:115} INFO - [2024-08-18 12:16:11,302] {dag.py:2379} INFO - Sync 1 DAGs
[2024-08-18 12:16:11,330] {logging_mixin.py:115} INFO - [2024-08-18 12:16:11,330] {dag.py:2927} INFO - Setting next_dagrun for example_sla_dag to 2024-08-18T15:14:00+00:00, run_after=2024-08-18T15:16:00+00:00
[2024-08-18 12:16:11,346] {processor.py:161} INFO - Processing /home/kai/.local/lib/python3.8/site-packages/airflow/example_dags/example_sla_dag.py took 0.083 seconds
[2024-08-18 12:16:43,824] {processor.py:153} INFO - Started process (PID=8869) to work on /home/kai/.local/lib/python3.8/site-packages/airflow/example_dags/example_sla_dag.py
[2024-08-18 12:16:43,825] {processor.py:641} INFO - Processing file /home/kai/.local/lib/python3.8/site-packages/airflow/example_dags/example_sla_dag.py for tasks to queue
[2024-08-18 12:16:43,825] {logging_mixin.py:115} INFO - [2024-08-18 12:16:43,825] {dagbag.py:507} INFO - Filling up the DagBag from /home/kai/.local/lib/python3.8/site-packages/airflow/example_dags/example_sla_dag.py
[2024-08-18 12:16:43,840] {processor.py:651} INFO - DAG(s) dict_keys(['example_sla_dag']) retrieved from /home/kai/.local/lib/python3.8/site-packages/airflow/example_dags/example_sla_dag.py
[2024-08-18 12:16:43,852] {logging_mixin.py:115} INFO - [2024-08-18 12:16:43,852] {dag.py:2379} INFO - Sync 1 DAGs
[2024-08-18 12:16:43,869] {logging_mixin.py:115} INFO - [2024-08-18 12:16:43,869] {dag.py:2927} INFO - Setting next_dagrun for example_sla_dag to 2024-08-18T15:14:00+00:00, run_after=2024-08-18T15:16:00+00:00
[2024-08-18 12:16:43,879] {processor.py:161} INFO - Processing /home/kai/.local/lib/python3.8/site-packages/airflow/example_dags/example_sla_dag.py took 0.058 seconds
[2024-08-18 12:17:15,684] {processor.py:153} INFO - Started process (PID=9038) to work on /home/kai/.local/lib/python3.8/site-packages/airflow/example_dags/example_sla_dag.py
[2024-08-18 12:17:15,685] {processor.py:641} INFO - Processing file /home/kai/.local/lib/python3.8/site-packages/airflow/example_dags/example_sla_dag.py for tasks to queue
[2024-08-18 12:17:15,686] {logging_mixin.py:115} INFO - [2024-08-18 12:17:15,685] {dagbag.py:507} INFO - Filling up the DagBag from /home/kai/.local/lib/python3.8/site-packages/airflow/example_dags/example_sla_dag.py
[2024-08-18 12:17:15,707] {processor.py:651} INFO - DAG(s) dict_keys(['example_sla_dag']) retrieved from /home/kai/.local/lib/python3.8/site-packages/airflow/example_dags/example_sla_dag.py
[2024-08-18 12:17:15,723] {logging_mixin.py:115} INFO - [2024-08-18 12:17:15,723] {dag.py:2379} INFO - Sync 1 DAGs
[2024-08-18 12:17:15,747] {logging_mixin.py:115} INFO - [2024-08-18 12:17:15,747] {dag.py:2927} INFO - Setting next_dagrun for example_sla_dag to 2024-08-18T15:14:00+00:00, run_after=2024-08-18T15:16:00+00:00
[2024-08-18 12:17:15,758] {processor.py:161} INFO - Processing /home/kai/.local/lib/python3.8/site-packages/airflow/example_dags/example_sla_dag.py took 0.077 seconds
[2024-08-18 12:17:47,766] {processor.py:153} INFO - Started process (PID=9197) to work on /home/kai/.local/lib/python3.8/site-packages/airflow/example_dags/example_sla_dag.py
[2024-08-18 12:17:47,767] {processor.py:641} INFO - Processing file /home/kai/.local/lib/python3.8/site-packages/airflow/example_dags/example_sla_dag.py for tasks to queue
[2024-08-18 12:17:47,768] {logging_mixin.py:115} INFO - [2024-08-18 12:17:47,768] {dagbag.py:507} INFO - Filling up the DagBag from /home/kai/.local/lib/python3.8/site-packages/airflow/example_dags/example_sla_dag.py
[2024-08-18 12:17:47,787] {processor.py:651} INFO - DAG(s) dict_keys(['example_sla_dag']) retrieved from /home/kai/.local/lib/python3.8/site-packages/airflow/example_dags/example_sla_dag.py
[2024-08-18 12:17:47,800] {logging_mixin.py:115} INFO - [2024-08-18 12:17:47,800] {dag.py:2379} INFO - Sync 1 DAGs
[2024-08-18 12:17:47,819] {logging_mixin.py:115} INFO - [2024-08-18 12:17:47,819] {dag.py:2927} INFO - Setting next_dagrun for example_sla_dag to 2024-08-18T15:14:00+00:00, run_after=2024-08-18T15:16:00+00:00
[2024-08-18 12:17:47,830] {processor.py:161} INFO - Processing /home/kai/.local/lib/python3.8/site-packages/airflow/example_dags/example_sla_dag.py took 0.067 seconds
[2024-08-18 12:18:20,217] {processor.py:153} INFO - Started process (PID=9420) to work on /home/kai/.local/lib/python3.8/site-packages/airflow/example_dags/example_sla_dag.py
[2024-08-18 12:18:20,217] {processor.py:641} INFO - Processing file /home/kai/.local/lib/python3.8/site-packages/airflow/example_dags/example_sla_dag.py for tasks to queue
[2024-08-18 12:18:20,219] {logging_mixin.py:115} INFO - [2024-08-18 12:18:20,218] {dagbag.py:507} INFO - Filling up the DagBag from /home/kai/.local/lib/python3.8/site-packages/airflow/example_dags/example_sla_dag.py
[2024-08-18 12:18:20,254] {processor.py:651} INFO - DAG(s) dict_keys(['example_sla_dag']) retrieved from /home/kai/.local/lib/python3.8/site-packages/airflow/example_dags/example_sla_dag.py
[2024-08-18 12:18:20,277] {logging_mixin.py:115} INFO - [2024-08-18 12:18:20,277] {dag.py:2379} INFO - Sync 1 DAGs
[2024-08-18 12:18:20,298] {logging_mixin.py:115} INFO - [2024-08-18 12:18:20,298] {dag.py:2927} INFO - Setting next_dagrun for example_sla_dag to 2024-08-18T15:16:00+00:00, run_after=2024-08-18T15:18:00+00:00
[2024-08-18 12:18:20,320] {processor.py:161} INFO - Processing /home/kai/.local/lib/python3.8/site-packages/airflow/example_dags/example_sla_dag.py took 0.107 seconds
[2024-08-18 12:18:53,203] {processor.py:153} INFO - Started process (PID=9582) to work on /home/kai/.local/lib/python3.8/site-packages/airflow/example_dags/example_sla_dag.py
[2024-08-18 12:18:53,203] {processor.py:641} INFO - Processing file /home/kai/.local/lib/python3.8/site-packages/airflow/example_dags/example_sla_dag.py for tasks to queue
[2024-08-18 12:18:53,204] {logging_mixin.py:115} INFO - [2024-08-18 12:18:53,204] {dagbag.py:507} INFO - Filling up the DagBag from /home/kai/.local/lib/python3.8/site-packages/airflow/example_dags/example_sla_dag.py
[2024-08-18 12:18:53,220] {processor.py:651} INFO - DAG(s) dict_keys(['example_sla_dag']) retrieved from /home/kai/.local/lib/python3.8/site-packages/airflow/example_dags/example_sla_dag.py
[2024-08-18 12:18:53,234] {logging_mixin.py:115} INFO - [2024-08-18 12:18:53,234] {dag.py:2379} INFO - Sync 1 DAGs
[2024-08-18 12:18:53,259] {logging_mixin.py:115} INFO - [2024-08-18 12:18:53,259] {dag.py:2927} INFO - Setting next_dagrun for example_sla_dag to 2024-08-18T15:16:00+00:00, run_after=2024-08-18T15:18:00+00:00
[2024-08-18 12:18:53,269] {processor.py:161} INFO - Processing /home/kai/.local/lib/python3.8/site-packages/airflow/example_dags/example_sla_dag.py took 0.069 seconds
[2024-08-18 12:19:28,291] {processor.py:153} INFO - Started process (PID=9758) to work on /home/kai/.local/lib/python3.8/site-packages/airflow/example_dags/example_sla_dag.py
[2024-08-18 12:19:28,292] {processor.py:641} INFO - Processing file /home/kai/.local/lib/python3.8/site-packages/airflow/example_dags/example_sla_dag.py for tasks to queue
[2024-08-18 12:19:28,292] {logging_mixin.py:115} INFO - [2024-08-18 12:19:28,292] {dagbag.py:507} INFO - Filling up the DagBag from /home/kai/.local/lib/python3.8/site-packages/airflow/example_dags/example_sla_dag.py
[2024-08-18 12:19:28,309] {processor.py:651} INFO - DAG(s) dict_keys(['example_sla_dag']) retrieved from /home/kai/.local/lib/python3.8/site-packages/airflow/example_dags/example_sla_dag.py
[2024-08-18 12:19:28,322] {logging_mixin.py:115} INFO - [2024-08-18 12:19:28,322] {dag.py:2379} INFO - Sync 1 DAGs
[2024-08-18 12:19:28,340] {logging_mixin.py:115} INFO - [2024-08-18 12:19:28,340] {dag.py:2927} INFO - Setting next_dagrun for example_sla_dag to 2024-08-18T15:16:00+00:00, run_after=2024-08-18T15:18:00+00:00
[2024-08-18 12:19:28,357] {processor.py:161} INFO - Processing /home/kai/.local/lib/python3.8/site-packages/airflow/example_dags/example_sla_dag.py took 0.069 seconds
[2024-08-18 12:20:00,207] {processor.py:153} INFO - Started process (PID=9913) to work on /home/kai/.local/lib/python3.8/site-packages/airflow/example_dags/example_sla_dag.py
[2024-08-18 12:20:00,208] {processor.py:641} INFO - Processing file /home/kai/.local/lib/python3.8/site-packages/airflow/example_dags/example_sla_dag.py for tasks to queue
[2024-08-18 12:20:00,209] {logging_mixin.py:115} INFO - [2024-08-18 12:20:00,209] {dagbag.py:507} INFO - Filling up the DagBag from /home/kai/.local/lib/python3.8/site-packages/airflow/example_dags/example_sla_dag.py
[2024-08-18 12:20:00,226] {processor.py:651} INFO - DAG(s) dict_keys(['example_sla_dag']) retrieved from /home/kai/.local/lib/python3.8/site-packages/airflow/example_dags/example_sla_dag.py
[2024-08-18 12:20:00,239] {logging_mixin.py:115} INFO - [2024-08-18 12:20:00,238] {dag.py:2379} INFO - Sync 1 DAGs
[2024-08-18 12:20:00,257] {logging_mixin.py:115} INFO - [2024-08-18 12:20:00,257] {dag.py:2927} INFO - Setting next_dagrun for example_sla_dag to 2024-08-18T15:18:00+00:00, run_after=2024-08-18T15:20:00+00:00
[2024-08-18 12:20:00,273] {processor.py:161} INFO - Processing /home/kai/.local/lib/python3.8/site-packages/airflow/example_dags/example_sla_dag.py took 0.068 seconds
[2024-08-18 12:20:32,715] {processor.py:153} INFO - Started process (PID=10082) to work on /home/kai/.local/lib/python3.8/site-packages/airflow/example_dags/example_sla_dag.py
[2024-08-18 12:20:32,717] {processor.py:641} INFO - Processing file /home/kai/.local/lib/python3.8/site-packages/airflow/example_dags/example_sla_dag.py for tasks to queue
[2024-08-18 12:20:32,718] {logging_mixin.py:115} INFO - [2024-08-18 12:20:32,717] {dagbag.py:507} INFO - Filling up the DagBag from /home/kai/.local/lib/python3.8/site-packages/airflow/example_dags/example_sla_dag.py
[2024-08-18 12:20:32,735] {processor.py:651} INFO - DAG(s) dict_keys(['example_sla_dag']) retrieved from /home/kai/.local/lib/python3.8/site-packages/airflow/example_dags/example_sla_dag.py
[2024-08-18 12:20:32,748] {logging_mixin.py:115} INFO - [2024-08-18 12:20:32,748] {dag.py:2379} INFO - Sync 1 DAGs
[2024-08-18 12:20:32,767] {logging_mixin.py:115} INFO - [2024-08-18 12:20:32,767] {dag.py:2927} INFO - Setting next_dagrun for example_sla_dag to 2024-08-18T15:18:00+00:00, run_after=2024-08-18T15:20:00+00:00
[2024-08-18 12:20:32,786] {processor.py:161} INFO - Processing /home/kai/.local/lib/python3.8/site-packages/airflow/example_dags/example_sla_dag.py took 0.076 seconds
[2024-08-18 12:21:05,196] {processor.py:153} INFO - Started process (PID=10252) to work on /home/kai/.local/lib/python3.8/site-packages/airflow/example_dags/example_sla_dag.py
[2024-08-18 12:21:05,197] {processor.py:641} INFO - Processing file /home/kai/.local/lib/python3.8/site-packages/airflow/example_dags/example_sla_dag.py for tasks to queue
[2024-08-18 12:21:05,197] {logging_mixin.py:115} INFO - [2024-08-18 12:21:05,197] {dagbag.py:507} INFO - Filling up the DagBag from /home/kai/.local/lib/python3.8/site-packages/airflow/example_dags/example_sla_dag.py
[2024-08-18 12:21:05,211] {processor.py:651} INFO - DAG(s) dict_keys(['example_sla_dag']) retrieved from /home/kai/.local/lib/python3.8/site-packages/airflow/example_dags/example_sla_dag.py
[2024-08-18 12:21:05,224] {logging_mixin.py:115} INFO - [2024-08-18 12:21:05,224] {dag.py:2379} INFO - Sync 1 DAGs
[2024-08-18 12:21:05,240] {logging_mixin.py:115} INFO - [2024-08-18 12:21:05,240] {dag.py:2927} INFO - Setting next_dagrun for example_sla_dag to 2024-08-18T15:18:00+00:00, run_after=2024-08-18T15:20:00+00:00
[2024-08-18 12:21:05,250] {processor.py:161} INFO - Processing /home/kai/.local/lib/python3.8/site-packages/airflow/example_dags/example_sla_dag.py took 0.057 seconds
[2024-08-18 12:21:39,069] {processor.py:153} INFO - Started process (PID=10425) to work on /home/kai/.local/lib/python3.8/site-packages/airflow/example_dags/example_sla_dag.py
[2024-08-18 12:21:39,069] {processor.py:641} INFO - Processing file /home/kai/.local/lib/python3.8/site-packages/airflow/example_dags/example_sla_dag.py for tasks to queue
[2024-08-18 12:21:39,070] {logging_mixin.py:115} INFO - [2024-08-18 12:21:39,070] {dagbag.py:507} INFO - Filling up the DagBag from /home/kai/.local/lib/python3.8/site-packages/airflow/example_dags/example_sla_dag.py
[2024-08-18 12:21:39,089] {processor.py:651} INFO - DAG(s) dict_keys(['example_sla_dag']) retrieved from /home/kai/.local/lib/python3.8/site-packages/airflow/example_dags/example_sla_dag.py
[2024-08-18 12:21:39,106] {logging_mixin.py:115} INFO - [2024-08-18 12:21:39,105] {dag.py:2379} INFO - Sync 1 DAGs
[2024-08-18 12:21:39,133] {logging_mixin.py:115} INFO - [2024-08-18 12:21:39,133] {dag.py:2927} INFO - Setting next_dagrun for example_sla_dag to 2024-08-18T15:18:00+00:00, run_after=2024-08-18T15:20:00+00:00
[2024-08-18 12:21:39,151] {processor.py:161} INFO - Processing /home/kai/.local/lib/python3.8/site-packages/airflow/example_dags/example_sla_dag.py took 0.085 seconds
[2024-08-18 12:22:12,818] {processor.py:153} INFO - Started process (PID=10597) to work on /home/kai/.local/lib/python3.8/site-packages/airflow/example_dags/example_sla_dag.py
[2024-08-18 12:22:12,819] {processor.py:641} INFO - Processing file /home/kai/.local/lib/python3.8/site-packages/airflow/example_dags/example_sla_dag.py for tasks to queue
[2024-08-18 12:22:12,820] {logging_mixin.py:115} INFO - [2024-08-18 12:22:12,820] {dagbag.py:507} INFO - Filling up the DagBag from /home/kai/.local/lib/python3.8/site-packages/airflow/example_dags/example_sla_dag.py
[2024-08-18 12:22:12,838] {processor.py:651} INFO - DAG(s) dict_keys(['example_sla_dag']) retrieved from /home/kai/.local/lib/python3.8/site-packages/airflow/example_dags/example_sla_dag.py
[2024-08-18 12:22:12,855] {logging_mixin.py:115} INFO - [2024-08-18 12:22:12,855] {dag.py:2379} INFO - Sync 1 DAGs
[2024-08-18 12:22:12,886] {logging_mixin.py:115} INFO - [2024-08-18 12:22:12,886] {dag.py:2927} INFO - Setting next_dagrun for example_sla_dag to 2024-08-18T15:20:00+00:00, run_after=2024-08-18T15:22:00+00:00
[2024-08-18 12:22:12,905] {processor.py:161} INFO - Processing /home/kai/.local/lib/python3.8/site-packages/airflow/example_dags/example_sla_dag.py took 0.090 seconds
[2024-08-18 12:22:44,862] {processor.py:153} INFO - Started process (PID=10759) to work on /home/kai/.local/lib/python3.8/site-packages/airflow/example_dags/example_sla_dag.py
[2024-08-18 12:22:44,865] {processor.py:641} INFO - Processing file /home/kai/.local/lib/python3.8/site-packages/airflow/example_dags/example_sla_dag.py for tasks to queue
[2024-08-18 12:22:44,866] {logging_mixin.py:115} INFO - [2024-08-18 12:22:44,866] {dagbag.py:507} INFO - Filling up the DagBag from /home/kai/.local/lib/python3.8/site-packages/airflow/example_dags/example_sla_dag.py
[2024-08-18 12:22:44,888] {processor.py:651} INFO - DAG(s) dict_keys(['example_sla_dag']) retrieved from /home/kai/.local/lib/python3.8/site-packages/airflow/example_dags/example_sla_dag.py
[2024-08-18 12:22:44,909] {logging_mixin.py:115} INFO - [2024-08-18 12:22:44,909] {dag.py:2379} INFO - Sync 1 DAGs
[2024-08-18 12:22:44,934] {logging_mixin.py:115} INFO - [2024-08-18 12:22:44,934] {dag.py:2927} INFO - Setting next_dagrun for example_sla_dag to 2024-08-18T15:20:00+00:00, run_after=2024-08-18T15:22:00+00:00
[2024-08-18 12:22:44,946] {processor.py:161} INFO - Processing /home/kai/.local/lib/python3.8/site-packages/airflow/example_dags/example_sla_dag.py took 0.087 seconds
[2024-08-18 12:23:17,587] {processor.py:153} INFO - Started process (PID=11035) to work on /home/kai/.local/lib/python3.8/site-packages/airflow/example_dags/example_sla_dag.py
[2024-08-18 12:23:17,587] {processor.py:641} INFO - Processing file /home/kai/.local/lib/python3.8/site-packages/airflow/example_dags/example_sla_dag.py for tasks to queue
[2024-08-18 12:23:17,588] {logging_mixin.py:115} INFO - [2024-08-18 12:23:17,588] {dagbag.py:507} INFO - Filling up the DagBag from /home/kai/.local/lib/python3.8/site-packages/airflow/example_dags/example_sla_dag.py
[2024-08-18 12:23:17,604] {processor.py:651} INFO - DAG(s) dict_keys(['example_sla_dag']) retrieved from /home/kai/.local/lib/python3.8/site-packages/airflow/example_dags/example_sla_dag.py
[2024-08-18 12:23:17,618] {logging_mixin.py:115} INFO - [2024-08-18 12:23:17,618] {dag.py:2379} INFO - Sync 1 DAGs
[2024-08-18 12:23:17,636] {logging_mixin.py:115} INFO - [2024-08-18 12:23:17,636] {dag.py:2927} INFO - Setting next_dagrun for example_sla_dag to 2024-08-18T15:20:00+00:00, run_after=2024-08-18T15:22:00+00:00
[2024-08-18 12:23:17,648] {processor.py:161} INFO - Processing /home/kai/.local/lib/python3.8/site-packages/airflow/example_dags/example_sla_dag.py took 0.064 seconds
[2024-08-18 12:23:51,210] {processor.py:153} INFO - Started process (PID=11198) to work on /home/kai/.local/lib/python3.8/site-packages/airflow/example_dags/example_sla_dag.py
[2024-08-18 12:23:51,210] {processor.py:641} INFO - Processing file /home/kai/.local/lib/python3.8/site-packages/airflow/example_dags/example_sla_dag.py for tasks to queue
[2024-08-18 12:23:51,211] {logging_mixin.py:115} INFO - [2024-08-18 12:23:51,211] {dagbag.py:507} INFO - Filling up the DagBag from /home/kai/.local/lib/python3.8/site-packages/airflow/example_dags/example_sla_dag.py
[2024-08-18 12:23:51,230] {processor.py:651} INFO - DAG(s) dict_keys(['example_sla_dag']) retrieved from /home/kai/.local/lib/python3.8/site-packages/airflow/example_dags/example_sla_dag.py
[2024-08-18 12:23:51,249] {logging_mixin.py:115} INFO - [2024-08-18 12:23:51,249] {dag.py:2379} INFO - Sync 1 DAGs
[2024-08-18 12:23:51,268] {logging_mixin.py:115} INFO - [2024-08-18 12:23:51,268] {dag.py:2927} INFO - Setting next_dagrun for example_sla_dag to 2024-08-18T15:20:00+00:00, run_after=2024-08-18T15:22:00+00:00
[2024-08-18 12:23:51,279] {processor.py:161} INFO - Processing /home/kai/.local/lib/python3.8/site-packages/airflow/example_dags/example_sla_dag.py took 0.072 seconds
[2024-08-18 12:24:24,598] {processor.py:153} INFO - Started process (PID=11372) to work on /home/kai/.local/lib/python3.8/site-packages/airflow/example_dags/example_sla_dag.py
[2024-08-18 12:24:24,599] {processor.py:641} INFO - Processing file /home/kai/.local/lib/python3.8/site-packages/airflow/example_dags/example_sla_dag.py for tasks to queue
[2024-08-18 12:24:24,600] {logging_mixin.py:115} INFO - [2024-08-18 12:24:24,600] {dagbag.py:507} INFO - Filling up the DagBag from /home/kai/.local/lib/python3.8/site-packages/airflow/example_dags/example_sla_dag.py
[2024-08-18 12:24:24,617] {processor.py:651} INFO - DAG(s) dict_keys(['example_sla_dag']) retrieved from /home/kai/.local/lib/python3.8/site-packages/airflow/example_dags/example_sla_dag.py
[2024-08-18 12:24:24,637] {logging_mixin.py:115} INFO - [2024-08-18 12:24:24,637] {dag.py:2379} INFO - Sync 1 DAGs
[2024-08-18 12:24:24,661] {logging_mixin.py:115} INFO - [2024-08-18 12:24:24,661] {dag.py:2927} INFO - Setting next_dagrun for example_sla_dag to 2024-08-18T15:22:00+00:00, run_after=2024-08-18T15:24:00+00:00
[2024-08-18 12:24:24,675] {processor.py:161} INFO - Processing /home/kai/.local/lib/python3.8/site-packages/airflow/example_dags/example_sla_dag.py took 0.081 seconds
[2024-08-18 12:24:57,877] {processor.py:153} INFO - Started process (PID=11538) to work on /home/kai/.local/lib/python3.8/site-packages/airflow/example_dags/example_sla_dag.py
[2024-08-18 12:24:57,878] {processor.py:641} INFO - Processing file /home/kai/.local/lib/python3.8/site-packages/airflow/example_dags/example_sla_dag.py for tasks to queue
[2024-08-18 12:24:57,879] {logging_mixin.py:115} INFO - [2024-08-18 12:24:57,879] {dagbag.py:507} INFO - Filling up the DagBag from /home/kai/.local/lib/python3.8/site-packages/airflow/example_dags/example_sla_dag.py
[2024-08-18 12:24:57,899] {processor.py:651} INFO - DAG(s) dict_keys(['example_sla_dag']) retrieved from /home/kai/.local/lib/python3.8/site-packages/airflow/example_dags/example_sla_dag.py
[2024-08-18 12:24:57,915] {logging_mixin.py:115} INFO - [2024-08-18 12:24:57,915] {dag.py:2379} INFO - Sync 1 DAGs
[2024-08-18 12:24:57,936] {logging_mixin.py:115} INFO - [2024-08-18 12:24:57,936] {dag.py:2927} INFO - Setting next_dagrun for example_sla_dag to 2024-08-18T15:22:00+00:00, run_after=2024-08-18T15:24:00+00:00
[2024-08-18 12:24:57,949] {processor.py:161} INFO - Processing /home/kai/.local/lib/python3.8/site-packages/airflow/example_dags/example_sla_dag.py took 0.076 seconds
[2024-08-18 12:25:30,043] {processor.py:153} INFO - Started process (PID=11699) to work on /home/kai/.local/lib/python3.8/site-packages/airflow/example_dags/example_sla_dag.py
[2024-08-18 12:25:30,044] {processor.py:641} INFO - Processing file /home/kai/.local/lib/python3.8/site-packages/airflow/example_dags/example_sla_dag.py for tasks to queue
[2024-08-18 12:25:30,044] {logging_mixin.py:115} INFO - [2024-08-18 12:25:30,044] {dagbag.py:507} INFO - Filling up the DagBag from /home/kai/.local/lib/python3.8/site-packages/airflow/example_dags/example_sla_dag.py
[2024-08-18 12:25:30,061] {processor.py:651} INFO - DAG(s) dict_keys(['example_sla_dag']) retrieved from /home/kai/.local/lib/python3.8/site-packages/airflow/example_dags/example_sla_dag.py
[2024-08-18 12:25:30,076] {logging_mixin.py:115} INFO - [2024-08-18 12:25:30,076] {dag.py:2379} INFO - Sync 1 DAGs
[2024-08-18 12:25:30,101] {logging_mixin.py:115} INFO - [2024-08-18 12:25:30,101] {dag.py:2927} INFO - Setting next_dagrun for example_sla_dag to 2024-08-18T15:22:00+00:00, run_after=2024-08-18T15:24:00+00:00
[2024-08-18 12:25:30,119] {processor.py:161} INFO - Processing /home/kai/.local/lib/python3.8/site-packages/airflow/example_dags/example_sla_dag.py took 0.079 seconds
[2024-08-18 12:26:02,713] {processor.py:153} INFO - Started process (PID=11859) to work on /home/kai/.local/lib/python3.8/site-packages/airflow/example_dags/example_sla_dag.py
[2024-08-18 12:26:02,714] {processor.py:641} INFO - Processing file /home/kai/.local/lib/python3.8/site-packages/airflow/example_dags/example_sla_dag.py for tasks to queue
[2024-08-18 12:26:02,714] {logging_mixin.py:115} INFO - [2024-08-18 12:26:02,714] {dagbag.py:507} INFO - Filling up the DagBag from /home/kai/.local/lib/python3.8/site-packages/airflow/example_dags/example_sla_dag.py
[2024-08-18 12:26:02,732] {processor.py:651} INFO - DAG(s) dict_keys(['example_sla_dag']) retrieved from /home/kai/.local/lib/python3.8/site-packages/airflow/example_dags/example_sla_dag.py
[2024-08-18 12:26:02,750] {logging_mixin.py:115} INFO - [2024-08-18 12:26:02,750] {dag.py:2379} INFO - Sync 1 DAGs
[2024-08-18 12:26:02,770] {logging_mixin.py:115} INFO - [2024-08-18 12:26:02,770] {dag.py:2927} INFO - Setting next_dagrun for example_sla_dag to 2024-08-18T15:24:00+00:00, run_after=2024-08-18T15:26:00+00:00
[2024-08-18 12:26:02,782] {processor.py:161} INFO - Processing /home/kai/.local/lib/python3.8/site-packages/airflow/example_dags/example_sla_dag.py took 0.071 seconds
[2024-08-18 12:26:33,567] {processor.py:153} INFO - Started process (PID=12021) to work on /home/kai/.local/lib/python3.8/site-packages/airflow/example_dags/example_sla_dag.py
[2024-08-18 12:26:33,571] {processor.py:641} INFO - Processing file /home/kai/.local/lib/python3.8/site-packages/airflow/example_dags/example_sla_dag.py for tasks to queue
[2024-08-18 12:26:33,572] {logging_mixin.py:115} INFO - [2024-08-18 12:26:33,572] {dagbag.py:507} INFO - Filling up the DagBag from /home/kai/.local/lib/python3.8/site-packages/airflow/example_dags/example_sla_dag.py
[2024-08-18 12:26:33,596] {processor.py:651} INFO - DAG(s) dict_keys(['example_sla_dag']) retrieved from /home/kai/.local/lib/python3.8/site-packages/airflow/example_dags/example_sla_dag.py
[2024-08-18 12:26:33,610] {logging_mixin.py:115} INFO - [2024-08-18 12:26:33,610] {dag.py:2379} INFO - Sync 1 DAGs
[2024-08-18 12:26:33,638] {logging_mixin.py:115} INFO - [2024-08-18 12:26:33,638] {dag.py:2927} INFO - Setting next_dagrun for example_sla_dag to 2024-08-18T15:24:00+00:00, run_after=2024-08-18T15:26:00+00:00
[2024-08-18 12:26:33,652] {processor.py:161} INFO - Processing /home/kai/.local/lib/python3.8/site-packages/airflow/example_dags/example_sla_dag.py took 0.089 seconds
[2024-08-18 12:27:08,155] {processor.py:153} INFO - Started process (PID=12192) to work on /home/kai/.local/lib/python3.8/site-packages/airflow/example_dags/example_sla_dag.py
[2024-08-18 12:27:08,156] {processor.py:641} INFO - Processing file /home/kai/.local/lib/python3.8/site-packages/airflow/example_dags/example_sla_dag.py for tasks to queue
[2024-08-18 12:27:08,157] {logging_mixin.py:115} INFO - [2024-08-18 12:27:08,157] {dagbag.py:507} INFO - Filling up the DagBag from /home/kai/.local/lib/python3.8/site-packages/airflow/example_dags/example_sla_dag.py
[2024-08-18 12:27:08,173] {processor.py:651} INFO - DAG(s) dict_keys(['example_sla_dag']) retrieved from /home/kai/.local/lib/python3.8/site-packages/airflow/example_dags/example_sla_dag.py
[2024-08-18 12:27:08,187] {logging_mixin.py:115} INFO - [2024-08-18 12:27:08,187] {dag.py:2379} INFO - Sync 1 DAGs
[2024-08-18 12:27:08,208] {logging_mixin.py:115} INFO - [2024-08-18 12:27:08,208] {dag.py:2927} INFO - Setting next_dagrun for example_sla_dag to 2024-08-18T15:24:00+00:00, run_after=2024-08-18T15:26:00+00:00
[2024-08-18 12:27:08,220] {processor.py:161} INFO - Processing /home/kai/.local/lib/python3.8/site-packages/airflow/example_dags/example_sla_dag.py took 0.068 seconds
[2024-08-18 12:27:38,431] {processor.py:153} INFO - Started process (PID=12349) to work on /home/kai/.local/lib/python3.8/site-packages/airflow/example_dags/example_sla_dag.py
[2024-08-18 12:27:38,432] {processor.py:641} INFO - Processing file /home/kai/.local/lib/python3.8/site-packages/airflow/example_dags/example_sla_dag.py for tasks to queue
[2024-08-18 12:27:38,432] {logging_mixin.py:115} INFO - [2024-08-18 12:27:38,432] {dagbag.py:507} INFO - Filling up the DagBag from /home/kai/.local/lib/python3.8/site-packages/airflow/example_dags/example_sla_dag.py
[2024-08-18 12:27:38,453] {processor.py:651} INFO - DAG(s) dict_keys(['example_sla_dag']) retrieved from /home/kai/.local/lib/python3.8/site-packages/airflow/example_dags/example_sla_dag.py
[2024-08-18 12:27:38,469] {logging_mixin.py:115} INFO - [2024-08-18 12:27:38,469] {dag.py:2379} INFO - Sync 1 DAGs
[2024-08-18 12:27:38,490] {logging_mixin.py:115} INFO - [2024-08-18 12:27:38,489] {dag.py:2927} INFO - Setting next_dagrun for example_sla_dag to 2024-08-18T15:24:00+00:00, run_after=2024-08-18T15:26:00+00:00
[2024-08-18 12:27:38,502] {processor.py:161} INFO - Processing /home/kai/.local/lib/python3.8/site-packages/airflow/example_dags/example_sla_dag.py took 0.075 seconds
[2024-08-18 19:40:32,622] {processor.py:153} INFO - Started process (PID=12864) to work on /home/kai/.local/lib/python3.8/site-packages/airflow/example_dags/example_sla_dag.py
[2024-08-18 19:40:32,622] {processor.py:641} INFO - Processing file /home/kai/.local/lib/python3.8/site-packages/airflow/example_dags/example_sla_dag.py for tasks to queue
[2024-08-18 19:40:32,623] {logging_mixin.py:115} INFO - [2024-08-18 19:40:32,623] {dagbag.py:507} INFO - Filling up the DagBag from /home/kai/.local/lib/python3.8/site-packages/airflow/example_dags/example_sla_dag.py
[2024-08-18 19:40:32,644] {processor.py:651} INFO - DAG(s) dict_keys(['example_sla_dag']) retrieved from /home/kai/.local/lib/python3.8/site-packages/airflow/example_dags/example_sla_dag.py
[2024-08-18 19:40:32,662] {logging_mixin.py:115} INFO - [2024-08-18 19:40:32,662] {dag.py:2379} INFO - Sync 1 DAGs
[2024-08-18 19:40:32,690] {logging_mixin.py:115} INFO - [2024-08-18 19:40:32,690] {dag.py:2927} INFO - Setting next_dagrun for example_sla_dag to 2024-08-18T22:38:00+00:00, run_after=2024-08-18T22:40:00+00:00
[2024-08-18 19:40:32,704] {processor.py:161} INFO - Processing /home/kai/.local/lib/python3.8/site-packages/airflow/example_dags/example_sla_dag.py took 0.085 seconds
[2024-08-18 19:41:05,238] {processor.py:153} INFO - Started process (PID=13367) to work on /home/kai/.local/lib/python3.8/site-packages/airflow/example_dags/example_sla_dag.py
[2024-08-18 19:41:05,239] {processor.py:641} INFO - Processing file /home/kai/.local/lib/python3.8/site-packages/airflow/example_dags/example_sla_dag.py for tasks to queue
[2024-08-18 19:41:05,239] {logging_mixin.py:115} INFO - [2024-08-18 19:41:05,239] {dagbag.py:507} INFO - Filling up the DagBag from /home/kai/.local/lib/python3.8/site-packages/airflow/example_dags/example_sla_dag.py
[2024-08-18 19:41:05,253] {processor.py:651} INFO - DAG(s) dict_keys(['example_sla_dag']) retrieved from /home/kai/.local/lib/python3.8/site-packages/airflow/example_dags/example_sla_dag.py
[2024-08-18 19:41:05,266] {logging_mixin.py:115} INFO - [2024-08-18 19:41:05,266] {dag.py:2379} INFO - Sync 1 DAGs
[2024-08-18 19:41:05,284] {logging_mixin.py:115} INFO - [2024-08-18 19:41:05,284] {dag.py:2927} INFO - Setting next_dagrun for example_sla_dag to 2024-08-18T22:38:00+00:00, run_after=2024-08-18T22:40:00+00:00
[2024-08-18 19:41:05,295] {processor.py:161} INFO - Processing /home/kai/.local/lib/python3.8/site-packages/airflow/example_dags/example_sla_dag.py took 0.059 seconds
[2024-08-18 19:41:39,281] {processor.py:153} INFO - Started process (PID=13537) to work on /home/kai/.local/lib/python3.8/site-packages/airflow/example_dags/example_sla_dag.py
[2024-08-18 19:41:39,283] {processor.py:641} INFO - Processing file /home/kai/.local/lib/python3.8/site-packages/airflow/example_dags/example_sla_dag.py for tasks to queue
[2024-08-18 19:41:39,284] {logging_mixin.py:115} INFO - [2024-08-18 19:41:39,284] {dagbag.py:507} INFO - Filling up the DagBag from /home/kai/.local/lib/python3.8/site-packages/airflow/example_dags/example_sla_dag.py
[2024-08-18 19:41:39,302] {processor.py:651} INFO - DAG(s) dict_keys(['example_sla_dag']) retrieved from /home/kai/.local/lib/python3.8/site-packages/airflow/example_dags/example_sla_dag.py
[2024-08-18 19:41:39,315] {logging_mixin.py:115} INFO - [2024-08-18 19:41:39,315] {dag.py:2379} INFO - Sync 1 DAGs
[2024-08-18 19:41:39,333] {logging_mixin.py:115} INFO - [2024-08-18 19:41:39,333] {dag.py:2927} INFO - Setting next_dagrun for example_sla_dag to 2024-08-18T22:38:00+00:00, run_after=2024-08-18T22:40:00+00:00
[2024-08-18 19:41:39,346] {processor.py:161} INFO - Processing /home/kai/.local/lib/python3.8/site-packages/airflow/example_dags/example_sla_dag.py took 0.067 seconds
[2024-08-18 19:42:12,195] {processor.py:153} INFO - Started process (PID=13697) to work on /home/kai/.local/lib/python3.8/site-packages/airflow/example_dags/example_sla_dag.py
[2024-08-18 19:42:12,195] {processor.py:641} INFO - Processing file /home/kai/.local/lib/python3.8/site-packages/airflow/example_dags/example_sla_dag.py for tasks to queue
[2024-08-18 19:42:12,196] {logging_mixin.py:115} INFO - [2024-08-18 19:42:12,196] {dagbag.py:507} INFO - Filling up the DagBag from /home/kai/.local/lib/python3.8/site-packages/airflow/example_dags/example_sla_dag.py
[2024-08-18 19:42:12,211] {processor.py:651} INFO - DAG(s) dict_keys(['example_sla_dag']) retrieved from /home/kai/.local/lib/python3.8/site-packages/airflow/example_dags/example_sla_dag.py
[2024-08-18 19:42:12,234] {logging_mixin.py:115} INFO - [2024-08-18 19:42:12,234] {dag.py:2379} INFO - Sync 1 DAGs
[2024-08-18 19:42:12,259] {logging_mixin.py:115} INFO - [2024-08-18 19:42:12,259] {dag.py:2927} INFO - Setting next_dagrun for example_sla_dag to 2024-08-18T22:40:00+00:00, run_after=2024-08-18T22:42:00+00:00
[2024-08-18 19:42:12,270] {processor.py:161} INFO - Processing /home/kai/.local/lib/python3.8/site-packages/airflow/example_dags/example_sla_dag.py took 0.078 seconds
[2024-08-18 19:42:46,520] {processor.py:153} INFO - Started process (PID=13879) to work on /home/kai/.local/lib/python3.8/site-packages/airflow/example_dags/example_sla_dag.py
[2024-08-18 19:42:46,520] {processor.py:641} INFO - Processing file /home/kai/.local/lib/python3.8/site-packages/airflow/example_dags/example_sla_dag.py for tasks to queue
[2024-08-18 19:42:46,521] {logging_mixin.py:115} INFO - [2024-08-18 19:42:46,521] {dagbag.py:507} INFO - Filling up the DagBag from /home/kai/.local/lib/python3.8/site-packages/airflow/example_dags/example_sla_dag.py
[2024-08-18 19:42:46,534] {processor.py:651} INFO - DAG(s) dict_keys(['example_sla_dag']) retrieved from /home/kai/.local/lib/python3.8/site-packages/airflow/example_dags/example_sla_dag.py
[2024-08-18 19:42:46,547] {logging_mixin.py:115} INFO - [2024-08-18 19:42:46,547] {dag.py:2379} INFO - Sync 1 DAGs
[2024-08-18 19:42:46,563] {logging_mixin.py:115} INFO - [2024-08-18 19:42:46,563] {dag.py:2927} INFO - Setting next_dagrun for example_sla_dag to 2024-08-18T22:40:00+00:00, run_after=2024-08-18T22:42:00+00:00
[2024-08-18 19:42:46,574] {processor.py:161} INFO - Processing /home/kai/.local/lib/python3.8/site-packages/airflow/example_dags/example_sla_dag.py took 0.057 seconds
[2024-08-18 19:43:19,071] {processor.py:153} INFO - Started process (PID=14041) to work on /home/kai/.local/lib/python3.8/site-packages/airflow/example_dags/example_sla_dag.py
[2024-08-18 19:43:19,072] {processor.py:641} INFO - Processing file /home/kai/.local/lib/python3.8/site-packages/airflow/example_dags/example_sla_dag.py for tasks to queue
[2024-08-18 19:43:19,072] {logging_mixin.py:115} INFO - [2024-08-18 19:43:19,072] {dagbag.py:507} INFO - Filling up the DagBag from /home/kai/.local/lib/python3.8/site-packages/airflow/example_dags/example_sla_dag.py
[2024-08-18 19:43:19,092] {processor.py:651} INFO - DAG(s) dict_keys(['example_sla_dag']) retrieved from /home/kai/.local/lib/python3.8/site-packages/airflow/example_dags/example_sla_dag.py
[2024-08-18 19:43:19,104] {logging_mixin.py:115} INFO - [2024-08-18 19:43:19,104] {dag.py:2379} INFO - Sync 1 DAGs
[2024-08-18 19:43:19,120] {logging_mixin.py:115} INFO - [2024-08-18 19:43:19,120] {dag.py:2927} INFO - Setting next_dagrun for example_sla_dag to 2024-08-18T22:40:00+00:00, run_after=2024-08-18T22:42:00+00:00
[2024-08-18 19:43:19,133] {processor.py:161} INFO - Processing /home/kai/.local/lib/python3.8/site-packages/airflow/example_dags/example_sla_dag.py took 0.066 seconds
[2024-08-18 19:43:51,646] {processor.py:153} INFO - Started process (PID=14208) to work on /home/kai/.local/lib/python3.8/site-packages/airflow/example_dags/example_sla_dag.py
[2024-08-18 19:43:51,647] {processor.py:641} INFO - Processing file /home/kai/.local/lib/python3.8/site-packages/airflow/example_dags/example_sla_dag.py for tasks to queue
[2024-08-18 19:43:51,648] {logging_mixin.py:115} INFO - [2024-08-18 19:43:51,648] {dagbag.py:507} INFO - Filling up the DagBag from /home/kai/.local/lib/python3.8/site-packages/airflow/example_dags/example_sla_dag.py
[2024-08-18 19:43:51,667] {processor.py:651} INFO - DAG(s) dict_keys(['example_sla_dag']) retrieved from /home/kai/.local/lib/python3.8/site-packages/airflow/example_dags/example_sla_dag.py
[2024-08-18 19:43:51,680] {logging_mixin.py:115} INFO - [2024-08-18 19:43:51,680] {dag.py:2379} INFO - Sync 1 DAGs
[2024-08-18 19:43:51,695] {logging_mixin.py:115} INFO - [2024-08-18 19:43:51,695] {dag.py:2927} INFO - Setting next_dagrun for example_sla_dag to 2024-08-18T22:40:00+00:00, run_after=2024-08-18T22:42:00+00:00
[2024-08-18 19:43:51,709] {processor.py:161} INFO - Processing /home/kai/.local/lib/python3.8/site-packages/airflow/example_dags/example_sla_dag.py took 0.068 seconds
[2024-08-18 19:44:24,227] {processor.py:153} INFO - Started process (PID=14430) to work on /home/kai/.local/lib/python3.8/site-packages/airflow/example_dags/example_sla_dag.py
[2024-08-18 19:44:24,227] {processor.py:641} INFO - Processing file /home/kai/.local/lib/python3.8/site-packages/airflow/example_dags/example_sla_dag.py for tasks to queue
[2024-08-18 19:44:24,228] {logging_mixin.py:115} INFO - [2024-08-18 19:44:24,228] {dagbag.py:507} INFO - Filling up the DagBag from /home/kai/.local/lib/python3.8/site-packages/airflow/example_dags/example_sla_dag.py
[2024-08-18 19:44:24,241] {processor.py:651} INFO - DAG(s) dict_keys(['example_sla_dag']) retrieved from /home/kai/.local/lib/python3.8/site-packages/airflow/example_dags/example_sla_dag.py
[2024-08-18 19:44:24,254] {logging_mixin.py:115} INFO - [2024-08-18 19:44:24,254] {dag.py:2379} INFO - Sync 1 DAGs
[2024-08-18 19:44:24,273] {logging_mixin.py:115} INFO - [2024-08-18 19:44:24,273] {dag.py:2927} INFO - Setting next_dagrun for example_sla_dag to 2024-08-18T22:42:00+00:00, run_after=2024-08-18T22:44:00+00:00
[2024-08-18 19:44:24,284] {processor.py:161} INFO - Processing /home/kai/.local/lib/python3.8/site-packages/airflow/example_dags/example_sla_dag.py took 0.059 seconds
[2024-08-18 19:44:57,950] {processor.py:153} INFO - Started process (PID=14649) to work on /home/kai/.local/lib/python3.8/site-packages/airflow/example_dags/example_sla_dag.py
[2024-08-18 19:44:57,952] {processor.py:641} INFO - Processing file /home/kai/.local/lib/python3.8/site-packages/airflow/example_dags/example_sla_dag.py for tasks to queue
[2024-08-18 19:44:57,953] {logging_mixin.py:115} INFO - [2024-08-18 19:44:57,952] {dagbag.py:507} INFO - Filling up the DagBag from /home/kai/.local/lib/python3.8/site-packages/airflow/example_dags/example_sla_dag.py
[2024-08-18 19:44:57,974] {processor.py:651} INFO - DAG(s) dict_keys(['example_sla_dag']) retrieved from /home/kai/.local/lib/python3.8/site-packages/airflow/example_dags/example_sla_dag.py
[2024-08-18 19:44:57,988] {logging_mixin.py:115} INFO - [2024-08-18 19:44:57,988] {dag.py:2379} INFO - Sync 1 DAGs
[2024-08-18 19:44:58,004] {logging_mixin.py:115} INFO - [2024-08-18 19:44:58,004] {dag.py:2927} INFO - Setting next_dagrun for example_sla_dag to 2024-08-18T22:42:00+00:00, run_after=2024-08-18T22:44:00+00:00
[2024-08-18 19:44:58,016] {processor.py:161} INFO - Processing /home/kai/.local/lib/python3.8/site-packages/airflow/example_dags/example_sla_dag.py took 0.071 seconds
[2024-08-18 19:45:31,167] {processor.py:153} INFO - Started process (PID=14869) to work on /home/kai/.local/lib/python3.8/site-packages/airflow/example_dags/example_sla_dag.py
[2024-08-18 19:45:31,168] {processor.py:641} INFO - Processing file /home/kai/.local/lib/python3.8/site-packages/airflow/example_dags/example_sla_dag.py for tasks to queue
[2024-08-18 19:45:31,169] {logging_mixin.py:115} INFO - [2024-08-18 19:45:31,169] {dagbag.py:507} INFO - Filling up the DagBag from /home/kai/.local/lib/python3.8/site-packages/airflow/example_dags/example_sla_dag.py
[2024-08-18 19:45:31,183] {processor.py:651} INFO - DAG(s) dict_keys(['example_sla_dag']) retrieved from /home/kai/.local/lib/python3.8/site-packages/airflow/example_dags/example_sla_dag.py
[2024-08-18 19:45:31,204] {logging_mixin.py:115} INFO - [2024-08-18 19:45:31,204] {dag.py:2379} INFO - Sync 1 DAGs
[2024-08-18 19:45:31,227] {logging_mixin.py:115} INFO - [2024-08-18 19:45:31,227] {dag.py:2927} INFO - Setting next_dagrun for example_sla_dag to 2024-08-18T22:42:00+00:00, run_after=2024-08-18T22:44:00+00:00
[2024-08-18 19:45:31,240] {processor.py:161} INFO - Processing /home/kai/.local/lib/python3.8/site-packages/airflow/example_dags/example_sla_dag.py took 0.075 seconds
