[2024-08-18 11:50:07,968] {processor.py:153} INFO - Started process (PID=771111) to work on /home/kai/.local/lib/python3.8/site-packages/airflow/example_dags/example_trigger_controller_dag.py
[2024-08-18 11:50:07,973] {processor.py:641} INFO - Processing file /home/kai/.local/lib/python3.8/site-packages/airflow/example_dags/example_trigger_controller_dag.py for tasks to queue
[2024-08-18 11:50:07,973] {logging_mixin.py:115} INFO - [2024-08-18 11:50:07,973] {dagbag.py:507} INFO - Filling up the DagBag from /home/kai/.local/lib/python3.8/site-packages/airflow/example_dags/example_trigger_controller_dag.py
[2024-08-18 11:50:07,977] {processor.py:651} INFO - DAG(s) dict_keys(['example_trigger_controller_dag']) retrieved from /home/kai/.local/lib/python3.8/site-packages/airflow/example_dags/example_trigger_controller_dag.py
[2024-08-18 11:50:08,071] {logging_mixin.py:115} INFO - [2024-08-18 11:50:08,071] {manager.py:508} INFO - Created Permission View: can delete on DAG:example_trigger_controller_dag
[2024-08-18 11:50:08,083] {logging_mixin.py:115} INFO - [2024-08-18 11:50:08,083] {manager.py:508} INFO - Created Permission View: can read on DAG:example_trigger_controller_dag
[2024-08-18 11:50:08,091] {logging_mixin.py:115} INFO - [2024-08-18 11:50:08,090] {manager.py:508} INFO - Created Permission View: can edit on DAG:example_trigger_controller_dag
[2024-08-18 11:50:08,091] {logging_mixin.py:115} INFO - [2024-08-18 11:50:08,091] {dag.py:2379} INFO - Sync 1 DAGs
[2024-08-18 11:50:08,102] {logging_mixin.py:115} INFO - [2024-08-18 11:50:08,102] {dag.py:2398} INFO - Creating ORM DAG for example_trigger_controller_dag
[2024-08-18 11:50:08,116] {logging_mixin.py:115} INFO - [2024-08-18 11:50:08,116] {dag.py:2927} INFO - Setting next_dagrun for example_trigger_controller_dag to 2021-01-01T00:00:00+00:00, run_after=2021-01-01T00:00:00+00:00
[2024-08-18 11:50:08,134] {processor.py:161} INFO - Processing /home/kai/.local/lib/python3.8/site-packages/airflow/example_dags/example_trigger_controller_dag.py took 0.169 seconds
[2024-08-18 11:50:45,237] {processor.py:153} INFO - Started process (PID=771555) to work on /home/kai/.local/lib/python3.8/site-packages/airflow/example_dags/example_trigger_controller_dag.py
[2024-08-18 11:50:45,238] {processor.py:641} INFO - Processing file /home/kai/.local/lib/python3.8/site-packages/airflow/example_dags/example_trigger_controller_dag.py for tasks to queue
[2024-08-18 11:50:45,238] {logging_mixin.py:115} INFO - [2024-08-18 11:50:45,238] {dagbag.py:507} INFO - Filling up the DagBag from /home/kai/.local/lib/python3.8/site-packages/airflow/example_dags/example_trigger_controller_dag.py
[2024-08-18 11:50:45,241] {processor.py:651} INFO - DAG(s) dict_keys(['example_trigger_controller_dag']) retrieved from /home/kai/.local/lib/python3.8/site-packages/airflow/example_dags/example_trigger_controller_dag.py
[2024-08-18 11:50:45,262] {logging_mixin.py:115} INFO - [2024-08-18 11:50:45,262] {dag.py:2379} INFO - Sync 1 DAGs
[2024-08-18 11:50:45,281] {logging_mixin.py:115} INFO - [2024-08-18 11:50:45,280] {dag.py:2927} INFO - Setting next_dagrun for example_trigger_controller_dag to 2021-01-01T00:00:00+00:00, run_after=2021-01-01T00:00:00+00:00
[2024-08-18 11:50:45,299] {processor.py:161} INFO - Processing /home/kai/.local/lib/python3.8/site-packages/airflow/example_dags/example_trigger_controller_dag.py took 0.064 seconds
[2024-08-18 11:51:18,571] {processor.py:153} INFO - Started process (PID=771960) to work on /home/kai/.local/lib/python3.8/site-packages/airflow/example_dags/example_trigger_controller_dag.py
[2024-08-18 11:51:18,576] {processor.py:641} INFO - Processing file /home/kai/.local/lib/python3.8/site-packages/airflow/example_dags/example_trigger_controller_dag.py for tasks to queue
[2024-08-18 11:51:18,576] {logging_mixin.py:115} INFO - [2024-08-18 11:51:18,576] {dagbag.py:507} INFO - Filling up the DagBag from /home/kai/.local/lib/python3.8/site-packages/airflow/example_dags/example_trigger_controller_dag.py
[2024-08-18 11:51:18,585] {processor.py:651} INFO - DAG(s) dict_keys(['example_trigger_controller_dag']) retrieved from /home/kai/.local/lib/python3.8/site-packages/airflow/example_dags/example_trigger_controller_dag.py
[2024-08-18 11:51:18,625] {logging_mixin.py:115} INFO - [2024-08-18 11:51:18,623] {dag.py:2379} INFO - Sync 1 DAGs
[2024-08-18 11:51:18,677] {logging_mixin.py:115} INFO - [2024-08-18 11:51:18,677] {dag.py:2927} INFO - Setting next_dagrun for example_trigger_controller_dag to 2021-01-01T00:00:00+00:00, run_after=2021-01-01T00:00:00+00:00
[2024-08-18 11:51:18,697] {processor.py:161} INFO - Processing /home/kai/.local/lib/python3.8/site-packages/airflow/example_dags/example_trigger_controller_dag.py took 0.130 seconds
[2024-08-18 11:51:56,535] {processor.py:153} INFO - Started process (PID=772715) to work on /home/kai/.local/lib/python3.8/site-packages/airflow/example_dags/example_trigger_controller_dag.py
[2024-08-18 11:51:56,539] {processor.py:641} INFO - Processing file /home/kai/.local/lib/python3.8/site-packages/airflow/example_dags/example_trigger_controller_dag.py for tasks to queue
[2024-08-18 11:51:56,540] {logging_mixin.py:115} INFO - [2024-08-18 11:51:56,540] {dagbag.py:507} INFO - Filling up the DagBag from /home/kai/.local/lib/python3.8/site-packages/airflow/example_dags/example_trigger_controller_dag.py
[2024-08-18 11:51:56,543] {processor.py:651} INFO - DAG(s) dict_keys(['example_trigger_controller_dag']) retrieved from /home/kai/.local/lib/python3.8/site-packages/airflow/example_dags/example_trigger_controller_dag.py
[2024-08-18 11:51:56,564] {logging_mixin.py:115} INFO - [2024-08-18 11:51:56,564] {dag.py:2379} INFO - Sync 1 DAGs
[2024-08-18 11:51:56,602] {logging_mixin.py:115} INFO - [2024-08-18 11:51:56,602] {dag.py:2927} INFO - Setting next_dagrun for example_trigger_controller_dag to 2021-01-01T00:00:00+00:00, run_after=2021-01-01T00:00:00+00:00
[2024-08-18 11:51:56,619] {processor.py:161} INFO - Processing /home/kai/.local/lib/python3.8/site-packages/airflow/example_dags/example_trigger_controller_dag.py took 0.087 seconds
[2024-08-18 11:52:29,796] {processor.py:153} INFO - Started process (PID=773107) to work on /home/kai/.local/lib/python3.8/site-packages/airflow/example_dags/example_trigger_controller_dag.py
[2024-08-18 11:52:29,797] {processor.py:641} INFO - Processing file /home/kai/.local/lib/python3.8/site-packages/airflow/example_dags/example_trigger_controller_dag.py for tasks to queue
[2024-08-18 11:52:29,798] {logging_mixin.py:115} INFO - [2024-08-18 11:52:29,798] {dagbag.py:507} INFO - Filling up the DagBag from /home/kai/.local/lib/python3.8/site-packages/airflow/example_dags/example_trigger_controller_dag.py
[2024-08-18 11:52:29,803] {processor.py:651} INFO - DAG(s) dict_keys(['example_trigger_controller_dag']) retrieved from /home/kai/.local/lib/python3.8/site-packages/airflow/example_dags/example_trigger_controller_dag.py
[2024-08-18 11:52:29,826] {logging_mixin.py:115} INFO - [2024-08-18 11:52:29,826] {dag.py:2379} INFO - Sync 1 DAGs
[2024-08-18 11:52:29,849] {logging_mixin.py:115} INFO - [2024-08-18 11:52:29,849] {dag.py:2927} INFO - Setting next_dagrun for example_trigger_controller_dag to 2021-01-01T00:00:00+00:00, run_after=2021-01-01T00:00:00+00:00
[2024-08-18 11:52:29,861] {processor.py:161} INFO - Processing /home/kai/.local/lib/python3.8/site-packages/airflow/example_dags/example_trigger_controller_dag.py took 0.068 seconds
[2024-08-18 11:53:05,862] {processor.py:153} INFO - Started process (PID=773514) to work on /home/kai/.local/lib/python3.8/site-packages/airflow/example_dags/example_trigger_controller_dag.py
[2024-08-18 11:53:05,866] {processor.py:641} INFO - Processing file /home/kai/.local/lib/python3.8/site-packages/airflow/example_dags/example_trigger_controller_dag.py for tasks to queue
[2024-08-18 11:53:05,867] {logging_mixin.py:115} INFO - [2024-08-18 11:53:05,867] {dagbag.py:507} INFO - Filling up the DagBag from /home/kai/.local/lib/python3.8/site-packages/airflow/example_dags/example_trigger_controller_dag.py
[2024-08-18 11:53:05,871] {processor.py:651} INFO - DAG(s) dict_keys(['example_trigger_controller_dag']) retrieved from /home/kai/.local/lib/python3.8/site-packages/airflow/example_dags/example_trigger_controller_dag.py
[2024-08-18 11:53:05,897] {logging_mixin.py:115} INFO - [2024-08-18 11:53:05,897] {dag.py:2379} INFO - Sync 1 DAGs
[2024-08-18 11:53:05,917] {logging_mixin.py:115} INFO - [2024-08-18 11:53:05,916] {dag.py:2927} INFO - Setting next_dagrun for example_trigger_controller_dag to 2021-01-01T00:00:00+00:00, run_after=2021-01-01T00:00:00+00:00
[2024-08-18 11:53:05,928] {processor.py:161} INFO - Processing /home/kai/.local/lib/python3.8/site-packages/airflow/example_dags/example_trigger_controller_dag.py took 0.070 seconds
[2024-08-18 11:53:38,903] {processor.py:153} INFO - Started process (PID=773923) to work on /home/kai/.local/lib/python3.8/site-packages/airflow/example_dags/example_trigger_controller_dag.py
[2024-08-18 11:53:38,918] {processor.py:641} INFO - Processing file /home/kai/.local/lib/python3.8/site-packages/airflow/example_dags/example_trigger_controller_dag.py for tasks to queue
[2024-08-18 11:53:38,919] {logging_mixin.py:115} INFO - [2024-08-18 11:53:38,919] {dagbag.py:507} INFO - Filling up the DagBag from /home/kai/.local/lib/python3.8/site-packages/airflow/example_dags/example_trigger_controller_dag.py
[2024-08-18 11:53:38,922] {processor.py:651} INFO - DAG(s) dict_keys(['example_trigger_controller_dag']) retrieved from /home/kai/.local/lib/python3.8/site-packages/airflow/example_dags/example_trigger_controller_dag.py
[2024-08-18 11:53:38,945] {logging_mixin.py:115} INFO - [2024-08-18 11:53:38,945] {dag.py:2379} INFO - Sync 1 DAGs
[2024-08-18 11:53:38,968] {logging_mixin.py:115} INFO - [2024-08-18 11:53:38,968] {dag.py:2927} INFO - Setting next_dagrun for example_trigger_controller_dag to 2021-01-01T00:00:00+00:00, run_after=2021-01-01T00:00:00+00:00
[2024-08-18 11:53:38,982] {processor.py:161} INFO - Processing /home/kai/.local/lib/python3.8/site-packages/airflow/example_dags/example_trigger_controller_dag.py took 0.083 seconds
[2024-08-18 11:54:14,139] {processor.py:153} INFO - Started process (PID=774343) to work on /home/kai/.local/lib/python3.8/site-packages/airflow/example_dags/example_trigger_controller_dag.py
[2024-08-18 11:54:14,142] {processor.py:641} INFO - Processing file /home/kai/.local/lib/python3.8/site-packages/airflow/example_dags/example_trigger_controller_dag.py for tasks to queue
[2024-08-18 11:54:14,142] {logging_mixin.py:115} INFO - [2024-08-18 11:54:14,142] {dagbag.py:507} INFO - Filling up the DagBag from /home/kai/.local/lib/python3.8/site-packages/airflow/example_dags/example_trigger_controller_dag.py
[2024-08-18 11:54:14,147] {processor.py:651} INFO - DAG(s) dict_keys(['example_trigger_controller_dag']) retrieved from /home/kai/.local/lib/python3.8/site-packages/airflow/example_dags/example_trigger_controller_dag.py
[2024-08-18 11:54:14,169] {logging_mixin.py:115} INFO - [2024-08-18 11:54:14,169] {dag.py:2379} INFO - Sync 1 DAGs
[2024-08-18 11:54:14,211] {logging_mixin.py:115} INFO - [2024-08-18 11:54:14,210] {dag.py:2927} INFO - Setting next_dagrun for example_trigger_controller_dag to 2021-01-01T00:00:00+00:00, run_after=2021-01-01T00:00:00+00:00
[2024-08-18 11:54:14,233] {processor.py:161} INFO - Processing /home/kai/.local/lib/python3.8/site-packages/airflow/example_dags/example_trigger_controller_dag.py took 0.098 seconds
[2024-08-18 11:54:47,407] {processor.py:153} INFO - Started process (PID=774743) to work on /home/kai/.local/lib/python3.8/site-packages/airflow/example_dags/example_trigger_controller_dag.py
[2024-08-18 11:54:47,411] {processor.py:641} INFO - Processing file /home/kai/.local/lib/python3.8/site-packages/airflow/example_dags/example_trigger_controller_dag.py for tasks to queue
[2024-08-18 11:54:47,412] {logging_mixin.py:115} INFO - [2024-08-18 11:54:47,412] {dagbag.py:507} INFO - Filling up the DagBag from /home/kai/.local/lib/python3.8/site-packages/airflow/example_dags/example_trigger_controller_dag.py
[2024-08-18 11:54:47,415] {processor.py:651} INFO - DAG(s) dict_keys(['example_trigger_controller_dag']) retrieved from /home/kai/.local/lib/python3.8/site-packages/airflow/example_dags/example_trigger_controller_dag.py
[2024-08-18 11:54:47,432] {logging_mixin.py:115} INFO - [2024-08-18 11:54:47,432] {dag.py:2379} INFO - Sync 1 DAGs
[2024-08-18 11:54:47,463] {logging_mixin.py:115} INFO - [2024-08-18 11:54:47,463] {dag.py:2927} INFO - Setting next_dagrun for example_trigger_controller_dag to 2021-01-01T00:00:00+00:00, run_after=2021-01-01T00:00:00+00:00
[2024-08-18 11:54:47,477] {processor.py:161} INFO - Processing /home/kai/.local/lib/python3.8/site-packages/airflow/example_dags/example_trigger_controller_dag.py took 0.073 seconds
[2024-08-18 11:55:21,921] {processor.py:153} INFO - Started process (PID=775154) to work on /home/kai/.local/lib/python3.8/site-packages/airflow/example_dags/example_trigger_controller_dag.py
[2024-08-18 11:55:21,926] {processor.py:641} INFO - Processing file /home/kai/.local/lib/python3.8/site-packages/airflow/example_dags/example_trigger_controller_dag.py for tasks to queue
[2024-08-18 11:55:21,927] {logging_mixin.py:115} INFO - [2024-08-18 11:55:21,927] {dagbag.py:507} INFO - Filling up the DagBag from /home/kai/.local/lib/python3.8/site-packages/airflow/example_dags/example_trigger_controller_dag.py
[2024-08-18 11:55:21,931] {processor.py:651} INFO - DAG(s) dict_keys(['example_trigger_controller_dag']) retrieved from /home/kai/.local/lib/python3.8/site-packages/airflow/example_dags/example_trigger_controller_dag.py
[2024-08-18 11:55:21,959] {logging_mixin.py:115} INFO - [2024-08-18 11:55:21,959] {dag.py:2379} INFO - Sync 1 DAGs
[2024-08-18 11:55:21,989] {logging_mixin.py:115} INFO - [2024-08-18 11:55:21,988] {dag.py:2927} INFO - Setting next_dagrun for example_trigger_controller_dag to 2021-01-01T00:00:00+00:00, run_after=2021-01-01T00:00:00+00:00
[2024-08-18 11:55:22,005] {processor.py:161} INFO - Processing /home/kai/.local/lib/python3.8/site-packages/airflow/example_dags/example_trigger_controller_dag.py took 0.088 seconds
[2024-08-18 11:55:58,127] {processor.py:153} INFO - Started process (PID=775583) to work on /home/kai/.local/lib/python3.8/site-packages/airflow/example_dags/example_trigger_controller_dag.py
[2024-08-18 11:55:58,128] {processor.py:641} INFO - Processing file /home/kai/.local/lib/python3.8/site-packages/airflow/example_dags/example_trigger_controller_dag.py for tasks to queue
[2024-08-18 11:55:58,129] {logging_mixin.py:115} INFO - [2024-08-18 11:55:58,129] {dagbag.py:507} INFO - Filling up the DagBag from /home/kai/.local/lib/python3.8/site-packages/airflow/example_dags/example_trigger_controller_dag.py
[2024-08-18 11:55:58,134] {processor.py:651} INFO - DAG(s) dict_keys(['example_trigger_controller_dag']) retrieved from /home/kai/.local/lib/python3.8/site-packages/airflow/example_dags/example_trigger_controller_dag.py
[2024-08-18 11:55:58,175] {logging_mixin.py:115} INFO - [2024-08-18 11:55:58,175] {dag.py:2379} INFO - Sync 1 DAGs
[2024-08-18 11:55:58,226] {logging_mixin.py:115} INFO - [2024-08-18 11:55:58,225] {dag.py:2927} INFO - Setting next_dagrun for example_trigger_controller_dag to 2021-01-01T00:00:00+00:00, run_after=2021-01-01T00:00:00+00:00
[2024-08-18 11:55:58,249] {processor.py:161} INFO - Processing /home/kai/.local/lib/python3.8/site-packages/airflow/example_dags/example_trigger_controller_dag.py took 0.127 seconds
[2024-08-18 11:56:35,068] {processor.py:153} INFO - Started process (PID=776002) to work on /home/kai/.local/lib/python3.8/site-packages/airflow/example_dags/example_trigger_controller_dag.py
[2024-08-18 11:56:35,073] {processor.py:641} INFO - Processing file /home/kai/.local/lib/python3.8/site-packages/airflow/example_dags/example_trigger_controller_dag.py for tasks to queue
[2024-08-18 11:56:35,074] {logging_mixin.py:115} INFO - [2024-08-18 11:56:35,074] {dagbag.py:507} INFO - Filling up the DagBag from /home/kai/.local/lib/python3.8/site-packages/airflow/example_dags/example_trigger_controller_dag.py
[2024-08-18 11:56:35,077] {processor.py:651} INFO - DAG(s) dict_keys(['example_trigger_controller_dag']) retrieved from /home/kai/.local/lib/python3.8/site-packages/airflow/example_dags/example_trigger_controller_dag.py
[2024-08-18 11:56:35,109] {logging_mixin.py:115} INFO - [2024-08-18 11:56:35,109] {dag.py:2379} INFO - Sync 1 DAGs
[2024-08-18 11:56:35,133] {logging_mixin.py:115} INFO - [2024-08-18 11:56:35,133] {dag.py:2927} INFO - Setting next_dagrun for example_trigger_controller_dag to 2021-01-01T00:00:00+00:00, run_after=2021-01-01T00:00:00+00:00
[2024-08-18 11:56:35,163] {processor.py:161} INFO - Processing /home/kai/.local/lib/python3.8/site-packages/airflow/example_dags/example_trigger_controller_dag.py took 0.100 seconds
[2024-08-18 11:57:09,949] {processor.py:153} INFO - Started process (PID=776386) to work on /home/kai/.local/lib/python3.8/site-packages/airflow/example_dags/example_trigger_controller_dag.py
[2024-08-18 11:57:09,953] {processor.py:641} INFO - Processing file /home/kai/.local/lib/python3.8/site-packages/airflow/example_dags/example_trigger_controller_dag.py for tasks to queue
[2024-08-18 11:57:09,955] {logging_mixin.py:115} INFO - [2024-08-18 11:57:09,954] {dagbag.py:507} INFO - Filling up the DagBag from /home/kai/.local/lib/python3.8/site-packages/airflow/example_dags/example_trigger_controller_dag.py
[2024-08-18 11:57:09,958] {processor.py:651} INFO - DAG(s) dict_keys(['example_trigger_controller_dag']) retrieved from /home/kai/.local/lib/python3.8/site-packages/airflow/example_dags/example_trigger_controller_dag.py
[2024-08-18 11:57:09,982] {logging_mixin.py:115} INFO - [2024-08-18 11:57:09,982] {dag.py:2379} INFO - Sync 1 DAGs
[2024-08-18 11:57:10,011] {logging_mixin.py:115} INFO - [2024-08-18 11:57:10,011] {dag.py:2927} INFO - Setting next_dagrun for example_trigger_controller_dag to 2021-01-01T00:00:00+00:00, run_after=2021-01-01T00:00:00+00:00
[2024-08-18 11:57:10,030] {processor.py:161} INFO - Processing /home/kai/.local/lib/python3.8/site-packages/airflow/example_dags/example_trigger_controller_dag.py took 0.085 seconds
[2024-08-18 11:57:43,208] {processor.py:153} INFO - Started process (PID=776762) to work on /home/kai/.local/lib/python3.8/site-packages/airflow/example_dags/example_trigger_controller_dag.py
[2024-08-18 11:57:43,218] {processor.py:641} INFO - Processing file /home/kai/.local/lib/python3.8/site-packages/airflow/example_dags/example_trigger_controller_dag.py for tasks to queue
[2024-08-18 11:57:43,219] {logging_mixin.py:115} INFO - [2024-08-18 11:57:43,219] {dagbag.py:507} INFO - Filling up the DagBag from /home/kai/.local/lib/python3.8/site-packages/airflow/example_dags/example_trigger_controller_dag.py
[2024-08-18 11:57:43,222] {processor.py:651} INFO - DAG(s) dict_keys(['example_trigger_controller_dag']) retrieved from /home/kai/.local/lib/python3.8/site-packages/airflow/example_dags/example_trigger_controller_dag.py
[2024-08-18 11:57:43,269] {logging_mixin.py:115} INFO - [2024-08-18 11:57:43,269] {dag.py:2379} INFO - Sync 1 DAGs
[2024-08-18 11:57:43,290] {logging_mixin.py:115} INFO - [2024-08-18 11:57:43,290] {dag.py:2927} INFO - Setting next_dagrun for example_trigger_controller_dag to 2021-01-01T00:00:00+00:00, run_after=2021-01-01T00:00:00+00:00
[2024-08-18 11:57:43,317] {processor.py:161} INFO - Processing /home/kai/.local/lib/python3.8/site-packages/airflow/example_dags/example_trigger_controller_dag.py took 0.112 seconds
[2024-08-18 11:58:20,390] {processor.py:153} INFO - Started process (PID=777167) to work on /home/kai/.local/lib/python3.8/site-packages/airflow/example_dags/example_trigger_controller_dag.py
[2024-08-18 11:58:20,395] {processor.py:641} INFO - Processing file /home/kai/.local/lib/python3.8/site-packages/airflow/example_dags/example_trigger_controller_dag.py for tasks to queue
[2024-08-18 11:58:20,396] {logging_mixin.py:115} INFO - [2024-08-18 11:58:20,395] {dagbag.py:507} INFO - Filling up the DagBag from /home/kai/.local/lib/python3.8/site-packages/airflow/example_dags/example_trigger_controller_dag.py
[2024-08-18 11:58:20,400] {processor.py:651} INFO - DAG(s) dict_keys(['example_trigger_controller_dag']) retrieved from /home/kai/.local/lib/python3.8/site-packages/airflow/example_dags/example_trigger_controller_dag.py
[2024-08-18 11:58:20,423] {logging_mixin.py:115} INFO - [2024-08-18 11:58:20,423] {dag.py:2379} INFO - Sync 1 DAGs
[2024-08-18 11:58:20,448] {logging_mixin.py:115} INFO - [2024-08-18 11:58:20,448] {dag.py:2927} INFO - Setting next_dagrun for example_trigger_controller_dag to 2021-01-01T00:00:00+00:00, run_after=2021-01-01T00:00:00+00:00
[2024-08-18 11:58:20,469] {processor.py:161} INFO - Processing /home/kai/.local/lib/python3.8/site-packages/airflow/example_dags/example_trigger_controller_dag.py took 0.082 seconds
[2024-08-18 11:58:57,060] {processor.py:153} INFO - Started process (PID=777602) to work on /home/kai/.local/lib/python3.8/site-packages/airflow/example_dags/example_trigger_controller_dag.py
[2024-08-18 11:58:57,063] {processor.py:641} INFO - Processing file /home/kai/.local/lib/python3.8/site-packages/airflow/example_dags/example_trigger_controller_dag.py for tasks to queue
[2024-08-18 11:58:57,068] {logging_mixin.py:115} INFO - [2024-08-18 11:58:57,068] {dagbag.py:507} INFO - Filling up the DagBag from /home/kai/.local/lib/python3.8/site-packages/airflow/example_dags/example_trigger_controller_dag.py
[2024-08-18 11:58:57,076] {processor.py:651} INFO - DAG(s) dict_keys(['example_trigger_controller_dag']) retrieved from /home/kai/.local/lib/python3.8/site-packages/airflow/example_dags/example_trigger_controller_dag.py
[2024-08-18 11:58:57,137] {logging_mixin.py:115} INFO - [2024-08-18 11:58:57,137] {dag.py:2379} INFO - Sync 1 DAGs
[2024-08-18 11:58:57,167] {logging_mixin.py:115} INFO - [2024-08-18 11:58:57,165] {dag.py:2927} INFO - Setting next_dagrun for example_trigger_controller_dag to 2021-01-01T00:00:00+00:00, run_after=2021-01-01T00:00:00+00:00
[2024-08-18 11:58:57,193] {processor.py:161} INFO - Processing /home/kai/.local/lib/python3.8/site-packages/airflow/example_dags/example_trigger_controller_dag.py took 0.143 seconds
[2024-08-18 11:59:34,513] {processor.py:153} INFO - Started process (PID=778008) to work on /home/kai/.local/lib/python3.8/site-packages/airflow/example_dags/example_trigger_controller_dag.py
[2024-08-18 11:59:34,515] {processor.py:641} INFO - Processing file /home/kai/.local/lib/python3.8/site-packages/airflow/example_dags/example_trigger_controller_dag.py for tasks to queue
[2024-08-18 11:59:34,516] {logging_mixin.py:115} INFO - [2024-08-18 11:59:34,516] {dagbag.py:507} INFO - Filling up the DagBag from /home/kai/.local/lib/python3.8/site-packages/airflow/example_dags/example_trigger_controller_dag.py
[2024-08-18 11:59:34,518] {processor.py:651} INFO - DAG(s) dict_keys(['example_trigger_controller_dag']) retrieved from /home/kai/.local/lib/python3.8/site-packages/airflow/example_dags/example_trigger_controller_dag.py
[2024-08-18 11:59:34,541] {logging_mixin.py:115} INFO - [2024-08-18 11:59:34,541] {dag.py:2379} INFO - Sync 1 DAGs
[2024-08-18 11:59:34,569] {logging_mixin.py:115} INFO - [2024-08-18 11:59:34,569] {dag.py:2927} INFO - Setting next_dagrun for example_trigger_controller_dag to 2021-01-01T00:00:00+00:00, run_after=2021-01-01T00:00:00+00:00
[2024-08-18 11:59:34,584] {processor.py:161} INFO - Processing /home/kai/.local/lib/python3.8/site-packages/airflow/example_dags/example_trigger_controller_dag.py took 0.074 seconds
[2024-08-18 12:03:15,077] {processor.py:153} INFO - Started process (PID=4341) to work on /home/kai/.local/lib/python3.8/site-packages/airflow/example_dags/example_trigger_controller_dag.py
[2024-08-18 12:03:15,078] {processor.py:641} INFO - Processing file /home/kai/.local/lib/python3.8/site-packages/airflow/example_dags/example_trigger_controller_dag.py for tasks to queue
[2024-08-18 12:03:15,078] {logging_mixin.py:115} INFO - [2024-08-18 12:03:15,078] {dagbag.py:507} INFO - Filling up the DagBag from /home/kai/.local/lib/python3.8/site-packages/airflow/example_dags/example_trigger_controller_dag.py
[2024-08-18 12:03:15,081] {processor.py:651} INFO - DAG(s) dict_keys(['example_trigger_controller_dag']) retrieved from /home/kai/.local/lib/python3.8/site-packages/airflow/example_dags/example_trigger_controller_dag.py
[2024-08-18 12:03:15,097] {logging_mixin.py:115} INFO - [2024-08-18 12:03:15,097] {dag.py:2379} INFO - Sync 1 DAGs
[2024-08-18 12:03:15,112] {logging_mixin.py:115} INFO - [2024-08-18 12:03:15,112] {dag.py:2927} INFO - Setting next_dagrun for example_trigger_controller_dag to 2021-01-01T00:00:00+00:00, run_after=2021-01-01T00:00:00+00:00
[2024-08-18 12:03:15,122] {processor.py:161} INFO - Processing /home/kai/.local/lib/python3.8/site-packages/airflow/example_dags/example_trigger_controller_dag.py took 0.048 seconds
[2024-08-18 12:03:47,164] {processor.py:153} INFO - Started process (PID=4807) to work on /home/kai/.local/lib/python3.8/site-packages/airflow/example_dags/example_trigger_controller_dag.py
[2024-08-18 12:03:47,166] {processor.py:641} INFO - Processing file /home/kai/.local/lib/python3.8/site-packages/airflow/example_dags/example_trigger_controller_dag.py for tasks to queue
[2024-08-18 12:03:47,166] {logging_mixin.py:115} INFO - [2024-08-18 12:03:47,166] {dagbag.py:507} INFO - Filling up the DagBag from /home/kai/.local/lib/python3.8/site-packages/airflow/example_dags/example_trigger_controller_dag.py
[2024-08-18 12:03:47,171] {processor.py:651} INFO - DAG(s) dict_keys(['example_trigger_controller_dag']) retrieved from /home/kai/.local/lib/python3.8/site-packages/airflow/example_dags/example_trigger_controller_dag.py
[2024-08-18 12:03:47,192] {logging_mixin.py:115} INFO - [2024-08-18 12:03:47,192] {dag.py:2379} INFO - Sync 1 DAGs
[2024-08-18 12:03:47,210] {logging_mixin.py:115} INFO - [2024-08-18 12:03:47,210] {dag.py:2927} INFO - Setting next_dagrun for example_trigger_controller_dag to 2021-01-01T00:00:00+00:00, run_after=2021-01-01T00:00:00+00:00
[2024-08-18 12:03:47,228] {processor.py:161} INFO - Processing /home/kai/.local/lib/python3.8/site-packages/airflow/example_dags/example_trigger_controller_dag.py took 0.067 seconds
[2024-08-18 12:04:21,804] {processor.py:153} INFO - Started process (PID=4991) to work on /home/kai/.local/lib/python3.8/site-packages/airflow/example_dags/example_trigger_controller_dag.py
[2024-08-18 12:04:21,805] {processor.py:641} INFO - Processing file /home/kai/.local/lib/python3.8/site-packages/airflow/example_dags/example_trigger_controller_dag.py for tasks to queue
[2024-08-18 12:04:21,806] {logging_mixin.py:115} INFO - [2024-08-18 12:04:21,806] {dagbag.py:507} INFO - Filling up the DagBag from /home/kai/.local/lib/python3.8/site-packages/airflow/example_dags/example_trigger_controller_dag.py
[2024-08-18 12:04:21,809] {processor.py:651} INFO - DAG(s) dict_keys(['example_trigger_controller_dag']) retrieved from /home/kai/.local/lib/python3.8/site-packages/airflow/example_dags/example_trigger_controller_dag.py
[2024-08-18 12:04:21,825] {logging_mixin.py:115} INFO - [2024-08-18 12:04:21,825] {dag.py:2379} INFO - Sync 1 DAGs
[2024-08-18 12:04:21,841] {logging_mixin.py:115} INFO - [2024-08-18 12:04:21,841] {dag.py:2927} INFO - Setting next_dagrun for example_trigger_controller_dag to 2021-01-01T00:00:00+00:00, run_after=2021-01-01T00:00:00+00:00
[2024-08-18 12:04:21,852] {processor.py:161} INFO - Processing /home/kai/.local/lib/python3.8/site-packages/airflow/example_dags/example_trigger_controller_dag.py took 0.051 seconds
[2024-08-18 12:04:54,908] {processor.py:153} INFO - Started process (PID=5153) to work on /home/kai/.local/lib/python3.8/site-packages/airflow/example_dags/example_trigger_controller_dag.py
[2024-08-18 12:04:54,909] {processor.py:641} INFO - Processing file /home/kai/.local/lib/python3.8/site-packages/airflow/example_dags/example_trigger_controller_dag.py for tasks to queue
[2024-08-18 12:04:54,909] {logging_mixin.py:115} INFO - [2024-08-18 12:04:54,909] {dagbag.py:507} INFO - Filling up the DagBag from /home/kai/.local/lib/python3.8/site-packages/airflow/example_dags/example_trigger_controller_dag.py
[2024-08-18 12:04:54,912] {processor.py:651} INFO - DAG(s) dict_keys(['example_trigger_controller_dag']) retrieved from /home/kai/.local/lib/python3.8/site-packages/airflow/example_dags/example_trigger_controller_dag.py
[2024-08-18 12:04:54,926] {logging_mixin.py:115} INFO - [2024-08-18 12:04:54,926] {dag.py:2379} INFO - Sync 1 DAGs
[2024-08-18 12:04:54,940] {logging_mixin.py:115} INFO - [2024-08-18 12:04:54,940] {dag.py:2927} INFO - Setting next_dagrun for example_trigger_controller_dag to 2021-01-01T00:00:00+00:00, run_after=2021-01-01T00:00:00+00:00
[2024-08-18 12:04:54,953] {processor.py:161} INFO - Processing /home/kai/.local/lib/python3.8/site-packages/airflow/example_dags/example_trigger_controller_dag.py took 0.047 seconds
[2024-08-18 12:05:27,429] {processor.py:153} INFO - Started process (PID=5328) to work on /home/kai/.local/lib/python3.8/site-packages/airflow/example_dags/example_trigger_controller_dag.py
[2024-08-18 12:05:27,430] {processor.py:641} INFO - Processing file /home/kai/.local/lib/python3.8/site-packages/airflow/example_dags/example_trigger_controller_dag.py for tasks to queue
[2024-08-18 12:05:27,431] {logging_mixin.py:115} INFO - [2024-08-18 12:05:27,431] {dagbag.py:507} INFO - Filling up the DagBag from /home/kai/.local/lib/python3.8/site-packages/airflow/example_dags/example_trigger_controller_dag.py
[2024-08-18 12:05:27,434] {processor.py:651} INFO - DAG(s) dict_keys(['example_trigger_controller_dag']) retrieved from /home/kai/.local/lib/python3.8/site-packages/airflow/example_dags/example_trigger_controller_dag.py
[2024-08-18 12:05:27,451] {logging_mixin.py:115} INFO - [2024-08-18 12:05:27,451] {dag.py:2379} INFO - Sync 1 DAGs
[2024-08-18 12:05:27,469] {logging_mixin.py:115} INFO - [2024-08-18 12:05:27,469] {dag.py:2927} INFO - Setting next_dagrun for example_trigger_controller_dag to 2021-01-01T00:00:00+00:00, run_after=2021-01-01T00:00:00+00:00
[2024-08-18 12:05:27,479] {processor.py:161} INFO - Processing /home/kai/.local/lib/python3.8/site-packages/airflow/example_dags/example_trigger_controller_dag.py took 0.053 seconds
[2024-08-18 12:05:58,543] {processor.py:153} INFO - Started process (PID=5493) to work on /home/kai/.local/lib/python3.8/site-packages/airflow/example_dags/example_trigger_controller_dag.py
[2024-08-18 12:05:58,544] {processor.py:641} INFO - Processing file /home/kai/.local/lib/python3.8/site-packages/airflow/example_dags/example_trigger_controller_dag.py for tasks to queue
[2024-08-18 12:05:58,545] {logging_mixin.py:115} INFO - [2024-08-18 12:05:58,545] {dagbag.py:507} INFO - Filling up the DagBag from /home/kai/.local/lib/python3.8/site-packages/airflow/example_dags/example_trigger_controller_dag.py
[2024-08-18 12:05:58,548] {processor.py:651} INFO - DAG(s) dict_keys(['example_trigger_controller_dag']) retrieved from /home/kai/.local/lib/python3.8/site-packages/airflow/example_dags/example_trigger_controller_dag.py
[2024-08-18 12:05:58,563] {logging_mixin.py:115} INFO - [2024-08-18 12:05:58,563] {dag.py:2379} INFO - Sync 1 DAGs
[2024-08-18 12:05:58,584] {logging_mixin.py:115} INFO - [2024-08-18 12:05:58,583] {dag.py:2927} INFO - Setting next_dagrun for example_trigger_controller_dag to 2021-01-01T00:00:00+00:00, run_after=2021-01-01T00:00:00+00:00
[2024-08-18 12:05:58,595] {processor.py:161} INFO - Processing /home/kai/.local/lib/python3.8/site-packages/airflow/example_dags/example_trigger_controller_dag.py took 0.055 seconds
[2024-08-18 12:06:31,667] {processor.py:153} INFO - Started process (PID=5673) to work on /home/kai/.local/lib/python3.8/site-packages/airflow/example_dags/example_trigger_controller_dag.py
[2024-08-18 12:06:31,668] {processor.py:641} INFO - Processing file /home/kai/.local/lib/python3.8/site-packages/airflow/example_dags/example_trigger_controller_dag.py for tasks to queue
[2024-08-18 12:06:31,668] {logging_mixin.py:115} INFO - [2024-08-18 12:06:31,668] {dagbag.py:507} INFO - Filling up the DagBag from /home/kai/.local/lib/python3.8/site-packages/airflow/example_dags/example_trigger_controller_dag.py
[2024-08-18 12:06:31,672] {processor.py:651} INFO - DAG(s) dict_keys(['example_trigger_controller_dag']) retrieved from /home/kai/.local/lib/python3.8/site-packages/airflow/example_dags/example_trigger_controller_dag.py
[2024-08-18 12:06:31,687] {logging_mixin.py:115} INFO - [2024-08-18 12:06:31,687] {dag.py:2379} INFO - Sync 1 DAGs
[2024-08-18 12:06:31,703] {logging_mixin.py:115} INFO - [2024-08-18 12:06:31,703] {dag.py:2927} INFO - Setting next_dagrun for example_trigger_controller_dag to 2021-01-01T00:00:00+00:00, run_after=2021-01-01T00:00:00+00:00
[2024-08-18 12:06:31,714] {processor.py:161} INFO - Processing /home/kai/.local/lib/python3.8/site-packages/airflow/example_dags/example_trigger_controller_dag.py took 0.049 seconds
[2024-08-18 12:07:05,263] {processor.py:153} INFO - Started process (PID=5838) to work on /home/kai/.local/lib/python3.8/site-packages/airflow/example_dags/example_trigger_controller_dag.py
[2024-08-18 12:07:05,264] {processor.py:641} INFO - Processing file /home/kai/.local/lib/python3.8/site-packages/airflow/example_dags/example_trigger_controller_dag.py for tasks to queue
[2024-08-18 12:07:05,265] {logging_mixin.py:115} INFO - [2024-08-18 12:07:05,265] {dagbag.py:507} INFO - Filling up the DagBag from /home/kai/.local/lib/python3.8/site-packages/airflow/example_dags/example_trigger_controller_dag.py
[2024-08-18 12:07:05,270] {processor.py:651} INFO - DAG(s) dict_keys(['example_trigger_controller_dag']) retrieved from /home/kai/.local/lib/python3.8/site-packages/airflow/example_dags/example_trigger_controller_dag.py
[2024-08-18 12:07:05,288] {logging_mixin.py:115} INFO - [2024-08-18 12:07:05,288] {dag.py:2379} INFO - Sync 1 DAGs
[2024-08-18 12:07:05,306] {logging_mixin.py:115} INFO - [2024-08-18 12:07:05,306] {dag.py:2927} INFO - Setting next_dagrun for example_trigger_controller_dag to 2021-01-01T00:00:00+00:00, run_after=2021-01-01T00:00:00+00:00
[2024-08-18 12:07:05,321] {processor.py:161} INFO - Processing /home/kai/.local/lib/python3.8/site-packages/airflow/example_dags/example_trigger_controller_dag.py took 0.060 seconds
[2024-08-18 12:07:37,240] {processor.py:153} INFO - Started process (PID=6007) to work on /home/kai/.local/lib/python3.8/site-packages/airflow/example_dags/example_trigger_controller_dag.py
[2024-08-18 12:07:37,242] {processor.py:641} INFO - Processing file /home/kai/.local/lib/python3.8/site-packages/airflow/example_dags/example_trigger_controller_dag.py for tasks to queue
[2024-08-18 12:07:37,242] {logging_mixin.py:115} INFO - [2024-08-18 12:07:37,242] {dagbag.py:507} INFO - Filling up the DagBag from /home/kai/.local/lib/python3.8/site-packages/airflow/example_dags/example_trigger_controller_dag.py
[2024-08-18 12:07:37,248] {processor.py:651} INFO - DAG(s) dict_keys(['example_trigger_controller_dag']) retrieved from /home/kai/.local/lib/python3.8/site-packages/airflow/example_dags/example_trigger_controller_dag.py
[2024-08-18 12:07:37,263] {logging_mixin.py:115} INFO - [2024-08-18 12:07:37,263] {dag.py:2379} INFO - Sync 1 DAGs
[2024-08-18 12:07:37,282] {logging_mixin.py:115} INFO - [2024-08-18 12:07:37,282] {dag.py:2927} INFO - Setting next_dagrun for example_trigger_controller_dag to 2021-01-01T00:00:00+00:00, run_after=2021-01-01T00:00:00+00:00
[2024-08-18 12:07:37,293] {processor.py:161} INFO - Processing /home/kai/.local/lib/python3.8/site-packages/airflow/example_dags/example_trigger_controller_dag.py took 0.055 seconds
[2024-08-18 12:08:11,633] {processor.py:153} INFO - Started process (PID=6237) to work on /home/kai/.local/lib/python3.8/site-packages/airflow/example_dags/example_trigger_controller_dag.py
[2024-08-18 12:08:11,634] {processor.py:641} INFO - Processing file /home/kai/.local/lib/python3.8/site-packages/airflow/example_dags/example_trigger_controller_dag.py for tasks to queue
[2024-08-18 12:08:11,635] {logging_mixin.py:115} INFO - [2024-08-18 12:08:11,635] {dagbag.py:507} INFO - Filling up the DagBag from /home/kai/.local/lib/python3.8/site-packages/airflow/example_dags/example_trigger_controller_dag.py
[2024-08-18 12:08:11,639] {processor.py:651} INFO - DAG(s) dict_keys(['example_trigger_controller_dag']) retrieved from /home/kai/.local/lib/python3.8/site-packages/airflow/example_dags/example_trigger_controller_dag.py
[2024-08-18 12:08:11,654] {logging_mixin.py:115} INFO - [2024-08-18 12:08:11,654] {dag.py:2379} INFO - Sync 1 DAGs
[2024-08-18 12:08:11,670] {logging_mixin.py:115} INFO - [2024-08-18 12:08:11,670] {dag.py:2927} INFO - Setting next_dagrun for example_trigger_controller_dag to 2021-01-01T00:00:00+00:00, run_after=2021-01-01T00:00:00+00:00
[2024-08-18 12:08:11,681] {processor.py:161} INFO - Processing /home/kai/.local/lib/python3.8/site-packages/airflow/example_dags/example_trigger_controller_dag.py took 0.050 seconds
[2024-08-18 12:08:42,993] {processor.py:153} INFO - Started process (PID=6393) to work on /home/kai/.local/lib/python3.8/site-packages/airflow/example_dags/example_trigger_controller_dag.py
[2024-08-18 12:08:42,994] {processor.py:641} INFO - Processing file /home/kai/.local/lib/python3.8/site-packages/airflow/example_dags/example_trigger_controller_dag.py for tasks to queue
[2024-08-18 12:08:42,995] {logging_mixin.py:115} INFO - [2024-08-18 12:08:42,995] {dagbag.py:507} INFO - Filling up the DagBag from /home/kai/.local/lib/python3.8/site-packages/airflow/example_dags/example_trigger_controller_dag.py
[2024-08-18 12:08:42,997] {processor.py:651} INFO - DAG(s) dict_keys(['example_trigger_controller_dag']) retrieved from /home/kai/.local/lib/python3.8/site-packages/airflow/example_dags/example_trigger_controller_dag.py
[2024-08-18 12:08:43,013] {logging_mixin.py:115} INFO - [2024-08-18 12:08:43,013] {dag.py:2379} INFO - Sync 1 DAGs
[2024-08-18 12:08:43,028] {logging_mixin.py:115} INFO - [2024-08-18 12:08:43,028] {dag.py:2927} INFO - Setting next_dagrun for example_trigger_controller_dag to 2021-01-01T00:00:00+00:00, run_after=2021-01-01T00:00:00+00:00
[2024-08-18 12:08:43,041] {processor.py:161} INFO - Processing /home/kai/.local/lib/python3.8/site-packages/airflow/example_dags/example_trigger_controller_dag.py took 0.049 seconds
[2024-08-18 12:09:16,816] {processor.py:153} INFO - Started process (PID=6566) to work on /home/kai/.local/lib/python3.8/site-packages/airflow/example_dags/example_trigger_controller_dag.py
[2024-08-18 12:09:16,817] {processor.py:641} INFO - Processing file /home/kai/.local/lib/python3.8/site-packages/airflow/example_dags/example_trigger_controller_dag.py for tasks to queue
[2024-08-18 12:09:16,818] {logging_mixin.py:115} INFO - [2024-08-18 12:09:16,818] {dagbag.py:507} INFO - Filling up the DagBag from /home/kai/.local/lib/python3.8/site-packages/airflow/example_dags/example_trigger_controller_dag.py
[2024-08-18 12:09:16,823] {processor.py:651} INFO - DAG(s) dict_keys(['example_trigger_controller_dag']) retrieved from /home/kai/.local/lib/python3.8/site-packages/airflow/example_dags/example_trigger_controller_dag.py
[2024-08-18 12:09:16,840] {logging_mixin.py:115} INFO - [2024-08-18 12:09:16,840] {dag.py:2379} INFO - Sync 1 DAGs
[2024-08-18 12:09:16,859] {logging_mixin.py:115} INFO - [2024-08-18 12:09:16,857] {dag.py:2927} INFO - Setting next_dagrun for example_trigger_controller_dag to 2021-01-01T00:00:00+00:00, run_after=2021-01-01T00:00:00+00:00
[2024-08-18 12:09:16,873] {processor.py:161} INFO - Processing /home/kai/.local/lib/python3.8/site-packages/airflow/example_dags/example_trigger_controller_dag.py took 0.063 seconds
[2024-08-18 12:09:49,791] {processor.py:153} INFO - Started process (PID=6733) to work on /home/kai/.local/lib/python3.8/site-packages/airflow/example_dags/example_trigger_controller_dag.py
[2024-08-18 12:09:49,791] {processor.py:641} INFO - Processing file /home/kai/.local/lib/python3.8/site-packages/airflow/example_dags/example_trigger_controller_dag.py for tasks to queue
[2024-08-18 12:09:49,792] {logging_mixin.py:115} INFO - [2024-08-18 12:09:49,792] {dagbag.py:507} INFO - Filling up the DagBag from /home/kai/.local/lib/python3.8/site-packages/airflow/example_dags/example_trigger_controller_dag.py
[2024-08-18 12:09:49,794] {processor.py:651} INFO - DAG(s) dict_keys(['example_trigger_controller_dag']) retrieved from /home/kai/.local/lib/python3.8/site-packages/airflow/example_dags/example_trigger_controller_dag.py
[2024-08-18 12:09:49,810] {logging_mixin.py:115} INFO - [2024-08-18 12:09:49,810] {dag.py:2379} INFO - Sync 1 DAGs
[2024-08-18 12:09:49,826] {logging_mixin.py:115} INFO - [2024-08-18 12:09:49,825] {dag.py:2927} INFO - Setting next_dagrun for example_trigger_controller_dag to 2021-01-01T00:00:00+00:00, run_after=2021-01-01T00:00:00+00:00
[2024-08-18 12:09:49,834] {processor.py:161} INFO - Processing /home/kai/.local/lib/python3.8/site-packages/airflow/example_dags/example_trigger_controller_dag.py took 0.046 seconds
[2024-08-18 12:10:24,041] {processor.py:153} INFO - Started process (PID=6910) to work on /home/kai/.local/lib/python3.8/site-packages/airflow/example_dags/example_trigger_controller_dag.py
[2024-08-18 12:10:24,042] {processor.py:641} INFO - Processing file /home/kai/.local/lib/python3.8/site-packages/airflow/example_dags/example_trigger_controller_dag.py for tasks to queue
[2024-08-18 12:10:24,042] {logging_mixin.py:115} INFO - [2024-08-18 12:10:24,042] {dagbag.py:507} INFO - Filling up the DagBag from /home/kai/.local/lib/python3.8/site-packages/airflow/example_dags/example_trigger_controller_dag.py
[2024-08-18 12:10:24,046] {processor.py:651} INFO - DAG(s) dict_keys(['example_trigger_controller_dag']) retrieved from /home/kai/.local/lib/python3.8/site-packages/airflow/example_dags/example_trigger_controller_dag.py
[2024-08-18 12:10:24,064] {logging_mixin.py:115} INFO - [2024-08-18 12:10:24,064] {dag.py:2379} INFO - Sync 1 DAGs
[2024-08-18 12:10:24,084] {logging_mixin.py:115} INFO - [2024-08-18 12:10:24,084] {dag.py:2927} INFO - Setting next_dagrun for example_trigger_controller_dag to 2021-01-01T00:00:00+00:00, run_after=2021-01-01T00:00:00+00:00
[2024-08-18 12:10:24,101] {processor.py:161} INFO - Processing /home/kai/.local/lib/python3.8/site-packages/airflow/example_dags/example_trigger_controller_dag.py took 0.066 seconds
[2024-08-18 12:10:56,861] {processor.py:153} INFO - Started process (PID=7072) to work on /home/kai/.local/lib/python3.8/site-packages/airflow/example_dags/example_trigger_controller_dag.py
[2024-08-18 12:10:56,861] {processor.py:641} INFO - Processing file /home/kai/.local/lib/python3.8/site-packages/airflow/example_dags/example_trigger_controller_dag.py for tasks to queue
[2024-08-18 12:10:56,862] {logging_mixin.py:115} INFO - [2024-08-18 12:10:56,862] {dagbag.py:507} INFO - Filling up the DagBag from /home/kai/.local/lib/python3.8/site-packages/airflow/example_dags/example_trigger_controller_dag.py
[2024-08-18 12:10:56,864] {processor.py:651} INFO - DAG(s) dict_keys(['example_trigger_controller_dag']) retrieved from /home/kai/.local/lib/python3.8/site-packages/airflow/example_dags/example_trigger_controller_dag.py
[2024-08-18 12:10:56,879] {logging_mixin.py:115} INFO - [2024-08-18 12:10:56,879] {dag.py:2379} INFO - Sync 1 DAGs
[2024-08-18 12:10:56,893] {logging_mixin.py:115} INFO - [2024-08-18 12:10:56,893] {dag.py:2927} INFO - Setting next_dagrun for example_trigger_controller_dag to 2021-01-01T00:00:00+00:00, run_after=2021-01-01T00:00:00+00:00
[2024-08-18 12:10:56,902] {processor.py:161} INFO - Processing /home/kai/.local/lib/python3.8/site-packages/airflow/example_dags/example_trigger_controller_dag.py took 0.044 seconds
[2024-08-18 12:11:29,373] {processor.py:153} INFO - Started process (PID=7241) to work on /home/kai/.local/lib/python3.8/site-packages/airflow/example_dags/example_trigger_controller_dag.py
[2024-08-18 12:11:29,374] {processor.py:641} INFO - Processing file /home/kai/.local/lib/python3.8/site-packages/airflow/example_dags/example_trigger_controller_dag.py for tasks to queue
[2024-08-18 12:11:29,375] {logging_mixin.py:115} INFO - [2024-08-18 12:11:29,375] {dagbag.py:507} INFO - Filling up the DagBag from /home/kai/.local/lib/python3.8/site-packages/airflow/example_dags/example_trigger_controller_dag.py
[2024-08-18 12:11:29,378] {processor.py:651} INFO - DAG(s) dict_keys(['example_trigger_controller_dag']) retrieved from /home/kai/.local/lib/python3.8/site-packages/airflow/example_dags/example_trigger_controller_dag.py
[2024-08-18 12:11:29,393] {logging_mixin.py:115} INFO - [2024-08-18 12:11:29,392] {dag.py:2379} INFO - Sync 1 DAGs
[2024-08-18 12:11:29,407] {logging_mixin.py:115} INFO - [2024-08-18 12:11:29,407] {dag.py:2927} INFO - Setting next_dagrun for example_trigger_controller_dag to 2021-01-01T00:00:00+00:00, run_after=2021-01-01T00:00:00+00:00
[2024-08-18 12:11:29,417] {processor.py:161} INFO - Processing /home/kai/.local/lib/python3.8/site-packages/airflow/example_dags/example_trigger_controller_dag.py took 0.046 seconds
[2024-08-18 12:12:05,300] {processor.py:153} INFO - Started process (PID=7405) to work on /home/kai/.local/lib/python3.8/site-packages/airflow/example_dags/example_trigger_controller_dag.py
[2024-08-18 12:12:05,301] {processor.py:641} INFO - Processing file /home/kai/.local/lib/python3.8/site-packages/airflow/example_dags/example_trigger_controller_dag.py for tasks to queue
[2024-08-18 12:12:05,302] {logging_mixin.py:115} INFO - [2024-08-18 12:12:05,302] {dagbag.py:507} INFO - Filling up the DagBag from /home/kai/.local/lib/python3.8/site-packages/airflow/example_dags/example_trigger_controller_dag.py
[2024-08-18 12:12:05,306] {processor.py:651} INFO - DAG(s) dict_keys(['example_trigger_controller_dag']) retrieved from /home/kai/.local/lib/python3.8/site-packages/airflow/example_dags/example_trigger_controller_dag.py
[2024-08-18 12:12:05,327] {logging_mixin.py:115} INFO - [2024-08-18 12:12:05,327] {dag.py:2379} INFO - Sync 1 DAGs
[2024-08-18 12:12:05,350] {logging_mixin.py:115} INFO - [2024-08-18 12:12:05,349] {dag.py:2927} INFO - Setting next_dagrun for example_trigger_controller_dag to 2021-01-01T00:00:00+00:00, run_after=2021-01-01T00:00:00+00:00
[2024-08-18 12:12:05,364] {processor.py:161} INFO - Processing /home/kai/.local/lib/python3.8/site-packages/airflow/example_dags/example_trigger_controller_dag.py took 0.066 seconds
[2024-08-18 12:12:38,382] {processor.py:153} INFO - Started process (PID=7573) to work on /home/kai/.local/lib/python3.8/site-packages/airflow/example_dags/example_trigger_controller_dag.py
[2024-08-18 12:12:38,383] {processor.py:641} INFO - Processing file /home/kai/.local/lib/python3.8/site-packages/airflow/example_dags/example_trigger_controller_dag.py for tasks to queue
[2024-08-18 12:12:38,383] {logging_mixin.py:115} INFO - [2024-08-18 12:12:38,383] {dagbag.py:507} INFO - Filling up the DagBag from /home/kai/.local/lib/python3.8/site-packages/airflow/example_dags/example_trigger_controller_dag.py
[2024-08-18 12:12:38,387] {processor.py:651} INFO - DAG(s) dict_keys(['example_trigger_controller_dag']) retrieved from /home/kai/.local/lib/python3.8/site-packages/airflow/example_dags/example_trigger_controller_dag.py
[2024-08-18 12:12:38,412] {logging_mixin.py:115} INFO - [2024-08-18 12:12:38,412] {dag.py:2379} INFO - Sync 1 DAGs
[2024-08-18 12:12:38,428] {logging_mixin.py:115} INFO - [2024-08-18 12:12:38,428] {dag.py:2927} INFO - Setting next_dagrun for example_trigger_controller_dag to 2021-01-01T00:00:00+00:00, run_after=2021-01-01T00:00:00+00:00
[2024-08-18 12:12:38,439] {processor.py:161} INFO - Processing /home/kai/.local/lib/python3.8/site-packages/airflow/example_dags/example_trigger_controller_dag.py took 0.059 seconds
[2024-08-18 12:13:09,999] {processor.py:153} INFO - Started process (PID=7786) to work on /home/kai/.local/lib/python3.8/site-packages/airflow/example_dags/example_trigger_controller_dag.py
[2024-08-18 12:13:10,000] {processor.py:641} INFO - Processing file /home/kai/.local/lib/python3.8/site-packages/airflow/example_dags/example_trigger_controller_dag.py for tasks to queue
[2024-08-18 12:13:10,001] {logging_mixin.py:115} INFO - [2024-08-18 12:13:10,001] {dagbag.py:507} INFO - Filling up the DagBag from /home/kai/.local/lib/python3.8/site-packages/airflow/example_dags/example_trigger_controller_dag.py
[2024-08-18 12:13:10,003] {processor.py:651} INFO - DAG(s) dict_keys(['example_trigger_controller_dag']) retrieved from /home/kai/.local/lib/python3.8/site-packages/airflow/example_dags/example_trigger_controller_dag.py
[2024-08-18 12:13:10,018] {logging_mixin.py:115} INFO - [2024-08-18 12:13:10,018] {dag.py:2379} INFO - Sync 1 DAGs
[2024-08-18 12:13:10,032] {logging_mixin.py:115} INFO - [2024-08-18 12:13:10,032] {dag.py:2927} INFO - Setting next_dagrun for example_trigger_controller_dag to 2021-01-01T00:00:00+00:00, run_after=2021-01-01T00:00:00+00:00
[2024-08-18 12:13:10,044] {processor.py:161} INFO - Processing /home/kai/.local/lib/python3.8/site-packages/airflow/example_dags/example_trigger_controller_dag.py took 0.048 seconds
[2024-08-18 12:13:41,736] {processor.py:153} INFO - Started process (PID=7945) to work on /home/kai/.local/lib/python3.8/site-packages/airflow/example_dags/example_trigger_controller_dag.py
[2024-08-18 12:13:41,737] {processor.py:641} INFO - Processing file /home/kai/.local/lib/python3.8/site-packages/airflow/example_dags/example_trigger_controller_dag.py for tasks to queue
[2024-08-18 12:13:41,738] {logging_mixin.py:115} INFO - [2024-08-18 12:13:41,738] {dagbag.py:507} INFO - Filling up the DagBag from /home/kai/.local/lib/python3.8/site-packages/airflow/example_dags/example_trigger_controller_dag.py
[2024-08-18 12:13:41,742] {processor.py:651} INFO - DAG(s) dict_keys(['example_trigger_controller_dag']) retrieved from /home/kai/.local/lib/python3.8/site-packages/airflow/example_dags/example_trigger_controller_dag.py
[2024-08-18 12:13:41,764] {logging_mixin.py:115} INFO - [2024-08-18 12:13:41,764] {dag.py:2379} INFO - Sync 1 DAGs
[2024-08-18 12:13:41,782] {logging_mixin.py:115} INFO - [2024-08-18 12:13:41,782] {dag.py:2927} INFO - Setting next_dagrun for example_trigger_controller_dag to 2021-01-01T00:00:00+00:00, run_after=2021-01-01T00:00:00+00:00
[2024-08-18 12:13:41,796] {processor.py:161} INFO - Processing /home/kai/.local/lib/python3.8/site-packages/airflow/example_dags/example_trigger_controller_dag.py took 0.063 seconds
[2024-08-18 12:14:14,926] {processor.py:153} INFO - Started process (PID=8113) to work on /home/kai/.local/lib/python3.8/site-packages/airflow/example_dags/example_trigger_controller_dag.py
[2024-08-18 12:14:14,927] {processor.py:641} INFO - Processing file /home/kai/.local/lib/python3.8/site-packages/airflow/example_dags/example_trigger_controller_dag.py for tasks to queue
[2024-08-18 12:14:14,928] {logging_mixin.py:115} INFO - [2024-08-18 12:14:14,928] {dagbag.py:507} INFO - Filling up the DagBag from /home/kai/.local/lib/python3.8/site-packages/airflow/example_dags/example_trigger_controller_dag.py
[2024-08-18 12:14:14,931] {processor.py:651} INFO - DAG(s) dict_keys(['example_trigger_controller_dag']) retrieved from /home/kai/.local/lib/python3.8/site-packages/airflow/example_dags/example_trigger_controller_dag.py
[2024-08-18 12:14:14,945] {logging_mixin.py:115} INFO - [2024-08-18 12:14:14,945] {dag.py:2379} INFO - Sync 1 DAGs
[2024-08-18 12:14:14,960] {logging_mixin.py:115} INFO - [2024-08-18 12:14:14,960] {dag.py:2927} INFO - Setting next_dagrun for example_trigger_controller_dag to 2021-01-01T00:00:00+00:00, run_after=2021-01-01T00:00:00+00:00
[2024-08-18 12:14:14,973] {processor.py:161} INFO - Processing /home/kai/.local/lib/python3.8/site-packages/airflow/example_dags/example_trigger_controller_dag.py took 0.050 seconds
[2024-08-18 12:14:49,627] {processor.py:153} INFO - Started process (PID=8285) to work on /home/kai/.local/lib/python3.8/site-packages/airflow/example_dags/example_trigger_controller_dag.py
[2024-08-18 12:14:49,628] {processor.py:641} INFO - Processing file /home/kai/.local/lib/python3.8/site-packages/airflow/example_dags/example_trigger_controller_dag.py for tasks to queue
[2024-08-18 12:14:49,628] {logging_mixin.py:115} INFO - [2024-08-18 12:14:49,628] {dagbag.py:507} INFO - Filling up the DagBag from /home/kai/.local/lib/python3.8/site-packages/airflow/example_dags/example_trigger_controller_dag.py
[2024-08-18 12:14:49,631] {processor.py:651} INFO - DAG(s) dict_keys(['example_trigger_controller_dag']) retrieved from /home/kai/.local/lib/python3.8/site-packages/airflow/example_dags/example_trigger_controller_dag.py
[2024-08-18 12:14:49,646] {logging_mixin.py:115} INFO - [2024-08-18 12:14:49,646] {dag.py:2379} INFO - Sync 1 DAGs
[2024-08-18 12:14:49,661] {logging_mixin.py:115} INFO - [2024-08-18 12:14:49,661] {dag.py:2927} INFO - Setting next_dagrun for example_trigger_controller_dag to 2021-01-01T00:00:00+00:00, run_after=2021-01-01T00:00:00+00:00
[2024-08-18 12:14:49,671] {processor.py:161} INFO - Processing /home/kai/.local/lib/python3.8/site-packages/airflow/example_dags/example_trigger_controller_dag.py took 0.046 seconds
[2024-08-18 12:15:22,747] {processor.py:153} INFO - Started process (PID=8455) to work on /home/kai/.local/lib/python3.8/site-packages/airflow/example_dags/example_trigger_controller_dag.py
[2024-08-18 12:15:22,748] {processor.py:641} INFO - Processing file /home/kai/.local/lib/python3.8/site-packages/airflow/example_dags/example_trigger_controller_dag.py for tasks to queue
[2024-08-18 12:15:22,748] {logging_mixin.py:115} INFO - [2024-08-18 12:15:22,748] {dagbag.py:507} INFO - Filling up the DagBag from /home/kai/.local/lib/python3.8/site-packages/airflow/example_dags/example_trigger_controller_dag.py
[2024-08-18 12:15:22,751] {processor.py:651} INFO - DAG(s) dict_keys(['example_trigger_controller_dag']) retrieved from /home/kai/.local/lib/python3.8/site-packages/airflow/example_dags/example_trigger_controller_dag.py
[2024-08-18 12:15:22,765] {logging_mixin.py:115} INFO - [2024-08-18 12:15:22,765] {dag.py:2379} INFO - Sync 1 DAGs
[2024-08-18 12:15:22,780] {logging_mixin.py:115} INFO - [2024-08-18 12:15:22,780] {dag.py:2927} INFO - Setting next_dagrun for example_trigger_controller_dag to 2021-01-01T00:00:00+00:00, run_after=2021-01-01T00:00:00+00:00
[2024-08-18 12:15:22,790] {processor.py:161} INFO - Processing /home/kai/.local/lib/python3.8/site-packages/airflow/example_dags/example_trigger_controller_dag.py took 0.045 seconds
[2024-08-18 12:15:55,424] {processor.py:153} INFO - Started process (PID=8622) to work on /home/kai/.local/lib/python3.8/site-packages/airflow/example_dags/example_trigger_controller_dag.py
[2024-08-18 12:15:55,425] {processor.py:641} INFO - Processing file /home/kai/.local/lib/python3.8/site-packages/airflow/example_dags/example_trigger_controller_dag.py for tasks to queue
[2024-08-18 12:15:55,426] {logging_mixin.py:115} INFO - [2024-08-18 12:15:55,426] {dagbag.py:507} INFO - Filling up the DagBag from /home/kai/.local/lib/python3.8/site-packages/airflow/example_dags/example_trigger_controller_dag.py
[2024-08-18 12:15:55,429] {processor.py:651} INFO - DAG(s) dict_keys(['example_trigger_controller_dag']) retrieved from /home/kai/.local/lib/python3.8/site-packages/airflow/example_dags/example_trigger_controller_dag.py
[2024-08-18 12:15:55,446] {logging_mixin.py:115} INFO - [2024-08-18 12:15:55,446] {dag.py:2379} INFO - Sync 1 DAGs
[2024-08-18 12:15:55,463] {logging_mixin.py:115} INFO - [2024-08-18 12:15:55,463] {dag.py:2927} INFO - Setting next_dagrun for example_trigger_controller_dag to 2021-01-01T00:00:00+00:00, run_after=2021-01-01T00:00:00+00:00
[2024-08-18 12:15:55,476] {processor.py:161} INFO - Processing /home/kai/.local/lib/python3.8/site-packages/airflow/example_dags/example_trigger_controller_dag.py took 0.055 seconds
[2024-08-18 12:16:28,403] {processor.py:153} INFO - Started process (PID=8790) to work on /home/kai/.local/lib/python3.8/site-packages/airflow/example_dags/example_trigger_controller_dag.py
[2024-08-18 12:16:28,404] {processor.py:641} INFO - Processing file /home/kai/.local/lib/python3.8/site-packages/airflow/example_dags/example_trigger_controller_dag.py for tasks to queue
[2024-08-18 12:16:28,405] {logging_mixin.py:115} INFO - [2024-08-18 12:16:28,404] {dagbag.py:507} INFO - Filling up the DagBag from /home/kai/.local/lib/python3.8/site-packages/airflow/example_dags/example_trigger_controller_dag.py
[2024-08-18 12:16:28,408] {processor.py:651} INFO - DAG(s) dict_keys(['example_trigger_controller_dag']) retrieved from /home/kai/.local/lib/python3.8/site-packages/airflow/example_dags/example_trigger_controller_dag.py
[2024-08-18 12:16:28,423] {logging_mixin.py:115} INFO - [2024-08-18 12:16:28,423] {dag.py:2379} INFO - Sync 1 DAGs
[2024-08-18 12:16:28,438] {logging_mixin.py:115} INFO - [2024-08-18 12:16:28,438] {dag.py:2927} INFO - Setting next_dagrun for example_trigger_controller_dag to 2021-01-01T00:00:00+00:00, run_after=2021-01-01T00:00:00+00:00
[2024-08-18 12:16:28,449] {processor.py:161} INFO - Processing /home/kai/.local/lib/python3.8/site-packages/airflow/example_dags/example_trigger_controller_dag.py took 0.049 seconds
[2024-08-18 12:17:00,260] {processor.py:153} INFO - Started process (PID=8947) to work on /home/kai/.local/lib/python3.8/site-packages/airflow/example_dags/example_trigger_controller_dag.py
[2024-08-18 12:17:00,261] {processor.py:641} INFO - Processing file /home/kai/.local/lib/python3.8/site-packages/airflow/example_dags/example_trigger_controller_dag.py for tasks to queue
[2024-08-18 12:17:00,261] {logging_mixin.py:115} INFO - [2024-08-18 12:17:00,261] {dagbag.py:507} INFO - Filling up the DagBag from /home/kai/.local/lib/python3.8/site-packages/airflow/example_dags/example_trigger_controller_dag.py
[2024-08-18 12:17:00,264] {processor.py:651} INFO - DAG(s) dict_keys(['example_trigger_controller_dag']) retrieved from /home/kai/.local/lib/python3.8/site-packages/airflow/example_dags/example_trigger_controller_dag.py
[2024-08-18 12:17:00,284] {logging_mixin.py:115} INFO - [2024-08-18 12:17:00,284] {dag.py:2379} INFO - Sync 1 DAGs
[2024-08-18 12:17:00,299] {logging_mixin.py:115} INFO - [2024-08-18 12:17:00,299] {dag.py:2927} INFO - Setting next_dagrun for example_trigger_controller_dag to 2021-01-01T00:00:00+00:00, run_after=2021-01-01T00:00:00+00:00
[2024-08-18 12:17:00,308] {processor.py:161} INFO - Processing /home/kai/.local/lib/python3.8/site-packages/airflow/example_dags/example_trigger_controller_dag.py took 0.052 seconds
[2024-08-18 12:17:31,499] {processor.py:153} INFO - Started process (PID=9117) to work on /home/kai/.local/lib/python3.8/site-packages/airflow/example_dags/example_trigger_controller_dag.py
[2024-08-18 12:17:31,500] {processor.py:641} INFO - Processing file /home/kai/.local/lib/python3.8/site-packages/airflow/example_dags/example_trigger_controller_dag.py for tasks to queue
[2024-08-18 12:17:31,500] {logging_mixin.py:115} INFO - [2024-08-18 12:17:31,500] {dagbag.py:507} INFO - Filling up the DagBag from /home/kai/.local/lib/python3.8/site-packages/airflow/example_dags/example_trigger_controller_dag.py
[2024-08-18 12:17:31,503] {processor.py:651} INFO - DAG(s) dict_keys(['example_trigger_controller_dag']) retrieved from /home/kai/.local/lib/python3.8/site-packages/airflow/example_dags/example_trigger_controller_dag.py
[2024-08-18 12:17:31,520] {logging_mixin.py:115} INFO - [2024-08-18 12:17:31,520] {dag.py:2379} INFO - Sync 1 DAGs
[2024-08-18 12:17:31,535] {logging_mixin.py:115} INFO - [2024-08-18 12:17:31,535] {dag.py:2927} INFO - Setting next_dagrun for example_trigger_controller_dag to 2021-01-01T00:00:00+00:00, run_after=2021-01-01T00:00:00+00:00
[2024-08-18 12:17:31,547] {processor.py:161} INFO - Processing /home/kai/.local/lib/python3.8/site-packages/airflow/example_dags/example_trigger_controller_dag.py took 0.050 seconds
[2024-08-18 12:18:04,860] {processor.py:153} INFO - Started process (PID=9338) to work on /home/kai/.local/lib/python3.8/site-packages/airflow/example_dags/example_trigger_controller_dag.py
[2024-08-18 12:18:04,862] {processor.py:641} INFO - Processing file /home/kai/.local/lib/python3.8/site-packages/airflow/example_dags/example_trigger_controller_dag.py for tasks to queue
[2024-08-18 12:18:04,862] {logging_mixin.py:115} INFO - [2024-08-18 12:18:04,862] {dagbag.py:507} INFO - Filling up the DagBag from /home/kai/.local/lib/python3.8/site-packages/airflow/example_dags/example_trigger_controller_dag.py
[2024-08-18 12:18:04,866] {processor.py:651} INFO - DAG(s) dict_keys(['example_trigger_controller_dag']) retrieved from /home/kai/.local/lib/python3.8/site-packages/airflow/example_dags/example_trigger_controller_dag.py
[2024-08-18 12:18:04,885] {logging_mixin.py:115} INFO - [2024-08-18 12:18:04,885] {dag.py:2379} INFO - Sync 1 DAGs
[2024-08-18 12:18:04,904] {logging_mixin.py:115} INFO - [2024-08-18 12:18:04,904] {dag.py:2927} INFO - Setting next_dagrun for example_trigger_controller_dag to 2021-01-01T00:00:00+00:00, run_after=2021-01-01T00:00:00+00:00
[2024-08-18 12:18:04,921] {processor.py:161} INFO - Processing /home/kai/.local/lib/python3.8/site-packages/airflow/example_dags/example_trigger_controller_dag.py took 0.063 seconds
[2024-08-18 12:18:39,645] {processor.py:153} INFO - Started process (PID=9517) to work on /home/kai/.local/lib/python3.8/site-packages/airflow/example_dags/example_trigger_controller_dag.py
[2024-08-18 12:18:39,646] {processor.py:641} INFO - Processing file /home/kai/.local/lib/python3.8/site-packages/airflow/example_dags/example_trigger_controller_dag.py for tasks to queue
[2024-08-18 12:18:39,646] {logging_mixin.py:115} INFO - [2024-08-18 12:18:39,646] {dagbag.py:507} INFO - Filling up the DagBag from /home/kai/.local/lib/python3.8/site-packages/airflow/example_dags/example_trigger_controller_dag.py
[2024-08-18 12:18:39,649] {processor.py:651} INFO - DAG(s) dict_keys(['example_trigger_controller_dag']) retrieved from /home/kai/.local/lib/python3.8/site-packages/airflow/example_dags/example_trigger_controller_dag.py
[2024-08-18 12:18:39,665] {logging_mixin.py:115} INFO - [2024-08-18 12:18:39,665] {dag.py:2379} INFO - Sync 1 DAGs
[2024-08-18 12:18:39,680] {logging_mixin.py:115} INFO - [2024-08-18 12:18:39,680] {dag.py:2927} INFO - Setting next_dagrun for example_trigger_controller_dag to 2021-01-01T00:00:00+00:00, run_after=2021-01-01T00:00:00+00:00
[2024-08-18 12:18:39,693] {processor.py:161} INFO - Processing /home/kai/.local/lib/python3.8/site-packages/airflow/example_dags/example_trigger_controller_dag.py took 0.051 seconds
[2024-08-18 12:19:13,469] {processor.py:153} INFO - Started process (PID=9689) to work on /home/kai/.local/lib/python3.8/site-packages/airflow/example_dags/example_trigger_controller_dag.py
[2024-08-18 12:19:13,470] {processor.py:641} INFO - Processing file /home/kai/.local/lib/python3.8/site-packages/airflow/example_dags/example_trigger_controller_dag.py for tasks to queue
[2024-08-18 12:19:13,471] {logging_mixin.py:115} INFO - [2024-08-18 12:19:13,471] {dagbag.py:507} INFO - Filling up the DagBag from /home/kai/.local/lib/python3.8/site-packages/airflow/example_dags/example_trigger_controller_dag.py
[2024-08-18 12:19:13,475] {processor.py:651} INFO - DAG(s) dict_keys(['example_trigger_controller_dag']) retrieved from /home/kai/.local/lib/python3.8/site-packages/airflow/example_dags/example_trigger_controller_dag.py
[2024-08-18 12:19:13,501] {logging_mixin.py:115} INFO - [2024-08-18 12:19:13,501] {dag.py:2379} INFO - Sync 1 DAGs
[2024-08-18 12:19:13,522] {logging_mixin.py:115} INFO - [2024-08-18 12:19:13,522] {dag.py:2927} INFO - Setting next_dagrun for example_trigger_controller_dag to 2021-01-01T00:00:00+00:00, run_after=2021-01-01T00:00:00+00:00
[2024-08-18 12:19:13,534] {processor.py:161} INFO - Processing /home/kai/.local/lib/python3.8/site-packages/airflow/example_dags/example_trigger_controller_dag.py took 0.067 seconds
[2024-08-18 12:19:46,357] {processor.py:153} INFO - Started process (PID=9847) to work on /home/kai/.local/lib/python3.8/site-packages/airflow/example_dags/example_trigger_controller_dag.py
[2024-08-18 12:19:46,358] {processor.py:641} INFO - Processing file /home/kai/.local/lib/python3.8/site-packages/airflow/example_dags/example_trigger_controller_dag.py for tasks to queue
[2024-08-18 12:19:46,359] {logging_mixin.py:115} INFO - [2024-08-18 12:19:46,359] {dagbag.py:507} INFO - Filling up the DagBag from /home/kai/.local/lib/python3.8/site-packages/airflow/example_dags/example_trigger_controller_dag.py
[2024-08-18 12:19:46,366] {processor.py:651} INFO - DAG(s) dict_keys(['example_trigger_controller_dag']) retrieved from /home/kai/.local/lib/python3.8/site-packages/airflow/example_dags/example_trigger_controller_dag.py
[2024-08-18 12:19:46,384] {logging_mixin.py:115} INFO - [2024-08-18 12:19:46,384] {dag.py:2379} INFO - Sync 1 DAGs
[2024-08-18 12:19:46,418] {logging_mixin.py:115} INFO - [2024-08-18 12:19:46,417] {dag.py:2927} INFO - Setting next_dagrun for example_trigger_controller_dag to 2021-01-01T00:00:00+00:00, run_after=2021-01-01T00:00:00+00:00
[2024-08-18 12:19:46,430] {processor.py:161} INFO - Processing /home/kai/.local/lib/python3.8/site-packages/airflow/example_dags/example_trigger_controller_dag.py took 0.075 seconds
[2024-08-18 12:20:20,155] {processor.py:153} INFO - Started process (PID=10019) to work on /home/kai/.local/lib/python3.8/site-packages/airflow/example_dags/example_trigger_controller_dag.py
[2024-08-18 12:20:20,156] {processor.py:641} INFO - Processing file /home/kai/.local/lib/python3.8/site-packages/airflow/example_dags/example_trigger_controller_dag.py for tasks to queue
[2024-08-18 12:20:20,156] {logging_mixin.py:115} INFO - [2024-08-18 12:20:20,156] {dagbag.py:507} INFO - Filling up the DagBag from /home/kai/.local/lib/python3.8/site-packages/airflow/example_dags/example_trigger_controller_dag.py
[2024-08-18 12:20:20,159] {processor.py:651} INFO - DAG(s) dict_keys(['example_trigger_controller_dag']) retrieved from /home/kai/.local/lib/python3.8/site-packages/airflow/example_dags/example_trigger_controller_dag.py
[2024-08-18 12:20:20,178] {logging_mixin.py:115} INFO - [2024-08-18 12:20:20,178] {dag.py:2379} INFO - Sync 1 DAGs
[2024-08-18 12:20:20,196] {logging_mixin.py:115} INFO - [2024-08-18 12:20:20,196] {dag.py:2927} INFO - Setting next_dagrun for example_trigger_controller_dag to 2021-01-01T00:00:00+00:00, run_after=2021-01-01T00:00:00+00:00
[2024-08-18 12:20:20,206] {processor.py:161} INFO - Processing /home/kai/.local/lib/python3.8/site-packages/airflow/example_dags/example_trigger_controller_dag.py took 0.054 seconds
[2024-08-18 12:20:55,056] {processor.py:153} INFO - Started process (PID=10198) to work on /home/kai/.local/lib/python3.8/site-packages/airflow/example_dags/example_trigger_controller_dag.py
[2024-08-18 12:20:55,057] {processor.py:641} INFO - Processing file /home/kai/.local/lib/python3.8/site-packages/airflow/example_dags/example_trigger_controller_dag.py for tasks to queue
[2024-08-18 12:20:55,057] {logging_mixin.py:115} INFO - [2024-08-18 12:20:55,057] {dagbag.py:507} INFO - Filling up the DagBag from /home/kai/.local/lib/python3.8/site-packages/airflow/example_dags/example_trigger_controller_dag.py
[2024-08-18 12:20:55,062] {processor.py:651} INFO - DAG(s) dict_keys(['example_trigger_controller_dag']) retrieved from /home/kai/.local/lib/python3.8/site-packages/airflow/example_dags/example_trigger_controller_dag.py
[2024-08-18 12:20:55,076] {logging_mixin.py:115} INFO - [2024-08-18 12:20:55,075] {dag.py:2379} INFO - Sync 1 DAGs
[2024-08-18 12:20:55,099] {logging_mixin.py:115} INFO - [2024-08-18 12:20:55,099] {dag.py:2927} INFO - Setting next_dagrun for example_trigger_controller_dag to 2021-01-01T00:00:00+00:00, run_after=2021-01-01T00:00:00+00:00
[2024-08-18 12:20:55,111] {processor.py:161} INFO - Processing /home/kai/.local/lib/python3.8/site-packages/airflow/example_dags/example_trigger_controller_dag.py took 0.057 seconds
[2024-08-18 12:21:28,838] {processor.py:153} INFO - Started process (PID=10375) to work on /home/kai/.local/lib/python3.8/site-packages/airflow/example_dags/example_trigger_controller_dag.py
[2024-08-18 12:21:28,839] {processor.py:641} INFO - Processing file /home/kai/.local/lib/python3.8/site-packages/airflow/example_dags/example_trigger_controller_dag.py for tasks to queue
[2024-08-18 12:21:28,839] {logging_mixin.py:115} INFO - [2024-08-18 12:21:28,839] {dagbag.py:507} INFO - Filling up the DagBag from /home/kai/.local/lib/python3.8/site-packages/airflow/example_dags/example_trigger_controller_dag.py
[2024-08-18 12:21:28,842] {processor.py:651} INFO - DAG(s) dict_keys(['example_trigger_controller_dag']) retrieved from /home/kai/.local/lib/python3.8/site-packages/airflow/example_dags/example_trigger_controller_dag.py
[2024-08-18 12:21:28,858] {logging_mixin.py:115} INFO - [2024-08-18 12:21:28,858] {dag.py:2379} INFO - Sync 1 DAGs
[2024-08-18 12:21:28,881] {logging_mixin.py:115} INFO - [2024-08-18 12:21:28,881] {dag.py:2927} INFO - Setting next_dagrun for example_trigger_controller_dag to 2021-01-01T00:00:00+00:00, run_after=2021-01-01T00:00:00+00:00
[2024-08-18 12:21:28,894] {processor.py:161} INFO - Processing /home/kai/.local/lib/python3.8/site-packages/airflow/example_dags/example_trigger_controller_dag.py took 0.059 seconds
[2024-08-18 12:22:03,946] {processor.py:153} INFO - Started process (PID=10549) to work on /home/kai/.local/lib/python3.8/site-packages/airflow/example_dags/example_trigger_controller_dag.py
[2024-08-18 12:22:03,948] {processor.py:641} INFO - Processing file /home/kai/.local/lib/python3.8/site-packages/airflow/example_dags/example_trigger_controller_dag.py for tasks to queue
[2024-08-18 12:22:03,949] {logging_mixin.py:115} INFO - [2024-08-18 12:22:03,949] {dagbag.py:507} INFO - Filling up the DagBag from /home/kai/.local/lib/python3.8/site-packages/airflow/example_dags/example_trigger_controller_dag.py
[2024-08-18 12:22:03,953] {processor.py:651} INFO - DAG(s) dict_keys(['example_trigger_controller_dag']) retrieved from /home/kai/.local/lib/python3.8/site-packages/airflow/example_dags/example_trigger_controller_dag.py
[2024-08-18 12:22:03,978] {logging_mixin.py:115} INFO - [2024-08-18 12:22:03,978] {dag.py:2379} INFO - Sync 1 DAGs
[2024-08-18 12:22:04,006] {logging_mixin.py:115} INFO - [2024-08-18 12:22:04,006] {dag.py:2927} INFO - Setting next_dagrun for example_trigger_controller_dag to 2021-01-01T00:00:00+00:00, run_after=2021-01-01T00:00:00+00:00
[2024-08-18 12:22:04,027] {processor.py:161} INFO - Processing /home/kai/.local/lib/python3.8/site-packages/airflow/example_dags/example_trigger_controller_dag.py took 0.085 seconds
[2024-08-18 12:22:36,444] {processor.py:153} INFO - Started process (PID=10720) to work on /home/kai/.local/lib/python3.8/site-packages/airflow/example_dags/example_trigger_controller_dag.py
[2024-08-18 12:22:36,446] {processor.py:641} INFO - Processing file /home/kai/.local/lib/python3.8/site-packages/airflow/example_dags/example_trigger_controller_dag.py for tasks to queue
[2024-08-18 12:22:36,447] {logging_mixin.py:115} INFO - [2024-08-18 12:22:36,447] {dagbag.py:507} INFO - Filling up the DagBag from /home/kai/.local/lib/python3.8/site-packages/airflow/example_dags/example_trigger_controller_dag.py
[2024-08-18 12:22:36,450] {processor.py:651} INFO - DAG(s) dict_keys(['example_trigger_controller_dag']) retrieved from /home/kai/.local/lib/python3.8/site-packages/airflow/example_dags/example_trigger_controller_dag.py
[2024-08-18 12:22:36,471] {logging_mixin.py:115} INFO - [2024-08-18 12:22:36,471] {dag.py:2379} INFO - Sync 1 DAGs
[2024-08-18 12:22:36,496] {logging_mixin.py:115} INFO - [2024-08-18 12:22:36,496] {dag.py:2927} INFO - Setting next_dagrun for example_trigger_controller_dag to 2021-01-01T00:00:00+00:00, run_after=2021-01-01T00:00:00+00:00
[2024-08-18 12:22:36,548] {processor.py:161} INFO - Processing /home/kai/.local/lib/python3.8/site-packages/airflow/example_dags/example_trigger_controller_dag.py took 0.108 seconds
[2024-08-18 12:23:08,335] {processor.py:153} INFO - Started process (PID=10986) to work on /home/kai/.local/lib/python3.8/site-packages/airflow/example_dags/example_trigger_controller_dag.py
[2024-08-18 12:23:08,335] {processor.py:641} INFO - Processing file /home/kai/.local/lib/python3.8/site-packages/airflow/example_dags/example_trigger_controller_dag.py for tasks to queue
[2024-08-18 12:23:08,336] {logging_mixin.py:115} INFO - [2024-08-18 12:23:08,336] {dagbag.py:507} INFO - Filling up the DagBag from /home/kai/.local/lib/python3.8/site-packages/airflow/example_dags/example_trigger_controller_dag.py
[2024-08-18 12:23:08,339] {processor.py:651} INFO - DAG(s) dict_keys(['example_trigger_controller_dag']) retrieved from /home/kai/.local/lib/python3.8/site-packages/airflow/example_dags/example_trigger_controller_dag.py
[2024-08-18 12:23:08,359] {logging_mixin.py:115} INFO - [2024-08-18 12:23:08,359] {dag.py:2379} INFO - Sync 1 DAGs
[2024-08-18 12:23:08,378] {logging_mixin.py:115} INFO - [2024-08-18 12:23:08,378] {dag.py:2927} INFO - Setting next_dagrun for example_trigger_controller_dag to 2021-01-01T00:00:00+00:00, run_after=2021-01-01T00:00:00+00:00
[2024-08-18 12:23:08,391] {processor.py:161} INFO - Processing /home/kai/.local/lib/python3.8/site-packages/airflow/example_dags/example_trigger_controller_dag.py took 0.059 seconds
[2024-08-18 12:23:43,305] {processor.py:153} INFO - Started process (PID=11160) to work on /home/kai/.local/lib/python3.8/site-packages/airflow/example_dags/example_trigger_controller_dag.py
[2024-08-18 12:23:43,307] {processor.py:641} INFO - Processing file /home/kai/.local/lib/python3.8/site-packages/airflow/example_dags/example_trigger_controller_dag.py for tasks to queue
[2024-08-18 12:23:43,308] {logging_mixin.py:115} INFO - [2024-08-18 12:23:43,308] {dagbag.py:507} INFO - Filling up the DagBag from /home/kai/.local/lib/python3.8/site-packages/airflow/example_dags/example_trigger_controller_dag.py
[2024-08-18 12:23:43,311] {processor.py:651} INFO - DAG(s) dict_keys(['example_trigger_controller_dag']) retrieved from /home/kai/.local/lib/python3.8/site-packages/airflow/example_dags/example_trigger_controller_dag.py
[2024-08-18 12:23:43,327] {logging_mixin.py:115} INFO - [2024-08-18 12:23:43,327] {dag.py:2379} INFO - Sync 1 DAGs
[2024-08-18 12:23:43,344] {logging_mixin.py:115} INFO - [2024-08-18 12:23:43,344] {dag.py:2927} INFO - Setting next_dagrun for example_trigger_controller_dag to 2021-01-01T00:00:00+00:00, run_after=2021-01-01T00:00:00+00:00
[2024-08-18 12:23:43,368] {processor.py:161} INFO - Processing /home/kai/.local/lib/python3.8/site-packages/airflow/example_dags/example_trigger_controller_dag.py took 0.066 seconds
[2024-08-18 12:24:16,594] {processor.py:153} INFO - Started process (PID=11333) to work on /home/kai/.local/lib/python3.8/site-packages/airflow/example_dags/example_trigger_controller_dag.py
[2024-08-18 12:24:16,595] {processor.py:641} INFO - Processing file /home/kai/.local/lib/python3.8/site-packages/airflow/example_dags/example_trigger_controller_dag.py for tasks to queue
[2024-08-18 12:24:16,596] {logging_mixin.py:115} INFO - [2024-08-18 12:24:16,596] {dagbag.py:507} INFO - Filling up the DagBag from /home/kai/.local/lib/python3.8/site-packages/airflow/example_dags/example_trigger_controller_dag.py
[2024-08-18 12:24:16,600] {processor.py:651} INFO - DAG(s) dict_keys(['example_trigger_controller_dag']) retrieved from /home/kai/.local/lib/python3.8/site-packages/airflow/example_dags/example_trigger_controller_dag.py
[2024-08-18 12:24:16,621] {logging_mixin.py:115} INFO - [2024-08-18 12:24:16,621] {dag.py:2379} INFO - Sync 1 DAGs
[2024-08-18 12:24:16,649] {logging_mixin.py:115} INFO - [2024-08-18 12:24:16,649] {dag.py:2927} INFO - Setting next_dagrun for example_trigger_controller_dag to 2021-01-01T00:00:00+00:00, run_after=2021-01-01T00:00:00+00:00
[2024-08-18 12:24:16,669] {processor.py:161} INFO - Processing /home/kai/.local/lib/python3.8/site-packages/airflow/example_dags/example_trigger_controller_dag.py took 0.081 seconds
[2024-08-18 12:24:50,759] {processor.py:153} INFO - Started process (PID=11503) to work on /home/kai/.local/lib/python3.8/site-packages/airflow/example_dags/example_trigger_controller_dag.py
[2024-08-18 12:24:50,761] {processor.py:641} INFO - Processing file /home/kai/.local/lib/python3.8/site-packages/airflow/example_dags/example_trigger_controller_dag.py for tasks to queue
[2024-08-18 12:24:50,762] {logging_mixin.py:115} INFO - [2024-08-18 12:24:50,762] {dagbag.py:507} INFO - Filling up the DagBag from /home/kai/.local/lib/python3.8/site-packages/airflow/example_dags/example_trigger_controller_dag.py
[2024-08-18 12:24:50,766] {processor.py:651} INFO - DAG(s) dict_keys(['example_trigger_controller_dag']) retrieved from /home/kai/.local/lib/python3.8/site-packages/airflow/example_dags/example_trigger_controller_dag.py
[2024-08-18 12:24:50,795] {logging_mixin.py:115} INFO - [2024-08-18 12:24:50,795] {dag.py:2379} INFO - Sync 1 DAGs
[2024-08-18 12:24:50,821] {logging_mixin.py:115} INFO - [2024-08-18 12:24:50,820] {dag.py:2927} INFO - Setting next_dagrun for example_trigger_controller_dag to 2021-01-01T00:00:00+00:00, run_after=2021-01-01T00:00:00+00:00
[2024-08-18 12:24:50,839] {processor.py:161} INFO - Processing /home/kai/.local/lib/python3.8/site-packages/airflow/example_dags/example_trigger_controller_dag.py took 0.086 seconds
[2024-08-18 12:25:23,745] {processor.py:153} INFO - Started process (PID=11669) to work on /home/kai/.local/lib/python3.8/site-packages/airflow/example_dags/example_trigger_controller_dag.py
[2024-08-18 12:25:23,745] {processor.py:641} INFO - Processing file /home/kai/.local/lib/python3.8/site-packages/airflow/example_dags/example_trigger_controller_dag.py for tasks to queue
[2024-08-18 12:25:23,746] {logging_mixin.py:115} INFO - [2024-08-18 12:25:23,746] {dagbag.py:507} INFO - Filling up the DagBag from /home/kai/.local/lib/python3.8/site-packages/airflow/example_dags/example_trigger_controller_dag.py
[2024-08-18 12:25:23,751] {processor.py:651} INFO - DAG(s) dict_keys(['example_trigger_controller_dag']) retrieved from /home/kai/.local/lib/python3.8/site-packages/airflow/example_dags/example_trigger_controller_dag.py
[2024-08-18 12:25:23,778] {logging_mixin.py:115} INFO - [2024-08-18 12:25:23,778] {dag.py:2379} INFO - Sync 1 DAGs
[2024-08-18 12:25:23,805] {logging_mixin.py:115} INFO - [2024-08-18 12:25:23,805] {dag.py:2927} INFO - Setting next_dagrun for example_trigger_controller_dag to 2021-01-01T00:00:00+00:00, run_after=2021-01-01T00:00:00+00:00
[2024-08-18 12:25:23,818] {processor.py:161} INFO - Processing /home/kai/.local/lib/python3.8/site-packages/airflow/example_dags/example_trigger_controller_dag.py took 0.077 seconds
[2024-08-18 12:26:00,451] {processor.py:153} INFO - Started process (PID=11849) to work on /home/kai/.local/lib/python3.8/site-packages/airflow/example_dags/example_trigger_controller_dag.py
[2024-08-18 12:26:00,452] {processor.py:641} INFO - Processing file /home/kai/.local/lib/python3.8/site-packages/airflow/example_dags/example_trigger_controller_dag.py for tasks to queue
[2024-08-18 12:26:00,452] {logging_mixin.py:115} INFO - [2024-08-18 12:26:00,452] {dagbag.py:507} INFO - Filling up the DagBag from /home/kai/.local/lib/python3.8/site-packages/airflow/example_dags/example_trigger_controller_dag.py
[2024-08-18 12:26:00,456] {processor.py:651} INFO - DAG(s) dict_keys(['example_trigger_controller_dag']) retrieved from /home/kai/.local/lib/python3.8/site-packages/airflow/example_dags/example_trigger_controller_dag.py
[2024-08-18 12:26:00,476] {logging_mixin.py:115} INFO - [2024-08-18 12:26:00,476] {dag.py:2379} INFO - Sync 1 DAGs
[2024-08-18 12:26:00,497] {logging_mixin.py:115} INFO - [2024-08-18 12:26:00,497] {dag.py:2927} INFO - Setting next_dagrun for example_trigger_controller_dag to 2021-01-01T00:00:00+00:00, run_after=2021-01-01T00:00:00+00:00
[2024-08-18 12:26:00,510] {processor.py:161} INFO - Processing /home/kai/.local/lib/python3.8/site-packages/airflow/example_dags/example_trigger_controller_dag.py took 0.062 seconds
[2024-08-18 12:26:32,004] {processor.py:153} INFO - Started process (PID=12011) to work on /home/kai/.local/lib/python3.8/site-packages/airflow/example_dags/example_trigger_controller_dag.py
[2024-08-18 12:26:32,005] {processor.py:641} INFO - Processing file /home/kai/.local/lib/python3.8/site-packages/airflow/example_dags/example_trigger_controller_dag.py for tasks to queue
[2024-08-18 12:26:32,006] {logging_mixin.py:115} INFO - [2024-08-18 12:26:32,006] {dagbag.py:507} INFO - Filling up the DagBag from /home/kai/.local/lib/python3.8/site-packages/airflow/example_dags/example_trigger_controller_dag.py
[2024-08-18 12:26:32,009] {processor.py:651} INFO - DAG(s) dict_keys(['example_trigger_controller_dag']) retrieved from /home/kai/.local/lib/python3.8/site-packages/airflow/example_dags/example_trigger_controller_dag.py
[2024-08-18 12:26:32,025] {logging_mixin.py:115} INFO - [2024-08-18 12:26:32,025] {dag.py:2379} INFO - Sync 1 DAGs
[2024-08-18 12:26:32,043] {logging_mixin.py:115} INFO - [2024-08-18 12:26:32,043] {dag.py:2927} INFO - Setting next_dagrun for example_trigger_controller_dag to 2021-01-01T00:00:00+00:00, run_after=2021-01-01T00:00:00+00:00
[2024-08-18 12:26:32,058] {processor.py:161} INFO - Processing /home/kai/.local/lib/python3.8/site-packages/airflow/example_dags/example_trigger_controller_dag.py took 0.056 seconds
[2024-08-18 12:27:05,570] {processor.py:153} INFO - Started process (PID=12176) to work on /home/kai/.local/lib/python3.8/site-packages/airflow/example_dags/example_trigger_controller_dag.py
[2024-08-18 12:27:05,571] {processor.py:641} INFO - Processing file /home/kai/.local/lib/python3.8/site-packages/airflow/example_dags/example_trigger_controller_dag.py for tasks to queue
[2024-08-18 12:27:05,572] {logging_mixin.py:115} INFO - [2024-08-18 12:27:05,572] {dagbag.py:507} INFO - Filling up the DagBag from /home/kai/.local/lib/python3.8/site-packages/airflow/example_dags/example_trigger_controller_dag.py
[2024-08-18 12:27:05,576] {processor.py:651} INFO - DAG(s) dict_keys(['example_trigger_controller_dag']) retrieved from /home/kai/.local/lib/python3.8/site-packages/airflow/example_dags/example_trigger_controller_dag.py
[2024-08-18 12:27:05,594] {logging_mixin.py:115} INFO - [2024-08-18 12:27:05,594] {dag.py:2379} INFO - Sync 1 DAGs
[2024-08-18 12:27:05,609] {logging_mixin.py:115} INFO - [2024-08-18 12:27:05,609] {dag.py:2927} INFO - Setting next_dagrun for example_trigger_controller_dag to 2021-01-01T00:00:00+00:00, run_after=2021-01-01T00:00:00+00:00
[2024-08-18 12:27:05,622] {processor.py:161} INFO - Processing /home/kai/.local/lib/python3.8/site-packages/airflow/example_dags/example_trigger_controller_dag.py took 0.054 seconds
[2024-08-18 12:27:37,286] {processor.py:153} INFO - Started process (PID=12342) to work on /home/kai/.local/lib/python3.8/site-packages/airflow/example_dags/example_trigger_controller_dag.py
[2024-08-18 12:27:37,287] {processor.py:641} INFO - Processing file /home/kai/.local/lib/python3.8/site-packages/airflow/example_dags/example_trigger_controller_dag.py for tasks to queue
[2024-08-18 12:27:37,287] {logging_mixin.py:115} INFO - [2024-08-18 12:27:37,287] {dagbag.py:507} INFO - Filling up the DagBag from /home/kai/.local/lib/python3.8/site-packages/airflow/example_dags/example_trigger_controller_dag.py
[2024-08-18 12:27:37,290] {processor.py:651} INFO - DAG(s) dict_keys(['example_trigger_controller_dag']) retrieved from /home/kai/.local/lib/python3.8/site-packages/airflow/example_dags/example_trigger_controller_dag.py
[2024-08-18 12:27:37,306] {logging_mixin.py:115} INFO - [2024-08-18 12:27:37,306] {dag.py:2379} INFO - Sync 1 DAGs
[2024-08-18 12:27:37,325] {logging_mixin.py:115} INFO - [2024-08-18 12:27:37,325] {dag.py:2927} INFO - Setting next_dagrun for example_trigger_controller_dag to 2021-01-01T00:00:00+00:00, run_after=2021-01-01T00:00:00+00:00
[2024-08-18 12:27:37,337] {processor.py:161} INFO - Processing /home/kai/.local/lib/python3.8/site-packages/airflow/example_dags/example_trigger_controller_dag.py took 0.054 seconds
[2024-08-18 19:40:44,336] {processor.py:153} INFO - Started process (PID=13033) to work on /home/kai/.local/lib/python3.8/site-packages/airflow/example_dags/example_trigger_controller_dag.py
[2024-08-18 19:40:44,337] {processor.py:641} INFO - Processing file /home/kai/.local/lib/python3.8/site-packages/airflow/example_dags/example_trigger_controller_dag.py for tasks to queue
[2024-08-18 19:40:44,337] {logging_mixin.py:115} INFO - [2024-08-18 19:40:44,337] {dagbag.py:507} INFO - Filling up the DagBag from /home/kai/.local/lib/python3.8/site-packages/airflow/example_dags/example_trigger_controller_dag.py
[2024-08-18 19:40:44,340] {processor.py:651} INFO - DAG(s) dict_keys(['example_trigger_controller_dag']) retrieved from /home/kai/.local/lib/python3.8/site-packages/airflow/example_dags/example_trigger_controller_dag.py
[2024-08-18 19:40:44,355] {logging_mixin.py:115} INFO - [2024-08-18 19:40:44,355] {dag.py:2379} INFO - Sync 1 DAGs
[2024-08-18 19:40:44,369] {logging_mixin.py:115} INFO - [2024-08-18 19:40:44,369] {dag.py:2927} INFO - Setting next_dagrun for example_trigger_controller_dag to 2021-01-01T00:00:00+00:00, run_after=2021-01-01T00:00:00+00:00
[2024-08-18 19:40:44,386] {processor.py:161} INFO - Processing /home/kai/.local/lib/python3.8/site-packages/airflow/example_dags/example_trigger_controller_dag.py took 0.053 seconds
[2024-08-18 19:41:15,519] {processor.py:153} INFO - Started process (PID=13417) to work on /home/kai/.local/lib/python3.8/site-packages/airflow/example_dags/example_trigger_controller_dag.py
[2024-08-18 19:41:15,521] {processor.py:641} INFO - Processing file /home/kai/.local/lib/python3.8/site-packages/airflow/example_dags/example_trigger_controller_dag.py for tasks to queue
[2024-08-18 19:41:15,522] {logging_mixin.py:115} INFO - [2024-08-18 19:41:15,521] {dagbag.py:507} INFO - Filling up the DagBag from /home/kai/.local/lib/python3.8/site-packages/airflow/example_dags/example_trigger_controller_dag.py
[2024-08-18 19:41:15,524] {processor.py:651} INFO - DAG(s) dict_keys(['example_trigger_controller_dag']) retrieved from /home/kai/.local/lib/python3.8/site-packages/airflow/example_dags/example_trigger_controller_dag.py
[2024-08-18 19:41:15,540] {logging_mixin.py:115} INFO - [2024-08-18 19:41:15,540] {dag.py:2379} INFO - Sync 1 DAGs
[2024-08-18 19:41:15,565] {logging_mixin.py:115} INFO - [2024-08-18 19:41:15,565] {dag.py:2927} INFO - Setting next_dagrun for example_trigger_controller_dag to 2021-01-01T00:00:00+00:00, run_after=2021-01-01T00:00:00+00:00
[2024-08-18 19:41:15,579] {processor.py:161} INFO - Processing /home/kai/.local/lib/python3.8/site-packages/airflow/example_dags/example_trigger_controller_dag.py took 0.063 seconds
[2024-08-18 19:41:50,421] {processor.py:153} INFO - Started process (PID=13590) to work on /home/kai/.local/lib/python3.8/site-packages/airflow/example_dags/example_trigger_controller_dag.py
[2024-08-18 19:41:50,422] {processor.py:641} INFO - Processing file /home/kai/.local/lib/python3.8/site-packages/airflow/example_dags/example_trigger_controller_dag.py for tasks to queue
[2024-08-18 19:41:50,424] {logging_mixin.py:115} INFO - [2024-08-18 19:41:50,424] {dagbag.py:507} INFO - Filling up the DagBag from /home/kai/.local/lib/python3.8/site-packages/airflow/example_dags/example_trigger_controller_dag.py
[2024-08-18 19:41:50,427] {processor.py:651} INFO - DAG(s) dict_keys(['example_trigger_controller_dag']) retrieved from /home/kai/.local/lib/python3.8/site-packages/airflow/example_dags/example_trigger_controller_dag.py
[2024-08-18 19:41:50,443] {logging_mixin.py:115} INFO - [2024-08-18 19:41:50,443] {dag.py:2379} INFO - Sync 1 DAGs
[2024-08-18 19:41:50,460] {logging_mixin.py:115} INFO - [2024-08-18 19:41:50,460] {dag.py:2927} INFO - Setting next_dagrun for example_trigger_controller_dag to 2021-01-01T00:00:00+00:00, run_after=2021-01-01T00:00:00+00:00
[2024-08-18 19:41:50,471] {processor.py:161} INFO - Processing /home/kai/.local/lib/python3.8/site-packages/airflow/example_dags/example_trigger_controller_dag.py took 0.058 seconds
[2024-08-18 19:42:22,480] {processor.py:153} INFO - Started process (PID=13756) to work on /home/kai/.local/lib/python3.8/site-packages/airflow/example_dags/example_trigger_controller_dag.py
[2024-08-18 19:42:22,481] {processor.py:641} INFO - Processing file /home/kai/.local/lib/python3.8/site-packages/airflow/example_dags/example_trigger_controller_dag.py for tasks to queue
[2024-08-18 19:42:22,481] {logging_mixin.py:115} INFO - [2024-08-18 19:42:22,481] {dagbag.py:507} INFO - Filling up the DagBag from /home/kai/.local/lib/python3.8/site-packages/airflow/example_dags/example_trigger_controller_dag.py
[2024-08-18 19:42:22,484] {processor.py:651} INFO - DAG(s) dict_keys(['example_trigger_controller_dag']) retrieved from /home/kai/.local/lib/python3.8/site-packages/airflow/example_dags/example_trigger_controller_dag.py
[2024-08-18 19:42:22,497] {logging_mixin.py:115} INFO - [2024-08-18 19:42:22,497] {dag.py:2379} INFO - Sync 1 DAGs
[2024-08-18 19:42:22,511] {logging_mixin.py:115} INFO - [2024-08-18 19:42:22,511] {dag.py:2927} INFO - Setting next_dagrun for example_trigger_controller_dag to 2021-01-01T00:00:00+00:00, run_after=2021-01-01T00:00:00+00:00
[2024-08-18 19:42:22,521] {processor.py:161} INFO - Processing /home/kai/.local/lib/python3.8/site-packages/airflow/example_dags/example_trigger_controller_dag.py took 0.044 seconds
[2024-08-18 19:42:58,432] {processor.py:153} INFO - Started process (PID=13941) to work on /home/kai/.local/lib/python3.8/site-packages/airflow/example_dags/example_trigger_controller_dag.py
[2024-08-18 19:42:58,433] {processor.py:641} INFO - Processing file /home/kai/.local/lib/python3.8/site-packages/airflow/example_dags/example_trigger_controller_dag.py for tasks to queue
[2024-08-18 19:42:58,434] {logging_mixin.py:115} INFO - [2024-08-18 19:42:58,434] {dagbag.py:507} INFO - Filling up the DagBag from /home/kai/.local/lib/python3.8/site-packages/airflow/example_dags/example_trigger_controller_dag.py
[2024-08-18 19:42:58,439] {processor.py:651} INFO - DAG(s) dict_keys(['example_trigger_controller_dag']) retrieved from /home/kai/.local/lib/python3.8/site-packages/airflow/example_dags/example_trigger_controller_dag.py
[2024-08-18 19:42:58,455] {logging_mixin.py:115} INFO - [2024-08-18 19:42:58,455] {dag.py:2379} INFO - Sync 1 DAGs
[2024-08-18 19:42:58,470] {logging_mixin.py:115} INFO - [2024-08-18 19:42:58,470] {dag.py:2927} INFO - Setting next_dagrun for example_trigger_controller_dag to 2021-01-01T00:00:00+00:00, run_after=2021-01-01T00:00:00+00:00
[2024-08-18 19:42:58,479] {processor.py:161} INFO - Processing /home/kai/.local/lib/python3.8/site-packages/airflow/example_dags/example_trigger_controller_dag.py took 0.051 seconds
[2024-08-18 19:43:30,818] {processor.py:153} INFO - Started process (PID=14105) to work on /home/kai/.local/lib/python3.8/site-packages/airflow/example_dags/example_trigger_controller_dag.py
[2024-08-18 19:43:30,819] {processor.py:641} INFO - Processing file /home/kai/.local/lib/python3.8/site-packages/airflow/example_dags/example_trigger_controller_dag.py for tasks to queue
[2024-08-18 19:43:30,819] {logging_mixin.py:115} INFO - [2024-08-18 19:43:30,819] {dagbag.py:507} INFO - Filling up the DagBag from /home/kai/.local/lib/python3.8/site-packages/airflow/example_dags/example_trigger_controller_dag.py
[2024-08-18 19:43:30,822] {processor.py:651} INFO - DAG(s) dict_keys(['example_trigger_controller_dag']) retrieved from /home/kai/.local/lib/python3.8/site-packages/airflow/example_dags/example_trigger_controller_dag.py
[2024-08-18 19:43:30,838] {logging_mixin.py:115} INFO - [2024-08-18 19:43:30,838] {dag.py:2379} INFO - Sync 1 DAGs
[2024-08-18 19:43:30,853] {logging_mixin.py:115} INFO - [2024-08-18 19:43:30,853] {dag.py:2927} INFO - Setting next_dagrun for example_trigger_controller_dag to 2021-01-01T00:00:00+00:00, run_after=2021-01-01T00:00:00+00:00
[2024-08-18 19:43:30,865] {processor.py:161} INFO - Processing /home/kai/.local/lib/python3.8/site-packages/airflow/example_dags/example_trigger_controller_dag.py took 0.050 seconds
[2024-08-18 19:44:05,401] {processor.py:153} INFO - Started process (PID=14327) to work on /home/kai/.local/lib/python3.8/site-packages/airflow/example_dags/example_trigger_controller_dag.py
[2024-08-18 19:44:05,402] {processor.py:641} INFO - Processing file /home/kai/.local/lib/python3.8/site-packages/airflow/example_dags/example_trigger_controller_dag.py for tasks to queue
[2024-08-18 19:44:05,403] {logging_mixin.py:115} INFO - [2024-08-18 19:44:05,403] {dagbag.py:507} INFO - Filling up the DagBag from /home/kai/.local/lib/python3.8/site-packages/airflow/example_dags/example_trigger_controller_dag.py
[2024-08-18 19:44:05,407] {processor.py:651} INFO - DAG(s) dict_keys(['example_trigger_controller_dag']) retrieved from /home/kai/.local/lib/python3.8/site-packages/airflow/example_dags/example_trigger_controller_dag.py
[2024-08-18 19:44:05,421] {logging_mixin.py:115} INFO - [2024-08-18 19:44:05,421] {dag.py:2379} INFO - Sync 1 DAGs
[2024-08-18 19:44:05,446] {logging_mixin.py:115} INFO - [2024-08-18 19:44:05,445] {dag.py:2927} INFO - Setting next_dagrun for example_trigger_controller_dag to 2021-01-01T00:00:00+00:00, run_after=2021-01-01T00:00:00+00:00
[2024-08-18 19:44:05,462] {processor.py:161} INFO - Processing /home/kai/.local/lib/python3.8/site-packages/airflow/example_dags/example_trigger_controller_dag.py took 0.063 seconds
[2024-08-18 19:44:39,406] {processor.py:153} INFO - Started process (PID=14509) to work on /home/kai/.local/lib/python3.8/site-packages/airflow/example_dags/example_trigger_controller_dag.py
[2024-08-18 19:44:39,407] {processor.py:641} INFO - Processing file /home/kai/.local/lib/python3.8/site-packages/airflow/example_dags/example_trigger_controller_dag.py for tasks to queue
[2024-08-18 19:44:39,407] {logging_mixin.py:115} INFO - [2024-08-18 19:44:39,407] {dagbag.py:507} INFO - Filling up the DagBag from /home/kai/.local/lib/python3.8/site-packages/airflow/example_dags/example_trigger_controller_dag.py
[2024-08-18 19:44:39,410] {processor.py:651} INFO - DAG(s) dict_keys(['example_trigger_controller_dag']) retrieved from /home/kai/.local/lib/python3.8/site-packages/airflow/example_dags/example_trigger_controller_dag.py
[2024-08-18 19:44:39,424] {logging_mixin.py:115} INFO - [2024-08-18 19:44:39,424] {dag.py:2379} INFO - Sync 1 DAGs
[2024-08-18 19:44:39,438] {logging_mixin.py:115} INFO - [2024-08-18 19:44:39,438] {dag.py:2927} INFO - Setting next_dagrun for example_trigger_controller_dag to 2021-01-01T00:00:00+00:00, run_after=2021-01-01T00:00:00+00:00
[2024-08-18 19:44:39,450] {processor.py:161} INFO - Processing /home/kai/.local/lib/python3.8/site-packages/airflow/example_dags/example_trigger_controller_dag.py took 0.046 seconds
[2024-08-18 19:45:14,559] {processor.py:153} INFO - Started process (PID=14778) to work on /home/kai/.local/lib/python3.8/site-packages/airflow/example_dags/example_trigger_controller_dag.py
[2024-08-18 19:45:14,560] {processor.py:641} INFO - Processing file /home/kai/.local/lib/python3.8/site-packages/airflow/example_dags/example_trigger_controller_dag.py for tasks to queue
[2024-08-18 19:45:14,561] {logging_mixin.py:115} INFO - [2024-08-18 19:45:14,561] {dagbag.py:507} INFO - Filling up the DagBag from /home/kai/.local/lib/python3.8/site-packages/airflow/example_dags/example_trigger_controller_dag.py
[2024-08-18 19:45:14,564] {processor.py:651} INFO - DAG(s) dict_keys(['example_trigger_controller_dag']) retrieved from /home/kai/.local/lib/python3.8/site-packages/airflow/example_dags/example_trigger_controller_dag.py
[2024-08-18 19:45:14,577] {logging_mixin.py:115} INFO - [2024-08-18 19:45:14,577] {dag.py:2379} INFO - Sync 1 DAGs
[2024-08-18 19:45:14,592] {logging_mixin.py:115} INFO - [2024-08-18 19:45:14,592] {dag.py:2927} INFO - Setting next_dagrun for example_trigger_controller_dag to 2021-01-01T00:00:00+00:00, run_after=2021-01-01T00:00:00+00:00
[2024-08-18 19:45:14,612] {processor.py:161} INFO - Processing /home/kai/.local/lib/python3.8/site-packages/airflow/example_dags/example_trigger_controller_dag.py took 0.056 seconds
