[2024-08-18 11:50:13,148] {processor.py:153} INFO - Started process (PID=771167) to work on /home/kai/.local/lib/python3.8/site-packages/airflow/example_dags/example_task_group_decorator.py
[2024-08-18 11:50:13,149] {processor.py:641} INFO - Processing file /home/kai/.local/lib/python3.8/site-packages/airflow/example_dags/example_task_group_decorator.py for tasks to queue
[2024-08-18 11:50:13,149] {logging_mixin.py:115} INFO - [2024-08-18 11:50:13,149] {dagbag.py:507} INFO - Filling up the DagBag from /home/kai/.local/lib/python3.8/site-packages/airflow/example_dags/example_task_group_decorator.py
[2024-08-18 11:50:13,209] {processor.py:651} INFO - DAG(s) dict_keys(['example_task_group_decorator']) retrieved from /home/kai/.local/lib/python3.8/site-packages/airflow/example_dags/example_task_group_decorator.py
[2024-08-18 11:50:13,289] {logging_mixin.py:115} INFO - [2024-08-18 11:50:13,289] {manager.py:508} INFO - Created Permission View: can delete on DAG:example_task_group_decorator
[2024-08-18 11:50:13,301] {logging_mixin.py:115} INFO - [2024-08-18 11:50:13,301] {manager.py:508} INFO - Created Permission View: can read on DAG:example_task_group_decorator
[2024-08-18 11:50:13,315] {logging_mixin.py:115} INFO - [2024-08-18 11:50:13,315] {manager.py:508} INFO - Created Permission View: can edit on DAG:example_task_group_decorator
[2024-08-18 11:50:13,315] {logging_mixin.py:115} INFO - [2024-08-18 11:50:13,315] {dag.py:2379} INFO - Sync 1 DAGs
[2024-08-18 11:50:13,326] {logging_mixin.py:115} INFO - [2024-08-18 11:50:13,325] {dag.py:2398} INFO - Creating ORM DAG for example_task_group_decorator
[2024-08-18 11:50:13,335] {logging_mixin.py:115} INFO - [2024-08-18 11:50:13,335] {dag.py:2927} INFO - Setting next_dagrun for example_task_group_decorator to 2024-08-17T14:50:13.335319+00:00, run_after=2024-08-18T14:50:13.335319+00:00
[2024-08-18 11:50:13,349] {processor.py:161} INFO - Processing /home/kai/.local/lib/python3.8/site-packages/airflow/example_dags/example_task_group_decorator.py took 0.204 seconds
[2024-08-18 11:50:49,273] {processor.py:153} INFO - Started process (PID=771602) to work on /home/kai/.local/lib/python3.8/site-packages/airflow/example_dags/example_task_group_decorator.py
[2024-08-18 11:50:49,277] {processor.py:641} INFO - Processing file /home/kai/.local/lib/python3.8/site-packages/airflow/example_dags/example_task_group_decorator.py for tasks to queue
[2024-08-18 11:50:49,278] {logging_mixin.py:115} INFO - [2024-08-18 11:50:49,278] {dagbag.py:507} INFO - Filling up the DagBag from /home/kai/.local/lib/python3.8/site-packages/airflow/example_dags/example_task_group_decorator.py
[2024-08-18 11:50:49,314] {processor.py:651} INFO - DAG(s) dict_keys(['example_task_group_decorator']) retrieved from /home/kai/.local/lib/python3.8/site-packages/airflow/example_dags/example_task_group_decorator.py
[2024-08-18 11:50:49,376] {logging_mixin.py:115} INFO - [2024-08-18 11:50:49,375] {dag.py:2379} INFO - Sync 1 DAGs
[2024-08-18 11:50:49,400] {logging_mixin.py:115} INFO - [2024-08-18 11:50:49,400] {dag.py:2927} INFO - Setting next_dagrun for example_task_group_decorator to 2024-08-17T14:50:49.399758+00:00, run_after=2024-08-18T14:50:49.399758+00:00
[2024-08-18 11:50:49,435] {processor.py:161} INFO - Processing /home/kai/.local/lib/python3.8/site-packages/airflow/example_dags/example_task_group_decorator.py took 0.167 seconds
[2024-08-18 11:51:23,069] {processor.py:153} INFO - Started process (PID=772011) to work on /home/kai/.local/lib/python3.8/site-packages/airflow/example_dags/example_task_group_decorator.py
[2024-08-18 11:51:23,081] {processor.py:641} INFO - Processing file /home/kai/.local/lib/python3.8/site-packages/airflow/example_dags/example_task_group_decorator.py for tasks to queue
[2024-08-18 11:51:23,082] {logging_mixin.py:115} INFO - [2024-08-18 11:51:23,082] {dagbag.py:507} INFO - Filling up the DagBag from /home/kai/.local/lib/python3.8/site-packages/airflow/example_dags/example_task_group_decorator.py
[2024-08-18 11:51:23,110] {processor.py:651} INFO - DAG(s) dict_keys(['example_task_group_decorator']) retrieved from /home/kai/.local/lib/python3.8/site-packages/airflow/example_dags/example_task_group_decorator.py
[2024-08-18 11:51:23,154] {logging_mixin.py:115} INFO - [2024-08-18 11:51:23,154] {dag.py:2379} INFO - Sync 1 DAGs
[2024-08-18 11:51:23,170] {logging_mixin.py:115} INFO - [2024-08-18 11:51:23,170] {dag.py:2927} INFO - Setting next_dagrun for example_task_group_decorator to 2024-08-17T14:51:23.170055+00:00, run_after=2024-08-18T14:51:23.170055+00:00
[2024-08-18 11:51:23,190] {processor.py:161} INFO - Processing /home/kai/.local/lib/python3.8/site-packages/airflow/example_dags/example_task_group_decorator.py took 0.125 seconds
[2024-08-18 11:52:00,543] {processor.py:153} INFO - Started process (PID=772754) to work on /home/kai/.local/lib/python3.8/site-packages/airflow/example_dags/example_task_group_decorator.py
[2024-08-18 11:52:00,544] {processor.py:641} INFO - Processing file /home/kai/.local/lib/python3.8/site-packages/airflow/example_dags/example_task_group_decorator.py for tasks to queue
[2024-08-18 11:52:00,545] {logging_mixin.py:115} INFO - [2024-08-18 11:52:00,545] {dagbag.py:507} INFO - Filling up the DagBag from /home/kai/.local/lib/python3.8/site-packages/airflow/example_dags/example_task_group_decorator.py
[2024-08-18 11:52:00,627] {processor.py:651} INFO - DAG(s) dict_keys(['example_task_group_decorator']) retrieved from /home/kai/.local/lib/python3.8/site-packages/airflow/example_dags/example_task_group_decorator.py
[2024-08-18 11:52:00,690] {logging_mixin.py:115} INFO - [2024-08-18 11:52:00,690] {dag.py:2379} INFO - Sync 1 DAGs
[2024-08-18 11:52:00,709] {logging_mixin.py:115} INFO - [2024-08-18 11:52:00,709] {dag.py:2927} INFO - Setting next_dagrun for example_task_group_decorator to 2024-08-17T14:52:00.708730+00:00, run_after=2024-08-18T14:52:00.708730+00:00
[2024-08-18 11:52:00,726] {processor.py:161} INFO - Processing /home/kai/.local/lib/python3.8/site-packages/airflow/example_dags/example_task_group_decorator.py took 0.195 seconds
[2024-08-18 11:52:36,320] {processor.py:153} INFO - Started process (PID=773191) to work on /home/kai/.local/lib/python3.8/site-packages/airflow/example_dags/example_task_group_decorator.py
[2024-08-18 11:52:36,321] {processor.py:641} INFO - Processing file /home/kai/.local/lib/python3.8/site-packages/airflow/example_dags/example_task_group_decorator.py for tasks to queue
[2024-08-18 11:52:36,322] {logging_mixin.py:115} INFO - [2024-08-18 11:52:36,321] {dagbag.py:507} INFO - Filling up the DagBag from /home/kai/.local/lib/python3.8/site-packages/airflow/example_dags/example_task_group_decorator.py
[2024-08-18 11:52:36,380] {processor.py:651} INFO - DAG(s) dict_keys(['example_task_group_decorator']) retrieved from /home/kai/.local/lib/python3.8/site-packages/airflow/example_dags/example_task_group_decorator.py
[2024-08-18 11:52:36,424] {logging_mixin.py:115} INFO - [2024-08-18 11:52:36,423] {dag.py:2379} INFO - Sync 1 DAGs
[2024-08-18 11:52:36,447] {logging_mixin.py:115} INFO - [2024-08-18 11:52:36,447] {dag.py:2927} INFO - Setting next_dagrun for example_task_group_decorator to 2024-08-17T14:52:36.446724+00:00, run_after=2024-08-18T14:52:36.446724+00:00
[2024-08-18 11:52:36,460] {processor.py:161} INFO - Processing /home/kai/.local/lib/python3.8/site-packages/airflow/example_dags/example_task_group_decorator.py took 0.144 seconds
[2024-08-18 11:53:11,721] {processor.py:153} INFO - Started process (PID=773601) to work on /home/kai/.local/lib/python3.8/site-packages/airflow/example_dags/example_task_group_decorator.py
[2024-08-18 11:53:11,722] {processor.py:641} INFO - Processing file /home/kai/.local/lib/python3.8/site-packages/airflow/example_dags/example_task_group_decorator.py for tasks to queue
[2024-08-18 11:53:11,723] {logging_mixin.py:115} INFO - [2024-08-18 11:53:11,723] {dagbag.py:507} INFO - Filling up the DagBag from /home/kai/.local/lib/python3.8/site-packages/airflow/example_dags/example_task_group_decorator.py
[2024-08-18 11:53:11,764] {processor.py:651} INFO - DAG(s) dict_keys(['example_task_group_decorator']) retrieved from /home/kai/.local/lib/python3.8/site-packages/airflow/example_dags/example_task_group_decorator.py
[2024-08-18 11:53:11,839] {logging_mixin.py:115} INFO - [2024-08-18 11:53:11,839] {dag.py:2379} INFO - Sync 1 DAGs
[2024-08-18 11:53:11,856] {logging_mixin.py:115} INFO - [2024-08-18 11:53:11,855] {dag.py:2927} INFO - Setting next_dagrun for example_task_group_decorator to 2024-08-17T14:53:11.855568+00:00, run_after=2024-08-18T14:53:11.855568+00:00
[2024-08-18 11:53:11,873] {processor.py:161} INFO - Processing /home/kai/.local/lib/python3.8/site-packages/airflow/example_dags/example_task_group_decorator.py took 0.155 seconds
[2024-08-18 11:53:45,314] {processor.py:153} INFO - Started process (PID=773984) to work on /home/kai/.local/lib/python3.8/site-packages/airflow/example_dags/example_task_group_decorator.py
[2024-08-18 11:53:45,320] {processor.py:641} INFO - Processing file /home/kai/.local/lib/python3.8/site-packages/airflow/example_dags/example_task_group_decorator.py for tasks to queue
[2024-08-18 11:53:45,320] {logging_mixin.py:115} INFO - [2024-08-18 11:53:45,320] {dagbag.py:507} INFO - Filling up the DagBag from /home/kai/.local/lib/python3.8/site-packages/airflow/example_dags/example_task_group_decorator.py
[2024-08-18 11:53:45,357] {processor.py:651} INFO - DAG(s) dict_keys(['example_task_group_decorator']) retrieved from /home/kai/.local/lib/python3.8/site-packages/airflow/example_dags/example_task_group_decorator.py
[2024-08-18 11:53:45,422] {logging_mixin.py:115} INFO - [2024-08-18 11:53:45,422] {dag.py:2379} INFO - Sync 1 DAGs
[2024-08-18 11:53:45,438] {logging_mixin.py:115} INFO - [2024-08-18 11:53:45,437] {dag.py:2927} INFO - Setting next_dagrun for example_task_group_decorator to 2024-08-17T14:53:45.437667+00:00, run_after=2024-08-18T14:53:45.437667+00:00
[2024-08-18 11:53:45,449] {processor.py:161} INFO - Processing /home/kai/.local/lib/python3.8/site-packages/airflow/example_dags/example_task_group_decorator.py took 0.140 seconds
[2024-08-18 11:54:20,290] {processor.py:153} INFO - Started process (PID=774403) to work on /home/kai/.local/lib/python3.8/site-packages/airflow/example_dags/example_task_group_decorator.py
[2024-08-18 11:54:20,291] {processor.py:641} INFO - Processing file /home/kai/.local/lib/python3.8/site-packages/airflow/example_dags/example_task_group_decorator.py for tasks to queue
[2024-08-18 11:54:20,291] {logging_mixin.py:115} INFO - [2024-08-18 11:54:20,291] {dagbag.py:507} INFO - Filling up the DagBag from /home/kai/.local/lib/python3.8/site-packages/airflow/example_dags/example_task_group_decorator.py
[2024-08-18 11:54:20,321] {processor.py:651} INFO - DAG(s) dict_keys(['example_task_group_decorator']) retrieved from /home/kai/.local/lib/python3.8/site-packages/airflow/example_dags/example_task_group_decorator.py
[2024-08-18 11:54:20,347] {logging_mixin.py:115} INFO - [2024-08-18 11:54:20,346] {dag.py:2379} INFO - Sync 1 DAGs
[2024-08-18 11:54:20,366] {logging_mixin.py:115} INFO - [2024-08-18 11:54:20,366] {dag.py:2927} INFO - Setting next_dagrun for example_task_group_decorator to 2024-08-17T14:54:20.366286+00:00, run_after=2024-08-18T14:54:20.366286+00:00
[2024-08-18 11:54:20,379] {processor.py:161} INFO - Processing /home/kai/.local/lib/python3.8/site-packages/airflow/example_dags/example_task_group_decorator.py took 0.100 seconds
[2024-08-18 11:54:55,979] {processor.py:153} INFO - Started process (PID=774857) to work on /home/kai/.local/lib/python3.8/site-packages/airflow/example_dags/example_task_group_decorator.py
[2024-08-18 11:54:55,980] {processor.py:641} INFO - Processing file /home/kai/.local/lib/python3.8/site-packages/airflow/example_dags/example_task_group_decorator.py for tasks to queue
[2024-08-18 11:54:55,980] {logging_mixin.py:115} INFO - [2024-08-18 11:54:55,980] {dagbag.py:507} INFO - Filling up the DagBag from /home/kai/.local/lib/python3.8/site-packages/airflow/example_dags/example_task_group_decorator.py
[2024-08-18 11:54:56,016] {processor.py:651} INFO - DAG(s) dict_keys(['example_task_group_decorator']) retrieved from /home/kai/.local/lib/python3.8/site-packages/airflow/example_dags/example_task_group_decorator.py
[2024-08-18 11:54:56,078] {logging_mixin.py:115} INFO - [2024-08-18 11:54:56,078] {dag.py:2379} INFO - Sync 1 DAGs
[2024-08-18 11:54:56,096] {logging_mixin.py:115} INFO - [2024-08-18 11:54:56,095] {dag.py:2927} INFO - Setting next_dagrun for example_task_group_decorator to 2024-08-17T14:54:56.095599+00:00, run_after=2024-08-18T14:54:56.095599+00:00
[2024-08-18 11:54:56,113] {processor.py:161} INFO - Processing /home/kai/.local/lib/python3.8/site-packages/airflow/example_dags/example_task_group_decorator.py took 0.142 seconds
[2024-08-18 11:55:31,897] {processor.py:153} INFO - Started process (PID=775267) to work on /home/kai/.local/lib/python3.8/site-packages/airflow/example_dags/example_task_group_decorator.py
[2024-08-18 11:55:31,904] {processor.py:641} INFO - Processing file /home/kai/.local/lib/python3.8/site-packages/airflow/example_dags/example_task_group_decorator.py for tasks to queue
[2024-08-18 11:55:31,904] {logging_mixin.py:115} INFO - [2024-08-18 11:55:31,904] {dagbag.py:507} INFO - Filling up the DagBag from /home/kai/.local/lib/python3.8/site-packages/airflow/example_dags/example_task_group_decorator.py
[2024-08-18 11:55:31,953] {processor.py:651} INFO - DAG(s) dict_keys(['example_task_group_decorator']) retrieved from /home/kai/.local/lib/python3.8/site-packages/airflow/example_dags/example_task_group_decorator.py
[2024-08-18 11:55:31,982] {logging_mixin.py:115} INFO - [2024-08-18 11:55:31,981] {dag.py:2379} INFO - Sync 1 DAGs
[2024-08-18 11:55:32,002] {logging_mixin.py:115} INFO - [2024-08-18 11:55:32,002] {dag.py:2927} INFO - Setting next_dagrun for example_task_group_decorator to 2024-08-17T14:55:32.002395+00:00, run_after=2024-08-18T14:55:32.002395+00:00
[2024-08-18 11:55:32,019] {processor.py:161} INFO - Processing /home/kai/.local/lib/python3.8/site-packages/airflow/example_dags/example_task_group_decorator.py took 0.125 seconds
[2024-08-18 11:56:06,674] {processor.py:153} INFO - Started process (PID=775684) to work on /home/kai/.local/lib/python3.8/site-packages/airflow/example_dags/example_task_group_decorator.py
[2024-08-18 11:56:06,675] {processor.py:641} INFO - Processing file /home/kai/.local/lib/python3.8/site-packages/airflow/example_dags/example_task_group_decorator.py for tasks to queue
[2024-08-18 11:56:06,675] {logging_mixin.py:115} INFO - [2024-08-18 11:56:06,675] {dagbag.py:507} INFO - Filling up the DagBag from /home/kai/.local/lib/python3.8/site-packages/airflow/example_dags/example_task_group_decorator.py
[2024-08-18 11:56:06,714] {processor.py:651} INFO - DAG(s) dict_keys(['example_task_group_decorator']) retrieved from /home/kai/.local/lib/python3.8/site-packages/airflow/example_dags/example_task_group_decorator.py
[2024-08-18 11:56:06,741] {logging_mixin.py:115} INFO - [2024-08-18 11:56:06,741] {dag.py:2379} INFO - Sync 1 DAGs
[2024-08-18 11:56:06,760] {logging_mixin.py:115} INFO - [2024-08-18 11:56:06,760] {dag.py:2927} INFO - Setting next_dagrun for example_task_group_decorator to 2024-08-17T14:56:06.759832+00:00, run_after=2024-08-18T14:56:06.759832+00:00
[2024-08-18 11:56:06,776] {processor.py:161} INFO - Processing /home/kai/.local/lib/python3.8/site-packages/airflow/example_dags/example_task_group_decorator.py took 0.110 seconds
[2024-08-18 11:56:43,462] {processor.py:153} INFO - Started process (PID=776096) to work on /home/kai/.local/lib/python3.8/site-packages/airflow/example_dags/example_task_group_decorator.py
[2024-08-18 11:56:43,464] {processor.py:641} INFO - Processing file /home/kai/.local/lib/python3.8/site-packages/airflow/example_dags/example_task_group_decorator.py for tasks to queue
[2024-08-18 11:56:43,464] {logging_mixin.py:115} INFO - [2024-08-18 11:56:43,464] {dagbag.py:507} INFO - Filling up the DagBag from /home/kai/.local/lib/python3.8/site-packages/airflow/example_dags/example_task_group_decorator.py
[2024-08-18 11:56:43,521] {processor.py:651} INFO - DAG(s) dict_keys(['example_task_group_decorator']) retrieved from /home/kai/.local/lib/python3.8/site-packages/airflow/example_dags/example_task_group_decorator.py
[2024-08-18 11:56:43,543] {logging_mixin.py:115} INFO - [2024-08-18 11:56:43,543] {dag.py:2379} INFO - Sync 1 DAGs
[2024-08-18 11:56:43,583] {logging_mixin.py:115} INFO - [2024-08-18 11:56:43,583] {dag.py:2927} INFO - Setting next_dagrun for example_task_group_decorator to 2024-08-17T14:56:43.582986+00:00, run_after=2024-08-18T14:56:43.582986+00:00
[2024-08-18 11:56:43,609] {processor.py:161} INFO - Processing /home/kai/.local/lib/python3.8/site-packages/airflow/example_dags/example_task_group_decorator.py took 0.151 seconds
[2024-08-18 11:57:19,864] {processor.py:153} INFO - Started process (PID=776502) to work on /home/kai/.local/lib/python3.8/site-packages/airflow/example_dags/example_task_group_decorator.py
[2024-08-18 11:57:19,864] {processor.py:641} INFO - Processing file /home/kai/.local/lib/python3.8/site-packages/airflow/example_dags/example_task_group_decorator.py for tasks to queue
[2024-08-18 11:57:19,865] {logging_mixin.py:115} INFO - [2024-08-18 11:57:19,865] {dagbag.py:507} INFO - Filling up the DagBag from /home/kai/.local/lib/python3.8/site-packages/airflow/example_dags/example_task_group_decorator.py
[2024-08-18 11:57:19,924] {processor.py:651} INFO - DAG(s) dict_keys(['example_task_group_decorator']) retrieved from /home/kai/.local/lib/python3.8/site-packages/airflow/example_dags/example_task_group_decorator.py
[2024-08-18 11:57:19,972] {logging_mixin.py:115} INFO - [2024-08-18 11:57:19,972] {dag.py:2379} INFO - Sync 1 DAGs
[2024-08-18 11:57:20,009] {logging_mixin.py:115} INFO - [2024-08-18 11:57:20,009] {dag.py:2927} INFO - Setting next_dagrun for example_task_group_decorator to 2024-08-17T14:57:20.008864+00:00, run_after=2024-08-18T14:57:20.008864+00:00
[2024-08-18 11:57:20,026] {processor.py:161} INFO - Processing /home/kai/.local/lib/python3.8/site-packages/airflow/example_dags/example_task_group_decorator.py took 0.165 seconds
[2024-08-18 11:57:59,932] {processor.py:153} INFO - Started process (PID=776947) to work on /home/kai/.local/lib/python3.8/site-packages/airflow/example_dags/example_task_group_decorator.py
[2024-08-18 11:57:59,935] {processor.py:641} INFO - Processing file /home/kai/.local/lib/python3.8/site-packages/airflow/example_dags/example_task_group_decorator.py for tasks to queue
[2024-08-18 11:57:59,936] {logging_mixin.py:115} INFO - [2024-08-18 11:57:59,936] {dagbag.py:507} INFO - Filling up the DagBag from /home/kai/.local/lib/python3.8/site-packages/airflow/example_dags/example_task_group_decorator.py
[2024-08-18 11:58:00,016] {processor.py:651} INFO - DAG(s) dict_keys(['example_task_group_decorator']) retrieved from /home/kai/.local/lib/python3.8/site-packages/airflow/example_dags/example_task_group_decorator.py
[2024-08-18 11:58:00,095] {logging_mixin.py:115} INFO - [2024-08-18 11:58:00,095] {dag.py:2379} INFO - Sync 1 DAGs
[2024-08-18 11:58:00,121] {logging_mixin.py:115} INFO - [2024-08-18 11:58:00,121] {dag.py:2927} INFO - Setting next_dagrun for example_task_group_decorator to 2024-08-17T14:58:00.120961+00:00, run_after=2024-08-18T14:58:00.120961+00:00
[2024-08-18 11:58:00,145] {processor.py:161} INFO - Processing /home/kai/.local/lib/python3.8/site-packages/airflow/example_dags/example_task_group_decorator.py took 0.219 seconds
[2024-08-18 11:58:38,744] {processor.py:153} INFO - Started process (PID=777379) to work on /home/kai/.local/lib/python3.8/site-packages/airflow/example_dags/example_task_group_decorator.py
[2024-08-18 11:58:38,750] {processor.py:641} INFO - Processing file /home/kai/.local/lib/python3.8/site-packages/airflow/example_dags/example_task_group_decorator.py for tasks to queue
[2024-08-18 11:58:38,751] {logging_mixin.py:115} INFO - [2024-08-18 11:58:38,751] {dagbag.py:507} INFO - Filling up the DagBag from /home/kai/.local/lib/python3.8/site-packages/airflow/example_dags/example_task_group_decorator.py
[2024-08-18 11:58:38,808] {processor.py:651} INFO - DAG(s) dict_keys(['example_task_group_decorator']) retrieved from /home/kai/.local/lib/python3.8/site-packages/airflow/example_dags/example_task_group_decorator.py
[2024-08-18 11:58:38,952] {logging_mixin.py:115} INFO - [2024-08-18 11:58:38,952] {dag.py:2379} INFO - Sync 1 DAGs
[2024-08-18 11:58:39,005] {logging_mixin.py:115} INFO - [2024-08-18 11:58:39,005] {dag.py:2927} INFO - Setting next_dagrun for example_task_group_decorator to 2024-08-17T14:58:39.005142+00:00, run_after=2024-08-18T14:58:39.005142+00:00
[2024-08-18 11:58:39,033] {processor.py:161} INFO - Processing /home/kai/.local/lib/python3.8/site-packages/airflow/example_dags/example_task_group_decorator.py took 0.293 seconds
[2024-08-18 11:59:15,304] {processor.py:153} INFO - Started process (PID=777804) to work on /home/kai/.local/lib/python3.8/site-packages/airflow/example_dags/example_task_group_decorator.py
[2024-08-18 11:59:15,304] {processor.py:641} INFO - Processing file /home/kai/.local/lib/python3.8/site-packages/airflow/example_dags/example_task_group_decorator.py for tasks to queue
[2024-08-18 11:59:15,305] {logging_mixin.py:115} INFO - [2024-08-18 11:59:15,305] {dagbag.py:507} INFO - Filling up the DagBag from /home/kai/.local/lib/python3.8/site-packages/airflow/example_dags/example_task_group_decorator.py
[2024-08-18 11:59:15,334] {processor.py:651} INFO - DAG(s) dict_keys(['example_task_group_decorator']) retrieved from /home/kai/.local/lib/python3.8/site-packages/airflow/example_dags/example_task_group_decorator.py
[2024-08-18 11:59:15,380] {logging_mixin.py:115} INFO - [2024-08-18 11:59:15,379] {dag.py:2379} INFO - Sync 1 DAGs
[2024-08-18 11:59:15,423] {logging_mixin.py:115} INFO - [2024-08-18 11:59:15,423] {dag.py:2927} INFO - Setting next_dagrun for example_task_group_decorator to 2024-08-17T14:59:15.422796+00:00, run_after=2024-08-18T14:59:15.422796+00:00
[2024-08-18 11:59:15,451] {processor.py:161} INFO - Processing /home/kai/.local/lib/python3.8/site-packages/airflow/example_dags/example_task_group_decorator.py took 0.152 seconds
[2024-08-18 11:59:55,740] {processor.py:153} INFO - Started process (PID=778286) to work on /home/kai/.local/lib/python3.8/site-packages/airflow/example_dags/example_task_group_decorator.py
[2024-08-18 11:59:55,745] {processor.py:641} INFO - Processing file /home/kai/.local/lib/python3.8/site-packages/airflow/example_dags/example_task_group_decorator.py for tasks to queue
[2024-08-18 11:59:55,746] {logging_mixin.py:115} INFO - [2024-08-18 11:59:55,746] {dagbag.py:507} INFO - Filling up the DagBag from /home/kai/.local/lib/python3.8/site-packages/airflow/example_dags/example_task_group_decorator.py
[2024-08-18 11:59:55,786] {processor.py:651} INFO - DAG(s) dict_keys(['example_task_group_decorator']) retrieved from /home/kai/.local/lib/python3.8/site-packages/airflow/example_dags/example_task_group_decorator.py
[2024-08-18 11:59:55,849] {logging_mixin.py:115} INFO - [2024-08-18 11:59:55,849] {dag.py:2379} INFO - Sync 1 DAGs
[2024-08-18 11:59:55,871] {logging_mixin.py:115} INFO - [2024-08-18 11:59:55,871] {dag.py:2927} INFO - Setting next_dagrun for example_task_group_decorator to 2024-08-17T14:59:55.871510+00:00, run_after=2024-08-18T14:59:55.871510+00:00
[2024-08-18 11:59:55,896] {processor.py:161} INFO - Processing /home/kai/.local/lib/python3.8/site-packages/airflow/example_dags/example_task_group_decorator.py took 0.159 seconds
[2024-08-18 12:03:19,072] {processor.py:153} INFO - Started process (PID=4403) to work on /home/kai/.local/lib/python3.8/site-packages/airflow/example_dags/example_task_group_decorator.py
[2024-08-18 12:03:19,073] {processor.py:641} INFO - Processing file /home/kai/.local/lib/python3.8/site-packages/airflow/example_dags/example_task_group_decorator.py for tasks to queue
[2024-08-18 12:03:19,074] {logging_mixin.py:115} INFO - [2024-08-18 12:03:19,074] {dagbag.py:507} INFO - Filling up the DagBag from /home/kai/.local/lib/python3.8/site-packages/airflow/example_dags/example_task_group_decorator.py
[2024-08-18 12:03:19,094] {processor.py:651} INFO - DAG(s) dict_keys(['example_task_group_decorator']) retrieved from /home/kai/.local/lib/python3.8/site-packages/airflow/example_dags/example_task_group_decorator.py
[2024-08-18 12:03:19,130] {logging_mixin.py:115} INFO - [2024-08-18 12:03:19,130] {dag.py:2379} INFO - Sync 1 DAGs
[2024-08-18 12:03:19,142] {logging_mixin.py:115} INFO - [2024-08-18 12:03:19,142] {dag.py:2927} INFO - Setting next_dagrun for example_task_group_decorator to 2024-08-17T15:03:19.141986+00:00, run_after=2024-08-18T15:03:19.141986+00:00
[2024-08-18 12:03:19,154] {processor.py:161} INFO - Processing /home/kai/.local/lib/python3.8/site-packages/airflow/example_dags/example_task_group_decorator.py took 0.084 seconds
[2024-08-18 12:03:51,302] {processor.py:153} INFO - Started process (PID=4831) to work on /home/kai/.local/lib/python3.8/site-packages/airflow/example_dags/example_task_group_decorator.py
[2024-08-18 12:03:51,303] {processor.py:641} INFO - Processing file /home/kai/.local/lib/python3.8/site-packages/airflow/example_dags/example_task_group_decorator.py for tasks to queue
[2024-08-18 12:03:51,303] {logging_mixin.py:115} INFO - [2024-08-18 12:03:51,303] {dagbag.py:507} INFO - Filling up the DagBag from /home/kai/.local/lib/python3.8/site-packages/airflow/example_dags/example_task_group_decorator.py
[2024-08-18 12:03:51,326] {processor.py:651} INFO - DAG(s) dict_keys(['example_task_group_decorator']) retrieved from /home/kai/.local/lib/python3.8/site-packages/airflow/example_dags/example_task_group_decorator.py
[2024-08-18 12:03:51,373] {logging_mixin.py:115} INFO - [2024-08-18 12:03:51,373] {dag.py:2379} INFO - Sync 1 DAGs
[2024-08-18 12:03:51,387] {logging_mixin.py:115} INFO - [2024-08-18 12:03:51,386] {dag.py:2927} INFO - Setting next_dagrun for example_task_group_decorator to 2024-08-17T15:03:51.386629+00:00, run_after=2024-08-18T15:03:51.386629+00:00
[2024-08-18 12:03:51,400] {processor.py:161} INFO - Processing /home/kai/.local/lib/python3.8/site-packages/airflow/example_dags/example_task_group_decorator.py took 0.100 seconds
[2024-08-18 12:04:25,766] {processor.py:153} INFO - Started process (PID=5012) to work on /home/kai/.local/lib/python3.8/site-packages/airflow/example_dags/example_task_group_decorator.py
[2024-08-18 12:04:25,768] {processor.py:641} INFO - Processing file /home/kai/.local/lib/python3.8/site-packages/airflow/example_dags/example_task_group_decorator.py for tasks to queue
[2024-08-18 12:04:25,769] {logging_mixin.py:115} INFO - [2024-08-18 12:04:25,768] {dagbag.py:507} INFO - Filling up the DagBag from /home/kai/.local/lib/python3.8/site-packages/airflow/example_dags/example_task_group_decorator.py
[2024-08-18 12:04:25,792] {processor.py:651} INFO - DAG(s) dict_keys(['example_task_group_decorator']) retrieved from /home/kai/.local/lib/python3.8/site-packages/airflow/example_dags/example_task_group_decorator.py
[2024-08-18 12:04:25,834] {logging_mixin.py:115} INFO - [2024-08-18 12:04:25,834] {dag.py:2379} INFO - Sync 1 DAGs
[2024-08-18 12:04:25,850] {logging_mixin.py:115} INFO - [2024-08-18 12:04:25,850] {dag.py:2927} INFO - Setting next_dagrun for example_task_group_decorator to 2024-08-17T15:04:25.849751+00:00, run_after=2024-08-18T15:04:25.849751+00:00
[2024-08-18 12:04:25,862] {processor.py:161} INFO - Processing /home/kai/.local/lib/python3.8/site-packages/airflow/example_dags/example_task_group_decorator.py took 0.100 seconds
[2024-08-18 12:04:59,140] {processor.py:153} INFO - Started process (PID=5174) to work on /home/kai/.local/lib/python3.8/site-packages/airflow/example_dags/example_task_group_decorator.py
[2024-08-18 12:04:59,140] {processor.py:641} INFO - Processing file /home/kai/.local/lib/python3.8/site-packages/airflow/example_dags/example_task_group_decorator.py for tasks to queue
[2024-08-18 12:04:59,141] {logging_mixin.py:115} INFO - [2024-08-18 12:04:59,141] {dagbag.py:507} INFO - Filling up the DagBag from /home/kai/.local/lib/python3.8/site-packages/airflow/example_dags/example_task_group_decorator.py
[2024-08-18 12:04:59,162] {processor.py:651} INFO - DAG(s) dict_keys(['example_task_group_decorator']) retrieved from /home/kai/.local/lib/python3.8/site-packages/airflow/example_dags/example_task_group_decorator.py
[2024-08-18 12:04:59,211] {logging_mixin.py:115} INFO - [2024-08-18 12:04:59,211] {dag.py:2379} INFO - Sync 1 DAGs
[2024-08-18 12:04:59,225] {logging_mixin.py:115} INFO - [2024-08-18 12:04:59,225] {dag.py:2927} INFO - Setting next_dagrun for example_task_group_decorator to 2024-08-17T15:04:59.224975+00:00, run_after=2024-08-18T15:04:59.224975+00:00
[2024-08-18 12:04:59,236] {processor.py:161} INFO - Processing /home/kai/.local/lib/python3.8/site-packages/airflow/example_dags/example_task_group_decorator.py took 0.099 seconds
[2024-08-18 12:05:31,116] {processor.py:153} INFO - Started process (PID=5349) to work on /home/kai/.local/lib/python3.8/site-packages/airflow/example_dags/example_task_group_decorator.py
[2024-08-18 12:05:31,116] {processor.py:641} INFO - Processing file /home/kai/.local/lib/python3.8/site-packages/airflow/example_dags/example_task_group_decorator.py for tasks to queue
[2024-08-18 12:05:31,117] {logging_mixin.py:115} INFO - [2024-08-18 12:05:31,117] {dagbag.py:507} INFO - Filling up the DagBag from /home/kai/.local/lib/python3.8/site-packages/airflow/example_dags/example_task_group_decorator.py
[2024-08-18 12:05:31,139] {processor.py:651} INFO - DAG(s) dict_keys(['example_task_group_decorator']) retrieved from /home/kai/.local/lib/python3.8/site-packages/airflow/example_dags/example_task_group_decorator.py
[2024-08-18 12:05:31,176] {logging_mixin.py:115} INFO - [2024-08-18 12:05:31,176] {dag.py:2379} INFO - Sync 1 DAGs
[2024-08-18 12:05:31,188] {logging_mixin.py:115} INFO - [2024-08-18 12:05:31,188] {dag.py:2927} INFO - Setting next_dagrun for example_task_group_decorator to 2024-08-17T15:05:31.188049+00:00, run_after=2024-08-18T15:05:31.188049+00:00
[2024-08-18 12:05:31,198] {processor.py:161} INFO - Processing /home/kai/.local/lib/python3.8/site-packages/airflow/example_dags/example_task_group_decorator.py took 0.086 seconds
[2024-08-18 12:06:03,075] {processor.py:153} INFO - Started process (PID=5514) to work on /home/kai/.local/lib/python3.8/site-packages/airflow/example_dags/example_task_group_decorator.py
[2024-08-18 12:06:03,076] {processor.py:641} INFO - Processing file /home/kai/.local/lib/python3.8/site-packages/airflow/example_dags/example_task_group_decorator.py for tasks to queue
[2024-08-18 12:06:03,077] {logging_mixin.py:115} INFO - [2024-08-18 12:06:03,076] {dagbag.py:507} INFO - Filling up the DagBag from /home/kai/.local/lib/python3.8/site-packages/airflow/example_dags/example_task_group_decorator.py
[2024-08-18 12:06:03,103] {processor.py:651} INFO - DAG(s) dict_keys(['example_task_group_decorator']) retrieved from /home/kai/.local/lib/python3.8/site-packages/airflow/example_dags/example_task_group_decorator.py
[2024-08-18 12:06:03,147] {logging_mixin.py:115} INFO - [2024-08-18 12:06:03,147] {dag.py:2379} INFO - Sync 1 DAGs
[2024-08-18 12:06:03,164] {logging_mixin.py:115} INFO - [2024-08-18 12:06:03,164] {dag.py:2927} INFO - Setting next_dagrun for example_task_group_decorator to 2024-08-17T15:06:03.163866+00:00, run_after=2024-08-18T15:06:03.163866+00:00
[2024-08-18 12:06:03,177] {processor.py:161} INFO - Processing /home/kai/.local/lib/python3.8/site-packages/airflow/example_dags/example_task_group_decorator.py took 0.105 seconds
[2024-08-18 12:06:35,677] {processor.py:153} INFO - Started process (PID=5693) to work on /home/kai/.local/lib/python3.8/site-packages/airflow/example_dags/example_task_group_decorator.py
[2024-08-18 12:06:35,677] {processor.py:641} INFO - Processing file /home/kai/.local/lib/python3.8/site-packages/airflow/example_dags/example_task_group_decorator.py for tasks to queue
[2024-08-18 12:06:35,678] {logging_mixin.py:115} INFO - [2024-08-18 12:06:35,678] {dagbag.py:507} INFO - Filling up the DagBag from /home/kai/.local/lib/python3.8/site-packages/airflow/example_dags/example_task_group_decorator.py
[2024-08-18 12:06:35,700] {processor.py:651} INFO - DAG(s) dict_keys(['example_task_group_decorator']) retrieved from /home/kai/.local/lib/python3.8/site-packages/airflow/example_dags/example_task_group_decorator.py
[2024-08-18 12:06:35,742] {logging_mixin.py:115} INFO - [2024-08-18 12:06:35,742] {dag.py:2379} INFO - Sync 1 DAGs
[2024-08-18 12:06:35,755] {logging_mixin.py:115} INFO - [2024-08-18 12:06:35,755] {dag.py:2927} INFO - Setting next_dagrun for example_task_group_decorator to 2024-08-17T15:06:35.755315+00:00, run_after=2024-08-18T15:06:35.755315+00:00
[2024-08-18 12:06:35,770] {processor.py:161} INFO - Processing /home/kai/.local/lib/python3.8/site-packages/airflow/example_dags/example_task_group_decorator.py took 0.096 seconds
[2024-08-18 12:07:09,796] {processor.py:153} INFO - Started process (PID=5864) to work on /home/kai/.local/lib/python3.8/site-packages/airflow/example_dags/example_task_group_decorator.py
[2024-08-18 12:07:09,797] {processor.py:641} INFO - Processing file /home/kai/.local/lib/python3.8/site-packages/airflow/example_dags/example_task_group_decorator.py for tasks to queue
[2024-08-18 12:07:09,798] {logging_mixin.py:115} INFO - [2024-08-18 12:07:09,798] {dagbag.py:507} INFO - Filling up the DagBag from /home/kai/.local/lib/python3.8/site-packages/airflow/example_dags/example_task_group_decorator.py
[2024-08-18 12:07:09,821] {processor.py:651} INFO - DAG(s) dict_keys(['example_task_group_decorator']) retrieved from /home/kai/.local/lib/python3.8/site-packages/airflow/example_dags/example_task_group_decorator.py
[2024-08-18 12:07:09,857] {logging_mixin.py:115} INFO - [2024-08-18 12:07:09,857] {dag.py:2379} INFO - Sync 1 DAGs
[2024-08-18 12:07:09,869] {logging_mixin.py:115} INFO - [2024-08-18 12:07:09,869] {dag.py:2927} INFO - Setting next_dagrun for example_task_group_decorator to 2024-08-17T15:07:09.869001+00:00, run_after=2024-08-18T15:07:09.869001+00:00
[2024-08-18 12:07:09,880] {processor.py:161} INFO - Processing /home/kai/.local/lib/python3.8/site-packages/airflow/example_dags/example_task_group_decorator.py took 0.086 seconds
[2024-08-18 12:07:41,241] {processor.py:153} INFO - Started process (PID=6025) to work on /home/kai/.local/lib/python3.8/site-packages/airflow/example_dags/example_task_group_decorator.py
[2024-08-18 12:07:41,242] {processor.py:641} INFO - Processing file /home/kai/.local/lib/python3.8/site-packages/airflow/example_dags/example_task_group_decorator.py for tasks to queue
[2024-08-18 12:07:41,243] {logging_mixin.py:115} INFO - [2024-08-18 12:07:41,243] {dagbag.py:507} INFO - Filling up the DagBag from /home/kai/.local/lib/python3.8/site-packages/airflow/example_dags/example_task_group_decorator.py
[2024-08-18 12:07:41,266] {processor.py:651} INFO - DAG(s) dict_keys(['example_task_group_decorator']) retrieved from /home/kai/.local/lib/python3.8/site-packages/airflow/example_dags/example_task_group_decorator.py
[2024-08-18 12:07:41,311] {logging_mixin.py:115} INFO - [2024-08-18 12:07:41,311] {dag.py:2379} INFO - Sync 1 DAGs
[2024-08-18 12:07:41,324] {logging_mixin.py:115} INFO - [2024-08-18 12:07:41,324] {dag.py:2927} INFO - Setting next_dagrun for example_task_group_decorator to 2024-08-17T15:07:41.323818+00:00, run_after=2024-08-18T15:07:41.323818+00:00
[2024-08-18 12:07:41,339] {processor.py:161} INFO - Processing /home/kai/.local/lib/python3.8/site-packages/airflow/example_dags/example_task_group_decorator.py took 0.101 seconds
[2024-08-18 12:08:14,898] {processor.py:153} INFO - Started process (PID=6258) to work on /home/kai/.local/lib/python3.8/site-packages/airflow/example_dags/example_task_group_decorator.py
[2024-08-18 12:08:14,899] {processor.py:641} INFO - Processing file /home/kai/.local/lib/python3.8/site-packages/airflow/example_dags/example_task_group_decorator.py for tasks to queue
[2024-08-18 12:08:14,900] {logging_mixin.py:115} INFO - [2024-08-18 12:08:14,899] {dagbag.py:507} INFO - Filling up the DagBag from /home/kai/.local/lib/python3.8/site-packages/airflow/example_dags/example_task_group_decorator.py
[2024-08-18 12:08:14,919] {processor.py:651} INFO - DAG(s) dict_keys(['example_task_group_decorator']) retrieved from /home/kai/.local/lib/python3.8/site-packages/airflow/example_dags/example_task_group_decorator.py
[2024-08-18 12:08:14,955] {logging_mixin.py:115} INFO - [2024-08-18 12:08:14,955] {dag.py:2379} INFO - Sync 1 DAGs
[2024-08-18 12:08:14,967] {logging_mixin.py:115} INFO - [2024-08-18 12:08:14,966] {dag.py:2927} INFO - Setting next_dagrun for example_task_group_decorator to 2024-08-17T15:08:14.966687+00:00, run_after=2024-08-18T15:08:14.966687+00:00
[2024-08-18 12:08:14,977] {processor.py:161} INFO - Processing /home/kai/.local/lib/python3.8/site-packages/airflow/example_dags/example_task_group_decorator.py took 0.081 seconds
[2024-08-18 12:08:47,531] {processor.py:153} INFO - Started process (PID=6413) to work on /home/kai/.local/lib/python3.8/site-packages/airflow/example_dags/example_task_group_decorator.py
[2024-08-18 12:08:47,531] {processor.py:641} INFO - Processing file /home/kai/.local/lib/python3.8/site-packages/airflow/example_dags/example_task_group_decorator.py for tasks to queue
[2024-08-18 12:08:47,532] {logging_mixin.py:115} INFO - [2024-08-18 12:08:47,532] {dagbag.py:507} INFO - Filling up the DagBag from /home/kai/.local/lib/python3.8/site-packages/airflow/example_dags/example_task_group_decorator.py
[2024-08-18 12:08:47,555] {processor.py:651} INFO - DAG(s) dict_keys(['example_task_group_decorator']) retrieved from /home/kai/.local/lib/python3.8/site-packages/airflow/example_dags/example_task_group_decorator.py
[2024-08-18 12:08:47,571] {logging_mixin.py:115} INFO - [2024-08-18 12:08:47,571] {dag.py:2379} INFO - Sync 1 DAGs
[2024-08-18 12:08:47,589] {logging_mixin.py:115} INFO - [2024-08-18 12:08:47,589] {dag.py:2927} INFO - Setting next_dagrun for example_task_group_decorator to 2024-08-17T15:08:47.589408+00:00, run_after=2024-08-18T15:08:47.589408+00:00
[2024-08-18 12:08:47,599] {processor.py:161} INFO - Processing /home/kai/.local/lib/python3.8/site-packages/airflow/example_dags/example_task_group_decorator.py took 0.072 seconds
[2024-08-18 12:09:22,379] {processor.py:153} INFO - Started process (PID=6592) to work on /home/kai/.local/lib/python3.8/site-packages/airflow/example_dags/example_task_group_decorator.py
[2024-08-18 12:09:22,379] {processor.py:641} INFO - Processing file /home/kai/.local/lib/python3.8/site-packages/airflow/example_dags/example_task_group_decorator.py for tasks to queue
[2024-08-18 12:09:22,380] {logging_mixin.py:115} INFO - [2024-08-18 12:09:22,380] {dagbag.py:507} INFO - Filling up the DagBag from /home/kai/.local/lib/python3.8/site-packages/airflow/example_dags/example_task_group_decorator.py
[2024-08-18 12:09:22,400] {processor.py:651} INFO - DAG(s) dict_keys(['example_task_group_decorator']) retrieved from /home/kai/.local/lib/python3.8/site-packages/airflow/example_dags/example_task_group_decorator.py
[2024-08-18 12:09:22,414] {logging_mixin.py:115} INFO - [2024-08-18 12:09:22,414] {dag.py:2379} INFO - Sync 1 DAGs
[2024-08-18 12:09:22,428] {logging_mixin.py:115} INFO - [2024-08-18 12:09:22,428] {dag.py:2927} INFO - Setting next_dagrun for example_task_group_decorator to 2024-08-17T15:09:22.427843+00:00, run_after=2024-08-18T15:09:22.427843+00:00
[2024-08-18 12:09:22,438] {processor.py:161} INFO - Processing /home/kai/.local/lib/python3.8/site-packages/airflow/example_dags/example_task_group_decorator.py took 0.062 seconds
[2024-08-18 12:09:54,931] {processor.py:153} INFO - Started process (PID=6759) to work on /home/kai/.local/lib/python3.8/site-packages/airflow/example_dags/example_task_group_decorator.py
[2024-08-18 12:09:54,931] {processor.py:641} INFO - Processing file /home/kai/.local/lib/python3.8/site-packages/airflow/example_dags/example_task_group_decorator.py for tasks to queue
[2024-08-18 12:09:54,932] {logging_mixin.py:115} INFO - [2024-08-18 12:09:54,932] {dagbag.py:507} INFO - Filling up the DagBag from /home/kai/.local/lib/python3.8/site-packages/airflow/example_dags/example_task_group_decorator.py
[2024-08-18 12:09:54,953] {processor.py:651} INFO - DAG(s) dict_keys(['example_task_group_decorator']) retrieved from /home/kai/.local/lib/python3.8/site-packages/airflow/example_dags/example_task_group_decorator.py
[2024-08-18 12:09:54,966] {logging_mixin.py:115} INFO - [2024-08-18 12:09:54,966] {dag.py:2379} INFO - Sync 1 DAGs
[2024-08-18 12:09:54,981] {logging_mixin.py:115} INFO - [2024-08-18 12:09:54,980] {dag.py:2927} INFO - Setting next_dagrun for example_task_group_decorator to 2024-08-17T15:09:54.980727+00:00, run_after=2024-08-18T15:09:54.980727+00:00
[2024-08-18 12:09:54,995] {processor.py:161} INFO - Processing /home/kai/.local/lib/python3.8/site-packages/airflow/example_dags/example_task_group_decorator.py took 0.066 seconds
[2024-08-18 12:10:27,769] {processor.py:153} INFO - Started process (PID=6931) to work on /home/kai/.local/lib/python3.8/site-packages/airflow/example_dags/example_task_group_decorator.py
[2024-08-18 12:10:27,770] {processor.py:641} INFO - Processing file /home/kai/.local/lib/python3.8/site-packages/airflow/example_dags/example_task_group_decorator.py for tasks to queue
[2024-08-18 12:10:27,771] {logging_mixin.py:115} INFO - [2024-08-18 12:10:27,771] {dagbag.py:507} INFO - Filling up the DagBag from /home/kai/.local/lib/python3.8/site-packages/airflow/example_dags/example_task_group_decorator.py
[2024-08-18 12:10:27,794] {processor.py:651} INFO - DAG(s) dict_keys(['example_task_group_decorator']) retrieved from /home/kai/.local/lib/python3.8/site-packages/airflow/example_dags/example_task_group_decorator.py
[2024-08-18 12:10:27,833] {logging_mixin.py:115} INFO - [2024-08-18 12:10:27,833] {dag.py:2379} INFO - Sync 1 DAGs
[2024-08-18 12:10:27,845] {logging_mixin.py:115} INFO - [2024-08-18 12:10:27,845] {dag.py:2927} INFO - Setting next_dagrun for example_task_group_decorator to 2024-08-17T15:10:27.845468+00:00, run_after=2024-08-18T15:10:27.845468+00:00
[2024-08-18 12:10:27,865] {processor.py:161} INFO - Processing /home/kai/.local/lib/python3.8/site-packages/airflow/example_dags/example_task_group_decorator.py took 0.098 seconds
[2024-08-18 12:11:01,401] {processor.py:153} INFO - Started process (PID=7093) to work on /home/kai/.local/lib/python3.8/site-packages/airflow/example_dags/example_task_group_decorator.py
[2024-08-18 12:11:01,402] {processor.py:641} INFO - Processing file /home/kai/.local/lib/python3.8/site-packages/airflow/example_dags/example_task_group_decorator.py for tasks to queue
[2024-08-18 12:11:01,402] {logging_mixin.py:115} INFO - [2024-08-18 12:11:01,402] {dagbag.py:507} INFO - Filling up the DagBag from /home/kai/.local/lib/python3.8/site-packages/airflow/example_dags/example_task_group_decorator.py
[2024-08-18 12:11:01,424] {processor.py:651} INFO - DAG(s) dict_keys(['example_task_group_decorator']) retrieved from /home/kai/.local/lib/python3.8/site-packages/airflow/example_dags/example_task_group_decorator.py
[2024-08-18 12:11:01,467] {logging_mixin.py:115} INFO - [2024-08-18 12:11:01,467] {dag.py:2379} INFO - Sync 1 DAGs
[2024-08-18 12:11:01,480] {logging_mixin.py:115} INFO - [2024-08-18 12:11:01,480] {dag.py:2927} INFO - Setting next_dagrun for example_task_group_decorator to 2024-08-17T15:11:01.479924+00:00, run_after=2024-08-18T15:11:01.479924+00:00
[2024-08-18 12:11:01,493] {processor.py:161} INFO - Processing /home/kai/.local/lib/python3.8/site-packages/airflow/example_dags/example_task_group_decorator.py took 0.094 seconds
[2024-08-18 12:11:33,784] {processor.py:153} INFO - Started process (PID=7262) to work on /home/kai/.local/lib/python3.8/site-packages/airflow/example_dags/example_task_group_decorator.py
[2024-08-18 12:11:33,786] {processor.py:641} INFO - Processing file /home/kai/.local/lib/python3.8/site-packages/airflow/example_dags/example_task_group_decorator.py for tasks to queue
[2024-08-18 12:11:33,786] {logging_mixin.py:115} INFO - [2024-08-18 12:11:33,786] {dagbag.py:507} INFO - Filling up the DagBag from /home/kai/.local/lib/python3.8/site-packages/airflow/example_dags/example_task_group_decorator.py
[2024-08-18 12:11:33,812] {processor.py:651} INFO - DAG(s) dict_keys(['example_task_group_decorator']) retrieved from /home/kai/.local/lib/python3.8/site-packages/airflow/example_dags/example_task_group_decorator.py
[2024-08-18 12:11:33,856] {logging_mixin.py:115} INFO - [2024-08-18 12:11:33,856] {dag.py:2379} INFO - Sync 1 DAGs
[2024-08-18 12:11:33,867] {logging_mixin.py:115} INFO - [2024-08-18 12:11:33,867] {dag.py:2927} INFO - Setting next_dagrun for example_task_group_decorator to 2024-08-17T15:11:33.867308+00:00, run_after=2024-08-18T15:11:33.867308+00:00
[2024-08-18 12:11:33,879] {processor.py:161} INFO - Processing /home/kai/.local/lib/python3.8/site-packages/airflow/example_dags/example_task_group_decorator.py took 0.098 seconds
[2024-08-18 12:12:09,172] {processor.py:153} INFO - Started process (PID=7426) to work on /home/kai/.local/lib/python3.8/site-packages/airflow/example_dags/example_task_group_decorator.py
[2024-08-18 12:12:09,173] {processor.py:641} INFO - Processing file /home/kai/.local/lib/python3.8/site-packages/airflow/example_dags/example_task_group_decorator.py for tasks to queue
[2024-08-18 12:12:09,175] {logging_mixin.py:115} INFO - [2024-08-18 12:12:09,175] {dagbag.py:507} INFO - Filling up the DagBag from /home/kai/.local/lib/python3.8/site-packages/airflow/example_dags/example_task_group_decorator.py
[2024-08-18 12:12:09,198] {processor.py:651} INFO - DAG(s) dict_keys(['example_task_group_decorator']) retrieved from /home/kai/.local/lib/python3.8/site-packages/airflow/example_dags/example_task_group_decorator.py
[2024-08-18 12:12:09,216] {logging_mixin.py:115} INFO - [2024-08-18 12:12:09,216] {dag.py:2379} INFO - Sync 1 DAGs
[2024-08-18 12:12:09,238] {logging_mixin.py:115} INFO - [2024-08-18 12:12:09,238] {dag.py:2927} INFO - Setting next_dagrun for example_task_group_decorator to 2024-08-17T15:12:09.237876+00:00, run_after=2024-08-18T15:12:09.237876+00:00
[2024-08-18 12:12:09,249] {processor.py:161} INFO - Processing /home/kai/.local/lib/python3.8/site-packages/airflow/example_dags/example_task_group_decorator.py took 0.082 seconds
[2024-08-18 12:12:41,254] {processor.py:153} INFO - Started process (PID=7590) to work on /home/kai/.local/lib/python3.8/site-packages/airflow/example_dags/example_task_group_decorator.py
[2024-08-18 12:12:41,257] {processor.py:641} INFO - Processing file /home/kai/.local/lib/python3.8/site-packages/airflow/example_dags/example_task_group_decorator.py for tasks to queue
[2024-08-18 12:12:41,258] {logging_mixin.py:115} INFO - [2024-08-18 12:12:41,258] {dagbag.py:507} INFO - Filling up the DagBag from /home/kai/.local/lib/python3.8/site-packages/airflow/example_dags/example_task_group_decorator.py
[2024-08-18 12:12:41,286] {processor.py:651} INFO - DAG(s) dict_keys(['example_task_group_decorator']) retrieved from /home/kai/.local/lib/python3.8/site-packages/airflow/example_dags/example_task_group_decorator.py
[2024-08-18 12:12:41,308] {logging_mixin.py:115} INFO - [2024-08-18 12:12:41,308] {dag.py:2379} INFO - Sync 1 DAGs
[2024-08-18 12:12:41,330] {logging_mixin.py:115} INFO - [2024-08-18 12:12:41,330] {dag.py:2927} INFO - Setting next_dagrun for example_task_group_decorator to 2024-08-17T15:12:41.329566+00:00, run_after=2024-08-18T15:12:41.329566+00:00
[2024-08-18 12:12:41,348] {processor.py:161} INFO - Processing /home/kai/.local/lib/python3.8/site-packages/airflow/example_dags/example_task_group_decorator.py took 0.098 seconds
[2024-08-18 12:13:14,280] {processor.py:153} INFO - Started process (PID=7810) to work on /home/kai/.local/lib/python3.8/site-packages/airflow/example_dags/example_task_group_decorator.py
[2024-08-18 12:13:14,281] {processor.py:641} INFO - Processing file /home/kai/.local/lib/python3.8/site-packages/airflow/example_dags/example_task_group_decorator.py for tasks to queue
[2024-08-18 12:13:14,282] {logging_mixin.py:115} INFO - [2024-08-18 12:13:14,282] {dagbag.py:507} INFO - Filling up the DagBag from /home/kai/.local/lib/python3.8/site-packages/airflow/example_dags/example_task_group_decorator.py
[2024-08-18 12:13:14,308] {processor.py:651} INFO - DAG(s) dict_keys(['example_task_group_decorator']) retrieved from /home/kai/.local/lib/python3.8/site-packages/airflow/example_dags/example_task_group_decorator.py
[2024-08-18 12:13:14,367] {logging_mixin.py:115} INFO - [2024-08-18 12:13:14,367] {dag.py:2379} INFO - Sync 1 DAGs
[2024-08-18 12:13:14,384] {logging_mixin.py:115} INFO - [2024-08-18 12:13:14,384] {dag.py:2927} INFO - Setting next_dagrun for example_task_group_decorator to 2024-08-17T15:13:14.383898+00:00, run_after=2024-08-18T15:13:14.383898+00:00
[2024-08-18 12:13:14,398] {processor.py:161} INFO - Processing /home/kai/.local/lib/python3.8/site-packages/airflow/example_dags/example_task_group_decorator.py took 0.121 seconds
[2024-08-18 12:13:46,880] {processor.py:153} INFO - Started process (PID=7970) to work on /home/kai/.local/lib/python3.8/site-packages/airflow/example_dags/example_task_group_decorator.py
[2024-08-18 12:13:46,881] {processor.py:641} INFO - Processing file /home/kai/.local/lib/python3.8/site-packages/airflow/example_dags/example_task_group_decorator.py for tasks to queue
[2024-08-18 12:13:46,882] {logging_mixin.py:115} INFO - [2024-08-18 12:13:46,882] {dagbag.py:507} INFO - Filling up the DagBag from /home/kai/.local/lib/python3.8/site-packages/airflow/example_dags/example_task_group_decorator.py
[2024-08-18 12:13:46,912] {processor.py:651} INFO - DAG(s) dict_keys(['example_task_group_decorator']) retrieved from /home/kai/.local/lib/python3.8/site-packages/airflow/example_dags/example_task_group_decorator.py
[2024-08-18 12:13:46,962] {logging_mixin.py:115} INFO - [2024-08-18 12:13:46,962] {dag.py:2379} INFO - Sync 1 DAGs
[2024-08-18 12:13:46,983] {logging_mixin.py:115} INFO - [2024-08-18 12:13:46,983] {dag.py:2927} INFO - Setting next_dagrun for example_task_group_decorator to 2024-08-17T15:13:46.982800+00:00, run_after=2024-08-18T15:13:46.982800+00:00
[2024-08-18 12:13:47,002] {processor.py:161} INFO - Processing /home/kai/.local/lib/python3.8/site-packages/airflow/example_dags/example_task_group_decorator.py took 0.124 seconds
[2024-08-18 12:14:22,068] {processor.py:153} INFO - Started process (PID=8150) to work on /home/kai/.local/lib/python3.8/site-packages/airflow/example_dags/example_task_group_decorator.py
[2024-08-18 12:14:22,069] {processor.py:641} INFO - Processing file /home/kai/.local/lib/python3.8/site-packages/airflow/example_dags/example_task_group_decorator.py for tasks to queue
[2024-08-18 12:14:22,069] {logging_mixin.py:115} INFO - [2024-08-18 12:14:22,069] {dagbag.py:507} INFO - Filling up the DagBag from /home/kai/.local/lib/python3.8/site-packages/airflow/example_dags/example_task_group_decorator.py
[2024-08-18 12:14:22,096] {processor.py:651} INFO - DAG(s) dict_keys(['example_task_group_decorator']) retrieved from /home/kai/.local/lib/python3.8/site-packages/airflow/example_dags/example_task_group_decorator.py
[2024-08-18 12:14:22,113] {logging_mixin.py:115} INFO - [2024-08-18 12:14:22,113] {dag.py:2379} INFO - Sync 1 DAGs
[2024-08-18 12:14:22,130] {logging_mixin.py:115} INFO - [2024-08-18 12:14:22,130] {dag.py:2927} INFO - Setting next_dagrun for example_task_group_decorator to 2024-08-17T15:14:22.130090+00:00, run_after=2024-08-18T15:14:22.130090+00:00
[2024-08-18 12:14:22,141] {processor.py:161} INFO - Processing /home/kai/.local/lib/python3.8/site-packages/airflow/example_dags/example_task_group_decorator.py took 0.076 seconds
[2024-08-18 12:14:55,880] {processor.py:153} INFO - Started process (PID=8316) to work on /home/kai/.local/lib/python3.8/site-packages/airflow/example_dags/example_task_group_decorator.py
[2024-08-18 12:14:55,881] {processor.py:641} INFO - Processing file /home/kai/.local/lib/python3.8/site-packages/airflow/example_dags/example_task_group_decorator.py for tasks to queue
[2024-08-18 12:14:55,881] {logging_mixin.py:115} INFO - [2024-08-18 12:14:55,881] {dagbag.py:507} INFO - Filling up the DagBag from /home/kai/.local/lib/python3.8/site-packages/airflow/example_dags/example_task_group_decorator.py
[2024-08-18 12:14:55,906] {processor.py:651} INFO - DAG(s) dict_keys(['example_task_group_decorator']) retrieved from /home/kai/.local/lib/python3.8/site-packages/airflow/example_dags/example_task_group_decorator.py
[2024-08-18 12:14:55,924] {logging_mixin.py:115} INFO - [2024-08-18 12:14:55,924] {dag.py:2379} INFO - Sync 1 DAGs
[2024-08-18 12:14:55,949] {logging_mixin.py:115} INFO - [2024-08-18 12:14:55,948] {dag.py:2927} INFO - Setting next_dagrun for example_task_group_decorator to 2024-08-17T15:14:55.948617+00:00, run_after=2024-08-18T15:14:55.948617+00:00
[2024-08-18 12:14:55,961] {processor.py:161} INFO - Processing /home/kai/.local/lib/python3.8/site-packages/airflow/example_dags/example_task_group_decorator.py took 0.085 seconds
[2024-08-18 12:15:29,116] {processor.py:153} INFO - Started process (PID=8492) to work on /home/kai/.local/lib/python3.8/site-packages/airflow/example_dags/example_task_group_decorator.py
[2024-08-18 12:15:29,116] {processor.py:641} INFO - Processing file /home/kai/.local/lib/python3.8/site-packages/airflow/example_dags/example_task_group_decorator.py for tasks to queue
[2024-08-18 12:15:29,117] {logging_mixin.py:115} INFO - [2024-08-18 12:15:29,117] {dagbag.py:507} INFO - Filling up the DagBag from /home/kai/.local/lib/python3.8/site-packages/airflow/example_dags/example_task_group_decorator.py
[2024-08-18 12:15:29,140] {processor.py:651} INFO - DAG(s) dict_keys(['example_task_group_decorator']) retrieved from /home/kai/.local/lib/python3.8/site-packages/airflow/example_dags/example_task_group_decorator.py
[2024-08-18 12:15:29,161] {logging_mixin.py:115} INFO - [2024-08-18 12:15:29,161] {dag.py:2379} INFO - Sync 1 DAGs
[2024-08-18 12:15:29,177] {logging_mixin.py:115} INFO - [2024-08-18 12:15:29,177] {dag.py:2927} INFO - Setting next_dagrun for example_task_group_decorator to 2024-08-17T15:15:29.177252+00:00, run_after=2024-08-18T15:15:29.177252+00:00
[2024-08-18 12:15:29,192] {processor.py:161} INFO - Processing /home/kai/.local/lib/python3.8/site-packages/airflow/example_dags/example_task_group_decorator.py took 0.079 seconds
[2024-08-18 12:16:01,032] {processor.py:153} INFO - Started process (PID=8656) to work on /home/kai/.local/lib/python3.8/site-packages/airflow/example_dags/example_task_group_decorator.py
[2024-08-18 12:16:01,032] {processor.py:641} INFO - Processing file /home/kai/.local/lib/python3.8/site-packages/airflow/example_dags/example_task_group_decorator.py for tasks to queue
[2024-08-18 12:16:01,033] {logging_mixin.py:115} INFO - [2024-08-18 12:16:01,033] {dagbag.py:507} INFO - Filling up the DagBag from /home/kai/.local/lib/python3.8/site-packages/airflow/example_dags/example_task_group_decorator.py
[2024-08-18 12:16:01,060] {processor.py:651} INFO - DAG(s) dict_keys(['example_task_group_decorator']) retrieved from /home/kai/.local/lib/python3.8/site-packages/airflow/example_dags/example_task_group_decorator.py
[2024-08-18 12:16:01,117] {logging_mixin.py:115} INFO - [2024-08-18 12:16:01,117] {dag.py:2379} INFO - Sync 1 DAGs
[2024-08-18 12:16:01,131] {logging_mixin.py:115} INFO - [2024-08-18 12:16:01,131] {dag.py:2927} INFO - Setting next_dagrun for example_task_group_decorator to 2024-08-17T15:16:01.130968+00:00, run_after=2024-08-18T15:16:01.130968+00:00
[2024-08-18 12:16:01,146] {processor.py:161} INFO - Processing /home/kai/.local/lib/python3.8/site-packages/airflow/example_dags/example_task_group_decorator.py took 0.117 seconds
[2024-08-18 12:16:33,827] {processor.py:153} INFO - Started process (PID=8821) to work on /home/kai/.local/lib/python3.8/site-packages/airflow/example_dags/example_task_group_decorator.py
[2024-08-18 12:16:33,827] {processor.py:641} INFO - Processing file /home/kai/.local/lib/python3.8/site-packages/airflow/example_dags/example_task_group_decorator.py for tasks to queue
[2024-08-18 12:16:33,828] {logging_mixin.py:115} INFO - [2024-08-18 12:16:33,828] {dagbag.py:507} INFO - Filling up the DagBag from /home/kai/.local/lib/python3.8/site-packages/airflow/example_dags/example_task_group_decorator.py
[2024-08-18 12:16:33,848] {processor.py:651} INFO - DAG(s) dict_keys(['example_task_group_decorator']) retrieved from /home/kai/.local/lib/python3.8/site-packages/airflow/example_dags/example_task_group_decorator.py
[2024-08-18 12:16:33,893] {logging_mixin.py:115} INFO - [2024-08-18 12:16:33,893] {dag.py:2379} INFO - Sync 1 DAGs
[2024-08-18 12:16:33,908] {logging_mixin.py:115} INFO - [2024-08-18 12:16:33,908] {dag.py:2927} INFO - Setting next_dagrun for example_task_group_decorator to 2024-08-17T15:16:33.907882+00:00, run_after=2024-08-18T15:16:33.907882+00:00
[2024-08-18 12:16:33,925] {processor.py:161} INFO - Processing /home/kai/.local/lib/python3.8/site-packages/airflow/example_dags/example_task_group_decorator.py took 0.101 seconds
[2024-08-18 12:17:08,282] {processor.py:153} INFO - Started process (PID=8997) to work on /home/kai/.local/lib/python3.8/site-packages/airflow/example_dags/example_task_group_decorator.py
[2024-08-18 12:17:08,283] {processor.py:641} INFO - Processing file /home/kai/.local/lib/python3.8/site-packages/airflow/example_dags/example_task_group_decorator.py for tasks to queue
[2024-08-18 12:17:08,283] {logging_mixin.py:115} INFO - [2024-08-18 12:17:08,283] {dagbag.py:507} INFO - Filling up the DagBag from /home/kai/.local/lib/python3.8/site-packages/airflow/example_dags/example_task_group_decorator.py
[2024-08-18 12:17:08,303] {processor.py:651} INFO - DAG(s) dict_keys(['example_task_group_decorator']) retrieved from /home/kai/.local/lib/python3.8/site-packages/airflow/example_dags/example_task_group_decorator.py
[2024-08-18 12:17:08,345] {logging_mixin.py:115} INFO - [2024-08-18 12:17:08,345] {dag.py:2379} INFO - Sync 1 DAGs
[2024-08-18 12:17:08,356] {logging_mixin.py:115} INFO - [2024-08-18 12:17:08,356] {dag.py:2927} INFO - Setting next_dagrun for example_task_group_decorator to 2024-08-17T15:17:08.356276+00:00, run_after=2024-08-18T15:17:08.356276+00:00
[2024-08-18 12:17:08,380] {processor.py:161} INFO - Processing /home/kai/.local/lib/python3.8/site-packages/airflow/example_dags/example_task_group_decorator.py took 0.101 seconds
[2024-08-18 12:17:40,269] {processor.py:153} INFO - Started process (PID=9162) to work on /home/kai/.local/lib/python3.8/site-packages/airflow/example_dags/example_task_group_decorator.py
[2024-08-18 12:17:40,269] {processor.py:641} INFO - Processing file /home/kai/.local/lib/python3.8/site-packages/airflow/example_dags/example_task_group_decorator.py for tasks to queue
[2024-08-18 12:17:40,270] {logging_mixin.py:115} INFO - [2024-08-18 12:17:40,270] {dagbag.py:507} INFO - Filling up the DagBag from /home/kai/.local/lib/python3.8/site-packages/airflow/example_dags/example_task_group_decorator.py
[2024-08-18 12:17:40,293] {processor.py:651} INFO - DAG(s) dict_keys(['example_task_group_decorator']) retrieved from /home/kai/.local/lib/python3.8/site-packages/airflow/example_dags/example_task_group_decorator.py
[2024-08-18 12:17:40,339] {logging_mixin.py:115} INFO - [2024-08-18 12:17:40,339] {dag.py:2379} INFO - Sync 1 DAGs
[2024-08-18 12:17:40,355] {logging_mixin.py:115} INFO - [2024-08-18 12:17:40,355] {dag.py:2927} INFO - Setting next_dagrun for example_task_group_decorator to 2024-08-17T15:17:40.355246+00:00, run_after=2024-08-18T15:17:40.355246+00:00
[2024-08-18 12:17:40,369] {processor.py:161} INFO - Processing /home/kai/.local/lib/python3.8/site-packages/airflow/example_dags/example_task_group_decorator.py took 0.105 seconds
[2024-08-18 12:18:16,208] {processor.py:153} INFO - Started process (PID=9402) to work on /home/kai/.local/lib/python3.8/site-packages/airflow/example_dags/example_task_group_decorator.py
[2024-08-18 12:18:16,210] {processor.py:641} INFO - Processing file /home/kai/.local/lib/python3.8/site-packages/airflow/example_dags/example_task_group_decorator.py for tasks to queue
[2024-08-18 12:18:16,211] {logging_mixin.py:115} INFO - [2024-08-18 12:18:16,211] {dagbag.py:507} INFO - Filling up the DagBag from /home/kai/.local/lib/python3.8/site-packages/airflow/example_dags/example_task_group_decorator.py
[2024-08-18 12:18:16,241] {processor.py:651} INFO - DAG(s) dict_keys(['example_task_group_decorator']) retrieved from /home/kai/.local/lib/python3.8/site-packages/airflow/example_dags/example_task_group_decorator.py
[2024-08-18 12:18:16,288] {logging_mixin.py:115} INFO - [2024-08-18 12:18:16,287] {dag.py:2379} INFO - Sync 1 DAGs
[2024-08-18 12:18:16,305] {logging_mixin.py:115} INFO - [2024-08-18 12:18:16,305] {dag.py:2927} INFO - Setting next_dagrun for example_task_group_decorator to 2024-08-17T15:18:16.304924+00:00, run_after=2024-08-18T15:18:16.304924+00:00
[2024-08-18 12:18:16,320] {processor.py:161} INFO - Processing /home/kai/.local/lib/python3.8/site-packages/airflow/example_dags/example_task_group_decorator.py took 0.115 seconds
[2024-08-18 12:18:49,351] {processor.py:153} INFO - Started process (PID=9563) to work on /home/kai/.local/lib/python3.8/site-packages/airflow/example_dags/example_task_group_decorator.py
[2024-08-18 12:18:49,352] {processor.py:641} INFO - Processing file /home/kai/.local/lib/python3.8/site-packages/airflow/example_dags/example_task_group_decorator.py for tasks to queue
[2024-08-18 12:18:49,353] {logging_mixin.py:115} INFO - [2024-08-18 12:18:49,353] {dagbag.py:507} INFO - Filling up the DagBag from /home/kai/.local/lib/python3.8/site-packages/airflow/example_dags/example_task_group_decorator.py
[2024-08-18 12:18:49,387] {processor.py:651} INFO - DAG(s) dict_keys(['example_task_group_decorator']) retrieved from /home/kai/.local/lib/python3.8/site-packages/airflow/example_dags/example_task_group_decorator.py
[2024-08-18 12:18:49,456] {logging_mixin.py:115} INFO - [2024-08-18 12:18:49,456] {dag.py:2379} INFO - Sync 1 DAGs
[2024-08-18 12:18:49,474] {logging_mixin.py:115} INFO - [2024-08-18 12:18:49,474] {dag.py:2927} INFO - Setting next_dagrun for example_task_group_decorator to 2024-08-17T15:18:49.473867+00:00, run_after=2024-08-18T15:18:49.473867+00:00
[2024-08-18 12:18:49,491] {processor.py:161} INFO - Processing /home/kai/.local/lib/python3.8/site-packages/airflow/example_dags/example_task_group_decorator.py took 0.142 seconds
[2024-08-18 12:19:23,608] {processor.py:153} INFO - Started process (PID=9740) to work on /home/kai/.local/lib/python3.8/site-packages/airflow/example_dags/example_task_group_decorator.py
[2024-08-18 12:19:23,610] {processor.py:641} INFO - Processing file /home/kai/.local/lib/python3.8/site-packages/airflow/example_dags/example_task_group_decorator.py for tasks to queue
[2024-08-18 12:19:23,611] {logging_mixin.py:115} INFO - [2024-08-18 12:19:23,611] {dagbag.py:507} INFO - Filling up the DagBag from /home/kai/.local/lib/python3.8/site-packages/airflow/example_dags/example_task_group_decorator.py
[2024-08-18 12:19:23,644] {processor.py:651} INFO - DAG(s) dict_keys(['example_task_group_decorator']) retrieved from /home/kai/.local/lib/python3.8/site-packages/airflow/example_dags/example_task_group_decorator.py
[2024-08-18 12:19:23,698] {logging_mixin.py:115} INFO - [2024-08-18 12:19:23,698] {dag.py:2379} INFO - Sync 1 DAGs
[2024-08-18 12:19:23,720] {logging_mixin.py:115} INFO - [2024-08-18 12:19:23,719] {dag.py:2927} INFO - Setting next_dagrun for example_task_group_decorator to 2024-08-17T15:19:23.719576+00:00, run_after=2024-08-18T15:19:23.719576+00:00
[2024-08-18 12:19:23,736] {processor.py:161} INFO - Processing /home/kai/.local/lib/python3.8/site-packages/airflow/example_dags/example_task_group_decorator.py took 0.131 seconds
[2024-08-18 12:19:55,462] {processor.py:153} INFO - Started process (PID=9894) to work on /home/kai/.local/lib/python3.8/site-packages/airflow/example_dags/example_task_group_decorator.py
[2024-08-18 12:19:55,463] {processor.py:641} INFO - Processing file /home/kai/.local/lib/python3.8/site-packages/airflow/example_dags/example_task_group_decorator.py for tasks to queue
[2024-08-18 12:19:55,463] {logging_mixin.py:115} INFO - [2024-08-18 12:19:55,463] {dagbag.py:507} INFO - Filling up the DagBag from /home/kai/.local/lib/python3.8/site-packages/airflow/example_dags/example_task_group_decorator.py
[2024-08-18 12:19:55,486] {processor.py:651} INFO - DAG(s) dict_keys(['example_task_group_decorator']) retrieved from /home/kai/.local/lib/python3.8/site-packages/airflow/example_dags/example_task_group_decorator.py
[2024-08-18 12:19:55,532] {logging_mixin.py:115} INFO - [2024-08-18 12:19:55,532] {dag.py:2379} INFO - Sync 1 DAGs
[2024-08-18 12:19:55,548] {logging_mixin.py:115} INFO - [2024-08-18 12:19:55,548] {dag.py:2927} INFO - Setting next_dagrun for example_task_group_decorator to 2024-08-17T15:19:55.547892+00:00, run_after=2024-08-18T15:19:55.547892+00:00
[2024-08-18 12:19:55,563] {processor.py:161} INFO - Processing /home/kai/.local/lib/python3.8/site-packages/airflow/example_dags/example_task_group_decorator.py took 0.104 seconds
[2024-08-18 12:20:28,714] {processor.py:153} INFO - Started process (PID=10063) to work on /home/kai/.local/lib/python3.8/site-packages/airflow/example_dags/example_task_group_decorator.py
[2024-08-18 12:20:28,715] {processor.py:641} INFO - Processing file /home/kai/.local/lib/python3.8/site-packages/airflow/example_dags/example_task_group_decorator.py for tasks to queue
[2024-08-18 12:20:28,715] {logging_mixin.py:115} INFO - [2024-08-18 12:20:28,715] {dagbag.py:507} INFO - Filling up the DagBag from /home/kai/.local/lib/python3.8/site-packages/airflow/example_dags/example_task_group_decorator.py
[2024-08-18 12:20:28,737] {processor.py:651} INFO - DAG(s) dict_keys(['example_task_group_decorator']) retrieved from /home/kai/.local/lib/python3.8/site-packages/airflow/example_dags/example_task_group_decorator.py
[2024-08-18 12:20:28,752] {logging_mixin.py:115} INFO - [2024-08-18 12:20:28,752] {dag.py:2379} INFO - Sync 1 DAGs
[2024-08-18 12:20:28,766] {logging_mixin.py:115} INFO - [2024-08-18 12:20:28,766] {dag.py:2927} INFO - Setting next_dagrun for example_task_group_decorator to 2024-08-17T15:20:28.766495+00:00, run_after=2024-08-18T15:20:28.766495+00:00
[2024-08-18 12:20:28,777] {processor.py:161} INFO - Processing /home/kai/.local/lib/python3.8/site-packages/airflow/example_dags/example_task_group_decorator.py took 0.066 seconds
[2024-08-18 12:21:03,010] {processor.py:153} INFO - Started process (PID=10236) to work on /home/kai/.local/lib/python3.8/site-packages/airflow/example_dags/example_task_group_decorator.py
[2024-08-18 12:21:03,010] {processor.py:641} INFO - Processing file /home/kai/.local/lib/python3.8/site-packages/airflow/example_dags/example_task_group_decorator.py for tasks to queue
[2024-08-18 12:21:03,011] {logging_mixin.py:115} INFO - [2024-08-18 12:21:03,011] {dagbag.py:507} INFO - Filling up the DagBag from /home/kai/.local/lib/python3.8/site-packages/airflow/example_dags/example_task_group_decorator.py
[2024-08-18 12:21:03,032] {processor.py:651} INFO - DAG(s) dict_keys(['example_task_group_decorator']) retrieved from /home/kai/.local/lib/python3.8/site-packages/airflow/example_dags/example_task_group_decorator.py
[2024-08-18 12:21:03,047] {logging_mixin.py:115} INFO - [2024-08-18 12:21:03,047] {dag.py:2379} INFO - Sync 1 DAGs
[2024-08-18 12:21:03,063] {logging_mixin.py:115} INFO - [2024-08-18 12:21:03,062] {dag.py:2927} INFO - Setting next_dagrun for example_task_group_decorator to 2024-08-17T15:21:03.062640+00:00, run_after=2024-08-18T15:21:03.062640+00:00
[2024-08-18 12:21:03,073] {processor.py:161} INFO - Processing /home/kai/.local/lib/python3.8/site-packages/airflow/example_dags/example_task_group_decorator.py took 0.066 seconds
[2024-08-18 12:21:34,478] {processor.py:153} INFO - Started process (PID=10404) to work on /home/kai/.local/lib/python3.8/site-packages/airflow/example_dags/example_task_group_decorator.py
[2024-08-18 12:21:34,479] {processor.py:641} INFO - Processing file /home/kai/.local/lib/python3.8/site-packages/airflow/example_dags/example_task_group_decorator.py for tasks to queue
[2024-08-18 12:21:34,480] {logging_mixin.py:115} INFO - [2024-08-18 12:21:34,480] {dagbag.py:507} INFO - Filling up the DagBag from /home/kai/.local/lib/python3.8/site-packages/airflow/example_dags/example_task_group_decorator.py
[2024-08-18 12:21:34,502] {processor.py:651} INFO - DAG(s) dict_keys(['example_task_group_decorator']) retrieved from /home/kai/.local/lib/python3.8/site-packages/airflow/example_dags/example_task_group_decorator.py
[2024-08-18 12:21:34,540] {logging_mixin.py:115} INFO - [2024-08-18 12:21:34,540] {dag.py:2379} INFO - Sync 1 DAGs
[2024-08-18 12:21:34,558] {logging_mixin.py:115} INFO - [2024-08-18 12:21:34,557] {dag.py:2927} INFO - Setting next_dagrun for example_task_group_decorator to 2024-08-17T15:21:34.557512+00:00, run_after=2024-08-18T15:21:34.557512+00:00
[2024-08-18 12:21:34,572] {processor.py:161} INFO - Processing /home/kai/.local/lib/python3.8/site-packages/airflow/example_dags/example_task_group_decorator.py took 0.096 seconds
[2024-08-18 12:22:08,275] {processor.py:153} INFO - Started process (PID=10572) to work on /home/kai/.local/lib/python3.8/site-packages/airflow/example_dags/example_task_group_decorator.py
[2024-08-18 12:22:08,277] {processor.py:641} INFO - Processing file /home/kai/.local/lib/python3.8/site-packages/airflow/example_dags/example_task_group_decorator.py for tasks to queue
[2024-08-18 12:22:08,280] {logging_mixin.py:115} INFO - [2024-08-18 12:22:08,279] {dagbag.py:507} INFO - Filling up the DagBag from /home/kai/.local/lib/python3.8/site-packages/airflow/example_dags/example_task_group_decorator.py
[2024-08-18 12:22:08,309] {processor.py:651} INFO - DAG(s) dict_keys(['example_task_group_decorator']) retrieved from /home/kai/.local/lib/python3.8/site-packages/airflow/example_dags/example_task_group_decorator.py
[2024-08-18 12:22:08,335] {logging_mixin.py:115} INFO - [2024-08-18 12:22:08,335] {dag.py:2379} INFO - Sync 1 DAGs
[2024-08-18 12:22:08,358] {logging_mixin.py:115} INFO - [2024-08-18 12:22:08,358] {dag.py:2927} INFO - Setting next_dagrun for example_task_group_decorator to 2024-08-17T15:22:08.357348+00:00, run_after=2024-08-18T15:22:08.357348+00:00
[2024-08-18 12:22:08,378] {processor.py:161} INFO - Processing /home/kai/.local/lib/python3.8/site-packages/airflow/example_dags/example_task_group_decorator.py took 0.106 seconds
[2024-08-18 12:22:41,088] {processor.py:153} INFO - Started process (PID=10741) to work on /home/kai/.local/lib/python3.8/site-packages/airflow/example_dags/example_task_group_decorator.py
[2024-08-18 12:22:41,089] {processor.py:641} INFO - Processing file /home/kai/.local/lib/python3.8/site-packages/airflow/example_dags/example_task_group_decorator.py for tasks to queue
[2024-08-18 12:22:41,090] {logging_mixin.py:115} INFO - [2024-08-18 12:22:41,090] {dagbag.py:507} INFO - Filling up the DagBag from /home/kai/.local/lib/python3.8/site-packages/airflow/example_dags/example_task_group_decorator.py
[2024-08-18 12:22:41,134] {processor.py:651} INFO - DAG(s) dict_keys(['example_task_group_decorator']) retrieved from /home/kai/.local/lib/python3.8/site-packages/airflow/example_dags/example_task_group_decorator.py
[2024-08-18 12:22:41,154] {logging_mixin.py:115} INFO - [2024-08-18 12:22:41,154] {dag.py:2379} INFO - Sync 1 DAGs
[2024-08-18 12:22:41,177] {logging_mixin.py:115} INFO - [2024-08-18 12:22:41,177] {dag.py:2927} INFO - Setting next_dagrun for example_task_group_decorator to 2024-08-17T15:22:41.177273+00:00, run_after=2024-08-18T15:22:41.177273+00:00
[2024-08-18 12:22:41,193] {processor.py:161} INFO - Processing /home/kai/.local/lib/python3.8/site-packages/airflow/example_dags/example_task_group_decorator.py took 0.108 seconds
[2024-08-18 12:23:12,336] {processor.py:153} INFO - Started process (PID=11009) to work on /home/kai/.local/lib/python3.8/site-packages/airflow/example_dags/example_task_group_decorator.py
[2024-08-18 12:23:12,341] {processor.py:641} INFO - Processing file /home/kai/.local/lib/python3.8/site-packages/airflow/example_dags/example_task_group_decorator.py for tasks to queue
[2024-08-18 12:23:12,343] {logging_mixin.py:115} INFO - [2024-08-18 12:23:12,342] {dagbag.py:507} INFO - Filling up the DagBag from /home/kai/.local/lib/python3.8/site-packages/airflow/example_dags/example_task_group_decorator.py
[2024-08-18 12:23:12,381] {processor.py:651} INFO - DAG(s) dict_keys(['example_task_group_decorator']) retrieved from /home/kai/.local/lib/python3.8/site-packages/airflow/example_dags/example_task_group_decorator.py
[2024-08-18 12:23:12,434] {logging_mixin.py:115} INFO - [2024-08-18 12:23:12,434] {dag.py:2379} INFO - Sync 1 DAGs
[2024-08-18 12:23:12,460] {logging_mixin.py:115} INFO - [2024-08-18 12:23:12,452] {dag.py:2927} INFO - Setting next_dagrun for example_task_group_decorator to 2024-08-17T15:23:12.452126+00:00, run_after=2024-08-18T15:23:12.452126+00:00
[2024-08-18 12:23:12,476] {processor.py:161} INFO - Processing /home/kai/.local/lib/python3.8/site-packages/airflow/example_dags/example_task_group_decorator.py took 0.143 seconds
[2024-08-18 12:23:47,346] {processor.py:153} INFO - Started process (PID=11179) to work on /home/kai/.local/lib/python3.8/site-packages/airflow/example_dags/example_task_group_decorator.py
[2024-08-18 12:23:47,346] {processor.py:641} INFO - Processing file /home/kai/.local/lib/python3.8/site-packages/airflow/example_dags/example_task_group_decorator.py for tasks to queue
[2024-08-18 12:23:47,347] {logging_mixin.py:115} INFO - [2024-08-18 12:23:47,347] {dagbag.py:507} INFO - Filling up the DagBag from /home/kai/.local/lib/python3.8/site-packages/airflow/example_dags/example_task_group_decorator.py
[2024-08-18 12:23:47,374] {processor.py:651} INFO - DAG(s) dict_keys(['example_task_group_decorator']) retrieved from /home/kai/.local/lib/python3.8/site-packages/airflow/example_dags/example_task_group_decorator.py
[2024-08-18 12:23:47,423] {logging_mixin.py:115} INFO - [2024-08-18 12:23:47,423] {dag.py:2379} INFO - Sync 1 DAGs
[2024-08-18 12:23:47,436] {logging_mixin.py:115} INFO - [2024-08-18 12:23:47,435] {dag.py:2927} INFO - Setting next_dagrun for example_task_group_decorator to 2024-08-17T15:23:47.435720+00:00, run_after=2024-08-18T15:23:47.435720+00:00
[2024-08-18 12:23:47,449] {processor.py:161} INFO - Processing /home/kai/.local/lib/python3.8/site-packages/airflow/example_dags/example_task_group_decorator.py took 0.105 seconds
[2024-08-18 12:24:21,593] {processor.py:153} INFO - Started process (PID=11357) to work on /home/kai/.local/lib/python3.8/site-packages/airflow/example_dags/example_task_group_decorator.py
[2024-08-18 12:24:21,594] {processor.py:641} INFO - Processing file /home/kai/.local/lib/python3.8/site-packages/airflow/example_dags/example_task_group_decorator.py for tasks to queue
[2024-08-18 12:24:21,594] {logging_mixin.py:115} INFO - [2024-08-18 12:24:21,594] {dagbag.py:507} INFO - Filling up the DagBag from /home/kai/.local/lib/python3.8/site-packages/airflow/example_dags/example_task_group_decorator.py
[2024-08-18 12:24:21,617] {processor.py:651} INFO - DAG(s) dict_keys(['example_task_group_decorator']) retrieved from /home/kai/.local/lib/python3.8/site-packages/airflow/example_dags/example_task_group_decorator.py
[2024-08-18 12:24:21,637] {logging_mixin.py:115} INFO - [2024-08-18 12:24:21,636] {dag.py:2379} INFO - Sync 1 DAGs
[2024-08-18 12:24:21,654] {logging_mixin.py:115} INFO - [2024-08-18 12:24:21,653] {dag.py:2927} INFO - Setting next_dagrun for example_task_group_decorator to 2024-08-17T15:24:21.653672+00:00, run_after=2024-08-18T15:24:21.653672+00:00
[2024-08-18 12:24:21,667] {processor.py:161} INFO - Processing /home/kai/.local/lib/python3.8/site-packages/airflow/example_dags/example_task_group_decorator.py took 0.077 seconds
[2024-08-18 12:24:56,741] {processor.py:153} INFO - Started process (PID=11534) to work on /home/kai/.local/lib/python3.8/site-packages/airflow/example_dags/example_task_group_decorator.py
[2024-08-18 12:24:56,742] {processor.py:641} INFO - Processing file /home/kai/.local/lib/python3.8/site-packages/airflow/example_dags/example_task_group_decorator.py for tasks to queue
[2024-08-18 12:24:56,743] {logging_mixin.py:115} INFO - [2024-08-18 12:24:56,743] {dagbag.py:507} INFO - Filling up the DagBag from /home/kai/.local/lib/python3.8/site-packages/airflow/example_dags/example_task_group_decorator.py
[2024-08-18 12:24:56,766] {processor.py:651} INFO - DAG(s) dict_keys(['example_task_group_decorator']) retrieved from /home/kai/.local/lib/python3.8/site-packages/airflow/example_dags/example_task_group_decorator.py
[2024-08-18 12:24:56,786] {logging_mixin.py:115} INFO - [2024-08-18 12:24:56,786] {dag.py:2379} INFO - Sync 1 DAGs
[2024-08-18 12:24:56,812] {logging_mixin.py:115} INFO - [2024-08-18 12:24:56,811] {dag.py:2927} INFO - Setting next_dagrun for example_task_group_decorator to 2024-08-17T15:24:56.811617+00:00, run_after=2024-08-18T15:24:56.811617+00:00
[2024-08-18 12:24:56,826] {processor.py:161} INFO - Processing /home/kai/.local/lib/python3.8/site-packages/airflow/example_dags/example_task_group_decorator.py took 0.089 seconds
[2024-08-18 12:25:31,764] {processor.py:153} INFO - Started process (PID=11708) to work on /home/kai/.local/lib/python3.8/site-packages/airflow/example_dags/example_task_group_decorator.py
[2024-08-18 12:25:31,767] {processor.py:641} INFO - Processing file /home/kai/.local/lib/python3.8/site-packages/airflow/example_dags/example_task_group_decorator.py for tasks to queue
[2024-08-18 12:25:31,773] {logging_mixin.py:115} INFO - [2024-08-18 12:25:31,772] {dagbag.py:507} INFO - Filling up the DagBag from /home/kai/.local/lib/python3.8/site-packages/airflow/example_dags/example_task_group_decorator.py
[2024-08-18 12:25:31,808] {processor.py:651} INFO - DAG(s) dict_keys(['example_task_group_decorator']) retrieved from /home/kai/.local/lib/python3.8/site-packages/airflow/example_dags/example_task_group_decorator.py
[2024-08-18 12:25:31,828] {logging_mixin.py:115} INFO - [2024-08-18 12:25:31,828] {dag.py:2379} INFO - Sync 1 DAGs
[2024-08-18 12:25:31,847] {logging_mixin.py:115} INFO - [2024-08-18 12:25:31,847] {dag.py:2927} INFO - Setting next_dagrun for example_task_group_decorator to 2024-08-17T15:25:31.846756+00:00, run_after=2024-08-18T15:25:31.846756+00:00
[2024-08-18 12:25:31,860] {processor.py:161} INFO - Processing /home/kai/.local/lib/python3.8/site-packages/airflow/example_dags/example_task_group_decorator.py took 0.099 seconds
[2024-08-18 12:26:06,457] {processor.py:153} INFO - Started process (PID=11879) to work on /home/kai/.local/lib/python3.8/site-packages/airflow/example_dags/example_task_group_decorator.py
[2024-08-18 12:26:06,458] {processor.py:641} INFO - Processing file /home/kai/.local/lib/python3.8/site-packages/airflow/example_dags/example_task_group_decorator.py for tasks to queue
[2024-08-18 12:26:06,459] {logging_mixin.py:115} INFO - [2024-08-18 12:26:06,459] {dagbag.py:507} INFO - Filling up the DagBag from /home/kai/.local/lib/python3.8/site-packages/airflow/example_dags/example_task_group_decorator.py
[2024-08-18 12:26:06,489] {processor.py:651} INFO - DAG(s) dict_keys(['example_task_group_decorator']) retrieved from /home/kai/.local/lib/python3.8/site-packages/airflow/example_dags/example_task_group_decorator.py
[2024-08-18 12:26:06,510] {logging_mixin.py:115} INFO - [2024-08-18 12:26:06,510] {dag.py:2379} INFO - Sync 1 DAGs
[2024-08-18 12:26:06,527] {logging_mixin.py:115} INFO - [2024-08-18 12:26:06,527] {dag.py:2927} INFO - Setting next_dagrun for example_task_group_decorator to 2024-08-17T15:26:06.527491+00:00, run_after=2024-08-18T15:26:06.527491+00:00
[2024-08-18 12:26:06,540] {processor.py:161} INFO - Processing /home/kai/.local/lib/python3.8/site-packages/airflow/example_dags/example_task_group_decorator.py took 0.086 seconds
[2024-08-18 12:26:37,859] {processor.py:153} INFO - Started process (PID=12040) to work on /home/kai/.local/lib/python3.8/site-packages/airflow/example_dags/example_task_group_decorator.py
[2024-08-18 12:26:37,860] {processor.py:641} INFO - Processing file /home/kai/.local/lib/python3.8/site-packages/airflow/example_dags/example_task_group_decorator.py for tasks to queue
[2024-08-18 12:26:37,861] {logging_mixin.py:115} INFO - [2024-08-18 12:26:37,861] {dagbag.py:507} INFO - Filling up the DagBag from /home/kai/.local/lib/python3.8/site-packages/airflow/example_dags/example_task_group_decorator.py
[2024-08-18 12:26:37,885] {processor.py:651} INFO - DAG(s) dict_keys(['example_task_group_decorator']) retrieved from /home/kai/.local/lib/python3.8/site-packages/airflow/example_dags/example_task_group_decorator.py
[2024-08-18 12:26:37,906] {logging_mixin.py:115} INFO - [2024-08-18 12:26:37,906] {dag.py:2379} INFO - Sync 1 DAGs
[2024-08-18 12:26:37,926] {logging_mixin.py:115} INFO - [2024-08-18 12:26:37,926] {dag.py:2927} INFO - Setting next_dagrun for example_task_group_decorator to 2024-08-17T15:26:37.926039+00:00, run_after=2024-08-18T15:26:37.926039+00:00
[2024-08-18 12:26:37,945] {processor.py:161} INFO - Processing /home/kai/.local/lib/python3.8/site-packages/airflow/example_dags/example_task_group_decorator.py took 0.089 seconds
[2024-08-18 12:27:11,391] {processor.py:153} INFO - Started process (PID=12212) to work on /home/kai/.local/lib/python3.8/site-packages/airflow/example_dags/example_task_group_decorator.py
[2024-08-18 12:27:11,392] {processor.py:641} INFO - Processing file /home/kai/.local/lib/python3.8/site-packages/airflow/example_dags/example_task_group_decorator.py for tasks to queue
[2024-08-18 12:27:11,392] {logging_mixin.py:115} INFO - [2024-08-18 12:27:11,392] {dagbag.py:507} INFO - Filling up the DagBag from /home/kai/.local/lib/python3.8/site-packages/airflow/example_dags/example_task_group_decorator.py
[2024-08-18 12:27:11,428] {processor.py:651} INFO - DAG(s) dict_keys(['example_task_group_decorator']) retrieved from /home/kai/.local/lib/python3.8/site-packages/airflow/example_dags/example_task_group_decorator.py
[2024-08-18 12:27:11,446] {logging_mixin.py:115} INFO - [2024-08-18 12:27:11,446] {dag.py:2379} INFO - Sync 1 DAGs
[2024-08-18 12:27:11,466] {logging_mixin.py:115} INFO - [2024-08-18 12:27:11,466] {dag.py:2927} INFO - Setting next_dagrun for example_task_group_decorator to 2024-08-17T15:27:11.465795+00:00, run_after=2024-08-18T15:27:11.465795+00:00
[2024-08-18 12:27:11,479] {processor.py:161} INFO - Processing /home/kai/.local/lib/python3.8/site-packages/airflow/example_dags/example_task_group_decorator.py took 0.091 seconds
[2024-08-18 12:27:45,189] {processor.py:153} INFO - Started process (PID=12381) to work on /home/kai/.local/lib/python3.8/site-packages/airflow/example_dags/example_task_group_decorator.py
[2024-08-18 12:27:45,189] {processor.py:641} INFO - Processing file /home/kai/.local/lib/python3.8/site-packages/airflow/example_dags/example_task_group_decorator.py for tasks to queue
[2024-08-18 12:27:45,190] {logging_mixin.py:115} INFO - [2024-08-18 12:27:45,190] {dagbag.py:507} INFO - Filling up the DagBag from /home/kai/.local/lib/python3.8/site-packages/airflow/example_dags/example_task_group_decorator.py
[2024-08-18 12:27:45,212] {processor.py:651} INFO - DAG(s) dict_keys(['example_task_group_decorator']) retrieved from /home/kai/.local/lib/python3.8/site-packages/airflow/example_dags/example_task_group_decorator.py
[2024-08-18 12:27:45,229] {logging_mixin.py:115} INFO - [2024-08-18 12:27:45,228] {dag.py:2379} INFO - Sync 1 DAGs
[2024-08-18 12:27:45,246] {logging_mixin.py:115} INFO - [2024-08-18 12:27:45,246] {dag.py:2927} INFO - Setting next_dagrun for example_task_group_decorator to 2024-08-17T15:27:45.246436+00:00, run_after=2024-08-18T15:27:45.246436+00:00
[2024-08-18 12:27:45,260] {processor.py:161} INFO - Processing /home/kai/.local/lib/python3.8/site-packages/airflow/example_dags/example_task_group_decorator.py took 0.074 seconds
[2024-08-18 19:40:48,302] {processor.py:153} INFO - Started process (PID=13053) to work on /home/kai/.local/lib/python3.8/site-packages/airflow/example_dags/example_task_group_decorator.py
[2024-08-18 19:40:48,303] {processor.py:641} INFO - Processing file /home/kai/.local/lib/python3.8/site-packages/airflow/example_dags/example_task_group_decorator.py for tasks to queue
[2024-08-18 19:40:48,303] {logging_mixin.py:115} INFO - [2024-08-18 19:40:48,303] {dagbag.py:507} INFO - Filling up the DagBag from /home/kai/.local/lib/python3.8/site-packages/airflow/example_dags/example_task_group_decorator.py
[2024-08-18 19:40:48,322] {processor.py:651} INFO - DAG(s) dict_keys(['example_task_group_decorator']) retrieved from /home/kai/.local/lib/python3.8/site-packages/airflow/example_dags/example_task_group_decorator.py
[2024-08-18 19:40:48,359] {logging_mixin.py:115} INFO - [2024-08-18 19:40:48,359] {dag.py:2379} INFO - Sync 1 DAGs
[2024-08-18 19:40:48,371] {logging_mixin.py:115} INFO - [2024-08-18 19:40:48,371] {dag.py:2927} INFO - Setting next_dagrun for example_task_group_decorator to 2024-08-17T22:40:48.370999+00:00, run_after=2024-08-18T22:40:48.370999+00:00
[2024-08-18 19:40:48,383] {processor.py:161} INFO - Processing /home/kai/.local/lib/python3.8/site-packages/airflow/example_dags/example_task_group_decorator.py took 0.084 seconds
[2024-08-18 19:41:20,070] {processor.py:153} INFO - Started process (PID=13439) to work on /home/kai/.local/lib/python3.8/site-packages/airflow/example_dags/example_task_group_decorator.py
[2024-08-18 19:41:20,071] {processor.py:641} INFO - Processing file /home/kai/.local/lib/python3.8/site-packages/airflow/example_dags/example_task_group_decorator.py for tasks to queue
[2024-08-18 19:41:20,071] {logging_mixin.py:115} INFO - [2024-08-18 19:41:20,071] {dagbag.py:507} INFO - Filling up the DagBag from /home/kai/.local/lib/python3.8/site-packages/airflow/example_dags/example_task_group_decorator.py
[2024-08-18 19:41:20,091] {processor.py:651} INFO - DAG(s) dict_keys(['example_task_group_decorator']) retrieved from /home/kai/.local/lib/python3.8/site-packages/airflow/example_dags/example_task_group_decorator.py
[2024-08-18 19:41:20,131] {logging_mixin.py:115} INFO - [2024-08-18 19:41:20,131] {dag.py:2379} INFO - Sync 1 DAGs
[2024-08-18 19:41:20,144] {logging_mixin.py:115} INFO - [2024-08-18 19:41:20,144] {dag.py:2927} INFO - Setting next_dagrun for example_task_group_decorator to 2024-08-17T22:41:20.143908+00:00, run_after=2024-08-18T22:41:20.143908+00:00
[2024-08-18 19:41:20,155] {processor.py:161} INFO - Processing /home/kai/.local/lib/python3.8/site-packages/airflow/example_dags/example_task_group_decorator.py took 0.087 seconds
[2024-08-18 19:41:55,022] {processor.py:153} INFO - Started process (PID=13613) to work on /home/kai/.local/lib/python3.8/site-packages/airflow/example_dags/example_task_group_decorator.py
[2024-08-18 19:41:55,024] {processor.py:641} INFO - Processing file /home/kai/.local/lib/python3.8/site-packages/airflow/example_dags/example_task_group_decorator.py for tasks to queue
[2024-08-18 19:41:55,025] {logging_mixin.py:115} INFO - [2024-08-18 19:41:55,025] {dagbag.py:507} INFO - Filling up the DagBag from /home/kai/.local/lib/python3.8/site-packages/airflow/example_dags/example_task_group_decorator.py
[2024-08-18 19:41:55,052] {processor.py:651} INFO - DAG(s) dict_keys(['example_task_group_decorator']) retrieved from /home/kai/.local/lib/python3.8/site-packages/airflow/example_dags/example_task_group_decorator.py
[2024-08-18 19:41:55,066] {logging_mixin.py:115} INFO - [2024-08-18 19:41:55,066] {dag.py:2379} INFO - Sync 1 DAGs
[2024-08-18 19:41:55,081] {logging_mixin.py:115} INFO - [2024-08-18 19:41:55,081] {dag.py:2927} INFO - Setting next_dagrun for example_task_group_decorator to 2024-08-17T22:41:55.080982+00:00, run_after=2024-08-18T22:41:55.080982+00:00
[2024-08-18 19:41:55,091] {processor.py:161} INFO - Processing /home/kai/.local/lib/python3.8/site-packages/airflow/example_dags/example_task_group_decorator.py took 0.074 seconds
[2024-08-18 19:42:27,618] {processor.py:153} INFO - Started process (PID=13786) to work on /home/kai/.local/lib/python3.8/site-packages/airflow/example_dags/example_task_group_decorator.py
[2024-08-18 19:42:27,619] {processor.py:641} INFO - Processing file /home/kai/.local/lib/python3.8/site-packages/airflow/example_dags/example_task_group_decorator.py for tasks to queue
[2024-08-18 19:42:27,619] {logging_mixin.py:115} INFO - [2024-08-18 19:42:27,619] {dagbag.py:507} INFO - Filling up the DagBag from /home/kai/.local/lib/python3.8/site-packages/airflow/example_dags/example_task_group_decorator.py
[2024-08-18 19:42:27,650] {processor.py:651} INFO - DAG(s) dict_keys(['example_task_group_decorator']) retrieved from /home/kai/.local/lib/python3.8/site-packages/airflow/example_dags/example_task_group_decorator.py
[2024-08-18 19:42:27,665] {logging_mixin.py:115} INFO - [2024-08-18 19:42:27,665] {dag.py:2379} INFO - Sync 1 DAGs
[2024-08-18 19:42:27,680] {logging_mixin.py:115} INFO - [2024-08-18 19:42:27,680] {dag.py:2927} INFO - Setting next_dagrun for example_task_group_decorator to 2024-08-17T22:42:27.680575+00:00, run_after=2024-08-18T22:42:27.680575+00:00
[2024-08-18 19:42:27,690] {processor.py:161} INFO - Processing /home/kai/.local/lib/python3.8/site-packages/airflow/example_dags/example_task_group_decorator.py took 0.074 seconds
[2024-08-18 19:43:02,672] {processor.py:153} INFO - Started process (PID=13961) to work on /home/kai/.local/lib/python3.8/site-packages/airflow/example_dags/example_task_group_decorator.py
[2024-08-18 19:43:02,673] {processor.py:641} INFO - Processing file /home/kai/.local/lib/python3.8/site-packages/airflow/example_dags/example_task_group_decorator.py for tasks to queue
[2024-08-18 19:43:02,673] {logging_mixin.py:115} INFO - [2024-08-18 19:43:02,673] {dagbag.py:507} INFO - Filling up the DagBag from /home/kai/.local/lib/python3.8/site-packages/airflow/example_dags/example_task_group_decorator.py
[2024-08-18 19:43:02,695] {processor.py:651} INFO - DAG(s) dict_keys(['example_task_group_decorator']) retrieved from /home/kai/.local/lib/python3.8/site-packages/airflow/example_dags/example_task_group_decorator.py
[2024-08-18 19:43:02,710] {logging_mixin.py:115} INFO - [2024-08-18 19:43:02,710] {dag.py:2379} INFO - Sync 1 DAGs
[2024-08-18 19:43:02,724] {logging_mixin.py:115} INFO - [2024-08-18 19:43:02,724] {dag.py:2927} INFO - Setting next_dagrun for example_task_group_decorator to 2024-08-17T22:43:02.723930+00:00, run_after=2024-08-18T22:43:02.723930+00:00
[2024-08-18 19:43:02,733] {processor.py:161} INFO - Processing /home/kai/.local/lib/python3.8/site-packages/airflow/example_dags/example_task_group_decorator.py took 0.064 seconds
[2024-08-18 19:43:35,655] {processor.py:153} INFO - Started process (PID=14129) to work on /home/kai/.local/lib/python3.8/site-packages/airflow/example_dags/example_task_group_decorator.py
[2024-08-18 19:43:35,656] {processor.py:641} INFO - Processing file /home/kai/.local/lib/python3.8/site-packages/airflow/example_dags/example_task_group_decorator.py for tasks to queue
[2024-08-18 19:43:35,656] {logging_mixin.py:115} INFO - [2024-08-18 19:43:35,656] {dagbag.py:507} INFO - Filling up the DagBag from /home/kai/.local/lib/python3.8/site-packages/airflow/example_dags/example_task_group_decorator.py
[2024-08-18 19:43:35,676] {processor.py:651} INFO - DAG(s) dict_keys(['example_task_group_decorator']) retrieved from /home/kai/.local/lib/python3.8/site-packages/airflow/example_dags/example_task_group_decorator.py
[2024-08-18 19:43:35,690] {logging_mixin.py:115} INFO - [2024-08-18 19:43:35,690] {dag.py:2379} INFO - Sync 1 DAGs
[2024-08-18 19:43:35,709] {logging_mixin.py:115} INFO - [2024-08-18 19:43:35,709] {dag.py:2927} INFO - Setting next_dagrun for example_task_group_decorator to 2024-08-17T22:43:35.708874+00:00, run_after=2024-08-18T22:43:35.708874+00:00
[2024-08-18 19:43:35,722] {processor.py:161} INFO - Processing /home/kai/.local/lib/python3.8/site-packages/airflow/example_dags/example_task_group_decorator.py took 0.069 seconds
[2024-08-18 19:44:10,257] {processor.py:153} INFO - Started process (PID=14352) to work on /home/kai/.local/lib/python3.8/site-packages/airflow/example_dags/example_task_group_decorator.py
[2024-08-18 19:44:10,258] {processor.py:641} INFO - Processing file /home/kai/.local/lib/python3.8/site-packages/airflow/example_dags/example_task_group_decorator.py for tasks to queue
[2024-08-18 19:44:10,258] {logging_mixin.py:115} INFO - [2024-08-18 19:44:10,258] {dagbag.py:507} INFO - Filling up the DagBag from /home/kai/.local/lib/python3.8/site-packages/airflow/example_dags/example_task_group_decorator.py
[2024-08-18 19:44:10,280] {processor.py:651} INFO - DAG(s) dict_keys(['example_task_group_decorator']) retrieved from /home/kai/.local/lib/python3.8/site-packages/airflow/example_dags/example_task_group_decorator.py
[2024-08-18 19:44:10,317] {logging_mixin.py:115} INFO - [2024-08-18 19:44:10,317] {dag.py:2379} INFO - Sync 1 DAGs
[2024-08-18 19:44:10,346] {logging_mixin.py:115} INFO - [2024-08-18 19:44:10,346] {dag.py:2927} INFO - Setting next_dagrun for example_task_group_decorator to 2024-08-17T22:44:10.345859+00:00, run_after=2024-08-18T22:44:10.345859+00:00
[2024-08-18 19:44:10,357] {processor.py:161} INFO - Processing /home/kai/.local/lib/python3.8/site-packages/airflow/example_dags/example_task_group_decorator.py took 0.103 seconds
[2024-08-18 19:44:44,014] {processor.py:153} INFO - Started process (PID=14531) to work on /home/kai/.local/lib/python3.8/site-packages/airflow/example_dags/example_task_group_decorator.py
[2024-08-18 19:44:44,015] {processor.py:641} INFO - Processing file /home/kai/.local/lib/python3.8/site-packages/airflow/example_dags/example_task_group_decorator.py for tasks to queue
[2024-08-18 19:44:44,015] {logging_mixin.py:115} INFO - [2024-08-18 19:44:44,015] {dagbag.py:507} INFO - Filling up the DagBag from /home/kai/.local/lib/python3.8/site-packages/airflow/example_dags/example_task_group_decorator.py
[2024-08-18 19:44:44,036] {processor.py:651} INFO - DAG(s) dict_keys(['example_task_group_decorator']) retrieved from /home/kai/.local/lib/python3.8/site-packages/airflow/example_dags/example_task_group_decorator.py
[2024-08-18 19:44:44,052] {logging_mixin.py:115} INFO - [2024-08-18 19:44:44,052] {dag.py:2379} INFO - Sync 1 DAGs
[2024-08-18 19:44:44,070] {logging_mixin.py:115} INFO - [2024-08-18 19:44:44,070] {dag.py:2927} INFO - Setting next_dagrun for example_task_group_decorator to 2024-08-17T22:44:44.070035+00:00, run_after=2024-08-18T22:44:44.070035+00:00
[2024-08-18 19:44:44,080] {processor.py:161} INFO - Processing /home/kai/.local/lib/python3.8/site-packages/airflow/example_dags/example_task_group_decorator.py took 0.069 seconds
[2024-08-18 19:45:20,889] {processor.py:153} INFO - Started process (PID=14813) to work on /home/kai/.local/lib/python3.8/site-packages/airflow/example_dags/example_task_group_decorator.py
[2024-08-18 19:45:20,890] {processor.py:641} INFO - Processing file /home/kai/.local/lib/python3.8/site-packages/airflow/example_dags/example_task_group_decorator.py for tasks to queue
[2024-08-18 19:45:20,891] {logging_mixin.py:115} INFO - [2024-08-18 19:45:20,891] {dagbag.py:507} INFO - Filling up the DagBag from /home/kai/.local/lib/python3.8/site-packages/airflow/example_dags/example_task_group_decorator.py
[2024-08-18 19:45:20,914] {processor.py:651} INFO - DAG(s) dict_keys(['example_task_group_decorator']) retrieved from /home/kai/.local/lib/python3.8/site-packages/airflow/example_dags/example_task_group_decorator.py
[2024-08-18 19:45:20,954] {logging_mixin.py:115} INFO - [2024-08-18 19:45:20,954] {dag.py:2379} INFO - Sync 1 DAGs
[2024-08-18 19:45:20,967] {logging_mixin.py:115} INFO - [2024-08-18 19:45:20,967] {dag.py:2927} INFO - Setting next_dagrun for example_task_group_decorator to 2024-08-17T22:45:20.967212+00:00, run_after=2024-08-18T22:45:20.967212+00:00
[2024-08-18 19:45:20,981] {processor.py:161} INFO - Processing /home/kai/.local/lib/python3.8/site-packages/airflow/example_dags/example_task_group_decorator.py took 0.094 seconds
