[2024-08-18 11:50:14,524] {processor.py:153} INFO - Started process (PID=771179) to work on /home/kai/.local/lib/python3.8/site-packages/airflow/example_dags/example_complex.py
[2024-08-18 11:50:14,524] {processor.py:641} INFO - Processing file /home/kai/.local/lib/python3.8/site-packages/airflow/example_dags/example_complex.py for tasks to queue
[2024-08-18 11:50:14,525] {logging_mixin.py:115} INFO - [2024-08-18 11:50:14,525] {dagbag.py:507} INFO - Filling up the DagBag from /home/kai/.local/lib/python3.8/site-packages/airflow/example_dags/example_complex.py
[2024-08-18 11:50:14,540] {processor.py:651} INFO - DAG(s) dict_keys(['example_complex']) retrieved from /home/kai/.local/lib/python3.8/site-packages/airflow/example_dags/example_complex.py
[2024-08-18 11:50:14,650] {logging_mixin.py:115} INFO - [2024-08-18 11:50:14,650] {manager.py:508} INFO - Created Permission View: can delete on DAG:example_complex
[2024-08-18 11:50:14,665] {logging_mixin.py:115} INFO - [2024-08-18 11:50:14,665] {manager.py:508} INFO - Created Permission View: can read on DAG:example_complex
[2024-08-18 11:50:14,671] {logging_mixin.py:115} INFO - [2024-08-18 11:50:14,671] {manager.py:508} INFO - Created Permission View: can edit on DAG:example_complex
[2024-08-18 11:50:14,671] {logging_mixin.py:115} INFO - [2024-08-18 11:50:14,671] {dag.py:2379} INFO - Sync 1 DAGs
[2024-08-18 11:50:14,684] {logging_mixin.py:115} INFO - [2024-08-18 11:50:14,684] {dag.py:2398} INFO - Creating ORM DAG for example_complex
[2024-08-18 11:50:14,704] {logging_mixin.py:115} INFO - [2024-08-18 11:50:14,704] {dag.py:2927} INFO - Setting next_dagrun for example_complex to None, run_after=None
[2024-08-18 11:50:14,719] {processor.py:161} INFO - Processing /home/kai/.local/lib/python3.8/site-packages/airflow/example_dags/example_complex.py took 0.212 seconds
[2024-08-18 11:50:50,530] {processor.py:153} INFO - Started process (PID=771616) to work on /home/kai/.local/lib/python3.8/site-packages/airflow/example_dags/example_complex.py
[2024-08-18 11:50:50,531] {processor.py:641} INFO - Processing file /home/kai/.local/lib/python3.8/site-packages/airflow/example_dags/example_complex.py for tasks to queue
[2024-08-18 11:50:50,537] {logging_mixin.py:115} INFO - [2024-08-18 11:50:50,537] {dagbag.py:507} INFO - Filling up the DagBag from /home/kai/.local/lib/python3.8/site-packages/airflow/example_dags/example_complex.py
[2024-08-18 11:50:50,555] {processor.py:651} INFO - DAG(s) dict_keys(['example_complex']) retrieved from /home/kai/.local/lib/python3.8/site-packages/airflow/example_dags/example_complex.py
[2024-08-18 11:50:50,577] {logging_mixin.py:115} INFO - [2024-08-18 11:50:50,577] {dag.py:2379} INFO - Sync 1 DAGs
[2024-08-18 11:50:50,595] {logging_mixin.py:115} INFO - [2024-08-18 11:50:50,595] {dag.py:2927} INFO - Setting next_dagrun for example_complex to None, run_after=None
[2024-08-18 11:50:50,608] {processor.py:161} INFO - Processing /home/kai/.local/lib/python3.8/site-packages/airflow/example_dags/example_complex.py took 0.082 seconds
[2024-08-18 11:51:24,321] {processor.py:153} INFO - Started process (PID=772021) to work on /home/kai/.local/lib/python3.8/site-packages/airflow/example_dags/example_complex.py
[2024-08-18 11:51:24,325] {processor.py:641} INFO - Processing file /home/kai/.local/lib/python3.8/site-packages/airflow/example_dags/example_complex.py for tasks to queue
[2024-08-18 11:51:24,326] {logging_mixin.py:115} INFO - [2024-08-18 11:51:24,326] {dagbag.py:507} INFO - Filling up the DagBag from /home/kai/.local/lib/python3.8/site-packages/airflow/example_dags/example_complex.py
[2024-08-18 11:51:24,342] {processor.py:651} INFO - DAG(s) dict_keys(['example_complex']) retrieved from /home/kai/.local/lib/python3.8/site-packages/airflow/example_dags/example_complex.py
[2024-08-18 11:51:24,364] {logging_mixin.py:115} INFO - [2024-08-18 11:51:24,364] {dag.py:2379} INFO - Sync 1 DAGs
[2024-08-18 11:51:24,386] {logging_mixin.py:115} INFO - [2024-08-18 11:51:24,385] {dag.py:2927} INFO - Setting next_dagrun for example_complex to None, run_after=None
[2024-08-18 11:51:24,421] {processor.py:161} INFO - Processing /home/kai/.local/lib/python3.8/site-packages/airflow/example_dags/example_complex.py took 0.104 seconds
[2024-08-18 11:52:01,794] {processor.py:153} INFO - Started process (PID=772771) to work on /home/kai/.local/lib/python3.8/site-packages/airflow/example_dags/example_complex.py
[2024-08-18 11:52:01,796] {processor.py:641} INFO - Processing file /home/kai/.local/lib/python3.8/site-packages/airflow/example_dags/example_complex.py for tasks to queue
[2024-08-18 11:52:01,797] {logging_mixin.py:115} INFO - [2024-08-18 11:52:01,797] {dagbag.py:507} INFO - Filling up the DagBag from /home/kai/.local/lib/python3.8/site-packages/airflow/example_dags/example_complex.py
[2024-08-18 11:52:01,821] {processor.py:651} INFO - DAG(s) dict_keys(['example_complex']) retrieved from /home/kai/.local/lib/python3.8/site-packages/airflow/example_dags/example_complex.py
[2024-08-18 11:52:01,855] {logging_mixin.py:115} INFO - [2024-08-18 11:52:01,855] {dag.py:2379} INFO - Sync 1 DAGs
[2024-08-18 11:52:01,877] {logging_mixin.py:115} INFO - [2024-08-18 11:52:01,877] {dag.py:2927} INFO - Setting next_dagrun for example_complex to None, run_after=None
[2024-08-18 11:52:01,888] {processor.py:161} INFO - Processing /home/kai/.local/lib/python3.8/site-packages/airflow/example_dags/example_complex.py took 0.097 seconds
[2024-08-18 11:52:36,888] {processor.py:153} INFO - Started process (PID=773195) to work on /home/kai/.local/lib/python3.8/site-packages/airflow/example_dags/example_complex.py
[2024-08-18 11:52:36,891] {processor.py:641} INFO - Processing file /home/kai/.local/lib/python3.8/site-packages/airflow/example_dags/example_complex.py for tasks to queue
[2024-08-18 11:52:36,891] {logging_mixin.py:115} INFO - [2024-08-18 11:52:36,891] {dagbag.py:507} INFO - Filling up the DagBag from /home/kai/.local/lib/python3.8/site-packages/airflow/example_dags/example_complex.py
[2024-08-18 11:52:36,904] {processor.py:651} INFO - DAG(s) dict_keys(['example_complex']) retrieved from /home/kai/.local/lib/python3.8/site-packages/airflow/example_dags/example_complex.py
[2024-08-18 11:52:36,929] {logging_mixin.py:115} INFO - [2024-08-18 11:52:36,929] {dag.py:2379} INFO - Sync 1 DAGs
[2024-08-18 11:52:36,948] {logging_mixin.py:115} INFO - [2024-08-18 11:52:36,948] {dag.py:2927} INFO - Setting next_dagrun for example_complex to None, run_after=None
[2024-08-18 11:52:36,964] {processor.py:161} INFO - Processing /home/kai/.local/lib/python3.8/site-packages/airflow/example_dags/example_complex.py took 0.079 seconds
[2024-08-18 11:53:12,975] {processor.py:153} INFO - Started process (PID=773613) to work on /home/kai/.local/lib/python3.8/site-packages/airflow/example_dags/example_complex.py
[2024-08-18 11:53:12,981] {processor.py:641} INFO - Processing file /home/kai/.local/lib/python3.8/site-packages/airflow/example_dags/example_complex.py for tasks to queue
[2024-08-18 11:53:12,981] {logging_mixin.py:115} INFO - [2024-08-18 11:53:12,981] {dagbag.py:507} INFO - Filling up the DagBag from /home/kai/.local/lib/python3.8/site-packages/airflow/example_dags/example_complex.py
[2024-08-18 11:53:12,993] {processor.py:651} INFO - DAG(s) dict_keys(['example_complex']) retrieved from /home/kai/.local/lib/python3.8/site-packages/airflow/example_dags/example_complex.py
[2024-08-18 11:53:13,016] {logging_mixin.py:115} INFO - [2024-08-18 11:53:13,016] {dag.py:2379} INFO - Sync 1 DAGs
[2024-08-18 11:53:13,032] {logging_mixin.py:115} INFO - [2024-08-18 11:53:13,032] {dag.py:2927} INFO - Setting next_dagrun for example_complex to None, run_after=None
[2024-08-18 11:53:13,047] {processor.py:161} INFO - Processing /home/kai/.local/lib/python3.8/site-packages/airflow/example_dags/example_complex.py took 0.074 seconds
[2024-08-18 11:53:47,684] {processor.py:153} INFO - Started process (PID=774028) to work on /home/kai/.local/lib/python3.8/site-packages/airflow/example_dags/example_complex.py
[2024-08-18 11:53:47,686] {processor.py:641} INFO - Processing file /home/kai/.local/lib/python3.8/site-packages/airflow/example_dags/example_complex.py for tasks to queue
[2024-08-18 11:53:47,687] {logging_mixin.py:115} INFO - [2024-08-18 11:53:47,686] {dagbag.py:507} INFO - Filling up the DagBag from /home/kai/.local/lib/python3.8/site-packages/airflow/example_dags/example_complex.py
[2024-08-18 11:53:47,707] {processor.py:651} INFO - DAG(s) dict_keys(['example_complex']) retrieved from /home/kai/.local/lib/python3.8/site-packages/airflow/example_dags/example_complex.py
[2024-08-18 11:53:47,735] {logging_mixin.py:115} INFO - [2024-08-18 11:53:47,735] {dag.py:2379} INFO - Sync 1 DAGs
[2024-08-18 11:53:47,758] {logging_mixin.py:115} INFO - [2024-08-18 11:53:47,758] {dag.py:2927} INFO - Setting next_dagrun for example_complex to None, run_after=None
[2024-08-18 11:53:47,775] {processor.py:161} INFO - Processing /home/kai/.local/lib/python3.8/site-packages/airflow/example_dags/example_complex.py took 0.095 seconds
[2024-08-18 11:54:22,969] {processor.py:153} INFO - Started process (PID=774444) to work on /home/kai/.local/lib/python3.8/site-packages/airflow/example_dags/example_complex.py
[2024-08-18 11:54:22,982] {processor.py:641} INFO - Processing file /home/kai/.local/lib/python3.8/site-packages/airflow/example_dags/example_complex.py for tasks to queue
[2024-08-18 11:54:22,983] {logging_mixin.py:115} INFO - [2024-08-18 11:54:22,983] {dagbag.py:507} INFO - Filling up the DagBag from /home/kai/.local/lib/python3.8/site-packages/airflow/example_dags/example_complex.py
[2024-08-18 11:54:23,005] {processor.py:651} INFO - DAG(s) dict_keys(['example_complex']) retrieved from /home/kai/.local/lib/python3.8/site-packages/airflow/example_dags/example_complex.py
[2024-08-18 11:54:23,066] {logging_mixin.py:115} INFO - [2024-08-18 11:54:23,066] {dag.py:2379} INFO - Sync 1 DAGs
[2024-08-18 11:54:23,100] {logging_mixin.py:115} INFO - [2024-08-18 11:54:23,100] {dag.py:2927} INFO - Setting next_dagrun for example_complex to None, run_after=None
[2024-08-18 11:54:23,114] {processor.py:161} INFO - Processing /home/kai/.local/lib/python3.8/site-packages/airflow/example_dags/example_complex.py took 0.150 seconds
[2024-08-18 11:54:56,414] {processor.py:153} INFO - Started process (PID=774865) to work on /home/kai/.local/lib/python3.8/site-packages/airflow/example_dags/example_complex.py
[2024-08-18 11:54:56,419] {processor.py:641} INFO - Processing file /home/kai/.local/lib/python3.8/site-packages/airflow/example_dags/example_complex.py for tasks to queue
[2024-08-18 11:54:56,419] {logging_mixin.py:115} INFO - [2024-08-18 11:54:56,419] {dagbag.py:507} INFO - Filling up the DagBag from /home/kai/.local/lib/python3.8/site-packages/airflow/example_dags/example_complex.py
[2024-08-18 11:54:56,434] {processor.py:651} INFO - DAG(s) dict_keys(['example_complex']) retrieved from /home/kai/.local/lib/python3.8/site-packages/airflow/example_dags/example_complex.py
[2024-08-18 11:54:56,463] {logging_mixin.py:115} INFO - [2024-08-18 11:54:56,463] {dag.py:2379} INFO - Sync 1 DAGs
[2024-08-18 11:54:56,483] {logging_mixin.py:115} INFO - [2024-08-18 11:54:56,483] {dag.py:2927} INFO - Setting next_dagrun for example_complex to None, run_after=None
[2024-08-18 11:54:56,493] {processor.py:161} INFO - Processing /home/kai/.local/lib/python3.8/site-packages/airflow/example_dags/example_complex.py took 0.083 seconds
[2024-08-18 11:55:32,361] {processor.py:153} INFO - Started process (PID=775278) to work on /home/kai/.local/lib/python3.8/site-packages/airflow/example_dags/example_complex.py
[2024-08-18 11:55:32,362] {processor.py:641} INFO - Processing file /home/kai/.local/lib/python3.8/site-packages/airflow/example_dags/example_complex.py for tasks to queue
[2024-08-18 11:55:32,363] {logging_mixin.py:115} INFO - [2024-08-18 11:55:32,363] {dagbag.py:507} INFO - Filling up the DagBag from /home/kai/.local/lib/python3.8/site-packages/airflow/example_dags/example_complex.py
[2024-08-18 11:55:32,382] {processor.py:651} INFO - DAG(s) dict_keys(['example_complex']) retrieved from /home/kai/.local/lib/python3.8/site-packages/airflow/example_dags/example_complex.py
[2024-08-18 11:55:32,412] {logging_mixin.py:115} INFO - [2024-08-18 11:55:32,411] {dag.py:2379} INFO - Sync 1 DAGs
[2024-08-18 11:55:32,443] {logging_mixin.py:115} INFO - [2024-08-18 11:55:32,443] {dag.py:2927} INFO - Setting next_dagrun for example_complex to None, run_after=None
[2024-08-18 11:55:32,470] {processor.py:161} INFO - Processing /home/kai/.local/lib/python3.8/site-packages/airflow/example_dags/example_complex.py took 0.116 seconds
[2024-08-18 11:56:07,924] {processor.py:153} INFO - Started process (PID=775702) to work on /home/kai/.local/lib/python3.8/site-packages/airflow/example_dags/example_complex.py
[2024-08-18 11:56:07,935] {processor.py:641} INFO - Processing file /home/kai/.local/lib/python3.8/site-packages/airflow/example_dags/example_complex.py for tasks to queue
[2024-08-18 11:56:07,936] {logging_mixin.py:115} INFO - [2024-08-18 11:56:07,936] {dagbag.py:507} INFO - Filling up the DagBag from /home/kai/.local/lib/python3.8/site-packages/airflow/example_dags/example_complex.py
[2024-08-18 11:56:07,951] {processor.py:651} INFO - DAG(s) dict_keys(['example_complex']) retrieved from /home/kai/.local/lib/python3.8/site-packages/airflow/example_dags/example_complex.py
[2024-08-18 11:56:07,977] {logging_mixin.py:115} INFO - [2024-08-18 11:56:07,977] {dag.py:2379} INFO - Sync 1 DAGs
[2024-08-18 11:56:08,001] {logging_mixin.py:115} INFO - [2024-08-18 11:56:08,001] {dag.py:2927} INFO - Setting next_dagrun for example_complex to None, run_after=None
[2024-08-18 11:56:08,029] {processor.py:161} INFO - Processing /home/kai/.local/lib/python3.8/site-packages/airflow/example_dags/example_complex.py took 0.109 seconds
[2024-08-18 11:56:44,723] {processor.py:153} INFO - Started process (PID=776102) to work on /home/kai/.local/lib/python3.8/site-packages/airflow/example_dags/example_complex.py
[2024-08-18 11:56:44,727] {processor.py:641} INFO - Processing file /home/kai/.local/lib/python3.8/site-packages/airflow/example_dags/example_complex.py for tasks to queue
[2024-08-18 11:56:44,728] {logging_mixin.py:115} INFO - [2024-08-18 11:56:44,728] {dagbag.py:507} INFO - Filling up the DagBag from /home/kai/.local/lib/python3.8/site-packages/airflow/example_dags/example_complex.py
[2024-08-18 11:56:44,760] {processor.py:651} INFO - DAG(s) dict_keys(['example_complex']) retrieved from /home/kai/.local/lib/python3.8/site-packages/airflow/example_dags/example_complex.py
[2024-08-18 11:56:44,789] {logging_mixin.py:115} INFO - [2024-08-18 11:56:44,788] {dag.py:2379} INFO - Sync 1 DAGs
[2024-08-18 11:56:44,815] {logging_mixin.py:115} INFO - [2024-08-18 11:56:44,815] {dag.py:2927} INFO - Setting next_dagrun for example_complex to None, run_after=None
[2024-08-18 11:56:44,829] {processor.py:161} INFO - Processing /home/kai/.local/lib/python3.8/site-packages/airflow/example_dags/example_complex.py took 0.109 seconds
[2024-08-18 11:57:24,079] {processor.py:153} INFO - Started process (PID=776550) to work on /home/kai/.local/lib/python3.8/site-packages/airflow/example_dags/example_complex.py
[2024-08-18 11:57:24,080] {processor.py:641} INFO - Processing file /home/kai/.local/lib/python3.8/site-packages/airflow/example_dags/example_complex.py for tasks to queue
[2024-08-18 11:57:24,081] {logging_mixin.py:115} INFO - [2024-08-18 11:57:24,081] {dagbag.py:507} INFO - Filling up the DagBag from /home/kai/.local/lib/python3.8/site-packages/airflow/example_dags/example_complex.py
[2024-08-18 11:57:24,102] {processor.py:651} INFO - DAG(s) dict_keys(['example_complex']) retrieved from /home/kai/.local/lib/python3.8/site-packages/airflow/example_dags/example_complex.py
[2024-08-18 11:57:24,126] {logging_mixin.py:115} INFO - [2024-08-18 11:57:24,126] {dag.py:2379} INFO - Sync 1 DAGs
[2024-08-18 11:57:24,143] {logging_mixin.py:115} INFO - [2024-08-18 11:57:24,142] {dag.py:2927} INFO - Setting next_dagrun for example_complex to None, run_after=None
[2024-08-18 11:57:24,159] {processor.py:161} INFO - Processing /home/kai/.local/lib/python3.8/site-packages/airflow/example_dags/example_complex.py took 0.089 seconds
[2024-08-18 11:58:04,915] {processor.py:153} INFO - Started process (PID=777004) to work on /home/kai/.local/lib/python3.8/site-packages/airflow/example_dags/example_complex.py
[2024-08-18 11:58:04,920] {processor.py:641} INFO - Processing file /home/kai/.local/lib/python3.8/site-packages/airflow/example_dags/example_complex.py for tasks to queue
[2024-08-18 11:58:04,925] {logging_mixin.py:115} INFO - [2024-08-18 11:58:04,925] {dagbag.py:507} INFO - Filling up the DagBag from /home/kai/.local/lib/python3.8/site-packages/airflow/example_dags/example_complex.py
[2024-08-18 11:58:04,945] {processor.py:651} INFO - DAG(s) dict_keys(['example_complex']) retrieved from /home/kai/.local/lib/python3.8/site-packages/airflow/example_dags/example_complex.py
[2024-08-18 11:58:04,990] {logging_mixin.py:115} INFO - [2024-08-18 11:58:04,989] {dag.py:2379} INFO - Sync 1 DAGs
[2024-08-18 11:58:05,019] {logging_mixin.py:115} INFO - [2024-08-18 11:58:05,019] {dag.py:2927} INFO - Setting next_dagrun for example_complex to None, run_after=None
[2024-08-18 11:58:05,041] {processor.py:161} INFO - Processing /home/kai/.local/lib/python3.8/site-packages/airflow/example_dags/example_complex.py took 0.131 seconds
[2024-08-18 11:58:44,125] {processor.py:153} INFO - Started process (PID=777458) to work on /home/kai/.local/lib/python3.8/site-packages/airflow/example_dags/example_complex.py
[2024-08-18 11:58:44,137] {processor.py:641} INFO - Processing file /home/kai/.local/lib/python3.8/site-packages/airflow/example_dags/example_complex.py for tasks to queue
[2024-08-18 11:58:44,138] {logging_mixin.py:115} INFO - [2024-08-18 11:58:44,138] {dagbag.py:507} INFO - Filling up the DagBag from /home/kai/.local/lib/python3.8/site-packages/airflow/example_dags/example_complex.py
[2024-08-18 11:58:44,150] {processor.py:651} INFO - DAG(s) dict_keys(['example_complex']) retrieved from /home/kai/.local/lib/python3.8/site-packages/airflow/example_dags/example_complex.py
[2024-08-18 11:58:44,181] {logging_mixin.py:115} INFO - [2024-08-18 11:58:44,181] {dag.py:2379} INFO - Sync 1 DAGs
[2024-08-18 11:58:44,204] {logging_mixin.py:115} INFO - [2024-08-18 11:58:44,204] {dag.py:2927} INFO - Setting next_dagrun for example_complex to None, run_after=None
[2024-08-18 11:58:44,223] {processor.py:161} INFO - Processing /home/kai/.local/lib/python3.8/site-packages/airflow/example_dags/example_complex.py took 0.102 seconds
[2024-08-18 11:59:20,582] {processor.py:153} INFO - Started process (PID=777862) to work on /home/kai/.local/lib/python3.8/site-packages/airflow/example_dags/example_complex.py
[2024-08-18 11:59:20,584] {processor.py:641} INFO - Processing file /home/kai/.local/lib/python3.8/site-packages/airflow/example_dags/example_complex.py for tasks to queue
[2024-08-18 11:59:20,585] {logging_mixin.py:115} INFO - [2024-08-18 11:59:20,584] {dagbag.py:507} INFO - Filling up the DagBag from /home/kai/.local/lib/python3.8/site-packages/airflow/example_dags/example_complex.py
[2024-08-18 11:59:20,602] {processor.py:651} INFO - DAG(s) dict_keys(['example_complex']) retrieved from /home/kai/.local/lib/python3.8/site-packages/airflow/example_dags/example_complex.py
[2024-08-18 11:59:20,628] {logging_mixin.py:115} INFO - [2024-08-18 11:59:20,628] {dag.py:2379} INFO - Sync 1 DAGs
[2024-08-18 11:59:20,652] {logging_mixin.py:115} INFO - [2024-08-18 11:59:20,652] {dag.py:2927} INFO - Setting next_dagrun for example_complex to None, run_after=None
[2024-08-18 11:59:20,668] {processor.py:161} INFO - Processing /home/kai/.local/lib/python3.8/site-packages/airflow/example_dags/example_complex.py took 0.090 seconds
[2024-08-18 11:59:56,925] {processor.py:153} INFO - Started process (PID=778303) to work on /home/kai/.local/lib/python3.8/site-packages/airflow/example_dags/example_complex.py
[2024-08-18 11:59:56,926] {processor.py:641} INFO - Processing file /home/kai/.local/lib/python3.8/site-packages/airflow/example_dags/example_complex.py for tasks to queue
[2024-08-18 11:59:56,927] {logging_mixin.py:115} INFO - [2024-08-18 11:59:56,927] {dagbag.py:507} INFO - Filling up the DagBag from /home/kai/.local/lib/python3.8/site-packages/airflow/example_dags/example_complex.py
[2024-08-18 11:59:56,943] {processor.py:651} INFO - DAG(s) dict_keys(['example_complex']) retrieved from /home/kai/.local/lib/python3.8/site-packages/airflow/example_dags/example_complex.py
[2024-08-18 11:59:56,981] {logging_mixin.py:115} INFO - [2024-08-18 11:59:56,981] {dag.py:2379} INFO - Sync 1 DAGs
[2024-08-18 11:59:57,004] {logging_mixin.py:115} INFO - [2024-08-18 11:59:57,004] {dag.py:2927} INFO - Setting next_dagrun for example_complex to None, run_after=None
[2024-08-18 11:59:57,016] {processor.py:161} INFO - Processing /home/kai/.local/lib/python3.8/site-packages/airflow/example_dags/example_complex.py took 0.094 seconds
[2024-08-18 12:03:20,210] {processor.py:153} INFO - Started process (PID=4407) to work on /home/kai/.local/lib/python3.8/site-packages/airflow/example_dags/example_complex.py
[2024-08-18 12:03:20,211] {processor.py:641} INFO - Processing file /home/kai/.local/lib/python3.8/site-packages/airflow/example_dags/example_complex.py for tasks to queue
[2024-08-18 12:03:20,212] {logging_mixin.py:115} INFO - [2024-08-18 12:03:20,212] {dagbag.py:507} INFO - Filling up the DagBag from /home/kai/.local/lib/python3.8/site-packages/airflow/example_dags/example_complex.py
[2024-08-18 12:03:20,222] {processor.py:651} INFO - DAG(s) dict_keys(['example_complex']) retrieved from /home/kai/.local/lib/python3.8/site-packages/airflow/example_dags/example_complex.py
[2024-08-18 12:03:20,239] {logging_mixin.py:115} INFO - [2024-08-18 12:03:20,239] {dag.py:2379} INFO - Sync 1 DAGs
[2024-08-18 12:03:20,253] {logging_mixin.py:115} INFO - [2024-08-18 12:03:20,253] {dag.py:2927} INFO - Setting next_dagrun for example_complex to None, run_after=None
[2024-08-18 12:03:20,264] {processor.py:161} INFO - Processing /home/kai/.local/lib/python3.8/site-packages/airflow/example_dags/example_complex.py took 0.057 seconds
[2024-08-18 12:03:52,539] {processor.py:153} INFO - Started process (PID=4837) to work on /home/kai/.local/lib/python3.8/site-packages/airflow/example_dags/example_complex.py
[2024-08-18 12:03:52,539] {processor.py:641} INFO - Processing file /home/kai/.local/lib/python3.8/site-packages/airflow/example_dags/example_complex.py for tasks to queue
[2024-08-18 12:03:52,540] {logging_mixin.py:115} INFO - [2024-08-18 12:03:52,540] {dagbag.py:507} INFO - Filling up the DagBag from /home/kai/.local/lib/python3.8/site-packages/airflow/example_dags/example_complex.py
[2024-08-18 12:03:52,555] {processor.py:651} INFO - DAG(s) dict_keys(['example_complex']) retrieved from /home/kai/.local/lib/python3.8/site-packages/airflow/example_dags/example_complex.py
[2024-08-18 12:03:52,572] {logging_mixin.py:115} INFO - [2024-08-18 12:03:52,572] {dag.py:2379} INFO - Sync 1 DAGs
[2024-08-18 12:03:52,591] {logging_mixin.py:115} INFO - [2024-08-18 12:03:52,591] {dag.py:2927} INFO - Setting next_dagrun for example_complex to None, run_after=None
[2024-08-18 12:03:52,604] {processor.py:161} INFO - Processing /home/kai/.local/lib/python3.8/site-packages/airflow/example_dags/example_complex.py took 0.068 seconds
[2024-08-18 12:04:26,071] {processor.py:153} INFO - Started process (PID=5016) to work on /home/kai/.local/lib/python3.8/site-packages/airflow/example_dags/example_complex.py
[2024-08-18 12:04:26,072] {processor.py:641} INFO - Processing file /home/kai/.local/lib/python3.8/site-packages/airflow/example_dags/example_complex.py for tasks to queue
[2024-08-18 12:04:26,073] {logging_mixin.py:115} INFO - [2024-08-18 12:04:26,073] {dagbag.py:507} INFO - Filling up the DagBag from /home/kai/.local/lib/python3.8/site-packages/airflow/example_dags/example_complex.py
[2024-08-18 12:04:26,087] {processor.py:651} INFO - DAG(s) dict_keys(['example_complex']) retrieved from /home/kai/.local/lib/python3.8/site-packages/airflow/example_dags/example_complex.py
[2024-08-18 12:04:26,107] {logging_mixin.py:115} INFO - [2024-08-18 12:04:26,106] {dag.py:2379} INFO - Sync 1 DAGs
[2024-08-18 12:04:26,124] {logging_mixin.py:115} INFO - [2024-08-18 12:04:26,124] {dag.py:2927} INFO - Setting next_dagrun for example_complex to None, run_after=None
[2024-08-18 12:04:26,135] {processor.py:161} INFO - Processing /home/kai/.local/lib/python3.8/site-packages/airflow/example_dags/example_complex.py took 0.066 seconds
[2024-08-18 12:05:00,373] {processor.py:153} INFO - Started process (PID=5178) to work on /home/kai/.local/lib/python3.8/site-packages/airflow/example_dags/example_complex.py
[2024-08-18 12:05:00,374] {processor.py:641} INFO - Processing file /home/kai/.local/lib/python3.8/site-packages/airflow/example_dags/example_complex.py for tasks to queue
[2024-08-18 12:05:00,374] {logging_mixin.py:115} INFO - [2024-08-18 12:05:00,374] {dagbag.py:507} INFO - Filling up the DagBag from /home/kai/.local/lib/python3.8/site-packages/airflow/example_dags/example_complex.py
[2024-08-18 12:05:00,385] {processor.py:651} INFO - DAG(s) dict_keys(['example_complex']) retrieved from /home/kai/.local/lib/python3.8/site-packages/airflow/example_dags/example_complex.py
[2024-08-18 12:05:00,401] {logging_mixin.py:115} INFO - [2024-08-18 12:05:00,401] {dag.py:2379} INFO - Sync 1 DAGs
[2024-08-18 12:05:00,424] {logging_mixin.py:115} INFO - [2024-08-18 12:05:00,424] {dag.py:2927} INFO - Setting next_dagrun for example_complex to None, run_after=None
[2024-08-18 12:05:00,438] {processor.py:161} INFO - Processing /home/kai/.local/lib/python3.8/site-packages/airflow/example_dags/example_complex.py took 0.069 seconds
[2024-08-18 12:05:32,249] {processor.py:153} INFO - Started process (PID=5353) to work on /home/kai/.local/lib/python3.8/site-packages/airflow/example_dags/example_complex.py
[2024-08-18 12:05:32,250] {processor.py:641} INFO - Processing file /home/kai/.local/lib/python3.8/site-packages/airflow/example_dags/example_complex.py for tasks to queue
[2024-08-18 12:05:32,250] {logging_mixin.py:115} INFO - [2024-08-18 12:05:32,250] {dagbag.py:507} INFO - Filling up the DagBag from /home/kai/.local/lib/python3.8/site-packages/airflow/example_dags/example_complex.py
[2024-08-18 12:05:32,261] {processor.py:651} INFO - DAG(s) dict_keys(['example_complex']) retrieved from /home/kai/.local/lib/python3.8/site-packages/airflow/example_dags/example_complex.py
[2024-08-18 12:05:32,277] {logging_mixin.py:115} INFO - [2024-08-18 12:05:32,277] {dag.py:2379} INFO - Sync 1 DAGs
[2024-08-18 12:05:32,291] {logging_mixin.py:115} INFO - [2024-08-18 12:05:32,291] {dag.py:2927} INFO - Setting next_dagrun for example_complex to None, run_after=None
[2024-08-18 12:05:32,304] {processor.py:161} INFO - Processing /home/kai/.local/lib/python3.8/site-packages/airflow/example_dags/example_complex.py took 0.058 seconds
[2024-08-18 12:06:03,687] {processor.py:153} INFO - Started process (PID=5518) to work on /home/kai/.local/lib/python3.8/site-packages/airflow/example_dags/example_complex.py
[2024-08-18 12:06:03,688] {processor.py:641} INFO - Processing file /home/kai/.local/lib/python3.8/site-packages/airflow/example_dags/example_complex.py for tasks to queue
[2024-08-18 12:06:03,688] {logging_mixin.py:115} INFO - [2024-08-18 12:06:03,688] {dagbag.py:507} INFO - Filling up the DagBag from /home/kai/.local/lib/python3.8/site-packages/airflow/example_dags/example_complex.py
[2024-08-18 12:06:03,699] {processor.py:651} INFO - DAG(s) dict_keys(['example_complex']) retrieved from /home/kai/.local/lib/python3.8/site-packages/airflow/example_dags/example_complex.py
[2024-08-18 12:06:03,717] {logging_mixin.py:115} INFO - [2024-08-18 12:06:03,717] {dag.py:2379} INFO - Sync 1 DAGs
[2024-08-18 12:06:03,733] {logging_mixin.py:115} INFO - [2024-08-18 12:06:03,733] {dag.py:2927} INFO - Setting next_dagrun for example_complex to None, run_after=None
[2024-08-18 12:06:03,743] {processor.py:161} INFO - Processing /home/kai/.local/lib/python3.8/site-packages/airflow/example_dags/example_complex.py took 0.059 seconds
[2024-08-18 12:06:36,808] {processor.py:153} INFO - Started process (PID=5698) to work on /home/kai/.local/lib/python3.8/site-packages/airflow/example_dags/example_complex.py
[2024-08-18 12:06:36,809] {processor.py:641} INFO - Processing file /home/kai/.local/lib/python3.8/site-packages/airflow/example_dags/example_complex.py for tasks to queue
[2024-08-18 12:06:36,810] {logging_mixin.py:115} INFO - [2024-08-18 12:06:36,809] {dagbag.py:507} INFO - Filling up the DagBag from /home/kai/.local/lib/python3.8/site-packages/airflow/example_dags/example_complex.py
[2024-08-18 12:06:36,821] {processor.py:651} INFO - DAG(s) dict_keys(['example_complex']) retrieved from /home/kai/.local/lib/python3.8/site-packages/airflow/example_dags/example_complex.py
[2024-08-18 12:06:36,837] {logging_mixin.py:115} INFO - [2024-08-18 12:06:36,837] {dag.py:2379} INFO - Sync 1 DAGs
[2024-08-18 12:06:36,850] {logging_mixin.py:115} INFO - [2024-08-18 12:06:36,850] {dag.py:2927} INFO - Setting next_dagrun for example_complex to None, run_after=None
[2024-08-18 12:06:36,860] {processor.py:161} INFO - Processing /home/kai/.local/lib/python3.8/site-packages/airflow/example_dags/example_complex.py took 0.055 seconds
[2024-08-18 12:07:10,401] {processor.py:153} INFO - Started process (PID=5871) to work on /home/kai/.local/lib/python3.8/site-packages/airflow/example_dags/example_complex.py
[2024-08-18 12:07:10,402] {processor.py:641} INFO - Processing file /home/kai/.local/lib/python3.8/site-packages/airflow/example_dags/example_complex.py for tasks to queue
[2024-08-18 12:07:10,403] {logging_mixin.py:115} INFO - [2024-08-18 12:07:10,402] {dagbag.py:507} INFO - Filling up the DagBag from /home/kai/.local/lib/python3.8/site-packages/airflow/example_dags/example_complex.py
[2024-08-18 12:07:10,413] {processor.py:651} INFO - DAG(s) dict_keys(['example_complex']) retrieved from /home/kai/.local/lib/python3.8/site-packages/airflow/example_dags/example_complex.py
[2024-08-18 12:07:10,430] {logging_mixin.py:115} INFO - [2024-08-18 12:07:10,430] {dag.py:2379} INFO - Sync 1 DAGs
[2024-08-18 12:07:10,446] {logging_mixin.py:115} INFO - [2024-08-18 12:07:10,446] {dag.py:2927} INFO - Setting next_dagrun for example_complex to None, run_after=None
[2024-08-18 12:07:10,457] {processor.py:161} INFO - Processing /home/kai/.local/lib/python3.8/site-packages/airflow/example_dags/example_complex.py took 0.059 seconds
[2024-08-18 12:07:42,486] {processor.py:153} INFO - Started process (PID=6032) to work on /home/kai/.local/lib/python3.8/site-packages/airflow/example_dags/example_complex.py
[2024-08-18 12:07:42,486] {processor.py:641} INFO - Processing file /home/kai/.local/lib/python3.8/site-packages/airflow/example_dags/example_complex.py for tasks to queue
[2024-08-18 12:07:42,487] {logging_mixin.py:115} INFO - [2024-08-18 12:07:42,487] {dagbag.py:507} INFO - Filling up the DagBag from /home/kai/.local/lib/python3.8/site-packages/airflow/example_dags/example_complex.py
[2024-08-18 12:07:42,498] {processor.py:651} INFO - DAG(s) dict_keys(['example_complex']) retrieved from /home/kai/.local/lib/python3.8/site-packages/airflow/example_dags/example_complex.py
[2024-08-18 12:07:42,515] {logging_mixin.py:115} INFO - [2024-08-18 12:07:42,515] {dag.py:2379} INFO - Sync 1 DAGs
[2024-08-18 12:07:42,531] {logging_mixin.py:115} INFO - [2024-08-18 12:07:42,531] {dag.py:2927} INFO - Setting next_dagrun for example_complex to None, run_after=None
[2024-08-18 12:07:42,542] {processor.py:161} INFO - Processing /home/kai/.local/lib/python3.8/site-packages/airflow/example_dags/example_complex.py took 0.059 seconds
[2024-08-18 12:08:17,158] {processor.py:153} INFO - Started process (PID=6267) to work on /home/kai/.local/lib/python3.8/site-packages/airflow/example_dags/example_complex.py
[2024-08-18 12:08:17,159] {processor.py:641} INFO - Processing file /home/kai/.local/lib/python3.8/site-packages/airflow/example_dags/example_complex.py for tasks to queue
[2024-08-18 12:08:17,160] {logging_mixin.py:115} INFO - [2024-08-18 12:08:17,160] {dagbag.py:507} INFO - Filling up the DagBag from /home/kai/.local/lib/python3.8/site-packages/airflow/example_dags/example_complex.py
[2024-08-18 12:08:17,171] {processor.py:651} INFO - DAG(s) dict_keys(['example_complex']) retrieved from /home/kai/.local/lib/python3.8/site-packages/airflow/example_dags/example_complex.py
[2024-08-18 12:08:17,191] {logging_mixin.py:115} INFO - [2024-08-18 12:08:17,191] {dag.py:2379} INFO - Sync 1 DAGs
[2024-08-18 12:08:17,207] {logging_mixin.py:115} INFO - [2024-08-18 12:08:17,207] {dag.py:2927} INFO - Setting next_dagrun for example_complex to None, run_after=None
[2024-08-18 12:08:17,217] {processor.py:161} INFO - Processing /home/kai/.local/lib/python3.8/site-packages/airflow/example_dags/example_complex.py took 0.061 seconds
[2024-08-18 12:08:49,294] {processor.py:153} INFO - Started process (PID=6423) to work on /home/kai/.local/lib/python3.8/site-packages/airflow/example_dags/example_complex.py
[2024-08-18 12:08:49,294] {processor.py:641} INFO - Processing file /home/kai/.local/lib/python3.8/site-packages/airflow/example_dags/example_complex.py for tasks to queue
[2024-08-18 12:08:49,295] {logging_mixin.py:115} INFO - [2024-08-18 12:08:49,295] {dagbag.py:507} INFO - Filling up the DagBag from /home/kai/.local/lib/python3.8/site-packages/airflow/example_dags/example_complex.py
[2024-08-18 12:08:49,306] {processor.py:651} INFO - DAG(s) dict_keys(['example_complex']) retrieved from /home/kai/.local/lib/python3.8/site-packages/airflow/example_dags/example_complex.py
[2024-08-18 12:08:49,324] {logging_mixin.py:115} INFO - [2024-08-18 12:08:49,324] {dag.py:2379} INFO - Sync 1 DAGs
[2024-08-18 12:08:49,339] {logging_mixin.py:115} INFO - [2024-08-18 12:08:49,339] {dag.py:2927} INFO - Setting next_dagrun for example_complex to None, run_after=None
[2024-08-18 12:08:49,359] {processor.py:161} INFO - Processing /home/kai/.local/lib/python3.8/site-packages/airflow/example_dags/example_complex.py took 0.068 seconds
[2024-08-18 12:09:24,127] {processor.py:153} INFO - Started process (PID=6604) to work on /home/kai/.local/lib/python3.8/site-packages/airflow/example_dags/example_complex.py
[2024-08-18 12:09:24,127] {processor.py:641} INFO - Processing file /home/kai/.local/lib/python3.8/site-packages/airflow/example_dags/example_complex.py for tasks to queue
[2024-08-18 12:09:24,128] {logging_mixin.py:115} INFO - [2024-08-18 12:09:24,128] {dagbag.py:507} INFO - Filling up the DagBag from /home/kai/.local/lib/python3.8/site-packages/airflow/example_dags/example_complex.py
[2024-08-18 12:09:24,137] {processor.py:651} INFO - DAG(s) dict_keys(['example_complex']) retrieved from /home/kai/.local/lib/python3.8/site-packages/airflow/example_dags/example_complex.py
[2024-08-18 12:09:24,152] {logging_mixin.py:115} INFO - [2024-08-18 12:09:24,152] {dag.py:2379} INFO - Sync 1 DAGs
[2024-08-18 12:09:24,166] {logging_mixin.py:115} INFO - [2024-08-18 12:09:24,166] {dag.py:2927} INFO - Setting next_dagrun for example_complex to None, run_after=None
[2024-08-18 12:09:24,175] {processor.py:161} INFO - Processing /home/kai/.local/lib/python3.8/site-packages/airflow/example_dags/example_complex.py took 0.051 seconds
[2024-08-18 12:09:56,078] {processor.py:153} INFO - Started process (PID=6764) to work on /home/kai/.local/lib/python3.8/site-packages/airflow/example_dags/example_complex.py
[2024-08-18 12:09:56,079] {processor.py:641} INFO - Processing file /home/kai/.local/lib/python3.8/site-packages/airflow/example_dags/example_complex.py for tasks to queue
[2024-08-18 12:09:56,080] {logging_mixin.py:115} INFO - [2024-08-18 12:09:56,080] {dagbag.py:507} INFO - Filling up the DagBag from /home/kai/.local/lib/python3.8/site-packages/airflow/example_dags/example_complex.py
[2024-08-18 12:09:56,097] {processor.py:651} INFO - DAG(s) dict_keys(['example_complex']) retrieved from /home/kai/.local/lib/python3.8/site-packages/airflow/example_dags/example_complex.py
[2024-08-18 12:09:56,117] {logging_mixin.py:115} INFO - [2024-08-18 12:09:56,117] {dag.py:2379} INFO - Sync 1 DAGs
[2024-08-18 12:09:56,136] {logging_mixin.py:115} INFO - [2024-08-18 12:09:56,136] {dag.py:2927} INFO - Setting next_dagrun for example_complex to None, run_after=None
[2024-08-18 12:09:56,148] {processor.py:161} INFO - Processing /home/kai/.local/lib/python3.8/site-packages/airflow/example_dags/example_complex.py took 0.074 seconds
[2024-08-18 12:10:28,912] {processor.py:153} INFO - Started process (PID=6938) to work on /home/kai/.local/lib/python3.8/site-packages/airflow/example_dags/example_complex.py
[2024-08-18 12:10:28,914] {processor.py:641} INFO - Processing file /home/kai/.local/lib/python3.8/site-packages/airflow/example_dags/example_complex.py for tasks to queue
[2024-08-18 12:10:28,914] {logging_mixin.py:115} INFO - [2024-08-18 12:10:28,914] {dagbag.py:507} INFO - Filling up the DagBag from /home/kai/.local/lib/python3.8/site-packages/airflow/example_dags/example_complex.py
[2024-08-18 12:10:28,927] {processor.py:651} INFO - DAG(s) dict_keys(['example_complex']) retrieved from /home/kai/.local/lib/python3.8/site-packages/airflow/example_dags/example_complex.py
[2024-08-18 12:10:28,944] {logging_mixin.py:115} INFO - [2024-08-18 12:10:28,944] {dag.py:2379} INFO - Sync 1 DAGs
[2024-08-18 12:10:28,957] {logging_mixin.py:115} INFO - [2024-08-18 12:10:28,957] {dag.py:2927} INFO - Setting next_dagrun for example_complex to None, run_after=None
[2024-08-18 12:10:28,966] {processor.py:161} INFO - Processing /home/kai/.local/lib/python3.8/site-packages/airflow/example_dags/example_complex.py took 0.057 seconds
[2024-08-18 12:11:01,693] {processor.py:153} INFO - Started process (PID=7098) to work on /home/kai/.local/lib/python3.8/site-packages/airflow/example_dags/example_complex.py
[2024-08-18 12:11:01,694] {processor.py:641} INFO - Processing file /home/kai/.local/lib/python3.8/site-packages/airflow/example_dags/example_complex.py for tasks to queue
[2024-08-18 12:11:01,694] {logging_mixin.py:115} INFO - [2024-08-18 12:11:01,694] {dagbag.py:507} INFO - Filling up the DagBag from /home/kai/.local/lib/python3.8/site-packages/airflow/example_dags/example_complex.py
[2024-08-18 12:11:01,703] {processor.py:651} INFO - DAG(s) dict_keys(['example_complex']) retrieved from /home/kai/.local/lib/python3.8/site-packages/airflow/example_dags/example_complex.py
[2024-08-18 12:11:01,718] {logging_mixin.py:115} INFO - [2024-08-18 12:11:01,718] {dag.py:2379} INFO - Sync 1 DAGs
[2024-08-18 12:11:01,732] {logging_mixin.py:115} INFO - [2024-08-18 12:11:01,732] {dag.py:2927} INFO - Setting next_dagrun for example_complex to None, run_after=None
[2024-08-18 12:11:01,741] {processor.py:161} INFO - Processing /home/kai/.local/lib/python3.8/site-packages/airflow/example_dags/example_complex.py took 0.051 seconds
[2024-08-18 12:11:35,012] {processor.py:153} INFO - Started process (PID=7268) to work on /home/kai/.local/lib/python3.8/site-packages/airflow/example_dags/example_complex.py
[2024-08-18 12:11:35,012] {processor.py:641} INFO - Processing file /home/kai/.local/lib/python3.8/site-packages/airflow/example_dags/example_complex.py for tasks to queue
[2024-08-18 12:11:35,013] {logging_mixin.py:115} INFO - [2024-08-18 12:11:35,013] {dagbag.py:507} INFO - Filling up the DagBag from /home/kai/.local/lib/python3.8/site-packages/airflow/example_dags/example_complex.py
[2024-08-18 12:11:35,023] {processor.py:651} INFO - DAG(s) dict_keys(['example_complex']) retrieved from /home/kai/.local/lib/python3.8/site-packages/airflow/example_dags/example_complex.py
[2024-08-18 12:11:35,039] {logging_mixin.py:115} INFO - [2024-08-18 12:11:35,039] {dag.py:2379} INFO - Sync 1 DAGs
[2024-08-18 12:11:35,053] {logging_mixin.py:115} INFO - [2024-08-18 12:11:35,053] {dag.py:2927} INFO - Setting next_dagrun for example_complex to None, run_after=None
[2024-08-18 12:11:35,063] {processor.py:161} INFO - Processing /home/kai/.local/lib/python3.8/site-packages/airflow/example_dags/example_complex.py took 0.054 seconds
[2024-08-18 12:12:10,316] {processor.py:153} INFO - Started process (PID=7437) to work on /home/kai/.local/lib/python3.8/site-packages/airflow/example_dags/example_complex.py
[2024-08-18 12:12:10,316] {processor.py:641} INFO - Processing file /home/kai/.local/lib/python3.8/site-packages/airflow/example_dags/example_complex.py for tasks to queue
[2024-08-18 12:12:10,317] {logging_mixin.py:115} INFO - [2024-08-18 12:12:10,317] {dagbag.py:507} INFO - Filling up the DagBag from /home/kai/.local/lib/python3.8/site-packages/airflow/example_dags/example_complex.py
[2024-08-18 12:12:10,333] {processor.py:651} INFO - DAG(s) dict_keys(['example_complex']) retrieved from /home/kai/.local/lib/python3.8/site-packages/airflow/example_dags/example_complex.py
[2024-08-18 12:12:10,360] {logging_mixin.py:115} INFO - [2024-08-18 12:12:10,359] {dag.py:2379} INFO - Sync 1 DAGs
[2024-08-18 12:12:10,389] {logging_mixin.py:115} INFO - [2024-08-18 12:12:10,389] {dag.py:2927} INFO - Setting next_dagrun for example_complex to None, run_after=None
[2024-08-18 12:12:10,411] {processor.py:161} INFO - Processing /home/kai/.local/lib/python3.8/site-packages/airflow/example_dags/example_complex.py took 0.099 seconds
[2024-08-18 12:12:42,486] {processor.py:153} INFO - Started process (PID=7593) to work on /home/kai/.local/lib/python3.8/site-packages/airflow/example_dags/example_complex.py
[2024-08-18 12:12:42,487] {processor.py:641} INFO - Processing file /home/kai/.local/lib/python3.8/site-packages/airflow/example_dags/example_complex.py for tasks to queue
[2024-08-18 12:12:42,487] {logging_mixin.py:115} INFO - [2024-08-18 12:12:42,487] {dagbag.py:507} INFO - Filling up the DagBag from /home/kai/.local/lib/python3.8/site-packages/airflow/example_dags/example_complex.py
[2024-08-18 12:12:42,498] {processor.py:651} INFO - DAG(s) dict_keys(['example_complex']) retrieved from /home/kai/.local/lib/python3.8/site-packages/airflow/example_dags/example_complex.py
[2024-08-18 12:12:42,519] {logging_mixin.py:115} INFO - [2024-08-18 12:12:42,519] {dag.py:2379} INFO - Sync 1 DAGs
[2024-08-18 12:12:42,534] {logging_mixin.py:115} INFO - [2024-08-18 12:12:42,534] {dag.py:2927} INFO - Setting next_dagrun for example_complex to None, run_after=None
[2024-08-18 12:12:42,548] {processor.py:161} INFO - Processing /home/kai/.local/lib/python3.8/site-packages/airflow/example_dags/example_complex.py took 0.064 seconds
[2024-08-18 12:13:15,509] {processor.py:153} INFO - Started process (PID=7815) to work on /home/kai/.local/lib/python3.8/site-packages/airflow/example_dags/example_complex.py
[2024-08-18 12:13:15,511] {processor.py:641} INFO - Processing file /home/kai/.local/lib/python3.8/site-packages/airflow/example_dags/example_complex.py for tasks to queue
[2024-08-18 12:13:15,512] {logging_mixin.py:115} INFO - [2024-08-18 12:13:15,512] {dagbag.py:507} INFO - Filling up the DagBag from /home/kai/.local/lib/python3.8/site-packages/airflow/example_dags/example_complex.py
[2024-08-18 12:13:15,523] {processor.py:651} INFO - DAG(s) dict_keys(['example_complex']) retrieved from /home/kai/.local/lib/python3.8/site-packages/airflow/example_dags/example_complex.py
[2024-08-18 12:13:15,539] {logging_mixin.py:115} INFO - [2024-08-18 12:13:15,539] {dag.py:2379} INFO - Sync 1 DAGs
[2024-08-18 12:13:15,552] {logging_mixin.py:115} INFO - [2024-08-18 12:13:15,552] {dag.py:2927} INFO - Setting next_dagrun for example_complex to None, run_after=None
[2024-08-18 12:13:15,565] {processor.py:161} INFO - Processing /home/kai/.local/lib/python3.8/site-packages/airflow/example_dags/example_complex.py took 0.058 seconds
[2024-08-18 12:13:49,407] {processor.py:153} INFO - Started process (PID=7983) to work on /home/kai/.local/lib/python3.8/site-packages/airflow/example_dags/example_complex.py
[2024-08-18 12:13:49,408] {processor.py:641} INFO - Processing file /home/kai/.local/lib/python3.8/site-packages/airflow/example_dags/example_complex.py for tasks to queue
[2024-08-18 12:13:49,409] {logging_mixin.py:115} INFO - [2024-08-18 12:13:49,408] {dagbag.py:507} INFO - Filling up the DagBag from /home/kai/.local/lib/python3.8/site-packages/airflow/example_dags/example_complex.py
[2024-08-18 12:13:49,421] {processor.py:651} INFO - DAG(s) dict_keys(['example_complex']) retrieved from /home/kai/.local/lib/python3.8/site-packages/airflow/example_dags/example_complex.py
[2024-08-18 12:13:49,441] {logging_mixin.py:115} INFO - [2024-08-18 12:13:49,441] {dag.py:2379} INFO - Sync 1 DAGs
[2024-08-18 12:13:49,459] {logging_mixin.py:115} INFO - [2024-08-18 12:13:49,459] {dag.py:2927} INFO - Setting next_dagrun for example_complex to None, run_after=None
[2024-08-18 12:13:49,473] {processor.py:161} INFO - Processing /home/kai/.local/lib/python3.8/site-packages/airflow/example_dags/example_complex.py took 0.070 seconds
[2024-08-18 12:14:22,973] {processor.py:153} INFO - Started process (PID=8155) to work on /home/kai/.local/lib/python3.8/site-packages/airflow/example_dags/example_complex.py
[2024-08-18 12:14:22,974] {processor.py:641} INFO - Processing file /home/kai/.local/lib/python3.8/site-packages/airflow/example_dags/example_complex.py for tasks to queue
[2024-08-18 12:14:22,974] {logging_mixin.py:115} INFO - [2024-08-18 12:14:22,974] {dagbag.py:507} INFO - Filling up the DagBag from /home/kai/.local/lib/python3.8/site-packages/airflow/example_dags/example_complex.py
[2024-08-18 12:14:22,984] {processor.py:651} INFO - DAG(s) dict_keys(['example_complex']) retrieved from /home/kai/.local/lib/python3.8/site-packages/airflow/example_dags/example_complex.py
[2024-08-18 12:14:23,001] {logging_mixin.py:115} INFO - [2024-08-18 12:14:23,001] {dag.py:2379} INFO - Sync 1 DAGs
[2024-08-18 12:14:23,016] {logging_mixin.py:115} INFO - [2024-08-18 12:14:23,016] {dag.py:2927} INFO - Setting next_dagrun for example_complex to None, run_after=None
[2024-08-18 12:14:23,027] {processor.py:161} INFO - Processing /home/kai/.local/lib/python3.8/site-packages/airflow/example_dags/example_complex.py took 0.057 seconds
[2024-08-18 12:14:57,015] {processor.py:153} INFO - Started process (PID=8321) to work on /home/kai/.local/lib/python3.8/site-packages/airflow/example_dags/example_complex.py
[2024-08-18 12:14:57,017] {processor.py:641} INFO - Processing file /home/kai/.local/lib/python3.8/site-packages/airflow/example_dags/example_complex.py for tasks to queue
[2024-08-18 12:14:57,018] {logging_mixin.py:115} INFO - [2024-08-18 12:14:57,017] {dagbag.py:507} INFO - Filling up the DagBag from /home/kai/.local/lib/python3.8/site-packages/airflow/example_dags/example_complex.py
[2024-08-18 12:14:57,033] {processor.py:651} INFO - DAG(s) dict_keys(['example_complex']) retrieved from /home/kai/.local/lib/python3.8/site-packages/airflow/example_dags/example_complex.py
[2024-08-18 12:14:57,056] {logging_mixin.py:115} INFO - [2024-08-18 12:14:57,056] {dag.py:2379} INFO - Sync 1 DAGs
[2024-08-18 12:14:57,072] {logging_mixin.py:115} INFO - [2024-08-18 12:14:57,072] {dag.py:2927} INFO - Setting next_dagrun for example_complex to None, run_after=None
[2024-08-18 12:14:57,094] {processor.py:161} INFO - Processing /home/kai/.local/lib/python3.8/site-packages/airflow/example_dags/example_complex.py took 0.082 seconds
[2024-08-18 12:15:30,458] {processor.py:153} INFO - Started process (PID=8503) to work on /home/kai/.local/lib/python3.8/site-packages/airflow/example_dags/example_complex.py
[2024-08-18 12:15:30,459] {processor.py:641} INFO - Processing file /home/kai/.local/lib/python3.8/site-packages/airflow/example_dags/example_complex.py for tasks to queue
[2024-08-18 12:15:30,460] {logging_mixin.py:115} INFO - [2024-08-18 12:15:30,460] {dagbag.py:507} INFO - Filling up the DagBag from /home/kai/.local/lib/python3.8/site-packages/airflow/example_dags/example_complex.py
[2024-08-18 12:15:30,471] {processor.py:651} INFO - DAG(s) dict_keys(['example_complex']) retrieved from /home/kai/.local/lib/python3.8/site-packages/airflow/example_dags/example_complex.py
[2024-08-18 12:15:30,494] {logging_mixin.py:115} INFO - [2024-08-18 12:15:30,494] {dag.py:2379} INFO - Sync 1 DAGs
[2024-08-18 12:15:30,511] {logging_mixin.py:115} INFO - [2024-08-18 12:15:30,511] {dag.py:2927} INFO - Setting next_dagrun for example_complex to None, run_after=None
[2024-08-18 12:15:30,522] {processor.py:161} INFO - Processing /home/kai/.local/lib/python3.8/site-packages/airflow/example_dags/example_complex.py took 0.067 seconds
[2024-08-18 12:16:02,267] {processor.py:153} INFO - Started process (PID=8660) to work on /home/kai/.local/lib/python3.8/site-packages/airflow/example_dags/example_complex.py
[2024-08-18 12:16:02,268] {processor.py:641} INFO - Processing file /home/kai/.local/lib/python3.8/site-packages/airflow/example_dags/example_complex.py for tasks to queue
[2024-08-18 12:16:02,268] {logging_mixin.py:115} INFO - [2024-08-18 12:16:02,268] {dagbag.py:507} INFO - Filling up the DagBag from /home/kai/.local/lib/python3.8/site-packages/airflow/example_dags/example_complex.py
[2024-08-18 12:16:02,279] {processor.py:651} INFO - DAG(s) dict_keys(['example_complex']) retrieved from /home/kai/.local/lib/python3.8/site-packages/airflow/example_dags/example_complex.py
[2024-08-18 12:16:02,298] {logging_mixin.py:115} INFO - [2024-08-18 12:16:02,298] {dag.py:2379} INFO - Sync 1 DAGs
[2024-08-18 12:16:02,314] {logging_mixin.py:115} INFO - [2024-08-18 12:16:02,314] {dag.py:2927} INFO - Setting next_dagrun for example_complex to None, run_after=None
[2024-08-18 12:16:02,329] {processor.py:161} INFO - Processing /home/kai/.local/lib/python3.8/site-packages/airflow/example_dags/example_complex.py took 0.065 seconds
[2024-08-18 12:16:35,057] {processor.py:153} INFO - Started process (PID=8827) to work on /home/kai/.local/lib/python3.8/site-packages/airflow/example_dags/example_complex.py
[2024-08-18 12:16:35,058] {processor.py:641} INFO - Processing file /home/kai/.local/lib/python3.8/site-packages/airflow/example_dags/example_complex.py for tasks to queue
[2024-08-18 12:16:35,059] {logging_mixin.py:115} INFO - [2024-08-18 12:16:35,059] {dagbag.py:507} INFO - Filling up the DagBag from /home/kai/.local/lib/python3.8/site-packages/airflow/example_dags/example_complex.py
[2024-08-18 12:16:35,069] {processor.py:651} INFO - DAG(s) dict_keys(['example_complex']) retrieved from /home/kai/.local/lib/python3.8/site-packages/airflow/example_dags/example_complex.py
[2024-08-18 12:16:35,088] {logging_mixin.py:115} INFO - [2024-08-18 12:16:35,087] {dag.py:2379} INFO - Sync 1 DAGs
[2024-08-18 12:16:35,105] {logging_mixin.py:115} INFO - [2024-08-18 12:16:35,105] {dag.py:2927} INFO - Setting next_dagrun for example_complex to None, run_after=None
[2024-08-18 12:16:35,116] {processor.py:161} INFO - Processing /home/kai/.local/lib/python3.8/site-packages/airflow/example_dags/example_complex.py took 0.063 seconds
[2024-08-18 12:17:09,511] {processor.py:153} INFO - Started process (PID=9002) to work on /home/kai/.local/lib/python3.8/site-packages/airflow/example_dags/example_complex.py
[2024-08-18 12:17:09,512] {processor.py:641} INFO - Processing file /home/kai/.local/lib/python3.8/site-packages/airflow/example_dags/example_complex.py for tasks to queue
[2024-08-18 12:17:09,513] {logging_mixin.py:115} INFO - [2024-08-18 12:17:09,513] {dagbag.py:507} INFO - Filling up the DagBag from /home/kai/.local/lib/python3.8/site-packages/airflow/example_dags/example_complex.py
[2024-08-18 12:17:09,523] {processor.py:651} INFO - DAG(s) dict_keys(['example_complex']) retrieved from /home/kai/.local/lib/python3.8/site-packages/airflow/example_dags/example_complex.py
[2024-08-18 12:17:09,541] {logging_mixin.py:115} INFO - [2024-08-18 12:17:09,541] {dag.py:2379} INFO - Sync 1 DAGs
[2024-08-18 12:17:09,558] {logging_mixin.py:115} INFO - [2024-08-18 12:17:09,558] {dag.py:2927} INFO - Setting next_dagrun for example_complex to None, run_after=None
[2024-08-18 12:17:09,569] {processor.py:161} INFO - Processing /home/kai/.local/lib/python3.8/site-packages/airflow/example_dags/example_complex.py took 0.061 seconds
[2024-08-18 12:17:41,500] {processor.py:153} INFO - Started process (PID=9166) to work on /home/kai/.local/lib/python3.8/site-packages/airflow/example_dags/example_complex.py
[2024-08-18 12:17:41,501] {processor.py:641} INFO - Processing file /home/kai/.local/lib/python3.8/site-packages/airflow/example_dags/example_complex.py for tasks to queue
[2024-08-18 12:17:41,502] {logging_mixin.py:115} INFO - [2024-08-18 12:17:41,501] {dagbag.py:507} INFO - Filling up the DagBag from /home/kai/.local/lib/python3.8/site-packages/airflow/example_dags/example_complex.py
[2024-08-18 12:17:41,511] {processor.py:651} INFO - DAG(s) dict_keys(['example_complex']) retrieved from /home/kai/.local/lib/python3.8/site-packages/airflow/example_dags/example_complex.py
[2024-08-18 12:17:41,527] {logging_mixin.py:115} INFO - [2024-08-18 12:17:41,527] {dag.py:2379} INFO - Sync 1 DAGs
[2024-08-18 12:17:41,540] {logging_mixin.py:115} INFO - [2024-08-18 12:17:41,540] {dag.py:2927} INFO - Setting next_dagrun for example_complex to None, run_after=None
[2024-08-18 12:17:41,554] {processor.py:161} INFO - Processing /home/kai/.local/lib/python3.8/site-packages/airflow/example_dags/example_complex.py took 0.056 seconds
[2024-08-18 12:18:16,901] {processor.py:153} INFO - Started process (PID=9406) to work on /home/kai/.local/lib/python3.8/site-packages/airflow/example_dags/example_complex.py
[2024-08-18 12:18:16,901] {processor.py:641} INFO - Processing file /home/kai/.local/lib/python3.8/site-packages/airflow/example_dags/example_complex.py for tasks to queue
[2024-08-18 12:18:16,902] {logging_mixin.py:115} INFO - [2024-08-18 12:18:16,902] {dagbag.py:507} INFO - Filling up the DagBag from /home/kai/.local/lib/python3.8/site-packages/airflow/example_dags/example_complex.py
[2024-08-18 12:18:16,914] {processor.py:651} INFO - DAG(s) dict_keys(['example_complex']) retrieved from /home/kai/.local/lib/python3.8/site-packages/airflow/example_dags/example_complex.py
[2024-08-18 12:18:16,930] {logging_mixin.py:115} INFO - [2024-08-18 12:18:16,930] {dag.py:2379} INFO - Sync 1 DAGs
[2024-08-18 12:18:16,954] {logging_mixin.py:115} INFO - [2024-08-18 12:18:16,953] {dag.py:2927} INFO - Setting next_dagrun for example_complex to None, run_after=None
[2024-08-18 12:18:16,965] {processor.py:161} INFO - Processing /home/kai/.local/lib/python3.8/site-packages/airflow/example_dags/example_complex.py took 0.067 seconds
[2024-08-18 12:18:49,959] {processor.py:153} INFO - Started process (PID=9569) to work on /home/kai/.local/lib/python3.8/site-packages/airflow/example_dags/example_complex.py
[2024-08-18 12:18:49,961] {processor.py:641} INFO - Processing file /home/kai/.local/lib/python3.8/site-packages/airflow/example_dags/example_complex.py for tasks to queue
[2024-08-18 12:18:49,962] {logging_mixin.py:115} INFO - [2024-08-18 12:18:49,962] {dagbag.py:507} INFO - Filling up the DagBag from /home/kai/.local/lib/python3.8/site-packages/airflow/example_dags/example_complex.py
[2024-08-18 12:18:49,973] {processor.py:651} INFO - DAG(s) dict_keys(['example_complex']) retrieved from /home/kai/.local/lib/python3.8/site-packages/airflow/example_dags/example_complex.py
[2024-08-18 12:18:50,003] {logging_mixin.py:115} INFO - [2024-08-18 12:18:50,003] {dag.py:2379} INFO - Sync 1 DAGs
[2024-08-18 12:18:50,022] {logging_mixin.py:115} INFO - [2024-08-18 12:18:50,022] {dag.py:2927} INFO - Setting next_dagrun for example_complex to None, run_after=None
[2024-08-18 12:18:50,037] {processor.py:161} INFO - Processing /home/kai/.local/lib/python3.8/site-packages/airflow/example_dags/example_complex.py took 0.081 seconds
[2024-08-18 12:19:24,852] {processor.py:153} INFO - Started process (PID=9743) to work on /home/kai/.local/lib/python3.8/site-packages/airflow/example_dags/example_complex.py
[2024-08-18 12:19:24,853] {processor.py:641} INFO - Processing file /home/kai/.local/lib/python3.8/site-packages/airflow/example_dags/example_complex.py for tasks to queue
[2024-08-18 12:19:24,854] {logging_mixin.py:115} INFO - [2024-08-18 12:19:24,854] {dagbag.py:507} INFO - Filling up the DagBag from /home/kai/.local/lib/python3.8/site-packages/airflow/example_dags/example_complex.py
[2024-08-18 12:19:24,869] {processor.py:651} INFO - DAG(s) dict_keys(['example_complex']) retrieved from /home/kai/.local/lib/python3.8/site-packages/airflow/example_dags/example_complex.py
[2024-08-18 12:19:24,887] {logging_mixin.py:115} INFO - [2024-08-18 12:19:24,887] {dag.py:2379} INFO - Sync 1 DAGs
[2024-08-18 12:19:24,901] {logging_mixin.py:115} INFO - [2024-08-18 12:19:24,901] {dag.py:2927} INFO - Setting next_dagrun for example_complex to None, run_after=None
[2024-08-18 12:19:24,913] {processor.py:161} INFO - Processing /home/kai/.local/lib/python3.8/site-packages/airflow/example_dags/example_complex.py took 0.063 seconds
[2024-08-18 12:19:57,943] {processor.py:153} INFO - Started process (PID=9905) to work on /home/kai/.local/lib/python3.8/site-packages/airflow/example_dags/example_complex.py
[2024-08-18 12:19:57,945] {processor.py:641} INFO - Processing file /home/kai/.local/lib/python3.8/site-packages/airflow/example_dags/example_complex.py for tasks to queue
[2024-08-18 12:19:57,946] {logging_mixin.py:115} INFO - [2024-08-18 12:19:57,946] {dagbag.py:507} INFO - Filling up the DagBag from /home/kai/.local/lib/python3.8/site-packages/airflow/example_dags/example_complex.py
[2024-08-18 12:19:57,957] {processor.py:651} INFO - DAG(s) dict_keys(['example_complex']) retrieved from /home/kai/.local/lib/python3.8/site-packages/airflow/example_dags/example_complex.py
[2024-08-18 12:19:57,978] {logging_mixin.py:115} INFO - [2024-08-18 12:19:57,978] {dag.py:2379} INFO - Sync 1 DAGs
[2024-08-18 12:19:57,997] {logging_mixin.py:115} INFO - [2024-08-18 12:19:57,997] {dag.py:2927} INFO - Setting next_dagrun for example_complex to None, run_after=None
[2024-08-18 12:19:58,011] {processor.py:161} INFO - Processing /home/kai/.local/lib/python3.8/site-packages/airflow/example_dags/example_complex.py took 0.071 seconds
[2024-08-18 12:20:33,026] {processor.py:153} INFO - Started process (PID=10085) to work on /home/kai/.local/lib/python3.8/site-packages/airflow/example_dags/example_complex.py
[2024-08-18 12:20:33,030] {processor.py:641} INFO - Processing file /home/kai/.local/lib/python3.8/site-packages/airflow/example_dags/example_complex.py for tasks to queue
[2024-08-18 12:20:33,031] {logging_mixin.py:115} INFO - [2024-08-18 12:20:33,031] {dagbag.py:507} INFO - Filling up the DagBag from /home/kai/.local/lib/python3.8/site-packages/airflow/example_dags/example_complex.py
[2024-08-18 12:20:33,043] {processor.py:651} INFO - DAG(s) dict_keys(['example_complex']) retrieved from /home/kai/.local/lib/python3.8/site-packages/airflow/example_dags/example_complex.py
[2024-08-18 12:20:33,066] {logging_mixin.py:115} INFO - [2024-08-18 12:20:33,066] {dag.py:2379} INFO - Sync 1 DAGs
[2024-08-18 12:20:33,098] {logging_mixin.py:115} INFO - [2024-08-18 12:20:33,098] {dag.py:2927} INFO - Setting next_dagrun for example_complex to None, run_after=None
[2024-08-18 12:20:33,114] {processor.py:161} INFO - Processing /home/kai/.local/lib/python3.8/site-packages/airflow/example_dags/example_complex.py took 0.091 seconds
[2024-08-18 12:21:06,336] {processor.py:153} INFO - Started process (PID=10258) to work on /home/kai/.local/lib/python3.8/site-packages/airflow/example_dags/example_complex.py
[2024-08-18 12:21:06,337] {processor.py:641} INFO - Processing file /home/kai/.local/lib/python3.8/site-packages/airflow/example_dags/example_complex.py for tasks to queue
[2024-08-18 12:21:06,337] {logging_mixin.py:115} INFO - [2024-08-18 12:21:06,337] {dagbag.py:507} INFO - Filling up the DagBag from /home/kai/.local/lib/python3.8/site-packages/airflow/example_dags/example_complex.py
[2024-08-18 12:21:06,351] {processor.py:651} INFO - DAG(s) dict_keys(['example_complex']) retrieved from /home/kai/.local/lib/python3.8/site-packages/airflow/example_dags/example_complex.py
[2024-08-18 12:21:06,375] {logging_mixin.py:115} INFO - [2024-08-18 12:21:06,375] {dag.py:2379} INFO - Sync 1 DAGs
[2024-08-18 12:21:06,394] {logging_mixin.py:115} INFO - [2024-08-18 12:21:06,394] {dag.py:2927} INFO - Setting next_dagrun for example_complex to None, run_after=None
[2024-08-18 12:21:06,406] {processor.py:161} INFO - Processing /home/kai/.local/lib/python3.8/site-packages/airflow/example_dags/example_complex.py took 0.073 seconds
[2024-08-18 12:21:39,628] {processor.py:153} INFO - Started process (PID=10430) to work on /home/kai/.local/lib/python3.8/site-packages/airflow/example_dags/example_complex.py
[2024-08-18 12:21:39,629] {processor.py:641} INFO - Processing file /home/kai/.local/lib/python3.8/site-packages/airflow/example_dags/example_complex.py for tasks to queue
[2024-08-18 12:21:39,630] {logging_mixin.py:115} INFO - [2024-08-18 12:21:39,630] {dagbag.py:507} INFO - Filling up the DagBag from /home/kai/.local/lib/python3.8/site-packages/airflow/example_dags/example_complex.py
[2024-08-18 12:21:39,641] {processor.py:651} INFO - DAG(s) dict_keys(['example_complex']) retrieved from /home/kai/.local/lib/python3.8/site-packages/airflow/example_dags/example_complex.py
[2024-08-18 12:21:39,659] {logging_mixin.py:115} INFO - [2024-08-18 12:21:39,659] {dag.py:2379} INFO - Sync 1 DAGs
[2024-08-18 12:21:39,676] {logging_mixin.py:115} INFO - [2024-08-18 12:21:39,676] {dag.py:2927} INFO - Setting next_dagrun for example_complex to None, run_after=None
[2024-08-18 12:21:39,689] {processor.py:161} INFO - Processing /home/kai/.local/lib/python3.8/site-packages/airflow/example_dags/example_complex.py took 0.065 seconds
[2024-08-18 12:22:13,978] {processor.py:153} INFO - Started process (PID=10606) to work on /home/kai/.local/lib/python3.8/site-packages/airflow/example_dags/example_complex.py
[2024-08-18 12:22:13,979] {processor.py:641} INFO - Processing file /home/kai/.local/lib/python3.8/site-packages/airflow/example_dags/example_complex.py for tasks to queue
[2024-08-18 12:22:13,981] {logging_mixin.py:115} INFO - [2024-08-18 12:22:13,980] {dagbag.py:507} INFO - Filling up the DagBag from /home/kai/.local/lib/python3.8/site-packages/airflow/example_dags/example_complex.py
[2024-08-18 12:22:14,001] {processor.py:651} INFO - DAG(s) dict_keys(['example_complex']) retrieved from /home/kai/.local/lib/python3.8/site-packages/airflow/example_dags/example_complex.py
[2024-08-18 12:22:14,026] {logging_mixin.py:115} INFO - [2024-08-18 12:22:14,026] {dag.py:2379} INFO - Sync 1 DAGs
[2024-08-18 12:22:14,051] {logging_mixin.py:115} INFO - [2024-08-18 12:22:14,051] {dag.py:2927} INFO - Setting next_dagrun for example_complex to None, run_after=None
[2024-08-18 12:22:14,067] {processor.py:161} INFO - Processing /home/kai/.local/lib/python3.8/site-packages/airflow/example_dags/example_complex.py took 0.092 seconds
[2024-08-18 12:22:46,000] {processor.py:153} INFO - Started process (PID=10764) to work on /home/kai/.local/lib/python3.8/site-packages/airflow/example_dags/example_complex.py
[2024-08-18 12:22:46,001] {processor.py:641} INFO - Processing file /home/kai/.local/lib/python3.8/site-packages/airflow/example_dags/example_complex.py for tasks to queue
[2024-08-18 12:22:46,002] {logging_mixin.py:115} INFO - [2024-08-18 12:22:46,002] {dagbag.py:507} INFO - Filling up the DagBag from /home/kai/.local/lib/python3.8/site-packages/airflow/example_dags/example_complex.py
[2024-08-18 12:22:46,013] {processor.py:651} INFO - DAG(s) dict_keys(['example_complex']) retrieved from /home/kai/.local/lib/python3.8/site-packages/airflow/example_dags/example_complex.py
[2024-08-18 12:22:46,033] {logging_mixin.py:115} INFO - [2024-08-18 12:22:46,032] {dag.py:2379} INFO - Sync 1 DAGs
[2024-08-18 12:22:46,055] {logging_mixin.py:115} INFO - [2024-08-18 12:22:46,055] {dag.py:2927} INFO - Setting next_dagrun for example_complex to None, run_after=None
[2024-08-18 12:22:46,071] {processor.py:161} INFO - Processing /home/kai/.local/lib/python3.8/site-packages/airflow/example_dags/example_complex.py took 0.075 seconds
[2024-08-18 12:23:18,735] {processor.py:153} INFO - Started process (PID=11041) to work on /home/kai/.local/lib/python3.8/site-packages/airflow/example_dags/example_complex.py
[2024-08-18 12:23:18,736] {processor.py:641} INFO - Processing file /home/kai/.local/lib/python3.8/site-packages/airflow/example_dags/example_complex.py for tasks to queue
[2024-08-18 12:23:18,737] {logging_mixin.py:115} INFO - [2024-08-18 12:23:18,737] {dagbag.py:507} INFO - Filling up the DagBag from /home/kai/.local/lib/python3.8/site-packages/airflow/example_dags/example_complex.py
[2024-08-18 12:23:18,748] {processor.py:651} INFO - DAG(s) dict_keys(['example_complex']) retrieved from /home/kai/.local/lib/python3.8/site-packages/airflow/example_dags/example_complex.py
[2024-08-18 12:23:18,776] {logging_mixin.py:115} INFO - [2024-08-18 12:23:18,776] {dag.py:2379} INFO - Sync 1 DAGs
[2024-08-18 12:23:18,793] {logging_mixin.py:115} INFO - [2024-08-18 12:23:18,793] {dag.py:2927} INFO - Setting next_dagrun for example_complex to None, run_after=None
[2024-08-18 12:23:18,804] {processor.py:161} INFO - Processing /home/kai/.local/lib/python3.8/site-packages/airflow/example_dags/example_complex.py took 0.072 seconds
[2024-08-18 12:23:56,109] {processor.py:153} INFO - Started process (PID=11221) to work on /home/kai/.local/lib/python3.8/site-packages/airflow/example_dags/example_complex.py
[2024-08-18 12:23:56,110] {processor.py:641} INFO - Processing file /home/kai/.local/lib/python3.8/site-packages/airflow/example_dags/example_complex.py for tasks to queue
[2024-08-18 12:23:56,111] {logging_mixin.py:115} INFO - [2024-08-18 12:23:56,111] {dagbag.py:507} INFO - Filling up the DagBag from /home/kai/.local/lib/python3.8/site-packages/airflow/example_dags/example_complex.py
[2024-08-18 12:23:56,127] {processor.py:651} INFO - DAG(s) dict_keys(['example_complex']) retrieved from /home/kai/.local/lib/python3.8/site-packages/airflow/example_dags/example_complex.py
[2024-08-18 12:23:56,152] {logging_mixin.py:115} INFO - [2024-08-18 12:23:56,152] {dag.py:2379} INFO - Sync 1 DAGs
[2024-08-18 12:23:56,175] {logging_mixin.py:115} INFO - [2024-08-18 12:23:56,175] {dag.py:2927} INFO - Setting next_dagrun for example_complex to None, run_after=None
[2024-08-18 12:23:56,187] {processor.py:161} INFO - Processing /home/kai/.local/lib/python3.8/site-packages/airflow/example_dags/example_complex.py took 0.081 seconds
[2024-08-18 12:24:29,738] {processor.py:153} INFO - Started process (PID=11397) to work on /home/kai/.local/lib/python3.8/site-packages/airflow/example_dags/example_complex.py
[2024-08-18 12:24:29,739] {processor.py:641} INFO - Processing file /home/kai/.local/lib/python3.8/site-packages/airflow/example_dags/example_complex.py for tasks to queue
[2024-08-18 12:24:29,740] {logging_mixin.py:115} INFO - [2024-08-18 12:24:29,740] {dagbag.py:507} INFO - Filling up the DagBag from /home/kai/.local/lib/python3.8/site-packages/airflow/example_dags/example_complex.py
[2024-08-18 12:24:29,751] {processor.py:651} INFO - DAG(s) dict_keys(['example_complex']) retrieved from /home/kai/.local/lib/python3.8/site-packages/airflow/example_dags/example_complex.py
[2024-08-18 12:24:29,775] {logging_mixin.py:115} INFO - [2024-08-18 12:24:29,775] {dag.py:2379} INFO - Sync 1 DAGs
[2024-08-18 12:24:29,795] {logging_mixin.py:115} INFO - [2024-08-18 12:24:29,795] {dag.py:2927} INFO - Setting next_dagrun for example_complex to None, run_after=None
[2024-08-18 12:24:29,810] {processor.py:161} INFO - Processing /home/kai/.local/lib/python3.8/site-packages/airflow/example_dags/example_complex.py took 0.074 seconds
[2024-08-18 12:25:03,032] {processor.py:153} INFO - Started process (PID=11563) to work on /home/kai/.local/lib/python3.8/site-packages/airflow/example_dags/example_complex.py
[2024-08-18 12:25:03,033] {processor.py:641} INFO - Processing file /home/kai/.local/lib/python3.8/site-packages/airflow/example_dags/example_complex.py for tasks to queue
[2024-08-18 12:25:03,033] {logging_mixin.py:115} INFO - [2024-08-18 12:25:03,033] {dagbag.py:507} INFO - Filling up the DagBag from /home/kai/.local/lib/python3.8/site-packages/airflow/example_dags/example_complex.py
[2024-08-18 12:25:03,048] {processor.py:651} INFO - DAG(s) dict_keys(['example_complex']) retrieved from /home/kai/.local/lib/python3.8/site-packages/airflow/example_dags/example_complex.py
[2024-08-18 12:25:03,065] {logging_mixin.py:115} INFO - [2024-08-18 12:25:03,065] {dag.py:2379} INFO - Sync 1 DAGs
[2024-08-18 12:25:03,085] {logging_mixin.py:115} INFO - [2024-08-18 12:25:03,085] {dag.py:2927} INFO - Setting next_dagrun for example_complex to None, run_after=None
[2024-08-18 12:25:03,103] {processor.py:161} INFO - Processing /home/kai/.local/lib/python3.8/site-packages/airflow/example_dags/example_complex.py took 0.076 seconds
[2024-08-18 12:25:36,189] {processor.py:153} INFO - Started process (PID=11729) to work on /home/kai/.local/lib/python3.8/site-packages/airflow/example_dags/example_complex.py
[2024-08-18 12:25:36,190] {processor.py:641} INFO - Processing file /home/kai/.local/lib/python3.8/site-packages/airflow/example_dags/example_complex.py for tasks to queue
[2024-08-18 12:25:36,191] {logging_mixin.py:115} INFO - [2024-08-18 12:25:36,191] {dagbag.py:507} INFO - Filling up the DagBag from /home/kai/.local/lib/python3.8/site-packages/airflow/example_dags/example_complex.py
[2024-08-18 12:25:36,202] {processor.py:651} INFO - DAG(s) dict_keys(['example_complex']) retrieved from /home/kai/.local/lib/python3.8/site-packages/airflow/example_dags/example_complex.py
[2024-08-18 12:25:36,226] {logging_mixin.py:115} INFO - [2024-08-18 12:25:36,226] {dag.py:2379} INFO - Sync 1 DAGs
[2024-08-18 12:25:36,247] {logging_mixin.py:115} INFO - [2024-08-18 12:25:36,246] {dag.py:2927} INFO - Setting next_dagrun for example_complex to None, run_after=None
[2024-08-18 12:25:36,264] {processor.py:161} INFO - Processing /home/kai/.local/lib/python3.8/site-packages/airflow/example_dags/example_complex.py took 0.077 seconds
[2024-08-18 12:26:09,455] {processor.py:153} INFO - Started process (PID=11899) to work on /home/kai/.local/lib/python3.8/site-packages/airflow/example_dags/example_complex.py
[2024-08-18 12:26:09,455] {processor.py:641} INFO - Processing file /home/kai/.local/lib/python3.8/site-packages/airflow/example_dags/example_complex.py for tasks to queue
[2024-08-18 12:26:09,456] {logging_mixin.py:115} INFO - [2024-08-18 12:26:09,456] {dagbag.py:507} INFO - Filling up the DagBag from /home/kai/.local/lib/python3.8/site-packages/airflow/example_dags/example_complex.py
[2024-08-18 12:26:09,467] {processor.py:651} INFO - DAG(s) dict_keys(['example_complex']) retrieved from /home/kai/.local/lib/python3.8/site-packages/airflow/example_dags/example_complex.py
[2024-08-18 12:26:09,484] {logging_mixin.py:115} INFO - [2024-08-18 12:26:09,484] {dag.py:2379} INFO - Sync 1 DAGs
[2024-08-18 12:26:09,503] {logging_mixin.py:115} INFO - [2024-08-18 12:26:09,502] {dag.py:2927} INFO - Setting next_dagrun for example_complex to None, run_after=None
[2024-08-18 12:26:09,517] {processor.py:161} INFO - Processing /home/kai/.local/lib/python3.8/site-packages/airflow/example_dags/example_complex.py took 0.067 seconds
[2024-08-18 12:26:42,107] {processor.py:153} INFO - Started process (PID=12063) to work on /home/kai/.local/lib/python3.8/site-packages/airflow/example_dags/example_complex.py
[2024-08-18 12:26:42,108] {processor.py:641} INFO - Processing file /home/kai/.local/lib/python3.8/site-packages/airflow/example_dags/example_complex.py for tasks to queue
[2024-08-18 12:26:42,109] {logging_mixin.py:115} INFO - [2024-08-18 12:26:42,109] {dagbag.py:507} INFO - Filling up the DagBag from /home/kai/.local/lib/python3.8/site-packages/airflow/example_dags/example_complex.py
[2024-08-18 12:26:42,123] {processor.py:651} INFO - DAG(s) dict_keys(['example_complex']) retrieved from /home/kai/.local/lib/python3.8/site-packages/airflow/example_dags/example_complex.py
[2024-08-18 12:26:42,146] {logging_mixin.py:115} INFO - [2024-08-18 12:26:42,145] {dag.py:2379} INFO - Sync 1 DAGs
[2024-08-18 12:26:42,165] {logging_mixin.py:115} INFO - [2024-08-18 12:26:42,165] {dag.py:2927} INFO - Setting next_dagrun for example_complex to None, run_after=None
[2024-08-18 12:26:42,178] {processor.py:161} INFO - Processing /home/kai/.local/lib/python3.8/site-packages/airflow/example_dags/example_complex.py took 0.075 seconds
[2024-08-18 12:27:15,863] {processor.py:153} INFO - Started process (PID=12236) to work on /home/kai/.local/lib/python3.8/site-packages/airflow/example_dags/example_complex.py
[2024-08-18 12:27:15,864] {processor.py:641} INFO - Processing file /home/kai/.local/lib/python3.8/site-packages/airflow/example_dags/example_complex.py for tasks to queue
[2024-08-18 12:27:15,864] {logging_mixin.py:115} INFO - [2024-08-18 12:27:15,864] {dagbag.py:507} INFO - Filling up the DagBag from /home/kai/.local/lib/python3.8/site-packages/airflow/example_dags/example_complex.py
[2024-08-18 12:27:15,877] {processor.py:651} INFO - DAG(s) dict_keys(['example_complex']) retrieved from /home/kai/.local/lib/python3.8/site-packages/airflow/example_dags/example_complex.py
[2024-08-18 12:27:15,899] {logging_mixin.py:115} INFO - [2024-08-18 12:27:15,898] {dag.py:2379} INFO - Sync 1 DAGs
[2024-08-18 12:27:15,915] {logging_mixin.py:115} INFO - [2024-08-18 12:27:15,915] {dag.py:2927} INFO - Setting next_dagrun for example_complex to None, run_after=None
[2024-08-18 12:27:15,927] {processor.py:161} INFO - Processing /home/kai/.local/lib/python3.8/site-packages/airflow/example_dags/example_complex.py took 0.067 seconds
[2024-08-18 12:27:50,681] {processor.py:153} INFO - Started process (PID=12408) to work on /home/kai/.local/lib/python3.8/site-packages/airflow/example_dags/example_complex.py
[2024-08-18 12:27:50,681] {processor.py:641} INFO - Processing file /home/kai/.local/lib/python3.8/site-packages/airflow/example_dags/example_complex.py for tasks to queue
[2024-08-18 12:27:50,682] {logging_mixin.py:115} INFO - [2024-08-18 12:27:50,682] {dagbag.py:507} INFO - Filling up the DagBag from /home/kai/.local/lib/python3.8/site-packages/airflow/example_dags/example_complex.py
[2024-08-18 12:27:50,692] {processor.py:651} INFO - DAG(s) dict_keys(['example_complex']) retrieved from /home/kai/.local/lib/python3.8/site-packages/airflow/example_dags/example_complex.py
[2024-08-18 12:27:50,716] {logging_mixin.py:115} INFO - [2024-08-18 12:27:50,716] {dag.py:2379} INFO - Sync 1 DAGs
[2024-08-18 12:27:50,735] {logging_mixin.py:115} INFO - [2024-08-18 12:27:50,735] {dag.py:2927} INFO - Setting next_dagrun for example_complex to None, run_after=None
[2024-08-18 12:27:50,748] {processor.py:161} INFO - Processing /home/kai/.local/lib/python3.8/site-packages/airflow/example_dags/example_complex.py took 0.070 seconds
[2024-08-18 19:40:49,434] {processor.py:153} INFO - Started process (PID=13058) to work on /home/kai/.local/lib/python3.8/site-packages/airflow/example_dags/example_complex.py
[2024-08-18 19:40:49,435] {processor.py:641} INFO - Processing file /home/kai/.local/lib/python3.8/site-packages/airflow/example_dags/example_complex.py for tasks to queue
[2024-08-18 19:40:49,436] {logging_mixin.py:115} INFO - [2024-08-18 19:40:49,436] {dagbag.py:507} INFO - Filling up the DagBag from /home/kai/.local/lib/python3.8/site-packages/airflow/example_dags/example_complex.py
[2024-08-18 19:40:49,445] {processor.py:651} INFO - DAG(s) dict_keys(['example_complex']) retrieved from /home/kai/.local/lib/python3.8/site-packages/airflow/example_dags/example_complex.py
[2024-08-18 19:40:49,461] {logging_mixin.py:115} INFO - [2024-08-18 19:40:49,460] {dag.py:2379} INFO - Sync 1 DAGs
[2024-08-18 19:39:47,594] {logging_mixin.py:115} INFO - [2024-08-18 19:39:47,594] {dag.py:2927} INFO - Setting next_dagrun for example_complex to None, run_after=None
[2024-08-18 19:39:47,606] {processor.py:161} INFO - Processing /home/kai/.local/lib/python3.8/site-packages/airflow/example_dags/example_complex.py took 0.067 seconds
[2024-08-18 19:40:18,379] {processor.py:153} INFO - Started process (PID=13156) to work on /home/kai/.local/lib/python3.8/site-packages/airflow/example_dags/example_complex.py
[2024-08-18 19:40:18,380] {processor.py:641} INFO - Processing file /home/kai/.local/lib/python3.8/site-packages/airflow/example_dags/example_complex.py for tasks to queue
[2024-08-18 19:40:18,380] {logging_mixin.py:115} INFO - [2024-08-18 19:40:18,380] {dagbag.py:507} INFO - Filling up the DagBag from /home/kai/.local/lib/python3.8/site-packages/airflow/example_dags/example_complex.py
[2024-08-18 19:40:18,389] {processor.py:651} INFO - DAG(s) dict_keys(['example_complex']) retrieved from /home/kai/.local/lib/python3.8/site-packages/airflow/example_dags/example_complex.py
[2024-08-18 19:40:18,405] {logging_mixin.py:115} INFO - [2024-08-18 19:40:18,405] {dag.py:2379} INFO - Sync 1 DAGs
[2024-08-18 19:40:18,418] {logging_mixin.py:115} INFO - [2024-08-18 19:40:18,417] {dag.py:2927} INFO - Setting next_dagrun for example_complex to None, run_after=None
[2024-08-18 19:40:18,428] {processor.py:161} INFO - Processing /home/kai/.local/lib/python3.8/site-packages/airflow/example_dags/example_complex.py took 0.051 seconds
[2024-08-18 19:40:48,618] {processor.py:153} INFO - Started process (PID=13266) to work on /home/kai/.local/lib/python3.8/site-packages/airflow/example_dags/example_complex.py
[2024-08-18 19:40:48,619] {processor.py:641} INFO - Processing file /home/kai/.local/lib/python3.8/site-packages/airflow/example_dags/example_complex.py for tasks to queue
[2024-08-18 19:40:48,620] {logging_mixin.py:115} INFO - [2024-08-18 19:40:48,620] {dagbag.py:507} INFO - Filling up the DagBag from /home/kai/.local/lib/python3.8/site-packages/airflow/example_dags/example_complex.py
[2024-08-18 19:40:48,630] {processor.py:651} INFO - DAG(s) dict_keys(['example_complex']) retrieved from /home/kai/.local/lib/python3.8/site-packages/airflow/example_dags/example_complex.py
[2024-08-18 19:40:48,647] {logging_mixin.py:115} INFO - [2024-08-18 19:40:48,647] {dag.py:2379} INFO - Sync 1 DAGs
[2024-08-18 19:40:48,661] {logging_mixin.py:115} INFO - [2024-08-18 19:40:48,661] {dag.py:2927} INFO - Setting next_dagrun for example_complex to None, run_after=None
[2024-08-18 19:40:48,675] {processor.py:161} INFO - Processing /home/kai/.local/lib/python3.8/site-packages/airflow/example_dags/example_complex.py took 0.059 seconds
[2024-08-18 19:41:20,666] {processor.py:153} INFO - Started process (PID=13444) to work on /home/kai/.local/lib/python3.8/site-packages/airflow/example_dags/example_complex.py
[2024-08-18 19:41:20,666] {processor.py:641} INFO - Processing file /home/kai/.local/lib/python3.8/site-packages/airflow/example_dags/example_complex.py for tasks to queue
[2024-08-18 19:41:20,667] {logging_mixin.py:115} INFO - [2024-08-18 19:41:20,667] {dagbag.py:507} INFO - Filling up the DagBag from /home/kai/.local/lib/python3.8/site-packages/airflow/example_dags/example_complex.py
[2024-08-18 19:41:20,677] {processor.py:651} INFO - DAG(s) dict_keys(['example_complex']) retrieved from /home/kai/.local/lib/python3.8/site-packages/airflow/example_dags/example_complex.py
[2024-08-18 19:41:20,691] {logging_mixin.py:115} INFO - [2024-08-18 19:41:20,691] {dag.py:2379} INFO - Sync 1 DAGs
[2024-08-18 19:41:20,706] {logging_mixin.py:115} INFO - [2024-08-18 19:41:20,706] {dag.py:2927} INFO - Setting next_dagrun for example_complex to None, run_after=None
[2024-08-18 19:41:20,717] {processor.py:161} INFO - Processing /home/kai/.local/lib/python3.8/site-packages/airflow/example_dags/example_complex.py took 0.054 seconds
[2024-08-18 19:41:56,178] {processor.py:153} INFO - Started process (PID=13619) to work on /home/kai/.local/lib/python3.8/site-packages/airflow/example_dags/example_complex.py
[2024-08-18 19:41:56,179] {processor.py:641} INFO - Processing file /home/kai/.local/lib/python3.8/site-packages/airflow/example_dags/example_complex.py for tasks to queue
[2024-08-18 19:41:56,181] {logging_mixin.py:115} INFO - [2024-08-18 19:41:56,180] {dagbag.py:507} INFO - Filling up the DagBag from /home/kai/.local/lib/python3.8/site-packages/airflow/example_dags/example_complex.py
[2024-08-18 19:41:56,203] {processor.py:651} INFO - DAG(s) dict_keys(['example_complex']) retrieved from /home/kai/.local/lib/python3.8/site-packages/airflow/example_dags/example_complex.py
[2024-08-18 19:41:56,222] {logging_mixin.py:115} INFO - [2024-08-18 19:41:56,222] {dag.py:2379} INFO - Sync 1 DAGs
[2024-08-18 19:41:56,242] {logging_mixin.py:115} INFO - [2024-08-18 19:41:56,242] {dag.py:2927} INFO - Setting next_dagrun for example_complex to None, run_after=None
[2024-08-18 19:41:56,255] {processor.py:161} INFO - Processing /home/kai/.local/lib/python3.8/site-packages/airflow/example_dags/example_complex.py took 0.092 seconds
[2024-08-18 19:42:28,777] {processor.py:153} INFO - Started process (PID=13790) to work on /home/kai/.local/lib/python3.8/site-packages/airflow/example_dags/example_complex.py
[2024-08-18 19:42:28,778] {processor.py:641} INFO - Processing file /home/kai/.local/lib/python3.8/site-packages/airflow/example_dags/example_complex.py for tasks to queue
[2024-08-18 19:42:28,778] {logging_mixin.py:115} INFO - [2024-08-18 19:42:28,778] {dagbag.py:507} INFO - Filling up the DagBag from /home/kai/.local/lib/python3.8/site-packages/airflow/example_dags/example_complex.py
[2024-08-18 19:42:28,788] {processor.py:651} INFO - DAG(s) dict_keys(['example_complex']) retrieved from /home/kai/.local/lib/python3.8/site-packages/airflow/example_dags/example_complex.py
[2024-08-18 19:42:28,803] {logging_mixin.py:115} INFO - [2024-08-18 19:42:28,803] {dag.py:2379} INFO - Sync 1 DAGs
[2024-08-18 19:42:28,816] {logging_mixin.py:115} INFO - [2024-08-18 19:42:28,816] {dag.py:2927} INFO - Setting next_dagrun for example_complex to None, run_after=None
[2024-08-18 19:42:28,825] {processor.py:161} INFO - Processing /home/kai/.local/lib/python3.8/site-packages/airflow/example_dags/example_complex.py took 0.051 seconds
[2024-08-18 19:43:04,742] {processor.py:153} INFO - Started process (PID=13970) to work on /home/kai/.local/lib/python3.8/site-packages/airflow/example_dags/example_complex.py
[2024-08-18 19:43:04,743] {processor.py:641} INFO - Processing file /home/kai/.local/lib/python3.8/site-packages/airflow/example_dags/example_complex.py for tasks to queue
[2024-08-18 19:43:04,743] {logging_mixin.py:115} INFO - [2024-08-18 19:43:04,743] {dagbag.py:507} INFO - Filling up the DagBag from /home/kai/.local/lib/python3.8/site-packages/airflow/example_dags/example_complex.py
[2024-08-18 19:43:04,754] {processor.py:651} INFO - DAG(s) dict_keys(['example_complex']) retrieved from /home/kai/.local/lib/python3.8/site-packages/airflow/example_dags/example_complex.py
[2024-08-18 19:43:04,771] {logging_mixin.py:115} INFO - [2024-08-18 19:43:04,771] {dag.py:2379} INFO - Sync 1 DAGs
[2024-08-18 19:43:04,785] {logging_mixin.py:115} INFO - [2024-08-18 19:43:04,785] {dag.py:2927} INFO - Setting next_dagrun for example_complex to None, run_after=None
[2024-08-18 19:43:04,795] {processor.py:161} INFO - Processing /home/kai/.local/lib/python3.8/site-packages/airflow/example_dags/example_complex.py took 0.056 seconds
[2024-08-18 19:43:36,485] {processor.py:153} INFO - Started process (PID=14134) to work on /home/kai/.local/lib/python3.8/site-packages/airflow/example_dags/example_complex.py
[2024-08-18 19:43:36,486] {processor.py:641} INFO - Processing file /home/kai/.local/lib/python3.8/site-packages/airflow/example_dags/example_complex.py for tasks to queue
[2024-08-18 19:43:36,487] {logging_mixin.py:115} INFO - [2024-08-18 19:43:36,487] {dagbag.py:507} INFO - Filling up the DagBag from /home/kai/.local/lib/python3.8/site-packages/airflow/example_dags/example_complex.py
[2024-08-18 19:43:36,503] {processor.py:651} INFO - DAG(s) dict_keys(['example_complex']) retrieved from /home/kai/.local/lib/python3.8/site-packages/airflow/example_dags/example_complex.py
[2024-08-18 19:43:36,521] {logging_mixin.py:115} INFO - [2024-08-18 19:43:36,521] {dag.py:2379} INFO - Sync 1 DAGs
[2024-08-18 19:43:36,536] {logging_mixin.py:115} INFO - [2024-08-18 19:43:36,536] {dag.py:2927} INFO - Setting next_dagrun for example_complex to None, run_after=None
[2024-08-18 19:43:36,547] {processor.py:161} INFO - Processing /home/kai/.local/lib/python3.8/site-packages/airflow/example_dags/example_complex.py took 0.071 seconds
[2024-08-18 19:44:11,311] {processor.py:153} INFO - Started process (PID=14358) to work on /home/kai/.local/lib/python3.8/site-packages/airflow/example_dags/example_complex.py
[2024-08-18 19:44:11,311] {processor.py:641} INFO - Processing file /home/kai/.local/lib/python3.8/site-packages/airflow/example_dags/example_complex.py for tasks to queue
[2024-08-18 19:44:11,312] {logging_mixin.py:115} INFO - [2024-08-18 19:44:11,312] {dagbag.py:507} INFO - Filling up the DagBag from /home/kai/.local/lib/python3.8/site-packages/airflow/example_dags/example_complex.py
[2024-08-18 19:44:11,325] {processor.py:651} INFO - DAG(s) dict_keys(['example_complex']) retrieved from /home/kai/.local/lib/python3.8/site-packages/airflow/example_dags/example_complex.py
[2024-08-18 19:44:11,344] {logging_mixin.py:115} INFO - [2024-08-18 19:44:11,344] {dag.py:2379} INFO - Sync 1 DAGs
[2024-08-18 19:44:11,359] {logging_mixin.py:115} INFO - [2024-08-18 19:44:11,359] {dag.py:2927} INFO - Setting next_dagrun for example_complex to None, run_after=None
[2024-08-18 19:44:11,381] {processor.py:161} INFO - Processing /home/kai/.local/lib/python3.8/site-packages/airflow/example_dags/example_complex.py took 0.072 seconds
[2024-08-18 19:44:45,151] {processor.py:153} INFO - Started process (PID=14538) to work on /home/kai/.local/lib/python3.8/site-packages/airflow/example_dags/example_complex.py
[2024-08-18 19:44:45,152] {processor.py:641} INFO - Processing file /home/kai/.local/lib/python3.8/site-packages/airflow/example_dags/example_complex.py for tasks to queue
[2024-08-18 19:44:45,152] {logging_mixin.py:115} INFO - [2024-08-18 19:44:45,152] {dagbag.py:507} INFO - Filling up the DagBag from /home/kai/.local/lib/python3.8/site-packages/airflow/example_dags/example_complex.py
[2024-08-18 19:44:45,162] {processor.py:651} INFO - DAG(s) dict_keys(['example_complex']) retrieved from /home/kai/.local/lib/python3.8/site-packages/airflow/example_dags/example_complex.py
[2024-08-18 19:44:45,176] {logging_mixin.py:115} INFO - [2024-08-18 19:44:45,176] {dag.py:2379} INFO - Sync 1 DAGs
[2024-08-18 19:44:45,189] {logging_mixin.py:115} INFO - [2024-08-18 19:44:45,188] {dag.py:2927} INFO - Setting next_dagrun for example_complex to None, run_after=None
[2024-08-18 19:44:45,200] {processor.py:161} INFO - Processing /home/kai/.local/lib/python3.8/site-packages/airflow/example_dags/example_complex.py took 0.051 seconds
[2024-08-18 19:45:22,018] {processor.py:153} INFO - Started process (PID=14821) to work on /home/kai/.local/lib/python3.8/site-packages/airflow/example_dags/example_complex.py
[2024-08-18 19:45:22,019] {processor.py:641} INFO - Processing file /home/kai/.local/lib/python3.8/site-packages/airflow/example_dags/example_complex.py for tasks to queue
[2024-08-18 19:45:22,020] {logging_mixin.py:115} INFO - [2024-08-18 19:45:22,020] {dagbag.py:507} INFO - Filling up the DagBag from /home/kai/.local/lib/python3.8/site-packages/airflow/example_dags/example_complex.py
[2024-08-18 19:45:22,030] {processor.py:651} INFO - DAG(s) dict_keys(['example_complex']) retrieved from /home/kai/.local/lib/python3.8/site-packages/airflow/example_dags/example_complex.py
[2024-08-18 19:45:22,047] {logging_mixin.py:115} INFO - [2024-08-18 19:45:22,047] {dag.py:2379} INFO - Sync 1 DAGs
[2024-08-18 19:45:22,062] {logging_mixin.py:115} INFO - [2024-08-18 19:45:22,062] {dag.py:2927} INFO - Setting next_dagrun for example_complex to None, run_after=None
[2024-08-18 19:45:22,075] {processor.py:161} INFO - Processing /home/kai/.local/lib/python3.8/site-packages/airflow/example_dags/example_complex.py took 0.059 seconds
