[2024-08-18 11:50:20,724] {processor.py:153} INFO - Started process (PID=771266) to work on /home/kai/.local/lib/python3.8/site-packages/airflow/example_dags/example_branch_day_of_week_operator.py
[2024-08-18 11:50:20,724] {processor.py:641} INFO - Processing file /home/kai/.local/lib/python3.8/site-packages/airflow/example_dags/example_branch_day_of_week_operator.py for tasks to queue
[2024-08-18 11:50:20,725] {logging_mixin.py:115} INFO - [2024-08-18 11:50:20,725] {dagbag.py:507} INFO - Filling up the DagBag from /home/kai/.local/lib/python3.8/site-packages/airflow/example_dags/example_branch_day_of_week_operator.py
[2024-08-18 11:50:20,751] {processor.py:651} INFO - DAG(s) dict_keys(['example_weekday_branch_operator']) retrieved from /home/kai/.local/lib/python3.8/site-packages/airflow/example_dags/example_branch_day_of_week_operator.py
[2024-08-18 11:50:20,892] {logging_mixin.py:115} INFO - [2024-08-18 11:50:20,892] {manager.py:508} INFO - Created Permission View: can delete on DAG:example_weekday_branch_operator
[2024-08-18 11:50:20,900] {logging_mixin.py:115} INFO - [2024-08-18 11:50:20,900] {manager.py:508} INFO - Created Permission View: can read on DAG:example_weekday_branch_operator
[2024-08-18 11:50:20,910] {logging_mixin.py:115} INFO - [2024-08-18 11:50:20,910] {manager.py:508} INFO - Created Permission View: can edit on DAG:example_weekday_branch_operator
[2024-08-18 11:50:20,910] {logging_mixin.py:115} INFO - [2024-08-18 11:50:20,910] {dag.py:2379} INFO - Sync 1 DAGs
[2024-08-18 11:50:20,918] {logging_mixin.py:115} INFO - [2024-08-18 11:50:20,918] {dag.py:2398} INFO - Creating ORM DAG for example_weekday_branch_operator
[2024-08-18 11:50:20,932] {logging_mixin.py:115} INFO - [2024-08-18 11:50:20,932] {dag.py:2927} INFO - Setting next_dagrun for example_weekday_branch_operator to 2024-08-17T00:00:00+00:00, run_after=2024-08-18T00:00:00+00:00
[2024-08-18 11:50:20,946] {processor.py:161} INFO - Processing /home/kai/.local/lib/python3.8/site-packages/airflow/example_dags/example_branch_day_of_week_operator.py took 0.225 seconds
[2024-08-18 11:50:56,722] {processor.py:153} INFO - Started process (PID=771692) to work on /home/kai/.local/lib/python3.8/site-packages/airflow/example_dags/example_branch_day_of_week_operator.py
[2024-08-18 11:50:56,727] {processor.py:641} INFO - Processing file /home/kai/.local/lib/python3.8/site-packages/airflow/example_dags/example_branch_day_of_week_operator.py for tasks to queue
[2024-08-18 11:50:56,728] {logging_mixin.py:115} INFO - [2024-08-18 11:50:56,727] {dagbag.py:507} INFO - Filling up the DagBag from /home/kai/.local/lib/python3.8/site-packages/airflow/example_dags/example_branch_day_of_week_operator.py
[2024-08-18 11:50:56,771] {processor.py:651} INFO - DAG(s) dict_keys(['example_weekday_branch_operator']) retrieved from /home/kai/.local/lib/python3.8/site-packages/airflow/example_dags/example_branch_day_of_week_operator.py
[2024-08-18 11:50:56,820] {logging_mixin.py:115} INFO - [2024-08-18 11:50:56,820] {dag.py:2379} INFO - Sync 1 DAGs
[2024-08-18 11:50:56,854] {logging_mixin.py:115} INFO - [2024-08-18 11:50:56,853] {dag.py:2927} INFO - Setting next_dagrun for example_weekday_branch_operator to 2024-08-17T00:00:00+00:00, run_after=2024-08-18T00:00:00+00:00
[2024-08-18 11:50:56,887] {processor.py:161} INFO - Processing /home/kai/.local/lib/python3.8/site-packages/airflow/example_dags/example_branch_day_of_week_operator.py took 0.169 seconds
[2024-08-18 11:51:33,345] {processor.py:153} INFO - Started process (PID=772125) to work on /home/kai/.local/lib/python3.8/site-packages/airflow/example_dags/example_branch_day_of_week_operator.py
[2024-08-18 11:51:33,348] {processor.py:641} INFO - Processing file /home/kai/.local/lib/python3.8/site-packages/airflow/example_dags/example_branch_day_of_week_operator.py for tasks to queue
[2024-08-18 11:51:33,349] {logging_mixin.py:115} INFO - [2024-08-18 11:51:33,349] {dagbag.py:507} INFO - Filling up the DagBag from /home/kai/.local/lib/python3.8/site-packages/airflow/example_dags/example_branch_day_of_week_operator.py
[2024-08-18 11:51:33,358] {processor.py:651} INFO - DAG(s) dict_keys(['example_weekday_branch_operator']) retrieved from /home/kai/.local/lib/python3.8/site-packages/airflow/example_dags/example_branch_day_of_week_operator.py
[2024-08-18 11:51:33,375] {logging_mixin.py:115} INFO - [2024-08-18 11:51:33,375] {dag.py:2379} INFO - Sync 1 DAGs
[2024-08-18 11:51:33,397] {logging_mixin.py:115} INFO - [2024-08-18 11:51:33,397] {dag.py:2927} INFO - Setting next_dagrun for example_weekday_branch_operator to 2024-08-17T00:00:00+00:00, run_after=2024-08-18T00:00:00+00:00
[2024-08-18 11:51:33,418] {processor.py:161} INFO - Processing /home/kai/.local/lib/python3.8/site-packages/airflow/example_dags/example_branch_day_of_week_operator.py took 0.077 seconds
[2024-08-18 11:52:14,584] {processor.py:153} INFO - Started process (PID=772922) to work on /home/kai/.local/lib/python3.8/site-packages/airflow/example_dags/example_branch_day_of_week_operator.py
[2024-08-18 11:52:14,588] {processor.py:641} INFO - Processing file /home/kai/.local/lib/python3.8/site-packages/airflow/example_dags/example_branch_day_of_week_operator.py for tasks to queue
[2024-08-18 11:52:14,589] {logging_mixin.py:115} INFO - [2024-08-18 11:52:14,589] {dagbag.py:507} INFO - Filling up the DagBag from /home/kai/.local/lib/python3.8/site-packages/airflow/example_dags/example_branch_day_of_week_operator.py
[2024-08-18 11:52:14,604] {processor.py:651} INFO - DAG(s) dict_keys(['example_weekday_branch_operator']) retrieved from /home/kai/.local/lib/python3.8/site-packages/airflow/example_dags/example_branch_day_of_week_operator.py
[2024-08-18 11:52:14,624] {logging_mixin.py:115} INFO - [2024-08-18 11:52:14,624] {dag.py:2379} INFO - Sync 1 DAGs
[2024-08-18 11:52:14,663] {logging_mixin.py:115} INFO - [2024-08-18 11:52:14,663] {dag.py:2927} INFO - Setting next_dagrun for example_weekday_branch_operator to 2024-08-17T00:00:00+00:00, run_after=2024-08-18T00:00:00+00:00
[2024-08-18 11:52:14,683] {processor.py:161} INFO - Processing /home/kai/.local/lib/python3.8/site-packages/airflow/example_dags/example_branch_day_of_week_operator.py took 0.103 seconds
[2024-08-18 11:52:48,055] {processor.py:153} INFO - Started process (PID=773324) to work on /home/kai/.local/lib/python3.8/site-packages/airflow/example_dags/example_branch_day_of_week_operator.py
[2024-08-18 11:52:48,069] {processor.py:641} INFO - Processing file /home/kai/.local/lib/python3.8/site-packages/airflow/example_dags/example_branch_day_of_week_operator.py for tasks to queue
[2024-08-18 11:52:48,070] {logging_mixin.py:115} INFO - [2024-08-18 11:52:48,070] {dagbag.py:507} INFO - Filling up the DagBag from /home/kai/.local/lib/python3.8/site-packages/airflow/example_dags/example_branch_day_of_week_operator.py
[2024-08-18 11:52:48,099] {processor.py:651} INFO - DAG(s) dict_keys(['example_weekday_branch_operator']) retrieved from /home/kai/.local/lib/python3.8/site-packages/airflow/example_dags/example_branch_day_of_week_operator.py
[2024-08-18 11:52:48,136] {logging_mixin.py:115} INFO - [2024-08-18 11:52:48,135] {dag.py:2379} INFO - Sync 1 DAGs
[2024-08-18 11:52:48,169] {logging_mixin.py:115} INFO - [2024-08-18 11:52:48,169] {dag.py:2927} INFO - Setting next_dagrun for example_weekday_branch_operator to 2024-08-17T00:00:00+00:00, run_after=2024-08-18T00:00:00+00:00
[2024-08-18 11:52:48,186] {processor.py:161} INFO - Processing /home/kai/.local/lib/python3.8/site-packages/airflow/example_dags/example_branch_day_of_week_operator.py took 0.136 seconds
[2024-08-18 11:53:21,884] {processor.py:153} INFO - Started process (PID=773718) to work on /home/kai/.local/lib/python3.8/site-packages/airflow/example_dags/example_branch_day_of_week_operator.py
[2024-08-18 11:53:21,891] {processor.py:641} INFO - Processing file /home/kai/.local/lib/python3.8/site-packages/airflow/example_dags/example_branch_day_of_week_operator.py for tasks to queue
[2024-08-18 11:53:21,891] {logging_mixin.py:115} INFO - [2024-08-18 11:53:21,891] {dagbag.py:507} INFO - Filling up the DagBag from /home/kai/.local/lib/python3.8/site-packages/airflow/example_dags/example_branch_day_of_week_operator.py
[2024-08-18 11:53:21,906] {processor.py:651} INFO - DAG(s) dict_keys(['example_weekday_branch_operator']) retrieved from /home/kai/.local/lib/python3.8/site-packages/airflow/example_dags/example_branch_day_of_week_operator.py
[2024-08-18 11:53:21,931] {logging_mixin.py:115} INFO - [2024-08-18 11:53:21,931] {dag.py:2379} INFO - Sync 1 DAGs
[2024-08-18 11:53:21,949] {logging_mixin.py:115} INFO - [2024-08-18 11:53:21,949] {dag.py:2927} INFO - Setting next_dagrun for example_weekday_branch_operator to 2024-08-17T00:00:00+00:00, run_after=2024-08-18T00:00:00+00:00
[2024-08-18 11:53:21,965] {processor.py:161} INFO - Processing /home/kai/.local/lib/python3.8/site-packages/airflow/example_dags/example_branch_day_of_week_operator.py took 0.089 seconds
[2024-08-18 11:53:59,623] {processor.py:153} INFO - Started process (PID=774172) to work on /home/kai/.local/lib/python3.8/site-packages/airflow/example_dags/example_branch_day_of_week_operator.py
[2024-08-18 11:53:59,633] {processor.py:641} INFO - Processing file /home/kai/.local/lib/python3.8/site-packages/airflow/example_dags/example_branch_day_of_week_operator.py for tasks to queue
[2024-08-18 11:53:59,634] {logging_mixin.py:115} INFO - [2024-08-18 11:53:59,634] {dagbag.py:507} INFO - Filling up the DagBag from /home/kai/.local/lib/python3.8/site-packages/airflow/example_dags/example_branch_day_of_week_operator.py
[2024-08-18 11:53:59,645] {processor.py:651} INFO - DAG(s) dict_keys(['example_weekday_branch_operator']) retrieved from /home/kai/.local/lib/python3.8/site-packages/airflow/example_dags/example_branch_day_of_week_operator.py
[2024-08-18 11:53:59,672] {logging_mixin.py:115} INFO - [2024-08-18 11:53:59,672] {dag.py:2379} INFO - Sync 1 DAGs
[2024-08-18 11:53:59,695] {logging_mixin.py:115} INFO - [2024-08-18 11:53:59,695] {dag.py:2927} INFO - Setting next_dagrun for example_weekday_branch_operator to 2024-08-17T00:00:00+00:00, run_after=2024-08-18T00:00:00+00:00
[2024-08-18 11:53:59,714] {processor.py:161} INFO - Processing /home/kai/.local/lib/python3.8/site-packages/airflow/example_dags/example_branch_day_of_week_operator.py took 0.101 seconds
[2024-08-18 11:54:34,280] {processor.py:153} INFO - Started process (PID=774566) to work on /home/kai/.local/lib/python3.8/site-packages/airflow/example_dags/example_branch_day_of_week_operator.py
[2024-08-18 11:54:34,281] {processor.py:641} INFO - Processing file /home/kai/.local/lib/python3.8/site-packages/airflow/example_dags/example_branch_day_of_week_operator.py for tasks to queue
[2024-08-18 11:54:34,281] {logging_mixin.py:115} INFO - [2024-08-18 11:54:34,281] {dagbag.py:507} INFO - Filling up the DagBag from /home/kai/.local/lib/python3.8/site-packages/airflow/example_dags/example_branch_day_of_week_operator.py
[2024-08-18 11:54:34,292] {processor.py:651} INFO - DAG(s) dict_keys(['example_weekday_branch_operator']) retrieved from /home/kai/.local/lib/python3.8/site-packages/airflow/example_dags/example_branch_day_of_week_operator.py
[2024-08-18 11:54:34,313] {logging_mixin.py:115} INFO - [2024-08-18 11:54:34,313] {dag.py:2379} INFO - Sync 1 DAGs
[2024-08-18 11:54:34,350] {logging_mixin.py:115} INFO - [2024-08-18 11:54:34,350] {dag.py:2927} INFO - Setting next_dagrun for example_weekday_branch_operator to 2024-08-17T00:00:00+00:00, run_after=2024-08-18T00:00:00+00:00
[2024-08-18 11:54:34,380] {processor.py:161} INFO - Processing /home/kai/.local/lib/python3.8/site-packages/airflow/example_dags/example_branch_day_of_week_operator.py took 0.102 seconds
[2024-08-18 11:55:08,965] {processor.py:153} INFO - Started process (PID=775007) to work on /home/kai/.local/lib/python3.8/site-packages/airflow/example_dags/example_branch_day_of_week_operator.py
[2024-08-18 11:55:08,965] {processor.py:641} INFO - Processing file /home/kai/.local/lib/python3.8/site-packages/airflow/example_dags/example_branch_day_of_week_operator.py for tasks to queue
[2024-08-18 11:55:08,966] {logging_mixin.py:115} INFO - [2024-08-18 11:55:08,966] {dagbag.py:507} INFO - Filling up the DagBag from /home/kai/.local/lib/python3.8/site-packages/airflow/example_dags/example_branch_day_of_week_operator.py
[2024-08-18 11:55:08,981] {processor.py:651} INFO - DAG(s) dict_keys(['example_weekday_branch_operator']) retrieved from /home/kai/.local/lib/python3.8/site-packages/airflow/example_dags/example_branch_day_of_week_operator.py
[2024-08-18 11:55:09,028] {logging_mixin.py:115} INFO - [2024-08-18 11:55:09,027] {dag.py:2379} INFO - Sync 1 DAGs
[2024-08-18 11:55:09,058] {logging_mixin.py:115} INFO - [2024-08-18 11:55:09,058] {dag.py:2927} INFO - Setting next_dagrun for example_weekday_branch_operator to 2024-08-17T00:00:00+00:00, run_after=2024-08-18T00:00:00+00:00
[2024-08-18 11:55:09,083] {processor.py:161} INFO - Processing /home/kai/.local/lib/python3.8/site-packages/airflow/example_dags/example_branch_day_of_week_operator.py took 0.121 seconds
[2024-08-18 11:55:45,363] {processor.py:153} INFO - Started process (PID=775411) to work on /home/kai/.local/lib/python3.8/site-packages/airflow/example_dags/example_branch_day_of_week_operator.py
[2024-08-18 11:55:45,364] {processor.py:641} INFO - Processing file /home/kai/.local/lib/python3.8/site-packages/airflow/example_dags/example_branch_day_of_week_operator.py for tasks to queue
[2024-08-18 11:55:45,364] {logging_mixin.py:115} INFO - [2024-08-18 11:55:45,364] {dagbag.py:507} INFO - Filling up the DagBag from /home/kai/.local/lib/python3.8/site-packages/airflow/example_dags/example_branch_day_of_week_operator.py
[2024-08-18 11:55:45,382] {processor.py:651} INFO - DAG(s) dict_keys(['example_weekday_branch_operator']) retrieved from /home/kai/.local/lib/python3.8/site-packages/airflow/example_dags/example_branch_day_of_week_operator.py
[2024-08-18 11:55:45,423] {logging_mixin.py:115} INFO - [2024-08-18 11:55:45,423] {dag.py:2379} INFO - Sync 1 DAGs
[2024-08-18 11:55:45,466] {logging_mixin.py:115} INFO - [2024-08-18 11:55:45,466] {dag.py:2927} INFO - Setting next_dagrun for example_weekday_branch_operator to 2024-08-17T00:00:00+00:00, run_after=2024-08-18T00:00:00+00:00
[2024-08-18 11:55:45,484] {processor.py:161} INFO - Processing /home/kai/.local/lib/python3.8/site-packages/airflow/example_dags/example_branch_day_of_week_operator.py took 0.130 seconds
[2024-08-18 11:56:25,758] {processor.py:153} INFO - Started process (PID=775900) to work on /home/kai/.local/lib/python3.8/site-packages/airflow/example_dags/example_branch_day_of_week_operator.py
[2024-08-18 11:56:25,762] {processor.py:641} INFO - Processing file /home/kai/.local/lib/python3.8/site-packages/airflow/example_dags/example_branch_day_of_week_operator.py for tasks to queue
[2024-08-18 11:56:25,762] {logging_mixin.py:115} INFO - [2024-08-18 11:56:25,762] {dagbag.py:507} INFO - Filling up the DagBag from /home/kai/.local/lib/python3.8/site-packages/airflow/example_dags/example_branch_day_of_week_operator.py
[2024-08-18 11:56:25,776] {processor.py:651} INFO - DAG(s) dict_keys(['example_weekday_branch_operator']) retrieved from /home/kai/.local/lib/python3.8/site-packages/airflow/example_dags/example_branch_day_of_week_operator.py
[2024-08-18 11:56:25,806] {logging_mixin.py:115} INFO - [2024-08-18 11:56:25,806] {dag.py:2379} INFO - Sync 1 DAGs
[2024-08-18 11:56:25,839] {logging_mixin.py:115} INFO - [2024-08-18 11:56:25,839] {dag.py:2927} INFO - Setting next_dagrun for example_weekday_branch_operator to 2024-08-17T00:00:00+00:00, run_after=2024-08-18T00:00:00+00:00
[2024-08-18 11:56:25,860] {processor.py:161} INFO - Processing /home/kai/.local/lib/python3.8/site-packages/airflow/example_dags/example_branch_day_of_week_operator.py took 0.105 seconds
[2024-08-18 11:57:06,098] {processor.py:153} INFO - Started process (PID=776352) to work on /home/kai/.local/lib/python3.8/site-packages/airflow/example_dags/example_branch_day_of_week_operator.py
[2024-08-18 11:57:06,103] {processor.py:641} INFO - Processing file /home/kai/.local/lib/python3.8/site-packages/airflow/example_dags/example_branch_day_of_week_operator.py for tasks to queue
[2024-08-18 11:57:06,104] {logging_mixin.py:115} INFO - [2024-08-18 11:57:06,104] {dagbag.py:507} INFO - Filling up the DagBag from /home/kai/.local/lib/python3.8/site-packages/airflow/example_dags/example_branch_day_of_week_operator.py
[2024-08-18 11:57:06,116] {processor.py:651} INFO - DAG(s) dict_keys(['example_weekday_branch_operator']) retrieved from /home/kai/.local/lib/python3.8/site-packages/airflow/example_dags/example_branch_day_of_week_operator.py
[2024-08-18 11:57:06,141] {logging_mixin.py:115} INFO - [2024-08-18 11:57:06,141] {dag.py:2379} INFO - Sync 1 DAGs
[2024-08-18 11:57:06,169] {logging_mixin.py:115} INFO - [2024-08-18 11:57:06,169] {dag.py:2927} INFO - Setting next_dagrun for example_weekday_branch_operator to 2024-08-17T00:00:00+00:00, run_after=2024-08-18T00:00:00+00:00
[2024-08-18 11:57:06,184] {processor.py:161} INFO - Processing /home/kai/.local/lib/python3.8/site-packages/airflow/example_dags/example_branch_day_of_week_operator.py took 0.091 seconds
[2024-08-18 11:57:44,479] {processor.py:153} INFO - Started process (PID=776775) to work on /home/kai/.local/lib/python3.8/site-packages/airflow/example_dags/example_branch_day_of_week_operator.py
[2024-08-18 11:57:44,486] {processor.py:641} INFO - Processing file /home/kai/.local/lib/python3.8/site-packages/airflow/example_dags/example_branch_day_of_week_operator.py for tasks to queue
[2024-08-18 11:57:44,486] {logging_mixin.py:115} INFO - [2024-08-18 11:57:44,486] {dagbag.py:507} INFO - Filling up the DagBag from /home/kai/.local/lib/python3.8/site-packages/airflow/example_dags/example_branch_day_of_week_operator.py
[2024-08-18 11:57:44,523] {processor.py:651} INFO - DAG(s) dict_keys(['example_weekday_branch_operator']) retrieved from /home/kai/.local/lib/python3.8/site-packages/airflow/example_dags/example_branch_day_of_week_operator.py
[2024-08-18 11:57:44,543] {logging_mixin.py:115} INFO - [2024-08-18 11:57:44,542] {dag.py:2379} INFO - Sync 1 DAGs
[2024-08-18 11:57:44,565] {logging_mixin.py:115} INFO - [2024-08-18 11:57:44,564] {dag.py:2927} INFO - Setting next_dagrun for example_weekday_branch_operator to 2024-08-17T00:00:00+00:00, run_after=2024-08-18T00:00:00+00:00
[2024-08-18 11:57:44,599] {processor.py:161} INFO - Processing /home/kai/.local/lib/python3.8/site-packages/airflow/example_dags/example_branch_day_of_week_operator.py took 0.125 seconds
[2024-08-18 11:58:22,234] {processor.py:153} INFO - Started process (PID=777198) to work on /home/kai/.local/lib/python3.8/site-packages/airflow/example_dags/example_branch_day_of_week_operator.py
[2024-08-18 11:58:22,235] {processor.py:641} INFO - Processing file /home/kai/.local/lib/python3.8/site-packages/airflow/example_dags/example_branch_day_of_week_operator.py for tasks to queue
[2024-08-18 11:58:22,236] {logging_mixin.py:115} INFO - [2024-08-18 11:58:22,235] {dagbag.py:507} INFO - Filling up the DagBag from /home/kai/.local/lib/python3.8/site-packages/airflow/example_dags/example_branch_day_of_week_operator.py
[2024-08-18 11:58:22,246] {processor.py:651} INFO - DAG(s) dict_keys(['example_weekday_branch_operator']) retrieved from /home/kai/.local/lib/python3.8/site-packages/airflow/example_dags/example_branch_day_of_week_operator.py
[2024-08-18 11:58:22,293] {logging_mixin.py:115} INFO - [2024-08-18 11:58:22,293] {dag.py:2379} INFO - Sync 1 DAGs
[2024-08-18 11:58:22,324] {logging_mixin.py:115} INFO - [2024-08-18 11:58:22,324] {dag.py:2927} INFO - Setting next_dagrun for example_weekday_branch_operator to 2024-08-17T00:00:00+00:00, run_after=2024-08-18T00:00:00+00:00
[2024-08-18 11:58:22,344] {processor.py:161} INFO - Processing /home/kai/.local/lib/python3.8/site-packages/airflow/example_dags/example_branch_day_of_week_operator.py took 0.123 seconds
[2024-08-18 11:58:59,581] {processor.py:153} INFO - Started process (PID=777631) to work on /home/kai/.local/lib/python3.8/site-packages/airflow/example_dags/example_branch_day_of_week_operator.py
[2024-08-18 11:58:59,586] {processor.py:641} INFO - Processing file /home/kai/.local/lib/python3.8/site-packages/airflow/example_dags/example_branch_day_of_week_operator.py for tasks to queue
[2024-08-18 11:58:59,587] {logging_mixin.py:115} INFO - [2024-08-18 11:58:59,587] {dagbag.py:507} INFO - Filling up the DagBag from /home/kai/.local/lib/python3.8/site-packages/airflow/example_dags/example_branch_day_of_week_operator.py
[2024-08-18 11:58:59,603] {processor.py:651} INFO - DAG(s) dict_keys(['example_weekday_branch_operator']) retrieved from /home/kai/.local/lib/python3.8/site-packages/airflow/example_dags/example_branch_day_of_week_operator.py
[2024-08-18 11:58:59,632] {logging_mixin.py:115} INFO - [2024-08-18 11:58:59,632] {dag.py:2379} INFO - Sync 1 DAGs
[2024-08-18 11:58:59,684] {logging_mixin.py:115} INFO - [2024-08-18 11:58:59,684] {dag.py:2927} INFO - Setting next_dagrun for example_weekday_branch_operator to 2024-08-17T00:00:00+00:00, run_after=2024-08-18T00:00:00+00:00
[2024-08-18 11:58:59,705] {processor.py:161} INFO - Processing /home/kai/.local/lib/python3.8/site-packages/airflow/example_dags/example_branch_day_of_week_operator.py took 0.128 seconds
[2024-08-18 11:59:35,949] {processor.py:153} INFO - Started process (PID=778020) to work on /home/kai/.local/lib/python3.8/site-packages/airflow/example_dags/example_branch_day_of_week_operator.py
[2024-08-18 11:59:35,952] {processor.py:641} INFO - Processing file /home/kai/.local/lib/python3.8/site-packages/airflow/example_dags/example_branch_day_of_week_operator.py for tasks to queue
[2024-08-18 11:59:35,954] {logging_mixin.py:115} INFO - [2024-08-18 11:59:35,954] {dagbag.py:507} INFO - Filling up the DagBag from /home/kai/.local/lib/python3.8/site-packages/airflow/example_dags/example_branch_day_of_week_operator.py
[2024-08-18 11:59:35,970] {processor.py:651} INFO - DAG(s) dict_keys(['example_weekday_branch_operator']) retrieved from /home/kai/.local/lib/python3.8/site-packages/airflow/example_dags/example_branch_day_of_week_operator.py
[2024-08-18 11:59:35,996] {logging_mixin.py:115} INFO - [2024-08-18 11:59:35,995] {dag.py:2379} INFO - Sync 1 DAGs
[2024-08-18 11:59:36,023] {logging_mixin.py:115} INFO - [2024-08-18 11:59:36,023] {dag.py:2927} INFO - Setting next_dagrun for example_weekday_branch_operator to 2024-08-17T00:00:00+00:00, run_after=2024-08-18T00:00:00+00:00
[2024-08-18 11:59:36,041] {processor.py:161} INFO - Processing /home/kai/.local/lib/python3.8/site-packages/airflow/example_dags/example_branch_day_of_week_operator.py took 0.098 seconds
[2024-08-18 12:03:25,367] {processor.py:153} INFO - Started process (PID=4494) to work on /home/kai/.local/lib/python3.8/site-packages/airflow/example_dags/example_branch_day_of_week_operator.py
[2024-08-18 12:03:25,368] {processor.py:641} INFO - Processing file /home/kai/.local/lib/python3.8/site-packages/airflow/example_dags/example_branch_day_of_week_operator.py for tasks to queue
[2024-08-18 12:03:25,369] {logging_mixin.py:115} INFO - [2024-08-18 12:03:25,369] {dagbag.py:507} INFO - Filling up the DagBag from /home/kai/.local/lib/python3.8/site-packages/airflow/example_dags/example_branch_day_of_week_operator.py
[2024-08-18 12:03:25,376] {processor.py:651} INFO - DAG(s) dict_keys(['example_weekday_branch_operator']) retrieved from /home/kai/.local/lib/python3.8/site-packages/airflow/example_dags/example_branch_day_of_week_operator.py
[2024-08-18 12:03:25,394] {logging_mixin.py:115} INFO - [2024-08-18 12:03:25,394] {dag.py:2379} INFO - Sync 1 DAGs
[2024-08-18 12:03:25,420] {logging_mixin.py:115} INFO - [2024-08-18 12:03:25,420] {dag.py:2927} INFO - Setting next_dagrun for example_weekday_branch_operator to 2024-08-17T00:00:00+00:00, run_after=2024-08-18T00:00:00+00:00
[2024-08-18 12:03:25,433] {processor.py:161} INFO - Processing /home/kai/.local/lib/python3.8/site-packages/airflow/example_dags/example_branch_day_of_week_operator.py took 0.069 seconds
[2024-08-18 12:03:58,695] {processor.py:153} INFO - Started process (PID=4867) to work on /home/kai/.local/lib/python3.8/site-packages/airflow/example_dags/example_branch_day_of_week_operator.py
[2024-08-18 12:03:58,695] {processor.py:641} INFO - Processing file /home/kai/.local/lib/python3.8/site-packages/airflow/example_dags/example_branch_day_of_week_operator.py for tasks to queue
[2024-08-18 12:03:58,696] {logging_mixin.py:115} INFO - [2024-08-18 12:03:58,696] {dagbag.py:507} INFO - Filling up the DagBag from /home/kai/.local/lib/python3.8/site-packages/airflow/example_dags/example_branch_day_of_week_operator.py
[2024-08-18 12:03:58,705] {processor.py:651} INFO - DAG(s) dict_keys(['example_weekday_branch_operator']) retrieved from /home/kai/.local/lib/python3.8/site-packages/airflow/example_dags/example_branch_day_of_week_operator.py
[2024-08-18 12:03:58,719] {logging_mixin.py:115} INFO - [2024-08-18 12:03:58,719] {dag.py:2379} INFO - Sync 1 DAGs
[2024-08-18 12:03:58,738] {logging_mixin.py:115} INFO - [2024-08-18 12:03:58,738] {dag.py:2927} INFO - Setting next_dagrun for example_weekday_branch_operator to 2024-08-17T00:00:00+00:00, run_after=2024-08-18T00:00:00+00:00
[2024-08-18 12:03:58,756] {processor.py:161} INFO - Processing /home/kai/.local/lib/python3.8/site-packages/airflow/example_dags/example_branch_day_of_week_operator.py took 0.064 seconds
[2024-08-18 12:04:33,074] {processor.py:153} INFO - Started process (PID=5047) to work on /home/kai/.local/lib/python3.8/site-packages/airflow/example_dags/example_branch_day_of_week_operator.py
[2024-08-18 12:04:33,074] {processor.py:641} INFO - Processing file /home/kai/.local/lib/python3.8/site-packages/airflow/example_dags/example_branch_day_of_week_operator.py for tasks to queue
[2024-08-18 12:04:33,075] {logging_mixin.py:115} INFO - [2024-08-18 12:04:33,075] {dagbag.py:507} INFO - Filling up the DagBag from /home/kai/.local/lib/python3.8/site-packages/airflow/example_dags/example_branch_day_of_week_operator.py
[2024-08-18 12:04:33,087] {processor.py:651} INFO - DAG(s) dict_keys(['example_weekday_branch_operator']) retrieved from /home/kai/.local/lib/python3.8/site-packages/airflow/example_dags/example_branch_day_of_week_operator.py
[2024-08-18 12:04:33,104] {logging_mixin.py:115} INFO - [2024-08-18 12:04:33,104] {dag.py:2379} INFO - Sync 1 DAGs
[2024-08-18 12:04:33,122] {logging_mixin.py:115} INFO - [2024-08-18 12:04:33,122] {dag.py:2927} INFO - Setting next_dagrun for example_weekday_branch_operator to 2024-08-17T00:00:00+00:00, run_after=2024-08-18T00:00:00+00:00
[2024-08-18 12:04:33,133] {processor.py:161} INFO - Processing /home/kai/.local/lib/python3.8/site-packages/airflow/example_dags/example_branch_day_of_week_operator.py took 0.062 seconds
[2024-08-18 12:05:06,884] {processor.py:153} INFO - Started process (PID=5216) to work on /home/kai/.local/lib/python3.8/site-packages/airflow/example_dags/example_branch_day_of_week_operator.py
[2024-08-18 12:05:06,885] {processor.py:641} INFO - Processing file /home/kai/.local/lib/python3.8/site-packages/airflow/example_dags/example_branch_day_of_week_operator.py for tasks to queue
[2024-08-18 12:05:06,885] {logging_mixin.py:115} INFO - [2024-08-18 12:05:06,885] {dagbag.py:507} INFO - Filling up the DagBag from /home/kai/.local/lib/python3.8/site-packages/airflow/example_dags/example_branch_day_of_week_operator.py
[2024-08-18 12:05:06,893] {processor.py:651} INFO - DAG(s) dict_keys(['example_weekday_branch_operator']) retrieved from /home/kai/.local/lib/python3.8/site-packages/airflow/example_dags/example_branch_day_of_week_operator.py
[2024-08-18 12:05:06,910] {logging_mixin.py:115} INFO - [2024-08-18 12:05:06,909] {dag.py:2379} INFO - Sync 1 DAGs
[2024-08-18 12:05:06,926] {logging_mixin.py:115} INFO - [2024-08-18 12:05:06,926] {dag.py:2927} INFO - Setting next_dagrun for example_weekday_branch_operator to 2024-08-17T00:00:00+00:00, run_after=2024-08-18T00:00:00+00:00
[2024-08-18 12:05:06,937] {processor.py:161} INFO - Processing /home/kai/.local/lib/python3.8/site-packages/airflow/example_dags/example_branch_day_of_week_operator.py took 0.056 seconds
[2024-08-18 12:05:37,975] {processor.py:153} INFO - Started process (PID=5383) to work on /home/kai/.local/lib/python3.8/site-packages/airflow/example_dags/example_branch_day_of_week_operator.py
[2024-08-18 12:05:37,975] {processor.py:641} INFO - Processing file /home/kai/.local/lib/python3.8/site-packages/airflow/example_dags/example_branch_day_of_week_operator.py for tasks to queue
[2024-08-18 12:05:37,976] {logging_mixin.py:115} INFO - [2024-08-18 12:05:37,976] {dagbag.py:507} INFO - Filling up the DagBag from /home/kai/.local/lib/python3.8/site-packages/airflow/example_dags/example_branch_day_of_week_operator.py
[2024-08-18 12:05:37,984] {processor.py:651} INFO - DAG(s) dict_keys(['example_weekday_branch_operator']) retrieved from /home/kai/.local/lib/python3.8/site-packages/airflow/example_dags/example_branch_day_of_week_operator.py
[2024-08-18 12:05:37,997] {logging_mixin.py:115} INFO - [2024-08-18 12:05:37,997] {dag.py:2379} INFO - Sync 1 DAGs
[2024-08-18 12:05:38,012] {logging_mixin.py:115} INFO - [2024-08-18 12:05:38,012] {dag.py:2927} INFO - Setting next_dagrun for example_weekday_branch_operator to 2024-08-17T00:00:00+00:00, run_after=2024-08-18T00:00:00+00:00
[2024-08-18 12:05:38,021] {processor.py:161} INFO - Processing /home/kai/.local/lib/python3.8/site-packages/airflow/example_dags/example_branch_day_of_week_operator.py took 0.049 seconds
[2024-08-18 12:06:10,522] {processor.py:153} INFO - Started process (PID=5557) to work on /home/kai/.local/lib/python3.8/site-packages/airflow/example_dags/example_branch_day_of_week_operator.py
[2024-08-18 12:06:10,522] {processor.py:641} INFO - Processing file /home/kai/.local/lib/python3.8/site-packages/airflow/example_dags/example_branch_day_of_week_operator.py for tasks to queue
[2024-08-18 12:06:10,523] {logging_mixin.py:115} INFO - [2024-08-18 12:06:10,523] {dagbag.py:507} INFO - Filling up the DagBag from /home/kai/.local/lib/python3.8/site-packages/airflow/example_dags/example_branch_day_of_week_operator.py
[2024-08-18 12:06:10,530] {processor.py:651} INFO - DAG(s) dict_keys(['example_weekday_branch_operator']) retrieved from /home/kai/.local/lib/python3.8/site-packages/airflow/example_dags/example_branch_day_of_week_operator.py
[2024-08-18 12:06:10,548] {logging_mixin.py:115} INFO - [2024-08-18 12:06:10,548] {dag.py:2379} INFO - Sync 1 DAGs
[2024-08-18 12:06:10,565] {logging_mixin.py:115} INFO - [2024-08-18 12:06:10,565] {dag.py:2927} INFO - Setting next_dagrun for example_weekday_branch_operator to 2024-08-17T00:00:00+00:00, run_after=2024-08-18T00:00:00+00:00
[2024-08-18 12:06:10,576] {processor.py:161} INFO - Processing /home/kai/.local/lib/python3.8/site-packages/airflow/example_dags/example_branch_day_of_week_operator.py took 0.057 seconds
[2024-08-18 12:06:44,814] {processor.py:153} INFO - Started process (PID=5735) to work on /home/kai/.local/lib/python3.8/site-packages/airflow/example_dags/example_branch_day_of_week_operator.py
[2024-08-18 12:06:44,815] {processor.py:641} INFO - Processing file /home/kai/.local/lib/python3.8/site-packages/airflow/example_dags/example_branch_day_of_week_operator.py for tasks to queue
[2024-08-18 12:06:44,815] {logging_mixin.py:115} INFO - [2024-08-18 12:06:44,815] {dagbag.py:507} INFO - Filling up the DagBag from /home/kai/.local/lib/python3.8/site-packages/airflow/example_dags/example_branch_day_of_week_operator.py
[2024-08-18 12:06:44,822] {processor.py:651} INFO - DAG(s) dict_keys(['example_weekday_branch_operator']) retrieved from /home/kai/.local/lib/python3.8/site-packages/airflow/example_dags/example_branch_day_of_week_operator.py
[2024-08-18 12:06:44,835] {logging_mixin.py:115} INFO - [2024-08-18 12:06:44,835] {dag.py:2379} INFO - Sync 1 DAGs
[2024-08-18 12:06:44,850] {logging_mixin.py:115} INFO - [2024-08-18 12:06:44,850] {dag.py:2927} INFO - Setting next_dagrun for example_weekday_branch_operator to 2024-08-17T00:00:00+00:00, run_after=2024-08-18T00:00:00+00:00
[2024-08-18 12:06:44,861] {processor.py:161} INFO - Processing /home/kai/.local/lib/python3.8/site-packages/airflow/example_dags/example_branch_day_of_week_operator.py took 0.050 seconds
[2024-08-18 12:07:17,816] {processor.py:153} INFO - Started process (PID=5908) to work on /home/kai/.local/lib/python3.8/site-packages/airflow/example_dags/example_branch_day_of_week_operator.py
[2024-08-18 12:07:17,818] {processor.py:641} INFO - Processing file /home/kai/.local/lib/python3.8/site-packages/airflow/example_dags/example_branch_day_of_week_operator.py for tasks to queue
[2024-08-18 12:07:17,818] {logging_mixin.py:115} INFO - [2024-08-18 12:07:17,818] {dagbag.py:507} INFO - Filling up the DagBag from /home/kai/.local/lib/python3.8/site-packages/airflow/example_dags/example_branch_day_of_week_operator.py
[2024-08-18 12:07:17,826] {processor.py:651} INFO - DAG(s) dict_keys(['example_weekday_branch_operator']) retrieved from /home/kai/.local/lib/python3.8/site-packages/airflow/example_dags/example_branch_day_of_week_operator.py
[2024-08-18 12:07:17,842] {logging_mixin.py:115} INFO - [2024-08-18 12:07:17,842] {dag.py:2379} INFO - Sync 1 DAGs
[2024-08-18 12:07:17,859] {logging_mixin.py:115} INFO - [2024-08-18 12:07:17,859] {dag.py:2927} INFO - Setting next_dagrun for example_weekday_branch_operator to 2024-08-17T00:00:00+00:00, run_after=2024-08-18T00:00:00+00:00
[2024-08-18 12:07:17,872] {processor.py:161} INFO - Processing /home/kai/.local/lib/python3.8/site-packages/airflow/example_dags/example_branch_day_of_week_operator.py took 0.058 seconds
[2024-08-18 12:07:51,598] {processor.py:153} INFO - Started process (PID=6073) to work on /home/kai/.local/lib/python3.8/site-packages/airflow/example_dags/example_branch_day_of_week_operator.py
[2024-08-18 12:07:51,599] {processor.py:641} INFO - Processing file /home/kai/.local/lib/python3.8/site-packages/airflow/example_dags/example_branch_day_of_week_operator.py for tasks to queue
[2024-08-18 12:07:51,600] {logging_mixin.py:115} INFO - [2024-08-18 12:07:51,600] {dagbag.py:507} INFO - Filling up the DagBag from /home/kai/.local/lib/python3.8/site-packages/airflow/example_dags/example_branch_day_of_week_operator.py
[2024-08-18 12:07:51,611] {processor.py:651} INFO - DAG(s) dict_keys(['example_weekday_branch_operator']) retrieved from /home/kai/.local/lib/python3.8/site-packages/airflow/example_dags/example_branch_day_of_week_operator.py
[2024-08-18 12:07:51,627] {logging_mixin.py:115} INFO - [2024-08-18 12:07:51,627] {dag.py:2379} INFO - Sync 1 DAGs
[2024-08-18 12:07:51,645] {logging_mixin.py:115} INFO - [2024-08-18 12:07:51,645] {dag.py:2927} INFO - Setting next_dagrun for example_weekday_branch_operator to 2024-08-17T00:00:00+00:00, run_after=2024-08-18T00:00:00+00:00
[2024-08-18 12:07:51,656] {processor.py:161} INFO - Processing /home/kai/.local/lib/python3.8/site-packages/airflow/example_dags/example_branch_day_of_week_operator.py took 0.060 seconds
[2024-08-18 12:08:24,717] {processor.py:153} INFO - Started process (PID=6303) to work on /home/kai/.local/lib/python3.8/site-packages/airflow/example_dags/example_branch_day_of_week_operator.py
[2024-08-18 12:08:24,718] {processor.py:641} INFO - Processing file /home/kai/.local/lib/python3.8/site-packages/airflow/example_dags/example_branch_day_of_week_operator.py for tasks to queue
[2024-08-18 12:08:24,718] {logging_mixin.py:115} INFO - [2024-08-18 12:08:24,718] {dagbag.py:507} INFO - Filling up the DagBag from /home/kai/.local/lib/python3.8/site-packages/airflow/example_dags/example_branch_day_of_week_operator.py
[2024-08-18 12:08:24,727] {processor.py:651} INFO - DAG(s) dict_keys(['example_weekday_branch_operator']) retrieved from /home/kai/.local/lib/python3.8/site-packages/airflow/example_dags/example_branch_day_of_week_operator.py
[2024-08-18 12:08:24,745] {logging_mixin.py:115} INFO - [2024-08-18 12:08:24,745] {dag.py:2379} INFO - Sync 1 DAGs
[2024-08-18 12:08:24,762] {logging_mixin.py:115} INFO - [2024-08-18 12:08:24,762] {dag.py:2927} INFO - Setting next_dagrun for example_weekday_branch_operator to 2024-08-17T00:00:00+00:00, run_after=2024-08-18T00:00:00+00:00
[2024-08-18 12:08:24,773] {processor.py:161} INFO - Processing /home/kai/.local/lib/python3.8/site-packages/airflow/example_dags/example_branch_day_of_week_operator.py took 0.059 seconds
[2024-08-18 12:08:58,429] {processor.py:153} INFO - Started process (PID=6468) to work on /home/kai/.local/lib/python3.8/site-packages/airflow/example_dags/example_branch_day_of_week_operator.py
[2024-08-18 12:08:58,430] {processor.py:641} INFO - Processing file /home/kai/.local/lib/python3.8/site-packages/airflow/example_dags/example_branch_day_of_week_operator.py for tasks to queue
[2024-08-18 12:08:58,430] {logging_mixin.py:115} INFO - [2024-08-18 12:08:58,430] {dagbag.py:507} INFO - Filling up the DagBag from /home/kai/.local/lib/python3.8/site-packages/airflow/example_dags/example_branch_day_of_week_operator.py
[2024-08-18 12:08:58,437] {processor.py:651} INFO - DAG(s) dict_keys(['example_weekday_branch_operator']) retrieved from /home/kai/.local/lib/python3.8/site-packages/airflow/example_dags/example_branch_day_of_week_operator.py
[2024-08-18 12:08:58,451] {logging_mixin.py:115} INFO - [2024-08-18 12:08:58,451] {dag.py:2379} INFO - Sync 1 DAGs
[2024-08-18 12:08:58,466] {logging_mixin.py:115} INFO - [2024-08-18 12:08:58,466] {dag.py:2927} INFO - Setting next_dagrun for example_weekday_branch_operator to 2024-08-17T00:00:00+00:00, run_after=2024-08-18T00:00:00+00:00
[2024-08-18 12:08:58,477] {processor.py:161} INFO - Processing /home/kai/.local/lib/python3.8/site-packages/airflow/example_dags/example_branch_day_of_week_operator.py took 0.051 seconds
[2024-08-18 12:09:33,793] {processor.py:153} INFO - Started process (PID=6651) to work on /home/kai/.local/lib/python3.8/site-packages/airflow/example_dags/example_branch_day_of_week_operator.py
[2024-08-18 12:09:33,794] {processor.py:641} INFO - Processing file /home/kai/.local/lib/python3.8/site-packages/airflow/example_dags/example_branch_day_of_week_operator.py for tasks to queue
[2024-08-18 12:09:33,795] {logging_mixin.py:115} INFO - [2024-08-18 12:09:33,795] {dagbag.py:507} INFO - Filling up the DagBag from /home/kai/.local/lib/python3.8/site-packages/airflow/example_dags/example_branch_day_of_week_operator.py
[2024-08-18 12:09:33,804] {processor.py:651} INFO - DAG(s) dict_keys(['example_weekday_branch_operator']) retrieved from /home/kai/.local/lib/python3.8/site-packages/airflow/example_dags/example_branch_day_of_week_operator.py
[2024-08-18 12:09:33,818] {logging_mixin.py:115} INFO - [2024-08-18 12:09:33,817] {dag.py:2379} INFO - Sync 1 DAGs
[2024-08-18 12:09:33,832] {logging_mixin.py:115} INFO - [2024-08-18 12:09:33,832] {dag.py:2927} INFO - Setting next_dagrun for example_weekday_branch_operator to 2024-08-17T00:00:00+00:00, run_after=2024-08-18T00:00:00+00:00
[2024-08-18 12:09:33,844] {processor.py:161} INFO - Processing /home/kai/.local/lib/python3.8/site-packages/airflow/example_dags/example_branch_day_of_week_operator.py took 0.053 seconds
[2024-08-18 12:10:05,208] {processor.py:153} INFO - Started process (PID=6810) to work on /home/kai/.local/lib/python3.8/site-packages/airflow/example_dags/example_branch_day_of_week_operator.py
[2024-08-18 12:10:05,210] {processor.py:641} INFO - Processing file /home/kai/.local/lib/python3.8/site-packages/airflow/example_dags/example_branch_day_of_week_operator.py for tasks to queue
[2024-08-18 12:10:05,211] {logging_mixin.py:115} INFO - [2024-08-18 12:10:05,210] {dagbag.py:507} INFO - Filling up the DagBag from /home/kai/.local/lib/python3.8/site-packages/airflow/example_dags/example_branch_day_of_week_operator.py
[2024-08-18 12:10:05,218] {processor.py:651} INFO - DAG(s) dict_keys(['example_weekday_branch_operator']) retrieved from /home/kai/.local/lib/python3.8/site-packages/airflow/example_dags/example_branch_day_of_week_operator.py
[2024-08-18 12:10:05,232] {logging_mixin.py:115} INFO - [2024-08-18 12:10:05,232] {dag.py:2379} INFO - Sync 1 DAGs
[2024-08-18 12:10:05,250] {logging_mixin.py:115} INFO - [2024-08-18 12:10:05,250] {dag.py:2927} INFO - Setting next_dagrun for example_weekday_branch_operator to 2024-08-17T00:00:00+00:00, run_after=2024-08-18T00:00:00+00:00
[2024-08-18 12:10:05,261] {processor.py:161} INFO - Processing /home/kai/.local/lib/python3.8/site-packages/airflow/example_dags/example_branch_day_of_week_operator.py took 0.055 seconds
[2024-08-18 12:10:38,863] {processor.py:153} INFO - Started process (PID=6982) to work on /home/kai/.local/lib/python3.8/site-packages/airflow/example_dags/example_branch_day_of_week_operator.py
[2024-08-18 12:10:38,864] {processor.py:641} INFO - Processing file /home/kai/.local/lib/python3.8/site-packages/airflow/example_dags/example_branch_day_of_week_operator.py for tasks to queue
[2024-08-18 12:10:38,864] {logging_mixin.py:115} INFO - [2024-08-18 12:10:38,864] {dagbag.py:507} INFO - Filling up the DagBag from /home/kai/.local/lib/python3.8/site-packages/airflow/example_dags/example_branch_day_of_week_operator.py
[2024-08-18 12:10:38,874] {processor.py:651} INFO - DAG(s) dict_keys(['example_weekday_branch_operator']) retrieved from /home/kai/.local/lib/python3.8/site-packages/airflow/example_dags/example_branch_day_of_week_operator.py
[2024-08-18 12:10:38,896] {logging_mixin.py:115} INFO - [2024-08-18 12:10:38,896] {dag.py:2379} INFO - Sync 1 DAGs
[2024-08-18 12:10:38,911] {logging_mixin.py:115} INFO - [2024-08-18 12:10:38,911] {dag.py:2927} INFO - Setting next_dagrun for example_weekday_branch_operator to 2024-08-17T00:00:00+00:00, run_after=2024-08-18T00:00:00+00:00
[2024-08-18 12:10:38,921] {processor.py:161} INFO - Processing /home/kai/.local/lib/python3.8/site-packages/airflow/example_dags/example_branch_day_of_week_operator.py took 0.061 seconds
[2024-08-18 12:11:11,525] {processor.py:153} INFO - Started process (PID=7151) to work on /home/kai/.local/lib/python3.8/site-packages/airflow/example_dags/example_branch_day_of_week_operator.py
[2024-08-18 12:11:11,527] {processor.py:641} INFO - Processing file /home/kai/.local/lib/python3.8/site-packages/airflow/example_dags/example_branch_day_of_week_operator.py for tasks to queue
[2024-08-18 12:11:11,528] {logging_mixin.py:115} INFO - [2024-08-18 12:11:11,528] {dagbag.py:507} INFO - Filling up the DagBag from /home/kai/.local/lib/python3.8/site-packages/airflow/example_dags/example_branch_day_of_week_operator.py
[2024-08-18 12:11:11,537] {processor.py:651} INFO - DAG(s) dict_keys(['example_weekday_branch_operator']) retrieved from /home/kai/.local/lib/python3.8/site-packages/airflow/example_dags/example_branch_day_of_week_operator.py
[2024-08-18 12:11:11,551] {logging_mixin.py:115} INFO - [2024-08-18 12:11:11,551] {dag.py:2379} INFO - Sync 1 DAGs
[2024-08-18 12:11:11,568] {logging_mixin.py:115} INFO - [2024-08-18 12:11:11,568] {dag.py:2927} INFO - Setting next_dagrun for example_weekday_branch_operator to 2024-08-17T00:00:00+00:00, run_after=2024-08-18T00:00:00+00:00
[2024-08-18 12:11:11,581] {processor.py:161} INFO - Processing /home/kai/.local/lib/python3.8/site-packages/airflow/example_dags/example_branch_day_of_week_operator.py took 0.061 seconds
[2024-08-18 12:11:47,023] {processor.py:153} INFO - Started process (PID=7320) to work on /home/kai/.local/lib/python3.8/site-packages/airflow/example_dags/example_branch_day_of_week_operator.py
[2024-08-18 12:11:47,026] {processor.py:641} INFO - Processing file /home/kai/.local/lib/python3.8/site-packages/airflow/example_dags/example_branch_day_of_week_operator.py for tasks to queue
[2024-08-18 12:11:47,027] {logging_mixin.py:115} INFO - [2024-08-18 12:11:47,027] {dagbag.py:507} INFO - Filling up the DagBag from /home/kai/.local/lib/python3.8/site-packages/airflow/example_dags/example_branch_day_of_week_operator.py
[2024-08-18 12:11:47,038] {processor.py:651} INFO - DAG(s) dict_keys(['example_weekday_branch_operator']) retrieved from /home/kai/.local/lib/python3.8/site-packages/airflow/example_dags/example_branch_day_of_week_operator.py
[2024-08-18 12:11:47,066] {logging_mixin.py:115} INFO - [2024-08-18 12:11:47,066] {dag.py:2379} INFO - Sync 1 DAGs
[2024-08-18 12:11:47,112] {logging_mixin.py:115} INFO - [2024-08-18 12:11:47,112] {dag.py:2927} INFO - Setting next_dagrun for example_weekday_branch_operator to 2024-08-17T00:00:00+00:00, run_after=2024-08-18T00:00:00+00:00
[2024-08-18 12:11:47,146] {processor.py:161} INFO - Processing /home/kai/.local/lib/python3.8/site-packages/airflow/example_dags/example_branch_day_of_week_operator.py took 0.126 seconds
[2024-08-18 12:12:21,787] {processor.py:153} INFO - Started process (PID=7489) to work on /home/kai/.local/lib/python3.8/site-packages/airflow/example_dags/example_branch_day_of_week_operator.py
[2024-08-18 12:12:21,788] {processor.py:641} INFO - Processing file /home/kai/.local/lib/python3.8/site-packages/airflow/example_dags/example_branch_day_of_week_operator.py for tasks to queue
[2024-08-18 12:12:21,789] {logging_mixin.py:115} INFO - [2024-08-18 12:12:21,788] {dagbag.py:507} INFO - Filling up the DagBag from /home/kai/.local/lib/python3.8/site-packages/airflow/example_dags/example_branch_day_of_week_operator.py
[2024-08-18 12:12:21,799] {processor.py:651} INFO - DAG(s) dict_keys(['example_weekday_branch_operator']) retrieved from /home/kai/.local/lib/python3.8/site-packages/airflow/example_dags/example_branch_day_of_week_operator.py
[2024-08-18 12:12:21,815] {logging_mixin.py:115} INFO - [2024-08-18 12:12:21,815] {dag.py:2379} INFO - Sync 1 DAGs
[2024-08-18 12:12:21,838] {logging_mixin.py:115} INFO - [2024-08-18 12:12:21,837] {dag.py:2927} INFO - Setting next_dagrun for example_weekday_branch_operator to 2024-08-17T00:00:00+00:00, run_after=2024-08-18T00:00:00+00:00
[2024-08-18 12:12:21,849] {processor.py:161} INFO - Processing /home/kai/.local/lib/python3.8/site-packages/airflow/example_dags/example_branch_day_of_week_operator.py took 0.065 seconds
[2024-08-18 12:12:54,005] {processor.py:153} INFO - Started process (PID=7697) to work on /home/kai/.local/lib/python3.8/site-packages/airflow/example_dags/example_branch_day_of_week_operator.py
[2024-08-18 12:12:54,006] {processor.py:641} INFO - Processing file /home/kai/.local/lib/python3.8/site-packages/airflow/example_dags/example_branch_day_of_week_operator.py for tasks to queue
[2024-08-18 12:12:54,007] {logging_mixin.py:115} INFO - [2024-08-18 12:12:54,006] {dagbag.py:507} INFO - Filling up the DagBag from /home/kai/.local/lib/python3.8/site-packages/airflow/example_dags/example_branch_day_of_week_operator.py
[2024-08-18 12:12:54,014] {processor.py:651} INFO - DAG(s) dict_keys(['example_weekday_branch_operator']) retrieved from /home/kai/.local/lib/python3.8/site-packages/airflow/example_dags/example_branch_day_of_week_operator.py
[2024-08-18 12:12:54,029] {logging_mixin.py:115} INFO - [2024-08-18 12:12:54,029] {dag.py:2379} INFO - Sync 1 DAGs
[2024-08-18 12:12:54,047] {logging_mixin.py:115} INFO - [2024-08-18 12:12:54,047] {dag.py:2927} INFO - Setting next_dagrun for example_weekday_branch_operator to 2024-08-17T00:00:00+00:00, run_after=2024-08-18T00:00:00+00:00
[2024-08-18 12:12:54,063] {processor.py:161} INFO - Processing /home/kai/.local/lib/python3.8/site-packages/airflow/example_dags/example_branch_day_of_week_operator.py took 0.061 seconds
[2024-08-18 12:13:29,133] {processor.py:153} INFO - Started process (PID=7884) to work on /home/kai/.local/lib/python3.8/site-packages/airflow/example_dags/example_branch_day_of_week_operator.py
[2024-08-18 12:13:29,134] {processor.py:641} INFO - Processing file /home/kai/.local/lib/python3.8/site-packages/airflow/example_dags/example_branch_day_of_week_operator.py for tasks to queue
[2024-08-18 12:13:29,135] {logging_mixin.py:115} INFO - [2024-08-18 12:13:29,135] {dagbag.py:507} INFO - Filling up the DagBag from /home/kai/.local/lib/python3.8/site-packages/airflow/example_dags/example_branch_day_of_week_operator.py
[2024-08-18 12:13:29,143] {processor.py:651} INFO - DAG(s) dict_keys(['example_weekday_branch_operator']) retrieved from /home/kai/.local/lib/python3.8/site-packages/airflow/example_dags/example_branch_day_of_week_operator.py
[2024-08-18 12:13:29,157] {logging_mixin.py:115} INFO - [2024-08-18 12:13:29,157] {dag.py:2379} INFO - Sync 1 DAGs
[2024-08-18 12:13:29,171] {logging_mixin.py:115} INFO - [2024-08-18 12:13:29,171] {dag.py:2927} INFO - Setting next_dagrun for example_weekday_branch_operator to 2024-08-17T00:00:00+00:00, run_after=2024-08-18T00:00:00+00:00
[2024-08-18 12:13:29,180] {processor.py:161} INFO - Processing /home/kai/.local/lib/python3.8/site-packages/airflow/example_dags/example_branch_day_of_week_operator.py took 0.050 seconds
[2024-08-18 12:14:00,928] {processor.py:153} INFO - Started process (PID=8037) to work on /home/kai/.local/lib/python3.8/site-packages/airflow/example_dags/example_branch_day_of_week_operator.py
[2024-08-18 12:14:00,929] {processor.py:641} INFO - Processing file /home/kai/.local/lib/python3.8/site-packages/airflow/example_dags/example_branch_day_of_week_operator.py for tasks to queue
[2024-08-18 12:14:00,930] {logging_mixin.py:115} INFO - [2024-08-18 12:14:00,930] {dagbag.py:507} INFO - Filling up the DagBag from /home/kai/.local/lib/python3.8/site-packages/airflow/example_dags/example_branch_day_of_week_operator.py
[2024-08-18 12:14:00,938] {processor.py:651} INFO - DAG(s) dict_keys(['example_weekday_branch_operator']) retrieved from /home/kai/.local/lib/python3.8/site-packages/airflow/example_dags/example_branch_day_of_week_operator.py
[2024-08-18 12:14:00,957] {logging_mixin.py:115} INFO - [2024-08-18 12:14:00,956] {dag.py:2379} INFO - Sync 1 DAGs
[2024-08-18 12:14:00,976] {logging_mixin.py:115} INFO - [2024-08-18 12:14:00,976] {dag.py:2927} INFO - Setting next_dagrun for example_weekday_branch_operator to 2024-08-17T00:00:00+00:00, run_after=2024-08-18T00:00:00+00:00
[2024-08-18 12:14:00,986] {processor.py:161} INFO - Processing /home/kai/.local/lib/python3.8/site-packages/airflow/example_dags/example_branch_day_of_week_operator.py took 0.063 seconds
[2024-08-18 12:14:36,689] {processor.py:153} INFO - Started process (PID=8220) to work on /home/kai/.local/lib/python3.8/site-packages/airflow/example_dags/example_branch_day_of_week_operator.py
[2024-08-18 12:14:36,690] {processor.py:641} INFO - Processing file /home/kai/.local/lib/python3.8/site-packages/airflow/example_dags/example_branch_day_of_week_operator.py for tasks to queue
[2024-08-18 12:14:36,691] {logging_mixin.py:115} INFO - [2024-08-18 12:14:36,691] {dagbag.py:507} INFO - Filling up the DagBag from /home/kai/.local/lib/python3.8/site-packages/airflow/example_dags/example_branch_day_of_week_operator.py
[2024-08-18 12:14:36,698] {processor.py:651} INFO - DAG(s) dict_keys(['example_weekday_branch_operator']) retrieved from /home/kai/.local/lib/python3.8/site-packages/airflow/example_dags/example_branch_day_of_week_operator.py
[2024-08-18 12:14:36,712] {logging_mixin.py:115} INFO - [2024-08-18 12:14:36,712] {dag.py:2379} INFO - Sync 1 DAGs
[2024-08-18 12:14:36,730] {logging_mixin.py:115} INFO - [2024-08-18 12:14:36,730] {dag.py:2927} INFO - Setting next_dagrun for example_weekday_branch_operator to 2024-08-17T00:00:00+00:00, run_after=2024-08-18T00:00:00+00:00
[2024-08-18 12:14:36,741] {processor.py:161} INFO - Processing /home/kai/.local/lib/python3.8/site-packages/airflow/example_dags/example_branch_day_of_week_operator.py took 0.054 seconds
[2024-08-18 12:15:10,360] {processor.py:153} INFO - Started process (PID=8395) to work on /home/kai/.local/lib/python3.8/site-packages/airflow/example_dags/example_branch_day_of_week_operator.py
[2024-08-18 12:15:10,361] {processor.py:641} INFO - Processing file /home/kai/.local/lib/python3.8/site-packages/airflow/example_dags/example_branch_day_of_week_operator.py for tasks to queue
[2024-08-18 12:15:10,361] {logging_mixin.py:115} INFO - [2024-08-18 12:15:10,361] {dagbag.py:507} INFO - Filling up the DagBag from /home/kai/.local/lib/python3.8/site-packages/airflow/example_dags/example_branch_day_of_week_operator.py
[2024-08-18 12:15:10,370] {processor.py:651} INFO - DAG(s) dict_keys(['example_weekday_branch_operator']) retrieved from /home/kai/.local/lib/python3.8/site-packages/airflow/example_dags/example_branch_day_of_week_operator.py
[2024-08-18 12:15:10,387] {logging_mixin.py:115} INFO - [2024-08-18 12:15:10,387] {dag.py:2379} INFO - Sync 1 DAGs
[2024-08-18 12:15:10,406] {logging_mixin.py:115} INFO - [2024-08-18 12:15:10,406] {dag.py:2927} INFO - Setting next_dagrun for example_weekday_branch_operator to 2024-08-17T00:00:00+00:00, run_after=2024-08-18T00:00:00+00:00
[2024-08-18 12:15:10,417] {processor.py:161} INFO - Processing /home/kai/.local/lib/python3.8/site-packages/airflow/example_dags/example_branch_day_of_week_operator.py took 0.062 seconds
[2024-08-18 12:15:44,164] {processor.py:153} INFO - Started process (PID=8568) to work on /home/kai/.local/lib/python3.8/site-packages/airflow/example_dags/example_branch_day_of_week_operator.py
[2024-08-18 12:15:44,165] {processor.py:641} INFO - Processing file /home/kai/.local/lib/python3.8/site-packages/airflow/example_dags/example_branch_day_of_week_operator.py for tasks to queue
[2024-08-18 12:15:44,166] {logging_mixin.py:115} INFO - [2024-08-18 12:15:44,166] {dagbag.py:507} INFO - Filling up the DagBag from /home/kai/.local/lib/python3.8/site-packages/airflow/example_dags/example_branch_day_of_week_operator.py
[2024-08-18 12:15:44,178] {processor.py:651} INFO - DAG(s) dict_keys(['example_weekday_branch_operator']) retrieved from /home/kai/.local/lib/python3.8/site-packages/airflow/example_dags/example_branch_day_of_week_operator.py
[2024-08-18 12:15:44,196] {logging_mixin.py:115} INFO - [2024-08-18 12:15:44,196] {dag.py:2379} INFO - Sync 1 DAGs
[2024-08-18 12:15:44,215] {logging_mixin.py:115} INFO - [2024-08-18 12:15:44,215] {dag.py:2927} INFO - Setting next_dagrun for example_weekday_branch_operator to 2024-08-17T00:00:00+00:00, run_after=2024-08-18T00:00:00+00:00
[2024-08-18 12:15:44,228] {processor.py:161} INFO - Processing /home/kai/.local/lib/python3.8/site-packages/airflow/example_dags/example_branch_day_of_week_operator.py took 0.068 seconds
[2024-08-18 12:16:20,368] {processor.py:153} INFO - Started process (PID=8750) to work on /home/kai/.local/lib/python3.8/site-packages/airflow/example_dags/example_branch_day_of_week_operator.py
[2024-08-18 12:16:20,369] {processor.py:641} INFO - Processing file /home/kai/.local/lib/python3.8/site-packages/airflow/example_dags/example_branch_day_of_week_operator.py for tasks to queue
[2024-08-18 12:16:20,369] {logging_mixin.py:115} INFO - [2024-08-18 12:16:20,369] {dagbag.py:507} INFO - Filling up the DagBag from /home/kai/.local/lib/python3.8/site-packages/airflow/example_dags/example_branch_day_of_week_operator.py
[2024-08-18 12:16:20,380] {processor.py:651} INFO - DAG(s) dict_keys(['example_weekday_branch_operator']) retrieved from /home/kai/.local/lib/python3.8/site-packages/airflow/example_dags/example_branch_day_of_week_operator.py
[2024-08-18 12:16:20,399] {logging_mixin.py:115} INFO - [2024-08-18 12:16:20,399] {dag.py:2379} INFO - Sync 1 DAGs
[2024-08-18 12:16:20,415] {logging_mixin.py:115} INFO - [2024-08-18 12:16:20,415] {dag.py:2927} INFO - Setting next_dagrun for example_weekday_branch_operator to 2024-08-17T00:00:00+00:00, run_after=2024-08-18T00:00:00+00:00
[2024-08-18 12:16:20,428] {processor.py:161} INFO - Processing /home/kai/.local/lib/python3.8/site-packages/airflow/example_dags/example_branch_day_of_week_operator.py took 0.062 seconds
[2024-08-18 12:16:52,851] {processor.py:153} INFO - Started process (PID=8913) to work on /home/kai/.local/lib/python3.8/site-packages/airflow/example_dags/example_branch_day_of_week_operator.py
[2024-08-18 12:16:52,852] {processor.py:641} INFO - Processing file /home/kai/.local/lib/python3.8/site-packages/airflow/example_dags/example_branch_day_of_week_operator.py for tasks to queue
[2024-08-18 12:16:52,853] {logging_mixin.py:115} INFO - [2024-08-18 12:16:52,853] {dagbag.py:507} INFO - Filling up the DagBag from /home/kai/.local/lib/python3.8/site-packages/airflow/example_dags/example_branch_day_of_week_operator.py
[2024-08-18 12:16:52,864] {processor.py:651} INFO - DAG(s) dict_keys(['example_weekday_branch_operator']) retrieved from /home/kai/.local/lib/python3.8/site-packages/airflow/example_dags/example_branch_day_of_week_operator.py
[2024-08-18 12:16:52,885] {logging_mixin.py:115} INFO - [2024-08-18 12:16:52,884] {dag.py:2379} INFO - Sync 1 DAGs
[2024-08-18 12:16:52,905] {logging_mixin.py:115} INFO - [2024-08-18 12:16:52,905] {dag.py:2927} INFO - Setting next_dagrun for example_weekday_branch_operator to 2024-08-17T00:00:00+00:00, run_after=2024-08-18T00:00:00+00:00
[2024-08-18 12:16:52,916] {processor.py:161} INFO - Processing /home/kai/.local/lib/python3.8/site-packages/airflow/example_dags/example_branch_day_of_week_operator.py took 0.069 seconds
[2024-08-18 12:17:25,975] {processor.py:153} INFO - Started process (PID=9088) to work on /home/kai/.local/lib/python3.8/site-packages/airflow/example_dags/example_branch_day_of_week_operator.py
[2024-08-18 12:17:25,976] {processor.py:641} INFO - Processing file /home/kai/.local/lib/python3.8/site-packages/airflow/example_dags/example_branch_day_of_week_operator.py for tasks to queue
[2024-08-18 12:17:25,977] {logging_mixin.py:115} INFO - [2024-08-18 12:17:25,977] {dagbag.py:507} INFO - Filling up the DagBag from /home/kai/.local/lib/python3.8/site-packages/airflow/example_dags/example_branch_day_of_week_operator.py
[2024-08-18 12:17:25,985] {processor.py:651} INFO - DAG(s) dict_keys(['example_weekday_branch_operator']) retrieved from /home/kai/.local/lib/python3.8/site-packages/airflow/example_dags/example_branch_day_of_week_operator.py
[2024-08-18 12:17:26,003] {logging_mixin.py:115} INFO - [2024-08-18 12:17:26,003] {dag.py:2379} INFO - Sync 1 DAGs
[2024-08-18 12:17:26,022] {logging_mixin.py:115} INFO - [2024-08-18 12:17:26,022] {dag.py:2927} INFO - Setting next_dagrun for example_weekday_branch_operator to 2024-08-17T00:00:00+00:00, run_after=2024-08-18T00:00:00+00:00
[2024-08-18 12:17:26,034] {processor.py:161} INFO - Processing /home/kai/.local/lib/python3.8/site-packages/airflow/example_dags/example_branch_day_of_week_operator.py took 0.063 seconds
[2024-08-18 12:18:00,848] {processor.py:153} INFO - Started process (PID=9319) to work on /home/kai/.local/lib/python3.8/site-packages/airflow/example_dags/example_branch_day_of_week_operator.py
[2024-08-18 12:18:00,848] {processor.py:641} INFO - Processing file /home/kai/.local/lib/python3.8/site-packages/airflow/example_dags/example_branch_day_of_week_operator.py for tasks to queue
[2024-08-18 12:18:00,849] {logging_mixin.py:115} INFO - [2024-08-18 12:18:00,849] {dagbag.py:507} INFO - Filling up the DagBag from /home/kai/.local/lib/python3.8/site-packages/airflow/example_dags/example_branch_day_of_week_operator.py
[2024-08-18 12:18:00,855] {processor.py:651} INFO - DAG(s) dict_keys(['example_weekday_branch_operator']) retrieved from /home/kai/.local/lib/python3.8/site-packages/airflow/example_dags/example_branch_day_of_week_operator.py
[2024-08-18 12:18:00,869] {logging_mixin.py:115} INFO - [2024-08-18 12:18:00,869] {dag.py:2379} INFO - Sync 1 DAGs
[2024-08-18 12:18:00,886] {logging_mixin.py:115} INFO - [2024-08-18 12:18:00,886] {dag.py:2927} INFO - Setting next_dagrun for example_weekday_branch_operator to 2024-08-17T00:00:00+00:00, run_after=2024-08-18T00:00:00+00:00
[2024-08-18 12:18:00,897] {processor.py:161} INFO - Processing /home/kai/.local/lib/python3.8/site-packages/airflow/example_dags/example_branch_day_of_week_operator.py took 0.052 seconds
[2024-08-18 12:18:36,780] {processor.py:153} INFO - Started process (PID=9502) to work on /home/kai/.local/lib/python3.8/site-packages/airflow/example_dags/example_branch_day_of_week_operator.py
[2024-08-18 12:18:36,781] {processor.py:641} INFO - Processing file /home/kai/.local/lib/python3.8/site-packages/airflow/example_dags/example_branch_day_of_week_operator.py for tasks to queue
[2024-08-18 12:18:36,782] {logging_mixin.py:115} INFO - [2024-08-18 12:18:36,782] {dagbag.py:507} INFO - Filling up the DagBag from /home/kai/.local/lib/python3.8/site-packages/airflow/example_dags/example_branch_day_of_week_operator.py
[2024-08-18 12:18:36,790] {processor.py:651} INFO - DAG(s) dict_keys(['example_weekday_branch_operator']) retrieved from /home/kai/.local/lib/python3.8/site-packages/airflow/example_dags/example_branch_day_of_week_operator.py
[2024-08-18 12:18:36,816] {logging_mixin.py:115} INFO - [2024-08-18 12:18:36,816] {dag.py:2379} INFO - Sync 1 DAGs
[2024-08-18 12:18:36,835] {logging_mixin.py:115} INFO - [2024-08-18 12:18:36,835] {dag.py:2927} INFO - Setting next_dagrun for example_weekday_branch_operator to 2024-08-17T00:00:00+00:00, run_after=2024-08-18T00:00:00+00:00
[2024-08-18 12:18:36,847] {processor.py:161} INFO - Processing /home/kai/.local/lib/python3.8/site-packages/airflow/example_dags/example_branch_day_of_week_operator.py took 0.071 seconds
[2024-08-18 12:19:14,609] {processor.py:153} INFO - Started process (PID=9693) to work on /home/kai/.local/lib/python3.8/site-packages/airflow/example_dags/example_branch_day_of_week_operator.py
[2024-08-18 12:19:14,610] {processor.py:641} INFO - Processing file /home/kai/.local/lib/python3.8/site-packages/airflow/example_dags/example_branch_day_of_week_operator.py for tasks to queue
[2024-08-18 12:19:14,611] {logging_mixin.py:115} INFO - [2024-08-18 12:19:14,611] {dagbag.py:507} INFO - Filling up the DagBag from /home/kai/.local/lib/python3.8/site-packages/airflow/example_dags/example_branch_day_of_week_operator.py
[2024-08-18 12:19:14,620] {processor.py:651} INFO - DAG(s) dict_keys(['example_weekday_branch_operator']) retrieved from /home/kai/.local/lib/python3.8/site-packages/airflow/example_dags/example_branch_day_of_week_operator.py
[2024-08-18 12:19:14,636] {logging_mixin.py:115} INFO - [2024-08-18 12:19:14,636] {dag.py:2379} INFO - Sync 1 DAGs
[2024-08-18 12:19:14,657] {logging_mixin.py:115} INFO - [2024-08-18 12:19:14,657] {dag.py:2927} INFO - Setting next_dagrun for example_weekday_branch_operator to 2024-08-17T00:00:00+00:00, run_after=2024-08-18T00:00:00+00:00
[2024-08-18 12:19:14,669] {processor.py:161} INFO - Processing /home/kai/.local/lib/python3.8/site-packages/airflow/example_dags/example_branch_day_of_week_operator.py took 0.063 seconds
[2024-08-18 12:19:47,627] {processor.py:153} INFO - Started process (PID=9856) to work on /home/kai/.local/lib/python3.8/site-packages/airflow/example_dags/example_branch_day_of_week_operator.py
[2024-08-18 12:19:47,628] {processor.py:641} INFO - Processing file /home/kai/.local/lib/python3.8/site-packages/airflow/example_dags/example_branch_day_of_week_operator.py for tasks to queue
[2024-08-18 12:19:47,628] {logging_mixin.py:115} INFO - [2024-08-18 12:19:47,628] {dagbag.py:507} INFO - Filling up the DagBag from /home/kai/.local/lib/python3.8/site-packages/airflow/example_dags/example_branch_day_of_week_operator.py
[2024-08-18 12:19:47,636] {processor.py:651} INFO - DAG(s) dict_keys(['example_weekday_branch_operator']) retrieved from /home/kai/.local/lib/python3.8/site-packages/airflow/example_dags/example_branch_day_of_week_operator.py
[2024-08-18 12:19:47,649] {logging_mixin.py:115} INFO - [2024-08-18 12:19:47,649] {dag.py:2379} INFO - Sync 1 DAGs
[2024-08-18 12:19:47,665] {logging_mixin.py:115} INFO - [2024-08-18 12:19:47,665] {dag.py:2927} INFO - Setting next_dagrun for example_weekday_branch_operator to 2024-08-17T00:00:00+00:00, run_after=2024-08-18T00:00:00+00:00
[2024-08-18 12:19:47,676] {processor.py:161} INFO - Processing /home/kai/.local/lib/python3.8/site-packages/airflow/example_dags/example_branch_day_of_week_operator.py took 0.051 seconds
[2024-08-18 12:20:24,634] {processor.py:153} INFO - Started process (PID=10040) to work on /home/kai/.local/lib/python3.8/site-packages/airflow/example_dags/example_branch_day_of_week_operator.py
[2024-08-18 12:20:24,635] {processor.py:641} INFO - Processing file /home/kai/.local/lib/python3.8/site-packages/airflow/example_dags/example_branch_day_of_week_operator.py for tasks to queue
[2024-08-18 12:20:24,637] {logging_mixin.py:115} INFO - [2024-08-18 12:20:24,637] {dagbag.py:507} INFO - Filling up the DagBag from /home/kai/.local/lib/python3.8/site-packages/airflow/example_dags/example_branch_day_of_week_operator.py
[2024-08-18 12:20:24,649] {processor.py:651} INFO - DAG(s) dict_keys(['example_weekday_branch_operator']) retrieved from /home/kai/.local/lib/python3.8/site-packages/airflow/example_dags/example_branch_day_of_week_operator.py
[2024-08-18 12:20:24,666] {logging_mixin.py:115} INFO - [2024-08-18 12:20:24,666] {dag.py:2379} INFO - Sync 1 DAGs
[2024-08-18 12:20:24,682] {logging_mixin.py:115} INFO - [2024-08-18 12:20:24,682] {dag.py:2927} INFO - Setting next_dagrun for example_weekday_branch_operator to 2024-08-17T00:00:00+00:00, run_after=2024-08-18T00:00:00+00:00
[2024-08-18 12:20:24,693] {processor.py:161} INFO - Processing /home/kai/.local/lib/python3.8/site-packages/airflow/example_dags/example_branch_day_of_week_operator.py took 0.061 seconds
[2024-08-18 12:20:59,619] {processor.py:153} INFO - Started process (PID=10221) to work on /home/kai/.local/lib/python3.8/site-packages/airflow/example_dags/example_branch_day_of_week_operator.py
[2024-08-18 12:20:59,620] {processor.py:641} INFO - Processing file /home/kai/.local/lib/python3.8/site-packages/airflow/example_dags/example_branch_day_of_week_operator.py for tasks to queue
[2024-08-18 12:20:59,621] {logging_mixin.py:115} INFO - [2024-08-18 12:20:59,620] {dagbag.py:507} INFO - Filling up the DagBag from /home/kai/.local/lib/python3.8/site-packages/airflow/example_dags/example_branch_day_of_week_operator.py
[2024-08-18 12:20:59,629] {processor.py:651} INFO - DAG(s) dict_keys(['example_weekday_branch_operator']) retrieved from /home/kai/.local/lib/python3.8/site-packages/airflow/example_dags/example_branch_day_of_week_operator.py
[2024-08-18 12:20:59,642] {logging_mixin.py:115} INFO - [2024-08-18 12:20:59,642] {dag.py:2379} INFO - Sync 1 DAGs
[2024-08-18 12:20:59,658] {logging_mixin.py:115} INFO - [2024-08-18 12:20:59,658] {dag.py:2927} INFO - Setting next_dagrun for example_weekday_branch_operator to 2024-08-17T00:00:00+00:00, run_after=2024-08-18T00:00:00+00:00
[2024-08-18 12:20:59,675] {processor.py:161} INFO - Processing /home/kai/.local/lib/python3.8/site-packages/airflow/example_dags/example_branch_day_of_week_operator.py took 0.058 seconds
[2024-08-18 12:21:32,752] {processor.py:153} INFO - Started process (PID=10394) to work on /home/kai/.local/lib/python3.8/site-packages/airflow/example_dags/example_branch_day_of_week_operator.py
[2024-08-18 12:21:32,753] {processor.py:641} INFO - Processing file /home/kai/.local/lib/python3.8/site-packages/airflow/example_dags/example_branch_day_of_week_operator.py for tasks to queue
[2024-08-18 12:21:32,754] {logging_mixin.py:115} INFO - [2024-08-18 12:21:32,753] {dagbag.py:507} INFO - Filling up the DagBag from /home/kai/.local/lib/python3.8/site-packages/airflow/example_dags/example_branch_day_of_week_operator.py
[2024-08-18 12:21:32,762] {processor.py:651} INFO - DAG(s) dict_keys(['example_weekday_branch_operator']) retrieved from /home/kai/.local/lib/python3.8/site-packages/airflow/example_dags/example_branch_day_of_week_operator.py
[2024-08-18 12:21:32,780] {logging_mixin.py:115} INFO - [2024-08-18 12:21:32,780] {dag.py:2379} INFO - Sync 1 DAGs
[2024-08-18 12:21:32,801] {logging_mixin.py:115} INFO - [2024-08-18 12:21:32,801] {dag.py:2927} INFO - Setting next_dagrun for example_weekday_branch_operator to 2024-08-17T00:00:00+00:00, run_after=2024-08-18T00:00:00+00:00
[2024-08-18 12:21:32,813] {processor.py:161} INFO - Processing /home/kai/.local/lib/python3.8/site-packages/airflow/example_dags/example_branch_day_of_week_operator.py took 0.064 seconds
[2024-08-18 12:22:09,514] {processor.py:153} INFO - Started process (PID=10579) to work on /home/kai/.local/lib/python3.8/site-packages/airflow/example_dags/example_branch_day_of_week_operator.py
[2024-08-18 12:22:09,515] {processor.py:641} INFO - Processing file /home/kai/.local/lib/python3.8/site-packages/airflow/example_dags/example_branch_day_of_week_operator.py for tasks to queue
[2024-08-18 12:22:09,516] {logging_mixin.py:115} INFO - [2024-08-18 12:22:09,516] {dagbag.py:507} INFO - Filling up the DagBag from /home/kai/.local/lib/python3.8/site-packages/airflow/example_dags/example_branch_day_of_week_operator.py
[2024-08-18 12:22:09,524] {processor.py:651} INFO - DAG(s) dict_keys(['example_weekday_branch_operator']) retrieved from /home/kai/.local/lib/python3.8/site-packages/airflow/example_dags/example_branch_day_of_week_operator.py
[2024-08-18 12:22:09,542] {logging_mixin.py:115} INFO - [2024-08-18 12:22:09,542] {dag.py:2379} INFO - Sync 1 DAGs
[2024-08-18 12:22:09,566] {logging_mixin.py:115} INFO - [2024-08-18 12:22:09,566] {dag.py:2927} INFO - Setting next_dagrun for example_weekday_branch_operator to 2024-08-17T00:00:00+00:00, run_after=2024-08-18T00:00:00+00:00
[2024-08-18 12:22:09,582] {processor.py:161} INFO - Processing /home/kai/.local/lib/python3.8/site-packages/airflow/example_dags/example_branch_day_of_week_operator.py took 0.071 seconds
[2024-08-18 12:22:41,432] {processor.py:153} INFO - Started process (PID=10745) to work on /home/kai/.local/lib/python3.8/site-packages/airflow/example_dags/example_branch_day_of_week_operator.py
[2024-08-18 12:22:41,432] {processor.py:641} INFO - Processing file /home/kai/.local/lib/python3.8/site-packages/airflow/example_dags/example_branch_day_of_week_operator.py for tasks to queue
[2024-08-18 12:22:41,433] {logging_mixin.py:115} INFO - [2024-08-18 12:22:41,433] {dagbag.py:507} INFO - Filling up the DagBag from /home/kai/.local/lib/python3.8/site-packages/airflow/example_dags/example_branch_day_of_week_operator.py
[2024-08-18 12:22:41,444] {processor.py:651} INFO - DAG(s) dict_keys(['example_weekday_branch_operator']) retrieved from /home/kai/.local/lib/python3.8/site-packages/airflow/example_dags/example_branch_day_of_week_operator.py
[2024-08-18 12:22:41,465] {logging_mixin.py:115} INFO - [2024-08-18 12:22:41,465] {dag.py:2379} INFO - Sync 1 DAGs
[2024-08-18 12:22:41,497] {logging_mixin.py:115} INFO - [2024-08-18 12:22:41,497] {dag.py:2927} INFO - Setting next_dagrun for example_weekday_branch_operator to 2024-08-17T00:00:00+00:00, run_after=2024-08-18T00:00:00+00:00
[2024-08-18 12:22:41,513] {processor.py:161} INFO - Processing /home/kai/.local/lib/python3.8/site-packages/airflow/example_dags/example_branch_day_of_week_operator.py took 0.084 seconds
[2024-08-18 12:23:13,587] {processor.py:153} INFO - Started process (PID=11015) to work on /home/kai/.local/lib/python3.8/site-packages/airflow/example_dags/example_branch_day_of_week_operator.py
[2024-08-18 12:23:13,587] {processor.py:641} INFO - Processing file /home/kai/.local/lib/python3.8/site-packages/airflow/example_dags/example_branch_day_of_week_operator.py for tasks to queue
[2024-08-18 12:23:13,588] {logging_mixin.py:115} INFO - [2024-08-18 12:23:13,588] {dagbag.py:507} INFO - Filling up the DagBag from /home/kai/.local/lib/python3.8/site-packages/airflow/example_dags/example_branch_day_of_week_operator.py
[2024-08-18 12:23:13,596] {processor.py:651} INFO - DAG(s) dict_keys(['example_weekday_branch_operator']) retrieved from /home/kai/.local/lib/python3.8/site-packages/airflow/example_dags/example_branch_day_of_week_operator.py
[2024-08-18 12:23:13,610] {logging_mixin.py:115} INFO - [2024-08-18 12:23:13,610] {dag.py:2379} INFO - Sync 1 DAGs
[2024-08-18 12:23:13,634] {logging_mixin.py:115} INFO - [2024-08-18 12:23:13,634] {dag.py:2927} INFO - Setting next_dagrun for example_weekday_branch_operator to 2024-08-17T00:00:00+00:00, run_after=2024-08-18T00:00:00+00:00
[2024-08-18 12:23:13,645] {processor.py:161} INFO - Processing /home/kai/.local/lib/python3.8/site-packages/airflow/example_dags/example_branch_day_of_week_operator.py took 0.061 seconds
[2024-08-18 12:23:52,340] {processor.py:153} INFO - Started process (PID=11202) to work on /home/kai/.local/lib/python3.8/site-packages/airflow/example_dags/example_branch_day_of_week_operator.py
[2024-08-18 12:23:52,341] {processor.py:641} INFO - Processing file /home/kai/.local/lib/python3.8/site-packages/airflow/example_dags/example_branch_day_of_week_operator.py for tasks to queue
[2024-08-18 12:23:52,342] {logging_mixin.py:115} INFO - [2024-08-18 12:23:52,342] {dagbag.py:507} INFO - Filling up the DagBag from /home/kai/.local/lib/python3.8/site-packages/airflow/example_dags/example_branch_day_of_week_operator.py
[2024-08-18 12:23:52,356] {processor.py:651} INFO - DAG(s) dict_keys(['example_weekday_branch_operator']) retrieved from /home/kai/.local/lib/python3.8/site-packages/airflow/example_dags/example_branch_day_of_week_operator.py
[2024-08-18 12:23:52,377] {logging_mixin.py:115} INFO - [2024-08-18 12:23:52,376] {dag.py:2379} INFO - Sync 1 DAGs
[2024-08-18 12:23:52,398] {logging_mixin.py:115} INFO - [2024-08-18 12:23:52,398] {dag.py:2927} INFO - Setting next_dagrun for example_weekday_branch_operator to 2024-08-17T00:00:00+00:00, run_after=2024-08-18T00:00:00+00:00
[2024-08-18 12:23:52,413] {processor.py:161} INFO - Processing /home/kai/.local/lib/python3.8/site-packages/airflow/example_dags/example_branch_day_of_week_operator.py took 0.076 seconds
[2024-08-18 12:24:25,743] {processor.py:153} INFO - Started process (PID=11379) to work on /home/kai/.local/lib/python3.8/site-packages/airflow/example_dags/example_branch_day_of_week_operator.py
[2024-08-18 12:24:25,744] {processor.py:641} INFO - Processing file /home/kai/.local/lib/python3.8/site-packages/airflow/example_dags/example_branch_day_of_week_operator.py for tasks to queue
[2024-08-18 12:24:25,745] {logging_mixin.py:115} INFO - [2024-08-18 12:24:25,745] {dagbag.py:507} INFO - Filling up the DagBag from /home/kai/.local/lib/python3.8/site-packages/airflow/example_dags/example_branch_day_of_week_operator.py
[2024-08-18 12:24:25,752] {processor.py:651} INFO - DAG(s) dict_keys(['example_weekday_branch_operator']) retrieved from /home/kai/.local/lib/python3.8/site-packages/airflow/example_dags/example_branch_day_of_week_operator.py
[2024-08-18 12:24:25,766] {logging_mixin.py:115} INFO - [2024-08-18 12:24:25,766] {dag.py:2379} INFO - Sync 1 DAGs
[2024-08-18 12:24:25,784] {logging_mixin.py:115} INFO - [2024-08-18 12:24:25,784] {dag.py:2927} INFO - Setting next_dagrun for example_weekday_branch_operator to 2024-08-17T00:00:00+00:00, run_after=2024-08-18T00:00:00+00:00
[2024-08-18 12:24:25,798] {processor.py:161} INFO - Processing /home/kai/.local/lib/python3.8/site-packages/airflow/example_dags/example_branch_day_of_week_operator.py took 0.060 seconds
[2024-08-18 12:24:59,637] {processor.py:153} INFO - Started process (PID=11547) to work on /home/kai/.local/lib/python3.8/site-packages/airflow/example_dags/example_branch_day_of_week_operator.py
[2024-08-18 12:24:59,638] {processor.py:641} INFO - Processing file /home/kai/.local/lib/python3.8/site-packages/airflow/example_dags/example_branch_day_of_week_operator.py for tasks to queue
[2024-08-18 12:24:59,639] {logging_mixin.py:115} INFO - [2024-08-18 12:24:59,639] {dagbag.py:507} INFO - Filling up the DagBag from /home/kai/.local/lib/python3.8/site-packages/airflow/example_dags/example_branch_day_of_week_operator.py
[2024-08-18 12:24:59,647] {processor.py:651} INFO - DAG(s) dict_keys(['example_weekday_branch_operator']) retrieved from /home/kai/.local/lib/python3.8/site-packages/airflow/example_dags/example_branch_day_of_week_operator.py
[2024-08-18 12:24:59,669] {logging_mixin.py:115} INFO - [2024-08-18 12:24:59,669] {dag.py:2379} INFO - Sync 1 DAGs
[2024-08-18 12:24:59,689] {logging_mixin.py:115} INFO - [2024-08-18 12:24:59,689] {dag.py:2927} INFO - Setting next_dagrun for example_weekday_branch_operator to 2024-08-17T00:00:00+00:00, run_after=2024-08-18T00:00:00+00:00
[2024-08-18 12:24:59,703] {processor.py:161} INFO - Processing /home/kai/.local/lib/python3.8/site-packages/airflow/example_dags/example_branch_day_of_week_operator.py took 0.068 seconds
[2024-08-18 12:25:33,016] {processor.py:153} INFO - Started process (PID=11714) to work on /home/kai/.local/lib/python3.8/site-packages/airflow/example_dags/example_branch_day_of_week_operator.py
[2024-08-18 12:25:33,017] {processor.py:641} INFO - Processing file /home/kai/.local/lib/python3.8/site-packages/airflow/example_dags/example_branch_day_of_week_operator.py for tasks to queue
[2024-08-18 12:25:33,018] {logging_mixin.py:115} INFO - [2024-08-18 12:25:33,017] {dagbag.py:507} INFO - Filling up the DagBag from /home/kai/.local/lib/python3.8/site-packages/airflow/example_dags/example_branch_day_of_week_operator.py
[2024-08-18 12:25:33,025] {processor.py:651} INFO - DAG(s) dict_keys(['example_weekday_branch_operator']) retrieved from /home/kai/.local/lib/python3.8/site-packages/airflow/example_dags/example_branch_day_of_week_operator.py
[2024-08-18 12:25:33,039] {logging_mixin.py:115} INFO - [2024-08-18 12:25:33,038] {dag.py:2379} INFO - Sync 1 DAGs
[2024-08-18 12:25:33,062] {logging_mixin.py:115} INFO - [2024-08-18 12:25:33,062] {dag.py:2927} INFO - Setting next_dagrun for example_weekday_branch_operator to 2024-08-17T00:00:00+00:00, run_after=2024-08-18T00:00:00+00:00
[2024-08-18 12:25:33,071] {processor.py:161} INFO - Processing /home/kai/.local/lib/python3.8/site-packages/airflow/example_dags/example_branch_day_of_week_operator.py took 0.058 seconds
[2024-08-18 12:26:10,586] {processor.py:153} INFO - Started process (PID=11905) to work on /home/kai/.local/lib/python3.8/site-packages/airflow/example_dags/example_branch_day_of_week_operator.py
[2024-08-18 12:26:10,587] {processor.py:641} INFO - Processing file /home/kai/.local/lib/python3.8/site-packages/airflow/example_dags/example_branch_day_of_week_operator.py for tasks to queue
[2024-08-18 12:26:10,588] {logging_mixin.py:115} INFO - [2024-08-18 12:26:10,588] {dagbag.py:507} INFO - Filling up the DagBag from /home/kai/.local/lib/python3.8/site-packages/airflow/example_dags/example_branch_day_of_week_operator.py
[2024-08-18 12:26:10,595] {processor.py:651} INFO - DAG(s) dict_keys(['example_weekday_branch_operator']) retrieved from /home/kai/.local/lib/python3.8/site-packages/airflow/example_dags/example_branch_day_of_week_operator.py
[2024-08-18 12:26:10,609] {logging_mixin.py:115} INFO - [2024-08-18 12:26:10,609] {dag.py:2379} INFO - Sync 1 DAGs
[2024-08-18 12:26:10,628] {logging_mixin.py:115} INFO - [2024-08-18 12:26:10,628] {dag.py:2927} INFO - Setting next_dagrun for example_weekday_branch_operator to 2024-08-17T00:00:00+00:00, run_after=2024-08-18T00:00:00+00:00
[2024-08-18 12:26:10,639] {processor.py:161} INFO - Processing /home/kai/.local/lib/python3.8/site-packages/airflow/example_dags/example_branch_day_of_week_operator.py took 0.055 seconds
[2024-08-18 12:26:43,241] {processor.py:153} INFO - Started process (PID=12067) to work on /home/kai/.local/lib/python3.8/site-packages/airflow/example_dags/example_branch_day_of_week_operator.py
[2024-08-18 12:26:43,242] {processor.py:641} INFO - Processing file /home/kai/.local/lib/python3.8/site-packages/airflow/example_dags/example_branch_day_of_week_operator.py for tasks to queue
[2024-08-18 12:26:43,243] {logging_mixin.py:115} INFO - [2024-08-18 12:26:43,243] {dagbag.py:507} INFO - Filling up the DagBag from /home/kai/.local/lib/python3.8/site-packages/airflow/example_dags/example_branch_day_of_week_operator.py
[2024-08-18 12:26:43,250] {processor.py:651} INFO - DAG(s) dict_keys(['example_weekday_branch_operator']) retrieved from /home/kai/.local/lib/python3.8/site-packages/airflow/example_dags/example_branch_day_of_week_operator.py
[2024-08-18 12:26:43,268] {logging_mixin.py:115} INFO - [2024-08-18 12:26:43,268] {dag.py:2379} INFO - Sync 1 DAGs
[2024-08-18 12:26:43,292] {logging_mixin.py:115} INFO - [2024-08-18 12:26:43,292] {dag.py:2927} INFO - Setting next_dagrun for example_weekday_branch_operator to 2024-08-17T00:00:00+00:00, run_after=2024-08-18T00:00:00+00:00
[2024-08-18 12:26:43,304] {processor.py:161} INFO - Processing /home/kai/.local/lib/python3.8/site-packages/airflow/example_dags/example_branch_day_of_week_operator.py took 0.066 seconds
[2024-08-18 12:27:19,867] {processor.py:153} INFO - Started process (PID=12256) to work on /home/kai/.local/lib/python3.8/site-packages/airflow/example_dags/example_branch_day_of_week_operator.py
[2024-08-18 12:27:19,868] {processor.py:641} INFO - Processing file /home/kai/.local/lib/python3.8/site-packages/airflow/example_dags/example_branch_day_of_week_operator.py for tasks to queue
[2024-08-18 12:27:19,869] {logging_mixin.py:115} INFO - [2024-08-18 12:27:19,869] {dagbag.py:507} INFO - Filling up the DagBag from /home/kai/.local/lib/python3.8/site-packages/airflow/example_dags/example_branch_day_of_week_operator.py
[2024-08-18 12:27:19,884] {processor.py:651} INFO - DAG(s) dict_keys(['example_weekday_branch_operator']) retrieved from /home/kai/.local/lib/python3.8/site-packages/airflow/example_dags/example_branch_day_of_week_operator.py
[2024-08-18 12:27:19,922] {logging_mixin.py:115} INFO - [2024-08-18 12:27:19,922] {dag.py:2379} INFO - Sync 1 DAGs
[2024-08-18 12:27:19,963] {logging_mixin.py:115} INFO - [2024-08-18 12:27:19,962] {dag.py:2927} INFO - Setting next_dagrun for example_weekday_branch_operator to 2024-08-17T00:00:00+00:00, run_after=2024-08-18T00:00:00+00:00
[2024-08-18 12:27:19,984] {processor.py:161} INFO - Processing /home/kai/.local/lib/python3.8/site-packages/airflow/example_dags/example_branch_day_of_week_operator.py took 0.121 seconds
[2024-08-18 12:27:52,427] {processor.py:153} INFO - Started process (PID=12440) to work on /home/kai/.local/lib/python3.8/site-packages/airflow/example_dags/example_branch_day_of_week_operator.py
[2024-08-18 12:27:52,428] {processor.py:641} INFO - Processing file /home/kai/.local/lib/python3.8/site-packages/airflow/example_dags/example_branch_day_of_week_operator.py for tasks to queue
[2024-08-18 12:27:52,429] {logging_mixin.py:115} INFO - [2024-08-18 12:27:52,429] {dagbag.py:507} INFO - Filling up the DagBag from /home/kai/.local/lib/python3.8/site-packages/airflow/example_dags/example_branch_day_of_week_operator.py
[2024-08-18 12:27:52,437] {processor.py:651} INFO - DAG(s) dict_keys(['example_weekday_branch_operator']) retrieved from /home/kai/.local/lib/python3.8/site-packages/airflow/example_dags/example_branch_day_of_week_operator.py
[2024-08-18 12:27:52,455] {logging_mixin.py:115} INFO - [2024-08-18 12:27:52,455] {dag.py:2379} INFO - Sync 1 DAGs
[2024-08-18 12:27:52,478] {logging_mixin.py:115} INFO - [2024-08-18 12:27:52,478] {dag.py:2927} INFO - Setting next_dagrun for example_weekday_branch_operator to 2024-08-17T00:00:00+00:00, run_after=2024-08-18T00:00:00+00:00
[2024-08-18 12:27:52,488] {processor.py:161} INFO - Processing /home/kai/.local/lib/python3.8/site-packages/airflow/example_dags/example_branch_day_of_week_operator.py took 0.063 seconds
[2024-08-18 19:39:50,695] {processor.py:153} INFO - Started process (PID=13134) to work on /home/kai/.local/lib/python3.8/site-packages/airflow/example_dags/example_branch_day_of_week_operator.py
[2024-08-18 19:39:50,696] {processor.py:641} INFO - Processing file /home/kai/.local/lib/python3.8/site-packages/airflow/example_dags/example_branch_day_of_week_operator.py for tasks to queue
[2024-08-18 19:39:50,697] {logging_mixin.py:115} INFO - [2024-08-18 19:39:50,697] {dagbag.py:507} INFO - Filling up the DagBag from /home/kai/.local/lib/python3.8/site-packages/airflow/example_dags/example_branch_day_of_week_operator.py
[2024-08-18 19:39:50,704] {processor.py:651} INFO - DAG(s) dict_keys(['example_weekday_branch_operator']) retrieved from /home/kai/.local/lib/python3.8/site-packages/airflow/example_dags/example_branch_day_of_week_operator.py
[2024-08-18 19:39:50,718] {logging_mixin.py:115} INFO - [2024-08-18 19:39:50,717] {dag.py:2379} INFO - Sync 1 DAGs
[2024-08-18 19:39:50,731] {logging_mixin.py:115} INFO - [2024-08-18 19:39:50,731] {dag.py:2927} INFO - Setting next_dagrun for example_weekday_branch_operator to 2024-08-17T00:00:00+00:00, run_after=2024-08-18T00:00:00+00:00
[2024-08-18 19:39:50,745] {processor.py:161} INFO - Processing /home/kai/.local/lib/python3.8/site-packages/airflow/example_dags/example_branch_day_of_week_operator.py took 0.052 seconds
[2024-08-18 19:40:22,010] {processor.py:153} INFO - Started process (PID=13193) to work on /home/kai/.local/lib/python3.8/site-packages/airflow/example_dags/example_branch_day_of_week_operator.py
[2024-08-18 19:40:22,011] {processor.py:641} INFO - Processing file /home/kai/.local/lib/python3.8/site-packages/airflow/example_dags/example_branch_day_of_week_operator.py for tasks to queue
[2024-08-18 19:40:22,012] {logging_mixin.py:115} INFO - [2024-08-18 19:40:22,012] {dagbag.py:507} INFO - Filling up the DagBag from /home/kai/.local/lib/python3.8/site-packages/airflow/example_dags/example_branch_day_of_week_operator.py
[2024-08-18 19:40:22,019] {processor.py:651} INFO - DAG(s) dict_keys(['example_weekday_branch_operator']) retrieved from /home/kai/.local/lib/python3.8/site-packages/airflow/example_dags/example_branch_day_of_week_operator.py
[2024-08-18 19:40:22,033] {logging_mixin.py:115} INFO - [2024-08-18 19:40:22,033] {dag.py:2379} INFO - Sync 1 DAGs
[2024-08-18 19:40:22,046] {logging_mixin.py:115} INFO - [2024-08-18 19:40:22,046] {dag.py:2927} INFO - Setting next_dagrun for example_weekday_branch_operator to 2024-08-17T00:00:00+00:00, run_after=2024-08-18T00:00:00+00:00
[2024-08-18 19:40:22,057] {processor.py:161} INFO - Processing /home/kai/.local/lib/python3.8/site-packages/airflow/example_dags/example_branch_day_of_week_operator.py took 0.050 seconds
[2024-08-18 19:40:57,236] {processor.py:153} INFO - Started process (PID=13324) to work on /home/kai/.local/lib/python3.8/site-packages/airflow/example_dags/example_branch_day_of_week_operator.py
[2024-08-18 19:40:57,237] {processor.py:641} INFO - Processing file /home/kai/.local/lib/python3.8/site-packages/airflow/example_dags/example_branch_day_of_week_operator.py for tasks to queue
[2024-08-18 19:40:57,238] {logging_mixin.py:115} INFO - [2024-08-18 19:40:57,237] {dagbag.py:507} INFO - Filling up the DagBag from /home/kai/.local/lib/python3.8/site-packages/airflow/example_dags/example_branch_day_of_week_operator.py
[2024-08-18 19:40:57,245] {processor.py:651} INFO - DAG(s) dict_keys(['example_weekday_branch_operator']) retrieved from /home/kai/.local/lib/python3.8/site-packages/airflow/example_dags/example_branch_day_of_week_operator.py
[2024-08-18 19:40:57,257] {logging_mixin.py:115} INFO - [2024-08-18 19:40:57,257] {dag.py:2379} INFO - Sync 1 DAGs
[2024-08-18 19:40:57,273] {logging_mixin.py:115} INFO - [2024-08-18 19:40:57,273] {dag.py:2927} INFO - Setting next_dagrun for example_weekday_branch_operator to 2024-08-17T00:00:00+00:00, run_after=2024-08-18T00:00:00+00:00
[2024-08-18 19:40:57,285] {processor.py:161} INFO - Processing /home/kai/.local/lib/python3.8/site-packages/airflow/example_dags/example_branch_day_of_week_operator.py took 0.051 seconds
[2024-08-18 19:41:29,133] {processor.py:153} INFO - Started process (PID=13489) to work on /home/kai/.local/lib/python3.8/site-packages/airflow/example_dags/example_branch_day_of_week_operator.py
[2024-08-18 19:41:29,133] {processor.py:641} INFO - Processing file /home/kai/.local/lib/python3.8/site-packages/airflow/example_dags/example_branch_day_of_week_operator.py for tasks to queue
[2024-08-18 19:41:29,134] {logging_mixin.py:115} INFO - [2024-08-18 19:41:29,134] {dagbag.py:507} INFO - Filling up the DagBag from /home/kai/.local/lib/python3.8/site-packages/airflow/example_dags/example_branch_day_of_week_operator.py
[2024-08-18 19:41:29,141] {processor.py:651} INFO - DAG(s) dict_keys(['example_weekday_branch_operator']) retrieved from /home/kai/.local/lib/python3.8/site-packages/airflow/example_dags/example_branch_day_of_week_operator.py
[2024-08-18 19:41:29,153] {logging_mixin.py:115} INFO - [2024-08-18 19:41:29,153] {dag.py:2379} INFO - Sync 1 DAGs
[2024-08-18 19:41:29,168] {logging_mixin.py:115} INFO - [2024-08-18 19:41:29,168] {dag.py:2927} INFO - Setting next_dagrun for example_weekday_branch_operator to 2024-08-17T00:00:00+00:00, run_after=2024-08-18T00:00:00+00:00
[2024-08-18 19:41:29,180] {processor.py:161} INFO - Processing /home/kai/.local/lib/python3.8/site-packages/airflow/example_dags/example_branch_day_of_week_operator.py took 0.050 seconds
[2024-08-18 19:42:05,550] {processor.py:153} INFO - Started process (PID=13663) to work on /home/kai/.local/lib/python3.8/site-packages/airflow/example_dags/example_branch_day_of_week_operator.py
[2024-08-18 19:42:05,551] {processor.py:641} INFO - Processing file /home/kai/.local/lib/python3.8/site-packages/airflow/example_dags/example_branch_day_of_week_operator.py for tasks to queue
[2024-08-18 19:42:05,551] {logging_mixin.py:115} INFO - [2024-08-18 19:42:05,551] {dagbag.py:507} INFO - Filling up the DagBag from /home/kai/.local/lib/python3.8/site-packages/airflow/example_dags/example_branch_day_of_week_operator.py
[2024-08-18 19:42:05,563] {processor.py:651} INFO - DAG(s) dict_keys(['example_weekday_branch_operator']) retrieved from /home/kai/.local/lib/python3.8/site-packages/airflow/example_dags/example_branch_day_of_week_operator.py
[2024-08-18 19:42:05,575] {logging_mixin.py:115} INFO - [2024-08-18 19:42:05,575] {dag.py:2379} INFO - Sync 1 DAGs
[2024-08-18 19:42:05,594] {logging_mixin.py:115} INFO - [2024-08-18 19:42:05,594] {dag.py:2927} INFO - Setting next_dagrun for example_weekday_branch_operator to 2024-08-17T00:00:00+00:00, run_after=2024-08-18T00:00:00+00:00
[2024-08-18 19:42:05,603] {processor.py:161} INFO - Processing /home/kai/.local/lib/python3.8/site-packages/airflow/example_dags/example_branch_day_of_week_operator.py took 0.056 seconds
[2024-08-18 19:42:39,072] {processor.py:153} INFO - Started process (PID=13843) to work on /home/kai/.local/lib/python3.8/site-packages/airflow/example_dags/example_branch_day_of_week_operator.py
[2024-08-18 19:42:39,074] {processor.py:641} INFO - Processing file /home/kai/.local/lib/python3.8/site-packages/airflow/example_dags/example_branch_day_of_week_operator.py for tasks to queue
[2024-08-18 19:42:39,075] {logging_mixin.py:115} INFO - [2024-08-18 19:42:39,075] {dagbag.py:507} INFO - Filling up the DagBag from /home/kai/.local/lib/python3.8/site-packages/airflow/example_dags/example_branch_day_of_week_operator.py
[2024-08-18 19:42:39,089] {processor.py:651} INFO - DAG(s) dict_keys(['example_weekday_branch_operator']) retrieved from /home/kai/.local/lib/python3.8/site-packages/airflow/example_dags/example_branch_day_of_week_operator.py
[2024-08-18 19:42:39,112] {logging_mixin.py:115} INFO - [2024-08-18 19:42:39,112] {dag.py:2379} INFO - Sync 1 DAGs
[2024-08-18 19:42:39,129] {logging_mixin.py:115} INFO - [2024-08-18 19:42:39,129] {dag.py:2927} INFO - Setting next_dagrun for example_weekday_branch_operator to 2024-08-17T00:00:00+00:00, run_after=2024-08-18T00:00:00+00:00
[2024-08-18 19:42:39,140] {processor.py:161} INFO - Processing /home/kai/.local/lib/python3.8/site-packages/airflow/example_dags/example_branch_day_of_week_operator.py took 0.074 seconds
[2024-08-18 19:43:15,079] {processor.py:153} INFO - Started process (PID=14019) to work on /home/kai/.local/lib/python3.8/site-packages/airflow/example_dags/example_branch_day_of_week_operator.py
[2024-08-18 19:43:15,080] {processor.py:641} INFO - Processing file /home/kai/.local/lib/python3.8/site-packages/airflow/example_dags/example_branch_day_of_week_operator.py for tasks to queue
[2024-08-18 19:43:15,080] {logging_mixin.py:115} INFO - [2024-08-18 19:43:15,080] {dagbag.py:507} INFO - Filling up the DagBag from /home/kai/.local/lib/python3.8/site-packages/airflow/example_dags/example_branch_day_of_week_operator.py
[2024-08-18 19:43:15,088] {processor.py:651} INFO - DAG(s) dict_keys(['example_weekday_branch_operator']) retrieved from /home/kai/.local/lib/python3.8/site-packages/airflow/example_dags/example_branch_day_of_week_operator.py
[2024-08-18 19:43:15,101] {logging_mixin.py:115} INFO - [2024-08-18 19:43:15,101] {dag.py:2379} INFO - Sync 1 DAGs
[2024-08-18 19:43:15,118] {logging_mixin.py:115} INFO - [2024-08-18 19:43:15,118] {dag.py:2927} INFO - Setting next_dagrun for example_weekday_branch_operator to 2024-08-17T00:00:00+00:00, run_after=2024-08-18T00:00:00+00:00
[2024-08-18 19:43:15,127] {processor.py:161} INFO - Processing /home/kai/.local/lib/python3.8/site-packages/airflow/example_dags/example_branch_day_of_week_operator.py took 0.051 seconds
[2024-08-18 19:43:48,231] {processor.py:153} INFO - Started process (PID=14191) to work on /home/kai/.local/lib/python3.8/site-packages/airflow/example_dags/example_branch_day_of_week_operator.py
[2024-08-18 19:43:48,232] {processor.py:641} INFO - Processing file /home/kai/.local/lib/python3.8/site-packages/airflow/example_dags/example_branch_day_of_week_operator.py for tasks to queue
[2024-08-18 19:43:48,232] {logging_mixin.py:115} INFO - [2024-08-18 19:43:48,232] {dagbag.py:507} INFO - Filling up the DagBag from /home/kai/.local/lib/python3.8/site-packages/airflow/example_dags/example_branch_day_of_week_operator.py
[2024-08-18 19:43:48,238] {processor.py:651} INFO - DAG(s) dict_keys(['example_weekday_branch_operator']) retrieved from /home/kai/.local/lib/python3.8/site-packages/airflow/example_dags/example_branch_day_of_week_operator.py
[2024-08-18 19:43:48,251] {logging_mixin.py:115} INFO - [2024-08-18 19:43:48,251] {dag.py:2379} INFO - Sync 1 DAGs
[2024-08-18 19:43:48,268] {logging_mixin.py:115} INFO - [2024-08-18 19:43:48,268] {dag.py:2927} INFO - Setting next_dagrun for example_weekday_branch_operator to 2024-08-17T00:00:00+00:00, run_after=2024-08-18T00:00:00+00:00
[2024-08-18 19:43:48,278] {processor.py:161} INFO - Processing /home/kai/.local/lib/python3.8/site-packages/airflow/example_dags/example_branch_day_of_week_operator.py took 0.050 seconds
[2024-08-18 19:44:21,448] {processor.py:153} INFO - Started process (PID=14415) to work on /home/kai/.local/lib/python3.8/site-packages/airflow/example_dags/example_branch_day_of_week_operator.py
[2024-08-18 19:44:21,449] {processor.py:641} INFO - Processing file /home/kai/.local/lib/python3.8/site-packages/airflow/example_dags/example_branch_day_of_week_operator.py for tasks to queue
[2024-08-18 19:44:21,450] {logging_mixin.py:115} INFO - [2024-08-18 19:44:21,449] {dagbag.py:507} INFO - Filling up the DagBag from /home/kai/.local/lib/python3.8/site-packages/airflow/example_dags/example_branch_day_of_week_operator.py
[2024-08-18 19:44:21,457] {processor.py:651} INFO - DAG(s) dict_keys(['example_weekday_branch_operator']) retrieved from /home/kai/.local/lib/python3.8/site-packages/airflow/example_dags/example_branch_day_of_week_operator.py
[2024-08-18 19:44:21,469] {logging_mixin.py:115} INFO - [2024-08-18 19:44:21,469] {dag.py:2379} INFO - Sync 1 DAGs
[2024-08-18 19:44:21,483] {logging_mixin.py:115} INFO - [2024-08-18 19:44:21,483] {dag.py:2927} INFO - Setting next_dagrun for example_weekday_branch_operator to 2024-08-17T00:00:00+00:00, run_after=2024-08-18T00:00:00+00:00
[2024-08-18 19:44:21,494] {processor.py:161} INFO - Processing /home/kai/.local/lib/python3.8/site-packages/airflow/example_dags/example_branch_day_of_week_operator.py took 0.048 seconds
[2024-08-18 19:44:56,785] {processor.py:153} INFO - Started process (PID=14643) to work on /home/kai/.local/lib/python3.8/site-packages/airflow/example_dags/example_branch_day_of_week_operator.py
[2024-08-18 19:44:56,786] {processor.py:641} INFO - Processing file /home/kai/.local/lib/python3.8/site-packages/airflow/example_dags/example_branch_day_of_week_operator.py for tasks to queue
[2024-08-18 19:44:56,787] {logging_mixin.py:115} INFO - [2024-08-18 19:44:56,787] {dagbag.py:507} INFO - Filling up the DagBag from /home/kai/.local/lib/python3.8/site-packages/airflow/example_dags/example_branch_day_of_week_operator.py
[2024-08-18 19:44:56,798] {processor.py:651} INFO - DAG(s) dict_keys(['example_weekday_branch_operator']) retrieved from /home/kai/.local/lib/python3.8/site-packages/airflow/example_dags/example_branch_day_of_week_operator.py
[2024-08-18 19:44:56,814] {logging_mixin.py:115} INFO - [2024-08-18 19:44:56,814] {dag.py:2379} INFO - Sync 1 DAGs
[2024-08-18 19:44:56,831] {logging_mixin.py:115} INFO - [2024-08-18 19:44:56,831] {dag.py:2927} INFO - Setting next_dagrun for example_weekday_branch_operator to 2024-08-17T00:00:00+00:00, run_after=2024-08-18T00:00:00+00:00
[2024-08-18 19:44:56,842] {processor.py:161} INFO - Processing /home/kai/.local/lib/python3.8/site-packages/airflow/example_dags/example_branch_day_of_week_operator.py took 0.062 seconds
[2024-08-18 19:45:32,897] {processor.py:153} INFO - Started process (PID=14879) to work on /home/kai/.local/lib/python3.8/site-packages/airflow/example_dags/example_branch_day_of_week_operator.py
[2024-08-18 19:45:32,900] {processor.py:641} INFO - Processing file /home/kai/.local/lib/python3.8/site-packages/airflow/example_dags/example_branch_day_of_week_operator.py for tasks to queue
[2024-08-18 19:45:32,901] {logging_mixin.py:115} INFO - [2024-08-18 19:45:32,900] {dagbag.py:507} INFO - Filling up the DagBag from /home/kai/.local/lib/python3.8/site-packages/airflow/example_dags/example_branch_day_of_week_operator.py
[2024-08-18 19:45:32,911] {processor.py:651} INFO - DAG(s) dict_keys(['example_weekday_branch_operator']) retrieved from /home/kai/.local/lib/python3.8/site-packages/airflow/example_dags/example_branch_day_of_week_operator.py
[2024-08-18 19:45:32,925] {logging_mixin.py:115} INFO - [2024-08-18 19:45:32,925] {dag.py:2379} INFO - Sync 1 DAGs
[2024-08-18 19:45:32,941] {logging_mixin.py:115} INFO - [2024-08-18 19:45:32,941] {dag.py:2927} INFO - Setting next_dagrun for example_weekday_branch_operator to 2024-08-17T00:00:00+00:00, run_after=2024-08-18T00:00:00+00:00
[2024-08-18 19:45:32,955] {processor.py:161} INFO - Processing /home/kai/.local/lib/python3.8/site-packages/airflow/example_dags/example_branch_day_of_week_operator.py took 0.061 seconds
