[2024-08-18 11:50:09,205] {processor.py:153} INFO - Started process (PID=771119) to work on /home/kai/.local/lib/python3.8/site-packages/airflow/example_dags/example_xcom.py
[2024-08-18 11:50:09,206] {processor.py:641} INFO - Processing file /home/kai/.local/lib/python3.8/site-packages/airflow/example_dags/example_xcom.py for tasks to queue
[2024-08-18 11:50:09,206] {logging_mixin.py:115} INFO - [2024-08-18 11:50:09,206] {dagbag.py:507} INFO - Filling up the DagBag from /home/kai/.local/lib/python3.8/site-packages/airflow/example_dags/example_xcom.py
[2024-08-18 11:50:09,232] {processor.py:651} INFO - DAG(s) dict_keys(['example_xcom']) retrieved from /home/kai/.local/lib/python3.8/site-packages/airflow/example_dags/example_xcom.py
[2024-08-18 11:50:09,332] {logging_mixin.py:115} INFO - [2024-08-18 11:50:09,332] {manager.py:508} INFO - Created Permission View: can delete on DAG:example_xcom
[2024-08-18 11:50:09,349] {logging_mixin.py:115} INFO - [2024-08-18 11:50:09,349] {manager.py:508} INFO - Created Permission View: can read on DAG:example_xcom
[2024-08-18 11:50:09,367] {logging_mixin.py:115} INFO - [2024-08-18 11:50:09,367] {manager.py:508} INFO - Created Permission View: can edit on DAG:example_xcom
[2024-08-18 11:50:09,368] {logging_mixin.py:115} INFO - [2024-08-18 11:50:09,368] {dag.py:2379} INFO - Sync 1 DAGs
[2024-08-18 11:50:09,378] {logging_mixin.py:115} INFO - [2024-08-18 11:50:09,378] {dag.py:2398} INFO - Creating ORM DAG for example_xcom
[2024-08-18 11:50:09,389] {logging_mixin.py:115} INFO - [2024-08-18 11:50:09,389] {dag.py:2927} INFO - Setting next_dagrun for example_xcom to 2021-01-01T00:00:00+00:00, run_after=2021-01-01T00:00:00+00:00
[2024-08-18 11:50:09,406] {processor.py:161} INFO - Processing /home/kai/.local/lib/python3.8/site-packages/airflow/example_dags/example_xcom.py took 0.204 seconds
[2024-08-18 11:50:46,377] {processor.py:153} INFO - Started process (PID=771575) to work on /home/kai/.local/lib/python3.8/site-packages/airflow/example_dags/example_xcom.py
[2024-08-18 11:50:46,380] {processor.py:641} INFO - Processing file /home/kai/.local/lib/python3.8/site-packages/airflow/example_dags/example_xcom.py for tasks to queue
[2024-08-18 11:50:46,381] {logging_mixin.py:115} INFO - [2024-08-18 11:50:46,381] {dagbag.py:507} INFO - Filling up the DagBag from /home/kai/.local/lib/python3.8/site-packages/airflow/example_dags/example_xcom.py
[2024-08-18 11:50:46,397] {processor.py:651} INFO - DAG(s) dict_keys(['example_xcom']) retrieved from /home/kai/.local/lib/python3.8/site-packages/airflow/example_dags/example_xcom.py
[2024-08-18 11:50:46,465] {logging_mixin.py:115} INFO - [2024-08-18 11:50:46,465] {dag.py:2379} INFO - Sync 1 DAGs
[2024-08-18 11:50:46,479] {logging_mixin.py:115} INFO - [2024-08-18 11:50:46,479] {dag.py:2927} INFO - Setting next_dagrun for example_xcom to 2021-01-01T00:00:00+00:00, run_after=2021-01-01T00:00:00+00:00
[2024-08-18 11:50:46,490] {processor.py:161} INFO - Processing /home/kai/.local/lib/python3.8/site-packages/airflow/example_dags/example_xcom.py took 0.116 seconds
[2024-08-18 11:51:19,313] {processor.py:153} INFO - Started process (PID=771964) to work on /home/kai/.local/lib/python3.8/site-packages/airflow/example_dags/example_xcom.py
[2024-08-18 11:51:19,314] {processor.py:641} INFO - Processing file /home/kai/.local/lib/python3.8/site-packages/airflow/example_dags/example_xcom.py for tasks to queue
[2024-08-18 11:51:19,315] {logging_mixin.py:115} INFO - [2024-08-18 11:51:19,315] {dagbag.py:507} INFO - Filling up the DagBag from /home/kai/.local/lib/python3.8/site-packages/airflow/example_dags/example_xcom.py
[2024-08-18 11:51:19,363] {processor.py:651} INFO - DAG(s) dict_keys(['example_xcom']) retrieved from /home/kai/.local/lib/python3.8/site-packages/airflow/example_dags/example_xcom.py
[2024-08-18 11:51:19,413] {logging_mixin.py:115} INFO - [2024-08-18 11:51:19,413] {dag.py:2379} INFO - Sync 1 DAGs
[2024-08-18 11:51:19,440] {logging_mixin.py:115} INFO - [2024-08-18 11:51:19,440] {dag.py:2927} INFO - Setting next_dagrun for example_xcom to 2021-01-01T00:00:00+00:00, run_after=2021-01-01T00:00:00+00:00
[2024-08-18 11:51:19,474] {processor.py:161} INFO - Processing /home/kai/.local/lib/python3.8/site-packages/airflow/example_dags/example_xcom.py took 0.182 seconds
[2024-08-18 11:51:57,694] {processor.py:153} INFO - Started process (PID=772738) to work on /home/kai/.local/lib/python3.8/site-packages/airflow/example_dags/example_xcom.py
[2024-08-18 11:51:57,707] {processor.py:641} INFO - Processing file /home/kai/.local/lib/python3.8/site-packages/airflow/example_dags/example_xcom.py for tasks to queue
[2024-08-18 11:51:57,708] {logging_mixin.py:115} INFO - [2024-08-18 11:51:57,708] {dagbag.py:507} INFO - Filling up the DagBag from /home/kai/.local/lib/python3.8/site-packages/airflow/example_dags/example_xcom.py
[2024-08-18 11:51:57,764] {processor.py:651} INFO - DAG(s) dict_keys(['example_xcom']) retrieved from /home/kai/.local/lib/python3.8/site-packages/airflow/example_dags/example_xcom.py
[2024-08-18 11:51:57,817] {logging_mixin.py:115} INFO - [2024-08-18 11:51:57,817] {dag.py:2379} INFO - Sync 1 DAGs
[2024-08-18 11:51:57,842] {logging_mixin.py:115} INFO - [2024-08-18 11:51:57,841] {dag.py:2927} INFO - Setting next_dagrun for example_xcom to 2021-01-01T00:00:00+00:00, run_after=2021-01-01T00:00:00+00:00
[2024-08-18 11:51:57,860] {processor.py:161} INFO - Processing /home/kai/.local/lib/python3.8/site-packages/airflow/example_dags/example_xcom.py took 0.171 seconds
[2024-08-18 11:52:30,948] {processor.py:153} INFO - Started process (PID=773128) to work on /home/kai/.local/lib/python3.8/site-packages/airflow/example_dags/example_xcom.py
[2024-08-18 11:52:30,949] {processor.py:641} INFO - Processing file /home/kai/.local/lib/python3.8/site-packages/airflow/example_dags/example_xcom.py for tasks to queue
[2024-08-18 11:52:30,950] {logging_mixin.py:115} INFO - [2024-08-18 11:52:30,949] {dagbag.py:507} INFO - Filling up the DagBag from /home/kai/.local/lib/python3.8/site-packages/airflow/example_dags/example_xcom.py
[2024-08-18 11:52:30,975] {processor.py:651} INFO - DAG(s) dict_keys(['example_xcom']) retrieved from /home/kai/.local/lib/python3.8/site-packages/airflow/example_dags/example_xcom.py
[2024-08-18 11:52:31,000] {logging_mixin.py:115} INFO - [2024-08-18 11:52:31,000] {dag.py:2379} INFO - Sync 1 DAGs
[2024-08-18 11:52:31,021] {logging_mixin.py:115} INFO - [2024-08-18 11:52:31,021] {dag.py:2927} INFO - Setting next_dagrun for example_xcom to 2021-01-01T00:00:00+00:00, run_after=2021-01-01T00:00:00+00:00
[2024-08-18 11:52:31,033] {processor.py:161} INFO - Processing /home/kai/.local/lib/python3.8/site-packages/airflow/example_dags/example_xcom.py took 0.093 seconds
[2024-08-18 11:53:06,999] {processor.py:153} INFO - Started process (PID=773545) to work on /home/kai/.local/lib/python3.8/site-packages/airflow/example_dags/example_xcom.py
[2024-08-18 11:53:07,000] {processor.py:641} INFO - Processing file /home/kai/.local/lib/python3.8/site-packages/airflow/example_dags/example_xcom.py for tasks to queue
[2024-08-18 11:53:07,001] {logging_mixin.py:115} INFO - [2024-08-18 11:53:07,001] {dagbag.py:507} INFO - Filling up the DagBag from /home/kai/.local/lib/python3.8/site-packages/airflow/example_dags/example_xcom.py
[2024-08-18 11:53:07,028] {processor.py:651} INFO - DAG(s) dict_keys(['example_xcom']) retrieved from /home/kai/.local/lib/python3.8/site-packages/airflow/example_dags/example_xcom.py
[2024-08-18 11:53:07,088] {logging_mixin.py:115} INFO - [2024-08-18 11:53:07,088] {dag.py:2379} INFO - Sync 1 DAGs
[2024-08-18 11:53:07,107] {logging_mixin.py:115} INFO - [2024-08-18 11:53:07,107] {dag.py:2927} INFO - Setting next_dagrun for example_xcom to 2021-01-01T00:00:00+00:00, run_after=2021-01-01T00:00:00+00:00
[2024-08-18 11:53:07,121] {processor.py:161} INFO - Processing /home/kai/.local/lib/python3.8/site-packages/airflow/example_dags/example_xcom.py took 0.125 seconds
[2024-08-18 11:53:39,966] {processor.py:153} INFO - Started process (PID=773928) to work on /home/kai/.local/lib/python3.8/site-packages/airflow/example_dags/example_xcom.py
[2024-08-18 11:53:39,973] {processor.py:641} INFO - Processing file /home/kai/.local/lib/python3.8/site-packages/airflow/example_dags/example_xcom.py for tasks to queue
[2024-08-18 11:53:39,973] {logging_mixin.py:115} INFO - [2024-08-18 11:53:39,973] {dagbag.py:507} INFO - Filling up the DagBag from /home/kai/.local/lib/python3.8/site-packages/airflow/example_dags/example_xcom.py
[2024-08-18 11:53:40,006] {processor.py:651} INFO - DAG(s) dict_keys(['example_xcom']) retrieved from /home/kai/.local/lib/python3.8/site-packages/airflow/example_dags/example_xcom.py
[2024-08-18 11:53:40,059] {logging_mixin.py:115} INFO - [2024-08-18 11:53:40,059] {dag.py:2379} INFO - Sync 1 DAGs
[2024-08-18 11:53:40,077] {logging_mixin.py:115} INFO - [2024-08-18 11:53:40,077] {dag.py:2927} INFO - Setting next_dagrun for example_xcom to 2021-01-01T00:00:00+00:00, run_after=2021-01-01T00:00:00+00:00
[2024-08-18 11:53:40,088] {processor.py:161} INFO - Processing /home/kai/.local/lib/python3.8/site-packages/airflow/example_dags/example_xcom.py took 0.125 seconds
[2024-08-18 11:54:15,193] {processor.py:153} INFO - Started process (PID=774347) to work on /home/kai/.local/lib/python3.8/site-packages/airflow/example_dags/example_xcom.py
[2024-08-18 11:54:15,197] {processor.py:641} INFO - Processing file /home/kai/.local/lib/python3.8/site-packages/airflow/example_dags/example_xcom.py for tasks to queue
[2024-08-18 11:54:15,197] {logging_mixin.py:115} INFO - [2024-08-18 11:54:15,197] {dagbag.py:507} INFO - Filling up the DagBag from /home/kai/.local/lib/python3.8/site-packages/airflow/example_dags/example_xcom.py
[2024-08-18 11:54:15,217] {processor.py:651} INFO - DAG(s) dict_keys(['example_xcom']) retrieved from /home/kai/.local/lib/python3.8/site-packages/airflow/example_dags/example_xcom.py
[2024-08-18 11:54:15,234] {logging_mixin.py:115} INFO - [2024-08-18 11:54:15,234] {dag.py:2379} INFO - Sync 1 DAGs
[2024-08-18 11:54:15,256] {logging_mixin.py:115} INFO - [2024-08-18 11:54:15,256] {dag.py:2927} INFO - Setting next_dagrun for example_xcom to 2021-01-01T00:00:00+00:00, run_after=2021-01-01T00:00:00+00:00
[2024-08-18 11:54:15,269] {processor.py:161} INFO - Processing /home/kai/.local/lib/python3.8/site-packages/airflow/example_dags/example_xcom.py took 0.079 seconds
[2024-08-18 11:54:48,555] {processor.py:153} INFO - Started process (PID=774766) to work on /home/kai/.local/lib/python3.8/site-packages/airflow/example_dags/example_xcom.py
[2024-08-18 11:54:48,566] {processor.py:641} INFO - Processing file /home/kai/.local/lib/python3.8/site-packages/airflow/example_dags/example_xcom.py for tasks to queue
[2024-08-18 11:54:48,566] {logging_mixin.py:115} INFO - [2024-08-18 11:54:48,566] {dagbag.py:507} INFO - Filling up the DagBag from /home/kai/.local/lib/python3.8/site-packages/airflow/example_dags/example_xcom.py
[2024-08-18 11:54:48,608] {processor.py:651} INFO - DAG(s) dict_keys(['example_xcom']) retrieved from /home/kai/.local/lib/python3.8/site-packages/airflow/example_dags/example_xcom.py
[2024-08-18 11:54:48,661] {logging_mixin.py:115} INFO - [2024-08-18 11:54:48,661] {dag.py:2379} INFO - Sync 1 DAGs
[2024-08-18 11:54:48,683] {logging_mixin.py:115} INFO - [2024-08-18 11:54:48,682] {dag.py:2927} INFO - Setting next_dagrun for example_xcom to 2021-01-01T00:00:00+00:00, run_after=2021-01-01T00:00:00+00:00
[2024-08-18 11:54:48,695] {processor.py:161} INFO - Processing /home/kai/.local/lib/python3.8/site-packages/airflow/example_dags/example_xcom.py took 0.144 seconds
[2024-08-18 11:55:25,474] {processor.py:153} INFO - Started process (PID=775186) to work on /home/kai/.local/lib/python3.8/site-packages/airflow/example_dags/example_xcom.py
[2024-08-18 11:55:25,474] {processor.py:641} INFO - Processing file /home/kai/.local/lib/python3.8/site-packages/airflow/example_dags/example_xcom.py for tasks to queue
[2024-08-18 11:55:25,488] {logging_mixin.py:115} INFO - [2024-08-18 11:55:25,487] {dagbag.py:507} INFO - Filling up the DagBag from /home/kai/.local/lib/python3.8/site-packages/airflow/example_dags/example_xcom.py
[2024-08-18 11:55:25,525] {processor.py:651} INFO - DAG(s) dict_keys(['example_xcom']) retrieved from /home/kai/.local/lib/python3.8/site-packages/airflow/example_dags/example_xcom.py
[2024-08-18 11:55:25,541] {logging_mixin.py:115} INFO - [2024-08-18 11:55:25,541] {dag.py:2379} INFO - Sync 1 DAGs
[2024-08-18 11:55:25,563] {logging_mixin.py:115} INFO - [2024-08-18 11:55:25,563] {dag.py:2927} INFO - Setting next_dagrun for example_xcom to 2021-01-01T00:00:00+00:00, run_after=2021-01-01T00:00:00+00:00
[2024-08-18 11:55:25,576] {processor.py:161} INFO - Processing /home/kai/.local/lib/python3.8/site-packages/airflow/example_dags/example_xcom.py took 0.105 seconds
[2024-08-18 11:56:00,898] {processor.py:153} INFO - Started process (PID=775605) to work on /home/kai/.local/lib/python3.8/site-packages/airflow/example_dags/example_xcom.py
[2024-08-18 11:56:00,899] {processor.py:641} INFO - Processing file /home/kai/.local/lib/python3.8/site-packages/airflow/example_dags/example_xcom.py for tasks to queue
[2024-08-18 11:56:00,900] {logging_mixin.py:115} INFO - [2024-08-18 11:56:00,900] {dagbag.py:507} INFO - Filling up the DagBag from /home/kai/.local/lib/python3.8/site-packages/airflow/example_dags/example_xcom.py
[2024-08-18 11:56:00,925] {processor.py:651} INFO - DAG(s) dict_keys(['example_xcom']) retrieved from /home/kai/.local/lib/python3.8/site-packages/airflow/example_dags/example_xcom.py
[2024-08-18 11:56:00,946] {logging_mixin.py:115} INFO - [2024-08-18 11:56:00,946] {dag.py:2379} INFO - Sync 1 DAGs
[2024-08-18 11:56:00,985] {logging_mixin.py:115} INFO - [2024-08-18 11:56:00,985] {dag.py:2927} INFO - Setting next_dagrun for example_xcom to 2021-01-01T00:00:00+00:00, run_after=2021-01-01T00:00:00+00:00
[2024-08-18 11:56:01,006] {processor.py:161} INFO - Processing /home/kai/.local/lib/python3.8/site-packages/airflow/example_dags/example_xcom.py took 0.112 seconds
[2024-08-18 11:56:35,758] {processor.py:153} INFO - Started process (PID=776008) to work on /home/kai/.local/lib/python3.8/site-packages/airflow/example_dags/example_xcom.py
[2024-08-18 11:56:35,761] {processor.py:641} INFO - Processing file /home/kai/.local/lib/python3.8/site-packages/airflow/example_dags/example_xcom.py for tasks to queue
[2024-08-18 11:56:35,762] {logging_mixin.py:115} INFO - [2024-08-18 11:56:35,762] {dagbag.py:507} INFO - Filling up the DagBag from /home/kai/.local/lib/python3.8/site-packages/airflow/example_dags/example_xcom.py
[2024-08-18 11:56:35,803] {processor.py:651} INFO - DAG(s) dict_keys(['example_xcom']) retrieved from /home/kai/.local/lib/python3.8/site-packages/airflow/example_dags/example_xcom.py
[2024-08-18 11:56:35,842] {logging_mixin.py:115} INFO - [2024-08-18 11:56:35,842] {dag.py:2379} INFO - Sync 1 DAGs
[2024-08-18 11:56:35,873] {logging_mixin.py:115} INFO - [2024-08-18 11:56:35,873] {dag.py:2927} INFO - Setting next_dagrun for example_xcom to 2021-01-01T00:00:00+00:00, run_after=2021-01-01T00:00:00+00:00
[2024-08-18 11:56:35,887] {processor.py:161} INFO - Processing /home/kai/.local/lib/python3.8/site-packages/airflow/example_dags/example_xcom.py took 0.133 seconds
[2024-08-18 11:57:11,093] {processor.py:153} INFO - Started process (PID=776406) to work on /home/kai/.local/lib/python3.8/site-packages/airflow/example_dags/example_xcom.py
[2024-08-18 11:57:11,094] {processor.py:641} INFO - Processing file /home/kai/.local/lib/python3.8/site-packages/airflow/example_dags/example_xcom.py for tasks to queue
[2024-08-18 11:57:11,094] {logging_mixin.py:115} INFO - [2024-08-18 11:57:11,094] {dagbag.py:507} INFO - Filling up the DagBag from /home/kai/.local/lib/python3.8/site-packages/airflow/example_dags/example_xcom.py
[2024-08-18 11:57:11,124] {processor.py:651} INFO - DAG(s) dict_keys(['example_xcom']) retrieved from /home/kai/.local/lib/python3.8/site-packages/airflow/example_dags/example_xcom.py
[2024-08-18 11:57:11,153] {logging_mixin.py:115} INFO - [2024-08-18 11:57:11,152] {dag.py:2379} INFO - Sync 1 DAGs
[2024-08-18 11:57:11,180] {logging_mixin.py:115} INFO - [2024-08-18 11:57:11,179] {dag.py:2927} INFO - Setting next_dagrun for example_xcom to 2021-01-01T00:00:00+00:00, run_after=2021-01-01T00:00:00+00:00
[2024-08-18 11:57:11,196] {processor.py:161} INFO - Processing /home/kai/.local/lib/python3.8/site-packages/airflow/example_dags/example_xcom.py took 0.107 seconds
[2024-08-18 11:57:50,649] {processor.py:153} INFO - Started process (PID=776839) to work on /home/kai/.local/lib/python3.8/site-packages/airflow/example_dags/example_xcom.py
[2024-08-18 11:57:50,651] {processor.py:641} INFO - Processing file /home/kai/.local/lib/python3.8/site-packages/airflow/example_dags/example_xcom.py for tasks to queue
[2024-08-18 11:57:50,652] {logging_mixin.py:115} INFO - [2024-08-18 11:57:50,652] {dagbag.py:507} INFO - Filling up the DagBag from /home/kai/.local/lib/python3.8/site-packages/airflow/example_dags/example_xcom.py
[2024-08-18 11:57:50,688] {processor.py:651} INFO - DAG(s) dict_keys(['example_xcom']) retrieved from /home/kai/.local/lib/python3.8/site-packages/airflow/example_dags/example_xcom.py
[2024-08-18 11:57:50,752] {logging_mixin.py:115} INFO - [2024-08-18 11:57:50,751] {dag.py:2379} INFO - Sync 1 DAGs
[2024-08-18 11:57:50,770] {logging_mixin.py:115} INFO - [2024-08-18 11:57:50,769] {dag.py:2927} INFO - Setting next_dagrun for example_xcom to 2021-01-01T00:00:00+00:00, run_after=2021-01-01T00:00:00+00:00
[2024-08-18 11:57:50,785] {processor.py:161} INFO - Processing /home/kai/.local/lib/python3.8/site-packages/airflow/example_dags/example_xcom.py took 0.138 seconds
[2024-08-18 11:58:28,523] {processor.py:153} INFO - Started process (PID=777263) to work on /home/kai/.local/lib/python3.8/site-packages/airflow/example_dags/example_xcom.py
[2024-08-18 11:58:28,529] {processor.py:641} INFO - Processing file /home/kai/.local/lib/python3.8/site-packages/airflow/example_dags/example_xcom.py for tasks to queue
[2024-08-18 11:58:28,529] {logging_mixin.py:115} INFO - [2024-08-18 11:58:28,529] {dagbag.py:507} INFO - Filling up the DagBag from /home/kai/.local/lib/python3.8/site-packages/airflow/example_dags/example_xcom.py
[2024-08-18 11:58:28,551] {processor.py:651} INFO - DAG(s) dict_keys(['example_xcom']) retrieved from /home/kai/.local/lib/python3.8/site-packages/airflow/example_dags/example_xcom.py
[2024-08-18 11:58:28,600] {logging_mixin.py:115} INFO - [2024-08-18 11:58:28,600] {dag.py:2379} INFO - Sync 1 DAGs
[2024-08-18 11:58:28,619] {logging_mixin.py:115} INFO - [2024-08-18 11:58:28,619] {dag.py:2927} INFO - Setting next_dagrun for example_xcom to 2021-01-01T00:00:00+00:00, run_after=2021-01-01T00:00:00+00:00
[2024-08-18 11:58:28,634] {processor.py:161} INFO - Processing /home/kai/.local/lib/python3.8/site-packages/airflow/example_dags/example_xcom.py took 0.115 seconds
[2024-08-18 11:59:06,032] {processor.py:153} INFO - Started process (PID=777709) to work on /home/kai/.local/lib/python3.8/site-packages/airflow/example_dags/example_xcom.py
[2024-08-18 11:59:06,038] {processor.py:641} INFO - Processing file /home/kai/.local/lib/python3.8/site-packages/airflow/example_dags/example_xcom.py for tasks to queue
[2024-08-18 11:59:06,039] {logging_mixin.py:115} INFO - [2024-08-18 11:59:06,039] {dagbag.py:507} INFO - Filling up the DagBag from /home/kai/.local/lib/python3.8/site-packages/airflow/example_dags/example_xcom.py
[2024-08-18 11:59:06,082] {processor.py:651} INFO - DAG(s) dict_keys(['example_xcom']) retrieved from /home/kai/.local/lib/python3.8/site-packages/airflow/example_dags/example_xcom.py
[2024-08-18 11:59:06,170] {logging_mixin.py:115} INFO - [2024-08-18 11:59:06,170] {dag.py:2379} INFO - Sync 1 DAGs
[2024-08-18 11:59:06,203] {logging_mixin.py:115} INFO - [2024-08-18 11:59:06,203] {dag.py:2927} INFO - Setting next_dagrun for example_xcom to 2021-01-01T00:00:00+00:00, run_after=2021-01-01T00:00:00+00:00
[2024-08-18 11:59:06,228] {processor.py:161} INFO - Processing /home/kai/.local/lib/python3.8/site-packages/airflow/example_dags/example_xcom.py took 0.199 seconds
[2024-08-18 11:59:42,502] {processor.py:153} INFO - Started process (PID=778102) to work on /home/kai/.local/lib/python3.8/site-packages/airflow/example_dags/example_xcom.py
[2024-08-18 11:59:42,510] {processor.py:641} INFO - Processing file /home/kai/.local/lib/python3.8/site-packages/airflow/example_dags/example_xcom.py for tasks to queue
[2024-08-18 11:59:42,510] {logging_mixin.py:115} INFO - [2024-08-18 11:59:42,510] {dagbag.py:507} INFO - Filling up the DagBag from /home/kai/.local/lib/python3.8/site-packages/airflow/example_dags/example_xcom.py
[2024-08-18 11:59:42,549] {processor.py:651} INFO - DAG(s) dict_keys(['example_xcom']) retrieved from /home/kai/.local/lib/python3.8/site-packages/airflow/example_dags/example_xcom.py
[2024-08-18 11:59:42,568] {logging_mixin.py:115} INFO - [2024-08-18 11:59:42,568] {dag.py:2379} INFO - Sync 1 DAGs
[2024-08-18 11:59:42,590] {logging_mixin.py:115} INFO - [2024-08-18 11:59:42,589] {dag.py:2927} INFO - Setting next_dagrun for example_xcom to 2021-01-01T00:00:00+00:00, run_after=2021-01-01T00:00:00+00:00
[2024-08-18 11:59:42,601] {processor.py:161} INFO - Processing /home/kai/.local/lib/python3.8/site-packages/airflow/example_dags/example_xcom.py took 0.102 seconds
[2024-08-18 12:03:16,209] {processor.py:153} INFO - Started process (PID=4376) to work on /home/kai/.local/lib/python3.8/site-packages/airflow/example_dags/example_xcom.py
[2024-08-18 12:03:16,210] {processor.py:641} INFO - Processing file /home/kai/.local/lib/python3.8/site-packages/airflow/example_dags/example_xcom.py for tasks to queue
[2024-08-18 12:03:16,210] {logging_mixin.py:115} INFO - [2024-08-18 12:03:16,210] {dagbag.py:507} INFO - Filling up the DagBag from /home/kai/.local/lib/python3.8/site-packages/airflow/example_dags/example_xcom.py
[2024-08-18 12:03:16,225] {processor.py:651} INFO - DAG(s) dict_keys(['example_xcom']) retrieved from /home/kai/.local/lib/python3.8/site-packages/airflow/example_dags/example_xcom.py
[2024-08-18 12:03:16,258] {logging_mixin.py:115} INFO - [2024-08-18 12:03:16,258] {dag.py:2379} INFO - Sync 1 DAGs
[2024-08-18 12:03:16,270] {logging_mixin.py:115} INFO - [2024-08-18 12:03:16,270] {dag.py:2927} INFO - Setting next_dagrun for example_xcom to 2021-01-01T00:00:00+00:00, run_after=2021-01-01T00:00:00+00:00
[2024-08-18 12:03:16,282] {processor.py:161} INFO - Processing /home/kai/.local/lib/python3.8/site-packages/airflow/example_dags/example_xcom.py took 0.076 seconds
[2024-08-18 12:03:48,322] {processor.py:153} INFO - Started process (PID=4813) to work on /home/kai/.local/lib/python3.8/site-packages/airflow/example_dags/example_xcom.py
[2024-08-18 12:03:48,325] {processor.py:641} INFO - Processing file /home/kai/.local/lib/python3.8/site-packages/airflow/example_dags/example_xcom.py for tasks to queue
[2024-08-18 12:03:48,326] {logging_mixin.py:115} INFO - [2024-08-18 12:03:48,326] {dagbag.py:507} INFO - Filling up the DagBag from /home/kai/.local/lib/python3.8/site-packages/airflow/example_dags/example_xcom.py
[2024-08-18 12:03:48,358] {processor.py:651} INFO - DAG(s) dict_keys(['example_xcom']) retrieved from /home/kai/.local/lib/python3.8/site-packages/airflow/example_dags/example_xcom.py
[2024-08-18 12:03:48,423] {logging_mixin.py:115} INFO - [2024-08-18 12:03:48,423] {dag.py:2379} INFO - Sync 1 DAGs
[2024-08-18 12:03:48,443] {logging_mixin.py:115} INFO - [2024-08-18 12:03:48,443] {dag.py:2927} INFO - Setting next_dagrun for example_xcom to 2021-01-01T00:00:00+00:00, run_after=2021-01-01T00:00:00+00:00
[2024-08-18 12:03:48,457] {processor.py:161} INFO - Processing /home/kai/.local/lib/python3.8/site-packages/airflow/example_dags/example_xcom.py took 0.139 seconds
[2024-08-18 12:04:22,952] {processor.py:153} INFO - Started process (PID=4997) to work on /home/kai/.local/lib/python3.8/site-packages/airflow/example_dags/example_xcom.py
[2024-08-18 12:04:22,954] {processor.py:641} INFO - Processing file /home/kai/.local/lib/python3.8/site-packages/airflow/example_dags/example_xcom.py for tasks to queue
[2024-08-18 12:04:22,955] {logging_mixin.py:115} INFO - [2024-08-18 12:04:22,954] {dagbag.py:507} INFO - Filling up the DagBag from /home/kai/.local/lib/python3.8/site-packages/airflow/example_dags/example_xcom.py
[2024-08-18 12:04:22,972] {processor.py:651} INFO - DAG(s) dict_keys(['example_xcom']) retrieved from /home/kai/.local/lib/python3.8/site-packages/airflow/example_dags/example_xcom.py
[2024-08-18 12:04:23,012] {logging_mixin.py:115} INFO - [2024-08-18 12:04:23,011] {dag.py:2379} INFO - Sync 1 DAGs
[2024-08-18 12:04:23,029] {logging_mixin.py:115} INFO - [2024-08-18 12:04:23,029] {dag.py:2927} INFO - Setting next_dagrun for example_xcom to 2021-01-01T00:00:00+00:00, run_after=2021-01-01T00:00:00+00:00
[2024-08-18 12:04:23,041] {processor.py:161} INFO - Processing /home/kai/.local/lib/python3.8/site-packages/airflow/example_dags/example_xcom.py took 0.093 seconds
[2024-08-18 12:04:56,039] {processor.py:153} INFO - Started process (PID=5158) to work on /home/kai/.local/lib/python3.8/site-packages/airflow/example_dags/example_xcom.py
[2024-08-18 12:04:56,040] {processor.py:641} INFO - Processing file /home/kai/.local/lib/python3.8/site-packages/airflow/example_dags/example_xcom.py for tasks to queue
[2024-08-18 12:04:56,040] {logging_mixin.py:115} INFO - [2024-08-18 12:04:56,040] {dagbag.py:507} INFO - Filling up the DagBag from /home/kai/.local/lib/python3.8/site-packages/airflow/example_dags/example_xcom.py
[2024-08-18 12:04:56,058] {processor.py:651} INFO - DAG(s) dict_keys(['example_xcom']) retrieved from /home/kai/.local/lib/python3.8/site-packages/airflow/example_dags/example_xcom.py
[2024-08-18 12:04:56,100] {logging_mixin.py:115} INFO - [2024-08-18 12:04:56,100] {dag.py:2379} INFO - Sync 1 DAGs
[2024-08-18 12:04:56,119] {logging_mixin.py:115} INFO - [2024-08-18 12:04:56,119] {dag.py:2927} INFO - Setting next_dagrun for example_xcom to 2021-01-01T00:00:00+00:00, run_after=2021-01-01T00:00:00+00:00
[2024-08-18 12:04:56,131] {processor.py:161} INFO - Processing /home/kai/.local/lib/python3.8/site-packages/airflow/example_dags/example_xcom.py took 0.095 seconds
[2024-08-18 12:05:27,700] {processor.py:153} INFO - Started process (PID=5333) to work on /home/kai/.local/lib/python3.8/site-packages/airflow/example_dags/example_xcom.py
[2024-08-18 12:05:27,701] {processor.py:641} INFO - Processing file /home/kai/.local/lib/python3.8/site-packages/airflow/example_dags/example_xcom.py for tasks to queue
[2024-08-18 12:05:27,701] {logging_mixin.py:115} INFO - [2024-08-18 12:05:27,701] {dagbag.py:507} INFO - Filling up the DagBag from /home/kai/.local/lib/python3.8/site-packages/airflow/example_dags/example_xcom.py
[2024-08-18 12:05:27,716] {processor.py:651} INFO - DAG(s) dict_keys(['example_xcom']) retrieved from /home/kai/.local/lib/python3.8/site-packages/airflow/example_dags/example_xcom.py
[2024-08-18 12:05:27,754] {logging_mixin.py:115} INFO - [2024-08-18 12:05:27,754] {dag.py:2379} INFO - Sync 1 DAGs
[2024-08-18 12:05:27,773] {logging_mixin.py:115} INFO - [2024-08-18 12:05:27,773] {dag.py:2927} INFO - Setting next_dagrun for example_xcom to 2021-01-01T00:00:00+00:00, run_after=2021-01-01T00:00:00+00:00
[2024-08-18 12:05:27,795] {processor.py:161} INFO - Processing /home/kai/.local/lib/python3.8/site-packages/airflow/example_dags/example_xcom.py took 0.098 seconds
[2024-08-18 12:05:59,684] {processor.py:153} INFO - Started process (PID=5499) to work on /home/kai/.local/lib/python3.8/site-packages/airflow/example_dags/example_xcom.py
[2024-08-18 12:05:59,685] {processor.py:641} INFO - Processing file /home/kai/.local/lib/python3.8/site-packages/airflow/example_dags/example_xcom.py for tasks to queue
[2024-08-18 12:05:59,686] {logging_mixin.py:115} INFO - [2024-08-18 12:05:59,686] {dagbag.py:507} INFO - Filling up the DagBag from /home/kai/.local/lib/python3.8/site-packages/airflow/example_dags/example_xcom.py
[2024-08-18 12:05:59,702] {processor.py:651} INFO - DAG(s) dict_keys(['example_xcom']) retrieved from /home/kai/.local/lib/python3.8/site-packages/airflow/example_dags/example_xcom.py
[2024-08-18 12:05:59,741] {logging_mixin.py:115} INFO - [2024-08-18 12:05:59,741] {dag.py:2379} INFO - Sync 1 DAGs
[2024-08-18 12:05:59,755] {logging_mixin.py:115} INFO - [2024-08-18 12:05:59,755] {dag.py:2927} INFO - Setting next_dagrun for example_xcom to 2021-01-01T00:00:00+00:00, run_after=2021-01-01T00:00:00+00:00
[2024-08-18 12:05:59,766] {processor.py:161} INFO - Processing /home/kai/.local/lib/python3.8/site-packages/airflow/example_dags/example_xcom.py took 0.085 seconds
[2024-08-18 12:06:32,815] {processor.py:153} INFO - Started process (PID=5677) to work on /home/kai/.local/lib/python3.8/site-packages/airflow/example_dags/example_xcom.py
[2024-08-18 12:06:32,816] {processor.py:641} INFO - Processing file /home/kai/.local/lib/python3.8/site-packages/airflow/example_dags/example_xcom.py for tasks to queue
[2024-08-18 12:06:32,817] {logging_mixin.py:115} INFO - [2024-08-18 12:06:32,817] {dagbag.py:507} INFO - Filling up the DagBag from /home/kai/.local/lib/python3.8/site-packages/airflow/example_dags/example_xcom.py
[2024-08-18 12:06:32,833] {processor.py:651} INFO - DAG(s) dict_keys(['example_xcom']) retrieved from /home/kai/.local/lib/python3.8/site-packages/airflow/example_dags/example_xcom.py
[2024-08-18 12:06:32,875] {logging_mixin.py:115} INFO - [2024-08-18 12:06:32,875] {dag.py:2379} INFO - Sync 1 DAGs
[2024-08-18 12:06:32,891] {logging_mixin.py:115} INFO - [2024-08-18 12:06:32,891] {dag.py:2927} INFO - Setting next_dagrun for example_xcom to 2021-01-01T00:00:00+00:00, run_after=2021-01-01T00:00:00+00:00
[2024-08-18 12:06:32,903] {processor.py:161} INFO - Processing /home/kai/.local/lib/python3.8/site-packages/airflow/example_dags/example_xcom.py took 0.090 seconds
[2024-08-18 12:07:06,401] {processor.py:153} INFO - Started process (PID=5844) to work on /home/kai/.local/lib/python3.8/site-packages/airflow/example_dags/example_xcom.py
[2024-08-18 12:07:06,402] {processor.py:641} INFO - Processing file /home/kai/.local/lib/python3.8/site-packages/airflow/example_dags/example_xcom.py for tasks to queue
[2024-08-18 12:07:06,403] {logging_mixin.py:115} INFO - [2024-08-18 12:07:06,402] {dagbag.py:507} INFO - Filling up the DagBag from /home/kai/.local/lib/python3.8/site-packages/airflow/example_dags/example_xcom.py
[2024-08-18 12:07:06,419] {processor.py:651} INFO - DAG(s) dict_keys(['example_xcom']) retrieved from /home/kai/.local/lib/python3.8/site-packages/airflow/example_dags/example_xcom.py
[2024-08-18 12:07:06,461] {logging_mixin.py:115} INFO - [2024-08-18 12:07:06,461] {dag.py:2379} INFO - Sync 1 DAGs
[2024-08-18 12:07:06,476] {logging_mixin.py:115} INFO - [2024-08-18 12:07:06,476] {dag.py:2927} INFO - Setting next_dagrun for example_xcom to 2021-01-01T00:00:00+00:00, run_after=2021-01-01T00:00:00+00:00
[2024-08-18 12:07:06,488] {processor.py:161} INFO - Processing /home/kai/.local/lib/python3.8/site-packages/airflow/example_dags/example_xcom.py took 0.090 seconds
[2024-08-18 12:07:38,378] {processor.py:153} INFO - Started process (PID=6011) to work on /home/kai/.local/lib/python3.8/site-packages/airflow/example_dags/example_xcom.py
[2024-08-18 12:07:38,378] {processor.py:641} INFO - Processing file /home/kai/.local/lib/python3.8/site-packages/airflow/example_dags/example_xcom.py for tasks to queue
[2024-08-18 12:07:38,379] {logging_mixin.py:115} INFO - [2024-08-18 12:07:38,379] {dagbag.py:507} INFO - Filling up the DagBag from /home/kai/.local/lib/python3.8/site-packages/airflow/example_dags/example_xcom.py
[2024-08-18 12:07:38,396] {processor.py:651} INFO - DAG(s) dict_keys(['example_xcom']) retrieved from /home/kai/.local/lib/python3.8/site-packages/airflow/example_dags/example_xcom.py
[2024-08-18 12:07:38,411] {logging_mixin.py:115} INFO - [2024-08-18 12:07:38,411] {dag.py:2379} INFO - Sync 1 DAGs
[2024-08-18 12:07:38,427] {logging_mixin.py:115} INFO - [2024-08-18 12:07:38,427] {dag.py:2927} INFO - Setting next_dagrun for example_xcom to 2021-01-01T00:00:00+00:00, run_after=2021-01-01T00:00:00+00:00
[2024-08-18 12:07:38,438] {processor.py:161} INFO - Processing /home/kai/.local/lib/python3.8/site-packages/airflow/example_dags/example_xcom.py took 0.063 seconds
[2024-08-18 12:08:12,161] {processor.py:153} INFO - Started process (PID=6241) to work on /home/kai/.local/lib/python3.8/site-packages/airflow/example_dags/example_xcom.py
[2024-08-18 12:08:12,162] {processor.py:641} INFO - Processing file /home/kai/.local/lib/python3.8/site-packages/airflow/example_dags/example_xcom.py for tasks to queue
[2024-08-18 12:08:12,162] {logging_mixin.py:115} INFO - [2024-08-18 12:08:12,162] {dagbag.py:507} INFO - Filling up the DagBag from /home/kai/.local/lib/python3.8/site-packages/airflow/example_dags/example_xcom.py
[2024-08-18 12:08:12,179] {processor.py:651} INFO - DAG(s) dict_keys(['example_xcom']) retrieved from /home/kai/.local/lib/python3.8/site-packages/airflow/example_dags/example_xcom.py
[2024-08-18 12:08:12,217] {logging_mixin.py:115} INFO - [2024-08-18 12:08:12,217] {dag.py:2379} INFO - Sync 1 DAGs
[2024-08-18 12:08:12,231] {logging_mixin.py:115} INFO - [2024-08-18 12:08:12,231] {dag.py:2927} INFO - Setting next_dagrun for example_xcom to 2021-01-01T00:00:00+00:00, run_after=2021-01-01T00:00:00+00:00
[2024-08-18 12:08:12,242] {processor.py:161} INFO - Processing /home/kai/.local/lib/python3.8/site-packages/airflow/example_dags/example_xcom.py took 0.084 seconds
[2024-08-18 12:08:44,137] {processor.py:153} INFO - Started process (PID=6398) to work on /home/kai/.local/lib/python3.8/site-packages/airflow/example_dags/example_xcom.py
[2024-08-18 12:08:44,138] {processor.py:641} INFO - Processing file /home/kai/.local/lib/python3.8/site-packages/airflow/example_dags/example_xcom.py for tasks to queue
[2024-08-18 12:08:44,139] {logging_mixin.py:115} INFO - [2024-08-18 12:08:44,139] {dagbag.py:507} INFO - Filling up the DagBag from /home/kai/.local/lib/python3.8/site-packages/airflow/example_dags/example_xcom.py
[2024-08-18 12:08:44,156] {processor.py:651} INFO - DAG(s) dict_keys(['example_xcom']) retrieved from /home/kai/.local/lib/python3.8/site-packages/airflow/example_dags/example_xcom.py
[2024-08-18 12:08:44,170] {logging_mixin.py:115} INFO - [2024-08-18 12:08:44,170] {dag.py:2379} INFO - Sync 1 DAGs
[2024-08-18 12:08:44,188] {logging_mixin.py:115} INFO - [2024-08-18 12:08:44,188] {dag.py:2927} INFO - Setting next_dagrun for example_xcom to 2021-01-01T00:00:00+00:00, run_after=2021-01-01T00:00:00+00:00
[2024-08-18 12:08:44,198] {processor.py:161} INFO - Processing /home/kai/.local/lib/python3.8/site-packages/airflow/example_dags/example_xcom.py took 0.064 seconds
[2024-08-18 12:09:17,934] {processor.py:153} INFO - Started process (PID=6571) to work on /home/kai/.local/lib/python3.8/site-packages/airflow/example_dags/example_xcom.py
[2024-08-18 12:09:17,935] {processor.py:641} INFO - Processing file /home/kai/.local/lib/python3.8/site-packages/airflow/example_dags/example_xcom.py for tasks to queue
[2024-08-18 12:09:17,935] {logging_mixin.py:115} INFO - [2024-08-18 12:09:17,935] {dagbag.py:507} INFO - Filling up the DagBag from /home/kai/.local/lib/python3.8/site-packages/airflow/example_dags/example_xcom.py
[2024-08-18 12:09:17,950] {processor.py:651} INFO - DAG(s) dict_keys(['example_xcom']) retrieved from /home/kai/.local/lib/python3.8/site-packages/airflow/example_dags/example_xcom.py
[2024-08-18 12:09:17,992] {logging_mixin.py:115} INFO - [2024-08-18 12:09:17,992] {dag.py:2379} INFO - Sync 1 DAGs
[2024-08-18 12:09:18,005] {logging_mixin.py:115} INFO - [2024-08-18 12:09:18,005] {dag.py:2927} INFO - Setting next_dagrun for example_xcom to 2021-01-01T00:00:00+00:00, run_after=2021-01-01T00:00:00+00:00
[2024-08-18 12:09:18,014] {processor.py:161} INFO - Processing /home/kai/.local/lib/python3.8/site-packages/airflow/example_dags/example_xcom.py took 0.083 seconds
[2024-08-18 12:09:50,928] {processor.py:153} INFO - Started process (PID=6738) to work on /home/kai/.local/lib/python3.8/site-packages/airflow/example_dags/example_xcom.py
[2024-08-18 12:09:50,928] {processor.py:641} INFO - Processing file /home/kai/.local/lib/python3.8/site-packages/airflow/example_dags/example_xcom.py for tasks to queue
[2024-08-18 12:09:50,929] {logging_mixin.py:115} INFO - [2024-08-18 12:09:50,929] {dagbag.py:507} INFO - Filling up the DagBag from /home/kai/.local/lib/python3.8/site-packages/airflow/example_dags/example_xcom.py
[2024-08-18 12:09:50,945] {processor.py:651} INFO - DAG(s) dict_keys(['example_xcom']) retrieved from /home/kai/.local/lib/python3.8/site-packages/airflow/example_dags/example_xcom.py
[2024-08-18 12:09:50,962] {logging_mixin.py:115} INFO - [2024-08-18 12:09:50,962] {dag.py:2379} INFO - Sync 1 DAGs
[2024-08-18 12:09:50,976] {logging_mixin.py:115} INFO - [2024-08-18 12:09:50,976] {dag.py:2927} INFO - Setting next_dagrun for example_xcom to 2021-01-01T00:00:00+00:00, run_after=2021-01-01T00:00:00+00:00
[2024-08-18 12:09:50,985] {processor.py:161} INFO - Processing /home/kai/.local/lib/python3.8/site-packages/airflow/example_dags/example_xcom.py took 0.060 seconds
[2024-08-18 12:10:25,165] {processor.py:153} INFO - Started process (PID=6915) to work on /home/kai/.local/lib/python3.8/site-packages/airflow/example_dags/example_xcom.py
[2024-08-18 12:10:25,166] {processor.py:641} INFO - Processing file /home/kai/.local/lib/python3.8/site-packages/airflow/example_dags/example_xcom.py for tasks to queue
[2024-08-18 12:10:25,166] {logging_mixin.py:115} INFO - [2024-08-18 12:10:25,166] {dagbag.py:507} INFO - Filling up the DagBag from /home/kai/.local/lib/python3.8/site-packages/airflow/example_dags/example_xcom.py
[2024-08-18 12:10:25,181] {processor.py:651} INFO - DAG(s) dict_keys(['example_xcom']) retrieved from /home/kai/.local/lib/python3.8/site-packages/airflow/example_dags/example_xcom.py
[2024-08-18 12:10:25,194] {logging_mixin.py:115} INFO - [2024-08-18 12:10:25,194] {dag.py:2379} INFO - Sync 1 DAGs
[2024-08-18 12:10:25,208] {logging_mixin.py:115} INFO - [2024-08-18 12:10:25,208] {dag.py:2927} INFO - Setting next_dagrun for example_xcom to 2021-01-01T00:00:00+00:00, run_after=2021-01-01T00:00:00+00:00
[2024-08-18 12:10:25,216] {processor.py:161} INFO - Processing /home/kai/.local/lib/python3.8/site-packages/airflow/example_dags/example_xcom.py took 0.053 seconds
[2024-08-18 12:10:57,999] {processor.py:153} INFO - Started process (PID=7077) to work on /home/kai/.local/lib/python3.8/site-packages/airflow/example_dags/example_xcom.py
[2024-08-18 12:10:57,999] {processor.py:641} INFO - Processing file /home/kai/.local/lib/python3.8/site-packages/airflow/example_dags/example_xcom.py for tasks to queue
[2024-08-18 12:10:58,000] {logging_mixin.py:115} INFO - [2024-08-18 12:10:58,000] {dagbag.py:507} INFO - Filling up the DagBag from /home/kai/.local/lib/python3.8/site-packages/airflow/example_dags/example_xcom.py
[2024-08-18 12:10:58,018] {processor.py:651} INFO - DAG(s) dict_keys(['example_xcom']) retrieved from /home/kai/.local/lib/python3.8/site-packages/airflow/example_dags/example_xcom.py
[2024-08-18 12:10:58,058] {logging_mixin.py:115} INFO - [2024-08-18 12:10:58,058] {dag.py:2379} INFO - Sync 1 DAGs
[2024-08-18 12:10:58,073] {logging_mixin.py:115} INFO - [2024-08-18 12:10:58,073] {dag.py:2927} INFO - Setting next_dagrun for example_xcom to 2021-01-01T00:00:00+00:00, run_after=2021-01-01T00:00:00+00:00
[2024-08-18 12:10:58,087] {processor.py:161} INFO - Processing /home/kai/.local/lib/python3.8/site-packages/airflow/example_dags/example_xcom.py took 0.091 seconds
[2024-08-18 12:11:30,505] {processor.py:153} INFO - Started process (PID=7247) to work on /home/kai/.local/lib/python3.8/site-packages/airflow/example_dags/example_xcom.py
[2024-08-18 12:11:30,506] {processor.py:641} INFO - Processing file /home/kai/.local/lib/python3.8/site-packages/airflow/example_dags/example_xcom.py for tasks to queue
[2024-08-18 12:11:30,506] {logging_mixin.py:115} INFO - [2024-08-18 12:11:30,506] {dagbag.py:507} INFO - Filling up the DagBag from /home/kai/.local/lib/python3.8/site-packages/airflow/example_dags/example_xcom.py
[2024-08-18 12:11:30,523] {processor.py:651} INFO - DAG(s) dict_keys(['example_xcom']) retrieved from /home/kai/.local/lib/python3.8/site-packages/airflow/example_dags/example_xcom.py
[2024-08-18 12:11:30,561] {logging_mixin.py:115} INFO - [2024-08-18 12:11:30,561] {dag.py:2379} INFO - Sync 1 DAGs
[2024-08-18 12:11:30,576] {logging_mixin.py:115} INFO - [2024-08-18 12:11:30,576] {dag.py:2927} INFO - Setting next_dagrun for example_xcom to 2021-01-01T00:00:00+00:00, run_after=2021-01-01T00:00:00+00:00
[2024-08-18 12:11:30,599] {processor.py:161} INFO - Processing /home/kai/.local/lib/python3.8/site-packages/airflow/example_dags/example_xcom.py took 0.097 seconds
[2024-08-18 12:12:06,437] {processor.py:153} INFO - Started process (PID=7411) to work on /home/kai/.local/lib/python3.8/site-packages/airflow/example_dags/example_xcom.py
[2024-08-18 12:12:06,438] {processor.py:641} INFO - Processing file /home/kai/.local/lib/python3.8/site-packages/airflow/example_dags/example_xcom.py for tasks to queue
[2024-08-18 12:12:06,438] {logging_mixin.py:115} INFO - [2024-08-18 12:12:06,438] {dagbag.py:507} INFO - Filling up the DagBag from /home/kai/.local/lib/python3.8/site-packages/airflow/example_dags/example_xcom.py
[2024-08-18 12:12:06,460] {processor.py:651} INFO - DAG(s) dict_keys(['example_xcom']) retrieved from /home/kai/.local/lib/python3.8/site-packages/airflow/example_dags/example_xcom.py
[2024-08-18 12:12:06,482] {logging_mixin.py:115} INFO - [2024-08-18 12:12:06,482] {dag.py:2379} INFO - Sync 1 DAGs
[2024-08-18 12:12:06,500] {logging_mixin.py:115} INFO - [2024-08-18 12:12:06,500] {dag.py:2927} INFO - Setting next_dagrun for example_xcom to 2021-01-01T00:00:00+00:00, run_after=2021-01-01T00:00:00+00:00
[2024-08-18 12:12:06,515] {processor.py:161} INFO - Processing /home/kai/.local/lib/python3.8/site-packages/airflow/example_dags/example_xcom.py took 0.081 seconds
[2024-08-18 12:12:38,543] {processor.py:153} INFO - Started process (PID=7575) to work on /home/kai/.local/lib/python3.8/site-packages/airflow/example_dags/example_xcom.py
[2024-08-18 12:12:38,544] {processor.py:641} INFO - Processing file /home/kai/.local/lib/python3.8/site-packages/airflow/example_dags/example_xcom.py for tasks to queue
[2024-08-18 12:12:38,544] {logging_mixin.py:115} INFO - [2024-08-18 12:12:38,544] {dagbag.py:507} INFO - Filling up the DagBag from /home/kai/.local/lib/python3.8/site-packages/airflow/example_dags/example_xcom.py
[2024-08-18 12:12:38,567] {processor.py:651} INFO - DAG(s) dict_keys(['example_xcom']) retrieved from /home/kai/.local/lib/python3.8/site-packages/airflow/example_dags/example_xcom.py
[2024-08-18 12:12:38,598] {logging_mixin.py:115} INFO - [2024-08-18 12:12:38,598] {dag.py:2379} INFO - Sync 1 DAGs
[2024-08-18 12:12:38,616] {logging_mixin.py:115} INFO - [2024-08-18 12:12:38,616] {dag.py:2927} INFO - Setting next_dagrun for example_xcom to 2021-01-01T00:00:00+00:00, run_after=2021-01-01T00:00:00+00:00
[2024-08-18 12:12:38,628] {processor.py:161} INFO - Processing /home/kai/.local/lib/python3.8/site-packages/airflow/example_dags/example_xcom.py took 0.089 seconds
[2024-08-18 12:13:10,883] {processor.py:153} INFO - Started process (PID=7792) to work on /home/kai/.local/lib/python3.8/site-packages/airflow/example_dags/example_xcom.py
[2024-08-18 12:13:10,884] {processor.py:641} INFO - Processing file /home/kai/.local/lib/python3.8/site-packages/airflow/example_dags/example_xcom.py for tasks to queue
[2024-08-18 12:13:10,884] {logging_mixin.py:115} INFO - [2024-08-18 12:13:10,884] {dagbag.py:507} INFO - Filling up the DagBag from /home/kai/.local/lib/python3.8/site-packages/airflow/example_dags/example_xcom.py
[2024-08-18 12:13:10,904] {processor.py:651} INFO - DAG(s) dict_keys(['example_xcom']) retrieved from /home/kai/.local/lib/python3.8/site-packages/airflow/example_dags/example_xcom.py
[2024-08-18 12:13:10,947] {logging_mixin.py:115} INFO - [2024-08-18 12:13:10,947] {dag.py:2379} INFO - Sync 1 DAGs
[2024-08-18 12:13:10,964] {logging_mixin.py:115} INFO - [2024-08-18 12:13:10,964] {dag.py:2927} INFO - Setting next_dagrun for example_xcom to 2021-01-01T00:00:00+00:00, run_after=2021-01-01T00:00:00+00:00
[2024-08-18 12:13:10,975] {processor.py:161} INFO - Processing /home/kai/.local/lib/python3.8/site-packages/airflow/example_dags/example_xcom.py took 0.095 seconds
[2024-08-18 12:13:42,881] {processor.py:153} INFO - Started process (PID=7951) to work on /home/kai/.local/lib/python3.8/site-packages/airflow/example_dags/example_xcom.py
[2024-08-18 12:13:42,882] {processor.py:641} INFO - Processing file /home/kai/.local/lib/python3.8/site-packages/airflow/example_dags/example_xcom.py for tasks to queue
[2024-08-18 12:13:42,882] {logging_mixin.py:115} INFO - [2024-08-18 12:13:42,882] {dagbag.py:507} INFO - Filling up the DagBag from /home/kai/.local/lib/python3.8/site-packages/airflow/example_dags/example_xcom.py
[2024-08-18 12:13:42,899] {processor.py:651} INFO - DAG(s) dict_keys(['example_xcom']) retrieved from /home/kai/.local/lib/python3.8/site-packages/airflow/example_dags/example_xcom.py
[2024-08-18 12:13:42,916] {logging_mixin.py:115} INFO - [2024-08-18 12:13:42,915] {dag.py:2379} INFO - Sync 1 DAGs
[2024-08-18 12:13:42,932] {logging_mixin.py:115} INFO - [2024-08-18 12:13:42,932] {dag.py:2927} INFO - Setting next_dagrun for example_xcom to 2021-01-01T00:00:00+00:00, run_after=2021-01-01T00:00:00+00:00
[2024-08-18 12:13:42,947] {processor.py:161} INFO - Processing /home/kai/.local/lib/python3.8/site-packages/airflow/example_dags/example_xcom.py took 0.069 seconds
[2024-08-18 12:14:16,061] {processor.py:153} INFO - Started process (PID=8119) to work on /home/kai/.local/lib/python3.8/site-packages/airflow/example_dags/example_xcom.py
[2024-08-18 12:14:16,061] {processor.py:641} INFO - Processing file /home/kai/.local/lib/python3.8/site-packages/airflow/example_dags/example_xcom.py for tasks to queue
[2024-08-18 12:14:16,062] {logging_mixin.py:115} INFO - [2024-08-18 12:14:16,062] {dagbag.py:507} INFO - Filling up the DagBag from /home/kai/.local/lib/python3.8/site-packages/airflow/example_dags/example_xcom.py
[2024-08-18 12:14:16,084] {processor.py:651} INFO - DAG(s) dict_keys(['example_xcom']) retrieved from /home/kai/.local/lib/python3.8/site-packages/airflow/example_dags/example_xcom.py
[2024-08-18 12:14:16,103] {logging_mixin.py:115} INFO - [2024-08-18 12:14:16,103] {dag.py:2379} INFO - Sync 1 DAGs
[2024-08-18 12:14:16,123] {logging_mixin.py:115} INFO - [2024-08-18 12:14:16,122] {dag.py:2927} INFO - Setting next_dagrun for example_xcom to 2021-01-01T00:00:00+00:00, run_after=2021-01-01T00:00:00+00:00
[2024-08-18 12:14:16,140] {processor.py:161} INFO - Processing /home/kai/.local/lib/python3.8/site-packages/airflow/example_dags/example_xcom.py took 0.082 seconds
[2024-08-18 12:14:50,212] {processor.py:153} INFO - Started process (PID=8291) to work on /home/kai/.local/lib/python3.8/site-packages/airflow/example_dags/example_xcom.py
[2024-08-18 12:14:50,212] {processor.py:641} INFO - Processing file /home/kai/.local/lib/python3.8/site-packages/airflow/example_dags/example_xcom.py for tasks to queue
[2024-08-18 12:14:50,213] {logging_mixin.py:115} INFO - [2024-08-18 12:14:50,213] {dagbag.py:507} INFO - Filling up the DagBag from /home/kai/.local/lib/python3.8/site-packages/airflow/example_dags/example_xcom.py
[2024-08-18 12:14:50,229] {processor.py:651} INFO - DAG(s) dict_keys(['example_xcom']) retrieved from /home/kai/.local/lib/python3.8/site-packages/airflow/example_dags/example_xcom.py
[2024-08-18 12:14:50,249] {logging_mixin.py:115} INFO - [2024-08-18 12:14:50,249] {dag.py:2379} INFO - Sync 1 DAGs
[2024-08-18 12:14:50,264] {logging_mixin.py:115} INFO - [2024-08-18 12:14:50,264] {dag.py:2927} INFO - Setting next_dagrun for example_xcom to 2021-01-01T00:00:00+00:00, run_after=2021-01-01T00:00:00+00:00
[2024-08-18 12:14:50,276] {processor.py:161} INFO - Processing /home/kai/.local/lib/python3.8/site-packages/airflow/example_dags/example_xcom.py took 0.067 seconds
[2024-08-18 12:15:23,875] {processor.py:153} INFO - Started process (PID=8462) to work on /home/kai/.local/lib/python3.8/site-packages/airflow/example_dags/example_xcom.py
[2024-08-18 12:15:23,876] {processor.py:641} INFO - Processing file /home/kai/.local/lib/python3.8/site-packages/airflow/example_dags/example_xcom.py for tasks to queue
[2024-08-18 12:15:23,876] {logging_mixin.py:115} INFO - [2024-08-18 12:15:23,876] {dagbag.py:507} INFO - Filling up the DagBag from /home/kai/.local/lib/python3.8/site-packages/airflow/example_dags/example_xcom.py
[2024-08-18 12:15:23,892] {processor.py:651} INFO - DAG(s) dict_keys(['example_xcom']) retrieved from /home/kai/.local/lib/python3.8/site-packages/airflow/example_dags/example_xcom.py
[2024-08-18 12:15:23,905] {logging_mixin.py:115} INFO - [2024-08-18 12:15:23,905] {dag.py:2379} INFO - Sync 1 DAGs
[2024-08-18 12:15:23,923] {logging_mixin.py:115} INFO - [2024-08-18 12:15:23,923] {dag.py:2927} INFO - Setting next_dagrun for example_xcom to 2021-01-01T00:00:00+00:00, run_after=2021-01-01T00:00:00+00:00
[2024-08-18 12:15:23,934] {processor.py:161} INFO - Processing /home/kai/.local/lib/python3.8/site-packages/airflow/example_dags/example_xcom.py took 0.062 seconds
[2024-08-18 12:15:56,569] {processor.py:153} INFO - Started process (PID=8629) to work on /home/kai/.local/lib/python3.8/site-packages/airflow/example_dags/example_xcom.py
[2024-08-18 12:15:56,570] {processor.py:641} INFO - Processing file /home/kai/.local/lib/python3.8/site-packages/airflow/example_dags/example_xcom.py for tasks to queue
[2024-08-18 12:15:56,571] {logging_mixin.py:115} INFO - [2024-08-18 12:15:56,571] {dagbag.py:507} INFO - Filling up the DagBag from /home/kai/.local/lib/python3.8/site-packages/airflow/example_dags/example_xcom.py
[2024-08-18 12:15:56,590] {processor.py:651} INFO - DAG(s) dict_keys(['example_xcom']) retrieved from /home/kai/.local/lib/python3.8/site-packages/airflow/example_dags/example_xcom.py
[2024-08-18 12:15:56,605] {logging_mixin.py:115} INFO - [2024-08-18 12:15:56,605] {dag.py:2379} INFO - Sync 1 DAGs
[2024-08-18 12:15:56,626] {logging_mixin.py:115} INFO - [2024-08-18 12:15:56,626] {dag.py:2927} INFO - Setting next_dagrun for example_xcom to 2021-01-01T00:00:00+00:00, run_after=2021-01-01T00:00:00+00:00
[2024-08-18 12:15:56,636] {processor.py:161} INFO - Processing /home/kai/.local/lib/python3.8/site-packages/airflow/example_dags/example_xcom.py took 0.069 seconds
[2024-08-18 12:16:29,534] {processor.py:153} INFO - Started process (PID=8797) to work on /home/kai/.local/lib/python3.8/site-packages/airflow/example_dags/example_xcom.py
[2024-08-18 12:16:29,535] {processor.py:641} INFO - Processing file /home/kai/.local/lib/python3.8/site-packages/airflow/example_dags/example_xcom.py for tasks to queue
[2024-08-18 12:16:29,535] {logging_mixin.py:115} INFO - [2024-08-18 12:16:29,535] {dagbag.py:507} INFO - Filling up the DagBag from /home/kai/.local/lib/python3.8/site-packages/airflow/example_dags/example_xcom.py
[2024-08-18 12:16:29,552] {processor.py:651} INFO - DAG(s) dict_keys(['example_xcom']) retrieved from /home/kai/.local/lib/python3.8/site-packages/airflow/example_dags/example_xcom.py
[2024-08-18 12:16:29,566] {logging_mixin.py:115} INFO - [2024-08-18 12:16:29,566] {dag.py:2379} INFO - Sync 1 DAGs
[2024-08-18 12:16:29,583] {logging_mixin.py:115} INFO - [2024-08-18 12:16:29,583] {dag.py:2927} INFO - Setting next_dagrun for example_xcom to 2021-01-01T00:00:00+00:00, run_after=2021-01-01T00:00:00+00:00
[2024-08-18 12:16:29,595] {processor.py:161} INFO - Processing /home/kai/.local/lib/python3.8/site-packages/airflow/example_dags/example_xcom.py took 0.063 seconds
[2024-08-18 12:17:01,223] {processor.py:153} INFO - Started process (PID=8953) to work on /home/kai/.local/lib/python3.8/site-packages/airflow/example_dags/example_xcom.py
[2024-08-18 12:17:01,224] {processor.py:641} INFO - Processing file /home/kai/.local/lib/python3.8/site-packages/airflow/example_dags/example_xcom.py for tasks to queue
[2024-08-18 12:17:01,225] {logging_mixin.py:115} INFO - [2024-08-18 12:17:01,225] {dagbag.py:507} INFO - Filling up the DagBag from /home/kai/.local/lib/python3.8/site-packages/airflow/example_dags/example_xcom.py
[2024-08-18 12:17:01,240] {processor.py:651} INFO - DAG(s) dict_keys(['example_xcom']) retrieved from /home/kai/.local/lib/python3.8/site-packages/airflow/example_dags/example_xcom.py
[2024-08-18 12:17:01,254] {logging_mixin.py:115} INFO - [2024-08-18 12:17:01,254] {dag.py:2379} INFO - Sync 1 DAGs
[2024-08-18 12:17:01,269] {logging_mixin.py:115} INFO - [2024-08-18 12:17:01,269] {dag.py:2927} INFO - Setting next_dagrun for example_xcom to 2021-01-01T00:00:00+00:00, run_after=2021-01-01T00:00:00+00:00
[2024-08-18 12:17:01,281] {processor.py:161} INFO - Processing /home/kai/.local/lib/python3.8/site-packages/airflow/example_dags/example_xcom.py took 0.060 seconds
[2024-08-18 12:17:32,255] {processor.py:153} INFO - Started process (PID=9120) to work on /home/kai/.local/lib/python3.8/site-packages/airflow/example_dags/example_xcom.py
[2024-08-18 12:17:32,256] {processor.py:641} INFO - Processing file /home/kai/.local/lib/python3.8/site-packages/airflow/example_dags/example_xcom.py for tasks to queue
[2024-08-18 12:17:32,256] {logging_mixin.py:115} INFO - [2024-08-18 12:17:32,256] {dagbag.py:507} INFO - Filling up the DagBag from /home/kai/.local/lib/python3.8/site-packages/airflow/example_dags/example_xcom.py
[2024-08-18 12:17:32,276] {processor.py:651} INFO - DAG(s) dict_keys(['example_xcom']) retrieved from /home/kai/.local/lib/python3.8/site-packages/airflow/example_dags/example_xcom.py
[2024-08-18 12:17:32,312] {logging_mixin.py:115} INFO - [2024-08-18 12:17:32,312] {dag.py:2379} INFO - Sync 1 DAGs
[2024-08-18 12:17:32,325] {logging_mixin.py:115} INFO - [2024-08-18 12:17:32,325] {dag.py:2927} INFO - Setting next_dagrun for example_xcom to 2021-01-01T00:00:00+00:00, run_after=2021-01-01T00:00:00+00:00
[2024-08-18 12:17:32,337] {processor.py:161} INFO - Processing /home/kai/.local/lib/python3.8/site-packages/airflow/example_dags/example_xcom.py took 0.084 seconds
[2024-08-18 12:18:08,259] {processor.py:153} INFO - Started process (PID=9357) to work on /home/kai/.local/lib/python3.8/site-packages/airflow/example_dags/example_xcom.py
[2024-08-18 12:18:08,260] {processor.py:641} INFO - Processing file /home/kai/.local/lib/python3.8/site-packages/airflow/example_dags/example_xcom.py for tasks to queue
[2024-08-18 12:18:08,261] {logging_mixin.py:115} INFO - [2024-08-18 12:18:08,261] {dagbag.py:507} INFO - Filling up the DagBag from /home/kai/.local/lib/python3.8/site-packages/airflow/example_dags/example_xcom.py
[2024-08-18 12:18:08,277] {processor.py:651} INFO - DAG(s) dict_keys(['example_xcom']) retrieved from /home/kai/.local/lib/python3.8/site-packages/airflow/example_dags/example_xcom.py
[2024-08-18 12:18:08,319] {logging_mixin.py:115} INFO - [2024-08-18 12:18:08,319] {dag.py:2379} INFO - Sync 1 DAGs
[2024-08-18 12:18:08,338] {logging_mixin.py:115} INFO - [2024-08-18 12:18:08,338] {dag.py:2927} INFO - Setting next_dagrun for example_xcom to 2021-01-01T00:00:00+00:00, run_after=2021-01-01T00:00:00+00:00
[2024-08-18 12:18:08,351] {processor.py:161} INFO - Processing /home/kai/.local/lib/python3.8/site-packages/airflow/example_dags/example_xcom.py took 0.094 seconds
[2024-08-18 12:18:41,944] {processor.py:153} INFO - Started process (PID=9528) to work on /home/kai/.local/lib/python3.8/site-packages/airflow/example_dags/example_xcom.py
[2024-08-18 12:18:41,945] {processor.py:641} INFO - Processing file /home/kai/.local/lib/python3.8/site-packages/airflow/example_dags/example_xcom.py for tasks to queue
[2024-08-18 12:18:41,946] {logging_mixin.py:115} INFO - [2024-08-18 12:18:41,946] {dagbag.py:507} INFO - Filling up the DagBag from /home/kai/.local/lib/python3.8/site-packages/airflow/example_dags/example_xcom.py
[2024-08-18 12:18:41,964] {processor.py:651} INFO - DAG(s) dict_keys(['example_xcom']) retrieved from /home/kai/.local/lib/python3.8/site-packages/airflow/example_dags/example_xcom.py
[2024-08-18 12:18:41,979] {logging_mixin.py:115} INFO - [2024-08-18 12:18:41,979] {dag.py:2379} INFO - Sync 1 DAGs
[2024-08-18 12:18:41,995] {logging_mixin.py:115} INFO - [2024-08-18 12:18:41,995] {dag.py:2927} INFO - Setting next_dagrun for example_xcom to 2021-01-01T00:00:00+00:00, run_after=2021-01-01T00:00:00+00:00
[2024-08-18 12:18:42,006] {processor.py:161} INFO - Processing /home/kai/.local/lib/python3.8/site-packages/airflow/example_dags/example_xcom.py took 0.065 seconds
[2024-08-18 12:19:18,490] {processor.py:153} INFO - Started process (PID=9715) to work on /home/kai/.local/lib/python3.8/site-packages/airflow/example_dags/example_xcom.py
[2024-08-18 12:19:18,490] {processor.py:641} INFO - Processing file /home/kai/.local/lib/python3.8/site-packages/airflow/example_dags/example_xcom.py for tasks to queue
[2024-08-18 12:19:18,491] {logging_mixin.py:115} INFO - [2024-08-18 12:19:18,491] {dagbag.py:507} INFO - Filling up the DagBag from /home/kai/.local/lib/python3.8/site-packages/airflow/example_dags/example_xcom.py
[2024-08-18 12:19:18,510] {processor.py:651} INFO - DAG(s) dict_keys(['example_xcom']) retrieved from /home/kai/.local/lib/python3.8/site-packages/airflow/example_dags/example_xcom.py
[2024-08-18 12:19:18,553] {logging_mixin.py:115} INFO - [2024-08-18 12:19:18,553] {dag.py:2379} INFO - Sync 1 DAGs
[2024-08-18 12:19:18,568] {logging_mixin.py:115} INFO - [2024-08-18 12:19:18,567] {dag.py:2927} INFO - Setting next_dagrun for example_xcom to 2021-01-01T00:00:00+00:00, run_after=2021-01-01T00:00:00+00:00
[2024-08-18 12:19:18,581] {processor.py:161} INFO - Processing /home/kai/.local/lib/python3.8/site-packages/airflow/example_dags/example_xcom.py took 0.094 seconds
[2024-08-18 12:19:51,029] {processor.py:153} INFO - Started process (PID=9870) to work on /home/kai/.local/lib/python3.8/site-packages/airflow/example_dags/example_xcom.py
[2024-08-18 12:19:51,029] {processor.py:641} INFO - Processing file /home/kai/.local/lib/python3.8/site-packages/airflow/example_dags/example_xcom.py for tasks to queue
[2024-08-18 12:19:51,030] {logging_mixin.py:115} INFO - [2024-08-18 12:19:51,030] {dagbag.py:507} INFO - Filling up the DagBag from /home/kai/.local/lib/python3.8/site-packages/airflow/example_dags/example_xcom.py
[2024-08-18 12:19:51,047] {processor.py:651} INFO - DAG(s) dict_keys(['example_xcom']) retrieved from /home/kai/.local/lib/python3.8/site-packages/airflow/example_dags/example_xcom.py
[2024-08-18 12:19:51,098] {logging_mixin.py:115} INFO - [2024-08-18 12:19:51,097] {dag.py:2379} INFO - Sync 1 DAGs
[2024-08-18 12:19:51,112] {logging_mixin.py:115} INFO - [2024-08-18 12:19:51,112] {dag.py:2927} INFO - Setting next_dagrun for example_xcom to 2021-01-01T00:00:00+00:00, run_after=2021-01-01T00:00:00+00:00
[2024-08-18 12:19:51,125] {processor.py:161} INFO - Processing /home/kai/.local/lib/python3.8/site-packages/airflow/example_dags/example_xcom.py took 0.101 seconds
[2024-08-18 12:20:23,577] {processor.py:153} INFO - Started process (PID=10035) to work on /home/kai/.local/lib/python3.8/site-packages/airflow/example_dags/example_xcom.py
[2024-08-18 12:20:23,582] {processor.py:641} INFO - Processing file /home/kai/.local/lib/python3.8/site-packages/airflow/example_dags/example_xcom.py for tasks to queue
[2024-08-18 12:20:23,583] {logging_mixin.py:115} INFO - [2024-08-18 12:20:23,583] {dagbag.py:507} INFO - Filling up the DagBag from /home/kai/.local/lib/python3.8/site-packages/airflow/example_dags/example_xcom.py
[2024-08-18 12:20:23,606] {processor.py:651} INFO - DAG(s) dict_keys(['example_xcom']) retrieved from /home/kai/.local/lib/python3.8/site-packages/airflow/example_dags/example_xcom.py
[2024-08-18 12:20:23,626] {logging_mixin.py:115} INFO - [2024-08-18 12:20:23,625] {dag.py:2379} INFO - Sync 1 DAGs
[2024-08-18 12:20:23,647] {logging_mixin.py:115} INFO - [2024-08-18 12:20:23,647] {dag.py:2927} INFO - Setting next_dagrun for example_xcom to 2021-01-01T00:00:00+00:00, run_after=2021-01-01T00:00:00+00:00
[2024-08-18 12:20:23,662] {processor.py:161} INFO - Processing /home/kai/.local/lib/python3.8/site-packages/airflow/example_dags/example_xcom.py took 0.089 seconds
[2024-08-18 12:20:58,435] {processor.py:153} INFO - Started process (PID=10214) to work on /home/kai/.local/lib/python3.8/site-packages/airflow/example_dags/example_xcom.py
[2024-08-18 12:20:58,436] {processor.py:641} INFO - Processing file /home/kai/.local/lib/python3.8/site-packages/airflow/example_dags/example_xcom.py for tasks to queue
[2024-08-18 12:20:58,437] {logging_mixin.py:115} INFO - [2024-08-18 12:20:58,437] {dagbag.py:507} INFO - Filling up the DagBag from /home/kai/.local/lib/python3.8/site-packages/airflow/example_dags/example_xcom.py
[2024-08-18 12:20:58,454] {processor.py:651} INFO - DAG(s) dict_keys(['example_xcom']) retrieved from /home/kai/.local/lib/python3.8/site-packages/airflow/example_dags/example_xcom.py
[2024-08-18 12:20:58,469] {logging_mixin.py:115} INFO - [2024-08-18 12:20:58,468] {dag.py:2379} INFO - Sync 1 DAGs
[2024-08-18 12:20:58,484] {logging_mixin.py:115} INFO - [2024-08-18 12:20:58,484] {dag.py:2927} INFO - Setting next_dagrun for example_xcom to 2021-01-01T00:00:00+00:00, run_after=2021-01-01T00:00:00+00:00
[2024-08-18 12:20:58,497] {processor.py:161} INFO - Processing /home/kai/.local/lib/python3.8/site-packages/airflow/example_dags/example_xcom.py took 0.064 seconds
[2024-08-18 12:21:30,479] {processor.py:153} INFO - Started process (PID=10384) to work on /home/kai/.local/lib/python3.8/site-packages/airflow/example_dags/example_xcom.py
[2024-08-18 12:21:30,480] {processor.py:641} INFO - Processing file /home/kai/.local/lib/python3.8/site-packages/airflow/example_dags/example_xcom.py for tasks to queue
[2024-08-18 12:21:30,481] {logging_mixin.py:115} INFO - [2024-08-18 12:21:30,480] {dagbag.py:507} INFO - Filling up the DagBag from /home/kai/.local/lib/python3.8/site-packages/airflow/example_dags/example_xcom.py
[2024-08-18 12:21:30,502] {processor.py:651} INFO - DAG(s) dict_keys(['example_xcom']) retrieved from /home/kai/.local/lib/python3.8/site-packages/airflow/example_dags/example_xcom.py
[2024-08-18 12:21:30,526] {logging_mixin.py:115} INFO - [2024-08-18 12:21:30,526] {dag.py:2379} INFO - Sync 1 DAGs
[2024-08-18 12:21:30,543] {logging_mixin.py:115} INFO - [2024-08-18 12:21:30,543] {dag.py:2927} INFO - Setting next_dagrun for example_xcom to 2021-01-01T00:00:00+00:00, run_after=2021-01-01T00:00:00+00:00
[2024-08-18 12:21:30,555] {processor.py:161} INFO - Processing /home/kai/.local/lib/python3.8/site-packages/airflow/example_dags/example_xcom.py took 0.079 seconds
[2024-08-18 12:22:05,087] {processor.py:153} INFO - Started process (PID=10555) to work on /home/kai/.local/lib/python3.8/site-packages/airflow/example_dags/example_xcom.py
[2024-08-18 12:22:05,088] {processor.py:641} INFO - Processing file /home/kai/.local/lib/python3.8/site-packages/airflow/example_dags/example_xcom.py for tasks to queue
[2024-08-18 12:22:05,089] {logging_mixin.py:115} INFO - [2024-08-18 12:22:05,089] {dagbag.py:507} INFO - Filling up the DagBag from /home/kai/.local/lib/python3.8/site-packages/airflow/example_dags/example_xcom.py
[2024-08-18 12:22:05,112] {processor.py:651} INFO - DAG(s) dict_keys(['example_xcom']) retrieved from /home/kai/.local/lib/python3.8/site-packages/airflow/example_dags/example_xcom.py
[2024-08-18 12:22:05,130] {logging_mixin.py:115} INFO - [2024-08-18 12:22:05,130] {dag.py:2379} INFO - Sync 1 DAGs
[2024-08-18 12:22:05,154] {logging_mixin.py:115} INFO - [2024-08-18 12:22:05,154] {dag.py:2927} INFO - Setting next_dagrun for example_xcom to 2021-01-01T00:00:00+00:00, run_after=2021-01-01T00:00:00+00:00
[2024-08-18 12:22:05,383] {processor.py:161} INFO - Processing /home/kai/.local/lib/python3.8/site-packages/airflow/example_dags/example_xcom.py took 0.300 seconds
[2024-08-18 12:22:37,680] {processor.py:153} INFO - Started process (PID=10725) to work on /home/kai/.local/lib/python3.8/site-packages/airflow/example_dags/example_xcom.py
[2024-08-18 12:22:37,681] {processor.py:641} INFO - Processing file /home/kai/.local/lib/python3.8/site-packages/airflow/example_dags/example_xcom.py for tasks to queue
[2024-08-18 12:22:37,682] {logging_mixin.py:115} INFO - [2024-08-18 12:22:37,682] {dagbag.py:507} INFO - Filling up the DagBag from /home/kai/.local/lib/python3.8/site-packages/airflow/example_dags/example_xcom.py
[2024-08-18 12:22:37,700] {processor.py:651} INFO - DAG(s) dict_keys(['example_xcom']) retrieved from /home/kai/.local/lib/python3.8/site-packages/airflow/example_dags/example_xcom.py
[2024-08-18 12:22:37,718] {logging_mixin.py:115} INFO - [2024-08-18 12:22:37,718] {dag.py:2379} INFO - Sync 1 DAGs
[2024-08-18 12:22:37,740] {logging_mixin.py:115} INFO - [2024-08-18 12:22:37,739] {dag.py:2927} INFO - Setting next_dagrun for example_xcom to 2021-01-01T00:00:00+00:00, run_after=2021-01-01T00:00:00+00:00
[2024-08-18 12:22:37,755] {processor.py:161} INFO - Processing /home/kai/.local/lib/python3.8/site-packages/airflow/example_dags/example_xcom.py took 0.078 seconds
[2024-08-18 12:23:09,468] {processor.py:153} INFO - Started process (PID=10992) to work on /home/kai/.local/lib/python3.8/site-packages/airflow/example_dags/example_xcom.py
[2024-08-18 12:23:09,469] {processor.py:641} INFO - Processing file /home/kai/.local/lib/python3.8/site-packages/airflow/example_dags/example_xcom.py for tasks to queue
[2024-08-18 12:23:09,472] {logging_mixin.py:115} INFO - [2024-08-18 12:23:09,472] {dagbag.py:507} INFO - Filling up the DagBag from /home/kai/.local/lib/python3.8/site-packages/airflow/example_dags/example_xcom.py
[2024-08-18 12:23:09,501] {processor.py:651} INFO - DAG(s) dict_keys(['example_xcom']) retrieved from /home/kai/.local/lib/python3.8/site-packages/airflow/example_dags/example_xcom.py
[2024-08-18 12:23:09,549] {logging_mixin.py:115} INFO - [2024-08-18 12:23:09,549] {dag.py:2379} INFO - Sync 1 DAGs
[2024-08-18 12:23:09,564] {logging_mixin.py:115} INFO - [2024-08-18 12:23:09,564] {dag.py:2927} INFO - Setting next_dagrun for example_xcom to 2021-01-01T00:00:00+00:00, run_after=2021-01-01T00:00:00+00:00
[2024-08-18 12:23:09,577] {processor.py:161} INFO - Processing /home/kai/.local/lib/python3.8/site-packages/airflow/example_dags/example_xcom.py took 0.113 seconds
[2024-08-18 12:23:44,460] {processor.py:153} INFO - Started process (PID=11165) to work on /home/kai/.local/lib/python3.8/site-packages/airflow/example_dags/example_xcom.py
[2024-08-18 12:23:44,461] {processor.py:641} INFO - Processing file /home/kai/.local/lib/python3.8/site-packages/airflow/example_dags/example_xcom.py for tasks to queue
[2024-08-18 12:23:44,462] {logging_mixin.py:115} INFO - [2024-08-18 12:23:44,462] {dagbag.py:507} INFO - Filling up the DagBag from /home/kai/.local/lib/python3.8/site-packages/airflow/example_dags/example_xcom.py
[2024-08-18 12:23:44,479] {processor.py:651} INFO - DAG(s) dict_keys(['example_xcom']) retrieved from /home/kai/.local/lib/python3.8/site-packages/airflow/example_dags/example_xcom.py
[2024-08-18 12:23:44,494] {logging_mixin.py:115} INFO - [2024-08-18 12:23:44,493] {dag.py:2379} INFO - Sync 1 DAGs
[2024-08-18 12:23:44,514] {logging_mixin.py:115} INFO - [2024-08-18 12:23:44,514] {dag.py:2927} INFO - Setting next_dagrun for example_xcom to 2021-01-01T00:00:00+00:00, run_after=2021-01-01T00:00:00+00:00
[2024-08-18 12:23:44,526] {processor.py:161} INFO - Processing /home/kai/.local/lib/python3.8/site-packages/airflow/example_dags/example_xcom.py took 0.071 seconds
[2024-08-18 12:24:17,722] {processor.py:153} INFO - Started process (PID=11338) to work on /home/kai/.local/lib/python3.8/site-packages/airflow/example_dags/example_xcom.py
[2024-08-18 12:24:17,723] {processor.py:641} INFO - Processing file /home/kai/.local/lib/python3.8/site-packages/airflow/example_dags/example_xcom.py for tasks to queue
[2024-08-18 12:24:17,723] {logging_mixin.py:115} INFO - [2024-08-18 12:24:17,723] {dagbag.py:507} INFO - Filling up the DagBag from /home/kai/.local/lib/python3.8/site-packages/airflow/example_dags/example_xcom.py
[2024-08-18 12:24:17,740] {processor.py:651} INFO - DAG(s) dict_keys(['example_xcom']) retrieved from /home/kai/.local/lib/python3.8/site-packages/airflow/example_dags/example_xcom.py
[2024-08-18 12:24:17,755] {logging_mixin.py:115} INFO - [2024-08-18 12:24:17,755] {dag.py:2379} INFO - Sync 1 DAGs
[2024-08-18 12:24:17,771] {logging_mixin.py:115} INFO - [2024-08-18 12:24:17,771] {dag.py:2927} INFO - Setting next_dagrun for example_xcom to 2021-01-01T00:00:00+00:00, run_after=2021-01-01T00:00:00+00:00
[2024-08-18 12:24:17,782] {processor.py:161} INFO - Processing /home/kai/.local/lib/python3.8/site-packages/airflow/example_dags/example_xcom.py took 0.063 seconds
[2024-08-18 12:24:51,905] {processor.py:153} INFO - Started process (PID=11510) to work on /home/kai/.local/lib/python3.8/site-packages/airflow/example_dags/example_xcom.py
[2024-08-18 12:24:51,906] {processor.py:641} INFO - Processing file /home/kai/.local/lib/python3.8/site-packages/airflow/example_dags/example_xcom.py for tasks to queue
[2024-08-18 12:24:51,907] {logging_mixin.py:115} INFO - [2024-08-18 12:24:51,907] {dagbag.py:507} INFO - Filling up the DagBag from /home/kai/.local/lib/python3.8/site-packages/airflow/example_dags/example_xcom.py
[2024-08-18 12:24:51,925] {processor.py:651} INFO - DAG(s) dict_keys(['example_xcom']) retrieved from /home/kai/.local/lib/python3.8/site-packages/airflow/example_dags/example_xcom.py
[2024-08-18 12:24:51,938] {logging_mixin.py:115} INFO - [2024-08-18 12:24:51,938] {dag.py:2379} INFO - Sync 1 DAGs
[2024-08-18 12:24:51,955] {logging_mixin.py:115} INFO - [2024-08-18 12:24:51,955] {dag.py:2927} INFO - Setting next_dagrun for example_xcom to 2021-01-01T00:00:00+00:00, run_after=2021-01-01T00:00:00+00:00
[2024-08-18 12:24:51,971] {processor.py:161} INFO - Processing /home/kai/.local/lib/python3.8/site-packages/airflow/example_dags/example_xcom.py took 0.069 seconds
[2024-08-18 12:25:24,879] {processor.py:153} INFO - Started process (PID=11675) to work on /home/kai/.local/lib/python3.8/site-packages/airflow/example_dags/example_xcom.py
[2024-08-18 12:25:24,879] {processor.py:641} INFO - Processing file /home/kai/.local/lib/python3.8/site-packages/airflow/example_dags/example_xcom.py for tasks to queue
[2024-08-18 12:25:24,880] {logging_mixin.py:115} INFO - [2024-08-18 12:25:24,880] {dagbag.py:507} INFO - Filling up the DagBag from /home/kai/.local/lib/python3.8/site-packages/airflow/example_dags/example_xcom.py
[2024-08-18 12:25:24,899] {processor.py:651} INFO - DAG(s) dict_keys(['example_xcom']) retrieved from /home/kai/.local/lib/python3.8/site-packages/airflow/example_dags/example_xcom.py
[2024-08-18 12:25:24,918] {logging_mixin.py:115} INFO - [2024-08-18 12:25:24,918] {dag.py:2379} INFO - Sync 1 DAGs
[2024-08-18 12:25:24,938] {logging_mixin.py:115} INFO - [2024-08-18 12:25:24,938] {dag.py:2927} INFO - Setting next_dagrun for example_xcom to 2021-01-01T00:00:00+00:00, run_after=2021-01-01T00:00:00+00:00
[2024-08-18 12:25:24,950] {processor.py:161} INFO - Processing /home/kai/.local/lib/python3.8/site-packages/airflow/example_dags/example_xcom.py took 0.075 seconds
[2024-08-18 12:26:01,587] {processor.py:153} INFO - Started process (PID=11853) to work on /home/kai/.local/lib/python3.8/site-packages/airflow/example_dags/example_xcom.py
[2024-08-18 12:26:01,588] {processor.py:641} INFO - Processing file /home/kai/.local/lib/python3.8/site-packages/airflow/example_dags/example_xcom.py for tasks to queue
[2024-08-18 12:26:01,589] {logging_mixin.py:115} INFO - [2024-08-18 12:26:01,589] {dagbag.py:507} INFO - Filling up the DagBag from /home/kai/.local/lib/python3.8/site-packages/airflow/example_dags/example_xcom.py
[2024-08-18 12:26:01,613] {processor.py:651} INFO - DAG(s) dict_keys(['example_xcom']) retrieved from /home/kai/.local/lib/python3.8/site-packages/airflow/example_dags/example_xcom.py
[2024-08-18 12:26:01,632] {logging_mixin.py:115} INFO - [2024-08-18 12:26:01,632] {dag.py:2379} INFO - Sync 1 DAGs
[2024-08-18 12:26:01,651] {logging_mixin.py:115} INFO - [2024-08-18 12:26:01,651] {dag.py:2927} INFO - Setting next_dagrun for example_xcom to 2021-01-01T00:00:00+00:00, run_after=2021-01-01T00:00:00+00:00
[2024-08-18 12:26:01,666] {processor.py:161} INFO - Processing /home/kai/.local/lib/python3.8/site-packages/airflow/example_dags/example_xcom.py took 0.083 seconds
[2024-08-18 12:26:33,146] {processor.py:153} INFO - Started process (PID=12016) to work on /home/kai/.local/lib/python3.8/site-packages/airflow/example_dags/example_xcom.py
[2024-08-18 12:26:33,147] {processor.py:641} INFO - Processing file /home/kai/.local/lib/python3.8/site-packages/airflow/example_dags/example_xcom.py for tasks to queue
[2024-08-18 12:26:33,148] {logging_mixin.py:115} INFO - [2024-08-18 12:26:33,148] {dagbag.py:507} INFO - Filling up the DagBag from /home/kai/.local/lib/python3.8/site-packages/airflow/example_dags/example_xcom.py
[2024-08-18 12:26:33,168] {processor.py:651} INFO - DAG(s) dict_keys(['example_xcom']) retrieved from /home/kai/.local/lib/python3.8/site-packages/airflow/example_dags/example_xcom.py
[2024-08-18 12:26:33,185] {logging_mixin.py:115} INFO - [2024-08-18 12:26:33,185] {dag.py:2379} INFO - Sync 1 DAGs
[2024-08-18 12:26:33,202] {logging_mixin.py:115} INFO - [2024-08-18 12:26:33,202] {dag.py:2927} INFO - Setting next_dagrun for example_xcom to 2021-01-01T00:00:00+00:00, run_after=2021-01-01T00:00:00+00:00
[2024-08-18 12:26:33,215] {processor.py:161} INFO - Processing /home/kai/.local/lib/python3.8/site-packages/airflow/example_dags/example_xcom.py took 0.073 seconds
[2024-08-18 12:27:06,705] {processor.py:153} INFO - Started process (PID=12182) to work on /home/kai/.local/lib/python3.8/site-packages/airflow/example_dags/example_xcom.py
[2024-08-18 12:27:06,706] {processor.py:641} INFO - Processing file /home/kai/.local/lib/python3.8/site-packages/airflow/example_dags/example_xcom.py for tasks to queue
[2024-08-18 12:27:06,707] {logging_mixin.py:115} INFO - [2024-08-18 12:27:06,707] {dagbag.py:507} INFO - Filling up the DagBag from /home/kai/.local/lib/python3.8/site-packages/airflow/example_dags/example_xcom.py
[2024-08-18 12:27:06,728] {processor.py:651} INFO - DAG(s) dict_keys(['example_xcom']) retrieved from /home/kai/.local/lib/python3.8/site-packages/airflow/example_dags/example_xcom.py
[2024-08-18 12:27:06,746] {logging_mixin.py:115} INFO - [2024-08-18 12:27:06,746] {dag.py:2379} INFO - Sync 1 DAGs
[2024-08-18 12:27:06,763] {logging_mixin.py:115} INFO - [2024-08-18 12:27:06,763] {dag.py:2927} INFO - Setting next_dagrun for example_xcom to 2021-01-01T00:00:00+00:00, run_after=2021-01-01T00:00:00+00:00
[2024-08-18 12:27:06,774] {processor.py:161} INFO - Processing /home/kai/.local/lib/python3.8/site-packages/airflow/example_dags/example_xcom.py took 0.071 seconds
[2024-08-18 12:27:39,568] {processor.py:153} INFO - Started process (PID=12354) to work on /home/kai/.local/lib/python3.8/site-packages/airflow/example_dags/example_xcom.py
[2024-08-18 12:27:39,570] {processor.py:641} INFO - Processing file /home/kai/.local/lib/python3.8/site-packages/airflow/example_dags/example_xcom.py for tasks to queue
[2024-08-18 12:27:39,571] {logging_mixin.py:115} INFO - [2024-08-18 12:27:39,570] {dagbag.py:507} INFO - Filling up the DagBag from /home/kai/.local/lib/python3.8/site-packages/airflow/example_dags/example_xcom.py
[2024-08-18 12:27:39,588] {processor.py:651} INFO - DAG(s) dict_keys(['example_xcom']) retrieved from /home/kai/.local/lib/python3.8/site-packages/airflow/example_dags/example_xcom.py
[2024-08-18 12:27:39,604] {logging_mixin.py:115} INFO - [2024-08-18 12:27:39,604] {dag.py:2379} INFO - Sync 1 DAGs
[2024-08-18 12:27:39,620] {logging_mixin.py:115} INFO - [2024-08-18 12:27:39,620] {dag.py:2927} INFO - Setting next_dagrun for example_xcom to 2021-01-01T00:00:00+00:00, run_after=2021-01-01T00:00:00+00:00
[2024-08-18 12:27:39,638] {processor.py:161} INFO - Processing /home/kai/.local/lib/python3.8/site-packages/airflow/example_dags/example_xcom.py took 0.073 seconds
[2024-08-18 19:40:45,474] {processor.py:153} INFO - Started process (PID=13038) to work on /home/kai/.local/lib/python3.8/site-packages/airflow/example_dags/example_xcom.py
[2024-08-18 19:40:45,476] {processor.py:641} INFO - Processing file /home/kai/.local/lib/python3.8/site-packages/airflow/example_dags/example_xcom.py for tasks to queue
[2024-08-18 19:40:45,477] {logging_mixin.py:115} INFO - [2024-08-18 19:40:45,476] {dagbag.py:507} INFO - Filling up the DagBag from /home/kai/.local/lib/python3.8/site-packages/airflow/example_dags/example_xcom.py
[2024-08-18 19:40:45,500] {processor.py:651} INFO - DAG(s) dict_keys(['example_xcom']) retrieved from /home/kai/.local/lib/python3.8/site-packages/airflow/example_dags/example_xcom.py
[2024-08-18 19:40:45,542] {logging_mixin.py:115} INFO - [2024-08-18 19:40:45,542] {dag.py:2379} INFO - Sync 1 DAGs
[2024-08-18 19:40:45,555] {logging_mixin.py:115} INFO - [2024-08-18 19:40:45,555] {dag.py:2927} INFO - Setting next_dagrun for example_xcom to 2021-01-01T00:00:00+00:00, run_after=2021-01-01T00:00:00+00:00
[2024-08-18 19:40:45,569] {processor.py:161} INFO - Processing /home/kai/.local/lib/python3.8/site-packages/airflow/example_dags/example_xcom.py took 0.097 seconds
[2024-08-18 19:41:16,676] {processor.py:153} INFO - Started process (PID=13421) to work on /home/kai/.local/lib/python3.8/site-packages/airflow/example_dags/example_xcom.py
[2024-08-18 19:41:16,676] {processor.py:641} INFO - Processing file /home/kai/.local/lib/python3.8/site-packages/airflow/example_dags/example_xcom.py for tasks to queue
[2024-08-18 19:41:16,677] {logging_mixin.py:115} INFO - [2024-08-18 19:41:16,677] {dagbag.py:507} INFO - Filling up the DagBag from /home/kai/.local/lib/python3.8/site-packages/airflow/example_dags/example_xcom.py
[2024-08-18 19:41:16,690] {processor.py:651} INFO - DAG(s) dict_keys(['example_xcom']) retrieved from /home/kai/.local/lib/python3.8/site-packages/airflow/example_dags/example_xcom.py
[2024-08-18 19:41:16,725] {logging_mixin.py:115} INFO - [2024-08-18 19:41:16,725] {dag.py:2379} INFO - Sync 1 DAGs
[2024-08-18 19:41:16,739] {logging_mixin.py:115} INFO - [2024-08-18 19:41:16,739] {dag.py:2927} INFO - Setting next_dagrun for example_xcom to 2021-01-01T00:00:00+00:00, run_after=2021-01-01T00:00:00+00:00
[2024-08-18 19:41:16,752] {processor.py:161} INFO - Processing /home/kai/.local/lib/python3.8/site-packages/airflow/example_dags/example_xcom.py took 0.079 seconds
[2024-08-18 19:41:51,555] {processor.py:153} INFO - Started process (PID=13597) to work on /home/kai/.local/lib/python3.8/site-packages/airflow/example_dags/example_xcom.py
[2024-08-18 19:41:51,556] {processor.py:641} INFO - Processing file /home/kai/.local/lib/python3.8/site-packages/airflow/example_dags/example_xcom.py for tasks to queue
[2024-08-18 19:41:51,558] {logging_mixin.py:115} INFO - [2024-08-18 19:41:51,558] {dagbag.py:507} INFO - Filling up the DagBag from /home/kai/.local/lib/python3.8/site-packages/airflow/example_dags/example_xcom.py
[2024-08-18 19:41:51,580] {processor.py:651} INFO - DAG(s) dict_keys(['example_xcom']) retrieved from /home/kai/.local/lib/python3.8/site-packages/airflow/example_dags/example_xcom.py
[2024-08-18 19:41:51,594] {logging_mixin.py:115} INFO - [2024-08-18 19:41:51,594] {dag.py:2379} INFO - Sync 1 DAGs
[2024-08-18 19:41:51,609] {logging_mixin.py:115} INFO - [2024-08-18 19:41:51,608] {dag.py:2927} INFO - Setting next_dagrun for example_xcom to 2021-01-01T00:00:00+00:00, run_after=2021-01-01T00:00:00+00:00
[2024-08-18 19:41:51,624] {processor.py:161} INFO - Processing /home/kai/.local/lib/python3.8/site-packages/airflow/example_dags/example_xcom.py took 0.072 seconds
[2024-08-18 19:42:23,628] {processor.py:153} INFO - Started process (PID=13764) to work on /home/kai/.local/lib/python3.8/site-packages/airflow/example_dags/example_xcom.py
[2024-08-18 19:42:23,628] {processor.py:641} INFO - Processing file /home/kai/.local/lib/python3.8/site-packages/airflow/example_dags/example_xcom.py for tasks to queue
[2024-08-18 19:42:23,629] {logging_mixin.py:115} INFO - [2024-08-18 19:42:23,629] {dagbag.py:507} INFO - Filling up the DagBag from /home/kai/.local/lib/python3.8/site-packages/airflow/example_dags/example_xcom.py
[2024-08-18 19:42:23,649] {processor.py:651} INFO - DAG(s) dict_keys(['example_xcom']) retrieved from /home/kai/.local/lib/python3.8/site-packages/airflow/example_dags/example_xcom.py
[2024-08-18 19:42:23,661] {logging_mixin.py:115} INFO - [2024-08-18 19:42:23,661] {dag.py:2379} INFO - Sync 1 DAGs
[2024-08-18 19:42:23,674] {logging_mixin.py:115} INFO - [2024-08-18 19:42:23,674] {dag.py:2927} INFO - Setting next_dagrun for example_xcom to 2021-01-01T00:00:00+00:00, run_after=2021-01-01T00:00:00+00:00
[2024-08-18 19:42:23,686] {processor.py:161} INFO - Processing /home/kai/.local/lib/python3.8/site-packages/airflow/example_dags/example_xcom.py took 0.061 seconds
[2024-08-18 19:42:59,575] {processor.py:153} INFO - Started process (PID=13946) to work on /home/kai/.local/lib/python3.8/site-packages/airflow/example_dags/example_xcom.py
[2024-08-18 19:42:59,576] {processor.py:641} INFO - Processing file /home/kai/.local/lib/python3.8/site-packages/airflow/example_dags/example_xcom.py for tasks to queue
[2024-08-18 19:42:59,577] {logging_mixin.py:115} INFO - [2024-08-18 19:42:59,577] {dagbag.py:507} INFO - Filling up the DagBag from /home/kai/.local/lib/python3.8/site-packages/airflow/example_dags/example_xcom.py
[2024-08-18 19:42:59,595] {processor.py:651} INFO - DAG(s) dict_keys(['example_xcom']) retrieved from /home/kai/.local/lib/python3.8/site-packages/airflow/example_dags/example_xcom.py
[2024-08-18 19:42:59,609] {logging_mixin.py:115} INFO - [2024-08-18 19:42:59,608] {dag.py:2379} INFO - Sync 1 DAGs
[2024-08-18 19:42:59,623] {logging_mixin.py:115} INFO - [2024-08-18 19:42:59,623] {dag.py:2927} INFO - Setting next_dagrun for example_xcom to 2021-01-01T00:00:00+00:00, run_after=2021-01-01T00:00:00+00:00
[2024-08-18 19:42:59,633] {processor.py:161} INFO - Processing /home/kai/.local/lib/python3.8/site-packages/airflow/example_dags/example_xcom.py took 0.062 seconds
[2024-08-18 19:43:31,985] {processor.py:153} INFO - Started process (PID=14111) to work on /home/kai/.local/lib/python3.8/site-packages/airflow/example_dags/example_xcom.py
[2024-08-18 19:43:31,987] {processor.py:641} INFO - Processing file /home/kai/.local/lib/python3.8/site-packages/airflow/example_dags/example_xcom.py for tasks to queue
[2024-08-18 19:43:31,988] {logging_mixin.py:115} INFO - [2024-08-18 19:43:31,987] {dagbag.py:507} INFO - Filling up the DagBag from /home/kai/.local/lib/python3.8/site-packages/airflow/example_dags/example_xcom.py
[2024-08-18 19:43:32,009] {processor.py:651} INFO - DAG(s) dict_keys(['example_xcom']) retrieved from /home/kai/.local/lib/python3.8/site-packages/airflow/example_dags/example_xcom.py
[2024-08-18 19:43:32,023] {logging_mixin.py:115} INFO - [2024-08-18 19:43:32,023] {dag.py:2379} INFO - Sync 1 DAGs
[2024-08-18 19:43:32,037] {logging_mixin.py:115} INFO - [2024-08-18 19:43:32,037] {dag.py:2927} INFO - Setting next_dagrun for example_xcom to 2021-01-01T00:00:00+00:00, run_after=2021-01-01T00:00:00+00:00
[2024-08-18 19:43:32,058] {processor.py:161} INFO - Processing /home/kai/.local/lib/python3.8/site-packages/airflow/example_dags/example_xcom.py took 0.078 seconds
[2024-08-18 19:44:06,797] {processor.py:153} INFO - Started process (PID=14337) to work on /home/kai/.local/lib/python3.8/site-packages/airflow/example_dags/example_xcom.py
[2024-08-18 19:44:06,797] {processor.py:641} INFO - Processing file /home/kai/.local/lib/python3.8/site-packages/airflow/example_dags/example_xcom.py for tasks to queue
[2024-08-18 19:44:06,798] {logging_mixin.py:115} INFO - [2024-08-18 19:44:06,798] {dagbag.py:507} INFO - Filling up the DagBag from /home/kai/.local/lib/python3.8/site-packages/airflow/example_dags/example_xcom.py
[2024-08-18 19:44:06,813] {processor.py:651} INFO - DAG(s) dict_keys(['example_xcom']) retrieved from /home/kai/.local/lib/python3.8/site-packages/airflow/example_dags/example_xcom.py
[2024-08-18 19:44:06,827] {logging_mixin.py:115} INFO - [2024-08-18 19:44:06,826] {dag.py:2379} INFO - Sync 1 DAGs
[2024-08-18 19:44:06,841] {logging_mixin.py:115} INFO - [2024-08-18 19:44:06,841] {dag.py:2927} INFO - Setting next_dagrun for example_xcom to 2021-01-01T00:00:00+00:00, run_after=2021-01-01T00:00:00+00:00
[2024-08-18 19:44:06,855] {processor.py:161} INFO - Processing /home/kai/.local/lib/python3.8/site-packages/airflow/example_dags/example_xcom.py took 0.061 seconds
[2024-08-18 19:44:40,562] {processor.py:153} INFO - Started process (PID=14513) to work on /home/kai/.local/lib/python3.8/site-packages/airflow/example_dags/example_xcom.py
[2024-08-18 19:44:40,566] {processor.py:641} INFO - Processing file /home/kai/.local/lib/python3.8/site-packages/airflow/example_dags/example_xcom.py for tasks to queue
[2024-08-18 19:44:40,567] {logging_mixin.py:115} INFO - [2024-08-18 19:44:40,566] {dagbag.py:507} INFO - Filling up the DagBag from /home/kai/.local/lib/python3.8/site-packages/airflow/example_dags/example_xcom.py
[2024-08-18 19:44:40,592] {processor.py:651} INFO - DAG(s) dict_keys(['example_xcom']) retrieved from /home/kai/.local/lib/python3.8/site-packages/airflow/example_dags/example_xcom.py
[2024-08-18 19:44:40,611] {logging_mixin.py:115} INFO - [2024-08-18 19:44:40,611] {dag.py:2379} INFO - Sync 1 DAGs
[2024-08-18 19:44:40,626] {logging_mixin.py:115} INFO - [2024-08-18 19:44:40,626] {dag.py:2927} INFO - Setting next_dagrun for example_xcom to 2021-01-01T00:00:00+00:00, run_after=2021-01-01T00:00:00+00:00
[2024-08-18 19:44:40,639] {processor.py:161} INFO - Processing /home/kai/.local/lib/python3.8/site-packages/airflow/example_dags/example_xcom.py took 0.082 seconds
[2024-08-18 19:45:15,716] {processor.py:153} INFO - Started process (PID=14786) to work on /home/kai/.local/lib/python3.8/site-packages/airflow/example_dags/example_xcom.py
[2024-08-18 19:45:15,717] {processor.py:641} INFO - Processing file /home/kai/.local/lib/python3.8/site-packages/airflow/example_dags/example_xcom.py for tasks to queue
[2024-08-18 19:45:15,718] {logging_mixin.py:115} INFO - [2024-08-18 19:45:15,718] {dagbag.py:507} INFO - Filling up the DagBag from /home/kai/.local/lib/python3.8/site-packages/airflow/example_dags/example_xcom.py
[2024-08-18 19:45:15,735] {processor.py:651} INFO - DAG(s) dict_keys(['example_xcom']) retrieved from /home/kai/.local/lib/python3.8/site-packages/airflow/example_dags/example_xcom.py
[2024-08-18 19:45:15,750] {logging_mixin.py:115} INFO - [2024-08-18 19:45:15,750] {dag.py:2379} INFO - Sync 1 DAGs
[2024-08-18 19:45:15,767] {logging_mixin.py:115} INFO - [2024-08-18 19:45:15,766] {dag.py:2927} INFO - Setting next_dagrun for example_xcom to 2021-01-01T00:00:00+00:00, run_after=2021-01-01T00:00:00+00:00
[2024-08-18 19:45:15,782] {processor.py:161} INFO - Processing /home/kai/.local/lib/python3.8/site-packages/airflow/example_dags/example_xcom.py took 0.068 seconds
