[2024-08-18 11:49:50,128] {processor.py:153} INFO - Started process (PID=770825) to work on /home/kai/.local/lib/python3.8/site-packages/airflow/example_dags/example_branch_operator.py
[2024-08-18 11:49:50,129] {processor.py:641} INFO - Processing file /home/kai/.local/lib/python3.8/site-packages/airflow/example_dags/example_branch_operator.py for tasks to queue
[2024-08-18 11:49:50,129] {logging_mixin.py:115} INFO - [2024-08-18 11:49:50,129] {dagbag.py:507} INFO - Filling up the DagBag from /home/kai/.local/lib/python3.8/site-packages/airflow/example_dags/example_branch_operator.py
[2024-08-18 11:49:50,140] {processor.py:651} INFO - DAG(s) dict_keys(['example_branch_operator']) retrieved from /home/kai/.local/lib/python3.8/site-packages/airflow/example_dags/example_branch_operator.py
[2024-08-18 11:49:50,213] {logging_mixin.py:115} INFO - [2024-08-18 11:49:50,213] {manager.py:508} INFO - Created Permission View: can delete on DAG:example_branch_operator
[2024-08-18 11:49:50,226] {logging_mixin.py:115} INFO - [2024-08-18 11:49:50,225] {manager.py:508} INFO - Created Permission View: can read on DAG:example_branch_operator
[2024-08-18 11:49:50,233] {logging_mixin.py:115} INFO - [2024-08-18 11:49:50,232] {manager.py:508} INFO - Created Permission View: can edit on DAG:example_branch_operator
[2024-08-18 11:49:50,233] {logging_mixin.py:115} INFO - [2024-08-18 11:49:50,233] {dag.py:2379} INFO - Sync 1 DAGs
[2024-08-18 11:49:50,239] {logging_mixin.py:115} INFO - [2024-08-18 11:49:50,239] {dag.py:2398} INFO - Creating ORM DAG for example_branch_operator
[2024-08-18 11:49:50,258] {logging_mixin.py:115} INFO - [2024-08-18 11:49:50,258] {dag.py:2927} INFO - Setting next_dagrun for example_branch_operator to 2024-08-17T00:00:00+00:00, run_after=2024-08-18T00:00:00+00:00
[2024-08-18 11:49:50,272] {processor.py:161} INFO - Processing /home/kai/.local/lib/python3.8/site-packages/airflow/example_dags/example_branch_operator.py took 0.147 seconds
[2024-08-18 11:50:27,340] {processor.py:153} INFO - Started process (PID=771360) to work on /home/kai/.local/lib/python3.8/site-packages/airflow/example_dags/example_branch_operator.py
[2024-08-18 11:50:27,344] {processor.py:641} INFO - Processing file /home/kai/.local/lib/python3.8/site-packages/airflow/example_dags/example_branch_operator.py for tasks to queue
[2024-08-18 11:50:27,344] {logging_mixin.py:115} INFO - [2024-08-18 11:50:27,344] {dagbag.py:507} INFO - Filling up the DagBag from /home/kai/.local/lib/python3.8/site-packages/airflow/example_dags/example_branch_operator.py
[2024-08-18 11:50:27,364] {processor.py:651} INFO - DAG(s) dict_keys(['example_branch_operator']) retrieved from /home/kai/.local/lib/python3.8/site-packages/airflow/example_dags/example_branch_operator.py
[2024-08-18 11:50:27,382] {logging_mixin.py:115} INFO - [2024-08-18 11:50:27,382] {dag.py:2379} INFO - Sync 1 DAGs
[2024-08-18 11:50:27,413] {logging_mixin.py:115} INFO - [2024-08-18 11:50:27,413] {dag.py:2927} INFO - Setting next_dagrun for example_branch_operator to 2024-08-17T00:00:00+00:00, run_after=2024-08-18T00:00:00+00:00
[2024-08-18 11:50:27,425] {processor.py:161} INFO - Processing /home/kai/.local/lib/python3.8/site-packages/airflow/example_dags/example_branch_operator.py took 0.090 seconds
[2024-08-18 11:51:00,754] {processor.py:153} INFO - Started process (PID=771741) to work on /home/kai/.local/lib/python3.8/site-packages/airflow/example_dags/example_branch_operator.py
[2024-08-18 11:51:00,759] {processor.py:641} INFO - Processing file /home/kai/.local/lib/python3.8/site-packages/airflow/example_dags/example_branch_operator.py for tasks to queue
[2024-08-18 11:51:00,760] {logging_mixin.py:115} INFO - [2024-08-18 11:51:00,760] {dagbag.py:507} INFO - Filling up the DagBag from /home/kai/.local/lib/python3.8/site-packages/airflow/example_dags/example_branch_operator.py
[2024-08-18 11:51:00,773] {processor.py:651} INFO - DAG(s) dict_keys(['example_branch_operator']) retrieved from /home/kai/.local/lib/python3.8/site-packages/airflow/example_dags/example_branch_operator.py
[2024-08-18 11:51:00,804] {logging_mixin.py:115} INFO - [2024-08-18 11:51:00,804] {dag.py:2379} INFO - Sync 1 DAGs
[2024-08-18 11:51:00,840] {logging_mixin.py:115} INFO - [2024-08-18 11:51:00,840] {dag.py:2927} INFO - Setting next_dagrun for example_branch_operator to 2024-08-17T00:00:00+00:00, run_after=2024-08-18T00:00:00+00:00
[2024-08-18 11:51:00,862] {processor.py:161} INFO - Processing /home/kai/.local/lib/python3.8/site-packages/airflow/example_dags/example_branch_operator.py took 0.112 seconds
[2024-08-18 11:51:35,862] {processor.py:153} INFO - Started process (PID=772143) to work on /home/kai/.local/lib/python3.8/site-packages/airflow/example_dags/example_branch_operator.py
[2024-08-18 11:51:35,863] {processor.py:641} INFO - Processing file /home/kai/.local/lib/python3.8/site-packages/airflow/example_dags/example_branch_operator.py for tasks to queue
[2024-08-18 11:51:35,864] {logging_mixin.py:115} INFO - [2024-08-18 11:51:35,864] {dagbag.py:507} INFO - Filling up the DagBag from /home/kai/.local/lib/python3.8/site-packages/airflow/example_dags/example_branch_operator.py
[2024-08-18 11:51:35,882] {processor.py:651} INFO - DAG(s) dict_keys(['example_branch_operator']) retrieved from /home/kai/.local/lib/python3.8/site-packages/airflow/example_dags/example_branch_operator.py
[2024-08-18 11:51:35,906] {logging_mixin.py:115} INFO - [2024-08-18 11:51:35,906] {dag.py:2379} INFO - Sync 1 DAGs
[2024-08-18 11:51:35,931] {logging_mixin.py:115} INFO - [2024-08-18 11:51:35,930] {dag.py:2927} INFO - Setting next_dagrun for example_branch_operator to 2024-08-17T00:00:00+00:00, run_after=2024-08-18T00:00:00+00:00
[2024-08-18 11:51:35,946] {processor.py:161} INFO - Processing /home/kai/.local/lib/python3.8/site-packages/airflow/example_dags/example_branch_operator.py took 0.087 seconds
[2024-08-18 11:52:10,561] {processor.py:153} INFO - Started process (PID=772873) to work on /home/kai/.local/lib/python3.8/site-packages/airflow/example_dags/example_branch_operator.py
[2024-08-18 11:52:10,562] {processor.py:641} INFO - Processing file /home/kai/.local/lib/python3.8/site-packages/airflow/example_dags/example_branch_operator.py for tasks to queue
[2024-08-18 11:52:10,562] {logging_mixin.py:115} INFO - [2024-08-18 11:52:10,562] {dagbag.py:507} INFO - Filling up the DagBag from /home/kai/.local/lib/python3.8/site-packages/airflow/example_dags/example_branch_operator.py
[2024-08-18 11:52:10,580] {processor.py:651} INFO - DAG(s) dict_keys(['example_branch_operator']) retrieved from /home/kai/.local/lib/python3.8/site-packages/airflow/example_dags/example_branch_operator.py
[2024-08-18 11:52:10,601] {logging_mixin.py:115} INFO - [2024-08-18 11:52:10,601] {dag.py:2379} INFO - Sync 1 DAGs
[2024-08-18 11:52:10,628] {logging_mixin.py:115} INFO - [2024-08-18 11:52:10,627] {dag.py:2927} INFO - Setting next_dagrun for example_branch_operator to 2024-08-17T00:00:00+00:00, run_after=2024-08-18T00:00:00+00:00
[2024-08-18 11:52:10,644] {processor.py:161} INFO - Processing /home/kai/.local/lib/python3.8/site-packages/airflow/example_dags/example_branch_operator.py took 0.092 seconds
[2024-08-18 11:52:41,097] {processor.py:153} INFO - Started process (PID=773248) to work on /home/kai/.local/lib/python3.8/site-packages/airflow/example_dags/example_branch_operator.py
[2024-08-18 11:52:41,098] {processor.py:641} INFO - Processing file /home/kai/.local/lib/python3.8/site-packages/airflow/example_dags/example_branch_operator.py for tasks to queue
[2024-08-18 11:52:41,099] {logging_mixin.py:115} INFO - [2024-08-18 11:52:41,098] {dagbag.py:507} INFO - Filling up the DagBag from /home/kai/.local/lib/python3.8/site-packages/airflow/example_dags/example_branch_operator.py
[2024-08-18 11:52:41,117] {processor.py:651} INFO - DAG(s) dict_keys(['example_branch_operator']) retrieved from /home/kai/.local/lib/python3.8/site-packages/airflow/example_dags/example_branch_operator.py
[2024-08-18 11:52:41,157] {logging_mixin.py:115} INFO - [2024-08-18 11:52:41,157] {dag.py:2379} INFO - Sync 1 DAGs
[2024-08-18 11:52:41,205] {logging_mixin.py:115} INFO - [2024-08-18 11:52:41,204] {dag.py:2927} INFO - Setting next_dagrun for example_branch_operator to 2024-08-17T00:00:00+00:00, run_after=2024-08-18T00:00:00+00:00
[2024-08-18 11:52:41,234] {processor.py:161} INFO - Processing /home/kai/.local/lib/python3.8/site-packages/airflow/example_dags/example_branch_operator.py took 0.146 seconds
[2024-08-18 11:53:14,314] {processor.py:153} INFO - Started process (PID=773622) to work on /home/kai/.local/lib/python3.8/site-packages/airflow/example_dags/example_branch_operator.py
[2024-08-18 11:53:14,316] {processor.py:641} INFO - Processing file /home/kai/.local/lib/python3.8/site-packages/airflow/example_dags/example_branch_operator.py for tasks to queue
[2024-08-18 11:53:14,317] {logging_mixin.py:115} INFO - [2024-08-18 11:53:14,316] {dagbag.py:507} INFO - Filling up the DagBag from /home/kai/.local/lib/python3.8/site-packages/airflow/example_dags/example_branch_operator.py
[2024-08-18 11:53:14,332] {processor.py:651} INFO - DAG(s) dict_keys(['example_branch_operator']) retrieved from /home/kai/.local/lib/python3.8/site-packages/airflow/example_dags/example_branch_operator.py
[2024-08-18 11:53:14,350] {logging_mixin.py:115} INFO - [2024-08-18 11:53:14,350] {dag.py:2379} INFO - Sync 1 DAGs
[2024-08-18 11:53:14,375] {logging_mixin.py:115} INFO - [2024-08-18 11:53:14,375] {dag.py:2927} INFO - Setting next_dagrun for example_branch_operator to 2024-08-17T00:00:00+00:00, run_after=2024-08-18T00:00:00+00:00
[2024-08-18 11:53:14,388] {processor.py:161} INFO - Processing /home/kai/.local/lib/python3.8/site-packages/airflow/example_dags/example_branch_operator.py took 0.078 seconds
[2024-08-18 11:53:46,552] {processor.py:153} INFO - Started process (PID=774014) to work on /home/kai/.local/lib/python3.8/site-packages/airflow/example_dags/example_branch_operator.py
[2024-08-18 11:53:46,553] {processor.py:641} INFO - Processing file /home/kai/.local/lib/python3.8/site-packages/airflow/example_dags/example_branch_operator.py for tasks to queue
[2024-08-18 11:53:46,553] {logging_mixin.py:115} INFO - [2024-08-18 11:53:46,553] {dagbag.py:507} INFO - Filling up the DagBag from /home/kai/.local/lib/python3.8/site-packages/airflow/example_dags/example_branch_operator.py
[2024-08-18 11:53:46,566] {processor.py:651} INFO - DAG(s) dict_keys(['example_branch_operator']) retrieved from /home/kai/.local/lib/python3.8/site-packages/airflow/example_dags/example_branch_operator.py
[2024-08-18 11:53:46,582] {logging_mixin.py:115} INFO - [2024-08-18 11:53:46,582] {dag.py:2379} INFO - Sync 1 DAGs
[2024-08-18 11:53:46,612] {logging_mixin.py:115} INFO - [2024-08-18 11:53:46,612] {dag.py:2927} INFO - Setting next_dagrun for example_branch_operator to 2024-08-17T00:00:00+00:00, run_after=2024-08-18T00:00:00+00:00
[2024-08-18 11:53:46,632] {processor.py:161} INFO - Processing /home/kai/.local/lib/python3.8/site-packages/airflow/example_dags/example_branch_operator.py took 0.083 seconds
[2024-08-18 11:54:20,661] {processor.py:153} INFO - Started process (PID=774406) to work on /home/kai/.local/lib/python3.8/site-packages/airflow/example_dags/example_branch_operator.py
[2024-08-18 11:54:20,661] {processor.py:641} INFO - Processing file /home/kai/.local/lib/python3.8/site-packages/airflow/example_dags/example_branch_operator.py for tasks to queue
[2024-08-18 11:54:20,662] {logging_mixin.py:115} INFO - [2024-08-18 11:54:20,662] {dagbag.py:507} INFO - Filling up the DagBag from /home/kai/.local/lib/python3.8/site-packages/airflow/example_dags/example_branch_operator.py
[2024-08-18 11:54:20,677] {processor.py:651} INFO - DAG(s) dict_keys(['example_branch_operator']) retrieved from /home/kai/.local/lib/python3.8/site-packages/airflow/example_dags/example_branch_operator.py
[2024-08-18 11:54:20,697] {logging_mixin.py:115} INFO - [2024-08-18 11:54:20,697] {dag.py:2379} INFO - Sync 1 DAGs
[2024-08-18 11:54:20,722] {logging_mixin.py:115} INFO - [2024-08-18 11:54:20,722] {dag.py:2927} INFO - Setting next_dagrun for example_branch_operator to 2024-08-17T00:00:00+00:00, run_after=2024-08-18T00:00:00+00:00
[2024-08-18 11:54:20,735] {processor.py:161} INFO - Processing /home/kai/.local/lib/python3.8/site-packages/airflow/example_dags/example_branch_operator.py took 0.077 seconds
[2024-08-18 11:54:53,665] {processor.py:153} INFO - Started process (PID=774833) to work on /home/kai/.local/lib/python3.8/site-packages/airflow/example_dags/example_branch_operator.py
[2024-08-18 11:54:53,668] {processor.py:641} INFO - Processing file /home/kai/.local/lib/python3.8/site-packages/airflow/example_dags/example_branch_operator.py for tasks to queue
[2024-08-18 11:54:53,669] {logging_mixin.py:115} INFO - [2024-08-18 11:54:53,669] {dagbag.py:507} INFO - Filling up the DagBag from /home/kai/.local/lib/python3.8/site-packages/airflow/example_dags/example_branch_operator.py
[2024-08-18 11:54:53,689] {processor.py:651} INFO - DAG(s) dict_keys(['example_branch_operator']) retrieved from /home/kai/.local/lib/python3.8/site-packages/airflow/example_dags/example_branch_operator.py
[2024-08-18 11:54:53,707] {logging_mixin.py:115} INFO - [2024-08-18 11:54:53,707] {dag.py:2379} INFO - Sync 1 DAGs
[2024-08-18 11:54:53,724] {logging_mixin.py:115} INFO - [2024-08-18 11:54:53,724] {dag.py:2927} INFO - Setting next_dagrun for example_branch_operator to 2024-08-17T00:00:00+00:00, run_after=2024-08-18T00:00:00+00:00
[2024-08-18 11:54:53,736] {processor.py:161} INFO - Processing /home/kai/.local/lib/python3.8/site-packages/airflow/example_dags/example_branch_operator.py took 0.075 seconds
[2024-08-18 11:55:28,349] {processor.py:153} INFO - Started process (PID=775230) to work on /home/kai/.local/lib/python3.8/site-packages/airflow/example_dags/example_branch_operator.py
[2024-08-18 11:55:28,350] {processor.py:641} INFO - Processing file /home/kai/.local/lib/python3.8/site-packages/airflow/example_dags/example_branch_operator.py for tasks to queue
[2024-08-18 11:55:28,350] {logging_mixin.py:115} INFO - [2024-08-18 11:55:28,350] {dagbag.py:507} INFO - Filling up the DagBag from /home/kai/.local/lib/python3.8/site-packages/airflow/example_dags/example_branch_operator.py
[2024-08-18 11:55:28,361] {processor.py:651} INFO - DAG(s) dict_keys(['example_branch_operator']) retrieved from /home/kai/.local/lib/python3.8/site-packages/airflow/example_dags/example_branch_operator.py
[2024-08-18 11:55:28,381] {logging_mixin.py:115} INFO - [2024-08-18 11:55:28,380] {dag.py:2379} INFO - Sync 1 DAGs
[2024-08-18 11:55:28,405] {logging_mixin.py:115} INFO - [2024-08-18 11:55:28,405] {dag.py:2927} INFO - Setting next_dagrun for example_branch_operator to 2024-08-17T00:00:00+00:00, run_after=2024-08-18T00:00:00+00:00
[2024-08-18 11:55:28,418] {processor.py:161} INFO - Processing /home/kai/.local/lib/python3.8/site-packages/airflow/example_dags/example_branch_operator.py took 0.071 seconds
[2024-08-18 11:56:03,708] {processor.py:153} INFO - Started process (PID=775649) to work on /home/kai/.local/lib/python3.8/site-packages/airflow/example_dags/example_branch_operator.py
[2024-08-18 11:56:03,711] {processor.py:641} INFO - Processing file /home/kai/.local/lib/python3.8/site-packages/airflow/example_dags/example_branch_operator.py for tasks to queue
[2024-08-18 11:56:03,711] {logging_mixin.py:115} INFO - [2024-08-18 11:56:03,711] {dagbag.py:507} INFO - Filling up the DagBag from /home/kai/.local/lib/python3.8/site-packages/airflow/example_dags/example_branch_operator.py
[2024-08-18 11:56:03,733] {processor.py:651} INFO - DAG(s) dict_keys(['example_branch_operator']) retrieved from /home/kai/.local/lib/python3.8/site-packages/airflow/example_dags/example_branch_operator.py
[2024-08-18 11:56:03,761] {logging_mixin.py:115} INFO - [2024-08-18 11:56:03,761] {dag.py:2379} INFO - Sync 1 DAGs
[2024-08-18 11:56:03,790] {logging_mixin.py:115} INFO - [2024-08-18 11:56:03,790] {dag.py:2927} INFO - Setting next_dagrun for example_branch_operator to 2024-08-17T00:00:00+00:00, run_after=2024-08-18T00:00:00+00:00
[2024-08-18 11:56:03,818] {processor.py:161} INFO - Processing /home/kai/.local/lib/python3.8/site-packages/airflow/example_dags/example_branch_operator.py took 0.112 seconds
[2024-08-18 11:56:39,431] {processor.py:153} INFO - Started process (PID=776046) to work on /home/kai/.local/lib/python3.8/site-packages/airflow/example_dags/example_branch_operator.py
[2024-08-18 11:56:39,445] {processor.py:641} INFO - Processing file /home/kai/.local/lib/python3.8/site-packages/airflow/example_dags/example_branch_operator.py for tasks to queue
[2024-08-18 11:56:39,448] {logging_mixin.py:115} INFO - [2024-08-18 11:56:39,446] {dagbag.py:507} INFO - Filling up the DagBag from /home/kai/.local/lib/python3.8/site-packages/airflow/example_dags/example_branch_operator.py
[2024-08-18 11:56:39,468] {processor.py:651} INFO - DAG(s) dict_keys(['example_branch_operator']) retrieved from /home/kai/.local/lib/python3.8/site-packages/airflow/example_dags/example_branch_operator.py
[2024-08-18 11:56:39,504] {logging_mixin.py:115} INFO - [2024-08-18 11:56:39,504] {dag.py:2379} INFO - Sync 1 DAGs
[2024-08-18 11:56:39,548] {logging_mixin.py:115} INFO - [2024-08-18 11:56:39,548] {dag.py:2927} INFO - Setting next_dagrun for example_branch_operator to 2024-08-17T00:00:00+00:00, run_after=2024-08-18T00:00:00+00:00
[2024-08-18 11:56:39,576] {processor.py:161} INFO - Processing /home/kai/.local/lib/python3.8/site-packages/airflow/example_dags/example_branch_operator.py took 0.151 seconds
[2024-08-18 11:57:13,945] {processor.py:153} INFO - Started process (PID=776437) to work on /home/kai/.local/lib/python3.8/site-packages/airflow/example_dags/example_branch_operator.py
[2024-08-18 11:57:13,949] {processor.py:641} INFO - Processing file /home/kai/.local/lib/python3.8/site-packages/airflow/example_dags/example_branch_operator.py for tasks to queue
[2024-08-18 11:57:13,949] {logging_mixin.py:115} INFO - [2024-08-18 11:57:13,949] {dagbag.py:507} INFO - Filling up the DagBag from /home/kai/.local/lib/python3.8/site-packages/airflow/example_dags/example_branch_operator.py
[2024-08-18 11:57:13,978] {processor.py:651} INFO - DAG(s) dict_keys(['example_branch_operator']) retrieved from /home/kai/.local/lib/python3.8/site-packages/airflow/example_dags/example_branch_operator.py
[2024-08-18 11:57:14,028] {logging_mixin.py:115} INFO - [2024-08-18 11:57:14,027] {dag.py:2379} INFO - Sync 1 DAGs
[2024-08-18 11:57:14,077] {logging_mixin.py:115} INFO - [2024-08-18 11:57:14,077] {dag.py:2927} INFO - Setting next_dagrun for example_branch_operator to 2024-08-17T00:00:00+00:00, run_after=2024-08-18T00:00:00+00:00
[2024-08-18 11:57:14,108] {processor.py:161} INFO - Processing /home/kai/.local/lib/python3.8/site-packages/airflow/example_dags/example_branch_operator.py took 0.167 seconds
[2024-08-18 11:57:47,004] {processor.py:153} INFO - Started process (PID=776804) to work on /home/kai/.local/lib/python3.8/site-packages/airflow/example_dags/example_branch_operator.py
[2024-08-18 11:57:47,009] {processor.py:641} INFO - Processing file /home/kai/.local/lib/python3.8/site-packages/airflow/example_dags/example_branch_operator.py for tasks to queue
[2024-08-18 11:57:47,010] {logging_mixin.py:115} INFO - [2024-08-18 11:57:47,010] {dagbag.py:507} INFO - Filling up the DagBag from /home/kai/.local/lib/python3.8/site-packages/airflow/example_dags/example_branch_operator.py
[2024-08-18 11:57:47,054] {processor.py:651} INFO - DAG(s) dict_keys(['example_branch_operator']) retrieved from /home/kai/.local/lib/python3.8/site-packages/airflow/example_dags/example_branch_operator.py
[2024-08-18 11:57:47,092] {logging_mixin.py:115} INFO - [2024-08-18 11:57:47,092] {dag.py:2379} INFO - Sync 1 DAGs
[2024-08-18 11:57:47,126] {logging_mixin.py:115} INFO - [2024-08-18 11:57:47,126] {dag.py:2927} INFO - Setting next_dagrun for example_branch_operator to 2024-08-17T00:00:00+00:00, run_after=2024-08-18T00:00:00+00:00
[2024-08-18 11:57:47,139] {processor.py:161} INFO - Processing /home/kai/.local/lib/python3.8/site-packages/airflow/example_dags/example_branch_operator.py took 0.144 seconds
[2024-08-18 11:58:24,537] {processor.py:153} INFO - Started process (PID=777215) to work on /home/kai/.local/lib/python3.8/site-packages/airflow/example_dags/example_branch_operator.py
[2024-08-18 11:58:24,541] {processor.py:641} INFO - Processing file /home/kai/.local/lib/python3.8/site-packages/airflow/example_dags/example_branch_operator.py for tasks to queue
[2024-08-18 11:58:24,545] {logging_mixin.py:115} INFO - [2024-08-18 11:58:24,544] {dagbag.py:507} INFO - Filling up the DagBag from /home/kai/.local/lib/python3.8/site-packages/airflow/example_dags/example_branch_operator.py
[2024-08-18 11:58:24,564] {processor.py:651} INFO - DAG(s) dict_keys(['example_branch_operator']) retrieved from /home/kai/.local/lib/python3.8/site-packages/airflow/example_dags/example_branch_operator.py
[2024-08-18 11:58:24,591] {logging_mixin.py:115} INFO - [2024-08-18 11:58:24,591] {dag.py:2379} INFO - Sync 1 DAGs
[2024-08-18 11:58:24,621] {logging_mixin.py:115} INFO - [2024-08-18 11:58:24,621] {dag.py:2927} INFO - Setting next_dagrun for example_branch_operator to 2024-08-17T00:00:00+00:00, run_after=2024-08-18T00:00:00+00:00
[2024-08-18 11:58:24,647] {processor.py:161} INFO - Processing /home/kai/.local/lib/python3.8/site-packages/airflow/example_dags/example_branch_operator.py took 0.116 seconds
[2024-08-18 11:59:02,115] {processor.py:153} INFO - Started process (PID=777671) to work on /home/kai/.local/lib/python3.8/site-packages/airflow/example_dags/example_branch_operator.py
[2024-08-18 11:59:02,116] {processor.py:641} INFO - Processing file /home/kai/.local/lib/python3.8/site-packages/airflow/example_dags/example_branch_operator.py for tasks to queue
[2024-08-18 11:59:02,116] {logging_mixin.py:115} INFO - [2024-08-18 11:59:02,116] {dagbag.py:507} INFO - Filling up the DagBag from /home/kai/.local/lib/python3.8/site-packages/airflow/example_dags/example_branch_operator.py
[2024-08-18 11:59:02,135] {processor.py:651} INFO - DAG(s) dict_keys(['example_branch_operator']) retrieved from /home/kai/.local/lib/python3.8/site-packages/airflow/example_dags/example_branch_operator.py
[2024-08-18 11:59:02,160] {logging_mixin.py:115} INFO - [2024-08-18 11:59:02,160] {dag.py:2379} INFO - Sync 1 DAGs
[2024-08-18 11:59:02,181] {logging_mixin.py:115} INFO - [2024-08-18 11:59:02,180] {dag.py:2927} INFO - Setting next_dagrun for example_branch_operator to 2024-08-17T00:00:00+00:00, run_after=2024-08-18T00:00:00+00:00
[2024-08-18 11:59:02,196] {processor.py:161} INFO - Processing /home/kai/.local/lib/python3.8/site-packages/airflow/example_dags/example_branch_operator.py took 0.085 seconds
[2024-08-18 11:59:38,084] {processor.py:153} INFO - Started process (PID=778058) to work on /home/kai/.local/lib/python3.8/site-packages/airflow/example_dags/example_branch_operator.py
[2024-08-18 11:59:38,091] {processor.py:641} INFO - Processing file /home/kai/.local/lib/python3.8/site-packages/airflow/example_dags/example_branch_operator.py for tasks to queue
[2024-08-18 11:59:38,091] {logging_mixin.py:115} INFO - [2024-08-18 11:59:38,091] {dagbag.py:507} INFO - Filling up the DagBag from /home/kai/.local/lib/python3.8/site-packages/airflow/example_dags/example_branch_operator.py
[2024-08-18 11:59:38,108] {processor.py:651} INFO - DAG(s) dict_keys(['example_branch_operator']) retrieved from /home/kai/.local/lib/python3.8/site-packages/airflow/example_dags/example_branch_operator.py
[2024-08-18 11:59:38,132] {logging_mixin.py:115} INFO - [2024-08-18 11:59:38,132] {dag.py:2379} INFO - Sync 1 DAGs
[2024-08-18 11:59:38,156] {logging_mixin.py:115} INFO - [2024-08-18 11:59:38,156] {dag.py:2927} INFO - Setting next_dagrun for example_branch_operator to 2024-08-17T00:00:00+00:00, run_after=2024-08-18T00:00:00+00:00
[2024-08-18 11:59:38,176] {processor.py:161} INFO - Processing /home/kai/.local/lib/python3.8/site-packages/airflow/example_dags/example_branch_operator.py took 0.096 seconds
[2024-08-18 12:02:28,089] {processor.py:153} INFO - Started process (PID=3464) to work on /home/kai/.local/lib/python3.8/site-packages/airflow/example_dags/example_branch_operator.py
[2024-08-18 12:02:28,111] {processor.py:641} INFO - Processing file /home/kai/.local/lib/python3.8/site-packages/airflow/example_dags/example_branch_operator.py for tasks to queue
[2024-08-18 12:02:28,111] {logging_mixin.py:115} INFO - [2024-08-18 12:02:28,111] {dagbag.py:507} INFO - Filling up the DagBag from /home/kai/.local/lib/python3.8/site-packages/airflow/example_dags/example_branch_operator.py
[2024-08-18 12:02:28,136] {processor.py:651} INFO - DAG(s) dict_keys(['example_branch_operator']) retrieved from /home/kai/.local/lib/python3.8/site-packages/airflow/example_dags/example_branch_operator.py
[2024-08-18 12:02:28,190] {logging_mixin.py:115} INFO - [2024-08-18 12:02:28,190] {dag.py:2379} INFO - Sync 1 DAGs
[2024-08-18 12:02:28,228] {logging_mixin.py:115} INFO - [2024-08-18 12:02:28,228] {dag.py:2927} INFO - Setting next_dagrun for example_branch_operator to 2024-08-17T00:00:00+00:00, run_after=2024-08-18T00:00:00+00:00
[2024-08-18 12:02:28,250] {processor.py:161} INFO - Processing /home/kai/.local/lib/python3.8/site-packages/airflow/example_dags/example_branch_operator.py took 0.167 seconds
[2024-08-18 12:02:54,214] {processor.py:153} INFO - Started process (PID=3805) to work on /home/kai/.local/lib/python3.8/site-packages/airflow/example_dags/example_branch_operator.py
[2024-08-18 12:02:54,215] {processor.py:641} INFO - Processing file /home/kai/.local/lib/python3.8/site-packages/airflow/example_dags/example_branch_operator.py for tasks to queue
[2024-08-18 12:02:54,216] {logging_mixin.py:115} INFO - [2024-08-18 12:02:54,216] {dagbag.py:507} INFO - Filling up the DagBag from /home/kai/.local/lib/python3.8/site-packages/airflow/example_dags/example_branch_operator.py
[2024-08-18 12:02:54,228] {processor.py:651} INFO - DAG(s) dict_keys(['example_branch_operator']) retrieved from /home/kai/.local/lib/python3.8/site-packages/airflow/example_dags/example_branch_operator.py
[2024-08-18 12:02:54,300] {logging_mixin.py:115} INFO - [2024-08-18 12:02:54,300] {dag.py:2379} INFO - Sync 1 DAGs
[2024-08-18 12:02:54,346] {logging_mixin.py:115} INFO - [2024-08-18 12:02:54,346] {dag.py:2927} INFO - Setting next_dagrun for example_branch_operator to 2024-08-17T00:00:00+00:00, run_after=2024-08-18T00:00:00+00:00
[2024-08-18 12:02:54,360] {processor.py:161} INFO - Processing /home/kai/.local/lib/python3.8/site-packages/airflow/example_dags/example_branch_operator.py took 0.161 seconds
[2024-08-18 12:03:30,947] {processor.py:153} INFO - Started process (PID=4573) to work on /home/kai/.local/lib/python3.8/site-packages/airflow/example_dags/example_branch_operator.py
[2024-08-18 12:03:30,948] {processor.py:641} INFO - Processing file /home/kai/.local/lib/python3.8/site-packages/airflow/example_dags/example_branch_operator.py for tasks to queue
[2024-08-18 12:03:30,948] {logging_mixin.py:115} INFO - [2024-08-18 12:03:30,948] {dagbag.py:507} INFO - Filling up the DagBag from /home/kai/.local/lib/python3.8/site-packages/airflow/example_dags/example_branch_operator.py
[2024-08-18 12:03:30,957] {processor.py:651} INFO - DAG(s) dict_keys(['example_branch_operator']) retrieved from /home/kai/.local/lib/python3.8/site-packages/airflow/example_dags/example_branch_operator.py
[2024-08-18 12:03:30,969] {logging_mixin.py:115} INFO - [2024-08-18 12:03:30,969] {dag.py:2379} INFO - Sync 1 DAGs
[2024-08-18 12:03:30,984] {logging_mixin.py:115} INFO - [2024-08-18 12:03:30,984] {dag.py:2927} INFO - Setting next_dagrun for example_branch_operator to 2024-08-17T00:00:00+00:00, run_after=2024-08-18T00:00:00+00:00
[2024-08-18 12:03:30,994] {processor.py:161} INFO - Processing /home/kai/.local/lib/python3.8/site-packages/airflow/example_dags/example_branch_operator.py took 0.049 seconds
[2024-08-18 12:04:04,954] {processor.py:153} INFO - Started process (PID=4900) to work on /home/kai/.local/lib/python3.8/site-packages/airflow/example_dags/example_branch_operator.py
[2024-08-18 12:04:04,954] {processor.py:641} INFO - Processing file /home/kai/.local/lib/python3.8/site-packages/airflow/example_dags/example_branch_operator.py for tasks to queue
[2024-08-18 12:04:04,955] {logging_mixin.py:115} INFO - [2024-08-18 12:04:04,955] {dagbag.py:507} INFO - Filling up the DagBag from /home/kai/.local/lib/python3.8/site-packages/airflow/example_dags/example_branch_operator.py
[2024-08-18 12:04:04,965] {processor.py:651} INFO - DAG(s) dict_keys(['example_branch_operator']) retrieved from /home/kai/.local/lib/python3.8/site-packages/airflow/example_dags/example_branch_operator.py
[2024-08-18 12:04:04,980] {logging_mixin.py:115} INFO - [2024-08-18 12:04:04,980] {dag.py:2379} INFO - Sync 1 DAGs
[2024-08-18 12:04:04,995] {logging_mixin.py:115} INFO - [2024-08-18 12:04:04,995] {dag.py:2927} INFO - Setting next_dagrun for example_branch_operator to 2024-08-17T00:00:00+00:00, run_after=2024-08-18T00:00:00+00:00
[2024-08-18 12:04:05,005] {processor.py:161} INFO - Processing /home/kai/.local/lib/python3.8/site-packages/airflow/example_dags/example_branch_operator.py took 0.054 seconds
[2024-08-18 12:04:38,640] {processor.py:153} INFO - Started process (PID=5074) to work on /home/kai/.local/lib/python3.8/site-packages/airflow/example_dags/example_branch_operator.py
[2024-08-18 12:04:38,641] {processor.py:641} INFO - Processing file /home/kai/.local/lib/python3.8/site-packages/airflow/example_dags/example_branch_operator.py for tasks to queue
[2024-08-18 12:04:38,642] {logging_mixin.py:115} INFO - [2024-08-18 12:04:38,642] {dagbag.py:507} INFO - Filling up the DagBag from /home/kai/.local/lib/python3.8/site-packages/airflow/example_dags/example_branch_operator.py
[2024-08-18 12:04:38,652] {processor.py:651} INFO - DAG(s) dict_keys(['example_branch_operator']) retrieved from /home/kai/.local/lib/python3.8/site-packages/airflow/example_dags/example_branch_operator.py
[2024-08-18 12:04:38,668] {logging_mixin.py:115} INFO - [2024-08-18 12:04:38,667] {dag.py:2379} INFO - Sync 1 DAGs
[2024-08-18 12:04:38,683] {logging_mixin.py:115} INFO - [2024-08-18 12:04:38,683] {dag.py:2927} INFO - Setting next_dagrun for example_branch_operator to 2024-08-17T00:00:00+00:00, run_after=2024-08-18T00:00:00+00:00
[2024-08-18 12:04:38,693] {processor.py:161} INFO - Processing /home/kai/.local/lib/python3.8/site-packages/airflow/example_dags/example_branch_operator.py took 0.055 seconds
[2024-08-18 12:05:11,167] {processor.py:153} INFO - Started process (PID=5245) to work on /home/kai/.local/lib/python3.8/site-packages/airflow/example_dags/example_branch_operator.py
[2024-08-18 12:05:11,168] {processor.py:641} INFO - Processing file /home/kai/.local/lib/python3.8/site-packages/airflow/example_dags/example_branch_operator.py for tasks to queue
[2024-08-18 12:05:11,168] {logging_mixin.py:115} INFO - [2024-08-18 12:05:11,168] {dagbag.py:507} INFO - Filling up the DagBag from /home/kai/.local/lib/python3.8/site-packages/airflow/example_dags/example_branch_operator.py
[2024-08-18 12:05:11,178] {processor.py:651} INFO - DAG(s) dict_keys(['example_branch_operator']) retrieved from /home/kai/.local/lib/python3.8/site-packages/airflow/example_dags/example_branch_operator.py
[2024-08-18 12:05:11,193] {logging_mixin.py:115} INFO - [2024-08-18 12:05:11,193] {dag.py:2379} INFO - Sync 1 DAGs
[2024-08-18 12:05:11,210] {logging_mixin.py:115} INFO - [2024-08-18 12:05:11,210] {dag.py:2927} INFO - Setting next_dagrun for example_branch_operator to 2024-08-17T00:00:00+00:00, run_after=2024-08-18T00:00:00+00:00
[2024-08-18 12:05:11,222] {processor.py:161} INFO - Processing /home/kai/.local/lib/python3.8/site-packages/airflow/example_dags/example_branch_operator.py took 0.059 seconds
[2024-08-18 12:05:42,829] {processor.py:153} INFO - Started process (PID=5410) to work on /home/kai/.local/lib/python3.8/site-packages/airflow/example_dags/example_branch_operator.py
[2024-08-18 12:05:42,830] {processor.py:641} INFO - Processing file /home/kai/.local/lib/python3.8/site-packages/airflow/example_dags/example_branch_operator.py for tasks to queue
[2024-08-18 12:05:42,830] {logging_mixin.py:115} INFO - [2024-08-18 12:05:42,830] {dagbag.py:507} INFO - Filling up the DagBag from /home/kai/.local/lib/python3.8/site-packages/airflow/example_dags/example_branch_operator.py
[2024-08-18 12:05:42,840] {processor.py:651} INFO - DAG(s) dict_keys(['example_branch_operator']) retrieved from /home/kai/.local/lib/python3.8/site-packages/airflow/example_dags/example_branch_operator.py
[2024-08-18 12:05:42,857] {logging_mixin.py:115} INFO - [2024-08-18 12:05:42,857] {dag.py:2379} INFO - Sync 1 DAGs
[2024-08-18 12:05:42,875] {logging_mixin.py:115} INFO - [2024-08-18 12:05:42,875] {dag.py:2927} INFO - Setting next_dagrun for example_branch_operator to 2024-08-17T00:00:00+00:00, run_after=2024-08-18T00:00:00+00:00
[2024-08-18 12:05:42,887] {processor.py:161} INFO - Processing /home/kai/.local/lib/python3.8/site-packages/airflow/example_dags/example_branch_operator.py took 0.060 seconds
[2024-08-18 12:06:15,112] {processor.py:153} INFO - Started process (PID=5585) to work on /home/kai/.local/lib/python3.8/site-packages/airflow/example_dags/example_branch_operator.py
[2024-08-18 12:06:15,113] {processor.py:641} INFO - Processing file /home/kai/.local/lib/python3.8/site-packages/airflow/example_dags/example_branch_operator.py for tasks to queue
[2024-08-18 12:06:15,113] {logging_mixin.py:115} INFO - [2024-08-18 12:06:15,113] {dagbag.py:507} INFO - Filling up the DagBag from /home/kai/.local/lib/python3.8/site-packages/airflow/example_dags/example_branch_operator.py
[2024-08-18 12:06:15,124] {processor.py:651} INFO - DAG(s) dict_keys(['example_branch_operator']) retrieved from /home/kai/.local/lib/python3.8/site-packages/airflow/example_dags/example_branch_operator.py
[2024-08-18 12:06:15,138] {logging_mixin.py:115} INFO - [2024-08-18 12:06:15,138] {dag.py:2379} INFO - Sync 1 DAGs
[2024-08-18 12:06:15,154] {logging_mixin.py:115} INFO - [2024-08-18 12:06:15,153] {dag.py:2927} INFO - Setting next_dagrun for example_branch_operator to 2024-08-17T00:00:00+00:00, run_after=2024-08-18T00:00:00+00:00
[2024-08-18 12:06:15,163] {processor.py:161} INFO - Processing /home/kai/.local/lib/python3.8/site-packages/airflow/example_dags/example_branch_operator.py took 0.055 seconds
[2024-08-18 12:06:48,214] {processor.py:153} INFO - Started process (PID=5753) to work on /home/kai/.local/lib/python3.8/site-packages/airflow/example_dags/example_branch_operator.py
[2024-08-18 12:06:48,215] {processor.py:641} INFO - Processing file /home/kai/.local/lib/python3.8/site-packages/airflow/example_dags/example_branch_operator.py for tasks to queue
[2024-08-18 12:06:48,215] {logging_mixin.py:115} INFO - [2024-08-18 12:06:48,215] {dagbag.py:507} INFO - Filling up the DagBag from /home/kai/.local/lib/python3.8/site-packages/airflow/example_dags/example_branch_operator.py
[2024-08-18 12:06:48,225] {processor.py:651} INFO - DAG(s) dict_keys(['example_branch_operator']) retrieved from /home/kai/.local/lib/python3.8/site-packages/airflow/example_dags/example_branch_operator.py
[2024-08-18 12:06:48,239] {logging_mixin.py:115} INFO - [2024-08-18 12:06:48,239] {dag.py:2379} INFO - Sync 1 DAGs
[2024-08-18 12:06:48,254] {logging_mixin.py:115} INFO - [2024-08-18 12:06:48,254] {dag.py:2927} INFO - Setting next_dagrun for example_branch_operator to 2024-08-17T00:00:00+00:00, run_after=2024-08-18T00:00:00+00:00
[2024-08-18 12:06:48,263] {processor.py:161} INFO - Processing /home/kai/.local/lib/python3.8/site-packages/airflow/example_dags/example_branch_operator.py took 0.052 seconds
[2024-08-18 12:07:20,075] {processor.py:153} INFO - Started process (PID=5918) to work on /home/kai/.local/lib/python3.8/site-packages/airflow/example_dags/example_branch_operator.py
[2024-08-18 12:07:20,076] {processor.py:641} INFO - Processing file /home/kai/.local/lib/python3.8/site-packages/airflow/example_dags/example_branch_operator.py for tasks to queue
[2024-08-18 12:07:20,076] {logging_mixin.py:115} INFO - [2024-08-18 12:07:20,076] {dagbag.py:507} INFO - Filling up the DagBag from /home/kai/.local/lib/python3.8/site-packages/airflow/example_dags/example_branch_operator.py
[2024-08-18 12:07:20,093] {processor.py:651} INFO - DAG(s) dict_keys(['example_branch_operator']) retrieved from /home/kai/.local/lib/python3.8/site-packages/airflow/example_dags/example_branch_operator.py
[2024-08-18 12:07:20,108] {logging_mixin.py:115} INFO - [2024-08-18 12:07:20,108] {dag.py:2379} INFO - Sync 1 DAGs
[2024-08-18 12:07:20,130] {logging_mixin.py:115} INFO - [2024-08-18 12:07:20,130] {dag.py:2927} INFO - Setting next_dagrun for example_branch_operator to 2024-08-17T00:00:00+00:00, run_after=2024-08-18T00:00:00+00:00
[2024-08-18 12:07:20,141] {processor.py:161} INFO - Processing /home/kai/.local/lib/python3.8/site-packages/airflow/example_dags/example_branch_operator.py took 0.068 seconds
[2024-08-18 12:07:52,744] {processor.py:153} INFO - Started process (PID=6132) to work on /home/kai/.local/lib/python3.8/site-packages/airflow/example_dags/example_branch_operator.py
[2024-08-18 12:07:52,745] {processor.py:641} INFO - Processing file /home/kai/.local/lib/python3.8/site-packages/airflow/example_dags/example_branch_operator.py for tasks to queue
[2024-08-18 12:07:52,745] {logging_mixin.py:115} INFO - [2024-08-18 12:07:52,745] {dagbag.py:507} INFO - Filling up the DagBag from /home/kai/.local/lib/python3.8/site-packages/airflow/example_dags/example_branch_operator.py
[2024-08-18 12:07:52,756] {processor.py:651} INFO - DAG(s) dict_keys(['example_branch_operator']) retrieved from /home/kai/.local/lib/python3.8/site-packages/airflow/example_dags/example_branch_operator.py
[2024-08-18 12:07:52,769] {logging_mixin.py:115} INFO - [2024-08-18 12:07:52,769] {dag.py:2379} INFO - Sync 1 DAGs
[2024-08-18 12:07:52,784] {logging_mixin.py:115} INFO - [2024-08-18 12:07:52,784] {dag.py:2927} INFO - Setting next_dagrun for example_branch_operator to 2024-08-17T00:00:00+00:00, run_after=2024-08-18T00:00:00+00:00
[2024-08-18 12:07:52,794] {processor.py:161} INFO - Processing /home/kai/.local/lib/python3.8/site-packages/airflow/example_dags/example_branch_operator.py took 0.053 seconds
[2024-08-18 12:08:25,026] {processor.py:153} INFO - Started process (PID=6308) to work on /home/kai/.local/lib/python3.8/site-packages/airflow/example_dags/example_branch_operator.py
[2024-08-18 12:08:25,027] {processor.py:641} INFO - Processing file /home/kai/.local/lib/python3.8/site-packages/airflow/example_dags/example_branch_operator.py for tasks to queue
[2024-08-18 12:08:25,027] {logging_mixin.py:115} INFO - [2024-08-18 12:08:25,027] {dagbag.py:507} INFO - Filling up the DagBag from /home/kai/.local/lib/python3.8/site-packages/airflow/example_dags/example_branch_operator.py
[2024-08-18 12:08:25,038] {processor.py:651} INFO - DAG(s) dict_keys(['example_branch_operator']) retrieved from /home/kai/.local/lib/python3.8/site-packages/airflow/example_dags/example_branch_operator.py
[2024-08-18 12:08:25,054] {logging_mixin.py:115} INFO - [2024-08-18 12:08:25,054] {dag.py:2379} INFO - Sync 1 DAGs
[2024-08-18 12:08:25,075] {logging_mixin.py:115} INFO - [2024-08-18 12:08:25,074] {dag.py:2927} INFO - Setting next_dagrun for example_branch_operator to 2024-08-17T00:00:00+00:00, run_after=2024-08-18T00:00:00+00:00
[2024-08-18 12:08:25,090] {processor.py:161} INFO - Processing /home/kai/.local/lib/python3.8/site-packages/airflow/example_dags/example_branch_operator.py took 0.066 seconds
[2024-08-18 12:08:57,032] {processor.py:153} INFO - Started process (PID=6459) to work on /home/kai/.local/lib/python3.8/site-packages/airflow/example_dags/example_branch_operator.py
[2024-08-18 12:08:57,032] {processor.py:641} INFO - Processing file /home/kai/.local/lib/python3.8/site-packages/airflow/example_dags/example_branch_operator.py for tasks to queue
[2024-08-18 12:08:57,033] {logging_mixin.py:115} INFO - [2024-08-18 12:08:57,033] {dagbag.py:507} INFO - Filling up the DagBag from /home/kai/.local/lib/python3.8/site-packages/airflow/example_dags/example_branch_operator.py
[2024-08-18 12:08:57,047] {processor.py:651} INFO - DAG(s) dict_keys(['example_branch_operator']) retrieved from /home/kai/.local/lib/python3.8/site-packages/airflow/example_dags/example_branch_operator.py
[2024-08-18 12:08:57,062] {logging_mixin.py:115} INFO - [2024-08-18 12:08:57,062] {dag.py:2379} INFO - Sync 1 DAGs
[2024-08-18 12:08:57,081] {logging_mixin.py:115} INFO - [2024-08-18 12:08:57,081] {dag.py:2927} INFO - Setting next_dagrun for example_branch_operator to 2024-08-17T00:00:00+00:00, run_after=2024-08-18T00:00:00+00:00
[2024-08-18 12:08:57,094] {processor.py:161} INFO - Processing /home/kai/.local/lib/python3.8/site-packages/airflow/example_dags/example_branch_operator.py took 0.065 seconds
[2024-08-18 12:09:28,390] {processor.py:153} INFO - Started process (PID=6626) to work on /home/kai/.local/lib/python3.8/site-packages/airflow/example_dags/example_branch_operator.py
[2024-08-18 12:09:28,390] {processor.py:641} INFO - Processing file /home/kai/.local/lib/python3.8/site-packages/airflow/example_dags/example_branch_operator.py for tasks to queue
[2024-08-18 12:09:28,391] {logging_mixin.py:115} INFO - [2024-08-18 12:09:28,391] {dagbag.py:507} INFO - Filling up the DagBag from /home/kai/.local/lib/python3.8/site-packages/airflow/example_dags/example_branch_operator.py
[2024-08-18 12:09:28,400] {processor.py:651} INFO - DAG(s) dict_keys(['example_branch_operator']) retrieved from /home/kai/.local/lib/python3.8/site-packages/airflow/example_dags/example_branch_operator.py
[2024-08-18 12:09:28,424] {logging_mixin.py:115} INFO - [2024-08-18 12:09:28,424] {dag.py:2379} INFO - Sync 1 DAGs
[2024-08-18 12:09:28,439] {logging_mixin.py:115} INFO - [2024-08-18 12:09:28,439] {dag.py:2927} INFO - Setting next_dagrun for example_branch_operator to 2024-08-17T00:00:00+00:00, run_after=2024-08-18T00:00:00+00:00
[2024-08-18 12:09:28,448] {processor.py:161} INFO - Processing /home/kai/.local/lib/python3.8/site-packages/airflow/example_dags/example_branch_operator.py took 0.060 seconds
[2024-08-18 12:10:00,066] {processor.py:153} INFO - Started process (PID=6784) to work on /home/kai/.local/lib/python3.8/site-packages/airflow/example_dags/example_branch_operator.py
[2024-08-18 12:10:00,066] {processor.py:641} INFO - Processing file /home/kai/.local/lib/python3.8/site-packages/airflow/example_dags/example_branch_operator.py for tasks to queue
[2024-08-18 12:10:00,067] {logging_mixin.py:115} INFO - [2024-08-18 12:10:00,067] {dagbag.py:507} INFO - Filling up the DagBag from /home/kai/.local/lib/python3.8/site-packages/airflow/example_dags/example_branch_operator.py
[2024-08-18 12:10:00,077] {processor.py:651} INFO - DAG(s) dict_keys(['example_branch_operator']) retrieved from /home/kai/.local/lib/python3.8/site-packages/airflow/example_dags/example_branch_operator.py
[2024-08-18 12:10:00,093] {logging_mixin.py:115} INFO - [2024-08-18 12:10:00,093] {dag.py:2379} INFO - Sync 1 DAGs
[2024-08-18 12:10:00,108] {logging_mixin.py:115} INFO - [2024-08-18 12:10:00,108] {dag.py:2927} INFO - Setting next_dagrun for example_branch_operator to 2024-08-17T00:00:00+00:00, run_after=2024-08-18T00:00:00+00:00
[2024-08-18 12:10:00,118] {processor.py:161} INFO - Processing /home/kai/.local/lib/python3.8/site-packages/airflow/example_dags/example_branch_operator.py took 0.055 seconds
[2024-08-18 12:10:34,305] {processor.py:153} INFO - Started process (PID=6961) to work on /home/kai/.local/lib/python3.8/site-packages/airflow/example_dags/example_branch_operator.py
[2024-08-18 12:10:34,306] {processor.py:641} INFO - Processing file /home/kai/.local/lib/python3.8/site-packages/airflow/example_dags/example_branch_operator.py for tasks to queue
[2024-08-18 12:10:34,306] {logging_mixin.py:115} INFO - [2024-08-18 12:10:34,306] {dagbag.py:507} INFO - Filling up the DagBag from /home/kai/.local/lib/python3.8/site-packages/airflow/example_dags/example_branch_operator.py
[2024-08-18 12:10:34,319] {processor.py:651} INFO - DAG(s) dict_keys(['example_branch_operator']) retrieved from /home/kai/.local/lib/python3.8/site-packages/airflow/example_dags/example_branch_operator.py
[2024-08-18 12:10:34,341] {logging_mixin.py:115} INFO - [2024-08-18 12:10:34,341] {dag.py:2379} INFO - Sync 1 DAGs
[2024-08-18 12:10:34,359] {logging_mixin.py:115} INFO - [2024-08-18 12:10:34,359] {dag.py:2927} INFO - Setting next_dagrun for example_branch_operator to 2024-08-17T00:00:00+00:00, run_after=2024-08-18T00:00:00+00:00
[2024-08-18 12:10:34,368] {processor.py:161} INFO - Processing /home/kai/.local/lib/python3.8/site-packages/airflow/example_dags/example_branch_operator.py took 0.065 seconds
[2024-08-18 12:11:06,827] {processor.py:153} INFO - Started process (PID=7123) to work on /home/kai/.local/lib/python3.8/site-packages/airflow/example_dags/example_branch_operator.py
[2024-08-18 12:11:06,828] {processor.py:641} INFO - Processing file /home/kai/.local/lib/python3.8/site-packages/airflow/example_dags/example_branch_operator.py for tasks to queue
[2024-08-18 12:11:06,828] {logging_mixin.py:115} INFO - [2024-08-18 12:11:06,828] {dagbag.py:507} INFO - Filling up the DagBag from /home/kai/.local/lib/python3.8/site-packages/airflow/example_dags/example_branch_operator.py
[2024-08-18 12:11:06,837] {processor.py:651} INFO - DAG(s) dict_keys(['example_branch_operator']) retrieved from /home/kai/.local/lib/python3.8/site-packages/airflow/example_dags/example_branch_operator.py
[2024-08-18 12:11:06,850] {logging_mixin.py:115} INFO - [2024-08-18 12:11:06,850] {dag.py:2379} INFO - Sync 1 DAGs
[2024-08-18 12:11:06,864] {logging_mixin.py:115} INFO - [2024-08-18 12:11:06,864] {dag.py:2927} INFO - Setting next_dagrun for example_branch_operator to 2024-08-17T00:00:00+00:00, run_after=2024-08-18T00:00:00+00:00
[2024-08-18 12:11:06,875] {processor.py:161} INFO - Processing /home/kai/.local/lib/python3.8/site-packages/airflow/example_dags/example_branch_operator.py took 0.050 seconds
[2024-08-18 12:11:40,044] {processor.py:153} INFO - Started process (PID=7292) to work on /home/kai/.local/lib/python3.8/site-packages/airflow/example_dags/example_branch_operator.py
[2024-08-18 12:11:40,045] {processor.py:641} INFO - Processing file /home/kai/.local/lib/python3.8/site-packages/airflow/example_dags/example_branch_operator.py for tasks to queue
[2024-08-18 12:11:40,046] {logging_mixin.py:115} INFO - [2024-08-18 12:11:40,046] {dagbag.py:507} INFO - Filling up the DagBag from /home/kai/.local/lib/python3.8/site-packages/airflow/example_dags/example_branch_operator.py
[2024-08-18 12:11:40,056] {processor.py:651} INFO - DAG(s) dict_keys(['example_branch_operator']) retrieved from /home/kai/.local/lib/python3.8/site-packages/airflow/example_dags/example_branch_operator.py
[2024-08-18 12:11:40,074] {logging_mixin.py:115} INFO - [2024-08-18 12:11:40,074] {dag.py:2379} INFO - Sync 1 DAGs
[2024-08-18 12:11:40,098] {logging_mixin.py:115} INFO - [2024-08-18 12:11:40,098] {dag.py:2927} INFO - Setting next_dagrun for example_branch_operator to 2024-08-17T00:00:00+00:00, run_after=2024-08-18T00:00:00+00:00
[2024-08-18 12:11:40,110] {processor.py:161} INFO - Processing /home/kai/.local/lib/python3.8/site-packages/airflow/example_dags/example_branch_operator.py took 0.068 seconds
[2024-08-18 12:12:12,723] {processor.py:153} INFO - Started process (PID=7448) to work on /home/kai/.local/lib/python3.8/site-packages/airflow/example_dags/example_branch_operator.py
[2024-08-18 12:12:12,725] {processor.py:641} INFO - Processing file /home/kai/.local/lib/python3.8/site-packages/airflow/example_dags/example_branch_operator.py for tasks to queue
[2024-08-18 12:12:12,726] {logging_mixin.py:115} INFO - [2024-08-18 12:12:12,726] {dagbag.py:507} INFO - Filling up the DagBag from /home/kai/.local/lib/python3.8/site-packages/airflow/example_dags/example_branch_operator.py
[2024-08-18 12:12:12,742] {processor.py:651} INFO - DAG(s) dict_keys(['example_branch_operator']) retrieved from /home/kai/.local/lib/python3.8/site-packages/airflow/example_dags/example_branch_operator.py
[2024-08-18 12:12:12,765] {logging_mixin.py:115} INFO - [2024-08-18 12:12:12,765] {dag.py:2379} INFO - Sync 1 DAGs
[2024-08-18 12:12:12,799] {logging_mixin.py:115} INFO - [2024-08-18 12:12:12,799] {dag.py:2927} INFO - Setting next_dagrun for example_branch_operator to 2024-08-17T00:00:00+00:00, run_after=2024-08-18T00:00:00+00:00
[2024-08-18 12:12:12,818] {processor.py:161} INFO - Processing /home/kai/.local/lib/python3.8/site-packages/airflow/example_dags/example_branch_operator.py took 0.099 seconds
[2024-08-18 12:12:44,029] {processor.py:153} INFO - Started process (PID=7603) to work on /home/kai/.local/lib/python3.8/site-packages/airflow/example_dags/example_branch_operator.py
[2024-08-18 12:12:44,030] {processor.py:641} INFO - Processing file /home/kai/.local/lib/python3.8/site-packages/airflow/example_dags/example_branch_operator.py for tasks to queue
[2024-08-18 12:12:44,030] {logging_mixin.py:115} INFO - [2024-08-18 12:12:44,030] {dagbag.py:507} INFO - Filling up the DagBag from /home/kai/.local/lib/python3.8/site-packages/airflow/example_dags/example_branch_operator.py
[2024-08-18 12:12:44,041] {processor.py:651} INFO - DAG(s) dict_keys(['example_branch_operator']) retrieved from /home/kai/.local/lib/python3.8/site-packages/airflow/example_dags/example_branch_operator.py
[2024-08-18 12:12:44,057] {logging_mixin.py:115} INFO - [2024-08-18 12:12:44,057] {dag.py:2379} INFO - Sync 1 DAGs
[2024-08-18 12:12:44,073] {logging_mixin.py:115} INFO - [2024-08-18 12:12:44,073] {dag.py:2927} INFO - Setting next_dagrun for example_branch_operator to 2024-08-17T00:00:00+00:00, run_after=2024-08-18T00:00:00+00:00
[2024-08-18 12:12:44,092] {processor.py:161} INFO - Processing /home/kai/.local/lib/python3.8/site-packages/airflow/example_dags/example_branch_operator.py took 0.065 seconds
[2024-08-18 12:13:17,162] {processor.py:153} INFO - Started process (PID=7825) to work on /home/kai/.local/lib/python3.8/site-packages/airflow/example_dags/example_branch_operator.py
[2024-08-18 12:13:17,162] {processor.py:641} INFO - Processing file /home/kai/.local/lib/python3.8/site-packages/airflow/example_dags/example_branch_operator.py for tasks to queue
[2024-08-18 12:13:17,163] {logging_mixin.py:115} INFO - [2024-08-18 12:13:17,163] {dagbag.py:507} INFO - Filling up the DagBag from /home/kai/.local/lib/python3.8/site-packages/airflow/example_dags/example_branch_operator.py
[2024-08-18 12:13:17,172] {processor.py:651} INFO - DAG(s) dict_keys(['example_branch_operator']) retrieved from /home/kai/.local/lib/python3.8/site-packages/airflow/example_dags/example_branch_operator.py
[2024-08-18 12:13:17,191] {logging_mixin.py:115} INFO - [2024-08-18 12:13:17,190] {dag.py:2379} INFO - Sync 1 DAGs
[2024-08-18 12:13:17,209] {logging_mixin.py:115} INFO - [2024-08-18 12:13:17,209] {dag.py:2927} INFO - Setting next_dagrun for example_branch_operator to 2024-08-17T00:00:00+00:00, run_after=2024-08-18T00:00:00+00:00
[2024-08-18 12:13:17,219] {processor.py:161} INFO - Processing /home/kai/.local/lib/python3.8/site-packages/airflow/example_dags/example_branch_operator.py took 0.059 seconds
[2024-08-18 12:13:49,257] {processor.py:153} INFO - Started process (PID=7981) to work on /home/kai/.local/lib/python3.8/site-packages/airflow/example_dags/example_branch_operator.py
[2024-08-18 12:13:49,257] {processor.py:641} INFO - Processing file /home/kai/.local/lib/python3.8/site-packages/airflow/example_dags/example_branch_operator.py for tasks to queue
[2024-08-18 12:13:49,258] {logging_mixin.py:115} INFO - [2024-08-18 12:13:49,258] {dagbag.py:507} INFO - Filling up the DagBag from /home/kai/.local/lib/python3.8/site-packages/airflow/example_dags/example_branch_operator.py
[2024-08-18 12:13:49,267] {processor.py:651} INFO - DAG(s) dict_keys(['example_branch_operator']) retrieved from /home/kai/.local/lib/python3.8/site-packages/airflow/example_dags/example_branch_operator.py
[2024-08-18 12:13:49,281] {logging_mixin.py:115} INFO - [2024-08-18 12:13:49,281] {dag.py:2379} INFO - Sync 1 DAGs
[2024-08-18 12:13:49,297] {logging_mixin.py:115} INFO - [2024-08-18 12:13:49,297] {dag.py:2927} INFO - Setting next_dagrun for example_branch_operator to 2024-08-17T00:00:00+00:00, run_after=2024-08-18T00:00:00+00:00
[2024-08-18 12:13:49,307] {processor.py:161} INFO - Processing /home/kai/.local/lib/python3.8/site-packages/airflow/example_dags/example_branch_operator.py took 0.053 seconds
[2024-08-18 12:14:20,942] {processor.py:153} INFO - Started process (PID=8145) to work on /home/kai/.local/lib/python3.8/site-packages/airflow/example_dags/example_branch_operator.py
[2024-08-18 12:14:20,942] {processor.py:641} INFO - Processing file /home/kai/.local/lib/python3.8/site-packages/airflow/example_dags/example_branch_operator.py for tasks to queue
[2024-08-18 12:14:20,943] {logging_mixin.py:115} INFO - [2024-08-18 12:14:20,943] {dagbag.py:507} INFO - Filling up the DagBag from /home/kai/.local/lib/python3.8/site-packages/airflow/example_dags/example_branch_operator.py
[2024-08-18 12:14:20,954] {processor.py:651} INFO - DAG(s) dict_keys(['example_branch_operator']) retrieved from /home/kai/.local/lib/python3.8/site-packages/airflow/example_dags/example_branch_operator.py
[2024-08-18 12:14:20,969] {logging_mixin.py:115} INFO - [2024-08-18 12:14:20,969] {dag.py:2379} INFO - Sync 1 DAGs
[2024-08-18 12:14:20,985] {logging_mixin.py:115} INFO - [2024-08-18 12:14:20,985] {dag.py:2927} INFO - Setting next_dagrun for example_branch_operator to 2024-08-17T00:00:00+00:00, run_after=2024-08-18T00:00:00+00:00
[2024-08-18 12:14:20,996] {processor.py:161} INFO - Processing /home/kai/.local/lib/python3.8/site-packages/airflow/example_dags/example_branch_operator.py took 0.057 seconds
[2024-08-18 12:14:54,750] {processor.py:153} INFO - Started process (PID=8311) to work on /home/kai/.local/lib/python3.8/site-packages/airflow/example_dags/example_branch_operator.py
[2024-08-18 12:14:54,750] {processor.py:641} INFO - Processing file /home/kai/.local/lib/python3.8/site-packages/airflow/example_dags/example_branch_operator.py for tasks to queue
[2024-08-18 12:14:54,751] {logging_mixin.py:115} INFO - [2024-08-18 12:14:54,751] {dagbag.py:507} INFO - Filling up the DagBag from /home/kai/.local/lib/python3.8/site-packages/airflow/example_dags/example_branch_operator.py
[2024-08-18 12:14:54,760] {processor.py:651} INFO - DAG(s) dict_keys(['example_branch_operator']) retrieved from /home/kai/.local/lib/python3.8/site-packages/airflow/example_dags/example_branch_operator.py
[2024-08-18 12:14:54,780] {logging_mixin.py:115} INFO - [2024-08-18 12:14:54,780] {dag.py:2379} INFO - Sync 1 DAGs
[2024-08-18 12:14:54,797] {logging_mixin.py:115} INFO - [2024-08-18 12:14:54,797] {dag.py:2927} INFO - Setting next_dagrun for example_branch_operator to 2024-08-17T00:00:00+00:00, run_after=2024-08-18T00:00:00+00:00
[2024-08-18 12:14:54,809] {processor.py:161} INFO - Processing /home/kai/.local/lib/python3.8/site-packages/airflow/example_dags/example_branch_operator.py took 0.062 seconds
[2024-08-18 12:15:27,986] {processor.py:153} INFO - Started process (PID=8488) to work on /home/kai/.local/lib/python3.8/site-packages/airflow/example_dags/example_branch_operator.py
[2024-08-18 12:15:27,986] {processor.py:641} INFO - Processing file /home/kai/.local/lib/python3.8/site-packages/airflow/example_dags/example_branch_operator.py for tasks to queue
[2024-08-18 12:15:27,987] {logging_mixin.py:115} INFO - [2024-08-18 12:15:27,987] {dagbag.py:507} INFO - Filling up the DagBag from /home/kai/.local/lib/python3.8/site-packages/airflow/example_dags/example_branch_operator.py
[2024-08-18 12:15:27,997] {processor.py:651} INFO - DAG(s) dict_keys(['example_branch_operator']) retrieved from /home/kai/.local/lib/python3.8/site-packages/airflow/example_dags/example_branch_operator.py
[2024-08-18 12:15:28,012] {logging_mixin.py:115} INFO - [2024-08-18 12:15:28,012] {dag.py:2379} INFO - Sync 1 DAGs
[2024-08-18 12:15:28,028] {logging_mixin.py:115} INFO - [2024-08-18 12:15:28,028] {dag.py:2927} INFO - Setting next_dagrun for example_branch_operator to 2024-08-17T00:00:00+00:00, run_after=2024-08-18T00:00:00+00:00
[2024-08-18 12:15:28,039] {processor.py:161} INFO - Processing /home/kai/.local/lib/python3.8/site-packages/airflow/example_dags/example_branch_operator.py took 0.056 seconds
[2024-08-18 12:15:59,962] {processor.py:153} INFO - Started process (PID=8644) to work on /home/kai/.local/lib/python3.8/site-packages/airflow/example_dags/example_branch_operator.py
[2024-08-18 12:15:59,963] {processor.py:641} INFO - Processing file /home/kai/.local/lib/python3.8/site-packages/airflow/example_dags/example_branch_operator.py for tasks to queue
[2024-08-18 12:15:59,964] {logging_mixin.py:115} INFO - [2024-08-18 12:15:59,964] {dagbag.py:507} INFO - Filling up the DagBag from /home/kai/.local/lib/python3.8/site-packages/airflow/example_dags/example_branch_operator.py
[2024-08-18 12:15:59,973] {processor.py:651} INFO - DAG(s) dict_keys(['example_branch_operator']) retrieved from /home/kai/.local/lib/python3.8/site-packages/airflow/example_dags/example_branch_operator.py
[2024-08-18 12:15:59,988] {logging_mixin.py:115} INFO - [2024-08-18 12:15:59,988] {dag.py:2379} INFO - Sync 1 DAGs
[2024-08-18 12:16:00,006] {logging_mixin.py:115} INFO - [2024-08-18 12:16:00,006] {dag.py:2927} INFO - Setting next_dagrun for example_branch_operator to 2024-08-17T00:00:00+00:00, run_after=2024-08-18T00:00:00+00:00
[2024-08-18 12:16:00,020] {processor.py:161} INFO - Processing /home/kai/.local/lib/python3.8/site-packages/airflow/example_dags/example_branch_operator.py took 0.060 seconds
[2024-08-18 12:16:31,260] {processor.py:153} INFO - Started process (PID=8807) to work on /home/kai/.local/lib/python3.8/site-packages/airflow/example_dags/example_branch_operator.py
[2024-08-18 12:16:31,261] {processor.py:641} INFO - Processing file /home/kai/.local/lib/python3.8/site-packages/airflow/example_dags/example_branch_operator.py for tasks to queue
[2024-08-18 12:16:31,262] {logging_mixin.py:115} INFO - [2024-08-18 12:16:31,262] {dagbag.py:507} INFO - Filling up the DagBag from /home/kai/.local/lib/python3.8/site-packages/airflow/example_dags/example_branch_operator.py
[2024-08-18 12:16:31,280] {processor.py:651} INFO - DAG(s) dict_keys(['example_branch_operator']) retrieved from /home/kai/.local/lib/python3.8/site-packages/airflow/example_dags/example_branch_operator.py
[2024-08-18 12:16:31,304] {logging_mixin.py:115} INFO - [2024-08-18 12:16:31,304] {dag.py:2379} INFO - Sync 1 DAGs
[2024-08-18 12:16:31,331] {logging_mixin.py:115} INFO - [2024-08-18 12:16:31,331] {dag.py:2927} INFO - Setting next_dagrun for example_branch_operator to 2024-08-17T00:00:00+00:00, run_after=2024-08-18T00:00:00+00:00
[2024-08-18 12:16:31,345] {processor.py:161} INFO - Processing /home/kai/.local/lib/python3.8/site-packages/airflow/example_dags/example_branch_operator.py took 0.088 seconds
[2024-08-18 12:17:03,138] {processor.py:153} INFO - Started process (PID=8969) to work on /home/kai/.local/lib/python3.8/site-packages/airflow/example_dags/example_branch_operator.py
[2024-08-18 12:17:03,139] {processor.py:641} INFO - Processing file /home/kai/.local/lib/python3.8/site-packages/airflow/example_dags/example_branch_operator.py for tasks to queue
[2024-08-18 12:17:03,139] {logging_mixin.py:115} INFO - [2024-08-18 12:17:03,139] {dagbag.py:507} INFO - Filling up the DagBag from /home/kai/.local/lib/python3.8/site-packages/airflow/example_dags/example_branch_operator.py
[2024-08-18 12:17:03,148] {processor.py:651} INFO - DAG(s) dict_keys(['example_branch_operator']) retrieved from /home/kai/.local/lib/python3.8/site-packages/airflow/example_dags/example_branch_operator.py
[2024-08-18 12:17:03,162] {logging_mixin.py:115} INFO - [2024-08-18 12:17:03,162] {dag.py:2379} INFO - Sync 1 DAGs
[2024-08-18 12:17:03,177] {logging_mixin.py:115} INFO - [2024-08-18 12:17:03,177] {dag.py:2927} INFO - Setting next_dagrun for example_branch_operator to 2024-08-17T00:00:00+00:00, run_after=2024-08-18T00:00:00+00:00
[2024-08-18 12:17:03,188] {processor.py:161} INFO - Processing /home/kai/.local/lib/python3.8/site-packages/airflow/example_dags/example_branch_operator.py took 0.052 seconds
[2024-08-18 12:17:35,136] {processor.py:153} INFO - Started process (PID=9138) to work on /home/kai/.local/lib/python3.8/site-packages/airflow/example_dags/example_branch_operator.py
[2024-08-18 12:17:35,138] {processor.py:641} INFO - Processing file /home/kai/.local/lib/python3.8/site-packages/airflow/example_dags/example_branch_operator.py for tasks to queue
[2024-08-18 12:17:35,138] {logging_mixin.py:115} INFO - [2024-08-18 12:17:35,138] {dagbag.py:507} INFO - Filling up the DagBag from /home/kai/.local/lib/python3.8/site-packages/airflow/example_dags/example_branch_operator.py
[2024-08-18 12:17:35,150] {processor.py:651} INFO - DAG(s) dict_keys(['example_branch_operator']) retrieved from /home/kai/.local/lib/python3.8/site-packages/airflow/example_dags/example_branch_operator.py
[2024-08-18 12:17:35,170] {logging_mixin.py:115} INFO - [2024-08-18 12:17:35,170] {dag.py:2379} INFO - Sync 1 DAGs
[2024-08-18 12:17:35,187] {logging_mixin.py:115} INFO - [2024-08-18 12:17:35,187] {dag.py:2927} INFO - Setting next_dagrun for example_branch_operator to 2024-08-17T00:00:00+00:00, run_after=2024-08-18T00:00:00+00:00
[2024-08-18 12:17:35,200] {processor.py:161} INFO - Processing /home/kai/.local/lib/python3.8/site-packages/airflow/example_dags/example_branch_operator.py took 0.071 seconds
[2024-08-18 12:18:07,121] {processor.py:153} INFO - Started process (PID=9351) to work on /home/kai/.local/lib/python3.8/site-packages/airflow/example_dags/example_branch_operator.py
[2024-08-18 12:18:07,122] {processor.py:641} INFO - Processing file /home/kai/.local/lib/python3.8/site-packages/airflow/example_dags/example_branch_operator.py for tasks to queue
[2024-08-18 12:18:07,123] {logging_mixin.py:115} INFO - [2024-08-18 12:18:07,123] {dagbag.py:507} INFO - Filling up the DagBag from /home/kai/.local/lib/python3.8/site-packages/airflow/example_dags/example_branch_operator.py
[2024-08-18 12:18:07,134] {processor.py:651} INFO - DAG(s) dict_keys(['example_branch_operator']) retrieved from /home/kai/.local/lib/python3.8/site-packages/airflow/example_dags/example_branch_operator.py
[2024-08-18 12:18:07,151] {logging_mixin.py:115} INFO - [2024-08-18 12:18:07,151] {dag.py:2379} INFO - Sync 1 DAGs
[2024-08-18 12:18:07,170] {logging_mixin.py:115} INFO - [2024-08-18 12:18:07,170] {dag.py:2927} INFO - Setting next_dagrun for example_branch_operator to 2024-08-17T00:00:00+00:00, run_after=2024-08-18T00:00:00+00:00
[2024-08-18 12:18:07,183] {processor.py:161} INFO - Processing /home/kai/.local/lib/python3.8/site-packages/airflow/example_dags/example_branch_operator.py took 0.065 seconds
[2024-08-18 12:18:39,040] {processor.py:153} INFO - Started process (PID=9512) to work on /home/kai/.local/lib/python3.8/site-packages/airflow/example_dags/example_branch_operator.py
[2024-08-18 12:18:39,040] {processor.py:641} INFO - Processing file /home/kai/.local/lib/python3.8/site-packages/airflow/example_dags/example_branch_operator.py for tasks to queue
[2024-08-18 12:18:39,041] {logging_mixin.py:115} INFO - [2024-08-18 12:18:39,041] {dagbag.py:507} INFO - Filling up the DagBag from /home/kai/.local/lib/python3.8/site-packages/airflow/example_dags/example_branch_operator.py
[2024-08-18 12:18:39,055] {processor.py:651} INFO - DAG(s) dict_keys(['example_branch_operator']) retrieved from /home/kai/.local/lib/python3.8/site-packages/airflow/example_dags/example_branch_operator.py
[2024-08-18 12:18:39,074] {logging_mixin.py:115} INFO - [2024-08-18 12:18:39,074] {dag.py:2379} INFO - Sync 1 DAGs
[2024-08-18 12:18:39,095] {logging_mixin.py:115} INFO - [2024-08-18 12:18:39,094] {dag.py:2927} INFO - Setting next_dagrun for example_branch_operator to 2024-08-17T00:00:00+00:00, run_after=2024-08-18T00:00:00+00:00
[2024-08-18 12:18:39,105] {processor.py:161} INFO - Processing /home/kai/.local/lib/python3.8/site-packages/airflow/example_dags/example_branch_operator.py took 0.068 seconds
[2024-08-18 12:19:10,536] {processor.py:153} INFO - Started process (PID=9673) to work on /home/kai/.local/lib/python3.8/site-packages/airflow/example_dags/example_branch_operator.py
[2024-08-18 12:19:10,537] {processor.py:641} INFO - Processing file /home/kai/.local/lib/python3.8/site-packages/airflow/example_dags/example_branch_operator.py for tasks to queue
[2024-08-18 12:19:10,538] {logging_mixin.py:115} INFO - [2024-08-18 12:19:10,538] {dagbag.py:507} INFO - Filling up the DagBag from /home/kai/.local/lib/python3.8/site-packages/airflow/example_dags/example_branch_operator.py
[2024-08-18 12:19:10,550] {processor.py:651} INFO - DAG(s) dict_keys(['example_branch_operator']) retrieved from /home/kai/.local/lib/python3.8/site-packages/airflow/example_dags/example_branch_operator.py
[2024-08-18 12:19:10,572] {logging_mixin.py:115} INFO - [2024-08-18 12:19:10,572] {dag.py:2379} INFO - Sync 1 DAGs
[2024-08-18 12:19:10,591] {logging_mixin.py:115} INFO - [2024-08-18 12:19:10,591] {dag.py:2927} INFO - Setting next_dagrun for example_branch_operator to 2024-08-17T00:00:00+00:00, run_after=2024-08-18T00:00:00+00:00
[2024-08-18 12:19:10,602] {processor.py:161} INFO - Processing /home/kai/.local/lib/python3.8/site-packages/airflow/example_dags/example_branch_operator.py took 0.068 seconds
[2024-08-18 12:19:42,595] {processor.py:153} INFO - Started process (PID=9830) to work on /home/kai/.local/lib/python3.8/site-packages/airflow/example_dags/example_branch_operator.py
[2024-08-18 12:19:42,596] {processor.py:641} INFO - Processing file /home/kai/.local/lib/python3.8/site-packages/airflow/example_dags/example_branch_operator.py for tasks to queue
[2024-08-18 12:19:42,596] {logging_mixin.py:115} INFO - [2024-08-18 12:19:42,596] {dagbag.py:507} INFO - Filling up the DagBag from /home/kai/.local/lib/python3.8/site-packages/airflow/example_dags/example_branch_operator.py
[2024-08-18 12:19:42,605] {processor.py:651} INFO - DAG(s) dict_keys(['example_branch_operator']) retrieved from /home/kai/.local/lib/python3.8/site-packages/airflow/example_dags/example_branch_operator.py
[2024-08-18 12:19:42,621] {logging_mixin.py:115} INFO - [2024-08-18 12:19:42,621] {dag.py:2379} INFO - Sync 1 DAGs
[2024-08-18 12:19:42,640] {logging_mixin.py:115} INFO - [2024-08-18 12:19:42,640] {dag.py:2927} INFO - Setting next_dagrun for example_branch_operator to 2024-08-17T00:00:00+00:00, run_after=2024-08-18T00:00:00+00:00
[2024-08-18 12:19:42,655] {processor.py:161} INFO - Processing /home/kai/.local/lib/python3.8/site-packages/airflow/example_dags/example_branch_operator.py took 0.064 seconds
[2024-08-18 12:20:14,503] {processor.py:153} INFO - Started process (PID=9992) to work on /home/kai/.local/lib/python3.8/site-packages/airflow/example_dags/example_branch_operator.py
[2024-08-18 12:20:14,503] {processor.py:641} INFO - Processing file /home/kai/.local/lib/python3.8/site-packages/airflow/example_dags/example_branch_operator.py for tasks to queue
[2024-08-18 12:20:14,504] {logging_mixin.py:115} INFO - [2024-08-18 12:20:14,504] {dagbag.py:507} INFO - Filling up the DagBag from /home/kai/.local/lib/python3.8/site-packages/airflow/example_dags/example_branch_operator.py
[2024-08-18 12:20:14,513] {processor.py:651} INFO - DAG(s) dict_keys(['example_branch_operator']) retrieved from /home/kai/.local/lib/python3.8/site-packages/airflow/example_dags/example_branch_operator.py
[2024-08-18 12:20:14,530] {logging_mixin.py:115} INFO - [2024-08-18 12:20:14,529] {dag.py:2379} INFO - Sync 1 DAGs
[2024-08-18 12:20:14,549] {logging_mixin.py:115} INFO - [2024-08-18 12:20:14,549] {dag.py:2927} INFO - Setting next_dagrun for example_branch_operator to 2024-08-17T00:00:00+00:00, run_after=2024-08-18T00:00:00+00:00
[2024-08-18 12:20:14,560] {processor.py:161} INFO - Processing /home/kai/.local/lib/python3.8/site-packages/airflow/example_dags/example_branch_operator.py took 0.060 seconds
[2024-08-18 12:20:49,298] {processor.py:153} INFO - Started process (PID=10169) to work on /home/kai/.local/lib/python3.8/site-packages/airflow/example_dags/example_branch_operator.py
[2024-08-18 12:20:49,299] {processor.py:641} INFO - Processing file /home/kai/.local/lib/python3.8/site-packages/airflow/example_dags/example_branch_operator.py for tasks to queue
[2024-08-18 12:20:49,300] {logging_mixin.py:115} INFO - [2024-08-18 12:20:49,300] {dagbag.py:507} INFO - Filling up the DagBag from /home/kai/.local/lib/python3.8/site-packages/airflow/example_dags/example_branch_operator.py
[2024-08-18 12:20:49,312] {processor.py:651} INFO - DAG(s) dict_keys(['example_branch_operator']) retrieved from /home/kai/.local/lib/python3.8/site-packages/airflow/example_dags/example_branch_operator.py
[2024-08-18 12:20:49,331] {logging_mixin.py:115} INFO - [2024-08-18 12:20:49,330] {dag.py:2379} INFO - Sync 1 DAGs
[2024-08-18 12:20:49,348] {logging_mixin.py:115} INFO - [2024-08-18 12:20:49,348] {dag.py:2927} INFO - Setting next_dagrun for example_branch_operator to 2024-08-17T00:00:00+00:00, run_after=2024-08-18T00:00:00+00:00
[2024-08-18 12:20:49,365] {processor.py:161} INFO - Processing /home/kai/.local/lib/python3.8/site-packages/airflow/example_dags/example_branch_operator.py took 0.069 seconds
[2024-08-18 12:21:21,333] {processor.py:153} INFO - Started process (PID=10339) to work on /home/kai/.local/lib/python3.8/site-packages/airflow/example_dags/example_branch_operator.py
[2024-08-18 12:21:21,334] {processor.py:641} INFO - Processing file /home/kai/.local/lib/python3.8/site-packages/airflow/example_dags/example_branch_operator.py for tasks to queue
[2024-08-18 12:21:21,336] {logging_mixin.py:115} INFO - [2024-08-18 12:21:21,335] {dagbag.py:507} INFO - Filling up the DagBag from /home/kai/.local/lib/python3.8/site-packages/airflow/example_dags/example_branch_operator.py
[2024-08-18 12:21:21,345] {processor.py:651} INFO - DAG(s) dict_keys(['example_branch_operator']) retrieved from /home/kai/.local/lib/python3.8/site-packages/airflow/example_dags/example_branch_operator.py
[2024-08-18 12:21:21,368] {logging_mixin.py:115} INFO - [2024-08-18 12:21:21,368] {dag.py:2379} INFO - Sync 1 DAGs
[2024-08-18 12:21:21,388] {logging_mixin.py:115} INFO - [2024-08-18 12:21:21,388] {dag.py:2927} INFO - Setting next_dagrun for example_branch_operator to 2024-08-17T00:00:00+00:00, run_after=2024-08-18T00:00:00+00:00
[2024-08-18 12:21:21,403] {processor.py:161} INFO - Processing /home/kai/.local/lib/python3.8/site-packages/airflow/example_dags/example_branch_operator.py took 0.073 seconds
[2024-08-18 12:21:55,845] {processor.py:153} INFO - Started process (PID=10511) to work on /home/kai/.local/lib/python3.8/site-packages/airflow/example_dags/example_branch_operator.py
[2024-08-18 12:21:55,846] {processor.py:641} INFO - Processing file /home/kai/.local/lib/python3.8/site-packages/airflow/example_dags/example_branch_operator.py for tasks to queue
[2024-08-18 12:21:55,847] {logging_mixin.py:115} INFO - [2024-08-18 12:21:55,847] {dagbag.py:507} INFO - Filling up the DagBag from /home/kai/.local/lib/python3.8/site-packages/airflow/example_dags/example_branch_operator.py
[2024-08-18 12:21:55,857] {processor.py:651} INFO - DAG(s) dict_keys(['example_branch_operator']) retrieved from /home/kai/.local/lib/python3.8/site-packages/airflow/example_dags/example_branch_operator.py
[2024-08-18 12:21:55,873] {logging_mixin.py:115} INFO - [2024-08-18 12:21:55,873] {dag.py:2379} INFO - Sync 1 DAGs
[2024-08-18 12:21:55,891] {logging_mixin.py:115} INFO - [2024-08-18 12:21:55,890] {dag.py:2927} INFO - Setting next_dagrun for example_branch_operator to 2024-08-17T00:00:00+00:00, run_after=2024-08-18T00:00:00+00:00
[2024-08-18 12:21:55,901] {processor.py:161} INFO - Processing /home/kai/.local/lib/python3.8/site-packages/airflow/example_dags/example_branch_operator.py took 0.059 seconds
[2024-08-18 12:22:29,720] {processor.py:153} INFO - Started process (PID=10685) to work on /home/kai/.local/lib/python3.8/site-packages/airflow/example_dags/example_branch_operator.py
[2024-08-18 12:22:29,721] {processor.py:641} INFO - Processing file /home/kai/.local/lib/python3.8/site-packages/airflow/example_dags/example_branch_operator.py for tasks to queue
[2024-08-18 12:22:29,722] {logging_mixin.py:115} INFO - [2024-08-18 12:22:29,721] {dagbag.py:507} INFO - Filling up the DagBag from /home/kai/.local/lib/python3.8/site-packages/airflow/example_dags/example_branch_operator.py
[2024-08-18 12:22:29,733] {processor.py:651} INFO - DAG(s) dict_keys(['example_branch_operator']) retrieved from /home/kai/.local/lib/python3.8/site-packages/airflow/example_dags/example_branch_operator.py
[2024-08-18 12:22:29,756] {logging_mixin.py:115} INFO - [2024-08-18 12:22:29,756] {dag.py:2379} INFO - Sync 1 DAGs
[2024-08-18 12:22:29,780] {logging_mixin.py:115} INFO - [2024-08-18 12:22:29,780] {dag.py:2927} INFO - Setting next_dagrun for example_branch_operator to 2024-08-17T00:00:00+00:00, run_after=2024-08-18T00:00:00+00:00
[2024-08-18 12:22:29,797] {processor.py:161} INFO - Processing /home/kai/.local/lib/python3.8/site-packages/airflow/example_dags/example_branch_operator.py took 0.079 seconds
[2024-08-18 12:23:00,302] {processor.py:153} INFO - Started process (PID=10941) to work on /home/kai/.local/lib/python3.8/site-packages/airflow/example_dags/example_branch_operator.py
[2024-08-18 12:23:00,302] {processor.py:641} INFO - Processing file /home/kai/.local/lib/python3.8/site-packages/airflow/example_dags/example_branch_operator.py for tasks to queue
[2024-08-18 12:23:00,303] {logging_mixin.py:115} INFO - [2024-08-18 12:23:00,303] {dagbag.py:507} INFO - Filling up the DagBag from /home/kai/.local/lib/python3.8/site-packages/airflow/example_dags/example_branch_operator.py
[2024-08-18 12:23:00,315] {processor.py:651} INFO - DAG(s) dict_keys(['example_branch_operator']) retrieved from /home/kai/.local/lib/python3.8/site-packages/airflow/example_dags/example_branch_operator.py
[2024-08-18 12:23:00,329] {logging_mixin.py:115} INFO - [2024-08-18 12:23:00,329] {dag.py:2379} INFO - Sync 1 DAGs
[2024-08-18 12:23:00,349] {logging_mixin.py:115} INFO - [2024-08-18 12:23:00,348] {dag.py:2927} INFO - Setting next_dagrun for example_branch_operator to 2024-08-17T00:00:00+00:00, run_after=2024-08-18T00:00:00+00:00
[2024-08-18 12:23:00,363] {processor.py:161} INFO - Processing /home/kai/.local/lib/python3.8/site-packages/airflow/example_dags/example_branch_operator.py took 0.064 seconds
[2024-08-18 12:23:33,028] {processor.py:153} INFO - Started process (PID=11110) to work on /home/kai/.local/lib/python3.8/site-packages/airflow/example_dags/example_branch_operator.py
[2024-08-18 12:23:33,029] {processor.py:641} INFO - Processing file /home/kai/.local/lib/python3.8/site-packages/airflow/example_dags/example_branch_operator.py for tasks to queue
[2024-08-18 12:23:33,030] {logging_mixin.py:115} INFO - [2024-08-18 12:23:33,030] {dagbag.py:507} INFO - Filling up the DagBag from /home/kai/.local/lib/python3.8/site-packages/airflow/example_dags/example_branch_operator.py
[2024-08-18 12:23:33,041] {processor.py:651} INFO - DAG(s) dict_keys(['example_branch_operator']) retrieved from /home/kai/.local/lib/python3.8/site-packages/airflow/example_dags/example_branch_operator.py
[2024-08-18 12:23:33,058] {logging_mixin.py:115} INFO - [2024-08-18 12:23:33,058] {dag.py:2379} INFO - Sync 1 DAGs
[2024-08-18 12:23:33,078] {logging_mixin.py:115} INFO - [2024-08-18 12:23:33,078] {dag.py:2927} INFO - Setting next_dagrun for example_branch_operator to 2024-08-17T00:00:00+00:00, run_after=2024-08-18T00:00:00+00:00
[2024-08-18 12:23:33,098] {processor.py:161} INFO - Processing /home/kai/.local/lib/python3.8/site-packages/airflow/example_dags/example_branch_operator.py took 0.074 seconds
[2024-08-18 12:24:05,213] {processor.py:153} INFO - Started process (PID=11268) to work on /home/kai/.local/lib/python3.8/site-packages/airflow/example_dags/example_branch_operator.py
[2024-08-18 12:24:05,214] {processor.py:641} INFO - Processing file /home/kai/.local/lib/python3.8/site-packages/airflow/example_dags/example_branch_operator.py for tasks to queue
[2024-08-18 12:24:05,215] {logging_mixin.py:115} INFO - [2024-08-18 12:24:05,215] {dagbag.py:507} INFO - Filling up the DagBag from /home/kai/.local/lib/python3.8/site-packages/airflow/example_dags/example_branch_operator.py
[2024-08-18 12:24:05,230] {processor.py:651} INFO - DAG(s) dict_keys(['example_branch_operator']) retrieved from /home/kai/.local/lib/python3.8/site-packages/airflow/example_dags/example_branch_operator.py
[2024-08-18 12:24:05,249] {logging_mixin.py:115} INFO - [2024-08-18 12:24:05,249] {dag.py:2379} INFO - Sync 1 DAGs
[2024-08-18 12:24:05,274] {logging_mixin.py:115} INFO - [2024-08-18 12:24:05,274] {dag.py:2927} INFO - Setting next_dagrun for example_branch_operator to 2024-08-17T00:00:00+00:00, run_after=2024-08-18T00:00:00+00:00
[2024-08-18 12:24:05,286] {processor.py:161} INFO - Processing /home/kai/.local/lib/python3.8/site-packages/airflow/example_dags/example_branch_operator.py took 0.080 seconds
[2024-08-18 12:24:38,105] {processor.py:153} INFO - Started process (PID=11440) to work on /home/kai/.local/lib/python3.8/site-packages/airflow/example_dags/example_branch_operator.py
[2024-08-18 12:24:38,106] {processor.py:641} INFO - Processing file /home/kai/.local/lib/python3.8/site-packages/airflow/example_dags/example_branch_operator.py for tasks to queue
[2024-08-18 12:24:38,107] {logging_mixin.py:115} INFO - [2024-08-18 12:24:38,107] {dagbag.py:507} INFO - Filling up the DagBag from /home/kai/.local/lib/python3.8/site-packages/airflow/example_dags/example_branch_operator.py
[2024-08-18 12:24:38,126] {processor.py:651} INFO - DAG(s) dict_keys(['example_branch_operator']) retrieved from /home/kai/.local/lib/python3.8/site-packages/airflow/example_dags/example_branch_operator.py
[2024-08-18 12:24:38,147] {logging_mixin.py:115} INFO - [2024-08-18 12:24:38,147] {dag.py:2379} INFO - Sync 1 DAGs
[2024-08-18 12:24:38,171] {logging_mixin.py:115} INFO - [2024-08-18 12:24:38,170] {dag.py:2927} INFO - Setting next_dagrun for example_branch_operator to 2024-08-17T00:00:00+00:00, run_after=2024-08-18T00:00:00+00:00
[2024-08-18 12:24:38,185] {processor.py:161} INFO - Processing /home/kai/.local/lib/python3.8/site-packages/airflow/example_dags/example_branch_operator.py took 0.085 seconds
[2024-08-18 12:25:10,905] {processor.py:153} INFO - Started process (PID=11604) to work on /home/kai/.local/lib/python3.8/site-packages/airflow/example_dags/example_branch_operator.py
[2024-08-18 12:25:10,906] {processor.py:641} INFO - Processing file /home/kai/.local/lib/python3.8/site-packages/airflow/example_dags/example_branch_operator.py for tasks to queue
[2024-08-18 12:25:10,907] {logging_mixin.py:115} INFO - [2024-08-18 12:25:10,907] {dagbag.py:507} INFO - Filling up the DagBag from /home/kai/.local/lib/python3.8/site-packages/airflow/example_dags/example_branch_operator.py
[2024-08-18 12:25:10,917] {processor.py:651} INFO - DAG(s) dict_keys(['example_branch_operator']) retrieved from /home/kai/.local/lib/python3.8/site-packages/airflow/example_dags/example_branch_operator.py
[2024-08-18 12:25:10,933] {logging_mixin.py:115} INFO - [2024-08-18 12:25:10,933] {dag.py:2379} INFO - Sync 1 DAGs
[2024-08-18 12:25:10,955] {logging_mixin.py:115} INFO - [2024-08-18 12:25:10,955] {dag.py:2927} INFO - Setting next_dagrun for example_branch_operator to 2024-08-17T00:00:00+00:00, run_after=2024-08-18T00:00:00+00:00
[2024-08-18 12:25:10,968] {processor.py:161} INFO - Processing /home/kai/.local/lib/python3.8/site-packages/airflow/example_dags/example_branch_operator.py took 0.066 seconds
[2024-08-18 12:25:44,440] {processor.py:153} INFO - Started process (PID=11770) to work on /home/kai/.local/lib/python3.8/site-packages/airflow/example_dags/example_branch_operator.py
[2024-08-18 12:25:44,442] {processor.py:641} INFO - Processing file /home/kai/.local/lib/python3.8/site-packages/airflow/example_dags/example_branch_operator.py for tasks to queue
[2024-08-18 12:25:44,443] {logging_mixin.py:115} INFO - [2024-08-18 12:25:44,443] {dagbag.py:507} INFO - Filling up the DagBag from /home/kai/.local/lib/python3.8/site-packages/airflow/example_dags/example_branch_operator.py
[2024-08-18 12:25:44,453] {processor.py:651} INFO - DAG(s) dict_keys(['example_branch_operator']) retrieved from /home/kai/.local/lib/python3.8/site-packages/airflow/example_dags/example_branch_operator.py
[2024-08-18 12:25:44,471] {logging_mixin.py:115} INFO - [2024-08-18 12:25:44,471] {dag.py:2379} INFO - Sync 1 DAGs
[2024-08-18 12:25:44,490] {logging_mixin.py:115} INFO - [2024-08-18 12:25:44,490] {dag.py:2927} INFO - Setting next_dagrun for example_branch_operator to 2024-08-17T00:00:00+00:00, run_after=2024-08-18T00:00:00+00:00
[2024-08-18 12:25:44,504] {processor.py:161} INFO - Processing /home/kai/.local/lib/python3.8/site-packages/airflow/example_dags/example_branch_operator.py took 0.066 seconds
[2024-08-18 12:26:15,274] {processor.py:153} INFO - Started process (PID=11931) to work on /home/kai/.local/lib/python3.8/site-packages/airflow/example_dags/example_branch_operator.py
[2024-08-18 12:26:15,275] {processor.py:641} INFO - Processing file /home/kai/.local/lib/python3.8/site-packages/airflow/example_dags/example_branch_operator.py for tasks to queue
[2024-08-18 12:26:15,277] {logging_mixin.py:115} INFO - [2024-08-18 12:26:15,277] {dagbag.py:507} INFO - Filling up the DagBag from /home/kai/.local/lib/python3.8/site-packages/airflow/example_dags/example_branch_operator.py
[2024-08-18 12:26:15,287] {processor.py:651} INFO - DAG(s) dict_keys(['example_branch_operator']) retrieved from /home/kai/.local/lib/python3.8/site-packages/airflow/example_dags/example_branch_operator.py
[2024-08-18 12:26:15,303] {logging_mixin.py:115} INFO - [2024-08-18 12:26:15,303] {dag.py:2379} INFO - Sync 1 DAGs
[2024-08-18 12:26:15,321] {logging_mixin.py:115} INFO - [2024-08-18 12:26:15,321] {dag.py:2927} INFO - Setting next_dagrun for example_branch_operator to 2024-08-17T00:00:00+00:00, run_after=2024-08-18T00:00:00+00:00
[2024-08-18 12:26:15,333] {processor.py:161} INFO - Processing /home/kai/.local/lib/python3.8/site-packages/airflow/example_dags/example_branch_operator.py took 0.062 seconds
[2024-08-18 12:26:47,254] {processor.py:153} INFO - Started process (PID=12088) to work on /home/kai/.local/lib/python3.8/site-packages/airflow/example_dags/example_branch_operator.py
[2024-08-18 12:26:47,255] {processor.py:641} INFO - Processing file /home/kai/.local/lib/python3.8/site-packages/airflow/example_dags/example_branch_operator.py for tasks to queue
[2024-08-18 12:26:47,255] {logging_mixin.py:115} INFO - [2024-08-18 12:26:47,255] {dagbag.py:507} INFO - Filling up the DagBag from /home/kai/.local/lib/python3.8/site-packages/airflow/example_dags/example_branch_operator.py
[2024-08-18 12:26:47,265] {processor.py:651} INFO - DAG(s) dict_keys(['example_branch_operator']) retrieved from /home/kai/.local/lib/python3.8/site-packages/airflow/example_dags/example_branch_operator.py
[2024-08-18 12:26:47,284] {logging_mixin.py:115} INFO - [2024-08-18 12:26:47,283] {dag.py:2379} INFO - Sync 1 DAGs
[2024-08-18 12:26:47,302] {logging_mixin.py:115} INFO - [2024-08-18 12:26:47,302] {dag.py:2927} INFO - Setting next_dagrun for example_branch_operator to 2024-08-17T00:00:00+00:00, run_after=2024-08-18T00:00:00+00:00
[2024-08-18 12:26:47,317] {processor.py:161} INFO - Processing /home/kai/.local/lib/python3.8/site-packages/airflow/example_dags/example_branch_operator.py took 0.066 seconds
[2024-08-18 12:27:20,396] {processor.py:153} INFO - Started process (PID=12261) to work on /home/kai/.local/lib/python3.8/site-packages/airflow/example_dags/example_branch_operator.py
[2024-08-18 12:27:20,398] {processor.py:641} INFO - Processing file /home/kai/.local/lib/python3.8/site-packages/airflow/example_dags/example_branch_operator.py for tasks to queue
[2024-08-18 12:27:20,399] {logging_mixin.py:115} INFO - [2024-08-18 12:27:20,399] {dagbag.py:507} INFO - Filling up the DagBag from /home/kai/.local/lib/python3.8/site-packages/airflow/example_dags/example_branch_operator.py
[2024-08-18 12:27:20,416] {processor.py:651} INFO - DAG(s) dict_keys(['example_branch_operator']) retrieved from /home/kai/.local/lib/python3.8/site-packages/airflow/example_dags/example_branch_operator.py
[2024-08-18 12:27:20,438] {logging_mixin.py:115} INFO - [2024-08-18 12:27:20,438] {dag.py:2379} INFO - Sync 1 DAGs
[2024-08-18 12:27:20,463] {logging_mixin.py:115} INFO - [2024-08-18 12:27:20,463] {dag.py:2927} INFO - Setting next_dagrun for example_branch_operator to 2024-08-17T00:00:00+00:00, run_after=2024-08-18T00:00:00+00:00
[2024-08-18 12:27:20,473] {processor.py:161} INFO - Processing /home/kai/.local/lib/python3.8/site-packages/airflow/example_dags/example_branch_operator.py took 0.081 seconds
[2024-08-18 12:27:51,004] {processor.py:153} INFO - Started process (PID=12410) to work on /home/kai/.local/lib/python3.8/site-packages/airflow/example_dags/example_branch_operator.py
[2024-08-18 12:27:51,004] {processor.py:641} INFO - Processing file /home/kai/.local/lib/python3.8/site-packages/airflow/example_dags/example_branch_operator.py for tasks to queue
[2024-08-18 12:27:51,005] {logging_mixin.py:115} INFO - [2024-08-18 12:27:51,005] {dagbag.py:507} INFO - Filling up the DagBag from /home/kai/.local/lib/python3.8/site-packages/airflow/example_dags/example_branch_operator.py
[2024-08-18 12:27:51,018] {processor.py:651} INFO - DAG(s) dict_keys(['example_branch_operator']) retrieved from /home/kai/.local/lib/python3.8/site-packages/airflow/example_dags/example_branch_operator.py
[2024-08-18 12:27:51,038] {logging_mixin.py:115} INFO - [2024-08-18 12:27:51,037] {dag.py:2379} INFO - Sync 1 DAGs
[2024-08-18 12:27:51,069] {logging_mixin.py:115} INFO - [2024-08-18 12:27:51,069] {dag.py:2927} INFO - Setting next_dagrun for example_branch_operator to 2024-08-17T00:00:00+00:00, run_after=2024-08-18T00:00:00+00:00
[2024-08-18 12:27:51,086] {processor.py:161} INFO - Processing /home/kai/.local/lib/python3.8/site-packages/airflow/example_dags/example_branch_operator.py took 0.090 seconds
[2024-08-18 19:40:26,201] {processor.py:153} INFO - Started process (PID=12722) to work on /home/kai/.local/lib/python3.8/site-packages/airflow/example_dags/example_branch_operator.py
[2024-08-18 19:40:26,215] {processor.py:641} INFO - Processing file /home/kai/.local/lib/python3.8/site-packages/airflow/example_dags/example_branch_operator.py for tasks to queue
[2024-08-18 19:40:26,216] {logging_mixin.py:115} INFO - [2024-08-18 19:40:26,216] {dagbag.py:507} INFO - Filling up the DagBag from /home/kai/.local/lib/python3.8/site-packages/airflow/example_dags/example_branch_operator.py
[2024-08-18 19:40:26,227] {processor.py:651} INFO - DAG(s) dict_keys(['example_branch_operator']) retrieved from /home/kai/.local/lib/python3.8/site-packages/airflow/example_dags/example_branch_operator.py
[2024-08-18 19:40:26,252] {logging_mixin.py:115} INFO - [2024-08-18 19:40:26,251] {dag.py:2379} INFO - Sync 1 DAGs
[2024-08-18 19:40:26,289] {logging_mixin.py:115} INFO - [2024-08-18 19:40:26,289] {dag.py:2927} INFO - Setting next_dagrun for example_branch_operator to 2024-08-17T00:00:00+00:00, run_after=2024-08-18T00:00:00+00:00
[2024-08-18 19:40:26,309] {processor.py:161} INFO - Processing /home/kai/.local/lib/python3.8/site-packages/airflow/example_dags/example_branch_operator.py took 0.121 seconds
[2024-08-18 19:41:00,096] {processor.py:153} INFO - Started process (PID=13338) to work on /home/kai/.local/lib/python3.8/site-packages/airflow/example_dags/example_branch_operator.py
[2024-08-18 19:41:00,097] {processor.py:641} INFO - Processing file /home/kai/.local/lib/python3.8/site-packages/airflow/example_dags/example_branch_operator.py for tasks to queue
[2024-08-18 19:41:00,099] {logging_mixin.py:115} INFO - [2024-08-18 19:41:00,098] {dagbag.py:507} INFO - Filling up the DagBag from /home/kai/.local/lib/python3.8/site-packages/airflow/example_dags/example_branch_operator.py
[2024-08-18 19:41:00,108] {processor.py:651} INFO - DAG(s) dict_keys(['example_branch_operator']) retrieved from /home/kai/.local/lib/python3.8/site-packages/airflow/example_dags/example_branch_operator.py
[2024-08-18 19:41:00,130] {logging_mixin.py:115} INFO - [2024-08-18 19:41:00,130] {dag.py:2379} INFO - Sync 1 DAGs
[2024-08-18 19:41:00,146] {logging_mixin.py:115} INFO - [2024-08-18 19:41:00,146] {dag.py:2927} INFO - Setting next_dagrun for example_branch_operator to 2024-08-17T00:00:00+00:00, run_after=2024-08-18T00:00:00+00:00
[2024-08-18 19:41:00,174] {processor.py:161} INFO - Processing /home/kai/.local/lib/python3.8/site-packages/airflow/example_dags/example_branch_operator.py took 0.081 seconds
[2024-08-18 19:41:30,976] {processor.py:153} INFO - Started process (PID=13499) to work on /home/kai/.local/lib/python3.8/site-packages/airflow/example_dags/example_branch_operator.py
[2024-08-18 19:41:30,977] {processor.py:641} INFO - Processing file /home/kai/.local/lib/python3.8/site-packages/airflow/example_dags/example_branch_operator.py for tasks to queue
[2024-08-18 19:41:30,978] {logging_mixin.py:115} INFO - [2024-08-18 19:41:30,978] {dagbag.py:507} INFO - Filling up the DagBag from /home/kai/.local/lib/python3.8/site-packages/airflow/example_dags/example_branch_operator.py
[2024-08-18 19:41:30,986] {processor.py:651} INFO - DAG(s) dict_keys(['example_branch_operator']) retrieved from /home/kai/.local/lib/python3.8/site-packages/airflow/example_dags/example_branch_operator.py
[2024-08-18 19:41:31,004] {logging_mixin.py:115} INFO - [2024-08-18 19:41:31,004] {dag.py:2379} INFO - Sync 1 DAGs
[2024-08-18 19:41:31,027] {logging_mixin.py:115} INFO - [2024-08-18 19:41:31,026] {dag.py:2927} INFO - Setting next_dagrun for example_branch_operator to 2024-08-17T00:00:00+00:00, run_after=2024-08-18T00:00:00+00:00
[2024-08-18 19:41:31,037] {processor.py:161} INFO - Processing /home/kai/.local/lib/python3.8/site-packages/airflow/example_dags/example_branch_operator.py took 0.063 seconds
[2024-08-18 19:42:04,190] {processor.py:153} INFO - Started process (PID=13655) to work on /home/kai/.local/lib/python3.8/site-packages/airflow/example_dags/example_branch_operator.py
[2024-08-18 19:42:04,191] {processor.py:641} INFO - Processing file /home/kai/.local/lib/python3.8/site-packages/airflow/example_dags/example_branch_operator.py for tasks to queue
[2024-08-18 19:42:04,193] {logging_mixin.py:115} INFO - [2024-08-18 19:42:04,192] {dagbag.py:507} INFO - Filling up the DagBag from /home/kai/.local/lib/python3.8/site-packages/airflow/example_dags/example_branch_operator.py
[2024-08-18 19:42:04,204] {processor.py:651} INFO - DAG(s) dict_keys(['example_branch_operator']) retrieved from /home/kai/.local/lib/python3.8/site-packages/airflow/example_dags/example_branch_operator.py
[2024-08-18 19:42:04,222] {logging_mixin.py:115} INFO - [2024-08-18 19:42:04,222] {dag.py:2379} INFO - Sync 1 DAGs
[2024-08-18 19:42:04,237] {logging_mixin.py:115} INFO - [2024-08-18 19:42:04,237] {dag.py:2927} INFO - Setting next_dagrun for example_branch_operator to 2024-08-17T00:00:00+00:00, run_after=2024-08-18T00:00:00+00:00
[2024-08-18 19:42:04,247] {processor.py:161} INFO - Processing /home/kai/.local/lib/python3.8/site-packages/airflow/example_dags/example_branch_operator.py took 0.060 seconds
[2024-08-18 19:42:35,850] {processor.py:153} INFO - Started process (PID=13827) to work on /home/kai/.local/lib/python3.8/site-packages/airflow/example_dags/example_branch_operator.py
[2024-08-18 19:42:35,852] {processor.py:641} INFO - Processing file /home/kai/.local/lib/python3.8/site-packages/airflow/example_dags/example_branch_operator.py for tasks to queue
[2024-08-18 19:42:35,853] {logging_mixin.py:115} INFO - [2024-08-18 19:42:35,853] {dagbag.py:507} INFO - Filling up the DagBag from /home/kai/.local/lib/python3.8/site-packages/airflow/example_dags/example_branch_operator.py
[2024-08-18 19:42:35,870] {processor.py:651} INFO - DAG(s) dict_keys(['example_branch_operator']) retrieved from /home/kai/.local/lib/python3.8/site-packages/airflow/example_dags/example_branch_operator.py
[2024-08-18 19:42:35,886] {logging_mixin.py:115} INFO - [2024-08-18 19:42:35,886] {dag.py:2379} INFO - Sync 1 DAGs
[2024-08-18 19:42:35,904] {logging_mixin.py:115} INFO - [2024-08-18 19:42:35,904] {dag.py:2927} INFO - Setting next_dagrun for example_branch_operator to 2024-08-17T00:00:00+00:00, run_after=2024-08-18T00:00:00+00:00
[2024-08-18 19:42:35,915] {processor.py:161} INFO - Processing /home/kai/.local/lib/python3.8/site-packages/airflow/example_dags/example_branch_operator.py took 0.072 seconds
[2024-08-18 19:43:08,736] {processor.py:153} INFO - Started process (PID=13992) to work on /home/kai/.local/lib/python3.8/site-packages/airflow/example_dags/example_branch_operator.py
[2024-08-18 19:43:08,737] {processor.py:641} INFO - Processing file /home/kai/.local/lib/python3.8/site-packages/airflow/example_dags/example_branch_operator.py for tasks to queue
[2024-08-18 19:43:08,737] {logging_mixin.py:115} INFO - [2024-08-18 19:43:08,737] {dagbag.py:507} INFO - Filling up the DagBag from /home/kai/.local/lib/python3.8/site-packages/airflow/example_dags/example_branch_operator.py
[2024-08-18 19:43:08,746] {processor.py:651} INFO - DAG(s) dict_keys(['example_branch_operator']) retrieved from /home/kai/.local/lib/python3.8/site-packages/airflow/example_dags/example_branch_operator.py
[2024-08-18 19:43:08,759] {logging_mixin.py:115} INFO - [2024-08-18 19:43:08,759] {dag.py:2379} INFO - Sync 1 DAGs
[2024-08-18 19:43:08,773] {logging_mixin.py:115} INFO - [2024-08-18 19:43:08,773] {dag.py:2927} INFO - Setting next_dagrun for example_branch_operator to 2024-08-17T00:00:00+00:00, run_after=2024-08-18T00:00:00+00:00
[2024-08-18 19:43:08,786] {processor.py:161} INFO - Processing /home/kai/.local/lib/python3.8/site-packages/airflow/example_dags/example_branch_operator.py took 0.052 seconds
[2024-08-18 19:43:40,806] {processor.py:153} INFO - Started process (PID=14154) to work on /home/kai/.local/lib/python3.8/site-packages/airflow/example_dags/example_branch_operator.py
[2024-08-18 19:43:40,807] {processor.py:641} INFO - Processing file /home/kai/.local/lib/python3.8/site-packages/airflow/example_dags/example_branch_operator.py for tasks to queue
[2024-08-18 19:43:40,807] {logging_mixin.py:115} INFO - [2024-08-18 19:43:40,807] {dagbag.py:507} INFO - Filling up the DagBag from /home/kai/.local/lib/python3.8/site-packages/airflow/example_dags/example_branch_operator.py
[2024-08-18 19:43:40,817] {processor.py:651} INFO - DAG(s) dict_keys(['example_branch_operator']) retrieved from /home/kai/.local/lib/python3.8/site-packages/airflow/example_dags/example_branch_operator.py
[2024-08-18 19:43:40,831] {logging_mixin.py:115} INFO - [2024-08-18 19:43:40,831] {dag.py:2379} INFO - Sync 1 DAGs
[2024-08-18 19:43:40,846] {logging_mixin.py:115} INFO - [2024-08-18 19:43:40,846] {dag.py:2927} INFO - Setting next_dagrun for example_branch_operator to 2024-08-17T00:00:00+00:00, run_after=2024-08-18T00:00:00+00:00
[2024-08-18 19:43:40,856] {processor.py:161} INFO - Processing /home/kai/.local/lib/python3.8/site-packages/airflow/example_dags/example_branch_operator.py took 0.052 seconds
[2024-08-18 19:44:14,757] {processor.py:153} INFO - Started process (PID=14374) to work on /home/kai/.local/lib/python3.8/site-packages/airflow/example_dags/example_branch_operator.py
[2024-08-18 19:44:14,758] {processor.py:641} INFO - Processing file /home/kai/.local/lib/python3.8/site-packages/airflow/example_dags/example_branch_operator.py for tasks to queue
[2024-08-18 19:44:14,759] {logging_mixin.py:115} INFO - [2024-08-18 19:44:14,759] {dagbag.py:507} INFO - Filling up the DagBag from /home/kai/.local/lib/python3.8/site-packages/airflow/example_dags/example_branch_operator.py
[2024-08-18 19:44:14,771] {processor.py:651} INFO - DAG(s) dict_keys(['example_branch_operator']) retrieved from /home/kai/.local/lib/python3.8/site-packages/airflow/example_dags/example_branch_operator.py
[2024-08-18 19:44:14,786] {logging_mixin.py:115} INFO - [2024-08-18 19:44:14,786] {dag.py:2379} INFO - Sync 1 DAGs
[2024-08-18 19:44:14,802] {logging_mixin.py:115} INFO - [2024-08-18 19:44:14,801] {dag.py:2927} INFO - Setting next_dagrun for example_branch_operator to 2024-08-17T00:00:00+00:00, run_after=2024-08-18T00:00:00+00:00
[2024-08-18 19:44:14,811] {processor.py:161} INFO - Processing /home/kai/.local/lib/python3.8/site-packages/airflow/example_dags/example_branch_operator.py took 0.059 seconds
[2024-08-18 19:44:46,295] {processor.py:153} INFO - Started process (PID=14542) to work on /home/kai/.local/lib/python3.8/site-packages/airflow/example_dags/example_branch_operator.py
[2024-08-18 19:44:46,296] {processor.py:641} INFO - Processing file /home/kai/.local/lib/python3.8/site-packages/airflow/example_dags/example_branch_operator.py for tasks to queue
[2024-08-18 19:44:46,297] {logging_mixin.py:115} INFO - [2024-08-18 19:44:46,297] {dagbag.py:507} INFO - Filling up the DagBag from /home/kai/.local/lib/python3.8/site-packages/airflow/example_dags/example_branch_operator.py
[2024-08-18 19:44:46,309] {processor.py:651} INFO - DAG(s) dict_keys(['example_branch_operator']) retrieved from /home/kai/.local/lib/python3.8/site-packages/airflow/example_dags/example_branch_operator.py
[2024-08-18 19:44:46,328] {logging_mixin.py:115} INFO - [2024-08-18 19:44:46,328] {dag.py:2379} INFO - Sync 1 DAGs
[2024-08-18 19:44:46,346] {logging_mixin.py:115} INFO - [2024-08-18 19:44:46,346] {dag.py:2927} INFO - Setting next_dagrun for example_branch_operator to 2024-08-17T00:00:00+00:00, run_after=2024-08-18T00:00:00+00:00
[2024-08-18 19:44:46,357] {processor.py:161} INFO - Processing /home/kai/.local/lib/python3.8/site-packages/airflow/example_dags/example_branch_operator.py took 0.066 seconds
[2024-08-18 19:45:17,403] {processor.py:153} INFO - Started process (PID=14795) to work on /home/kai/.local/lib/python3.8/site-packages/airflow/example_dags/example_branch_operator.py
[2024-08-18 19:45:17,404] {processor.py:641} INFO - Processing file /home/kai/.local/lib/python3.8/site-packages/airflow/example_dags/example_branch_operator.py for tasks to queue
[2024-08-18 19:45:17,404] {logging_mixin.py:115} INFO - [2024-08-18 19:45:17,404] {dagbag.py:507} INFO - Filling up the DagBag from /home/kai/.local/lib/python3.8/site-packages/airflow/example_dags/example_branch_operator.py
[2024-08-18 19:45:17,415] {processor.py:651} INFO - DAG(s) dict_keys(['example_branch_operator']) retrieved from /home/kai/.local/lib/python3.8/site-packages/airflow/example_dags/example_branch_operator.py
[2024-08-18 19:45:17,427] {logging_mixin.py:115} INFO - [2024-08-18 19:45:17,427] {dag.py:2379} INFO - Sync 1 DAGs
[2024-08-18 19:45:17,442] {logging_mixin.py:115} INFO - [2024-08-18 19:45:17,442] {dag.py:2927} INFO - Setting next_dagrun for example_branch_operator to 2024-08-17T00:00:00+00:00, run_after=2024-08-18T00:00:00+00:00
[2024-08-18 19:45:17,452] {processor.py:161} INFO - Processing /home/kai/.local/lib/python3.8/site-packages/airflow/example_dags/example_branch_operator.py took 0.052 seconds
