[2024-08-18 11:50:06,705] {processor.py:153} INFO - Started process (PID=771099) to work on /home/kai/.local/lib/python3.8/site-packages/airflow/example_dags/example_trigger_target_dag.py
[2024-08-18 11:50:06,705] {processor.py:641} INFO - Processing file /home/kai/.local/lib/python3.8/site-packages/airflow/example_dags/example_trigger_target_dag.py for tasks to queue
[2024-08-18 11:50:06,706] {logging_mixin.py:115} INFO - [2024-08-18 11:50:06,705] {dagbag.py:507} INFO - Filling up the DagBag from /home/kai/.local/lib/python3.8/site-packages/airflow/example_dags/example_trigger_target_dag.py
[2024-08-18 11:50:06,728] {processor.py:651} INFO - DAG(s) dict_keys(['example_trigger_target_dag']) retrieved from /home/kai/.local/lib/python3.8/site-packages/airflow/example_dags/example_trigger_target_dag.py
[2024-08-18 11:50:06,831] {logging_mixin.py:115} INFO - [2024-08-18 11:50:06,831] {manager.py:508} INFO - Created Permission View: can delete on DAG:example_trigger_target_dag
[2024-08-18 11:50:06,839] {logging_mixin.py:115} INFO - [2024-08-18 11:50:06,839] {manager.py:508} INFO - Created Permission View: can read on DAG:example_trigger_target_dag
[2024-08-18 11:50:06,847] {logging_mixin.py:115} INFO - [2024-08-18 11:50:06,847] {manager.py:508} INFO - Created Permission View: can edit on DAG:example_trigger_target_dag
[2024-08-18 11:50:06,847] {logging_mixin.py:115} INFO - [2024-08-18 11:50:06,847] {dag.py:2379} INFO - Sync 1 DAGs
[2024-08-18 11:50:06,854] {logging_mixin.py:115} INFO - [2024-08-18 11:50:06,854] {dag.py:2398} INFO - Creating ORM DAG for example_trigger_target_dag
[2024-08-18 11:50:06,864] {logging_mixin.py:115} INFO - [2024-08-18 11:50:06,864] {dag.py:2927} INFO - Setting next_dagrun for example_trigger_target_dag to None, run_after=None
[2024-08-18 11:50:06,878] {processor.py:161} INFO - Processing /home/kai/.local/lib/python3.8/site-packages/airflow/example_dags/example_trigger_target_dag.py took 0.176 seconds
[2024-08-18 11:50:44,087] {processor.py:153} INFO - Started process (PID=771544) to work on /home/kai/.local/lib/python3.8/site-packages/airflow/example_dags/example_trigger_target_dag.py
[2024-08-18 11:50:44,093] {processor.py:641} INFO - Processing file /home/kai/.local/lib/python3.8/site-packages/airflow/example_dags/example_trigger_target_dag.py for tasks to queue
[2024-08-18 11:50:44,094] {logging_mixin.py:115} INFO - [2024-08-18 11:50:44,094] {dagbag.py:507} INFO - Filling up the DagBag from /home/kai/.local/lib/python3.8/site-packages/airflow/example_dags/example_trigger_target_dag.py
[2024-08-18 11:50:44,109] {processor.py:651} INFO - DAG(s) dict_keys(['example_trigger_target_dag']) retrieved from /home/kai/.local/lib/python3.8/site-packages/airflow/example_dags/example_trigger_target_dag.py
[2024-08-18 11:50:44,133] {logging_mixin.py:115} INFO - [2024-08-18 11:50:44,133] {dag.py:2379} INFO - Sync 1 DAGs
[2024-08-18 11:50:44,152] {logging_mixin.py:115} INFO - [2024-08-18 11:50:44,152] {dag.py:2927} INFO - Setting next_dagrun for example_trigger_target_dag to None, run_after=None
[2024-08-18 11:50:44,170] {processor.py:161} INFO - Processing /home/kai/.local/lib/python3.8/site-packages/airflow/example_dags/example_trigger_target_dag.py took 0.087 seconds
[2024-08-18 11:51:17,415] {processor.py:153} INFO - Started process (PID=771947) to work on /home/kai/.local/lib/python3.8/site-packages/airflow/example_dags/example_trigger_target_dag.py
[2024-08-18 11:51:17,416] {processor.py:641} INFO - Processing file /home/kai/.local/lib/python3.8/site-packages/airflow/example_dags/example_trigger_target_dag.py for tasks to queue
[2024-08-18 11:51:17,419] {logging_mixin.py:115} INFO - [2024-08-18 11:51:17,419] {dagbag.py:507} INFO - Filling up the DagBag from /home/kai/.local/lib/python3.8/site-packages/airflow/example_dags/example_trigger_target_dag.py
[2024-08-18 11:51:17,447] {processor.py:651} INFO - DAG(s) dict_keys(['example_trigger_target_dag']) retrieved from /home/kai/.local/lib/python3.8/site-packages/airflow/example_dags/example_trigger_target_dag.py
[2024-08-18 11:51:17,466] {logging_mixin.py:115} INFO - [2024-08-18 11:51:17,466] {dag.py:2379} INFO - Sync 1 DAGs
[2024-08-18 11:51:17,487] {logging_mixin.py:115} INFO - [2024-08-18 11:51:17,487] {dag.py:2927} INFO - Setting next_dagrun for example_trigger_target_dag to None, run_after=None
[2024-08-18 11:51:17,501] {processor.py:161} INFO - Processing /home/kai/.local/lib/python3.8/site-packages/airflow/example_dags/example_trigger_target_dag.py took 0.091 seconds
[2024-08-18 11:51:55,283] {processor.py:153} INFO - Started process (PID=772695) to work on /home/kai/.local/lib/python3.8/site-packages/airflow/example_dags/example_trigger_target_dag.py
[2024-08-18 11:51:55,283] {processor.py:641} INFO - Processing file /home/kai/.local/lib/python3.8/site-packages/airflow/example_dags/example_trigger_target_dag.py for tasks to queue
[2024-08-18 11:51:55,284] {logging_mixin.py:115} INFO - [2024-08-18 11:51:55,284] {dagbag.py:507} INFO - Filling up the DagBag from /home/kai/.local/lib/python3.8/site-packages/airflow/example_dags/example_trigger_target_dag.py
[2024-08-18 11:51:55,311] {processor.py:651} INFO - DAG(s) dict_keys(['example_trigger_target_dag']) retrieved from /home/kai/.local/lib/python3.8/site-packages/airflow/example_dags/example_trigger_target_dag.py
[2024-08-18 11:51:55,338] {logging_mixin.py:115} INFO - [2024-08-18 11:51:55,337] {dag.py:2379} INFO - Sync 1 DAGs
[2024-08-18 11:51:55,364] {logging_mixin.py:115} INFO - [2024-08-18 11:51:55,363] {dag.py:2927} INFO - Setting next_dagrun for example_trigger_target_dag to None, run_after=None
[2024-08-18 11:51:55,380] {processor.py:161} INFO - Processing /home/kai/.local/lib/python3.8/site-packages/airflow/example_dags/example_trigger_target_dag.py took 0.105 seconds
[2024-08-18 11:52:28,649] {processor.py:153} INFO - Started process (PID=773102) to work on /home/kai/.local/lib/python3.8/site-packages/airflow/example_dags/example_trigger_target_dag.py
[2024-08-18 11:52:28,649] {processor.py:641} INFO - Processing file /home/kai/.local/lib/python3.8/site-packages/airflow/example_dags/example_trigger_target_dag.py for tasks to queue
[2024-08-18 11:52:28,650] {logging_mixin.py:115} INFO - [2024-08-18 11:52:28,650] {dagbag.py:507} INFO - Filling up the DagBag from /home/kai/.local/lib/python3.8/site-packages/airflow/example_dags/example_trigger_target_dag.py
[2024-08-18 11:52:28,662] {processor.py:651} INFO - DAG(s) dict_keys(['example_trigger_target_dag']) retrieved from /home/kai/.local/lib/python3.8/site-packages/airflow/example_dags/example_trigger_target_dag.py
[2024-08-18 11:52:28,681] {logging_mixin.py:115} INFO - [2024-08-18 11:52:28,681] {dag.py:2379} INFO - Sync 1 DAGs
[2024-08-18 11:52:28,695] {logging_mixin.py:115} INFO - [2024-08-18 11:52:28,695] {dag.py:2927} INFO - Setting next_dagrun for example_trigger_target_dag to None, run_after=None
[2024-08-18 11:52:28,711] {processor.py:161} INFO - Processing /home/kai/.local/lib/python3.8/site-packages/airflow/example_dags/example_trigger_target_dag.py took 0.065 seconds
[2024-08-18 11:53:03,396] {processor.py:153} INFO - Started process (PID=773501) to work on /home/kai/.local/lib/python3.8/site-packages/airflow/example_dags/example_trigger_target_dag.py
[2024-08-18 11:53:03,406] {processor.py:641} INFO - Processing file /home/kai/.local/lib/python3.8/site-packages/airflow/example_dags/example_trigger_target_dag.py for tasks to queue
[2024-08-18 11:53:03,406] {logging_mixin.py:115} INFO - [2024-08-18 11:53:03,406] {dagbag.py:507} INFO - Filling up the DagBag from /home/kai/.local/lib/python3.8/site-packages/airflow/example_dags/example_trigger_target_dag.py
[2024-08-18 11:53:03,435] {processor.py:651} INFO - DAG(s) dict_keys(['example_trigger_target_dag']) retrieved from /home/kai/.local/lib/python3.8/site-packages/airflow/example_dags/example_trigger_target_dag.py
[2024-08-18 11:53:03,465] {logging_mixin.py:115} INFO - [2024-08-18 11:53:03,465] {dag.py:2379} INFO - Sync 1 DAGs
[2024-08-18 11:53:03,510] {logging_mixin.py:115} INFO - [2024-08-18 11:53:03,510] {dag.py:2927} INFO - Setting next_dagrun for example_trigger_target_dag to None, run_after=None
[2024-08-18 11:53:03,531] {processor.py:161} INFO - Processing /home/kai/.local/lib/python3.8/site-packages/airflow/example_dags/example_trigger_target_dag.py took 0.139 seconds
[2024-08-18 11:53:37,407] {processor.py:153} INFO - Started process (PID=773902) to work on /home/kai/.local/lib/python3.8/site-packages/airflow/example_dags/example_trigger_target_dag.py
[2024-08-18 11:53:37,411] {processor.py:641} INFO - Processing file /home/kai/.local/lib/python3.8/site-packages/airflow/example_dags/example_trigger_target_dag.py for tasks to queue
[2024-08-18 11:53:37,412] {logging_mixin.py:115} INFO - [2024-08-18 11:53:37,412] {dagbag.py:507} INFO - Filling up the DagBag from /home/kai/.local/lib/python3.8/site-packages/airflow/example_dags/example_trigger_target_dag.py
[2024-08-18 11:53:37,427] {processor.py:651} INFO - DAG(s) dict_keys(['example_trigger_target_dag']) retrieved from /home/kai/.local/lib/python3.8/site-packages/airflow/example_dags/example_trigger_target_dag.py
[2024-08-18 11:53:37,449] {logging_mixin.py:115} INFO - [2024-08-18 11:53:37,449] {dag.py:2379} INFO - Sync 1 DAGs
[2024-08-18 11:53:37,465] {logging_mixin.py:115} INFO - [2024-08-18 11:53:37,465] {dag.py:2927} INFO - Setting next_dagrun for example_trigger_target_dag to None, run_after=None
[2024-08-18 11:53:37,485] {processor.py:161} INFO - Processing /home/kai/.local/lib/python3.8/site-packages/airflow/example_dags/example_trigger_target_dag.py took 0.081 seconds
[2024-08-18 11:54:12,903] {processor.py:153} INFO - Started process (PID=774333) to work on /home/kai/.local/lib/python3.8/site-packages/airflow/example_dags/example_trigger_target_dag.py
[2024-08-18 11:54:12,909] {processor.py:641} INFO - Processing file /home/kai/.local/lib/python3.8/site-packages/airflow/example_dags/example_trigger_target_dag.py for tasks to queue
[2024-08-18 11:54:12,909] {logging_mixin.py:115} INFO - [2024-08-18 11:54:12,909] {dagbag.py:507} INFO - Filling up the DagBag from /home/kai/.local/lib/python3.8/site-packages/airflow/example_dags/example_trigger_target_dag.py
[2024-08-18 11:54:12,931] {processor.py:651} INFO - DAG(s) dict_keys(['example_trigger_target_dag']) retrieved from /home/kai/.local/lib/python3.8/site-packages/airflow/example_dags/example_trigger_target_dag.py
[2024-08-18 11:54:12,949] {logging_mixin.py:115} INFO - [2024-08-18 11:54:12,949] {dag.py:2379} INFO - Sync 1 DAGs
[2024-08-18 11:54:12,982] {logging_mixin.py:115} INFO - [2024-08-18 11:54:12,982] {dag.py:2927} INFO - Setting next_dagrun for example_trigger_target_dag to None, run_after=None
[2024-08-18 11:54:12,998] {processor.py:161} INFO - Processing /home/kai/.local/lib/python3.8/site-packages/airflow/example_dags/example_trigger_target_dag.py took 0.099 seconds
[2024-08-18 11:54:46,164] {processor.py:153} INFO - Started process (PID=774706) to work on /home/kai/.local/lib/python3.8/site-packages/airflow/example_dags/example_trigger_target_dag.py
[2024-08-18 11:54:46,172] {processor.py:641} INFO - Processing file /home/kai/.local/lib/python3.8/site-packages/airflow/example_dags/example_trigger_target_dag.py for tasks to queue
[2024-08-18 11:54:46,173] {logging_mixin.py:115} INFO - [2024-08-18 11:54:46,173] {dagbag.py:507} INFO - Filling up the DagBag from /home/kai/.local/lib/python3.8/site-packages/airflow/example_dags/example_trigger_target_dag.py
[2024-08-18 11:54:46,240] {processor.py:651} INFO - DAG(s) dict_keys(['example_trigger_target_dag']) retrieved from /home/kai/.local/lib/python3.8/site-packages/airflow/example_dags/example_trigger_target_dag.py
[2024-08-18 11:54:46,275] {logging_mixin.py:115} INFO - [2024-08-18 11:54:46,275] {dag.py:2379} INFO - Sync 1 DAGs
[2024-08-18 11:54:46,324] {logging_mixin.py:115} INFO - [2024-08-18 11:54:46,324] {dag.py:2927} INFO - Setting next_dagrun for example_trigger_target_dag to None, run_after=None
[2024-08-18 11:54:46,345] {processor.py:161} INFO - Processing /home/kai/.local/lib/python3.8/site-packages/airflow/example_dags/example_trigger_target_dag.py took 0.186 seconds
[2024-08-18 11:55:21,076] {processor.py:153} INFO - Started process (PID=775146) to work on /home/kai/.local/lib/python3.8/site-packages/airflow/example_dags/example_trigger_target_dag.py
[2024-08-18 11:55:21,078] {processor.py:641} INFO - Processing file /home/kai/.local/lib/python3.8/site-packages/airflow/example_dags/example_trigger_target_dag.py for tasks to queue
[2024-08-18 11:55:21,078] {logging_mixin.py:115} INFO - [2024-08-18 11:55:21,078] {dagbag.py:507} INFO - Filling up the DagBag from /home/kai/.local/lib/python3.8/site-packages/airflow/example_dags/example_trigger_target_dag.py
[2024-08-18 11:55:21,103] {processor.py:651} INFO - DAG(s) dict_keys(['example_trigger_target_dag']) retrieved from /home/kai/.local/lib/python3.8/site-packages/airflow/example_dags/example_trigger_target_dag.py
[2024-08-18 11:55:21,121] {logging_mixin.py:115} INFO - [2024-08-18 11:55:21,121] {dag.py:2379} INFO - Sync 1 DAGs
[2024-08-18 11:55:21,140] {logging_mixin.py:115} INFO - [2024-08-18 11:55:21,140] {dag.py:2927} INFO - Setting next_dagrun for example_trigger_target_dag to None, run_after=None
[2024-08-18 11:55:21,170] {processor.py:161} INFO - Processing /home/kai/.local/lib/python3.8/site-packages/airflow/example_dags/example_trigger_target_dag.py took 0.099 seconds
[2024-08-18 11:55:56,887] {processor.py:153} INFO - Started process (PID=775572) to work on /home/kai/.local/lib/python3.8/site-packages/airflow/example_dags/example_trigger_target_dag.py
[2024-08-18 11:55:56,888] {processor.py:641} INFO - Processing file /home/kai/.local/lib/python3.8/site-packages/airflow/example_dags/example_trigger_target_dag.py for tasks to queue
[2024-08-18 11:55:56,888] {logging_mixin.py:115} INFO - [2024-08-18 11:55:56,888] {dagbag.py:507} INFO - Filling up the DagBag from /home/kai/.local/lib/python3.8/site-packages/airflow/example_dags/example_trigger_target_dag.py
[2024-08-18 11:55:56,922] {processor.py:651} INFO - DAG(s) dict_keys(['example_trigger_target_dag']) retrieved from /home/kai/.local/lib/python3.8/site-packages/airflow/example_dags/example_trigger_target_dag.py
[2024-08-18 11:55:56,958] {logging_mixin.py:115} INFO - [2024-08-18 11:55:56,958] {dag.py:2379} INFO - Sync 1 DAGs
[2024-08-18 11:55:57,000] {logging_mixin.py:115} INFO - [2024-08-18 11:55:57,000] {dag.py:2927} INFO - Setting next_dagrun for example_trigger_target_dag to None, run_after=None
[2024-08-18 11:55:57,024] {processor.py:161} INFO - Processing /home/kai/.local/lib/python3.8/site-packages/airflow/example_dags/example_trigger_target_dag.py took 0.140 seconds
[2024-08-18 11:56:31,052] {processor.py:153} INFO - Started process (PID=775964) to work on /home/kai/.local/lib/python3.8/site-packages/airflow/example_dags/example_trigger_target_dag.py
[2024-08-18 11:56:31,057] {processor.py:641} INFO - Processing file /home/kai/.local/lib/python3.8/site-packages/airflow/example_dags/example_trigger_target_dag.py for tasks to queue
[2024-08-18 11:56:31,057] {logging_mixin.py:115} INFO - [2024-08-18 11:56:31,057] {dagbag.py:507} INFO - Filling up the DagBag from /home/kai/.local/lib/python3.8/site-packages/airflow/example_dags/example_trigger_target_dag.py
[2024-08-18 11:56:31,073] {processor.py:651} INFO - DAG(s) dict_keys(['example_trigger_target_dag']) retrieved from /home/kai/.local/lib/python3.8/site-packages/airflow/example_dags/example_trigger_target_dag.py
[2024-08-18 11:56:31,100] {logging_mixin.py:115} INFO - [2024-08-18 11:56:31,100] {dag.py:2379} INFO - Sync 1 DAGs
[2024-08-18 11:56:31,126] {logging_mixin.py:115} INFO - [2024-08-18 11:56:31,126] {dag.py:2927} INFO - Setting next_dagrun for example_trigger_target_dag to None, run_after=None
[2024-08-18 11:56:31,139] {processor.py:161} INFO - Processing /home/kai/.local/lib/python3.8/site-packages/airflow/example_dags/example_trigger_target_dag.py took 0.090 seconds
[2024-08-18 11:57:04,941] {processor.py:153} INFO - Started process (PID=776329) to work on /home/kai/.local/lib/python3.8/site-packages/airflow/example_dags/example_trigger_target_dag.py
[2024-08-18 11:57:04,945] {processor.py:641} INFO - Processing file /home/kai/.local/lib/python3.8/site-packages/airflow/example_dags/example_trigger_target_dag.py for tasks to queue
[2024-08-18 11:57:04,945] {logging_mixin.py:115} INFO - [2024-08-18 11:57:04,945] {dagbag.py:507} INFO - Filling up the DagBag from /home/kai/.local/lib/python3.8/site-packages/airflow/example_dags/example_trigger_target_dag.py
[2024-08-18 11:57:04,966] {processor.py:651} INFO - DAG(s) dict_keys(['example_trigger_target_dag']) retrieved from /home/kai/.local/lib/python3.8/site-packages/airflow/example_dags/example_trigger_target_dag.py
[2024-08-18 11:57:04,991] {logging_mixin.py:115} INFO - [2024-08-18 11:57:04,990] {dag.py:2379} INFO - Sync 1 DAGs
[2024-08-18 11:57:05,016] {logging_mixin.py:115} INFO - [2024-08-18 11:57:05,016] {dag.py:2927} INFO - Setting next_dagrun for example_trigger_target_dag to None, run_after=None
[2024-08-18 11:57:05,029] {processor.py:161} INFO - Processing /home/kai/.local/lib/python3.8/site-packages/airflow/example_dags/example_trigger_target_dag.py took 0.092 seconds
[2024-08-18 11:57:41,940] {processor.py:153} INFO - Started process (PID=776746) to work on /home/kai/.local/lib/python3.8/site-packages/airflow/example_dags/example_trigger_target_dag.py
[2024-08-18 11:57:41,941] {processor.py:641} INFO - Processing file /home/kai/.local/lib/python3.8/site-packages/airflow/example_dags/example_trigger_target_dag.py for tasks to queue
[2024-08-18 11:57:41,941] {logging_mixin.py:115} INFO - [2024-08-18 11:57:41,941] {dagbag.py:507} INFO - Filling up the DagBag from /home/kai/.local/lib/python3.8/site-packages/airflow/example_dags/example_trigger_target_dag.py
[2024-08-18 11:57:41,972] {processor.py:651} INFO - DAG(s) dict_keys(['example_trigger_target_dag']) retrieved from /home/kai/.local/lib/python3.8/site-packages/airflow/example_dags/example_trigger_target_dag.py
[2024-08-18 11:57:41,997] {logging_mixin.py:115} INFO - [2024-08-18 11:57:41,997] {dag.py:2379} INFO - Sync 1 DAGs
[2024-08-18 11:57:42,037] {logging_mixin.py:115} INFO - [2024-08-18 11:57:42,037] {dag.py:2927} INFO - Setting next_dagrun for example_trigger_target_dag to None, run_after=None
[2024-08-18 11:57:42,057] {processor.py:161} INFO - Processing /home/kai/.local/lib/python3.8/site-packages/airflow/example_dags/example_trigger_target_dag.py took 0.120 seconds
[2024-08-18 11:58:19,229] {processor.py:153} INFO - Started process (PID=777156) to work on /home/kai/.local/lib/python3.8/site-packages/airflow/example_dags/example_trigger_target_dag.py
[2024-08-18 11:58:19,235] {processor.py:641} INFO - Processing file /home/kai/.local/lib/python3.8/site-packages/airflow/example_dags/example_trigger_target_dag.py for tasks to queue
[2024-08-18 11:58:19,236] {logging_mixin.py:115} INFO - [2024-08-18 11:58:19,235] {dagbag.py:507} INFO - Filling up the DagBag from /home/kai/.local/lib/python3.8/site-packages/airflow/example_dags/example_trigger_target_dag.py
[2024-08-18 11:58:19,251] {processor.py:651} INFO - DAG(s) dict_keys(['example_trigger_target_dag']) retrieved from /home/kai/.local/lib/python3.8/site-packages/airflow/example_dags/example_trigger_target_dag.py
[2024-08-18 11:58:19,266] {logging_mixin.py:115} INFO - [2024-08-18 11:58:19,265] {dag.py:2379} INFO - Sync 1 DAGs
[2024-08-18 11:58:19,289] {logging_mixin.py:115} INFO - [2024-08-18 11:58:19,288] {dag.py:2927} INFO - Setting next_dagrun for example_trigger_target_dag to None, run_after=None
[2024-08-18 11:58:19,301] {processor.py:161} INFO - Processing /home/kai/.local/lib/python3.8/site-packages/airflow/example_dags/example_trigger_target_dag.py took 0.074 seconds
[2024-08-18 11:58:55,797] {processor.py:153} INFO - Started process (PID=777579) to work on /home/kai/.local/lib/python3.8/site-packages/airflow/example_dags/example_trigger_target_dag.py
[2024-08-18 11:58:55,799] {processor.py:641} INFO - Processing file /home/kai/.local/lib/python3.8/site-packages/airflow/example_dags/example_trigger_target_dag.py for tasks to queue
[2024-08-18 11:58:55,806] {logging_mixin.py:115} INFO - [2024-08-18 11:58:55,806] {dagbag.py:507} INFO - Filling up the DagBag from /home/kai/.local/lib/python3.8/site-packages/airflow/example_dags/example_trigger_target_dag.py
[2024-08-18 11:58:55,828] {processor.py:651} INFO - DAG(s) dict_keys(['example_trigger_target_dag']) retrieved from /home/kai/.local/lib/python3.8/site-packages/airflow/example_dags/example_trigger_target_dag.py
[2024-08-18 11:58:55,852] {logging_mixin.py:115} INFO - [2024-08-18 11:58:55,852] {dag.py:2379} INFO - Sync 1 DAGs
[2024-08-18 11:58:55,878] {logging_mixin.py:115} INFO - [2024-08-18 11:58:55,878] {dag.py:2927} INFO - Setting next_dagrun for example_trigger_target_dag to None, run_after=None
[2024-08-18 11:58:55,896] {processor.py:161} INFO - Processing /home/kai/.local/lib/python3.8/site-packages/airflow/example_dags/example_trigger_target_dag.py took 0.103 seconds
[2024-08-18 11:59:33,247] {processor.py:153} INFO - Started process (PID=778002) to work on /home/kai/.local/lib/python3.8/site-packages/airflow/example_dags/example_trigger_target_dag.py
[2024-08-18 11:59:33,262] {processor.py:641} INFO - Processing file /home/kai/.local/lib/python3.8/site-packages/airflow/example_dags/example_trigger_target_dag.py for tasks to queue
[2024-08-18 11:59:33,262] {logging_mixin.py:115} INFO - [2024-08-18 11:59:33,262] {dagbag.py:507} INFO - Filling up the DagBag from /home/kai/.local/lib/python3.8/site-packages/airflow/example_dags/example_trigger_target_dag.py
[2024-08-18 11:59:33,291] {processor.py:651} INFO - DAG(s) dict_keys(['example_trigger_target_dag']) retrieved from /home/kai/.local/lib/python3.8/site-packages/airflow/example_dags/example_trigger_target_dag.py
[2024-08-18 11:59:33,331] {logging_mixin.py:115} INFO - [2024-08-18 11:59:33,330] {dag.py:2379} INFO - Sync 1 DAGs
[2024-08-18 11:59:33,353] {logging_mixin.py:115} INFO - [2024-08-18 11:59:33,353] {dag.py:2927} INFO - Setting next_dagrun for example_trigger_target_dag to None, run_after=None
[2024-08-18 11:59:33,367] {processor.py:161} INFO - Processing /home/kai/.local/lib/python3.8/site-packages/airflow/example_dags/example_trigger_target_dag.py took 0.123 seconds
[2024-08-18 12:03:13,940] {processor.py:153} INFO - Started process (PID=4316) to work on /home/kai/.local/lib/python3.8/site-packages/airflow/example_dags/example_trigger_target_dag.py
[2024-08-18 12:03:13,941] {processor.py:641} INFO - Processing file /home/kai/.local/lib/python3.8/site-packages/airflow/example_dags/example_trigger_target_dag.py for tasks to queue
[2024-08-18 12:03:13,941] {logging_mixin.py:115} INFO - [2024-08-18 12:03:13,941] {dagbag.py:507} INFO - Filling up the DagBag from /home/kai/.local/lib/python3.8/site-packages/airflow/example_dags/example_trigger_target_dag.py
[2024-08-18 12:03:13,955] {processor.py:651} INFO - DAG(s) dict_keys(['example_trigger_target_dag']) retrieved from /home/kai/.local/lib/python3.8/site-packages/airflow/example_dags/example_trigger_target_dag.py
[2024-08-18 12:03:13,970] {logging_mixin.py:115} INFO - [2024-08-18 12:03:13,970] {dag.py:2379} INFO - Sync 1 DAGs
[2024-08-18 12:03:13,983] {logging_mixin.py:115} INFO - [2024-08-18 12:03:13,983] {dag.py:2927} INFO - Setting next_dagrun for example_trigger_target_dag to None, run_after=None
[2024-08-18 12:03:13,992] {processor.py:161} INFO - Processing /home/kai/.local/lib/python3.8/site-packages/airflow/example_dags/example_trigger_target_dag.py took 0.054 seconds
[2024-08-18 12:03:46,027] {processor.py:153} INFO - Started process (PID=4803) to work on /home/kai/.local/lib/python3.8/site-packages/airflow/example_dags/example_trigger_target_dag.py
[2024-08-18 12:03:46,028] {processor.py:641} INFO - Processing file /home/kai/.local/lib/python3.8/site-packages/airflow/example_dags/example_trigger_target_dag.py for tasks to queue
[2024-08-18 12:03:46,029] {logging_mixin.py:115} INFO - [2024-08-18 12:03:46,028] {dagbag.py:507} INFO - Filling up the DagBag from /home/kai/.local/lib/python3.8/site-packages/airflow/example_dags/example_trigger_target_dag.py
[2024-08-18 12:03:46,055] {processor.py:651} INFO - DAG(s) dict_keys(['example_trigger_target_dag']) retrieved from /home/kai/.local/lib/python3.8/site-packages/airflow/example_dags/example_trigger_target_dag.py
[2024-08-18 12:03:46,072] {logging_mixin.py:115} INFO - [2024-08-18 12:03:46,072] {dag.py:2379} INFO - Sync 1 DAGs
[2024-08-18 12:03:46,096] {logging_mixin.py:115} INFO - [2024-08-18 12:03:46,096] {dag.py:2927} INFO - Setting next_dagrun for example_trigger_target_dag to None, run_after=None
[2024-08-18 12:03:46,118] {processor.py:161} INFO - Processing /home/kai/.local/lib/python3.8/site-packages/airflow/example_dags/example_trigger_target_dag.py took 0.094 seconds
[2024-08-18 12:04:20,934] {processor.py:153} INFO - Started process (PID=4986) to work on /home/kai/.local/lib/python3.8/site-packages/airflow/example_dags/example_trigger_target_dag.py
[2024-08-18 12:04:20,935] {processor.py:641} INFO - Processing file /home/kai/.local/lib/python3.8/site-packages/airflow/example_dags/example_trigger_target_dag.py for tasks to queue
[2024-08-18 12:04:20,935] {logging_mixin.py:115} INFO - [2024-08-18 12:04:20,935] {dagbag.py:507} INFO - Filling up the DagBag from /home/kai/.local/lib/python3.8/site-packages/airflow/example_dags/example_trigger_target_dag.py
[2024-08-18 12:04:20,949] {processor.py:651} INFO - DAG(s) dict_keys(['example_trigger_target_dag']) retrieved from /home/kai/.local/lib/python3.8/site-packages/airflow/example_dags/example_trigger_target_dag.py
[2024-08-18 12:04:20,964] {logging_mixin.py:115} INFO - [2024-08-18 12:04:20,964] {dag.py:2379} INFO - Sync 1 DAGs
[2024-08-18 12:04:20,978] {logging_mixin.py:115} INFO - [2024-08-18 12:04:20,978] {dag.py:2927} INFO - Setting next_dagrun for example_trigger_target_dag to None, run_after=None
[2024-08-18 12:04:20,992] {processor.py:161} INFO - Processing /home/kai/.local/lib/python3.8/site-packages/airflow/example_dags/example_trigger_target_dag.py took 0.061 seconds
[2024-08-18 12:04:54,472] {processor.py:153} INFO - Started process (PID=5149) to work on /home/kai/.local/lib/python3.8/site-packages/airflow/example_dags/example_trigger_target_dag.py
[2024-08-18 12:04:54,473] {processor.py:641} INFO - Processing file /home/kai/.local/lib/python3.8/site-packages/airflow/example_dags/example_trigger_target_dag.py for tasks to queue
[2024-08-18 12:04:54,474] {logging_mixin.py:115} INFO - [2024-08-18 12:04:54,474] {dagbag.py:507} INFO - Filling up the DagBag from /home/kai/.local/lib/python3.8/site-packages/airflow/example_dags/example_trigger_target_dag.py
[2024-08-18 12:04:54,489] {processor.py:651} INFO - DAG(s) dict_keys(['example_trigger_target_dag']) retrieved from /home/kai/.local/lib/python3.8/site-packages/airflow/example_dags/example_trigger_target_dag.py
[2024-08-18 12:04:54,504] {logging_mixin.py:115} INFO - [2024-08-18 12:04:54,504] {dag.py:2379} INFO - Sync 1 DAGs
[2024-08-18 12:04:54,519] {logging_mixin.py:115} INFO - [2024-08-18 12:04:54,519] {dag.py:2927} INFO - Setting next_dagrun for example_trigger_target_dag to None, run_after=None
[2024-08-18 12:04:54,530] {processor.py:161} INFO - Processing /home/kai/.local/lib/python3.8/site-packages/airflow/example_dags/example_trigger_target_dag.py took 0.060 seconds
[2024-08-18 12:05:26,297] {processor.py:153} INFO - Started process (PID=5324) to work on /home/kai/.local/lib/python3.8/site-packages/airflow/example_dags/example_trigger_target_dag.py
[2024-08-18 12:05:26,298] {processor.py:641} INFO - Processing file /home/kai/.local/lib/python3.8/site-packages/airflow/example_dags/example_trigger_target_dag.py for tasks to queue
[2024-08-18 12:05:26,298] {logging_mixin.py:115} INFO - [2024-08-18 12:05:26,298] {dagbag.py:507} INFO - Filling up the DagBag from /home/kai/.local/lib/python3.8/site-packages/airflow/example_dags/example_trigger_target_dag.py
[2024-08-18 12:05:26,316] {processor.py:651} INFO - DAG(s) dict_keys(['example_trigger_target_dag']) retrieved from /home/kai/.local/lib/python3.8/site-packages/airflow/example_dags/example_trigger_target_dag.py
[2024-08-18 12:05:26,332] {logging_mixin.py:115} INFO - [2024-08-18 12:05:26,332] {dag.py:2379} INFO - Sync 1 DAGs
[2024-08-18 12:05:26,348] {logging_mixin.py:115} INFO - [2024-08-18 12:05:26,348] {dag.py:2927} INFO - Setting next_dagrun for example_trigger_target_dag to None, run_after=None
[2024-08-18 12:05:26,361] {processor.py:161} INFO - Processing /home/kai/.local/lib/python3.8/site-packages/airflow/example_dags/example_trigger_target_dag.py took 0.066 seconds
[2024-08-18 12:05:57,752] {processor.py:153} INFO - Started process (PID=5488) to work on /home/kai/.local/lib/python3.8/site-packages/airflow/example_dags/example_trigger_target_dag.py
[2024-08-18 12:05:57,753] {processor.py:641} INFO - Processing file /home/kai/.local/lib/python3.8/site-packages/airflow/example_dags/example_trigger_target_dag.py for tasks to queue
[2024-08-18 12:05:57,754] {logging_mixin.py:115} INFO - [2024-08-18 12:05:57,754] {dagbag.py:507} INFO - Filling up the DagBag from /home/kai/.local/lib/python3.8/site-packages/airflow/example_dags/example_trigger_target_dag.py
[2024-08-18 12:05:57,769] {processor.py:651} INFO - DAG(s) dict_keys(['example_trigger_target_dag']) retrieved from /home/kai/.local/lib/python3.8/site-packages/airflow/example_dags/example_trigger_target_dag.py
[2024-08-18 12:05:57,783] {logging_mixin.py:115} INFO - [2024-08-18 12:05:57,783] {dag.py:2379} INFO - Sync 1 DAGs
[2024-08-18 12:05:57,803] {logging_mixin.py:115} INFO - [2024-08-18 12:05:57,803] {dag.py:2927} INFO - Setting next_dagrun for example_trigger_target_dag to None, run_after=None
[2024-08-18 12:05:57,813] {processor.py:161} INFO - Processing /home/kai/.local/lib/python3.8/site-packages/airflow/example_dags/example_trigger_target_dag.py took 0.065 seconds
[2024-08-18 12:06:30,550] {processor.py:153} INFO - Started process (PID=5666) to work on /home/kai/.local/lib/python3.8/site-packages/airflow/example_dags/example_trigger_target_dag.py
[2024-08-18 12:06:30,552] {processor.py:641} INFO - Processing file /home/kai/.local/lib/python3.8/site-packages/airflow/example_dags/example_trigger_target_dag.py for tasks to queue
[2024-08-18 12:06:30,553] {logging_mixin.py:115} INFO - [2024-08-18 12:06:30,553] {dagbag.py:507} INFO - Filling up the DagBag from /home/kai/.local/lib/python3.8/site-packages/airflow/example_dags/example_trigger_target_dag.py
[2024-08-18 12:06:30,572] {processor.py:651} INFO - DAG(s) dict_keys(['example_trigger_target_dag']) retrieved from /home/kai/.local/lib/python3.8/site-packages/airflow/example_dags/example_trigger_target_dag.py
[2024-08-18 12:06:30,589] {logging_mixin.py:115} INFO - [2024-08-18 12:06:30,589] {dag.py:2379} INFO - Sync 1 DAGs
[2024-08-18 12:06:30,608] {logging_mixin.py:115} INFO - [2024-08-18 12:06:30,608] {dag.py:2927} INFO - Setting next_dagrun for example_trigger_target_dag to None, run_after=None
[2024-08-18 12:06:30,619] {processor.py:161} INFO - Processing /home/kai/.local/lib/python3.8/site-packages/airflow/example_dags/example_trigger_target_dag.py took 0.075 seconds
[2024-08-18 12:07:05,122] {processor.py:153} INFO - Started process (PID=5836) to work on /home/kai/.local/lib/python3.8/site-packages/airflow/example_dags/example_trigger_target_dag.py
[2024-08-18 12:07:05,123] {processor.py:641} INFO - Processing file /home/kai/.local/lib/python3.8/site-packages/airflow/example_dags/example_trigger_target_dag.py for tasks to queue
[2024-08-18 12:07:05,123] {logging_mixin.py:115} INFO - [2024-08-18 12:07:05,123] {dagbag.py:507} INFO - Filling up the DagBag from /home/kai/.local/lib/python3.8/site-packages/airflow/example_dags/example_trigger_target_dag.py
[2024-08-18 12:07:05,139] {processor.py:651} INFO - DAG(s) dict_keys(['example_trigger_target_dag']) retrieved from /home/kai/.local/lib/python3.8/site-packages/airflow/example_dags/example_trigger_target_dag.py
[2024-08-18 12:07:05,154] {logging_mixin.py:115} INFO - [2024-08-18 12:07:05,154] {dag.py:2379} INFO - Sync 1 DAGs
[2024-08-18 12:07:05,171] {logging_mixin.py:115} INFO - [2024-08-18 12:07:05,171] {dag.py:2927} INFO - Setting next_dagrun for example_trigger_target_dag to None, run_after=None
[2024-08-18 12:07:05,182] {processor.py:161} INFO - Processing /home/kai/.local/lib/python3.8/site-packages/airflow/example_dags/example_trigger_target_dag.py took 0.063 seconds
[2024-08-18 12:07:36,102] {processor.py:153} INFO - Started process (PID=6000) to work on /home/kai/.local/lib/python3.8/site-packages/airflow/example_dags/example_trigger_target_dag.py
[2024-08-18 12:07:36,103] {processor.py:641} INFO - Processing file /home/kai/.local/lib/python3.8/site-packages/airflow/example_dags/example_trigger_target_dag.py for tasks to queue
[2024-08-18 12:07:36,104] {logging_mixin.py:115} INFO - [2024-08-18 12:07:36,104] {dagbag.py:507} INFO - Filling up the DagBag from /home/kai/.local/lib/python3.8/site-packages/airflow/example_dags/example_trigger_target_dag.py
[2024-08-18 12:07:36,120] {processor.py:651} INFO - DAG(s) dict_keys(['example_trigger_target_dag']) retrieved from /home/kai/.local/lib/python3.8/site-packages/airflow/example_dags/example_trigger_target_dag.py
[2024-08-18 12:07:36,140] {logging_mixin.py:115} INFO - [2024-08-18 12:07:36,140] {dag.py:2379} INFO - Sync 1 DAGs
[2024-08-18 12:07:36,158] {logging_mixin.py:115} INFO - [2024-08-18 12:07:36,158] {dag.py:2927} INFO - Setting next_dagrun for example_trigger_target_dag to None, run_after=None
[2024-08-18 12:07:36,169] {processor.py:161} INFO - Processing /home/kai/.local/lib/python3.8/site-packages/airflow/example_dags/example_trigger_target_dag.py took 0.070 seconds
[2024-08-18 12:08:10,519] {processor.py:153} INFO - Started process (PID=6232) to work on /home/kai/.local/lib/python3.8/site-packages/airflow/example_dags/example_trigger_target_dag.py
[2024-08-18 12:08:10,520] {processor.py:641} INFO - Processing file /home/kai/.local/lib/python3.8/site-packages/airflow/example_dags/example_trigger_target_dag.py for tasks to queue
[2024-08-18 12:08:10,521] {logging_mixin.py:115} INFO - [2024-08-18 12:08:10,521] {dagbag.py:507} INFO - Filling up the DagBag from /home/kai/.local/lib/python3.8/site-packages/airflow/example_dags/example_trigger_target_dag.py
[2024-08-18 12:08:10,535] {processor.py:651} INFO - DAG(s) dict_keys(['example_trigger_target_dag']) retrieved from /home/kai/.local/lib/python3.8/site-packages/airflow/example_dags/example_trigger_target_dag.py
[2024-08-18 12:08:10,549] {logging_mixin.py:115} INFO - [2024-08-18 12:08:10,549] {dag.py:2379} INFO - Sync 1 DAGs
[2024-08-18 12:08:10,565] {logging_mixin.py:115} INFO - [2024-08-18 12:08:10,564] {dag.py:2927} INFO - Setting next_dagrun for example_trigger_target_dag to None, run_after=None
[2024-08-18 12:08:10,575] {processor.py:161} INFO - Processing /home/kai/.local/lib/python3.8/site-packages/airflow/example_dags/example_trigger_target_dag.py took 0.059 seconds
[2024-08-18 12:08:41,898] {processor.py:153} INFO - Started process (PID=6387) to work on /home/kai/.local/lib/python3.8/site-packages/airflow/example_dags/example_trigger_target_dag.py
[2024-08-18 12:08:41,899] {processor.py:641} INFO - Processing file /home/kai/.local/lib/python3.8/site-packages/airflow/example_dags/example_trigger_target_dag.py for tasks to queue
[2024-08-18 12:08:41,899] {logging_mixin.py:115} INFO - [2024-08-18 12:08:41,899] {dagbag.py:507} INFO - Filling up the DagBag from /home/kai/.local/lib/python3.8/site-packages/airflow/example_dags/example_trigger_target_dag.py
[2024-08-18 12:08:41,914] {processor.py:651} INFO - DAG(s) dict_keys(['example_trigger_target_dag']) retrieved from /home/kai/.local/lib/python3.8/site-packages/airflow/example_dags/example_trigger_target_dag.py
[2024-08-18 12:08:41,929] {logging_mixin.py:115} INFO - [2024-08-18 12:08:41,928] {dag.py:2379} INFO - Sync 1 DAGs
[2024-08-18 12:08:41,944] {logging_mixin.py:115} INFO - [2024-08-18 12:08:41,943] {dag.py:2927} INFO - Setting next_dagrun for example_trigger_target_dag to None, run_after=None
[2024-08-18 12:08:41,955] {processor.py:161} INFO - Processing /home/kai/.local/lib/python3.8/site-packages/airflow/example_dags/example_trigger_target_dag.py took 0.059 seconds
[2024-08-18 12:09:15,668] {processor.py:153} INFO - Started process (PID=6561) to work on /home/kai/.local/lib/python3.8/site-packages/airflow/example_dags/example_trigger_target_dag.py
[2024-08-18 12:09:15,669] {processor.py:641} INFO - Processing file /home/kai/.local/lib/python3.8/site-packages/airflow/example_dags/example_trigger_target_dag.py for tasks to queue
[2024-08-18 12:09:15,670] {logging_mixin.py:115} INFO - [2024-08-18 12:09:15,670] {dagbag.py:507} INFO - Filling up the DagBag from /home/kai/.local/lib/python3.8/site-packages/airflow/example_dags/example_trigger_target_dag.py
[2024-08-18 12:09:15,684] {processor.py:651} INFO - DAG(s) dict_keys(['example_trigger_target_dag']) retrieved from /home/kai/.local/lib/python3.8/site-packages/airflow/example_dags/example_trigger_target_dag.py
[2024-08-18 12:09:15,699] {logging_mixin.py:115} INFO - [2024-08-18 12:09:15,699] {dag.py:2379} INFO - Sync 1 DAGs
[2024-08-18 12:09:15,716] {logging_mixin.py:115} INFO - [2024-08-18 12:09:15,716] {dag.py:2927} INFO - Setting next_dagrun for example_trigger_target_dag to None, run_after=None
[2024-08-18 12:09:15,728] {processor.py:161} INFO - Processing /home/kai/.local/lib/python3.8/site-packages/airflow/example_dags/example_trigger_target_dag.py took 0.063 seconds
[2024-08-18 12:09:48,333] {processor.py:153} INFO - Started process (PID=6723) to work on /home/kai/.local/lib/python3.8/site-packages/airflow/example_dags/example_trigger_target_dag.py
[2024-08-18 12:09:48,334] {processor.py:641} INFO - Processing file /home/kai/.local/lib/python3.8/site-packages/airflow/example_dags/example_trigger_target_dag.py for tasks to queue
[2024-08-18 12:09:48,334] {logging_mixin.py:115} INFO - [2024-08-18 12:09:48,334] {dagbag.py:507} INFO - Filling up the DagBag from /home/kai/.local/lib/python3.8/site-packages/airflow/example_dags/example_trigger_target_dag.py
[2024-08-18 12:09:48,351] {processor.py:651} INFO - DAG(s) dict_keys(['example_trigger_target_dag']) retrieved from /home/kai/.local/lib/python3.8/site-packages/airflow/example_dags/example_trigger_target_dag.py
[2024-08-18 12:09:48,366] {logging_mixin.py:115} INFO - [2024-08-18 12:09:48,366] {dag.py:2379} INFO - Sync 1 DAGs
[2024-08-18 12:09:48,383] {logging_mixin.py:115} INFO - [2024-08-18 12:09:48,383] {dag.py:2927} INFO - Setting next_dagrun for example_trigger_target_dag to None, run_after=None
[2024-08-18 12:09:48,398] {processor.py:161} INFO - Processing /home/kai/.local/lib/python3.8/site-packages/airflow/example_dags/example_trigger_target_dag.py took 0.068 seconds
[2024-08-18 12:10:22,909] {processor.py:153} INFO - Started process (PID=6904) to work on /home/kai/.local/lib/python3.8/site-packages/airflow/example_dags/example_trigger_target_dag.py
[2024-08-18 12:10:22,910] {processor.py:641} INFO - Processing file /home/kai/.local/lib/python3.8/site-packages/airflow/example_dags/example_trigger_target_dag.py for tasks to queue
[2024-08-18 12:10:22,910] {logging_mixin.py:115} INFO - [2024-08-18 12:10:22,910] {dagbag.py:507} INFO - Filling up the DagBag from /home/kai/.local/lib/python3.8/site-packages/airflow/example_dags/example_trigger_target_dag.py
[2024-08-18 12:10:22,929] {processor.py:651} INFO - DAG(s) dict_keys(['example_trigger_target_dag']) retrieved from /home/kai/.local/lib/python3.8/site-packages/airflow/example_dags/example_trigger_target_dag.py
[2024-08-18 12:10:22,945] {logging_mixin.py:115} INFO - [2024-08-18 12:10:22,944] {dag.py:2379} INFO - Sync 1 DAGs
[2024-08-18 12:10:22,959] {logging_mixin.py:115} INFO - [2024-08-18 12:10:22,959] {dag.py:2927} INFO - Setting next_dagrun for example_trigger_target_dag to None, run_after=None
[2024-08-18 12:10:22,968] {processor.py:161} INFO - Processing /home/kai/.local/lib/python3.8/site-packages/airflow/example_dags/example_trigger_target_dag.py took 0.062 seconds
[2024-08-18 12:10:56,551] {processor.py:153} INFO - Started process (PID=7069) to work on /home/kai/.local/lib/python3.8/site-packages/airflow/example_dags/example_trigger_target_dag.py
[2024-08-18 12:10:56,552] {processor.py:641} INFO - Processing file /home/kai/.local/lib/python3.8/site-packages/airflow/example_dags/example_trigger_target_dag.py for tasks to queue
[2024-08-18 12:10:56,552] {logging_mixin.py:115} INFO - [2024-08-18 12:10:56,552] {dagbag.py:507} INFO - Filling up the DagBag from /home/kai/.local/lib/python3.8/site-packages/airflow/example_dags/example_trigger_target_dag.py
[2024-08-18 12:10:56,568] {processor.py:651} INFO - DAG(s) dict_keys(['example_trigger_target_dag']) retrieved from /home/kai/.local/lib/python3.8/site-packages/airflow/example_dags/example_trigger_target_dag.py
[2024-08-18 12:10:56,586] {logging_mixin.py:115} INFO - [2024-08-18 12:10:56,586] {dag.py:2379} INFO - Sync 1 DAGs
[2024-08-18 12:10:56,605] {logging_mixin.py:115} INFO - [2024-08-18 12:10:56,605] {dag.py:2927} INFO - Setting next_dagrun for example_trigger_target_dag to None, run_after=None
[2024-08-18 12:10:56,616] {processor.py:161} INFO - Processing /home/kai/.local/lib/python3.8/site-packages/airflow/example_dags/example_trigger_target_dag.py took 0.068 seconds
[2024-08-18 12:11:28,240] {processor.py:153} INFO - Started process (PID=7235) to work on /home/kai/.local/lib/python3.8/site-packages/airflow/example_dags/example_trigger_target_dag.py
[2024-08-18 12:11:28,240] {processor.py:641} INFO - Processing file /home/kai/.local/lib/python3.8/site-packages/airflow/example_dags/example_trigger_target_dag.py for tasks to queue
[2024-08-18 12:11:28,241] {logging_mixin.py:115} INFO - [2024-08-18 12:11:28,241] {dagbag.py:507} INFO - Filling up the DagBag from /home/kai/.local/lib/python3.8/site-packages/airflow/example_dags/example_trigger_target_dag.py
[2024-08-18 12:11:28,254] {processor.py:651} INFO - DAG(s) dict_keys(['example_trigger_target_dag']) retrieved from /home/kai/.local/lib/python3.8/site-packages/airflow/example_dags/example_trigger_target_dag.py
[2024-08-18 12:11:28,266] {logging_mixin.py:115} INFO - [2024-08-18 12:11:28,266] {dag.py:2379} INFO - Sync 1 DAGs
[2024-08-18 12:11:28,280] {logging_mixin.py:115} INFO - [2024-08-18 12:11:28,280] {dag.py:2927} INFO - Setting next_dagrun for example_trigger_target_dag to None, run_after=None
[2024-08-18 12:11:28,290] {processor.py:161} INFO - Processing /home/kai/.local/lib/python3.8/site-packages/airflow/example_dags/example_trigger_target_dag.py took 0.053 seconds
[2024-08-18 12:12:03,816] {processor.py:153} INFO - Started process (PID=7398) to work on /home/kai/.local/lib/python3.8/site-packages/airflow/example_dags/example_trigger_target_dag.py
[2024-08-18 12:12:03,817] {processor.py:641} INFO - Processing file /home/kai/.local/lib/python3.8/site-packages/airflow/example_dags/example_trigger_target_dag.py for tasks to queue
[2024-08-18 12:12:03,818] {logging_mixin.py:115} INFO - [2024-08-18 12:12:03,818] {dagbag.py:507} INFO - Filling up the DagBag from /home/kai/.local/lib/python3.8/site-packages/airflow/example_dags/example_trigger_target_dag.py
[2024-08-18 12:12:03,842] {processor.py:651} INFO - DAG(s) dict_keys(['example_trigger_target_dag']) retrieved from /home/kai/.local/lib/python3.8/site-packages/airflow/example_dags/example_trigger_target_dag.py
[2024-08-18 12:12:03,864] {logging_mixin.py:115} INFO - [2024-08-18 12:12:03,864] {dag.py:2379} INFO - Sync 1 DAGs
[2024-08-18 12:12:03,892] {logging_mixin.py:115} INFO - [2024-08-18 12:12:03,892] {dag.py:2927} INFO - Setting next_dagrun for example_trigger_target_dag to None, run_after=None
[2024-08-18 12:12:03,914] {processor.py:161} INFO - Processing /home/kai/.local/lib/python3.8/site-packages/airflow/example_dags/example_trigger_target_dag.py took 0.101 seconds
[2024-08-18 12:12:36,111] {processor.py:153} INFO - Started process (PID=7564) to work on /home/kai/.local/lib/python3.8/site-packages/airflow/example_dags/example_trigger_target_dag.py
[2024-08-18 12:12:36,112] {processor.py:641} INFO - Processing file /home/kai/.local/lib/python3.8/site-packages/airflow/example_dags/example_trigger_target_dag.py for tasks to queue
[2024-08-18 12:12:36,112] {logging_mixin.py:115} INFO - [2024-08-18 12:12:36,112] {dagbag.py:507} INFO - Filling up the DagBag from /home/kai/.local/lib/python3.8/site-packages/airflow/example_dags/example_trigger_target_dag.py
[2024-08-18 12:12:36,128] {processor.py:651} INFO - DAG(s) dict_keys(['example_trigger_target_dag']) retrieved from /home/kai/.local/lib/python3.8/site-packages/airflow/example_dags/example_trigger_target_dag.py
[2024-08-18 12:12:36,148] {logging_mixin.py:115} INFO - [2024-08-18 12:12:36,148] {dag.py:2379} INFO - Sync 1 DAGs
[2024-08-18 12:12:36,166] {logging_mixin.py:115} INFO - [2024-08-18 12:12:36,166] {dag.py:2927} INFO - Setting next_dagrun for example_trigger_target_dag to None, run_after=None
[2024-08-18 12:12:36,184] {processor.py:161} INFO - Processing /home/kai/.local/lib/python3.8/site-packages/airflow/example_dags/example_trigger_target_dag.py took 0.076 seconds
[2024-08-18 12:13:08,121] {processor.py:153} INFO - Started process (PID=7769) to work on /home/kai/.local/lib/python3.8/site-packages/airflow/example_dags/example_trigger_target_dag.py
[2024-08-18 12:13:08,122] {processor.py:641} INFO - Processing file /home/kai/.local/lib/python3.8/site-packages/airflow/example_dags/example_trigger_target_dag.py for tasks to queue
[2024-08-18 12:13:08,122] {logging_mixin.py:115} INFO - [2024-08-18 12:13:08,122] {dagbag.py:507} INFO - Filling up the DagBag from /home/kai/.local/lib/python3.8/site-packages/airflow/example_dags/example_trigger_target_dag.py
[2024-08-18 12:13:08,144] {processor.py:651} INFO - DAG(s) dict_keys(['example_trigger_target_dag']) retrieved from /home/kai/.local/lib/python3.8/site-packages/airflow/example_dags/example_trigger_target_dag.py
[2024-08-18 12:13:08,160] {logging_mixin.py:115} INFO - [2024-08-18 12:13:08,160] {dag.py:2379} INFO - Sync 1 DAGs
[2024-08-18 12:13:08,177] {logging_mixin.py:115} INFO - [2024-08-18 12:13:08,177] {dag.py:2927} INFO - Setting next_dagrun for example_trigger_target_dag to None, run_after=None
[2024-08-18 12:13:08,188] {processor.py:161} INFO - Processing /home/kai/.local/lib/python3.8/site-packages/airflow/example_dags/example_trigger_target_dag.py took 0.070 seconds
[2024-08-18 12:13:41,535] {processor.py:153} INFO - Started process (PID=7943) to work on /home/kai/.local/lib/python3.8/site-packages/airflow/example_dags/example_trigger_target_dag.py
[2024-08-18 12:13:41,536] {processor.py:641} INFO - Processing file /home/kai/.local/lib/python3.8/site-packages/airflow/example_dags/example_trigger_target_dag.py for tasks to queue
[2024-08-18 12:13:41,536] {logging_mixin.py:115} INFO - [2024-08-18 12:13:41,536] {dagbag.py:507} INFO - Filling up the DagBag from /home/kai/.local/lib/python3.8/site-packages/airflow/example_dags/example_trigger_target_dag.py
[2024-08-18 12:13:41,552] {processor.py:651} INFO - DAG(s) dict_keys(['example_trigger_target_dag']) retrieved from /home/kai/.local/lib/python3.8/site-packages/airflow/example_dags/example_trigger_target_dag.py
[2024-08-18 12:13:41,568] {logging_mixin.py:115} INFO - [2024-08-18 12:13:41,568] {dag.py:2379} INFO - Sync 1 DAGs
[2024-08-18 12:13:41,586] {logging_mixin.py:115} INFO - [2024-08-18 12:13:41,586] {dag.py:2927} INFO - Setting next_dagrun for example_trigger_target_dag to None, run_after=None
[2024-08-18 12:13:41,599] {processor.py:161} INFO - Processing /home/kai/.local/lib/python3.8/site-packages/airflow/example_dags/example_trigger_target_dag.py took 0.067 seconds
[2024-08-18 12:14:13,830] {processor.py:153} INFO - Started process (PID=8109) to work on /home/kai/.local/lib/python3.8/site-packages/airflow/example_dags/example_trigger_target_dag.py
[2024-08-18 12:14:13,831] {processor.py:641} INFO - Processing file /home/kai/.local/lib/python3.8/site-packages/airflow/example_dags/example_trigger_target_dag.py for tasks to queue
[2024-08-18 12:14:13,831] {logging_mixin.py:115} INFO - [2024-08-18 12:14:13,831] {dagbag.py:507} INFO - Filling up the DagBag from /home/kai/.local/lib/python3.8/site-packages/airflow/example_dags/example_trigger_target_dag.py
[2024-08-18 12:14:13,846] {processor.py:651} INFO - DAG(s) dict_keys(['example_trigger_target_dag']) retrieved from /home/kai/.local/lib/python3.8/site-packages/airflow/example_dags/example_trigger_target_dag.py
[2024-08-18 12:14:13,862] {logging_mixin.py:115} INFO - [2024-08-18 12:14:13,862] {dag.py:2379} INFO - Sync 1 DAGs
[2024-08-18 12:14:13,882] {logging_mixin.py:115} INFO - [2024-08-18 12:14:13,882] {dag.py:2927} INFO - Setting next_dagrun for example_trigger_target_dag to None, run_after=None
[2024-08-18 12:14:13,895] {processor.py:161} INFO - Processing /home/kai/.local/lib/python3.8/site-packages/airflow/example_dags/example_trigger_target_dag.py took 0.068 seconds
[2024-08-18 12:14:48,484] {processor.py:153} INFO - Started process (PID=8280) to work on /home/kai/.local/lib/python3.8/site-packages/airflow/example_dags/example_trigger_target_dag.py
[2024-08-18 12:14:48,484] {processor.py:641} INFO - Processing file /home/kai/.local/lib/python3.8/site-packages/airflow/example_dags/example_trigger_target_dag.py for tasks to queue
[2024-08-18 12:14:48,485] {logging_mixin.py:115} INFO - [2024-08-18 12:14:48,485] {dagbag.py:507} INFO - Filling up the DagBag from /home/kai/.local/lib/python3.8/site-packages/airflow/example_dags/example_trigger_target_dag.py
[2024-08-18 12:14:48,502] {processor.py:651} INFO - DAG(s) dict_keys(['example_trigger_target_dag']) retrieved from /home/kai/.local/lib/python3.8/site-packages/airflow/example_dags/example_trigger_target_dag.py
[2024-08-18 12:14:48,520] {logging_mixin.py:115} INFO - [2024-08-18 12:14:48,520] {dag.py:2379} INFO - Sync 1 DAGs
[2024-08-18 12:14:48,538] {logging_mixin.py:115} INFO - [2024-08-18 12:14:48,538] {dag.py:2927} INFO - Setting next_dagrun for example_trigger_target_dag to None, run_after=None
[2024-08-18 12:14:48,554] {processor.py:161} INFO - Processing /home/kai/.local/lib/python3.8/site-packages/airflow/example_dags/example_trigger_target_dag.py took 0.073 seconds
[2024-08-18 12:15:21,613] {processor.py:153} INFO - Started process (PID=8450) to work on /home/kai/.local/lib/python3.8/site-packages/airflow/example_dags/example_trigger_target_dag.py
[2024-08-18 12:15:21,614] {processor.py:641} INFO - Processing file /home/kai/.local/lib/python3.8/site-packages/airflow/example_dags/example_trigger_target_dag.py for tasks to queue
[2024-08-18 12:15:21,614] {logging_mixin.py:115} INFO - [2024-08-18 12:15:21,614] {dagbag.py:507} INFO - Filling up the DagBag from /home/kai/.local/lib/python3.8/site-packages/airflow/example_dags/example_trigger_target_dag.py
[2024-08-18 12:15:21,630] {processor.py:651} INFO - DAG(s) dict_keys(['example_trigger_target_dag']) retrieved from /home/kai/.local/lib/python3.8/site-packages/airflow/example_dags/example_trigger_target_dag.py
[2024-08-18 12:15:21,645] {logging_mixin.py:115} INFO - [2024-08-18 12:15:21,645] {dag.py:2379} INFO - Sync 1 DAGs
[2024-08-18 12:15:21,663] {logging_mixin.py:115} INFO - [2024-08-18 12:15:21,663] {dag.py:2927} INFO - Setting next_dagrun for example_trigger_target_dag to None, run_after=None
[2024-08-18 12:15:21,675] {processor.py:161} INFO - Processing /home/kai/.local/lib/python3.8/site-packages/airflow/example_dags/example_trigger_target_dag.py took 0.065 seconds
[2024-08-18 12:15:54,289] {processor.py:153} INFO - Started process (PID=8618) to work on /home/kai/.local/lib/python3.8/site-packages/airflow/example_dags/example_trigger_target_dag.py
[2024-08-18 12:15:54,292] {processor.py:641} INFO - Processing file /home/kai/.local/lib/python3.8/site-packages/airflow/example_dags/example_trigger_target_dag.py for tasks to queue
[2024-08-18 12:15:54,293] {logging_mixin.py:115} INFO - [2024-08-18 12:15:54,292] {dagbag.py:507} INFO - Filling up the DagBag from /home/kai/.local/lib/python3.8/site-packages/airflow/example_dags/example_trigger_target_dag.py
[2024-08-18 12:15:54,306] {processor.py:651} INFO - DAG(s) dict_keys(['example_trigger_target_dag']) retrieved from /home/kai/.local/lib/python3.8/site-packages/airflow/example_dags/example_trigger_target_dag.py
[2024-08-18 12:15:54,320] {logging_mixin.py:115} INFO - [2024-08-18 12:15:54,320] {dag.py:2379} INFO - Sync 1 DAGs
[2024-08-18 12:15:54,335] {logging_mixin.py:115} INFO - [2024-08-18 12:15:54,335] {dag.py:2927} INFO - Setting next_dagrun for example_trigger_target_dag to None, run_after=None
[2024-08-18 12:15:54,348] {processor.py:161} INFO - Processing /home/kai/.local/lib/python3.8/site-packages/airflow/example_dags/example_trigger_target_dag.py took 0.061 seconds
[2024-08-18 12:16:26,118] {processor.py:153} INFO - Started process (PID=8779) to work on /home/kai/.local/lib/python3.8/site-packages/airflow/example_dags/example_trigger_target_dag.py
[2024-08-18 12:16:26,119] {processor.py:641} INFO - Processing file /home/kai/.local/lib/python3.8/site-packages/airflow/example_dags/example_trigger_target_dag.py for tasks to queue
[2024-08-18 12:16:26,119] {logging_mixin.py:115} INFO - [2024-08-18 12:16:26,119] {dagbag.py:507} INFO - Filling up the DagBag from /home/kai/.local/lib/python3.8/site-packages/airflow/example_dags/example_trigger_target_dag.py
[2024-08-18 12:16:26,148] {processor.py:651} INFO - DAG(s) dict_keys(['example_trigger_target_dag']) retrieved from /home/kai/.local/lib/python3.8/site-packages/airflow/example_dags/example_trigger_target_dag.py
[2024-08-18 12:16:26,170] {logging_mixin.py:115} INFO - [2024-08-18 12:16:26,170] {dag.py:2379} INFO - Sync 1 DAGs
[2024-08-18 12:16:26,194] {logging_mixin.py:115} INFO - [2024-08-18 12:16:26,194] {dag.py:2927} INFO - Setting next_dagrun for example_trigger_target_dag to None, run_after=None
[2024-08-18 12:16:26,207] {processor.py:161} INFO - Processing /home/kai/.local/lib/python3.8/site-packages/airflow/example_dags/example_trigger_target_dag.py took 0.093 seconds
[2024-08-18 12:16:59,124] {processor.py:153} INFO - Started process (PID=8941) to work on /home/kai/.local/lib/python3.8/site-packages/airflow/example_dags/example_trigger_target_dag.py
[2024-08-18 12:16:59,125] {processor.py:641} INFO - Processing file /home/kai/.local/lib/python3.8/site-packages/airflow/example_dags/example_trigger_target_dag.py for tasks to queue
[2024-08-18 12:16:59,126] {logging_mixin.py:115} INFO - [2024-08-18 12:16:59,126] {dagbag.py:507} INFO - Filling up the DagBag from /home/kai/.local/lib/python3.8/site-packages/airflow/example_dags/example_trigger_target_dag.py
[2024-08-18 12:16:59,140] {processor.py:651} INFO - DAG(s) dict_keys(['example_trigger_target_dag']) retrieved from /home/kai/.local/lib/python3.8/site-packages/airflow/example_dags/example_trigger_target_dag.py
[2024-08-18 12:16:59,154] {logging_mixin.py:115} INFO - [2024-08-18 12:16:59,154] {dag.py:2379} INFO - Sync 1 DAGs
[2024-08-18 12:16:59,174] {logging_mixin.py:115} INFO - [2024-08-18 12:16:59,174] {dag.py:2927} INFO - Setting next_dagrun for example_trigger_target_dag to None, run_after=None
[2024-08-18 12:16:59,191] {processor.py:161} INFO - Processing /home/kai/.local/lib/python3.8/site-packages/airflow/example_dags/example_trigger_target_dag.py took 0.070 seconds
[2024-08-18 12:17:31,121] {processor.py:153} INFO - Started process (PID=9113) to work on /home/kai/.local/lib/python3.8/site-packages/airflow/example_dags/example_trigger_target_dag.py
[2024-08-18 12:17:31,122] {processor.py:641} INFO - Processing file /home/kai/.local/lib/python3.8/site-packages/airflow/example_dags/example_trigger_target_dag.py for tasks to queue
[2024-08-18 12:17:31,123] {logging_mixin.py:115} INFO - [2024-08-18 12:17:31,122] {dagbag.py:507} INFO - Filling up the DagBag from /home/kai/.local/lib/python3.8/site-packages/airflow/example_dags/example_trigger_target_dag.py
[2024-08-18 12:17:31,140] {processor.py:651} INFO - DAG(s) dict_keys(['example_trigger_target_dag']) retrieved from /home/kai/.local/lib/python3.8/site-packages/airflow/example_dags/example_trigger_target_dag.py
[2024-08-18 12:17:31,158] {logging_mixin.py:115} INFO - [2024-08-18 12:17:31,158] {dag.py:2379} INFO - Sync 1 DAGs
[2024-08-18 12:17:31,177] {logging_mixin.py:115} INFO - [2024-08-18 12:17:31,177] {dag.py:2927} INFO - Setting next_dagrun for example_trigger_target_dag to None, run_after=None
[2024-08-18 12:17:31,189] {processor.py:161} INFO - Processing /home/kai/.local/lib/python3.8/site-packages/airflow/example_dags/example_trigger_target_dag.py took 0.072 seconds
[2024-08-18 12:18:03,717] {processor.py:153} INFO - Started process (PID=9333) to work on /home/kai/.local/lib/python3.8/site-packages/airflow/example_dags/example_trigger_target_dag.py
[2024-08-18 12:18:03,718] {processor.py:641} INFO - Processing file /home/kai/.local/lib/python3.8/site-packages/airflow/example_dags/example_trigger_target_dag.py for tasks to queue
[2024-08-18 12:18:03,719] {logging_mixin.py:115} INFO - [2024-08-18 12:18:03,718] {dagbag.py:507} INFO - Filling up the DagBag from /home/kai/.local/lib/python3.8/site-packages/airflow/example_dags/example_trigger_target_dag.py
[2024-08-18 12:18:03,733] {processor.py:651} INFO - DAG(s) dict_keys(['example_trigger_target_dag']) retrieved from /home/kai/.local/lib/python3.8/site-packages/airflow/example_dags/example_trigger_target_dag.py
[2024-08-18 12:18:03,750] {logging_mixin.py:115} INFO - [2024-08-18 12:18:03,750] {dag.py:2379} INFO - Sync 1 DAGs
[2024-08-18 12:18:03,769] {logging_mixin.py:115} INFO - [2024-08-18 12:18:03,769] {dag.py:2927} INFO - Setting next_dagrun for example_trigger_target_dag to None, run_after=None
[2024-08-18 12:18:03,780] {processor.py:161} INFO - Processing /home/kai/.local/lib/python3.8/site-packages/airflow/example_dags/example_trigger_target_dag.py took 0.065 seconds
[2024-08-18 12:18:35,649] {processor.py:153} INFO - Started process (PID=9497) to work on /home/kai/.local/lib/python3.8/site-packages/airflow/example_dags/example_trigger_target_dag.py
[2024-08-18 12:18:35,650] {processor.py:641} INFO - Processing file /home/kai/.local/lib/python3.8/site-packages/airflow/example_dags/example_trigger_target_dag.py for tasks to queue
[2024-08-18 12:18:35,650] {logging_mixin.py:115} INFO - [2024-08-18 12:18:35,650] {dagbag.py:507} INFO - Filling up the DagBag from /home/kai/.local/lib/python3.8/site-packages/airflow/example_dags/example_trigger_target_dag.py
[2024-08-18 12:18:35,680] {processor.py:651} INFO - DAG(s) dict_keys(['example_trigger_target_dag']) retrieved from /home/kai/.local/lib/python3.8/site-packages/airflow/example_dags/example_trigger_target_dag.py
[2024-08-18 12:18:35,698] {logging_mixin.py:115} INFO - [2024-08-18 12:18:35,698] {dag.py:2379} INFO - Sync 1 DAGs
[2024-08-18 12:18:35,713] {logging_mixin.py:115} INFO - [2024-08-18 12:18:35,713] {dag.py:2927} INFO - Setting next_dagrun for example_trigger_target_dag to None, run_after=None
[2024-08-18 12:18:35,724] {processor.py:161} INFO - Processing /home/kai/.local/lib/python3.8/site-packages/airflow/example_dags/example_trigger_target_dag.py took 0.080 seconds
[2024-08-18 12:19:12,927] {processor.py:153} INFO - Started process (PID=9685) to work on /home/kai/.local/lib/python3.8/site-packages/airflow/example_dags/example_trigger_target_dag.py
[2024-08-18 12:19:12,928] {processor.py:641} INFO - Processing file /home/kai/.local/lib/python3.8/site-packages/airflow/example_dags/example_trigger_target_dag.py for tasks to queue
[2024-08-18 12:19:12,929] {logging_mixin.py:115} INFO - [2024-08-18 12:19:12,929] {dagbag.py:507} INFO - Filling up the DagBag from /home/kai/.local/lib/python3.8/site-packages/airflow/example_dags/example_trigger_target_dag.py
[2024-08-18 12:19:12,943] {processor.py:651} INFO - DAG(s) dict_keys(['example_trigger_target_dag']) retrieved from /home/kai/.local/lib/python3.8/site-packages/airflow/example_dags/example_trigger_target_dag.py
[2024-08-18 12:19:12,964] {logging_mixin.py:115} INFO - [2024-08-18 12:19:12,964] {dag.py:2379} INFO - Sync 1 DAGs
[2024-08-18 12:19:12,989] {logging_mixin.py:115} INFO - [2024-08-18 12:19:12,989] {dag.py:2927} INFO - Setting next_dagrun for example_trigger_target_dag to None, run_after=None
[2024-08-18 12:19:13,001] {processor.py:161} INFO - Processing /home/kai/.local/lib/python3.8/site-packages/airflow/example_dags/example_trigger_target_dag.py took 0.077 seconds
[2024-08-18 12:19:45,230] {processor.py:153} INFO - Started process (PID=9843) to work on /home/kai/.local/lib/python3.8/site-packages/airflow/example_dags/example_trigger_target_dag.py
[2024-08-18 12:19:45,230] {processor.py:641} INFO - Processing file /home/kai/.local/lib/python3.8/site-packages/airflow/example_dags/example_trigger_target_dag.py for tasks to queue
[2024-08-18 12:19:45,231] {logging_mixin.py:115} INFO - [2024-08-18 12:19:45,231] {dagbag.py:507} INFO - Filling up the DagBag from /home/kai/.local/lib/python3.8/site-packages/airflow/example_dags/example_trigger_target_dag.py
[2024-08-18 12:19:45,244] {processor.py:651} INFO - DAG(s) dict_keys(['example_trigger_target_dag']) retrieved from /home/kai/.local/lib/python3.8/site-packages/airflow/example_dags/example_trigger_target_dag.py
[2024-08-18 12:19:45,261] {logging_mixin.py:115} INFO - [2024-08-18 12:19:45,261] {dag.py:2379} INFO - Sync 1 DAGs
[2024-08-18 12:19:45,274] {logging_mixin.py:115} INFO - [2024-08-18 12:19:45,274] {dag.py:2927} INFO - Setting next_dagrun for example_trigger_target_dag to None, run_after=None
[2024-08-18 12:19:45,284] {processor.py:161} INFO - Processing /home/kai/.local/lib/python3.8/site-packages/airflow/example_dags/example_trigger_target_dag.py took 0.058 seconds
[2024-08-18 12:20:19,025] {processor.py:153} INFO - Started process (PID=10014) to work on /home/kai/.local/lib/python3.8/site-packages/airflow/example_dags/example_trigger_target_dag.py
[2024-08-18 12:20:19,027] {processor.py:641} INFO - Processing file /home/kai/.local/lib/python3.8/site-packages/airflow/example_dags/example_trigger_target_dag.py for tasks to queue
[2024-08-18 12:20:19,028] {logging_mixin.py:115} INFO - [2024-08-18 12:20:19,027] {dagbag.py:507} INFO - Filling up the DagBag from /home/kai/.local/lib/python3.8/site-packages/airflow/example_dags/example_trigger_target_dag.py
[2024-08-18 12:20:19,041] {processor.py:651} INFO - DAG(s) dict_keys(['example_trigger_target_dag']) retrieved from /home/kai/.local/lib/python3.8/site-packages/airflow/example_dags/example_trigger_target_dag.py
[2024-08-18 12:20:19,054] {logging_mixin.py:115} INFO - [2024-08-18 12:20:19,054] {dag.py:2379} INFO - Sync 1 DAGs
[2024-08-18 12:20:19,068] {logging_mixin.py:115} INFO - [2024-08-18 12:20:19,068] {dag.py:2927} INFO - Setting next_dagrun for example_trigger_target_dag to None, run_after=None
[2024-08-18 12:20:19,083] {processor.py:161} INFO - Processing /home/kai/.local/lib/python3.8/site-packages/airflow/example_dags/example_trigger_target_dag.py took 0.061 seconds
[2024-08-18 12:20:54,435] {processor.py:153} INFO - Started process (PID=10194) to work on /home/kai/.local/lib/python3.8/site-packages/airflow/example_dags/example_trigger_target_dag.py
[2024-08-18 12:20:54,435] {processor.py:641} INFO - Processing file /home/kai/.local/lib/python3.8/site-packages/airflow/example_dags/example_trigger_target_dag.py for tasks to queue
[2024-08-18 12:20:54,436] {logging_mixin.py:115} INFO - [2024-08-18 12:20:54,436] {dagbag.py:507} INFO - Filling up the DagBag from /home/kai/.local/lib/python3.8/site-packages/airflow/example_dags/example_trigger_target_dag.py
[2024-08-18 12:20:54,449] {processor.py:651} INFO - DAG(s) dict_keys(['example_trigger_target_dag']) retrieved from /home/kai/.local/lib/python3.8/site-packages/airflow/example_dags/example_trigger_target_dag.py
[2024-08-18 12:20:54,462] {logging_mixin.py:115} INFO - [2024-08-18 12:20:54,462] {dag.py:2379} INFO - Sync 1 DAGs
[2024-08-18 12:20:54,475] {logging_mixin.py:115} INFO - [2024-08-18 12:20:54,475] {dag.py:2927} INFO - Setting next_dagrun for example_trigger_target_dag to None, run_after=None
[2024-08-18 12:20:54,485] {processor.py:161} INFO - Processing /home/kai/.local/lib/python3.8/site-packages/airflow/example_dags/example_trigger_target_dag.py took 0.053 seconds
[2024-08-18 12:21:27,709] {processor.py:153} INFO - Started process (PID=10369) to work on /home/kai/.local/lib/python3.8/site-packages/airflow/example_dags/example_trigger_target_dag.py
[2024-08-18 12:21:27,710] {processor.py:641} INFO - Processing file /home/kai/.local/lib/python3.8/site-packages/airflow/example_dags/example_trigger_target_dag.py for tasks to queue
[2024-08-18 12:21:27,711] {logging_mixin.py:115} INFO - [2024-08-18 12:21:27,711] {dagbag.py:507} INFO - Filling up the DagBag from /home/kai/.local/lib/python3.8/site-packages/airflow/example_dags/example_trigger_target_dag.py
[2024-08-18 12:21:27,730] {processor.py:651} INFO - DAG(s) dict_keys(['example_trigger_target_dag']) retrieved from /home/kai/.local/lib/python3.8/site-packages/airflow/example_dags/example_trigger_target_dag.py
[2024-08-18 12:21:27,747] {logging_mixin.py:115} INFO - [2024-08-18 12:21:27,747] {dag.py:2379} INFO - Sync 1 DAGs
[2024-08-18 12:21:27,772] {logging_mixin.py:115} INFO - [2024-08-18 12:21:27,772] {dag.py:2927} INFO - Setting next_dagrun for example_trigger_target_dag to None, run_after=None
[2024-08-18 12:21:27,786] {processor.py:161} INFO - Processing /home/kai/.local/lib/python3.8/site-packages/airflow/example_dags/example_trigger_target_dag.py took 0.080 seconds
[2024-08-18 12:22:03,649] {processor.py:153} INFO - Started process (PID=10546) to work on /home/kai/.local/lib/python3.8/site-packages/airflow/example_dags/example_trigger_target_dag.py
[2024-08-18 12:22:03,650] {processor.py:641} INFO - Processing file /home/kai/.local/lib/python3.8/site-packages/airflow/example_dags/example_trigger_target_dag.py for tasks to queue
[2024-08-18 12:22:03,651] {logging_mixin.py:115} INFO - [2024-08-18 12:22:03,651] {dagbag.py:507} INFO - Filling up the DagBag from /home/kai/.local/lib/python3.8/site-packages/airflow/example_dags/example_trigger_target_dag.py
[2024-08-18 12:22:03,671] {processor.py:651} INFO - DAG(s) dict_keys(['example_trigger_target_dag']) retrieved from /home/kai/.local/lib/python3.8/site-packages/airflow/example_dags/example_trigger_target_dag.py
[2024-08-18 12:22:03,691] {logging_mixin.py:115} INFO - [2024-08-18 12:22:03,691] {dag.py:2379} INFO - Sync 1 DAGs
[2024-08-18 12:22:03,715] {logging_mixin.py:115} INFO - [2024-08-18 12:22:03,715] {dag.py:2927} INFO - Setting next_dagrun for example_trigger_target_dag to None, run_after=None
[2024-08-18 12:22:03,727] {processor.py:161} INFO - Processing /home/kai/.local/lib/python3.8/site-packages/airflow/example_dags/example_trigger_target_dag.py took 0.081 seconds
[2024-08-18 12:22:36,293] {processor.py:153} INFO - Started process (PID=10717) to work on /home/kai/.local/lib/python3.8/site-packages/airflow/example_dags/example_trigger_target_dag.py
[2024-08-18 12:22:36,294] {processor.py:641} INFO - Processing file /home/kai/.local/lib/python3.8/site-packages/airflow/example_dags/example_trigger_target_dag.py for tasks to queue
[2024-08-18 12:22:36,296] {logging_mixin.py:115} INFO - [2024-08-18 12:22:36,296] {dagbag.py:507} INFO - Filling up the DagBag from /home/kai/.local/lib/python3.8/site-packages/airflow/example_dags/example_trigger_target_dag.py
[2024-08-18 12:22:36,313] {processor.py:651} INFO - DAG(s) dict_keys(['example_trigger_target_dag']) retrieved from /home/kai/.local/lib/python3.8/site-packages/airflow/example_dags/example_trigger_target_dag.py
[2024-08-18 12:22:36,331] {logging_mixin.py:115} INFO - [2024-08-18 12:22:36,331] {dag.py:2379} INFO - Sync 1 DAGs
[2024-08-18 12:22:36,363] {logging_mixin.py:115} INFO - [2024-08-18 12:22:36,363] {dag.py:2927} INFO - Setting next_dagrun for example_trigger_target_dag to None, run_after=None
[2024-08-18 12:22:36,378] {processor.py:161} INFO - Processing /home/kai/.local/lib/python3.8/site-packages/airflow/example_dags/example_trigger_target_dag.py took 0.088 seconds
[2024-08-18 12:23:07,183] {processor.py:153} INFO - Started process (PID=10979) to work on /home/kai/.local/lib/python3.8/site-packages/airflow/example_dags/example_trigger_target_dag.py
[2024-08-18 12:23:07,184] {processor.py:641} INFO - Processing file /home/kai/.local/lib/python3.8/site-packages/airflow/example_dags/example_trigger_target_dag.py for tasks to queue
[2024-08-18 12:23:07,185] {logging_mixin.py:115} INFO - [2024-08-18 12:23:07,185] {dagbag.py:507} INFO - Filling up the DagBag from /home/kai/.local/lib/python3.8/site-packages/airflow/example_dags/example_trigger_target_dag.py
[2024-08-18 12:23:07,208] {processor.py:651} INFO - DAG(s) dict_keys(['example_trigger_target_dag']) retrieved from /home/kai/.local/lib/python3.8/site-packages/airflow/example_dags/example_trigger_target_dag.py
[2024-08-18 12:23:07,227] {logging_mixin.py:115} INFO - [2024-08-18 12:23:07,227] {dag.py:2379} INFO - Sync 1 DAGs
[2024-08-18 12:23:07,248] {logging_mixin.py:115} INFO - [2024-08-18 12:23:07,248] {dag.py:2927} INFO - Setting next_dagrun for example_trigger_target_dag to None, run_after=None
[2024-08-18 12:23:07,261] {processor.py:161} INFO - Processing /home/kai/.local/lib/python3.8/site-packages/airflow/example_dags/example_trigger_target_dag.py took 0.083 seconds
[2024-08-18 12:23:42,723] {processor.py:153} INFO - Started process (PID=11156) to work on /home/kai/.local/lib/python3.8/site-packages/airflow/example_dags/example_trigger_target_dag.py
[2024-08-18 12:23:42,724] {processor.py:641} INFO - Processing file /home/kai/.local/lib/python3.8/site-packages/airflow/example_dags/example_trigger_target_dag.py for tasks to queue
[2024-08-18 12:23:42,725] {logging_mixin.py:115} INFO - [2024-08-18 12:23:42,725] {dagbag.py:507} INFO - Filling up the DagBag from /home/kai/.local/lib/python3.8/site-packages/airflow/example_dags/example_trigger_target_dag.py
[2024-08-18 12:23:42,739] {processor.py:651} INFO - DAG(s) dict_keys(['example_trigger_target_dag']) retrieved from /home/kai/.local/lib/python3.8/site-packages/airflow/example_dags/example_trigger_target_dag.py
[2024-08-18 12:23:42,753] {logging_mixin.py:115} INFO - [2024-08-18 12:23:42,753] {dag.py:2379} INFO - Sync 1 DAGs
[2024-08-18 12:23:42,772] {logging_mixin.py:115} INFO - [2024-08-18 12:23:42,772] {dag.py:2927} INFO - Setting next_dagrun for example_trigger_target_dag to None, run_after=None
[2024-08-18 12:23:42,784] {processor.py:161} INFO - Processing /home/kai/.local/lib/python3.8/site-packages/airflow/example_dags/example_trigger_target_dag.py took 0.064 seconds
[2024-08-18 12:24:15,451] {processor.py:153} INFO - Started process (PID=11329) to work on /home/kai/.local/lib/python3.8/site-packages/airflow/example_dags/example_trigger_target_dag.py
[2024-08-18 12:24:15,452] {processor.py:641} INFO - Processing file /home/kai/.local/lib/python3.8/site-packages/airflow/example_dags/example_trigger_target_dag.py for tasks to queue
[2024-08-18 12:24:15,453] {logging_mixin.py:115} INFO - [2024-08-18 12:24:15,453] {dagbag.py:507} INFO - Filling up the DagBag from /home/kai/.local/lib/python3.8/site-packages/airflow/example_dags/example_trigger_target_dag.py
[2024-08-18 12:24:15,476] {processor.py:651} INFO - DAG(s) dict_keys(['example_trigger_target_dag']) retrieved from /home/kai/.local/lib/python3.8/site-packages/airflow/example_dags/example_trigger_target_dag.py
[2024-08-18 12:24:15,495] {logging_mixin.py:115} INFO - [2024-08-18 12:24:15,494] {dag.py:2379} INFO - Sync 1 DAGs
[2024-08-18 12:24:15,517] {logging_mixin.py:115} INFO - [2024-08-18 12:24:15,517] {dag.py:2927} INFO - Setting next_dagrun for example_trigger_target_dag to None, run_after=None
[2024-08-18 12:24:15,531] {processor.py:161} INFO - Processing /home/kai/.local/lib/python3.8/site-packages/airflow/example_dags/example_trigger_target_dag.py took 0.082 seconds
[2024-08-18 12:24:49,497] {processor.py:153} INFO - Started process (PID=11494) to work on /home/kai/.local/lib/python3.8/site-packages/airflow/example_dags/example_trigger_target_dag.py
[2024-08-18 12:24:49,498] {processor.py:641} INFO - Processing file /home/kai/.local/lib/python3.8/site-packages/airflow/example_dags/example_trigger_target_dag.py for tasks to queue
[2024-08-18 12:24:49,499] {logging_mixin.py:115} INFO - [2024-08-18 12:24:49,498] {dagbag.py:507} INFO - Filling up the DagBag from /home/kai/.local/lib/python3.8/site-packages/airflow/example_dags/example_trigger_target_dag.py
[2024-08-18 12:24:49,517] {processor.py:651} INFO - DAG(s) dict_keys(['example_trigger_target_dag']) retrieved from /home/kai/.local/lib/python3.8/site-packages/airflow/example_dags/example_trigger_target_dag.py
[2024-08-18 12:24:49,534] {logging_mixin.py:115} INFO - [2024-08-18 12:24:49,534] {dag.py:2379} INFO - Sync 1 DAGs
[2024-08-18 12:24:49,553] {logging_mixin.py:115} INFO - [2024-08-18 12:24:49,553] {dag.py:2927} INFO - Setting next_dagrun for example_trigger_target_dag to None, run_after=None
[2024-08-18 12:24:49,566] {processor.py:161} INFO - Processing /home/kai/.local/lib/python3.8/site-packages/airflow/example_dags/example_trigger_target_dag.py took 0.073 seconds
[2024-08-18 12:25:21,462] {processor.py:153} INFO - Started process (PID=11660) to work on /home/kai/.local/lib/python3.8/site-packages/airflow/example_dags/example_trigger_target_dag.py
[2024-08-18 12:25:21,462] {processor.py:641} INFO - Processing file /home/kai/.local/lib/python3.8/site-packages/airflow/example_dags/example_trigger_target_dag.py for tasks to queue
[2024-08-18 12:25:21,463] {logging_mixin.py:115} INFO - [2024-08-18 12:25:21,463] {dagbag.py:507} INFO - Filling up the DagBag from /home/kai/.local/lib/python3.8/site-packages/airflow/example_dags/example_trigger_target_dag.py
[2024-08-18 12:25:21,480] {processor.py:651} INFO - DAG(s) dict_keys(['example_trigger_target_dag']) retrieved from /home/kai/.local/lib/python3.8/site-packages/airflow/example_dags/example_trigger_target_dag.py
[2024-08-18 12:25:21,509] {logging_mixin.py:115} INFO - [2024-08-18 12:25:21,509] {dag.py:2379} INFO - Sync 1 DAGs
[2024-08-18 12:25:21,530] {logging_mixin.py:115} INFO - [2024-08-18 12:25:21,530] {dag.py:2927} INFO - Setting next_dagrun for example_trigger_target_dag to None, run_after=None
[2024-08-18 12:25:21,543] {processor.py:161} INFO - Processing /home/kai/.local/lib/python3.8/site-packages/airflow/example_dags/example_trigger_target_dag.py took 0.085 seconds
[2024-08-18 12:25:54,724] {processor.py:153} INFO - Started process (PID=11819) to work on /home/kai/.local/lib/python3.8/site-packages/airflow/example_dags/example_trigger_target_dag.py
[2024-08-18 12:25:54,725] {processor.py:641} INFO - Processing file /home/kai/.local/lib/python3.8/site-packages/airflow/example_dags/example_trigger_target_dag.py for tasks to queue
[2024-08-18 12:25:54,726] {logging_mixin.py:115} INFO - [2024-08-18 12:25:54,726] {dagbag.py:507} INFO - Filling up the DagBag from /home/kai/.local/lib/python3.8/site-packages/airflow/example_dags/example_trigger_target_dag.py
[2024-08-18 12:25:54,740] {processor.py:651} INFO - DAG(s) dict_keys(['example_trigger_target_dag']) retrieved from /home/kai/.local/lib/python3.8/site-packages/airflow/example_dags/example_trigger_target_dag.py
[2024-08-18 12:25:54,754] {logging_mixin.py:115} INFO - [2024-08-18 12:25:54,754] {dag.py:2379} INFO - Sync 1 DAGs
[2024-08-18 12:25:54,770] {logging_mixin.py:115} INFO - [2024-08-18 12:25:54,770] {dag.py:2927} INFO - Setting next_dagrun for example_trigger_target_dag to None, run_after=None
[2024-08-18 12:25:54,784] {processor.py:161} INFO - Processing /home/kai/.local/lib/python3.8/site-packages/airflow/example_dags/example_trigger_target_dag.py took 0.063 seconds
[2024-08-18 12:26:26,688] {processor.py:153} INFO - Started process (PID=11985) to work on /home/kai/.local/lib/python3.8/site-packages/airflow/example_dags/example_trigger_target_dag.py
[2024-08-18 12:26:26,689] {processor.py:641} INFO - Processing file /home/kai/.local/lib/python3.8/site-packages/airflow/example_dags/example_trigger_target_dag.py for tasks to queue
[2024-08-18 12:26:26,690] {logging_mixin.py:115} INFO - [2024-08-18 12:26:26,690] {dagbag.py:507} INFO - Filling up the DagBag from /home/kai/.local/lib/python3.8/site-packages/airflow/example_dags/example_trigger_target_dag.py
[2024-08-18 12:26:26,705] {processor.py:651} INFO - DAG(s) dict_keys(['example_trigger_target_dag']) retrieved from /home/kai/.local/lib/python3.8/site-packages/airflow/example_dags/example_trigger_target_dag.py
[2024-08-18 12:26:26,720] {logging_mixin.py:115} INFO - [2024-08-18 12:26:26,720] {dag.py:2379} INFO - Sync 1 DAGs
[2024-08-18 12:26:26,737] {logging_mixin.py:115} INFO - [2024-08-18 12:26:26,737] {dag.py:2927} INFO - Setting next_dagrun for example_trigger_target_dag to None, run_after=None
[2024-08-18 12:26:26,751] {processor.py:161} INFO - Processing /home/kai/.local/lib/python3.8/site-packages/airflow/example_dags/example_trigger_target_dag.py took 0.067 seconds
[2024-08-18 12:27:00,117] {processor.py:153} INFO - Started process (PID=12152) to work on /home/kai/.local/lib/python3.8/site-packages/airflow/example_dags/example_trigger_target_dag.py
[2024-08-18 12:27:00,117] {processor.py:641} INFO - Processing file /home/kai/.local/lib/python3.8/site-packages/airflow/example_dags/example_trigger_target_dag.py for tasks to queue
[2024-08-18 12:27:00,118] {logging_mixin.py:115} INFO - [2024-08-18 12:27:00,118] {dagbag.py:507} INFO - Filling up the DagBag from /home/kai/.local/lib/python3.8/site-packages/airflow/example_dags/example_trigger_target_dag.py
[2024-08-18 12:27:00,138] {processor.py:651} INFO - DAG(s) dict_keys(['example_trigger_target_dag']) retrieved from /home/kai/.local/lib/python3.8/site-packages/airflow/example_dags/example_trigger_target_dag.py
[2024-08-18 12:27:00,159] {logging_mixin.py:115} INFO - [2024-08-18 12:27:00,159] {dag.py:2379} INFO - Sync 1 DAGs
[2024-08-18 12:27:00,181] {logging_mixin.py:115} INFO - [2024-08-18 12:27:00,181] {dag.py:2927} INFO - Setting next_dagrun for example_trigger_target_dag to None, run_after=None
[2024-08-18 12:27:00,203] {processor.py:161} INFO - Processing /home/kai/.local/lib/python3.8/site-packages/airflow/example_dags/example_trigger_target_dag.py took 0.089 seconds
[2024-08-18 12:27:32,795] {processor.py:153} INFO - Started process (PID=12319) to work on /home/kai/.local/lib/python3.8/site-packages/airflow/example_dags/example_trigger_target_dag.py
[2024-08-18 12:27:32,796] {processor.py:641} INFO - Processing file /home/kai/.local/lib/python3.8/site-packages/airflow/example_dags/example_trigger_target_dag.py for tasks to queue
[2024-08-18 12:27:32,797] {logging_mixin.py:115} INFO - [2024-08-18 12:27:32,797] {dagbag.py:507} INFO - Filling up the DagBag from /home/kai/.local/lib/python3.8/site-packages/airflow/example_dags/example_trigger_target_dag.py
[2024-08-18 12:27:32,812] {processor.py:651} INFO - DAG(s) dict_keys(['example_trigger_target_dag']) retrieved from /home/kai/.local/lib/python3.8/site-packages/airflow/example_dags/example_trigger_target_dag.py
[2024-08-18 12:27:32,831] {logging_mixin.py:115} INFO - [2024-08-18 12:27:32,831] {dag.py:2379} INFO - Sync 1 DAGs
[2024-08-18 12:27:32,851] {logging_mixin.py:115} INFO - [2024-08-18 12:27:32,851] {dag.py:2927} INFO - Setting next_dagrun for example_trigger_target_dag to None, run_after=None
[2024-08-18 12:27:32,865] {processor.py:161} INFO - Processing /home/kai/.local/lib/python3.8/site-packages/airflow/example_dags/example_trigger_target_dag.py took 0.073 seconds
[2024-08-18 19:40:43,175] {processor.py:153} INFO - Started process (PID=13027) to work on /home/kai/.local/lib/python3.8/site-packages/airflow/example_dags/example_trigger_target_dag.py
[2024-08-18 19:40:43,176] {processor.py:641} INFO - Processing file /home/kai/.local/lib/python3.8/site-packages/airflow/example_dags/example_trigger_target_dag.py for tasks to queue
[2024-08-18 19:40:43,177] {logging_mixin.py:115} INFO - [2024-08-18 19:40:43,177] {dagbag.py:507} INFO - Filling up the DagBag from /home/kai/.local/lib/python3.8/site-packages/airflow/example_dags/example_trigger_target_dag.py
[2024-08-18 19:40:43,192] {processor.py:651} INFO - DAG(s) dict_keys(['example_trigger_target_dag']) retrieved from /home/kai/.local/lib/python3.8/site-packages/airflow/example_dags/example_trigger_target_dag.py
[2024-08-18 19:40:43,208] {logging_mixin.py:115} INFO - [2024-08-18 19:40:43,208] {dag.py:2379} INFO - Sync 1 DAGs
[2024-08-18 19:40:43,225] {logging_mixin.py:115} INFO - [2024-08-18 19:40:43,225] {dag.py:2927} INFO - Setting next_dagrun for example_trigger_target_dag to None, run_after=None
[2024-08-18 19:40:43,240] {processor.py:161} INFO - Processing /home/kai/.local/lib/python3.8/site-packages/airflow/example_dags/example_trigger_target_dag.py took 0.067 seconds
[2024-08-18 19:41:15,083] {processor.py:153} INFO - Started process (PID=13412) to work on /home/kai/.local/lib/python3.8/site-packages/airflow/example_dags/example_trigger_target_dag.py
[2024-08-18 19:41:15,083] {processor.py:641} INFO - Processing file /home/kai/.local/lib/python3.8/site-packages/airflow/example_dags/example_trigger_target_dag.py for tasks to queue
[2024-08-18 19:41:15,084] {logging_mixin.py:115} INFO - [2024-08-18 19:41:15,084] {dagbag.py:507} INFO - Filling up the DagBag from /home/kai/.local/lib/python3.8/site-packages/airflow/example_dags/example_trigger_target_dag.py
[2024-08-18 19:41:15,100] {processor.py:651} INFO - DAG(s) dict_keys(['example_trigger_target_dag']) retrieved from /home/kai/.local/lib/python3.8/site-packages/airflow/example_dags/example_trigger_target_dag.py
[2024-08-18 19:41:15,116] {logging_mixin.py:115} INFO - [2024-08-18 19:41:15,116] {dag.py:2379} INFO - Sync 1 DAGs
[2024-08-18 19:41:15,131] {logging_mixin.py:115} INFO - [2024-08-18 19:41:15,131] {dag.py:2927} INFO - Setting next_dagrun for example_trigger_target_dag to None, run_after=None
[2024-08-18 19:41:15,143] {processor.py:161} INFO - Processing /home/kai/.local/lib/python3.8/site-packages/airflow/example_dags/example_trigger_target_dag.py took 0.063 seconds
[2024-08-18 19:41:49,423] {processor.py:153} INFO - Started process (PID=13585) to work on /home/kai/.local/lib/python3.8/site-packages/airflow/example_dags/example_trigger_target_dag.py
[2024-08-18 19:41:49,423] {processor.py:641} INFO - Processing file /home/kai/.local/lib/python3.8/site-packages/airflow/example_dags/example_trigger_target_dag.py for tasks to queue
[2024-08-18 19:41:49,424] {logging_mixin.py:115} INFO - [2024-08-18 19:41:49,424] {dagbag.py:507} INFO - Filling up the DagBag from /home/kai/.local/lib/python3.8/site-packages/airflow/example_dags/example_trigger_target_dag.py
[2024-08-18 19:41:49,437] {processor.py:651} INFO - DAG(s) dict_keys(['example_trigger_target_dag']) retrieved from /home/kai/.local/lib/python3.8/site-packages/airflow/example_dags/example_trigger_target_dag.py
[2024-08-18 19:41:49,451] {logging_mixin.py:115} INFO - [2024-08-18 19:41:49,451] {dag.py:2379} INFO - Sync 1 DAGs
[2024-08-18 19:41:49,469] {logging_mixin.py:115} INFO - [2024-08-18 19:41:49,468] {dag.py:2927} INFO - Setting next_dagrun for example_trigger_target_dag to None, run_after=None
[2024-08-18 19:41:49,480] {processor.py:161} INFO - Processing /home/kai/.local/lib/python3.8/site-packages/airflow/example_dags/example_trigger_target_dag.py took 0.060 seconds
[2024-08-18 19:42:21,832] {processor.py:153} INFO - Started process (PID=13753) to work on /home/kai/.local/lib/python3.8/site-packages/airflow/example_dags/example_trigger_target_dag.py
[2024-08-18 19:42:21,832] {processor.py:641} INFO - Processing file /home/kai/.local/lib/python3.8/site-packages/airflow/example_dags/example_trigger_target_dag.py for tasks to queue
[2024-08-18 19:42:21,833] {logging_mixin.py:115} INFO - [2024-08-18 19:42:21,833] {dagbag.py:507} INFO - Filling up the DagBag from /home/kai/.local/lib/python3.8/site-packages/airflow/example_dags/example_trigger_target_dag.py
[2024-08-18 19:42:21,847] {processor.py:651} INFO - DAG(s) dict_keys(['example_trigger_target_dag']) retrieved from /home/kai/.local/lib/python3.8/site-packages/airflow/example_dags/example_trigger_target_dag.py
[2024-08-18 19:42:21,858] {logging_mixin.py:115} INFO - [2024-08-18 19:42:21,858] {dag.py:2379} INFO - Sync 1 DAGs
[2024-08-18 19:42:21,873] {logging_mixin.py:115} INFO - [2024-08-18 19:42:21,873] {dag.py:2927} INFO - Setting next_dagrun for example_trigger_target_dag to None, run_after=None
[2024-08-18 19:42:21,885] {processor.py:161} INFO - Processing /home/kai/.local/lib/python3.8/site-packages/airflow/example_dags/example_trigger_target_dag.py took 0.055 seconds
[2024-08-18 19:42:56,745] {processor.py:153} INFO - Started process (PID=13931) to work on /home/kai/.local/lib/python3.8/site-packages/airflow/example_dags/example_trigger_target_dag.py
[2024-08-18 19:42:56,745] {processor.py:641} INFO - Processing file /home/kai/.local/lib/python3.8/site-packages/airflow/example_dags/example_trigger_target_dag.py for tasks to queue
[2024-08-18 19:42:56,746] {logging_mixin.py:115} INFO - [2024-08-18 19:42:56,746] {dagbag.py:507} INFO - Filling up the DagBag from /home/kai/.local/lib/python3.8/site-packages/airflow/example_dags/example_trigger_target_dag.py
[2024-08-18 19:42:56,761] {processor.py:651} INFO - DAG(s) dict_keys(['example_trigger_target_dag']) retrieved from /home/kai/.local/lib/python3.8/site-packages/airflow/example_dags/example_trigger_target_dag.py
[2024-08-18 19:42:56,775] {logging_mixin.py:115} INFO - [2024-08-18 19:42:56,775] {dag.py:2379} INFO - Sync 1 DAGs
[2024-08-18 19:42:56,789] {logging_mixin.py:115} INFO - [2024-08-18 19:42:56,789] {dag.py:2927} INFO - Setting next_dagrun for example_trigger_target_dag to None, run_after=None
[2024-08-18 19:42:56,801] {processor.py:161} INFO - Processing /home/kai/.local/lib/python3.8/site-packages/airflow/example_dags/example_trigger_target_dag.py took 0.059 seconds
[2024-08-18 19:43:29,361] {processor.py:153} INFO - Started process (PID=14098) to work on /home/kai/.local/lib/python3.8/site-packages/airflow/example_dags/example_trigger_target_dag.py
[2024-08-18 19:43:29,362] {processor.py:641} INFO - Processing file /home/kai/.local/lib/python3.8/site-packages/airflow/example_dags/example_trigger_target_dag.py for tasks to queue
[2024-08-18 19:43:29,362] {logging_mixin.py:115} INFO - [2024-08-18 19:43:29,362] {dagbag.py:507} INFO - Filling up the DagBag from /home/kai/.local/lib/python3.8/site-packages/airflow/example_dags/example_trigger_target_dag.py
[2024-08-18 19:43:29,375] {processor.py:651} INFO - DAG(s) dict_keys(['example_trigger_target_dag']) retrieved from /home/kai/.local/lib/python3.8/site-packages/airflow/example_dags/example_trigger_target_dag.py
[2024-08-18 19:43:29,389] {logging_mixin.py:115} INFO - [2024-08-18 19:43:29,389] {dag.py:2379} INFO - Sync 1 DAGs
[2024-08-18 19:43:29,403] {logging_mixin.py:115} INFO - [2024-08-18 19:43:29,403] {dag.py:2927} INFO - Setting next_dagrun for example_trigger_target_dag to None, run_after=None
[2024-08-18 19:43:29,415] {processor.py:161} INFO - Processing /home/kai/.local/lib/python3.8/site-packages/airflow/example_dags/example_trigger_target_dag.py took 0.056 seconds
[2024-08-18 19:44:04,588] {processor.py:153} INFO - Started process (PID=14293) to work on /home/kai/.local/lib/python3.8/site-packages/airflow/example_dags/example_trigger_target_dag.py
[2024-08-18 19:44:04,590] {processor.py:641} INFO - Processing file /home/kai/.local/lib/python3.8/site-packages/airflow/example_dags/example_trigger_target_dag.py for tasks to queue
[2024-08-18 19:44:04,590] {logging_mixin.py:115} INFO - [2024-08-18 19:44:04,590] {dagbag.py:507} INFO - Filling up the DagBag from /home/kai/.local/lib/python3.8/site-packages/airflow/example_dags/example_trigger_target_dag.py
[2024-08-18 19:44:04,613] {processor.py:651} INFO - DAG(s) dict_keys(['example_trigger_target_dag']) retrieved from /home/kai/.local/lib/python3.8/site-packages/airflow/example_dags/example_trigger_target_dag.py
[2024-08-18 19:44:04,629] {logging_mixin.py:115} INFO - [2024-08-18 19:44:04,628] {dag.py:2379} INFO - Sync 1 DAGs
[2024-08-18 19:44:04,644] {logging_mixin.py:115} INFO - [2024-08-18 19:44:04,644] {dag.py:2927} INFO - Setting next_dagrun for example_trigger_target_dag to None, run_after=None
[2024-08-18 19:44:04,656] {processor.py:161} INFO - Processing /home/kai/.local/lib/python3.8/site-packages/airflow/example_dags/example_trigger_target_dag.py took 0.071 seconds
[2024-08-18 19:44:37,113] {processor.py:153} INFO - Started process (PID=14498) to work on /home/kai/.local/lib/python3.8/site-packages/airflow/example_dags/example_trigger_target_dag.py
[2024-08-18 19:44:37,115] {processor.py:641} INFO - Processing file /home/kai/.local/lib/python3.8/site-packages/airflow/example_dags/example_trigger_target_dag.py for tasks to queue
[2024-08-18 19:44:37,116] {logging_mixin.py:115} INFO - [2024-08-18 19:44:37,115] {dagbag.py:507} INFO - Filling up the DagBag from /home/kai/.local/lib/python3.8/site-packages/airflow/example_dags/example_trigger_target_dag.py
[2024-08-18 19:44:37,137] {processor.py:651} INFO - DAG(s) dict_keys(['example_trigger_target_dag']) retrieved from /home/kai/.local/lib/python3.8/site-packages/airflow/example_dags/example_trigger_target_dag.py
[2024-08-18 19:44:37,151] {logging_mixin.py:115} INFO - [2024-08-18 19:44:37,151] {dag.py:2379} INFO - Sync 1 DAGs
[2024-08-18 19:44:37,165] {logging_mixin.py:115} INFO - [2024-08-18 19:44:37,165] {dag.py:2927} INFO - Setting next_dagrun for example_trigger_target_dag to None, run_after=None
[2024-08-18 19:44:37,176] {processor.py:161} INFO - Processing /home/kai/.local/lib/python3.8/site-packages/airflow/example_dags/example_trigger_target_dag.py took 0.070 seconds
[2024-08-18 19:45:11,994] {processor.py:153} INFO - Started process (PID=14764) to work on /home/kai/.local/lib/python3.8/site-packages/airflow/example_dags/example_trigger_target_dag.py
[2024-08-18 19:45:11,995] {processor.py:641} INFO - Processing file /home/kai/.local/lib/python3.8/site-packages/airflow/example_dags/example_trigger_target_dag.py for tasks to queue
[2024-08-18 19:45:11,995] {logging_mixin.py:115} INFO - [2024-08-18 19:45:11,995] {dagbag.py:507} INFO - Filling up the DagBag from /home/kai/.local/lib/python3.8/site-packages/airflow/example_dags/example_trigger_target_dag.py
[2024-08-18 19:45:12,008] {processor.py:651} INFO - DAG(s) dict_keys(['example_trigger_target_dag']) retrieved from /home/kai/.local/lib/python3.8/site-packages/airflow/example_dags/example_trigger_target_dag.py
[2024-08-18 19:45:12,020] {logging_mixin.py:115} INFO - [2024-08-18 19:45:12,020] {dag.py:2379} INFO - Sync 1 DAGs
[2024-08-18 19:45:12,043] {logging_mixin.py:115} INFO - [2024-08-18 19:45:12,043] {dag.py:2927} INFO - Setting next_dagrun for example_trigger_target_dag to None, run_after=None
[2024-08-18 19:45:12,056] {processor.py:161} INFO - Processing /home/kai/.local/lib/python3.8/site-packages/airflow/example_dags/example_trigger_target_dag.py took 0.065 seconds
