[2024-08-18 11:50:05,317] {processor.py:153} INFO - Started process (PID=771072) to work on /home/kai/.local/lib/python3.8/site-packages/airflow/example_dags/example_kubernetes_executor.py
[2024-08-18 11:50:05,318] {processor.py:641} INFO - Processing file /home/kai/.local/lib/python3.8/site-packages/airflow/example_dags/example_kubernetes_executor.py for tasks to queue
[2024-08-18 11:50:05,319] {logging_mixin.py:115} INFO - [2024-08-18 11:50:05,319] {dagbag.py:507} INFO - Filling up the DagBag from /home/kai/.local/lib/python3.8/site-packages/airflow/example_dags/example_kubernetes_executor.py
[2024-08-18 11:50:05,397] {logging_mixin.py:115} INFO - [2024-08-18 11:50:05,397] {example_kubernetes_executor.py:39} WARNING - The example_kubernetes_executor example DAG requires the kubernetes provider. Please install it with: pip install apache-airflow[cncf.kubernetes]
[2024-08-18 11:50:05,397] {processor.py:653} WARNING - No viable dags retrieved from /home/kai/.local/lib/python3.8/site-packages/airflow/example_dags/example_kubernetes_executor.py
[2024-08-18 11:50:05,414] {processor.py:161} INFO - Processing /home/kai/.local/lib/python3.8/site-packages/airflow/example_dags/example_kubernetes_executor.py took 0.110 seconds
[2024-08-18 11:50:42,267] {processor.py:153} INFO - Started process (PID=771528) to work on /home/kai/.local/lib/python3.8/site-packages/airflow/example_dags/example_kubernetes_executor.py
[2024-08-18 11:50:42,273] {processor.py:641} INFO - Processing file /home/kai/.local/lib/python3.8/site-packages/airflow/example_dags/example_kubernetes_executor.py for tasks to queue
[2024-08-18 11:50:42,274] {logging_mixin.py:115} INFO - [2024-08-18 11:50:42,274] {dagbag.py:507} INFO - Filling up the DagBag from /home/kai/.local/lib/python3.8/site-packages/airflow/example_dags/example_kubernetes_executor.py
[2024-08-18 11:50:42,290] {logging_mixin.py:115} INFO - [2024-08-18 11:50:42,290] {example_kubernetes_executor.py:39} WARNING - The example_kubernetes_executor example DAG requires the kubernetes provider. Please install it with: pip install apache-airflow[cncf.kubernetes]
[2024-08-18 11:50:42,290] {processor.py:653} WARNING - No viable dags retrieved from /home/kai/.local/lib/python3.8/site-packages/airflow/example_dags/example_kubernetes_executor.py
[2024-08-18 11:50:42,303] {processor.py:161} INFO - Processing /home/kai/.local/lib/python3.8/site-packages/airflow/example_dags/example_kubernetes_executor.py took 0.038 seconds
[2024-08-18 11:51:16,440] {processor.py:153} INFO - Started process (PID=771927) to work on /home/kai/.local/lib/python3.8/site-packages/airflow/example_dags/example_kubernetes_executor.py
[2024-08-18 11:51:16,441] {processor.py:641} INFO - Processing file /home/kai/.local/lib/python3.8/site-packages/airflow/example_dags/example_kubernetes_executor.py for tasks to queue
[2024-08-18 11:51:16,441] {logging_mixin.py:115} INFO - [2024-08-18 11:51:16,441] {dagbag.py:507} INFO - Filling up the DagBag from /home/kai/.local/lib/python3.8/site-packages/airflow/example_dags/example_kubernetes_executor.py
[2024-08-18 11:51:16,471] {logging_mixin.py:115} INFO - [2024-08-18 11:51:16,471] {example_kubernetes_executor.py:39} WARNING - The example_kubernetes_executor example DAG requires the kubernetes provider. Please install it with: pip install apache-airflow[cncf.kubernetes]
[2024-08-18 11:51:16,471] {processor.py:653} WARNING - No viable dags retrieved from /home/kai/.local/lib/python3.8/site-packages/airflow/example_dags/example_kubernetes_executor.py
[2024-08-18 11:51:16,488] {processor.py:161} INFO - Processing /home/kai/.local/lib/python3.8/site-packages/airflow/example_dags/example_kubernetes_executor.py took 0.053 seconds
[2024-08-18 11:51:52,753] {processor.py:153} INFO - Started process (PID=772680) to work on /home/kai/.local/lib/python3.8/site-packages/airflow/example_dags/example_kubernetes_executor.py
[2024-08-18 11:51:52,754] {processor.py:641} INFO - Processing file /home/kai/.local/lib/python3.8/site-packages/airflow/example_dags/example_kubernetes_executor.py for tasks to queue
[2024-08-18 11:51:52,755] {logging_mixin.py:115} INFO - [2024-08-18 11:51:52,755] {dagbag.py:507} INFO - Filling up the DagBag from /home/kai/.local/lib/python3.8/site-packages/airflow/example_dags/example_kubernetes_executor.py
[2024-08-18 11:51:52,771] {logging_mixin.py:115} INFO - [2024-08-18 11:51:52,770] {example_kubernetes_executor.py:39} WARNING - The example_kubernetes_executor example DAG requires the kubernetes provider. Please install it with: pip install apache-airflow[cncf.kubernetes]
[2024-08-18 11:51:52,771] {processor.py:653} WARNING - No viable dags retrieved from /home/kai/.local/lib/python3.8/site-packages/airflow/example_dags/example_kubernetes_executor.py
[2024-08-18 11:51:52,786] {processor.py:161} INFO - Processing /home/kai/.local/lib/python3.8/site-packages/airflow/example_dags/example_kubernetes_executor.py took 0.036 seconds
[2024-08-18 11:52:26,602] {processor.py:153} INFO - Started process (PID=773079) to work on /home/kai/.local/lib/python3.8/site-packages/airflow/example_dags/example_kubernetes_executor.py
[2024-08-18 11:52:26,606] {processor.py:641} INFO - Processing file /home/kai/.local/lib/python3.8/site-packages/airflow/example_dags/example_kubernetes_executor.py for tasks to queue
[2024-08-18 11:52:26,606] {logging_mixin.py:115} INFO - [2024-08-18 11:52:26,606] {dagbag.py:507} INFO - Filling up the DagBag from /home/kai/.local/lib/python3.8/site-packages/airflow/example_dags/example_kubernetes_executor.py
[2024-08-18 11:52:26,625] {logging_mixin.py:115} INFO - [2024-08-18 11:52:26,625] {example_kubernetes_executor.py:39} WARNING - The example_kubernetes_executor example DAG requires the kubernetes provider. Please install it with: pip install apache-airflow[cncf.kubernetes]
[2024-08-18 11:52:26,625] {processor.py:653} WARNING - No viable dags retrieved from /home/kai/.local/lib/python3.8/site-packages/airflow/example_dags/example_kubernetes_executor.py
[2024-08-18 11:52:26,644] {processor.py:161} INFO - Processing /home/kai/.local/lib/python3.8/site-packages/airflow/example_dags/example_kubernetes_executor.py took 0.045 seconds
[2024-08-18 11:53:01,586] {processor.py:153} INFO - Started process (PID=773482) to work on /home/kai/.local/lib/python3.8/site-packages/airflow/example_dags/example_kubernetes_executor.py
[2024-08-18 11:53:01,587] {processor.py:641} INFO - Processing file /home/kai/.local/lib/python3.8/site-packages/airflow/example_dags/example_kubernetes_executor.py for tasks to queue
[2024-08-18 11:53:01,587] {logging_mixin.py:115} INFO - [2024-08-18 11:53:01,587] {dagbag.py:507} INFO - Filling up the DagBag from /home/kai/.local/lib/python3.8/site-packages/airflow/example_dags/example_kubernetes_executor.py
[2024-08-18 11:53:01,630] {logging_mixin.py:115} INFO - [2024-08-18 11:53:01,630] {example_kubernetes_executor.py:39} WARNING - The example_kubernetes_executor example DAG requires the kubernetes provider. Please install it with: pip install apache-airflow[cncf.kubernetes]
[2024-08-18 11:53:01,630] {processor.py:653} WARNING - No viable dags retrieved from /home/kai/.local/lib/python3.8/site-packages/airflow/example_dags/example_kubernetes_executor.py
[2024-08-18 11:53:01,662] {processor.py:161} INFO - Processing /home/kai/.local/lib/python3.8/site-packages/airflow/example_dags/example_kubernetes_executor.py took 0.080 seconds
[2024-08-18 11:53:34,905] {processor.py:153} INFO - Started process (PID=773871) to work on /home/kai/.local/lib/python3.8/site-packages/airflow/example_dags/example_kubernetes_executor.py
[2024-08-18 11:53:34,908] {processor.py:641} INFO - Processing file /home/kai/.local/lib/python3.8/site-packages/airflow/example_dags/example_kubernetes_executor.py for tasks to queue
[2024-08-18 11:53:34,909] {logging_mixin.py:115} INFO - [2024-08-18 11:53:34,909] {dagbag.py:507} INFO - Filling up the DagBag from /home/kai/.local/lib/python3.8/site-packages/airflow/example_dags/example_kubernetes_executor.py
[2024-08-18 11:53:34,923] {logging_mixin.py:115} INFO - [2024-08-18 11:53:34,923] {example_kubernetes_executor.py:39} WARNING - The example_kubernetes_executor example DAG requires the kubernetes provider. Please install it with: pip install apache-airflow[cncf.kubernetes]
[2024-08-18 11:53:34,923] {processor.py:653} WARNING - No viable dags retrieved from /home/kai/.local/lib/python3.8/site-packages/airflow/example_dags/example_kubernetes_executor.py
[2024-08-18 11:53:34,939] {processor.py:161} INFO - Processing /home/kai/.local/lib/python3.8/site-packages/airflow/example_dags/example_kubernetes_executor.py took 0.036 seconds
[2024-08-18 11:54:10,026] {processor.py:153} INFO - Started process (PID=774291) to work on /home/kai/.local/lib/python3.8/site-packages/airflow/example_dags/example_kubernetes_executor.py
[2024-08-18 11:54:10,031] {processor.py:641} INFO - Processing file /home/kai/.local/lib/python3.8/site-packages/airflow/example_dags/example_kubernetes_executor.py for tasks to queue
[2024-08-18 11:54:10,032] {logging_mixin.py:115} INFO - [2024-08-18 11:54:10,032] {dagbag.py:507} INFO - Filling up the DagBag from /home/kai/.local/lib/python3.8/site-packages/airflow/example_dags/example_kubernetes_executor.py
[2024-08-18 11:54:10,050] {logging_mixin.py:115} INFO - [2024-08-18 11:54:10,050] {example_kubernetes_executor.py:39} WARNING - The example_kubernetes_executor example DAG requires the kubernetes provider. Please install it with: pip install apache-airflow[cncf.kubernetes]
[2024-08-18 11:54:10,051] {processor.py:653} WARNING - No viable dags retrieved from /home/kai/.local/lib/python3.8/site-packages/airflow/example_dags/example_kubernetes_executor.py
[2024-08-18 11:54:10,062] {processor.py:161} INFO - Processing /home/kai/.local/lib/python3.8/site-packages/airflow/example_dags/example_kubernetes_executor.py took 0.040 seconds
[2024-08-18 11:54:45,593] {processor.py:153} INFO - Started process (PID=774687) to work on /home/kai/.local/lib/python3.8/site-packages/airflow/example_dags/example_kubernetes_executor.py
[2024-08-18 11:54:45,599] {processor.py:641} INFO - Processing file /home/kai/.local/lib/python3.8/site-packages/airflow/example_dags/example_kubernetes_executor.py for tasks to queue
[2024-08-18 11:54:45,600] {logging_mixin.py:115} INFO - [2024-08-18 11:54:45,600] {dagbag.py:507} INFO - Filling up the DagBag from /home/kai/.local/lib/python3.8/site-packages/airflow/example_dags/example_kubernetes_executor.py
[2024-08-18 11:54:45,614] {logging_mixin.py:115} INFO - [2024-08-18 11:54:45,614] {example_kubernetes_executor.py:39} WARNING - The example_kubernetes_executor example DAG requires the kubernetes provider. Please install it with: pip install apache-airflow[cncf.kubernetes]
[2024-08-18 11:54:45,614] {processor.py:653} WARNING - No viable dags retrieved from /home/kai/.local/lib/python3.8/site-packages/airflow/example_dags/example_kubernetes_executor.py
[2024-08-18 11:54:45,632] {processor.py:161} INFO - Processing /home/kai/.local/lib/python3.8/site-packages/airflow/example_dags/example_kubernetes_executor.py took 0.042 seconds
[2024-08-18 11:55:19,216] {processor.py:153} INFO - Started process (PID=775122) to work on /home/kai/.local/lib/python3.8/site-packages/airflow/example_dags/example_kubernetes_executor.py
[2024-08-18 11:55:19,221] {processor.py:641} INFO - Processing file /home/kai/.local/lib/python3.8/site-packages/airflow/example_dags/example_kubernetes_executor.py for tasks to queue
[2024-08-18 11:55:19,222] {logging_mixin.py:115} INFO - [2024-08-18 11:55:19,222] {dagbag.py:507} INFO - Filling up the DagBag from /home/kai/.local/lib/python3.8/site-packages/airflow/example_dags/example_kubernetes_executor.py
[2024-08-18 11:55:19,236] {logging_mixin.py:115} INFO - [2024-08-18 11:55:19,235] {example_kubernetes_executor.py:39} WARNING - The example_kubernetes_executor example DAG requires the kubernetes provider. Please install it with: pip install apache-airflow[cncf.kubernetes]
[2024-08-18 11:55:19,236] {processor.py:653} WARNING - No viable dags retrieved from /home/kai/.local/lib/python3.8/site-packages/airflow/example_dags/example_kubernetes_executor.py
[2024-08-18 11:55:19,251] {processor.py:161} INFO - Processing /home/kai/.local/lib/python3.8/site-packages/airflow/example_dags/example_kubernetes_executor.py took 0.040 seconds
[2024-08-18 11:55:54,440] {processor.py:153} INFO - Started process (PID=775526) to work on /home/kai/.local/lib/python3.8/site-packages/airflow/example_dags/example_kubernetes_executor.py
[2024-08-18 11:55:54,446] {processor.py:641} INFO - Processing file /home/kai/.local/lib/python3.8/site-packages/airflow/example_dags/example_kubernetes_executor.py for tasks to queue
[2024-08-18 11:55:54,447] {logging_mixin.py:115} INFO - [2024-08-18 11:55:54,447] {dagbag.py:507} INFO - Filling up the DagBag from /home/kai/.local/lib/python3.8/site-packages/airflow/example_dags/example_kubernetes_executor.py
[2024-08-18 11:55:54,478] {logging_mixin.py:115} INFO - [2024-08-18 11:55:54,478] {example_kubernetes_executor.py:39} WARNING - The example_kubernetes_executor example DAG requires the kubernetes provider. Please install it with: pip install apache-airflow[cncf.kubernetes]
[2024-08-18 11:55:54,478] {processor.py:653} WARNING - No viable dags retrieved from /home/kai/.local/lib/python3.8/site-packages/airflow/example_dags/example_kubernetes_executor.py
[2024-08-18 11:55:54,500] {processor.py:161} INFO - Processing /home/kai/.local/lib/python3.8/site-packages/airflow/example_dags/example_kubernetes_executor.py took 0.065 seconds
[2024-08-18 11:56:29,542] {processor.py:153} INFO - Started process (PID=775945) to work on /home/kai/.local/lib/python3.8/site-packages/airflow/example_dags/example_kubernetes_executor.py
[2024-08-18 11:56:29,554] {processor.py:641} INFO - Processing file /home/kai/.local/lib/python3.8/site-packages/airflow/example_dags/example_kubernetes_executor.py for tasks to queue
[2024-08-18 11:56:29,556] {logging_mixin.py:115} INFO - [2024-08-18 11:56:29,555] {dagbag.py:507} INFO - Filling up the DagBag from /home/kai/.local/lib/python3.8/site-packages/airflow/example_dags/example_kubernetes_executor.py
[2024-08-18 11:56:29,578] {logging_mixin.py:115} INFO - [2024-08-18 11:56:29,578] {example_kubernetes_executor.py:39} WARNING - The example_kubernetes_executor example DAG requires the kubernetes provider. Please install it with: pip install apache-airflow[cncf.kubernetes]
[2024-08-18 11:56:29,578] {processor.py:653} WARNING - No viable dags retrieved from /home/kai/.local/lib/python3.8/site-packages/airflow/example_dags/example_kubernetes_executor.py
[2024-08-18 11:56:29,599] {processor.py:161} INFO - Processing /home/kai/.local/lib/python3.8/site-packages/airflow/example_dags/example_kubernetes_executor.py took 0.061 seconds
[2024-08-18 11:57:03,406] {processor.py:153} INFO - Started process (PID=776320) to work on /home/kai/.local/lib/python3.8/site-packages/airflow/example_dags/example_kubernetes_executor.py
[2024-08-18 11:57:03,407] {processor.py:641} INFO - Processing file /home/kai/.local/lib/python3.8/site-packages/airflow/example_dags/example_kubernetes_executor.py for tasks to queue
[2024-08-18 11:57:03,408] {logging_mixin.py:115} INFO - [2024-08-18 11:57:03,408] {dagbag.py:507} INFO - Filling up the DagBag from /home/kai/.local/lib/python3.8/site-packages/airflow/example_dags/example_kubernetes_executor.py
[2024-08-18 11:57:03,428] {logging_mixin.py:115} INFO - [2024-08-18 11:57:03,428] {example_kubernetes_executor.py:39} WARNING - The example_kubernetes_executor example DAG requires the kubernetes provider. Please install it with: pip install apache-airflow[cncf.kubernetes]
[2024-08-18 11:57:03,428] {processor.py:653} WARNING - No viable dags retrieved from /home/kai/.local/lib/python3.8/site-packages/airflow/example_dags/example_kubernetes_executor.py
[2024-08-18 11:57:03,440] {processor.py:161} INFO - Processing /home/kai/.local/lib/python3.8/site-packages/airflow/example_dags/example_kubernetes_executor.py took 0.037 seconds
[2024-08-18 11:57:36,745] {processor.py:153} INFO - Started process (PID=776689) to work on /home/kai/.local/lib/python3.8/site-packages/airflow/example_dags/example_kubernetes_executor.py
[2024-08-18 11:57:36,755] {processor.py:641} INFO - Processing file /home/kai/.local/lib/python3.8/site-packages/airflow/example_dags/example_kubernetes_executor.py for tasks to queue
[2024-08-18 11:57:36,756] {logging_mixin.py:115} INFO - [2024-08-18 11:57:36,756] {dagbag.py:507} INFO - Filling up the DagBag from /home/kai/.local/lib/python3.8/site-packages/airflow/example_dags/example_kubernetes_executor.py
[2024-08-18 11:57:36,783] {logging_mixin.py:115} INFO - [2024-08-18 11:57:36,783] {example_kubernetes_executor.py:39} WARNING - The example_kubernetes_executor example DAG requires the kubernetes provider. Please install it with: pip install apache-airflow[cncf.kubernetes]
[2024-08-18 11:57:36,783] {processor.py:653} WARNING - No viable dags retrieved from /home/kai/.local/lib/python3.8/site-packages/airflow/example_dags/example_kubernetes_executor.py
[2024-08-18 11:57:36,812] {processor.py:161} INFO - Processing /home/kai/.local/lib/python3.8/site-packages/airflow/example_dags/example_kubernetes_executor.py took 0.071 seconds
[2024-08-18 11:58:12,824] {processor.py:153} INFO - Started process (PID=777092) to work on /home/kai/.local/lib/python3.8/site-packages/airflow/example_dags/example_kubernetes_executor.py
[2024-08-18 11:58:12,829] {processor.py:641} INFO - Processing file /home/kai/.local/lib/python3.8/site-packages/airflow/example_dags/example_kubernetes_executor.py for tasks to queue
[2024-08-18 11:58:12,829] {logging_mixin.py:115} INFO - [2024-08-18 11:58:12,829] {dagbag.py:507} INFO - Filling up the DagBag from /home/kai/.local/lib/python3.8/site-packages/airflow/example_dags/example_kubernetes_executor.py
[2024-08-18 11:58:12,852] {logging_mixin.py:115} INFO - [2024-08-18 11:58:12,852] {example_kubernetes_executor.py:39} WARNING - The example_kubernetes_executor example DAG requires the kubernetes provider. Please install it with: pip install apache-airflow[cncf.kubernetes]
[2024-08-18 11:58:12,852] {processor.py:653} WARNING - No viable dags retrieved from /home/kai/.local/lib/python3.8/site-packages/airflow/example_dags/example_kubernetes_executor.py
[2024-08-18 11:58:12,867] {processor.py:161} INFO - Processing /home/kai/.local/lib/python3.8/site-packages/airflow/example_dags/example_kubernetes_executor.py took 0.047 seconds
[2024-08-18 11:58:50,516] {processor.py:153} INFO - Started process (PID=777527) to work on /home/kai/.local/lib/python3.8/site-packages/airflow/example_dags/example_kubernetes_executor.py
[2024-08-18 11:58:50,517] {processor.py:641} INFO - Processing file /home/kai/.local/lib/python3.8/site-packages/airflow/example_dags/example_kubernetes_executor.py for tasks to queue
[2024-08-18 11:58:50,518] {logging_mixin.py:115} INFO - [2024-08-18 11:58:50,518] {dagbag.py:507} INFO - Filling up the DagBag from /home/kai/.local/lib/python3.8/site-packages/airflow/example_dags/example_kubernetes_executor.py
[2024-08-18 11:58:50,545] {logging_mixin.py:115} INFO - [2024-08-18 11:58:50,545] {example_kubernetes_executor.py:39} WARNING - The example_kubernetes_executor example DAG requires the kubernetes provider. Please install it with: pip install apache-airflow[cncf.kubernetes]
[2024-08-18 11:58:50,545] {processor.py:653} WARNING - No viable dags retrieved from /home/kai/.local/lib/python3.8/site-packages/airflow/example_dags/example_kubernetes_executor.py
[2024-08-18 11:58:50,558] {processor.py:161} INFO - Processing /home/kai/.local/lib/python3.8/site-packages/airflow/example_dags/example_kubernetes_executor.py took 0.046 seconds
[2024-08-18 11:59:29,091] {processor.py:153} INFO - Started process (PID=777950) to work on /home/kai/.local/lib/python3.8/site-packages/airflow/example_dags/example_kubernetes_executor.py
[2024-08-18 11:59:29,092] {processor.py:641} INFO - Processing file /home/kai/.local/lib/python3.8/site-packages/airflow/example_dags/example_kubernetes_executor.py for tasks to queue
[2024-08-18 11:59:29,096] {logging_mixin.py:115} INFO - [2024-08-18 11:59:29,096] {dagbag.py:507} INFO - Filling up the DagBag from /home/kai/.local/lib/python3.8/site-packages/airflow/example_dags/example_kubernetes_executor.py
[2024-08-18 11:59:29,119] {logging_mixin.py:115} INFO - [2024-08-18 11:59:29,119] {example_kubernetes_executor.py:39} WARNING - The example_kubernetes_executor example DAG requires the kubernetes provider. Please install it with: pip install apache-airflow[cncf.kubernetes]
[2024-08-18 11:59:29,119] {processor.py:653} WARNING - No viable dags retrieved from /home/kai/.local/lib/python3.8/site-packages/airflow/example_dags/example_kubernetes_executor.py
[2024-08-18 11:59:29,132] {processor.py:161} INFO - Processing /home/kai/.local/lib/python3.8/site-packages/airflow/example_dags/example_kubernetes_executor.py took 0.045 seconds
[2024-08-18 12:03:11,700] {processor.py:153} INFO - Started process (PID=4305) to work on /home/kai/.local/lib/python3.8/site-packages/airflow/example_dags/example_kubernetes_executor.py
[2024-08-18 12:03:11,701] {processor.py:641} INFO - Processing file /home/kai/.local/lib/python3.8/site-packages/airflow/example_dags/example_kubernetes_executor.py for tasks to queue
[2024-08-18 12:03:11,702] {logging_mixin.py:115} INFO - [2024-08-18 12:03:11,702] {dagbag.py:507} INFO - Filling up the DagBag from /home/kai/.local/lib/python3.8/site-packages/airflow/example_dags/example_kubernetes_executor.py
[2024-08-18 12:03:11,717] {logging_mixin.py:115} INFO - [2024-08-18 12:03:11,717] {example_kubernetes_executor.py:39} WARNING - The example_kubernetes_executor example DAG requires the kubernetes provider. Please install it with: pip install apache-airflow[cncf.kubernetes]
[2024-08-18 12:03:11,717] {processor.py:653} WARNING - No viable dags retrieved from /home/kai/.local/lib/python3.8/site-packages/airflow/example_dags/example_kubernetes_executor.py
[2024-08-18 12:03:11,728] {processor.py:161} INFO - Processing /home/kai/.local/lib/python3.8/site-packages/airflow/example_dags/example_kubernetes_executor.py took 0.030 seconds
[2024-08-18 12:03:44,599] {processor.py:153} INFO - Started process (PID=4794) to work on /home/kai/.local/lib/python3.8/site-packages/airflow/example_dags/example_kubernetes_executor.py
[2024-08-18 12:03:44,600] {processor.py:641} INFO - Processing file /home/kai/.local/lib/python3.8/site-packages/airflow/example_dags/example_kubernetes_executor.py for tasks to queue
[2024-08-18 12:03:44,600] {logging_mixin.py:115} INFO - [2024-08-18 12:03:44,600] {dagbag.py:507} INFO - Filling up the DagBag from /home/kai/.local/lib/python3.8/site-packages/airflow/example_dags/example_kubernetes_executor.py
[2024-08-18 12:03:44,617] {logging_mixin.py:115} INFO - [2024-08-18 12:03:44,616] {example_kubernetes_executor.py:39} WARNING - The example_kubernetes_executor example DAG requires the kubernetes provider. Please install it with: pip install apache-airflow[cncf.kubernetes]
[2024-08-18 12:03:44,617] {processor.py:653} WARNING - No viable dags retrieved from /home/kai/.local/lib/python3.8/site-packages/airflow/example_dags/example_kubernetes_executor.py
[2024-08-18 12:03:44,633] {processor.py:161} INFO - Processing /home/kai/.local/lib/python3.8/site-packages/airflow/example_dags/example_kubernetes_executor.py took 0.037 seconds
[2024-08-18 12:04:19,199] {processor.py:153} INFO - Started process (PID=4977) to work on /home/kai/.local/lib/python3.8/site-packages/airflow/example_dags/example_kubernetes_executor.py
[2024-08-18 12:04:19,200] {processor.py:641} INFO - Processing file /home/kai/.local/lib/python3.8/site-packages/airflow/example_dags/example_kubernetes_executor.py for tasks to queue
[2024-08-18 12:04:19,200] {logging_mixin.py:115} INFO - [2024-08-18 12:04:19,200] {dagbag.py:507} INFO - Filling up the DagBag from /home/kai/.local/lib/python3.8/site-packages/airflow/example_dags/example_kubernetes_executor.py
[2024-08-18 12:04:19,213] {logging_mixin.py:115} INFO - [2024-08-18 12:04:19,213] {example_kubernetes_executor.py:39} WARNING - The example_kubernetes_executor example DAG requires the kubernetes provider. Please install it with: pip install apache-airflow[cncf.kubernetes]
[2024-08-18 12:04:19,213] {processor.py:653} WARNING - No viable dags retrieved from /home/kai/.local/lib/python3.8/site-packages/airflow/example_dags/example_kubernetes_executor.py
[2024-08-18 12:04:19,223] {processor.py:161} INFO - Processing /home/kai/.local/lib/python3.8/site-packages/airflow/example_dags/example_kubernetes_executor.py took 0.027 seconds
[2024-08-18 12:04:52,209] {processor.py:153} INFO - Started process (PID=5139) to work on /home/kai/.local/lib/python3.8/site-packages/airflow/example_dags/example_kubernetes_executor.py
[2024-08-18 12:04:52,209] {processor.py:641} INFO - Processing file /home/kai/.local/lib/python3.8/site-packages/airflow/example_dags/example_kubernetes_executor.py for tasks to queue
[2024-08-18 12:04:52,210] {logging_mixin.py:115} INFO - [2024-08-18 12:04:52,210] {dagbag.py:507} INFO - Filling up the DagBag from /home/kai/.local/lib/python3.8/site-packages/airflow/example_dags/example_kubernetes_executor.py
[2024-08-18 12:04:52,221] {logging_mixin.py:115} INFO - [2024-08-18 12:04:52,221] {example_kubernetes_executor.py:39} WARNING - The example_kubernetes_executor example DAG requires the kubernetes provider. Please install it with: pip install apache-airflow[cncf.kubernetes]
[2024-08-18 12:04:52,222] {processor.py:653} WARNING - No viable dags retrieved from /home/kai/.local/lib/python3.8/site-packages/airflow/example_dags/example_kubernetes_executor.py
[2024-08-18 12:04:52,230] {processor.py:161} INFO - Processing /home/kai/.local/lib/python3.8/site-packages/airflow/example_dags/example_kubernetes_executor.py took 0.024 seconds
[2024-08-18 12:05:24,833] {processor.py:153} INFO - Started process (PID=5316) to work on /home/kai/.local/lib/python3.8/site-packages/airflow/example_dags/example_kubernetes_executor.py
[2024-08-18 12:05:24,834] {processor.py:641} INFO - Processing file /home/kai/.local/lib/python3.8/site-packages/airflow/example_dags/example_kubernetes_executor.py for tasks to queue
[2024-08-18 12:05:24,835] {logging_mixin.py:115} INFO - [2024-08-18 12:05:24,834] {dagbag.py:507} INFO - Filling up the DagBag from /home/kai/.local/lib/python3.8/site-packages/airflow/example_dags/example_kubernetes_executor.py
[2024-08-18 12:05:24,850] {logging_mixin.py:115} INFO - [2024-08-18 12:05:24,849] {example_kubernetes_executor.py:39} WARNING - The example_kubernetes_executor example DAG requires the kubernetes provider. Please install it with: pip install apache-airflow[cncf.kubernetes]
[2024-08-18 12:05:24,850] {processor.py:653} WARNING - No viable dags retrieved from /home/kai/.local/lib/python3.8/site-packages/airflow/example_dags/example_kubernetes_executor.py
[2024-08-18 12:05:24,858] {processor.py:161} INFO - Processing /home/kai/.local/lib/python3.8/site-packages/airflow/example_dags/example_kubernetes_executor.py took 0.028 seconds
[2024-08-18 12:05:55,387] {processor.py:153} INFO - Started process (PID=5478) to work on /home/kai/.local/lib/python3.8/site-packages/airflow/example_dags/example_kubernetes_executor.py
[2024-08-18 12:05:55,388] {processor.py:641} INFO - Processing file /home/kai/.local/lib/python3.8/site-packages/airflow/example_dags/example_kubernetes_executor.py for tasks to queue
[2024-08-18 12:05:55,388] {logging_mixin.py:115} INFO - [2024-08-18 12:05:55,388] {dagbag.py:507} INFO - Filling up the DagBag from /home/kai/.local/lib/python3.8/site-packages/airflow/example_dags/example_kubernetes_executor.py
[2024-08-18 12:05:55,401] {logging_mixin.py:115} INFO - [2024-08-18 12:05:55,400] {example_kubernetes_executor.py:39} WARNING - The example_kubernetes_executor example DAG requires the kubernetes provider. Please install it with: pip install apache-airflow[cncf.kubernetes]
[2024-08-18 12:05:55,401] {processor.py:653} WARNING - No viable dags retrieved from /home/kai/.local/lib/python3.8/site-packages/airflow/example_dags/example_kubernetes_executor.py
[2024-08-18 12:05:55,411] {processor.py:161} INFO - Processing /home/kai/.local/lib/python3.8/site-packages/airflow/example_dags/example_kubernetes_executor.py took 0.027 seconds
[2024-08-18 12:06:29,037] {processor.py:153} INFO - Started process (PID=5657) to work on /home/kai/.local/lib/python3.8/site-packages/airflow/example_dags/example_kubernetes_executor.py
[2024-08-18 12:06:29,038] {processor.py:641} INFO - Processing file /home/kai/.local/lib/python3.8/site-packages/airflow/example_dags/example_kubernetes_executor.py for tasks to queue
[2024-08-18 12:06:29,039] {logging_mixin.py:115} INFO - [2024-08-18 12:06:29,038] {dagbag.py:507} INFO - Filling up the DagBag from /home/kai/.local/lib/python3.8/site-packages/airflow/example_dags/example_kubernetes_executor.py
[2024-08-18 12:06:29,051] {logging_mixin.py:115} INFO - [2024-08-18 12:06:29,051] {example_kubernetes_executor.py:39} WARNING - The example_kubernetes_executor example DAG requires the kubernetes provider. Please install it with: pip install apache-airflow[cncf.kubernetes]
[2024-08-18 12:06:29,051] {processor.py:653} WARNING - No viable dags retrieved from /home/kai/.local/lib/python3.8/site-packages/airflow/example_dags/example_kubernetes_executor.py
[2024-08-18 12:06:29,060] {processor.py:161} INFO - Processing /home/kai/.local/lib/python3.8/site-packages/airflow/example_dags/example_kubernetes_executor.py took 0.027 seconds
[2024-08-18 12:07:03,526] {processor.py:153} INFO - Started process (PID=5828) to work on /home/kai/.local/lib/python3.8/site-packages/airflow/example_dags/example_kubernetes_executor.py
[2024-08-18 12:07:03,527] {processor.py:641} INFO - Processing file /home/kai/.local/lib/python3.8/site-packages/airflow/example_dags/example_kubernetes_executor.py for tasks to queue
[2024-08-18 12:07:03,527] {logging_mixin.py:115} INFO - [2024-08-18 12:07:03,527] {dagbag.py:507} INFO - Filling up the DagBag from /home/kai/.local/lib/python3.8/site-packages/airflow/example_dags/example_kubernetes_executor.py
[2024-08-18 12:07:03,541] {logging_mixin.py:115} INFO - [2024-08-18 12:07:03,541] {example_kubernetes_executor.py:39} WARNING - The example_kubernetes_executor example DAG requires the kubernetes provider. Please install it with: pip install apache-airflow[cncf.kubernetes]
[2024-08-18 12:07:03,541] {processor.py:653} WARNING - No viable dags retrieved from /home/kai/.local/lib/python3.8/site-packages/airflow/example_dags/example_kubernetes_executor.py
[2024-08-18 12:07:03,550] {processor.py:161} INFO - Processing /home/kai/.local/lib/python3.8/site-packages/airflow/example_dags/example_kubernetes_executor.py took 0.026 seconds
[2024-08-18 12:07:34,362] {processor.py:153} INFO - Started process (PID=5992) to work on /home/kai/.local/lib/python3.8/site-packages/airflow/example_dags/example_kubernetes_executor.py
[2024-08-18 12:07:34,363] {processor.py:641} INFO - Processing file /home/kai/.local/lib/python3.8/site-packages/airflow/example_dags/example_kubernetes_executor.py for tasks to queue
[2024-08-18 12:07:34,363] {logging_mixin.py:115} INFO - [2024-08-18 12:07:34,363] {dagbag.py:507} INFO - Filling up the DagBag from /home/kai/.local/lib/python3.8/site-packages/airflow/example_dags/example_kubernetes_executor.py
[2024-08-18 12:07:34,377] {logging_mixin.py:115} INFO - [2024-08-18 12:07:34,377] {example_kubernetes_executor.py:39} WARNING - The example_kubernetes_executor example DAG requires the kubernetes provider. Please install it with: pip install apache-airflow[cncf.kubernetes]
[2024-08-18 12:07:34,377] {processor.py:653} WARNING - No viable dags retrieved from /home/kai/.local/lib/python3.8/site-packages/airflow/example_dags/example_kubernetes_executor.py
[2024-08-18 12:07:34,386] {processor.py:161} INFO - Processing /home/kai/.local/lib/python3.8/site-packages/airflow/example_dags/example_kubernetes_executor.py took 0.026 seconds
[2024-08-18 12:08:08,161] {processor.py:153} INFO - Started process (PID=6215) to work on /home/kai/.local/lib/python3.8/site-packages/airflow/example_dags/example_kubernetes_executor.py
[2024-08-18 12:08:08,162] {processor.py:641} INFO - Processing file /home/kai/.local/lib/python3.8/site-packages/airflow/example_dags/example_kubernetes_executor.py for tasks to queue
[2024-08-18 12:08:08,163] {logging_mixin.py:115} INFO - [2024-08-18 12:08:08,163] {dagbag.py:507} INFO - Filling up the DagBag from /home/kai/.local/lib/python3.8/site-packages/airflow/example_dags/example_kubernetes_executor.py
[2024-08-18 12:08:08,176] {logging_mixin.py:115} INFO - [2024-08-18 12:08:08,176] {example_kubernetes_executor.py:39} WARNING - The example_kubernetes_executor example DAG requires the kubernetes provider. Please install it with: pip install apache-airflow[cncf.kubernetes]
[2024-08-18 12:08:08,176] {processor.py:653} WARNING - No viable dags retrieved from /home/kai/.local/lib/python3.8/site-packages/airflow/example_dags/example_kubernetes_executor.py
[2024-08-18 12:08:08,186] {processor.py:161} INFO - Processing /home/kai/.local/lib/python3.8/site-packages/airflow/example_dags/example_kubernetes_executor.py took 0.027 seconds
[2024-08-18 12:08:40,137] {processor.py:153} INFO - Started process (PID=6378) to work on /home/kai/.local/lib/python3.8/site-packages/airflow/example_dags/example_kubernetes_executor.py
[2024-08-18 12:08:40,138] {processor.py:641} INFO - Processing file /home/kai/.local/lib/python3.8/site-packages/airflow/example_dags/example_kubernetes_executor.py for tasks to queue
[2024-08-18 12:08:40,139] {logging_mixin.py:115} INFO - [2024-08-18 12:08:40,139] {dagbag.py:507} INFO - Filling up the DagBag from /home/kai/.local/lib/python3.8/site-packages/airflow/example_dags/example_kubernetes_executor.py
[2024-08-18 12:08:40,151] {logging_mixin.py:115} INFO - [2024-08-18 12:08:40,151] {example_kubernetes_executor.py:39} WARNING - The example_kubernetes_executor example DAG requires the kubernetes provider. Please install it with: pip install apache-airflow[cncf.kubernetes]
[2024-08-18 12:08:40,151] {processor.py:653} WARNING - No viable dags retrieved from /home/kai/.local/lib/python3.8/site-packages/airflow/example_dags/example_kubernetes_executor.py
[2024-08-18 12:08:40,161] {processor.py:161} INFO - Processing /home/kai/.local/lib/python3.8/site-packages/airflow/example_dags/example_kubernetes_executor.py took 0.028 seconds
[2024-08-18 12:09:13,850] {processor.py:153} INFO - Started process (PID=6552) to work on /home/kai/.local/lib/python3.8/site-packages/airflow/example_dags/example_kubernetes_executor.py
[2024-08-18 12:09:13,851] {processor.py:641} INFO - Processing file /home/kai/.local/lib/python3.8/site-packages/airflow/example_dags/example_kubernetes_executor.py for tasks to queue
[2024-08-18 12:09:13,851] {logging_mixin.py:115} INFO - [2024-08-18 12:09:13,851] {dagbag.py:507} INFO - Filling up the DagBag from /home/kai/.local/lib/python3.8/site-packages/airflow/example_dags/example_kubernetes_executor.py
[2024-08-18 12:09:13,866] {logging_mixin.py:115} INFO - [2024-08-18 12:09:13,866] {example_kubernetes_executor.py:39} WARNING - The example_kubernetes_executor example DAG requires the kubernetes provider. Please install it with: pip install apache-airflow[cncf.kubernetes]
[2024-08-18 12:09:13,866] {processor.py:653} WARNING - No viable dags retrieved from /home/kai/.local/lib/python3.8/site-packages/airflow/example_dags/example_kubernetes_executor.py
[2024-08-18 12:09:13,880] {processor.py:161} INFO - Processing /home/kai/.local/lib/python3.8/site-packages/airflow/example_dags/example_kubernetes_executor.py took 0.032 seconds
[2024-08-18 12:09:46,070] {processor.py:153} INFO - Started process (PID=6715) to work on /home/kai/.local/lib/python3.8/site-packages/airflow/example_dags/example_kubernetes_executor.py
[2024-08-18 12:09:46,071] {processor.py:641} INFO - Processing file /home/kai/.local/lib/python3.8/site-packages/airflow/example_dags/example_kubernetes_executor.py for tasks to queue
[2024-08-18 12:09:46,071] {logging_mixin.py:115} INFO - [2024-08-18 12:09:46,071] {dagbag.py:507} INFO - Filling up the DagBag from /home/kai/.local/lib/python3.8/site-packages/airflow/example_dags/example_kubernetes_executor.py
[2024-08-18 12:09:46,087] {logging_mixin.py:115} INFO - [2024-08-18 12:09:46,087] {example_kubernetes_executor.py:39} WARNING - The example_kubernetes_executor example DAG requires the kubernetes provider. Please install it with: pip install apache-airflow[cncf.kubernetes]
[2024-08-18 12:09:46,088] {processor.py:653} WARNING - No viable dags retrieved from /home/kai/.local/lib/python3.8/site-packages/airflow/example_dags/example_kubernetes_executor.py
[2024-08-18 12:09:46,097] {processor.py:161} INFO - Processing /home/kai/.local/lib/python3.8/site-packages/airflow/example_dags/example_kubernetes_executor.py took 0.030 seconds
[2024-08-18 12:10:19,727] {processor.py:153} INFO - Started process (PID=6890) to work on /home/kai/.local/lib/python3.8/site-packages/airflow/example_dags/example_kubernetes_executor.py
[2024-08-18 12:10:19,727] {processor.py:641} INFO - Processing file /home/kai/.local/lib/python3.8/site-packages/airflow/example_dags/example_kubernetes_executor.py for tasks to queue
[2024-08-18 12:10:19,728] {logging_mixin.py:115} INFO - [2024-08-18 12:10:19,728] {dagbag.py:507} INFO - Filling up the DagBag from /home/kai/.local/lib/python3.8/site-packages/airflow/example_dags/example_kubernetes_executor.py
[2024-08-18 12:10:19,741] {logging_mixin.py:115} INFO - [2024-08-18 12:10:19,741] {example_kubernetes_executor.py:39} WARNING - The example_kubernetes_executor example DAG requires the kubernetes provider. Please install it with: pip install apache-airflow[cncf.kubernetes]
[2024-08-18 12:10:19,741] {processor.py:653} WARNING - No viable dags retrieved from /home/kai/.local/lib/python3.8/site-packages/airflow/example_dags/example_kubernetes_executor.py
[2024-08-18 12:10:19,749] {processor.py:161} INFO - Processing /home/kai/.local/lib/python3.8/site-packages/airflow/example_dags/example_kubernetes_executor.py took 0.025 seconds
[2024-08-18 12:10:53,683] {processor.py:153} INFO - Started process (PID=7055) to work on /home/kai/.local/lib/python3.8/site-packages/airflow/example_dags/example_kubernetes_executor.py
[2024-08-18 12:10:53,684] {processor.py:641} INFO - Processing file /home/kai/.local/lib/python3.8/site-packages/airflow/example_dags/example_kubernetes_executor.py for tasks to queue
[2024-08-18 12:10:53,685] {logging_mixin.py:115} INFO - [2024-08-18 12:10:53,684] {dagbag.py:507} INFO - Filling up the DagBag from /home/kai/.local/lib/python3.8/site-packages/airflow/example_dags/example_kubernetes_executor.py
[2024-08-18 12:10:53,697] {logging_mixin.py:115} INFO - [2024-08-18 12:10:53,697] {example_kubernetes_executor.py:39} WARNING - The example_kubernetes_executor example DAG requires the kubernetes provider. Please install it with: pip install apache-airflow[cncf.kubernetes]
[2024-08-18 12:10:53,697] {processor.py:653} WARNING - No viable dags retrieved from /home/kai/.local/lib/python3.8/site-packages/airflow/example_dags/example_kubernetes_executor.py
[2024-08-18 12:10:53,706] {processor.py:161} INFO - Processing /home/kai/.local/lib/python3.8/site-packages/airflow/example_dags/example_kubernetes_executor.py took 0.026 seconds
[2024-08-18 12:11:27,248] {processor.py:153} INFO - Started process (PID=7230) to work on /home/kai/.local/lib/python3.8/site-packages/airflow/example_dags/example_kubernetes_executor.py
[2024-08-18 12:11:27,249] {processor.py:641} INFO - Processing file /home/kai/.local/lib/python3.8/site-packages/airflow/example_dags/example_kubernetes_executor.py for tasks to queue
[2024-08-18 12:11:27,249] {logging_mixin.py:115} INFO - [2024-08-18 12:11:27,249] {dagbag.py:507} INFO - Filling up the DagBag from /home/kai/.local/lib/python3.8/site-packages/airflow/example_dags/example_kubernetes_executor.py
[2024-08-18 12:11:27,261] {logging_mixin.py:115} INFO - [2024-08-18 12:11:27,261] {example_kubernetes_executor.py:39} WARNING - The example_kubernetes_executor example DAG requires the kubernetes provider. Please install it with: pip install apache-airflow[cncf.kubernetes]
[2024-08-18 12:11:27,261] {processor.py:653} WARNING - No viable dags retrieved from /home/kai/.local/lib/python3.8/site-packages/airflow/example_dags/example_kubernetes_executor.py
[2024-08-18 12:11:27,270] {processor.py:161} INFO - Processing /home/kai/.local/lib/python3.8/site-packages/airflow/example_dags/example_kubernetes_executor.py took 0.024 seconds
[2024-08-18 12:12:01,403] {processor.py:153} INFO - Started process (PID=7389) to work on /home/kai/.local/lib/python3.8/site-packages/airflow/example_dags/example_kubernetes_executor.py
[2024-08-18 12:12:01,404] {processor.py:641} INFO - Processing file /home/kai/.local/lib/python3.8/site-packages/airflow/example_dags/example_kubernetes_executor.py for tasks to queue
[2024-08-18 12:12:01,406] {logging_mixin.py:115} INFO - [2024-08-18 12:12:01,406] {dagbag.py:507} INFO - Filling up the DagBag from /home/kai/.local/lib/python3.8/site-packages/airflow/example_dags/example_kubernetes_executor.py
[2024-08-18 12:12:01,428] {logging_mixin.py:115} INFO - [2024-08-18 12:12:01,428] {example_kubernetes_executor.py:39} WARNING - The example_kubernetes_executor example DAG requires the kubernetes provider. Please install it with: pip install apache-airflow[cncf.kubernetes]
[2024-08-18 12:12:01,429] {processor.py:653} WARNING - No viable dags retrieved from /home/kai/.local/lib/python3.8/site-packages/airflow/example_dags/example_kubernetes_executor.py
[2024-08-18 12:12:01,444] {processor.py:161} INFO - Processing /home/kai/.local/lib/python3.8/site-packages/airflow/example_dags/example_kubernetes_executor.py took 0.045 seconds
[2024-08-18 12:12:34,388] {processor.py:153} INFO - Started process (PID=7552) to work on /home/kai/.local/lib/python3.8/site-packages/airflow/example_dags/example_kubernetes_executor.py
[2024-08-18 12:12:34,389] {processor.py:641} INFO - Processing file /home/kai/.local/lib/python3.8/site-packages/airflow/example_dags/example_kubernetes_executor.py for tasks to queue
[2024-08-18 12:12:34,390] {logging_mixin.py:115} INFO - [2024-08-18 12:12:34,390] {dagbag.py:507} INFO - Filling up the DagBag from /home/kai/.local/lib/python3.8/site-packages/airflow/example_dags/example_kubernetes_executor.py
[2024-08-18 12:12:34,407] {logging_mixin.py:115} INFO - [2024-08-18 12:12:34,407] {example_kubernetes_executor.py:39} WARNING - The example_kubernetes_executor example DAG requires the kubernetes provider. Please install it with: pip install apache-airflow[cncf.kubernetes]
[2024-08-18 12:12:34,408] {processor.py:653} WARNING - No viable dags retrieved from /home/kai/.local/lib/python3.8/site-packages/airflow/example_dags/example_kubernetes_executor.py
[2024-08-18 12:12:34,419] {processor.py:161} INFO - Processing /home/kai/.local/lib/python3.8/site-packages/airflow/example_dags/example_kubernetes_executor.py took 0.034 seconds
[2024-08-18 12:13:05,744] {processor.py:153} INFO - Started process (PID=7757) to work on /home/kai/.local/lib/python3.8/site-packages/airflow/example_dags/example_kubernetes_executor.py
[2024-08-18 12:13:05,744] {processor.py:641} INFO - Processing file /home/kai/.local/lib/python3.8/site-packages/airflow/example_dags/example_kubernetes_executor.py for tasks to queue
[2024-08-18 12:13:05,745] {logging_mixin.py:115} INFO - [2024-08-18 12:13:05,745] {dagbag.py:507} INFO - Filling up the DagBag from /home/kai/.local/lib/python3.8/site-packages/airflow/example_dags/example_kubernetes_executor.py
[2024-08-18 12:13:05,758] {logging_mixin.py:115} INFO - [2024-08-18 12:13:05,758] {example_kubernetes_executor.py:39} WARNING - The example_kubernetes_executor example DAG requires the kubernetes provider. Please install it with: pip install apache-airflow[cncf.kubernetes]
[2024-08-18 12:13:05,759] {processor.py:653} WARNING - No viable dags retrieved from /home/kai/.local/lib/python3.8/site-packages/airflow/example_dags/example_kubernetes_executor.py
[2024-08-18 12:13:05,768] {processor.py:161} INFO - Processing /home/kai/.local/lib/python3.8/site-packages/airflow/example_dags/example_kubernetes_executor.py took 0.027 seconds
[2024-08-18 12:13:39,271] {processor.py:153} INFO - Started process (PID=7935) to work on /home/kai/.local/lib/python3.8/site-packages/airflow/example_dags/example_kubernetes_executor.py
[2024-08-18 12:13:39,272] {processor.py:641} INFO - Processing file /home/kai/.local/lib/python3.8/site-packages/airflow/example_dags/example_kubernetes_executor.py for tasks to queue
[2024-08-18 12:13:39,274] {logging_mixin.py:115} INFO - [2024-08-18 12:13:39,274] {dagbag.py:507} INFO - Filling up the DagBag from /home/kai/.local/lib/python3.8/site-packages/airflow/example_dags/example_kubernetes_executor.py
[2024-08-18 12:13:39,295] {logging_mixin.py:115} INFO - [2024-08-18 12:13:39,294] {example_kubernetes_executor.py:39} WARNING - The example_kubernetes_executor example DAG requires the kubernetes provider. Please install it with: pip install apache-airflow[cncf.kubernetes]
[2024-08-18 12:13:39,295] {processor.py:653} WARNING - No viable dags retrieved from /home/kai/.local/lib/python3.8/site-packages/airflow/example_dags/example_kubernetes_executor.py
[2024-08-18 12:13:39,304] {processor.py:161} INFO - Processing /home/kai/.local/lib/python3.8/site-packages/airflow/example_dags/example_kubernetes_executor.py took 0.036 seconds
[2024-08-18 12:14:11,942] {processor.py:153} INFO - Started process (PID=8100) to work on /home/kai/.local/lib/python3.8/site-packages/airflow/example_dags/example_kubernetes_executor.py
[2024-08-18 12:14:11,943] {processor.py:641} INFO - Processing file /home/kai/.local/lib/python3.8/site-packages/airflow/example_dags/example_kubernetes_executor.py for tasks to queue
[2024-08-18 12:14:11,944] {logging_mixin.py:115} INFO - [2024-08-18 12:14:11,944] {dagbag.py:507} INFO - Filling up the DagBag from /home/kai/.local/lib/python3.8/site-packages/airflow/example_dags/example_kubernetes_executor.py
[2024-08-18 12:14:11,960] {logging_mixin.py:115} INFO - [2024-08-18 12:14:11,960] {example_kubernetes_executor.py:39} WARNING - The example_kubernetes_executor example DAG requires the kubernetes provider. Please install it with: pip install apache-airflow[cncf.kubernetes]
[2024-08-18 12:14:11,961] {processor.py:653} WARNING - No viable dags retrieved from /home/kai/.local/lib/python3.8/site-packages/airflow/example_dags/example_kubernetes_executor.py
[2024-08-18 12:14:11,970] {processor.py:161} INFO - Processing /home/kai/.local/lib/python3.8/site-packages/airflow/example_dags/example_kubernetes_executor.py took 0.031 seconds
[2024-08-18 12:14:46,215] {processor.py:153} INFO - Started process (PID=8270) to work on /home/kai/.local/lib/python3.8/site-packages/airflow/example_dags/example_kubernetes_executor.py
[2024-08-18 12:14:46,216] {processor.py:641} INFO - Processing file /home/kai/.local/lib/python3.8/site-packages/airflow/example_dags/example_kubernetes_executor.py for tasks to queue
[2024-08-18 12:14:46,216] {logging_mixin.py:115} INFO - [2024-08-18 12:14:46,216] {dagbag.py:507} INFO - Filling up the DagBag from /home/kai/.local/lib/python3.8/site-packages/airflow/example_dags/example_kubernetes_executor.py
[2024-08-18 12:14:46,229] {logging_mixin.py:115} INFO - [2024-08-18 12:14:46,228] {example_kubernetes_executor.py:39} WARNING - The example_kubernetes_executor example DAG requires the kubernetes provider. Please install it with: pip install apache-airflow[cncf.kubernetes]
[2024-08-18 12:14:46,229] {processor.py:653} WARNING - No viable dags retrieved from /home/kai/.local/lib/python3.8/site-packages/airflow/example_dags/example_kubernetes_executor.py
[2024-08-18 12:14:46,237] {processor.py:161} INFO - Processing /home/kai/.local/lib/python3.8/site-packages/airflow/example_dags/example_kubernetes_executor.py took 0.028 seconds
[2024-08-18 12:15:19,325] {processor.py:153} INFO - Started process (PID=8441) to work on /home/kai/.local/lib/python3.8/site-packages/airflow/example_dags/example_kubernetes_executor.py
[2024-08-18 12:15:19,326] {processor.py:641} INFO - Processing file /home/kai/.local/lib/python3.8/site-packages/airflow/example_dags/example_kubernetes_executor.py for tasks to queue
[2024-08-18 12:15:19,327] {logging_mixin.py:115} INFO - [2024-08-18 12:15:19,327] {dagbag.py:507} INFO - Filling up the DagBag from /home/kai/.local/lib/python3.8/site-packages/airflow/example_dags/example_kubernetes_executor.py
[2024-08-18 12:15:19,340] {logging_mixin.py:115} INFO - [2024-08-18 12:15:19,340] {example_kubernetes_executor.py:39} WARNING - The example_kubernetes_executor example DAG requires the kubernetes provider. Please install it with: pip install apache-airflow[cncf.kubernetes]
[2024-08-18 12:15:19,341] {processor.py:653} WARNING - No viable dags retrieved from /home/kai/.local/lib/python3.8/site-packages/airflow/example_dags/example_kubernetes_executor.py
[2024-08-18 12:15:19,353] {processor.py:161} INFO - Processing /home/kai/.local/lib/python3.8/site-packages/airflow/example_dags/example_kubernetes_executor.py took 0.031 seconds
[2024-08-18 12:15:52,032] {processor.py:153} INFO - Started process (PID=8608) to work on /home/kai/.local/lib/python3.8/site-packages/airflow/example_dags/example_kubernetes_executor.py
[2024-08-18 12:15:52,033] {processor.py:641} INFO - Processing file /home/kai/.local/lib/python3.8/site-packages/airflow/example_dags/example_kubernetes_executor.py for tasks to queue
[2024-08-18 12:15:52,034] {logging_mixin.py:115} INFO - [2024-08-18 12:15:52,034] {dagbag.py:507} INFO - Filling up the DagBag from /home/kai/.local/lib/python3.8/site-packages/airflow/example_dags/example_kubernetes_executor.py
[2024-08-18 12:15:52,049] {logging_mixin.py:115} INFO - [2024-08-18 12:15:52,049] {example_kubernetes_executor.py:39} WARNING - The example_kubernetes_executor example DAG requires the kubernetes provider. Please install it with: pip install apache-airflow[cncf.kubernetes]
[2024-08-18 12:15:52,049] {processor.py:653} WARNING - No viable dags retrieved from /home/kai/.local/lib/python3.8/site-packages/airflow/example_dags/example_kubernetes_executor.py
[2024-08-18 12:15:52,062] {processor.py:161} INFO - Processing /home/kai/.local/lib/python3.8/site-packages/airflow/example_dags/example_kubernetes_executor.py took 0.033 seconds
[2024-08-18 12:16:24,813] {processor.py:153} INFO - Started process (PID=8774) to work on /home/kai/.local/lib/python3.8/site-packages/airflow/example_dags/example_kubernetes_executor.py
[2024-08-18 12:16:24,814] {processor.py:641} INFO - Processing file /home/kai/.local/lib/python3.8/site-packages/airflow/example_dags/example_kubernetes_executor.py for tasks to queue
[2024-08-18 12:16:24,814] {logging_mixin.py:115} INFO - [2024-08-18 12:16:24,814] {dagbag.py:507} INFO - Filling up the DagBag from /home/kai/.local/lib/python3.8/site-packages/airflow/example_dags/example_kubernetes_executor.py
[2024-08-18 12:16:24,827] {logging_mixin.py:115} INFO - [2024-08-18 12:16:24,827] {example_kubernetes_executor.py:39} WARNING - The example_kubernetes_executor example DAG requires the kubernetes provider. Please install it with: pip install apache-airflow[cncf.kubernetes]
[2024-08-18 12:16:24,828] {processor.py:653} WARNING - No viable dags retrieved from /home/kai/.local/lib/python3.8/site-packages/airflow/example_dags/example_kubernetes_executor.py
[2024-08-18 12:16:24,839] {processor.py:161} INFO - Processing /home/kai/.local/lib/python3.8/site-packages/airflow/example_dags/example_kubernetes_executor.py took 0.028 seconds
[2024-08-18 12:16:56,850] {processor.py:153} INFO - Started process (PID=8933) to work on /home/kai/.local/lib/python3.8/site-packages/airflow/example_dags/example_kubernetes_executor.py
[2024-08-18 12:16:56,850] {processor.py:641} INFO - Processing file /home/kai/.local/lib/python3.8/site-packages/airflow/example_dags/example_kubernetes_executor.py for tasks to queue
[2024-08-18 12:16:56,851] {logging_mixin.py:115} INFO - [2024-08-18 12:16:56,851] {dagbag.py:507} INFO - Filling up the DagBag from /home/kai/.local/lib/python3.8/site-packages/airflow/example_dags/example_kubernetes_executor.py
[2024-08-18 12:16:56,866] {logging_mixin.py:115} INFO - [2024-08-18 12:16:56,866] {example_kubernetes_executor.py:39} WARNING - The example_kubernetes_executor example DAG requires the kubernetes provider. Please install it with: pip install apache-airflow[cncf.kubernetes]
[2024-08-18 12:16:56,866] {processor.py:653} WARNING - No viable dags retrieved from /home/kai/.local/lib/python3.8/site-packages/airflow/example_dags/example_kubernetes_executor.py
[2024-08-18 12:16:56,876] {processor.py:161} INFO - Processing /home/kai/.local/lib/python3.8/site-packages/airflow/example_dags/example_kubernetes_executor.py took 0.029 seconds
[2024-08-18 12:17:28,856] {processor.py:153} INFO - Started process (PID=9103) to work on /home/kai/.local/lib/python3.8/site-packages/airflow/example_dags/example_kubernetes_executor.py
[2024-08-18 12:17:28,857] {processor.py:641} INFO - Processing file /home/kai/.local/lib/python3.8/site-packages/airflow/example_dags/example_kubernetes_executor.py for tasks to queue
[2024-08-18 12:17:28,858] {logging_mixin.py:115} INFO - [2024-08-18 12:17:28,858] {dagbag.py:507} INFO - Filling up the DagBag from /home/kai/.local/lib/python3.8/site-packages/airflow/example_dags/example_kubernetes_executor.py
[2024-08-18 12:17:28,871] {logging_mixin.py:115} INFO - [2024-08-18 12:17:28,871] {example_kubernetes_executor.py:39} WARNING - The example_kubernetes_executor example DAG requires the kubernetes provider. Please install it with: pip install apache-airflow[cncf.kubernetes]
[2024-08-18 12:17:28,871] {processor.py:653} WARNING - No viable dags retrieved from /home/kai/.local/lib/python3.8/site-packages/airflow/example_dags/example_kubernetes_executor.py
[2024-08-18 12:17:28,883] {processor.py:161} INFO - Processing /home/kai/.local/lib/python3.8/site-packages/airflow/example_dags/example_kubernetes_executor.py took 0.029 seconds
[2024-08-18 12:18:01,766] {processor.py:153} INFO - Started process (PID=9324) to work on /home/kai/.local/lib/python3.8/site-packages/airflow/example_dags/example_kubernetes_executor.py
[2024-08-18 12:18:01,767] {processor.py:641} INFO - Processing file /home/kai/.local/lib/python3.8/site-packages/airflow/example_dags/example_kubernetes_executor.py for tasks to queue
[2024-08-18 12:18:01,768] {logging_mixin.py:115} INFO - [2024-08-18 12:18:01,768] {dagbag.py:507} INFO - Filling up the DagBag from /home/kai/.local/lib/python3.8/site-packages/airflow/example_dags/example_kubernetes_executor.py
[2024-08-18 12:18:01,782] {logging_mixin.py:115} INFO - [2024-08-18 12:18:01,782] {example_kubernetes_executor.py:39} WARNING - The example_kubernetes_executor example DAG requires the kubernetes provider. Please install it with: pip install apache-airflow[cncf.kubernetes]
[2024-08-18 12:18:01,782] {processor.py:653} WARNING - No viable dags retrieved from /home/kai/.local/lib/python3.8/site-packages/airflow/example_dags/example_kubernetes_executor.py
[2024-08-18 12:18:01,791] {processor.py:161} INFO - Processing /home/kai/.local/lib/python3.8/site-packages/airflow/example_dags/example_kubernetes_executor.py took 0.027 seconds
[2024-08-18 12:18:34,188] {processor.py:153} INFO - Started process (PID=9487) to work on /home/kai/.local/lib/python3.8/site-packages/airflow/example_dags/example_kubernetes_executor.py
[2024-08-18 12:18:34,188] {processor.py:641} INFO - Processing file /home/kai/.local/lib/python3.8/site-packages/airflow/example_dags/example_kubernetes_executor.py for tasks to queue
[2024-08-18 12:18:34,189] {logging_mixin.py:115} INFO - [2024-08-18 12:18:34,189] {dagbag.py:507} INFO - Filling up the DagBag from /home/kai/.local/lib/python3.8/site-packages/airflow/example_dags/example_kubernetes_executor.py
[2024-08-18 12:18:34,213] {logging_mixin.py:115} INFO - [2024-08-18 12:18:34,213] {example_kubernetes_executor.py:39} WARNING - The example_kubernetes_executor example DAG requires the kubernetes provider. Please install it with: pip install apache-airflow[cncf.kubernetes]
[2024-08-18 12:18:34,214] {processor.py:653} WARNING - No viable dags retrieved from /home/kai/.local/lib/python3.8/site-packages/airflow/example_dags/example_kubernetes_executor.py
[2024-08-18 12:18:34,224] {processor.py:161} INFO - Processing /home/kai/.local/lib/python3.8/site-packages/airflow/example_dags/example_kubernetes_executor.py took 0.039 seconds
[2024-08-18 12:19:08,800] {processor.py:153} INFO - Started process (PID=9659) to work on /home/kai/.local/lib/python3.8/site-packages/airflow/example_dags/example_kubernetes_executor.py
[2024-08-18 12:19:08,801] {processor.py:641} INFO - Processing file /home/kai/.local/lib/python3.8/site-packages/airflow/example_dags/example_kubernetes_executor.py for tasks to queue
[2024-08-18 12:19:08,801] {logging_mixin.py:115} INFO - [2024-08-18 12:19:08,801] {dagbag.py:507} INFO - Filling up the DagBag from /home/kai/.local/lib/python3.8/site-packages/airflow/example_dags/example_kubernetes_executor.py
[2024-08-18 12:19:08,814] {logging_mixin.py:115} INFO - [2024-08-18 12:19:08,814] {example_kubernetes_executor.py:39} WARNING - The example_kubernetes_executor example DAG requires the kubernetes provider. Please install it with: pip install apache-airflow[cncf.kubernetes]
[2024-08-18 12:19:08,814] {processor.py:653} WARNING - No viable dags retrieved from /home/kai/.local/lib/python3.8/site-packages/airflow/example_dags/example_kubernetes_executor.py
[2024-08-18 12:19:08,824] {processor.py:161} INFO - Processing /home/kai/.local/lib/python3.8/site-packages/airflow/example_dags/example_kubernetes_executor.py took 0.026 seconds
[2024-08-18 12:19:43,722] {processor.py:153} INFO - Started process (PID=9834) to work on /home/kai/.local/lib/python3.8/site-packages/airflow/example_dags/example_kubernetes_executor.py
[2024-08-18 12:19:43,723] {processor.py:641} INFO - Processing file /home/kai/.local/lib/python3.8/site-packages/airflow/example_dags/example_kubernetes_executor.py for tasks to queue
[2024-08-18 12:19:43,723] {logging_mixin.py:115} INFO - [2024-08-18 12:19:43,723] {dagbag.py:507} INFO - Filling up the DagBag from /home/kai/.local/lib/python3.8/site-packages/airflow/example_dags/example_kubernetes_executor.py
[2024-08-18 12:19:43,735] {logging_mixin.py:115} INFO - [2024-08-18 12:19:43,735] {example_kubernetes_executor.py:39} WARNING - The example_kubernetes_executor example DAG requires the kubernetes provider. Please install it with: pip install apache-airflow[cncf.kubernetes]
[2024-08-18 12:19:43,736] {processor.py:653} WARNING - No viable dags retrieved from /home/kai/.local/lib/python3.8/site-packages/airflow/example_dags/example_kubernetes_executor.py
[2024-08-18 12:19:43,747] {processor.py:161} INFO - Processing /home/kai/.local/lib/python3.8/site-packages/airflow/example_dags/example_kubernetes_executor.py took 0.028 seconds
[2024-08-18 12:20:17,368] {processor.py:153} INFO - Started process (PID=10006) to work on /home/kai/.local/lib/python3.8/site-packages/airflow/example_dags/example_kubernetes_executor.py
[2024-08-18 12:20:17,368] {processor.py:641} INFO - Processing file /home/kai/.local/lib/python3.8/site-packages/airflow/example_dags/example_kubernetes_executor.py for tasks to queue
[2024-08-18 12:20:17,369] {logging_mixin.py:115} INFO - [2024-08-18 12:20:17,369] {dagbag.py:507} INFO - Filling up the DagBag from /home/kai/.local/lib/python3.8/site-packages/airflow/example_dags/example_kubernetes_executor.py
[2024-08-18 12:20:17,384] {logging_mixin.py:115} INFO - [2024-08-18 12:20:17,384] {example_kubernetes_executor.py:39} WARNING - The example_kubernetes_executor example DAG requires the kubernetes provider. Please install it with: pip install apache-airflow[cncf.kubernetes]
[2024-08-18 12:20:17,385] {processor.py:653} WARNING - No viable dags retrieved from /home/kai/.local/lib/python3.8/site-packages/airflow/example_dags/example_kubernetes_executor.py
[2024-08-18 12:20:17,397] {processor.py:161} INFO - Processing /home/kai/.local/lib/python3.8/site-packages/airflow/example_dags/example_kubernetes_executor.py took 0.033 seconds
[2024-08-18 12:20:52,712] {processor.py:153} INFO - Started process (PID=10186) to work on /home/kai/.local/lib/python3.8/site-packages/airflow/example_dags/example_kubernetes_executor.py
[2024-08-18 12:20:52,713] {processor.py:641} INFO - Processing file /home/kai/.local/lib/python3.8/site-packages/airflow/example_dags/example_kubernetes_executor.py for tasks to queue
[2024-08-18 12:20:52,714] {logging_mixin.py:115} INFO - [2024-08-18 12:20:52,714] {dagbag.py:507} INFO - Filling up the DagBag from /home/kai/.local/lib/python3.8/site-packages/airflow/example_dags/example_kubernetes_executor.py
[2024-08-18 12:20:52,726] {logging_mixin.py:115} INFO - [2024-08-18 12:20:52,726] {example_kubernetes_executor.py:39} WARNING - The example_kubernetes_executor example DAG requires the kubernetes provider. Please install it with: pip install apache-airflow[cncf.kubernetes]
[2024-08-18 12:20:52,726] {processor.py:653} WARNING - No viable dags retrieved from /home/kai/.local/lib/python3.8/site-packages/airflow/example_dags/example_kubernetes_executor.py
[2024-08-18 12:20:52,736] {processor.py:161} INFO - Processing /home/kai/.local/lib/python3.8/site-packages/airflow/example_dags/example_kubernetes_executor.py took 0.027 seconds
[2024-08-18 12:21:24,200] {processor.py:153} INFO - Started process (PID=10355) to work on /home/kai/.local/lib/python3.8/site-packages/airflow/example_dags/example_kubernetes_executor.py
[2024-08-18 12:21:24,201] {processor.py:641} INFO - Processing file /home/kai/.local/lib/python3.8/site-packages/airflow/example_dags/example_kubernetes_executor.py for tasks to queue
[2024-08-18 12:21:24,201] {logging_mixin.py:115} INFO - [2024-08-18 12:21:24,201] {dagbag.py:507} INFO - Filling up the DagBag from /home/kai/.local/lib/python3.8/site-packages/airflow/example_dags/example_kubernetes_executor.py
[2024-08-18 12:21:24,215] {logging_mixin.py:115} INFO - [2024-08-18 12:21:24,215] {example_kubernetes_executor.py:39} WARNING - The example_kubernetes_executor example DAG requires the kubernetes provider. Please install it with: pip install apache-airflow[cncf.kubernetes]
[2024-08-18 12:21:24,216] {processor.py:653} WARNING - No viable dags retrieved from /home/kai/.local/lib/python3.8/site-packages/airflow/example_dags/example_kubernetes_executor.py
[2024-08-18 12:21:24,226] {processor.py:161} INFO - Processing /home/kai/.local/lib/python3.8/site-packages/airflow/example_dags/example_kubernetes_executor.py took 0.029 seconds
[2024-08-18 12:21:59,253] {processor.py:153} INFO - Started process (PID=10525) to work on /home/kai/.local/lib/python3.8/site-packages/airflow/example_dags/example_kubernetes_executor.py
[2024-08-18 12:21:59,254] {processor.py:641} INFO - Processing file /home/kai/.local/lib/python3.8/site-packages/airflow/example_dags/example_kubernetes_executor.py for tasks to queue
[2024-08-18 12:21:59,254] {logging_mixin.py:115} INFO - [2024-08-18 12:21:59,254] {dagbag.py:507} INFO - Filling up the DagBag from /home/kai/.local/lib/python3.8/site-packages/airflow/example_dags/example_kubernetes_executor.py
[2024-08-18 12:21:59,273] {logging_mixin.py:115} INFO - [2024-08-18 12:21:59,273] {example_kubernetes_executor.py:39} WARNING - The example_kubernetes_executor example DAG requires the kubernetes provider. Please install it with: pip install apache-airflow[cncf.kubernetes]
[2024-08-18 12:21:59,273] {processor.py:653} WARNING - No viable dags retrieved from /home/kai/.local/lib/python3.8/site-packages/airflow/example_dags/example_kubernetes_executor.py
[2024-08-18 12:21:59,287] {processor.py:161} INFO - Processing /home/kai/.local/lib/python3.8/site-packages/airflow/example_dags/example_kubernetes_executor.py took 0.036 seconds
[2024-08-18 12:22:32,294] {processor.py:153} INFO - Started process (PID=10698) to work on /home/kai/.local/lib/python3.8/site-packages/airflow/example_dags/example_kubernetes_executor.py
[2024-08-18 12:22:32,295] {processor.py:641} INFO - Processing file /home/kai/.local/lib/python3.8/site-packages/airflow/example_dags/example_kubernetes_executor.py for tasks to queue
[2024-08-18 12:22:32,296] {logging_mixin.py:115} INFO - [2024-08-18 12:22:32,296] {dagbag.py:507} INFO - Filling up the DagBag from /home/kai/.local/lib/python3.8/site-packages/airflow/example_dags/example_kubernetes_executor.py
[2024-08-18 12:22:32,313] {logging_mixin.py:115} INFO - [2024-08-18 12:22:32,313] {example_kubernetes_executor.py:39} WARNING - The example_kubernetes_executor example DAG requires the kubernetes provider. Please install it with: pip install apache-airflow[cncf.kubernetes]
[2024-08-18 12:22:32,314] {processor.py:653} WARNING - No viable dags retrieved from /home/kai/.local/lib/python3.8/site-packages/airflow/example_dags/example_kubernetes_executor.py
[2024-08-18 12:22:32,329] {processor.py:161} INFO - Processing /home/kai/.local/lib/python3.8/site-packages/airflow/example_dags/example_kubernetes_executor.py took 0.038 seconds
[2024-08-18 12:23:04,632] {processor.py:153} INFO - Started process (PID=10966) to work on /home/kai/.local/lib/python3.8/site-packages/airflow/example_dags/example_kubernetes_executor.py
[2024-08-18 12:23:04,633] {processor.py:641} INFO - Processing file /home/kai/.local/lib/python3.8/site-packages/airflow/example_dags/example_kubernetes_executor.py for tasks to queue
[2024-08-18 12:23:04,634] {logging_mixin.py:115} INFO - [2024-08-18 12:23:04,634] {dagbag.py:507} INFO - Filling up the DagBag from /home/kai/.local/lib/python3.8/site-packages/airflow/example_dags/example_kubernetes_executor.py
[2024-08-18 12:23:04,650] {logging_mixin.py:115} INFO - [2024-08-18 12:23:04,650] {example_kubernetes_executor.py:39} WARNING - The example_kubernetes_executor example DAG requires the kubernetes provider. Please install it with: pip install apache-airflow[cncf.kubernetes]
[2024-08-18 12:23:04,651] {processor.py:653} WARNING - No viable dags retrieved from /home/kai/.local/lib/python3.8/site-packages/airflow/example_dags/example_kubernetes_executor.py
[2024-08-18 12:23:04,663] {processor.py:161} INFO - Processing /home/kai/.local/lib/python3.8/site-packages/airflow/example_dags/example_kubernetes_executor.py took 0.034 seconds
[2024-08-18 12:23:40,445] {processor.py:153} INFO - Started process (PID=11147) to work on /home/kai/.local/lib/python3.8/site-packages/airflow/example_dags/example_kubernetes_executor.py
[2024-08-18 12:23:40,446] {processor.py:641} INFO - Processing file /home/kai/.local/lib/python3.8/site-packages/airflow/example_dags/example_kubernetes_executor.py for tasks to queue
[2024-08-18 12:23:40,447] {logging_mixin.py:115} INFO - [2024-08-18 12:23:40,447] {dagbag.py:507} INFO - Filling up the DagBag from /home/kai/.local/lib/python3.8/site-packages/airflow/example_dags/example_kubernetes_executor.py
[2024-08-18 12:23:40,465] {logging_mixin.py:115} INFO - [2024-08-18 12:23:40,465] {example_kubernetes_executor.py:39} WARNING - The example_kubernetes_executor example DAG requires the kubernetes provider. Please install it with: pip install apache-airflow[cncf.kubernetes]
[2024-08-18 12:23:40,465] {processor.py:653} WARNING - No viable dags retrieved from /home/kai/.local/lib/python3.8/site-packages/airflow/example_dags/example_kubernetes_executor.py
[2024-08-18 12:23:40,475] {processor.py:161} INFO - Processing /home/kai/.local/lib/python3.8/site-packages/airflow/example_dags/example_kubernetes_executor.py took 0.035 seconds
[2024-08-18 12:24:13,600] {processor.py:153} INFO - Started process (PID=11314) to work on /home/kai/.local/lib/python3.8/site-packages/airflow/example_dags/example_kubernetes_executor.py
[2024-08-18 12:24:13,601] {processor.py:641} INFO - Processing file /home/kai/.local/lib/python3.8/site-packages/airflow/example_dags/example_kubernetes_executor.py for tasks to queue
[2024-08-18 12:24:13,601] {logging_mixin.py:115} INFO - [2024-08-18 12:24:13,601] {dagbag.py:507} INFO - Filling up the DagBag from /home/kai/.local/lib/python3.8/site-packages/airflow/example_dags/example_kubernetes_executor.py
[2024-08-18 12:24:13,617] {logging_mixin.py:115} INFO - [2024-08-18 12:24:13,617] {example_kubernetes_executor.py:39} WARNING - The example_kubernetes_executor example DAG requires the kubernetes provider. Please install it with: pip install apache-airflow[cncf.kubernetes]
[2024-08-18 12:24:13,618] {processor.py:653} WARNING - No viable dags retrieved from /home/kai/.local/lib/python3.8/site-packages/airflow/example_dags/example_kubernetes_executor.py
[2024-08-18 12:24:13,633] {processor.py:161} INFO - Processing /home/kai/.local/lib/python3.8/site-packages/airflow/example_dags/example_kubernetes_executor.py took 0.035 seconds
[2024-08-18 12:24:47,487] {processor.py:153} INFO - Started process (PID=11486) to work on /home/kai/.local/lib/python3.8/site-packages/airflow/example_dags/example_kubernetes_executor.py
[2024-08-18 12:24:47,488] {processor.py:641} INFO - Processing file /home/kai/.local/lib/python3.8/site-packages/airflow/example_dags/example_kubernetes_executor.py for tasks to queue
[2024-08-18 12:24:47,489] {logging_mixin.py:115} INFO - [2024-08-18 12:24:47,489] {dagbag.py:507} INFO - Filling up the DagBag from /home/kai/.local/lib/python3.8/site-packages/airflow/example_dags/example_kubernetes_executor.py
[2024-08-18 12:24:47,502] {logging_mixin.py:115} INFO - [2024-08-18 12:24:47,502] {example_kubernetes_executor.py:39} WARNING - The example_kubernetes_executor example DAG requires the kubernetes provider. Please install it with: pip install apache-airflow[cncf.kubernetes]
[2024-08-18 12:24:47,502] {processor.py:653} WARNING - No viable dags retrieved from /home/kai/.local/lib/python3.8/site-packages/airflow/example_dags/example_kubernetes_executor.py
[2024-08-18 12:24:47,512] {processor.py:161} INFO - Processing /home/kai/.local/lib/python3.8/site-packages/airflow/example_dags/example_kubernetes_executor.py took 0.028 seconds
[2024-08-18 12:25:19,911] {processor.py:153} INFO - Started process (PID=11651) to work on /home/kai/.local/lib/python3.8/site-packages/airflow/example_dags/example_kubernetes_executor.py
[2024-08-18 12:25:19,911] {processor.py:641} INFO - Processing file /home/kai/.local/lib/python3.8/site-packages/airflow/example_dags/example_kubernetes_executor.py for tasks to queue
[2024-08-18 12:25:19,912] {logging_mixin.py:115} INFO - [2024-08-18 12:25:19,912] {dagbag.py:507} INFO - Filling up the DagBag from /home/kai/.local/lib/python3.8/site-packages/airflow/example_dags/example_kubernetes_executor.py
[2024-08-18 12:25:19,924] {logging_mixin.py:115} INFO - [2024-08-18 12:25:19,924] {example_kubernetes_executor.py:39} WARNING - The example_kubernetes_executor example DAG requires the kubernetes provider. Please install it with: pip install apache-airflow[cncf.kubernetes]
[2024-08-18 12:25:19,924] {processor.py:653} WARNING - No viable dags retrieved from /home/kai/.local/lib/python3.8/site-packages/airflow/example_dags/example_kubernetes_executor.py
[2024-08-18 12:25:19,933] {processor.py:161} INFO - Processing /home/kai/.local/lib/python3.8/site-packages/airflow/example_dags/example_kubernetes_executor.py took 0.026 seconds
[2024-08-18 12:25:52,448] {processor.py:153} INFO - Started process (PID=11809) to work on /home/kai/.local/lib/python3.8/site-packages/airflow/example_dags/example_kubernetes_executor.py
[2024-08-18 12:25:52,449] {processor.py:641} INFO - Processing file /home/kai/.local/lib/python3.8/site-packages/airflow/example_dags/example_kubernetes_executor.py for tasks to queue
[2024-08-18 12:25:52,450] {logging_mixin.py:115} INFO - [2024-08-18 12:25:52,450] {dagbag.py:507} INFO - Filling up the DagBag from /home/kai/.local/lib/python3.8/site-packages/airflow/example_dags/example_kubernetes_executor.py
[2024-08-18 12:25:52,464] {logging_mixin.py:115} INFO - [2024-08-18 12:25:52,463] {example_kubernetes_executor.py:39} WARNING - The example_kubernetes_executor example DAG requires the kubernetes provider. Please install it with: pip install apache-airflow[cncf.kubernetes]
[2024-08-18 12:25:52,464] {processor.py:653} WARNING - No viable dags retrieved from /home/kai/.local/lib/python3.8/site-packages/airflow/example_dags/example_kubernetes_executor.py
[2024-08-18 12:25:52,480] {processor.py:161} INFO - Processing /home/kai/.local/lib/python3.8/site-packages/airflow/example_dags/example_kubernetes_executor.py took 0.034 seconds
[2024-08-18 12:26:23,283] {processor.py:153} INFO - Started process (PID=11972) to work on /home/kai/.local/lib/python3.8/site-packages/airflow/example_dags/example_kubernetes_executor.py
[2024-08-18 12:26:23,284] {processor.py:641} INFO - Processing file /home/kai/.local/lib/python3.8/site-packages/airflow/example_dags/example_kubernetes_executor.py for tasks to queue
[2024-08-18 12:26:23,284] {logging_mixin.py:115} INFO - [2024-08-18 12:26:23,284] {dagbag.py:507} INFO - Filling up the DagBag from /home/kai/.local/lib/python3.8/site-packages/airflow/example_dags/example_kubernetes_executor.py
[2024-08-18 12:26:23,301] {logging_mixin.py:115} INFO - [2024-08-18 12:26:23,300] {example_kubernetes_executor.py:39} WARNING - The example_kubernetes_executor example DAG requires the kubernetes provider. Please install it with: pip install apache-airflow[cncf.kubernetes]
[2024-08-18 12:26:23,301] {processor.py:653} WARNING - No viable dags retrieved from /home/kai/.local/lib/python3.8/site-packages/airflow/example_dags/example_kubernetes_executor.py
[2024-08-18 12:26:23,314] {processor.py:161} INFO - Processing /home/kai/.local/lib/python3.8/site-packages/airflow/example_dags/example_kubernetes_executor.py took 0.033 seconds
[2024-08-18 12:26:57,553] {processor.py:153} INFO - Started process (PID=12140) to work on /home/kai/.local/lib/python3.8/site-packages/airflow/example_dags/example_kubernetes_executor.py
[2024-08-18 12:26:57,554] {processor.py:641} INFO - Processing file /home/kai/.local/lib/python3.8/site-packages/airflow/example_dags/example_kubernetes_executor.py for tasks to queue
[2024-08-18 12:26:57,554] {logging_mixin.py:115} INFO - [2024-08-18 12:26:57,554] {dagbag.py:507} INFO - Filling up the DagBag from /home/kai/.local/lib/python3.8/site-packages/airflow/example_dags/example_kubernetes_executor.py
[2024-08-18 12:26:57,573] {logging_mixin.py:115} INFO - [2024-08-18 12:26:57,573] {example_kubernetes_executor.py:39} WARNING - The example_kubernetes_executor example DAG requires the kubernetes provider. Please install it with: pip install apache-airflow[cncf.kubernetes]
[2024-08-18 12:26:57,573] {processor.py:653} WARNING - No viable dags retrieved from /home/kai/.local/lib/python3.8/site-packages/airflow/example_dags/example_kubernetes_executor.py
[2024-08-18 12:26:57,586] {processor.py:161} INFO - Processing /home/kai/.local/lib/python3.8/site-packages/airflow/example_dags/example_kubernetes_executor.py took 0.037 seconds
[2024-08-18 12:27:30,249] {processor.py:153} INFO - Started process (PID=12307) to work on /home/kai/.local/lib/python3.8/site-packages/airflow/example_dags/example_kubernetes_executor.py
[2024-08-18 12:27:30,250] {processor.py:641} INFO - Processing file /home/kai/.local/lib/python3.8/site-packages/airflow/example_dags/example_kubernetes_executor.py for tasks to queue
[2024-08-18 12:27:30,251] {logging_mixin.py:115} INFO - [2024-08-18 12:27:30,251] {dagbag.py:507} INFO - Filling up the DagBag from /home/kai/.local/lib/python3.8/site-packages/airflow/example_dags/example_kubernetes_executor.py
[2024-08-18 12:27:30,265] {logging_mixin.py:115} INFO - [2024-08-18 12:27:30,265] {example_kubernetes_executor.py:39} WARNING - The example_kubernetes_executor example DAG requires the kubernetes provider. Please install it with: pip install apache-airflow[cncf.kubernetes]
[2024-08-18 12:27:30,266] {processor.py:653} WARNING - No viable dags retrieved from /home/kai/.local/lib/python3.8/site-packages/airflow/example_dags/example_kubernetes_executor.py
[2024-08-18 12:27:30,278] {processor.py:161} INFO - Processing /home/kai/.local/lib/python3.8/site-packages/airflow/example_dags/example_kubernetes_executor.py took 0.031 seconds
[2024-08-18 19:40:40,756] {processor.py:153} INFO - Started process (PID=13017) to work on /home/kai/.local/lib/python3.8/site-packages/airflow/example_dags/example_kubernetes_executor.py
[2024-08-18 19:40:40,757] {processor.py:641} INFO - Processing file /home/kai/.local/lib/python3.8/site-packages/airflow/example_dags/example_kubernetes_executor.py for tasks to queue
[2024-08-18 19:40:40,758] {logging_mixin.py:115} INFO - [2024-08-18 19:40:40,758] {dagbag.py:507} INFO - Filling up the DagBag from /home/kai/.local/lib/python3.8/site-packages/airflow/example_dags/example_kubernetes_executor.py
[2024-08-18 19:40:40,771] {logging_mixin.py:115} INFO - [2024-08-18 19:40:40,771] {example_kubernetes_executor.py:39} WARNING - The example_kubernetes_executor example DAG requires the kubernetes provider. Please install it with: pip install apache-airflow[cncf.kubernetes]
[2024-08-18 19:40:40,771] {processor.py:653} WARNING - No viable dags retrieved from /home/kai/.local/lib/python3.8/site-packages/airflow/example_dags/example_kubernetes_executor.py
[2024-08-18 19:40:40,781] {processor.py:161} INFO - Processing /home/kai/.local/lib/python3.8/site-packages/airflow/example_dags/example_kubernetes_executor.py took 0.028 seconds
[2024-08-18 19:41:12,693] {processor.py:153} INFO - Started process (PID=13403) to work on /home/kai/.local/lib/python3.8/site-packages/airflow/example_dags/example_kubernetes_executor.py
[2024-08-18 19:41:12,694] {processor.py:641} INFO - Processing file /home/kai/.local/lib/python3.8/site-packages/airflow/example_dags/example_kubernetes_executor.py for tasks to queue
[2024-08-18 19:41:12,695] {logging_mixin.py:115} INFO - [2024-08-18 19:41:12,695] {dagbag.py:507} INFO - Filling up the DagBag from /home/kai/.local/lib/python3.8/site-packages/airflow/example_dags/example_kubernetes_executor.py
[2024-08-18 19:41:12,707] {logging_mixin.py:115} INFO - [2024-08-18 19:41:12,707] {example_kubernetes_executor.py:39} WARNING - The example_kubernetes_executor example DAG requires the kubernetes provider. Please install it with: pip install apache-airflow[cncf.kubernetes]
[2024-08-18 19:41:12,707] {processor.py:653} WARNING - No viable dags retrieved from /home/kai/.local/lib/python3.8/site-packages/airflow/example_dags/example_kubernetes_executor.py
[2024-08-18 19:41:12,716] {processor.py:161} INFO - Processing /home/kai/.local/lib/python3.8/site-packages/airflow/example_dags/example_kubernetes_executor.py took 0.025 seconds
[2024-08-18 19:41:47,583] {processor.py:153} INFO - Started process (PID=13576) to work on /home/kai/.local/lib/python3.8/site-packages/airflow/example_dags/example_kubernetes_executor.py
[2024-08-18 19:41:47,586] {processor.py:641} INFO - Processing file /home/kai/.local/lib/python3.8/site-packages/airflow/example_dags/example_kubernetes_executor.py for tasks to queue
[2024-08-18 19:41:47,587] {logging_mixin.py:115} INFO - [2024-08-18 19:41:47,587] {dagbag.py:507} INFO - Filling up the DagBag from /home/kai/.local/lib/python3.8/site-packages/airflow/example_dags/example_kubernetes_executor.py
[2024-08-18 19:41:47,603] {logging_mixin.py:115} INFO - [2024-08-18 19:41:47,603] {example_kubernetes_executor.py:39} WARNING - The example_kubernetes_executor example DAG requires the kubernetes provider. Please install it with: pip install apache-airflow[cncf.kubernetes]
[2024-08-18 19:41:47,603] {processor.py:653} WARNING - No viable dags retrieved from /home/kai/.local/lib/python3.8/site-packages/airflow/example_dags/example_kubernetes_executor.py
[2024-08-18 19:41:47,614] {processor.py:161} INFO - Processing /home/kai/.local/lib/python3.8/site-packages/airflow/example_dags/example_kubernetes_executor.py took 0.036 seconds
[2024-08-18 19:42:19,892] {processor.py:153} INFO - Started process (PID=13738) to work on /home/kai/.local/lib/python3.8/site-packages/airflow/example_dags/example_kubernetes_executor.py
[2024-08-18 19:42:19,893] {processor.py:641} INFO - Processing file /home/kai/.local/lib/python3.8/site-packages/airflow/example_dags/example_kubernetes_executor.py for tasks to queue
[2024-08-18 19:42:19,893] {logging_mixin.py:115} INFO - [2024-08-18 19:42:19,893] {dagbag.py:507} INFO - Filling up the DagBag from /home/kai/.local/lib/python3.8/site-packages/airflow/example_dags/example_kubernetes_executor.py
[2024-08-18 19:42:19,906] {logging_mixin.py:115} INFO - [2024-08-18 19:42:19,906] {example_kubernetes_executor.py:39} WARNING - The example_kubernetes_executor example DAG requires the kubernetes provider. Please install it with: pip install apache-airflow[cncf.kubernetes]
[2024-08-18 19:42:19,907] {processor.py:653} WARNING - No viable dags retrieved from /home/kai/.local/lib/python3.8/site-packages/airflow/example_dags/example_kubernetes_executor.py
[2024-08-18 19:42:19,917] {processor.py:161} INFO - Processing /home/kai/.local/lib/python3.8/site-packages/airflow/example_dags/example_kubernetes_executor.py took 0.028 seconds
[2024-08-18 19:42:54,440] {processor.py:153} INFO - Started process (PID=13921) to work on /home/kai/.local/lib/python3.8/site-packages/airflow/example_dags/example_kubernetes_executor.py
[2024-08-18 19:42:54,442] {processor.py:641} INFO - Processing file /home/kai/.local/lib/python3.8/site-packages/airflow/example_dags/example_kubernetes_executor.py for tasks to queue
[2024-08-18 19:42:54,443] {logging_mixin.py:115} INFO - [2024-08-18 19:42:54,443] {dagbag.py:507} INFO - Filling up the DagBag from /home/kai/.local/lib/python3.8/site-packages/airflow/example_dags/example_kubernetes_executor.py
[2024-08-18 19:42:54,464] {logging_mixin.py:115} INFO - [2024-08-18 19:42:54,464] {example_kubernetes_executor.py:39} WARNING - The example_kubernetes_executor example DAG requires the kubernetes provider. Please install it with: pip install apache-airflow[cncf.kubernetes]
[2024-08-18 19:42:54,465] {processor.py:653} WARNING - No viable dags retrieved from /home/kai/.local/lib/python3.8/site-packages/airflow/example_dags/example_kubernetes_executor.py
[2024-08-18 19:42:54,474] {processor.py:161} INFO - Processing /home/kai/.local/lib/python3.8/site-packages/airflow/example_dags/example_kubernetes_executor.py took 0.042 seconds
[2024-08-18 19:43:27,639] {processor.py:153} INFO - Started process (PID=14086) to work on /home/kai/.local/lib/python3.8/site-packages/airflow/example_dags/example_kubernetes_executor.py
[2024-08-18 19:43:27,640] {processor.py:641} INFO - Processing file /home/kai/.local/lib/python3.8/site-packages/airflow/example_dags/example_kubernetes_executor.py for tasks to queue
[2024-08-18 19:43:27,640] {logging_mixin.py:115} INFO - [2024-08-18 19:43:27,640] {dagbag.py:507} INFO - Filling up the DagBag from /home/kai/.local/lib/python3.8/site-packages/airflow/example_dags/example_kubernetes_executor.py
[2024-08-18 19:43:27,656] {logging_mixin.py:115} INFO - [2024-08-18 19:43:27,656] {example_kubernetes_executor.py:39} WARNING - The example_kubernetes_executor example DAG requires the kubernetes provider. Please install it with: pip install apache-airflow[cncf.kubernetes]
[2024-08-18 19:43:27,657] {processor.py:653} WARNING - No viable dags retrieved from /home/kai/.local/lib/python3.8/site-packages/airflow/example_dags/example_kubernetes_executor.py
[2024-08-18 19:43:27,666] {processor.py:161} INFO - Processing /home/kai/.local/lib/python3.8/site-packages/airflow/example_dags/example_kubernetes_executor.py took 0.029 seconds
[2024-08-18 19:44:02,303] {processor.py:153} INFO - Started process (PID=14260) to work on /home/kai/.local/lib/python3.8/site-packages/airflow/example_dags/example_kubernetes_executor.py
[2024-08-18 19:44:02,304] {processor.py:641} INFO - Processing file /home/kai/.local/lib/python3.8/site-packages/airflow/example_dags/example_kubernetes_executor.py for tasks to queue
[2024-08-18 19:44:02,304] {logging_mixin.py:115} INFO - [2024-08-18 19:44:02,304] {dagbag.py:507} INFO - Filling up the DagBag from /home/kai/.local/lib/python3.8/site-packages/airflow/example_dags/example_kubernetes_executor.py
[2024-08-18 19:44:02,315] {logging_mixin.py:115} INFO - [2024-08-18 19:44:02,315] {example_kubernetes_executor.py:39} WARNING - The example_kubernetes_executor example DAG requires the kubernetes provider. Please install it with: pip install apache-airflow[cncf.kubernetes]
[2024-08-18 19:44:02,315] {processor.py:653} WARNING - No viable dags retrieved from /home/kai/.local/lib/python3.8/site-packages/airflow/example_dags/example_kubernetes_executor.py
[2024-08-18 19:44:02,324] {processor.py:161} INFO - Processing /home/kai/.local/lib/python3.8/site-packages/airflow/example_dags/example_kubernetes_executor.py took 0.024 seconds
[2024-08-18 19:44:35,020] {processor.py:153} INFO - Started process (PID=14488) to work on /home/kai/.local/lib/python3.8/site-packages/airflow/example_dags/example_kubernetes_executor.py
[2024-08-18 19:44:35,021] {processor.py:641} INFO - Processing file /home/kai/.local/lib/python3.8/site-packages/airflow/example_dags/example_kubernetes_executor.py for tasks to queue
[2024-08-18 19:44:35,022] {logging_mixin.py:115} INFO - [2024-08-18 19:44:35,021] {dagbag.py:507} INFO - Filling up the DagBag from /home/kai/.local/lib/python3.8/site-packages/airflow/example_dags/example_kubernetes_executor.py
[2024-08-18 19:44:35,036] {logging_mixin.py:115} INFO - [2024-08-18 19:44:35,036] {example_kubernetes_executor.py:39} WARNING - The example_kubernetes_executor example DAG requires the kubernetes provider. Please install it with: pip install apache-airflow[cncf.kubernetes]
[2024-08-18 19:44:35,037] {processor.py:653} WARNING - No viable dags retrieved from /home/kai/.local/lib/python3.8/site-packages/airflow/example_dags/example_kubernetes_executor.py
[2024-08-18 19:44:35,047] {processor.py:161} INFO - Processing /home/kai/.local/lib/python3.8/site-packages/airflow/example_dags/example_kubernetes_executor.py took 0.032 seconds
[2024-08-18 19:45:09,687] {processor.py:153} INFO - Started process (PID=14755) to work on /home/kai/.local/lib/python3.8/site-packages/airflow/example_dags/example_kubernetes_executor.py
[2024-08-18 19:45:09,688] {processor.py:641} INFO - Processing file /home/kai/.local/lib/python3.8/site-packages/airflow/example_dags/example_kubernetes_executor.py for tasks to queue
[2024-08-18 19:45:09,688] {logging_mixin.py:115} INFO - [2024-08-18 19:45:09,688] {dagbag.py:507} INFO - Filling up the DagBag from /home/kai/.local/lib/python3.8/site-packages/airflow/example_dags/example_kubernetes_executor.py
[2024-08-18 19:45:09,702] {logging_mixin.py:115} INFO - [2024-08-18 19:45:09,702] {example_kubernetes_executor.py:39} WARNING - The example_kubernetes_executor example DAG requires the kubernetes provider. Please install it with: pip install apache-airflow[cncf.kubernetes]
[2024-08-18 19:45:09,703] {processor.py:653} WARNING - No viable dags retrieved from /home/kai/.local/lib/python3.8/site-packages/airflow/example_dags/example_kubernetes_executor.py
[2024-08-18 19:45:09,713] {processor.py:161} INFO - Processing /home/kai/.local/lib/python3.8/site-packages/airflow/example_dags/example_kubernetes_executor.py took 0.029 seconds
