[2024-08-18 11:50:15,862] {processor.py:153} INFO - Started process (PID=771192) to work on /home/kai/.local/lib/python3.8/site-packages/airflow/example_dags/tutorial_taskflow_api_etl_virtualenv.py
[2024-08-18 11:50:15,862] {processor.py:641} INFO - Processing file /home/kai/.local/lib/python3.8/site-packages/airflow/example_dags/tutorial_taskflow_api_etl_virtualenv.py for tasks to queue
[2024-08-18 11:50:15,863] {logging_mixin.py:115} INFO - [2024-08-18 11:50:15,863] {dagbag.py:507} INFO - Filling up the DagBag from /home/kai/.local/lib/python3.8/site-packages/airflow/example_dags/tutorial_taskflow_api_etl_virtualenv.py
[2024-08-18 11:50:15,890] {logging_mixin.py:115} INFO - [2024-08-18 11:50:15,890] {tutorial_taskflow_api_etl_virtualenv.py:29} WARNING - The tutorial_taskflow_api_etl_virtualenv example DAG requires virtualenv, please install it.
[2024-08-18 11:50:15,890] {processor.py:653} WARNING - No viable dags retrieved from /home/kai/.local/lib/python3.8/site-packages/airflow/example_dags/tutorial_taskflow_api_etl_virtualenv.py
[2024-08-18 11:50:15,926] {processor.py:161} INFO - Processing /home/kai/.local/lib/python3.8/site-packages/airflow/example_dags/tutorial_taskflow_api_etl_virtualenv.py took 0.067 seconds
[2024-08-18 11:50:51,670] {processor.py:153} INFO - Started process (PID=771635) to work on /home/kai/.local/lib/python3.8/site-packages/airflow/example_dags/tutorial_taskflow_api_etl_virtualenv.py
[2024-08-18 11:50:51,673] {processor.py:641} INFO - Processing file /home/kai/.local/lib/python3.8/site-packages/airflow/example_dags/tutorial_taskflow_api_etl_virtualenv.py for tasks to queue
[2024-08-18 11:50:51,673] {logging_mixin.py:115} INFO - [2024-08-18 11:50:51,673] {dagbag.py:507} INFO - Filling up the DagBag from /home/kai/.local/lib/python3.8/site-packages/airflow/example_dags/tutorial_taskflow_api_etl_virtualenv.py
[2024-08-18 11:50:51,687] {logging_mixin.py:115} INFO - [2024-08-18 11:50:51,687] {tutorial_taskflow_api_etl_virtualenv.py:29} WARNING - The tutorial_taskflow_api_etl_virtualenv example DAG requires virtualenv, please install it.
[2024-08-18 11:50:51,688] {processor.py:653} WARNING - No viable dags retrieved from /home/kai/.local/lib/python3.8/site-packages/airflow/example_dags/tutorial_taskflow_api_etl_virtualenv.py
[2024-08-18 11:50:51,711] {processor.py:161} INFO - Processing /home/kai/.local/lib/python3.8/site-packages/airflow/example_dags/tutorial_taskflow_api_etl_virtualenv.py took 0.044 seconds
[2024-08-18 11:51:25,593] {processor.py:153} INFO - Started process (PID=772027) to work on /home/kai/.local/lib/python3.8/site-packages/airflow/example_dags/tutorial_taskflow_api_etl_virtualenv.py
[2024-08-18 11:51:25,608] {processor.py:641} INFO - Processing file /home/kai/.local/lib/python3.8/site-packages/airflow/example_dags/tutorial_taskflow_api_etl_virtualenv.py for tasks to queue
[2024-08-18 11:51:25,609] {logging_mixin.py:115} INFO - [2024-08-18 11:51:25,609] {dagbag.py:507} INFO - Filling up the DagBag from /home/kai/.local/lib/python3.8/site-packages/airflow/example_dags/tutorial_taskflow_api_etl_virtualenv.py
[2024-08-18 11:51:25,637] {logging_mixin.py:115} INFO - [2024-08-18 11:51:25,637] {tutorial_taskflow_api_etl_virtualenv.py:29} WARNING - The tutorial_taskflow_api_etl_virtualenv example DAG requires virtualenv, please install it.
[2024-08-18 11:51:25,637] {processor.py:653} WARNING - No viable dags retrieved from /home/kai/.local/lib/python3.8/site-packages/airflow/example_dags/tutorial_taskflow_api_etl_virtualenv.py
[2024-08-18 11:51:25,667] {processor.py:161} INFO - Processing /home/kai/.local/lib/python3.8/site-packages/airflow/example_dags/tutorial_taskflow_api_etl_virtualenv.py took 0.078 seconds
[2024-08-18 11:52:05,799] {processor.py:153} INFO - Started process (PID=772815) to work on /home/kai/.local/lib/python3.8/site-packages/airflow/example_dags/tutorial_taskflow_api_etl_virtualenv.py
[2024-08-18 11:52:05,800] {processor.py:641} INFO - Processing file /home/kai/.local/lib/python3.8/site-packages/airflow/example_dags/tutorial_taskflow_api_etl_virtualenv.py for tasks to queue
[2024-08-18 11:52:05,801] {logging_mixin.py:115} INFO - [2024-08-18 11:52:05,801] {dagbag.py:507} INFO - Filling up the DagBag from /home/kai/.local/lib/python3.8/site-packages/airflow/example_dags/tutorial_taskflow_api_etl_virtualenv.py
[2024-08-18 11:52:05,850] {logging_mixin.py:115} INFO - [2024-08-18 11:52:05,850] {tutorial_taskflow_api_etl_virtualenv.py:29} WARNING - The tutorial_taskflow_api_etl_virtualenv example DAG requires virtualenv, please install it.
[2024-08-18 11:52:05,857] {processor.py:653} WARNING - No viable dags retrieved from /home/kai/.local/lib/python3.8/site-packages/airflow/example_dags/tutorial_taskflow_api_etl_virtualenv.py
[2024-08-18 11:52:05,882] {processor.py:161} INFO - Processing /home/kai/.local/lib/python3.8/site-packages/airflow/example_dags/tutorial_taskflow_api_etl_virtualenv.py took 0.088 seconds
[2024-08-18 11:52:38,798] {processor.py:153} INFO - Started process (PID=773215) to work on /home/kai/.local/lib/python3.8/site-packages/airflow/example_dags/tutorial_taskflow_api_etl_virtualenv.py
[2024-08-18 11:52:38,806] {processor.py:641} INFO - Processing file /home/kai/.local/lib/python3.8/site-packages/airflow/example_dags/tutorial_taskflow_api_etl_virtualenv.py for tasks to queue
[2024-08-18 11:52:38,807] {logging_mixin.py:115} INFO - [2024-08-18 11:52:38,806] {dagbag.py:507} INFO - Filling up the DagBag from /home/kai/.local/lib/python3.8/site-packages/airflow/example_dags/tutorial_taskflow_api_etl_virtualenv.py
[2024-08-18 11:52:38,821] {logging_mixin.py:115} INFO - [2024-08-18 11:52:38,821] {tutorial_taskflow_api_etl_virtualenv.py:29} WARNING - The tutorial_taskflow_api_etl_virtualenv example DAG requires virtualenv, please install it.
[2024-08-18 11:52:38,821] {processor.py:653} WARNING - No viable dags retrieved from /home/kai/.local/lib/python3.8/site-packages/airflow/example_dags/tutorial_taskflow_api_etl_virtualenv.py
[2024-08-18 11:52:38,834] {processor.py:161} INFO - Processing /home/kai/.local/lib/python3.8/site-packages/airflow/example_dags/tutorial_taskflow_api_etl_virtualenv.py took 0.040 seconds
[2024-08-18 11:53:13,146] {processor.py:153} INFO - Started process (PID=773615) to work on /home/kai/.local/lib/python3.8/site-packages/airflow/example_dags/tutorial_taskflow_api_etl_virtualenv.py
[2024-08-18 11:53:13,150] {processor.py:641} INFO - Processing file /home/kai/.local/lib/python3.8/site-packages/airflow/example_dags/tutorial_taskflow_api_etl_virtualenv.py for tasks to queue
[2024-08-18 11:53:13,151] {logging_mixin.py:115} INFO - [2024-08-18 11:53:13,151] {dagbag.py:507} INFO - Filling up the DagBag from /home/kai/.local/lib/python3.8/site-packages/airflow/example_dags/tutorial_taskflow_api_etl_virtualenv.py
[2024-08-18 11:53:13,165] {logging_mixin.py:115} INFO - [2024-08-18 11:53:13,165] {tutorial_taskflow_api_etl_virtualenv.py:29} WARNING - The tutorial_taskflow_api_etl_virtualenv example DAG requires virtualenv, please install it.
[2024-08-18 11:53:13,166] {processor.py:653} WARNING - No viable dags retrieved from /home/kai/.local/lib/python3.8/site-packages/airflow/example_dags/tutorial_taskflow_api_etl_virtualenv.py
[2024-08-18 11:53:13,175] {processor.py:161} INFO - Processing /home/kai/.local/lib/python3.8/site-packages/airflow/example_dags/tutorial_taskflow_api_etl_virtualenv.py took 0.031 seconds
[2024-08-18 11:53:48,839] {processor.py:153} INFO - Started process (PID=774035) to work on /home/kai/.local/lib/python3.8/site-packages/airflow/example_dags/tutorial_taskflow_api_etl_virtualenv.py
[2024-08-18 11:53:48,840] {processor.py:641} INFO - Processing file /home/kai/.local/lib/python3.8/site-packages/airflow/example_dags/tutorial_taskflow_api_etl_virtualenv.py for tasks to queue
[2024-08-18 11:53:48,840] {logging_mixin.py:115} INFO - [2024-08-18 11:53:48,840] {dagbag.py:507} INFO - Filling up the DagBag from /home/kai/.local/lib/python3.8/site-packages/airflow/example_dags/tutorial_taskflow_api_etl_virtualenv.py
[2024-08-18 11:53:48,860] {logging_mixin.py:115} INFO - [2024-08-18 11:53:48,860] {tutorial_taskflow_api_etl_virtualenv.py:29} WARNING - The tutorial_taskflow_api_etl_virtualenv example DAG requires virtualenv, please install it.
[2024-08-18 11:53:48,861] {processor.py:653} WARNING - No viable dags retrieved from /home/kai/.local/lib/python3.8/site-packages/airflow/example_dags/tutorial_taskflow_api_etl_virtualenv.py
[2024-08-18 11:53:48,876] {processor.py:161} INFO - Processing /home/kai/.local/lib/python3.8/site-packages/airflow/example_dags/tutorial_taskflow_api_etl_virtualenv.py took 0.047 seconds
[2024-08-18 11:54:24,239] {processor.py:153} INFO - Started process (PID=774454) to work on /home/kai/.local/lib/python3.8/site-packages/airflow/example_dags/tutorial_taskflow_api_etl_virtualenv.py
[2024-08-18 11:54:24,241] {processor.py:641} INFO - Processing file /home/kai/.local/lib/python3.8/site-packages/airflow/example_dags/tutorial_taskflow_api_etl_virtualenv.py for tasks to queue
[2024-08-18 11:54:24,242] {logging_mixin.py:115} INFO - [2024-08-18 11:54:24,242] {dagbag.py:507} INFO - Filling up the DagBag from /home/kai/.local/lib/python3.8/site-packages/airflow/example_dags/tutorial_taskflow_api_etl_virtualenv.py
[2024-08-18 11:54:24,259] {logging_mixin.py:115} INFO - [2024-08-18 11:54:24,258] {tutorial_taskflow_api_etl_virtualenv.py:29} WARNING - The tutorial_taskflow_api_etl_virtualenv example DAG requires virtualenv, please install it.
[2024-08-18 11:54:24,259] {processor.py:653} WARNING - No viable dags retrieved from /home/kai/.local/lib/python3.8/site-packages/airflow/example_dags/tutorial_taskflow_api_etl_virtualenv.py
[2024-08-18 11:54:24,272] {processor.py:161} INFO - Processing /home/kai/.local/lib/python3.8/site-packages/airflow/example_dags/tutorial_taskflow_api_etl_virtualenv.py took 0.036 seconds
[2024-08-18 11:54:59,963] {processor.py:153} INFO - Started process (PID=774898) to work on /home/kai/.local/lib/python3.8/site-packages/airflow/example_dags/tutorial_taskflow_api_etl_virtualenv.py
[2024-08-18 11:54:59,964] {processor.py:641} INFO - Processing file /home/kai/.local/lib/python3.8/site-packages/airflow/example_dags/tutorial_taskflow_api_etl_virtualenv.py for tasks to queue
[2024-08-18 11:54:59,965] {logging_mixin.py:115} INFO - [2024-08-18 11:54:59,965] {dagbag.py:507} INFO - Filling up the DagBag from /home/kai/.local/lib/python3.8/site-packages/airflow/example_dags/tutorial_taskflow_api_etl_virtualenv.py
[2024-08-18 11:54:59,984] {logging_mixin.py:115} INFO - [2024-08-18 11:54:59,984] {tutorial_taskflow_api_etl_virtualenv.py:29} WARNING - The tutorial_taskflow_api_etl_virtualenv example DAG requires virtualenv, please install it.
[2024-08-18 11:54:59,984] {processor.py:653} WARNING - No viable dags retrieved from /home/kai/.local/lib/python3.8/site-packages/airflow/example_dags/tutorial_taskflow_api_etl_virtualenv.py
[2024-08-18 11:54:59,999] {processor.py:161} INFO - Processing /home/kai/.local/lib/python3.8/site-packages/airflow/example_dags/tutorial_taskflow_api_etl_virtualenv.py took 0.040 seconds
[2024-08-18 11:55:36,244] {processor.py:153} INFO - Started process (PID=775321) to work on /home/kai/.local/lib/python3.8/site-packages/airflow/example_dags/tutorial_taskflow_api_etl_virtualenv.py
[2024-08-18 11:55:36,245] {processor.py:641} INFO - Processing file /home/kai/.local/lib/python3.8/site-packages/airflow/example_dags/tutorial_taskflow_api_etl_virtualenv.py for tasks to queue
[2024-08-18 11:55:36,246] {logging_mixin.py:115} INFO - [2024-08-18 11:55:36,246] {dagbag.py:507} INFO - Filling up the DagBag from /home/kai/.local/lib/python3.8/site-packages/airflow/example_dags/tutorial_taskflow_api_etl_virtualenv.py
[2024-08-18 11:55:36,271] {logging_mixin.py:115} INFO - [2024-08-18 11:55:36,271] {tutorial_taskflow_api_etl_virtualenv.py:29} WARNING - The tutorial_taskflow_api_etl_virtualenv example DAG requires virtualenv, please install it.
[2024-08-18 11:55:36,271] {processor.py:653} WARNING - No viable dags retrieved from /home/kai/.local/lib/python3.8/site-packages/airflow/example_dags/tutorial_taskflow_api_etl_virtualenv.py
[2024-08-18 11:55:36,285] {processor.py:161} INFO - Processing /home/kai/.local/lib/python3.8/site-packages/airflow/example_dags/tutorial_taskflow_api_etl_virtualenv.py took 0.044 seconds
[2024-08-18 11:56:13,926] {processor.py:153} INFO - Started process (PID=775760) to work on /home/kai/.local/lib/python3.8/site-packages/airflow/example_dags/tutorial_taskflow_api_etl_virtualenv.py
[2024-08-18 11:56:13,930] {processor.py:641} INFO - Processing file /home/kai/.local/lib/python3.8/site-packages/airflow/example_dags/tutorial_taskflow_api_etl_virtualenv.py for tasks to queue
[2024-08-18 11:56:13,931] {logging_mixin.py:115} INFO - [2024-08-18 11:56:13,931] {dagbag.py:507} INFO - Filling up the DagBag from /home/kai/.local/lib/python3.8/site-packages/airflow/example_dags/tutorial_taskflow_api_etl_virtualenv.py
[2024-08-18 11:56:13,977] {logging_mixin.py:115} INFO - [2024-08-18 11:56:13,977] {tutorial_taskflow_api_etl_virtualenv.py:29} WARNING - The tutorial_taskflow_api_etl_virtualenv example DAG requires virtualenv, please install it.
[2024-08-18 11:56:13,977] {processor.py:653} WARNING - No viable dags retrieved from /home/kai/.local/lib/python3.8/site-packages/airflow/example_dags/tutorial_taskflow_api_etl_virtualenv.py
[2024-08-18 11:56:14,000] {processor.py:161} INFO - Processing /home/kai/.local/lib/python3.8/site-packages/airflow/example_dags/tutorial_taskflow_api_etl_virtualenv.py took 0.080 seconds
[2024-08-18 11:56:49,062] {processor.py:153} INFO - Started process (PID=776161) to work on /home/kai/.local/lib/python3.8/site-packages/airflow/example_dags/tutorial_taskflow_api_etl_virtualenv.py
[2024-08-18 11:56:49,066] {processor.py:641} INFO - Processing file /home/kai/.local/lib/python3.8/site-packages/airflow/example_dags/tutorial_taskflow_api_etl_virtualenv.py for tasks to queue
[2024-08-18 11:56:49,067] {logging_mixin.py:115} INFO - [2024-08-18 11:56:49,067] {dagbag.py:507} INFO - Filling up the DagBag from /home/kai/.local/lib/python3.8/site-packages/airflow/example_dags/tutorial_taskflow_api_etl_virtualenv.py
[2024-08-18 11:56:49,096] {logging_mixin.py:115} INFO - [2024-08-18 11:56:49,096] {tutorial_taskflow_api_etl_virtualenv.py:29} WARNING - The tutorial_taskflow_api_etl_virtualenv example DAG requires virtualenv, please install it.
[2024-08-18 11:56:49,096] {processor.py:653} WARNING - No viable dags retrieved from /home/kai/.local/lib/python3.8/site-packages/airflow/example_dags/tutorial_taskflow_api_etl_virtualenv.py
[2024-08-18 11:56:49,113] {processor.py:161} INFO - Processing /home/kai/.local/lib/python3.8/site-packages/airflow/example_dags/tutorial_taskflow_api_etl_virtualenv.py took 0.056 seconds
[2024-08-18 11:57:25,218] {processor.py:153} INFO - Started process (PID=776560) to work on /home/kai/.local/lib/python3.8/site-packages/airflow/example_dags/tutorial_taskflow_api_etl_virtualenv.py
[2024-08-18 11:57:25,218] {processor.py:641} INFO - Processing file /home/kai/.local/lib/python3.8/site-packages/airflow/example_dags/tutorial_taskflow_api_etl_virtualenv.py for tasks to queue
[2024-08-18 11:57:25,219] {logging_mixin.py:115} INFO - [2024-08-18 11:57:25,219] {dagbag.py:507} INFO - Filling up the DagBag from /home/kai/.local/lib/python3.8/site-packages/airflow/example_dags/tutorial_taskflow_api_etl_virtualenv.py
[2024-08-18 11:57:25,265] {logging_mixin.py:115} INFO - [2024-08-18 11:57:25,265] {tutorial_taskflow_api_etl_virtualenv.py:29} WARNING - The tutorial_taskflow_api_etl_virtualenv example DAG requires virtualenv, please install it.
[2024-08-18 11:57:25,266] {processor.py:653} WARNING - No viable dags retrieved from /home/kai/.local/lib/python3.8/site-packages/airflow/example_dags/tutorial_taskflow_api_etl_virtualenv.py
[2024-08-18 11:57:25,298] {processor.py:161} INFO - Processing /home/kai/.local/lib/python3.8/site-packages/airflow/example_dags/tutorial_taskflow_api_etl_virtualenv.py took 0.084 seconds
[2024-08-18 11:58:06,153] {processor.py:153} INFO - Started process (PID=777023) to work on /home/kai/.local/lib/python3.8/site-packages/airflow/example_dags/tutorial_taskflow_api_etl_virtualenv.py
[2024-08-18 11:58:06,160] {processor.py:641} INFO - Processing file /home/kai/.local/lib/python3.8/site-packages/airflow/example_dags/tutorial_taskflow_api_etl_virtualenv.py for tasks to queue
[2024-08-18 11:58:06,161] {logging_mixin.py:115} INFO - [2024-08-18 11:58:06,161] {dagbag.py:507} INFO - Filling up the DagBag from /home/kai/.local/lib/python3.8/site-packages/airflow/example_dags/tutorial_taskflow_api_etl_virtualenv.py
[2024-08-18 11:58:06,195] {logging_mixin.py:115} INFO - [2024-08-18 11:58:06,195] {tutorial_taskflow_api_etl_virtualenv.py:29} WARNING - The tutorial_taskflow_api_etl_virtualenv example DAG requires virtualenv, please install it.
[2024-08-18 11:58:06,195] {processor.py:653} WARNING - No viable dags retrieved from /home/kai/.local/lib/python3.8/site-packages/airflow/example_dags/tutorial_taskflow_api_etl_virtualenv.py
[2024-08-18 11:58:06,207] {processor.py:161} INFO - Processing /home/kai/.local/lib/python3.8/site-packages/airflow/example_dags/tutorial_taskflow_api_etl_virtualenv.py took 0.059 seconds
[2024-08-18 11:58:45,392] {processor.py:153} INFO - Started process (PID=777474) to work on /home/kai/.local/lib/python3.8/site-packages/airflow/example_dags/tutorial_taskflow_api_etl_virtualenv.py
[2024-08-18 11:58:45,398] {processor.py:641} INFO - Processing file /home/kai/.local/lib/python3.8/site-packages/airflow/example_dags/tutorial_taskflow_api_etl_virtualenv.py for tasks to queue
[2024-08-18 11:58:45,398] {logging_mixin.py:115} INFO - [2024-08-18 11:58:45,398] {dagbag.py:507} INFO - Filling up the DagBag from /home/kai/.local/lib/python3.8/site-packages/airflow/example_dags/tutorial_taskflow_api_etl_virtualenv.py
[2024-08-18 11:58:45,421] {logging_mixin.py:115} INFO - [2024-08-18 11:58:45,421] {tutorial_taskflow_api_etl_virtualenv.py:29} WARNING - The tutorial_taskflow_api_etl_virtualenv example DAG requires virtualenv, please install it.
[2024-08-18 11:58:45,422] {processor.py:653} WARNING - No viable dags retrieved from /home/kai/.local/lib/python3.8/site-packages/airflow/example_dags/tutorial_taskflow_api_etl_virtualenv.py
[2024-08-18 11:58:45,439] {processor.py:161} INFO - Processing /home/kai/.local/lib/python3.8/site-packages/airflow/example_dags/tutorial_taskflow_api_etl_virtualenv.py took 0.051 seconds
[2024-08-18 11:59:21,741] {processor.py:153} INFO - Started process (PID=777878) to work on /home/kai/.local/lib/python3.8/site-packages/airflow/example_dags/tutorial_taskflow_api_etl_virtualenv.py
[2024-08-18 11:59:21,746] {processor.py:641} INFO - Processing file /home/kai/.local/lib/python3.8/site-packages/airflow/example_dags/tutorial_taskflow_api_etl_virtualenv.py for tasks to queue
[2024-08-18 11:59:21,747] {logging_mixin.py:115} INFO - [2024-08-18 11:59:21,746] {dagbag.py:507} INFO - Filling up the DagBag from /home/kai/.local/lib/python3.8/site-packages/airflow/example_dags/tutorial_taskflow_api_etl_virtualenv.py
[2024-08-18 11:59:21,780] {logging_mixin.py:115} INFO - [2024-08-18 11:59:21,779] {tutorial_taskflow_api_etl_virtualenv.py:29} WARNING - The tutorial_taskflow_api_etl_virtualenv example DAG requires virtualenv, please install it.
[2024-08-18 11:59:21,780] {processor.py:653} WARNING - No viable dags retrieved from /home/kai/.local/lib/python3.8/site-packages/airflow/example_dags/tutorial_taskflow_api_etl_virtualenv.py
[2024-08-18 11:59:21,792] {processor.py:161} INFO - Processing /home/kai/.local/lib/python3.8/site-packages/airflow/example_dags/tutorial_taskflow_api_etl_virtualenv.py took 0.054 seconds
[2024-08-18 12:00:00,967] {processor.py:153} INFO - Started process (PID=778344) to work on /home/kai/.local/lib/python3.8/site-packages/airflow/example_dags/tutorial_taskflow_api_etl_virtualenv.py
[2024-08-18 12:00:00,969] {processor.py:641} INFO - Processing file /home/kai/.local/lib/python3.8/site-packages/airflow/example_dags/tutorial_taskflow_api_etl_virtualenv.py for tasks to queue
[2024-08-18 12:00:00,969] {logging_mixin.py:115} INFO - [2024-08-18 12:00:00,969] {dagbag.py:507} INFO - Filling up the DagBag from /home/kai/.local/lib/python3.8/site-packages/airflow/example_dags/tutorial_taskflow_api_etl_virtualenv.py
[2024-08-18 12:00:00,985] {logging_mixin.py:115} INFO - [2024-08-18 12:00:00,985] {tutorial_taskflow_api_etl_virtualenv.py:29} WARNING - The tutorial_taskflow_api_etl_virtualenv example DAG requires virtualenv, please install it.
[2024-08-18 12:00:00,986] {processor.py:653} WARNING - No viable dags retrieved from /home/kai/.local/lib/python3.8/site-packages/airflow/example_dags/tutorial_taskflow_api_etl_virtualenv.py
[2024-08-18 12:00:01,009] {processor.py:161} INFO - Processing /home/kai/.local/lib/python3.8/site-packages/airflow/example_dags/tutorial_taskflow_api_etl_virtualenv.py took 0.047 seconds
[2024-08-18 12:03:20,697] {processor.py:153} INFO - Started process (PID=4415) to work on /home/kai/.local/lib/python3.8/site-packages/airflow/example_dags/tutorial_taskflow_api_etl_virtualenv.py
[2024-08-18 12:03:20,698] {processor.py:641} INFO - Processing file /home/kai/.local/lib/python3.8/site-packages/airflow/example_dags/tutorial_taskflow_api_etl_virtualenv.py for tasks to queue
[2024-08-18 12:03:20,698] {logging_mixin.py:115} INFO - [2024-08-18 12:03:20,698] {dagbag.py:507} INFO - Filling up the DagBag from /home/kai/.local/lib/python3.8/site-packages/airflow/example_dags/tutorial_taskflow_api_etl_virtualenv.py
[2024-08-18 12:03:20,720] {logging_mixin.py:115} INFO - [2024-08-18 12:03:20,720] {tutorial_taskflow_api_etl_virtualenv.py:29} WARNING - The tutorial_taskflow_api_etl_virtualenv example DAG requires virtualenv, please install it.
[2024-08-18 12:03:20,721] {processor.py:653} WARNING - No viable dags retrieved from /home/kai/.local/lib/python3.8/site-packages/airflow/example_dags/tutorial_taskflow_api_etl_virtualenv.py
[2024-08-18 12:03:20,874] {processor.py:161} INFO - Processing /home/kai/.local/lib/python3.8/site-packages/airflow/example_dags/tutorial_taskflow_api_etl_virtualenv.py took 0.182 seconds
[2024-08-18 12:03:53,673] {processor.py:153} INFO - Started process (PID=4844) to work on /home/kai/.local/lib/python3.8/site-packages/airflow/example_dags/tutorial_taskflow_api_etl_virtualenv.py
[2024-08-18 12:03:53,674] {processor.py:641} INFO - Processing file /home/kai/.local/lib/python3.8/site-packages/airflow/example_dags/tutorial_taskflow_api_etl_virtualenv.py for tasks to queue
[2024-08-18 12:03:53,674] {logging_mixin.py:115} INFO - [2024-08-18 12:03:53,674] {dagbag.py:507} INFO - Filling up the DagBag from /home/kai/.local/lib/python3.8/site-packages/airflow/example_dags/tutorial_taskflow_api_etl_virtualenv.py
[2024-08-18 12:03:53,688] {logging_mixin.py:115} INFO - [2024-08-18 12:03:53,688] {tutorial_taskflow_api_etl_virtualenv.py:29} WARNING - The tutorial_taskflow_api_etl_virtualenv example DAG requires virtualenv, please install it.
[2024-08-18 12:03:53,688] {processor.py:653} WARNING - No viable dags retrieved from /home/kai/.local/lib/python3.8/site-packages/airflow/example_dags/tutorial_taskflow_api_etl_virtualenv.py
[2024-08-18 12:03:53,696] {processor.py:161} INFO - Processing /home/kai/.local/lib/python3.8/site-packages/airflow/example_dags/tutorial_taskflow_api_etl_virtualenv.py took 0.026 seconds
[2024-08-18 12:04:27,222] {processor.py:153} INFO - Started process (PID=5021) to work on /home/kai/.local/lib/python3.8/site-packages/airflow/example_dags/tutorial_taskflow_api_etl_virtualenv.py
[2024-08-18 12:04:27,223] {processor.py:641} INFO - Processing file /home/kai/.local/lib/python3.8/site-packages/airflow/example_dags/tutorial_taskflow_api_etl_virtualenv.py for tasks to queue
[2024-08-18 12:04:27,224] {logging_mixin.py:115} INFO - [2024-08-18 12:04:27,223] {dagbag.py:507} INFO - Filling up the DagBag from /home/kai/.local/lib/python3.8/site-packages/airflow/example_dags/tutorial_taskflow_api_etl_virtualenv.py
[2024-08-18 12:04:27,237] {logging_mixin.py:115} INFO - [2024-08-18 12:04:27,237] {tutorial_taskflow_api_etl_virtualenv.py:29} WARNING - The tutorial_taskflow_api_etl_virtualenv example DAG requires virtualenv, please install it.
[2024-08-18 12:04:27,237] {processor.py:653} WARNING - No viable dags retrieved from /home/kai/.local/lib/python3.8/site-packages/airflow/example_dags/tutorial_taskflow_api_etl_virtualenv.py
[2024-08-18 12:04:27,248] {processor.py:161} INFO - Processing /home/kai/.local/lib/python3.8/site-packages/airflow/example_dags/tutorial_taskflow_api_etl_virtualenv.py took 0.029 seconds
[2024-08-18 12:05:01,496] {processor.py:153} INFO - Started process (PID=5188) to work on /home/kai/.local/lib/python3.8/site-packages/airflow/example_dags/tutorial_taskflow_api_etl_virtualenv.py
[2024-08-18 12:05:01,498] {processor.py:641} INFO - Processing file /home/kai/.local/lib/python3.8/site-packages/airflow/example_dags/tutorial_taskflow_api_etl_virtualenv.py for tasks to queue
[2024-08-18 12:05:01,499] {logging_mixin.py:115} INFO - [2024-08-18 12:05:01,499] {dagbag.py:507} INFO - Filling up the DagBag from /home/kai/.local/lib/python3.8/site-packages/airflow/example_dags/tutorial_taskflow_api_etl_virtualenv.py
[2024-08-18 12:05:01,509] {logging_mixin.py:115} INFO - [2024-08-18 12:05:01,509] {tutorial_taskflow_api_etl_virtualenv.py:29} WARNING - The tutorial_taskflow_api_etl_virtualenv example DAG requires virtualenv, please install it.
[2024-08-18 12:05:01,509] {processor.py:653} WARNING - No viable dags retrieved from /home/kai/.local/lib/python3.8/site-packages/airflow/example_dags/tutorial_taskflow_api_etl_virtualenv.py
[2024-08-18 12:05:01,523] {processor.py:161} INFO - Processing /home/kai/.local/lib/python3.8/site-packages/airflow/example_dags/tutorial_taskflow_api_etl_virtualenv.py took 0.029 seconds
[2024-08-18 12:05:32,702] {processor.py:153} INFO - Started process (PID=5359) to work on /home/kai/.local/lib/python3.8/site-packages/airflow/example_dags/tutorial_taskflow_api_etl_virtualenv.py
[2024-08-18 12:05:32,702] {processor.py:641} INFO - Processing file /home/kai/.local/lib/python3.8/site-packages/airflow/example_dags/tutorial_taskflow_api_etl_virtualenv.py for tasks to queue
[2024-08-18 12:05:32,703] {logging_mixin.py:115} INFO - [2024-08-18 12:05:32,703] {dagbag.py:507} INFO - Filling up the DagBag from /home/kai/.local/lib/python3.8/site-packages/airflow/example_dags/tutorial_taskflow_api_etl_virtualenv.py
[2024-08-18 12:05:32,713] {logging_mixin.py:115} INFO - [2024-08-18 12:05:32,713] {tutorial_taskflow_api_etl_virtualenv.py:29} WARNING - The tutorial_taskflow_api_etl_virtualenv example DAG requires virtualenv, please install it.
[2024-08-18 12:05:32,713] {processor.py:653} WARNING - No viable dags retrieved from /home/kai/.local/lib/python3.8/site-packages/airflow/example_dags/tutorial_taskflow_api_etl_virtualenv.py
[2024-08-18 12:05:32,725] {processor.py:161} INFO - Processing /home/kai/.local/lib/python3.8/site-packages/airflow/example_dags/tutorial_taskflow_api_etl_virtualenv.py took 0.027 seconds
[2024-08-18 12:06:04,833] {processor.py:153} INFO - Started process (PID=5524) to work on /home/kai/.local/lib/python3.8/site-packages/airflow/example_dags/tutorial_taskflow_api_etl_virtualenv.py
[2024-08-18 12:06:04,834] {processor.py:641} INFO - Processing file /home/kai/.local/lib/python3.8/site-packages/airflow/example_dags/tutorial_taskflow_api_etl_virtualenv.py for tasks to queue
[2024-08-18 12:06:04,834] {logging_mixin.py:115} INFO - [2024-08-18 12:06:04,834] {dagbag.py:507} INFO - Filling up the DagBag from /home/kai/.local/lib/python3.8/site-packages/airflow/example_dags/tutorial_taskflow_api_etl_virtualenv.py
[2024-08-18 12:06:04,846] {logging_mixin.py:115} INFO - [2024-08-18 12:06:04,846] {tutorial_taskflow_api_etl_virtualenv.py:29} WARNING - The tutorial_taskflow_api_etl_virtualenv example DAG requires virtualenv, please install it.
[2024-08-18 12:06:04,847] {processor.py:653} WARNING - No viable dags retrieved from /home/kai/.local/lib/python3.8/site-packages/airflow/example_dags/tutorial_taskflow_api_etl_virtualenv.py
[2024-08-18 12:06:04,857] {processor.py:161} INFO - Processing /home/kai/.local/lib/python3.8/site-packages/airflow/example_dags/tutorial_taskflow_api_etl_virtualenv.py took 0.027 seconds
[2024-08-18 12:06:37,943] {processor.py:153} INFO - Started process (PID=5703) to work on /home/kai/.local/lib/python3.8/site-packages/airflow/example_dags/tutorial_taskflow_api_etl_virtualenv.py
[2024-08-18 12:06:37,944] {processor.py:641} INFO - Processing file /home/kai/.local/lib/python3.8/site-packages/airflow/example_dags/tutorial_taskflow_api_etl_virtualenv.py for tasks to queue
[2024-08-18 12:06:37,945] {logging_mixin.py:115} INFO - [2024-08-18 12:06:37,945] {dagbag.py:507} INFO - Filling up the DagBag from /home/kai/.local/lib/python3.8/site-packages/airflow/example_dags/tutorial_taskflow_api_etl_virtualenv.py
[2024-08-18 12:06:37,958] {logging_mixin.py:115} INFO - [2024-08-18 12:06:37,958] {tutorial_taskflow_api_etl_virtualenv.py:29} WARNING - The tutorial_taskflow_api_etl_virtualenv example DAG requires virtualenv, please install it.
[2024-08-18 12:06:37,959] {processor.py:653} WARNING - No viable dags retrieved from /home/kai/.local/lib/python3.8/site-packages/airflow/example_dags/tutorial_taskflow_api_etl_virtualenv.py
[2024-08-18 12:06:37,969] {processor.py:161} INFO - Processing /home/kai/.local/lib/python3.8/site-packages/airflow/example_dags/tutorial_taskflow_api_etl_virtualenv.py took 0.028 seconds
[2024-08-18 12:07:11,039] {processor.py:153} INFO - Started process (PID=5877) to work on /home/kai/.local/lib/python3.8/site-packages/airflow/example_dags/tutorial_taskflow_api_etl_virtualenv.py
[2024-08-18 12:07:11,040] {processor.py:641} INFO - Processing file /home/kai/.local/lib/python3.8/site-packages/airflow/example_dags/tutorial_taskflow_api_etl_virtualenv.py for tasks to queue
[2024-08-18 12:07:11,040] {logging_mixin.py:115} INFO - [2024-08-18 12:07:11,040] {dagbag.py:507} INFO - Filling up the DagBag from /home/kai/.local/lib/python3.8/site-packages/airflow/example_dags/tutorial_taskflow_api_etl_virtualenv.py
[2024-08-18 12:07:11,053] {logging_mixin.py:115} INFO - [2024-08-18 12:07:11,053] {tutorial_taskflow_api_etl_virtualenv.py:29} WARNING - The tutorial_taskflow_api_etl_virtualenv example DAG requires virtualenv, please install it.
[2024-08-18 12:07:11,053] {processor.py:653} WARNING - No viable dags retrieved from /home/kai/.local/lib/python3.8/site-packages/airflow/example_dags/tutorial_taskflow_api_etl_virtualenv.py
[2024-08-18 12:07:11,062] {processor.py:161} INFO - Processing /home/kai/.local/lib/python3.8/site-packages/airflow/example_dags/tutorial_taskflow_api_etl_virtualenv.py took 0.025 seconds
[2024-08-18 12:07:44,495] {processor.py:153} INFO - Started process (PID=6041) to work on /home/kai/.local/lib/python3.8/site-packages/airflow/example_dags/tutorial_taskflow_api_etl_virtualenv.py
[2024-08-18 12:07:44,496] {processor.py:641} INFO - Processing file /home/kai/.local/lib/python3.8/site-packages/airflow/example_dags/tutorial_taskflow_api_etl_virtualenv.py for tasks to queue
[2024-08-18 12:07:44,497] {logging_mixin.py:115} INFO - [2024-08-18 12:07:44,497] {dagbag.py:507} INFO - Filling up the DagBag from /home/kai/.local/lib/python3.8/site-packages/airflow/example_dags/tutorial_taskflow_api_etl_virtualenv.py
[2024-08-18 12:07:44,509] {logging_mixin.py:115} INFO - [2024-08-18 12:07:44,509] {tutorial_taskflow_api_etl_virtualenv.py:29} WARNING - The tutorial_taskflow_api_etl_virtualenv example DAG requires virtualenv, please install it.
[2024-08-18 12:07:44,510] {processor.py:653} WARNING - No viable dags retrieved from /home/kai/.local/lib/python3.8/site-packages/airflow/example_dags/tutorial_taskflow_api_etl_virtualenv.py
[2024-08-18 12:07:44,520] {processor.py:161} INFO - Processing /home/kai/.local/lib/python3.8/site-packages/airflow/example_dags/tutorial_taskflow_api_etl_virtualenv.py took 0.027 seconds
[2024-08-18 12:08:17,300] {processor.py:153} INFO - Started process (PID=6269) to work on /home/kai/.local/lib/python3.8/site-packages/airflow/example_dags/tutorial_taskflow_api_etl_virtualenv.py
[2024-08-18 12:08:17,301] {processor.py:641} INFO - Processing file /home/kai/.local/lib/python3.8/site-packages/airflow/example_dags/tutorial_taskflow_api_etl_virtualenv.py for tasks to queue
[2024-08-18 12:08:17,302] {logging_mixin.py:115} INFO - [2024-08-18 12:08:17,302] {dagbag.py:507} INFO - Filling up the DagBag from /home/kai/.local/lib/python3.8/site-packages/airflow/example_dags/tutorial_taskflow_api_etl_virtualenv.py
[2024-08-18 12:08:17,315] {logging_mixin.py:115} INFO - [2024-08-18 12:08:17,315] {tutorial_taskflow_api_etl_virtualenv.py:29} WARNING - The tutorial_taskflow_api_etl_virtualenv example DAG requires virtualenv, please install it.
[2024-08-18 12:08:17,315] {processor.py:653} WARNING - No viable dags retrieved from /home/kai/.local/lib/python3.8/site-packages/airflow/example_dags/tutorial_taskflow_api_etl_virtualenv.py
[2024-08-18 12:08:17,326] {processor.py:161} INFO - Processing /home/kai/.local/lib/python3.8/site-packages/airflow/example_dags/tutorial_taskflow_api_etl_virtualenv.py took 0.029 seconds
[2024-08-18 12:08:50,420] {processor.py:153} INFO - Started process (PID=6427) to work on /home/kai/.local/lib/python3.8/site-packages/airflow/example_dags/tutorial_taskflow_api_etl_virtualenv.py
[2024-08-18 12:08:50,421] {processor.py:641} INFO - Processing file /home/kai/.local/lib/python3.8/site-packages/airflow/example_dags/tutorial_taskflow_api_etl_virtualenv.py for tasks to queue
[2024-08-18 12:08:50,422] {logging_mixin.py:115} INFO - [2024-08-18 12:08:50,421] {dagbag.py:507} INFO - Filling up the DagBag from /home/kai/.local/lib/python3.8/site-packages/airflow/example_dags/tutorial_taskflow_api_etl_virtualenv.py
[2024-08-18 12:08:50,433] {logging_mixin.py:115} INFO - [2024-08-18 12:08:50,433] {tutorial_taskflow_api_etl_virtualenv.py:29} WARNING - The tutorial_taskflow_api_etl_virtualenv example DAG requires virtualenv, please install it.
[2024-08-18 12:08:50,433] {processor.py:653} WARNING - No viable dags retrieved from /home/kai/.local/lib/python3.8/site-packages/airflow/example_dags/tutorial_taskflow_api_etl_virtualenv.py
[2024-08-18 12:08:50,446] {processor.py:161} INFO - Processing /home/kai/.local/lib/python3.8/site-packages/airflow/example_dags/tutorial_taskflow_api_etl_virtualenv.py took 0.029 seconds
[2024-08-18 12:09:25,262] {processor.py:153} INFO - Started process (PID=6609) to work on /home/kai/.local/lib/python3.8/site-packages/airflow/example_dags/tutorial_taskflow_api_etl_virtualenv.py
[2024-08-18 12:09:25,263] {processor.py:641} INFO - Processing file /home/kai/.local/lib/python3.8/site-packages/airflow/example_dags/tutorial_taskflow_api_etl_virtualenv.py for tasks to queue
[2024-08-18 12:09:25,264] {logging_mixin.py:115} INFO - [2024-08-18 12:09:25,264] {dagbag.py:507} INFO - Filling up the DagBag from /home/kai/.local/lib/python3.8/site-packages/airflow/example_dags/tutorial_taskflow_api_etl_virtualenv.py
[2024-08-18 12:09:25,277] {logging_mixin.py:115} INFO - [2024-08-18 12:09:25,277] {tutorial_taskflow_api_etl_virtualenv.py:29} WARNING - The tutorial_taskflow_api_etl_virtualenv example DAG requires virtualenv, please install it.
[2024-08-18 12:09:25,277] {processor.py:653} WARNING - No viable dags retrieved from /home/kai/.local/lib/python3.8/site-packages/airflow/example_dags/tutorial_taskflow_api_etl_virtualenv.py
[2024-08-18 12:09:25,287] {processor.py:161} INFO - Processing /home/kai/.local/lib/python3.8/site-packages/airflow/example_dags/tutorial_taskflow_api_etl_virtualenv.py took 0.028 seconds
[2024-08-18 12:09:57,204] {processor.py:153} INFO - Started process (PID=6769) to work on /home/kai/.local/lib/python3.8/site-packages/airflow/example_dags/tutorial_taskflow_api_etl_virtualenv.py
[2024-08-18 12:09:57,205] {processor.py:641} INFO - Processing file /home/kai/.local/lib/python3.8/site-packages/airflow/example_dags/tutorial_taskflow_api_etl_virtualenv.py for tasks to queue
[2024-08-18 12:09:57,205] {logging_mixin.py:115} INFO - [2024-08-18 12:09:57,205] {dagbag.py:507} INFO - Filling up the DagBag from /home/kai/.local/lib/python3.8/site-packages/airflow/example_dags/tutorial_taskflow_api_etl_virtualenv.py
[2024-08-18 12:09:57,218] {logging_mixin.py:115} INFO - [2024-08-18 12:09:57,218] {tutorial_taskflow_api_etl_virtualenv.py:29} WARNING - The tutorial_taskflow_api_etl_virtualenv example DAG requires virtualenv, please install it.
[2024-08-18 12:09:57,218] {processor.py:653} WARNING - No viable dags retrieved from /home/kai/.local/lib/python3.8/site-packages/airflow/example_dags/tutorial_taskflow_api_etl_virtualenv.py
[2024-08-18 12:09:57,228] {processor.py:161} INFO - Processing /home/kai/.local/lib/python3.8/site-packages/airflow/example_dags/tutorial_taskflow_api_etl_virtualenv.py took 0.027 seconds
[2024-08-18 12:10:30,040] {processor.py:153} INFO - Started process (PID=6942) to work on /home/kai/.local/lib/python3.8/site-packages/airflow/example_dags/tutorial_taskflow_api_etl_virtualenv.py
[2024-08-18 12:10:30,040] {processor.py:641} INFO - Processing file /home/kai/.local/lib/python3.8/site-packages/airflow/example_dags/tutorial_taskflow_api_etl_virtualenv.py for tasks to queue
[2024-08-18 12:10:30,041] {logging_mixin.py:115} INFO - [2024-08-18 12:10:30,041] {dagbag.py:507} INFO - Filling up the DagBag from /home/kai/.local/lib/python3.8/site-packages/airflow/example_dags/tutorial_taskflow_api_etl_virtualenv.py
[2024-08-18 12:10:30,053] {logging_mixin.py:115} INFO - [2024-08-18 12:10:30,053] {tutorial_taskflow_api_etl_virtualenv.py:29} WARNING - The tutorial_taskflow_api_etl_virtualenv example DAG requires virtualenv, please install it.
[2024-08-18 12:10:30,053] {processor.py:653} WARNING - No viable dags retrieved from /home/kai/.local/lib/python3.8/site-packages/airflow/example_dags/tutorial_taskflow_api_etl_virtualenv.py
[2024-08-18 12:10:30,062] {processor.py:161} INFO - Processing /home/kai/.local/lib/python3.8/site-packages/airflow/example_dags/tutorial_taskflow_api_etl_virtualenv.py took 0.025 seconds
[2024-08-18 12:11:02,829] {processor.py:153} INFO - Started process (PID=7102) to work on /home/kai/.local/lib/python3.8/site-packages/airflow/example_dags/tutorial_taskflow_api_etl_virtualenv.py
[2024-08-18 12:11:02,830] {processor.py:641} INFO - Processing file /home/kai/.local/lib/python3.8/site-packages/airflow/example_dags/tutorial_taskflow_api_etl_virtualenv.py for tasks to queue
[2024-08-18 12:11:02,830] {logging_mixin.py:115} INFO - [2024-08-18 12:11:02,830] {dagbag.py:507} INFO - Filling up the DagBag from /home/kai/.local/lib/python3.8/site-packages/airflow/example_dags/tutorial_taskflow_api_etl_virtualenv.py
[2024-08-18 12:11:02,842] {logging_mixin.py:115} INFO - [2024-08-18 12:11:02,842] {tutorial_taskflow_api_etl_virtualenv.py:29} WARNING - The tutorial_taskflow_api_etl_virtualenv example DAG requires virtualenv, please install it.
[2024-08-18 12:11:02,842] {processor.py:653} WARNING - No viable dags retrieved from /home/kai/.local/lib/python3.8/site-packages/airflow/example_dags/tutorial_taskflow_api_etl_virtualenv.py
[2024-08-18 12:11:02,852] {processor.py:161} INFO - Processing /home/kai/.local/lib/python3.8/site-packages/airflow/example_dags/tutorial_taskflow_api_etl_virtualenv.py took 0.026 seconds
[2024-08-18 12:11:36,142] {processor.py:153} INFO - Started process (PID=7272) to work on /home/kai/.local/lib/python3.8/site-packages/airflow/example_dags/tutorial_taskflow_api_etl_virtualenv.py
[2024-08-18 12:11:36,143] {processor.py:641} INFO - Processing file /home/kai/.local/lib/python3.8/site-packages/airflow/example_dags/tutorial_taskflow_api_etl_virtualenv.py for tasks to queue
[2024-08-18 12:11:36,143] {logging_mixin.py:115} INFO - [2024-08-18 12:11:36,143] {dagbag.py:507} INFO - Filling up the DagBag from /home/kai/.local/lib/python3.8/site-packages/airflow/example_dags/tutorial_taskflow_api_etl_virtualenv.py
[2024-08-18 12:11:36,153] {logging_mixin.py:115} INFO - [2024-08-18 12:11:36,153] {tutorial_taskflow_api_etl_virtualenv.py:29} WARNING - The tutorial_taskflow_api_etl_virtualenv example DAG requires virtualenv, please install it.
[2024-08-18 12:11:36,154] {processor.py:653} WARNING - No viable dags retrieved from /home/kai/.local/lib/python3.8/site-packages/airflow/example_dags/tutorial_taskflow_api_etl_virtualenv.py
[2024-08-18 12:11:36,162] {processor.py:161} INFO - Processing /home/kai/.local/lib/python3.8/site-packages/airflow/example_dags/tutorial_taskflow_api_etl_virtualenv.py took 0.022 seconds
[2024-08-18 12:12:14,316] {processor.py:153} INFO - Started process (PID=7457) to work on /home/kai/.local/lib/python3.8/site-packages/airflow/example_dags/tutorial_taskflow_api_etl_virtualenv.py
[2024-08-18 12:12:14,317] {processor.py:641} INFO - Processing file /home/kai/.local/lib/python3.8/site-packages/airflow/example_dags/tutorial_taskflow_api_etl_virtualenv.py for tasks to queue
[2024-08-18 12:12:14,318] {logging_mixin.py:115} INFO - [2024-08-18 12:12:14,318] {dagbag.py:507} INFO - Filling up the DagBag from /home/kai/.local/lib/python3.8/site-packages/airflow/example_dags/tutorial_taskflow_api_etl_virtualenv.py
[2024-08-18 12:12:14,339] {logging_mixin.py:115} INFO - [2024-08-18 12:12:14,338] {tutorial_taskflow_api_etl_virtualenv.py:29} WARNING - The tutorial_taskflow_api_etl_virtualenv example DAG requires virtualenv, please install it.
[2024-08-18 12:12:14,339] {processor.py:653} WARNING - No viable dags retrieved from /home/kai/.local/lib/python3.8/site-packages/airflow/example_dags/tutorial_taskflow_api_etl_virtualenv.py
[2024-08-18 12:12:14,362] {processor.py:161} INFO - Processing /home/kai/.local/lib/python3.8/site-packages/airflow/example_dags/tutorial_taskflow_api_etl_virtualenv.py took 0.048 seconds
[2024-08-18 12:12:46,312] {processor.py:153} INFO - Started process (PID=7614) to work on /home/kai/.local/lib/python3.8/site-packages/airflow/example_dags/tutorial_taskflow_api_etl_virtualenv.py
[2024-08-18 12:12:46,313] {processor.py:641} INFO - Processing file /home/kai/.local/lib/python3.8/site-packages/airflow/example_dags/tutorial_taskflow_api_etl_virtualenv.py for tasks to queue
[2024-08-18 12:12:46,314] {logging_mixin.py:115} INFO - [2024-08-18 12:12:46,314] {dagbag.py:507} INFO - Filling up the DagBag from /home/kai/.local/lib/python3.8/site-packages/airflow/example_dags/tutorial_taskflow_api_etl_virtualenv.py
[2024-08-18 12:12:46,328] {logging_mixin.py:115} INFO - [2024-08-18 12:12:46,328] {tutorial_taskflow_api_etl_virtualenv.py:29} WARNING - The tutorial_taskflow_api_etl_virtualenv example DAG requires virtualenv, please install it.
[2024-08-18 12:12:46,328] {processor.py:653} WARNING - No viable dags retrieved from /home/kai/.local/lib/python3.8/site-packages/airflow/example_dags/tutorial_taskflow_api_etl_virtualenv.py
[2024-08-18 12:12:46,342] {processor.py:161} INFO - Processing /home/kai/.local/lib/python3.8/site-packages/airflow/example_dags/tutorial_taskflow_api_etl_virtualenv.py took 0.032 seconds
[2024-08-18 12:13:18,998] {processor.py:153} INFO - Started process (PID=7835) to work on /home/kai/.local/lib/python3.8/site-packages/airflow/example_dags/tutorial_taskflow_api_etl_virtualenv.py
[2024-08-18 12:13:18,999] {processor.py:641} INFO - Processing file /home/kai/.local/lib/python3.8/site-packages/airflow/example_dags/tutorial_taskflow_api_etl_virtualenv.py for tasks to queue
[2024-08-18 12:13:18,999] {logging_mixin.py:115} INFO - [2024-08-18 12:13:18,999] {dagbag.py:507} INFO - Filling up the DagBag from /home/kai/.local/lib/python3.8/site-packages/airflow/example_dags/tutorial_taskflow_api_etl_virtualenv.py
[2024-08-18 12:13:19,011] {logging_mixin.py:115} INFO - [2024-08-18 12:13:19,011] {tutorial_taskflow_api_etl_virtualenv.py:29} WARNING - The tutorial_taskflow_api_etl_virtualenv example DAG requires virtualenv, please install it.
[2024-08-18 12:13:19,012] {processor.py:653} WARNING - No viable dags retrieved from /home/kai/.local/lib/python3.8/site-packages/airflow/example_dags/tutorial_taskflow_api_etl_virtualenv.py
[2024-08-18 12:13:19,024] {processor.py:161} INFO - Processing /home/kai/.local/lib/python3.8/site-packages/airflow/example_dags/tutorial_taskflow_api_etl_virtualenv.py took 0.029 seconds
[2024-08-18 12:13:51,677] {processor.py:153} INFO - Started process (PID=7993) to work on /home/kai/.local/lib/python3.8/site-packages/airflow/example_dags/tutorial_taskflow_api_etl_virtualenv.py
[2024-08-18 12:13:51,678] {processor.py:641} INFO - Processing file /home/kai/.local/lib/python3.8/site-packages/airflow/example_dags/tutorial_taskflow_api_etl_virtualenv.py for tasks to queue
[2024-08-18 12:13:51,679] {logging_mixin.py:115} INFO - [2024-08-18 12:13:51,678] {dagbag.py:507} INFO - Filling up the DagBag from /home/kai/.local/lib/python3.8/site-packages/airflow/example_dags/tutorial_taskflow_api_etl_virtualenv.py
[2024-08-18 12:13:51,691] {logging_mixin.py:115} INFO - [2024-08-18 12:13:51,691] {tutorial_taskflow_api_etl_virtualenv.py:29} WARNING - The tutorial_taskflow_api_etl_virtualenv example DAG requires virtualenv, please install it.
[2024-08-18 12:13:51,692] {processor.py:653} WARNING - No viable dags retrieved from /home/kai/.local/lib/python3.8/site-packages/airflow/example_dags/tutorial_taskflow_api_etl_virtualenv.py
[2024-08-18 12:13:51,702] {processor.py:161} INFO - Processing /home/kai/.local/lib/python3.8/site-packages/airflow/example_dags/tutorial_taskflow_api_etl_virtualenv.py took 0.028 seconds
[2024-08-18 12:14:26,402] {processor.py:153} INFO - Started process (PID=8172) to work on /home/kai/.local/lib/python3.8/site-packages/airflow/example_dags/tutorial_taskflow_api_etl_virtualenv.py
[2024-08-18 12:14:26,403] {processor.py:641} INFO - Processing file /home/kai/.local/lib/python3.8/site-packages/airflow/example_dags/tutorial_taskflow_api_etl_virtualenv.py for tasks to queue
[2024-08-18 12:14:26,404] {logging_mixin.py:115} INFO - [2024-08-18 12:14:26,404] {dagbag.py:507} INFO - Filling up the DagBag from /home/kai/.local/lib/python3.8/site-packages/airflow/example_dags/tutorial_taskflow_api_etl_virtualenv.py
[2024-08-18 12:14:26,424] {logging_mixin.py:115} INFO - [2024-08-18 12:14:26,424] {tutorial_taskflow_api_etl_virtualenv.py:29} WARNING - The tutorial_taskflow_api_etl_virtualenv example DAG requires virtualenv, please install it.
[2024-08-18 12:14:26,425] {processor.py:653} WARNING - No viable dags retrieved from /home/kai/.local/lib/python3.8/site-packages/airflow/example_dags/tutorial_taskflow_api_etl_virtualenv.py
[2024-08-18 12:14:26,436] {processor.py:161} INFO - Processing /home/kai/.local/lib/python3.8/site-packages/airflow/example_dags/tutorial_taskflow_api_etl_virtualenv.py took 0.036 seconds
[2024-08-18 12:15:01,354] {processor.py:153} INFO - Started process (PID=8344) to work on /home/kai/.local/lib/python3.8/site-packages/airflow/example_dags/tutorial_taskflow_api_etl_virtualenv.py
[2024-08-18 12:15:01,355] {processor.py:641} INFO - Processing file /home/kai/.local/lib/python3.8/site-packages/airflow/example_dags/tutorial_taskflow_api_etl_virtualenv.py for tasks to queue
[2024-08-18 12:15:01,356] {logging_mixin.py:115} INFO - [2024-08-18 12:15:01,356] {dagbag.py:507} INFO - Filling up the DagBag from /home/kai/.local/lib/python3.8/site-packages/airflow/example_dags/tutorial_taskflow_api_etl_virtualenv.py
[2024-08-18 12:15:01,369] {logging_mixin.py:115} INFO - [2024-08-18 12:15:01,369] {tutorial_taskflow_api_etl_virtualenv.py:29} WARNING - The tutorial_taskflow_api_etl_virtualenv example DAG requires virtualenv, please install it.
[2024-08-18 12:15:01,369] {processor.py:653} WARNING - No viable dags retrieved from /home/kai/.local/lib/python3.8/site-packages/airflow/example_dags/tutorial_taskflow_api_etl_virtualenv.py
[2024-08-18 12:15:01,380] {processor.py:161} INFO - Processing /home/kai/.local/lib/python3.8/site-packages/airflow/example_dags/tutorial_taskflow_api_etl_virtualenv.py took 0.028 seconds
[2024-08-18 12:15:34,014] {processor.py:153} INFO - Started process (PID=8520) to work on /home/kai/.local/lib/python3.8/site-packages/airflow/example_dags/tutorial_taskflow_api_etl_virtualenv.py
[2024-08-18 12:15:34,014] {processor.py:641} INFO - Processing file /home/kai/.local/lib/python3.8/site-packages/airflow/example_dags/tutorial_taskflow_api_etl_virtualenv.py for tasks to queue
[2024-08-18 12:15:34,015] {logging_mixin.py:115} INFO - [2024-08-18 12:15:34,015] {dagbag.py:507} INFO - Filling up the DagBag from /home/kai/.local/lib/python3.8/site-packages/airflow/example_dags/tutorial_taskflow_api_etl_virtualenv.py
[2024-08-18 12:15:34,033] {logging_mixin.py:115} INFO - [2024-08-18 12:15:34,033] {tutorial_taskflow_api_etl_virtualenv.py:29} WARNING - The tutorial_taskflow_api_etl_virtualenv example DAG requires virtualenv, please install it.
[2024-08-18 12:15:34,033] {processor.py:653} WARNING - No viable dags retrieved from /home/kai/.local/lib/python3.8/site-packages/airflow/example_dags/tutorial_taskflow_api_etl_virtualenv.py
[2024-08-18 12:15:34,041] {processor.py:161} INFO - Processing /home/kai/.local/lib/python3.8/site-packages/airflow/example_dags/tutorial_taskflow_api_etl_virtualenv.py took 0.030 seconds
[2024-08-18 12:16:06,811] {processor.py:153} INFO - Started process (PID=8684) to work on /home/kai/.local/lib/python3.8/site-packages/airflow/example_dags/tutorial_taskflow_api_etl_virtualenv.py
[2024-08-18 12:16:06,812] {processor.py:641} INFO - Processing file /home/kai/.local/lib/python3.8/site-packages/airflow/example_dags/tutorial_taskflow_api_etl_virtualenv.py for tasks to queue
[2024-08-18 12:16:06,814] {logging_mixin.py:115} INFO - [2024-08-18 12:16:06,814] {dagbag.py:507} INFO - Filling up the DagBag from /home/kai/.local/lib/python3.8/site-packages/airflow/example_dags/tutorial_taskflow_api_etl_virtualenv.py
[2024-08-18 12:16:06,826] {logging_mixin.py:115} INFO - [2024-08-18 12:16:06,825] {tutorial_taskflow_api_etl_virtualenv.py:29} WARNING - The tutorial_taskflow_api_etl_virtualenv example DAG requires virtualenv, please install it.
[2024-08-18 12:16:06,826] {processor.py:653} WARNING - No viable dags retrieved from /home/kai/.local/lib/python3.8/site-packages/airflow/example_dags/tutorial_taskflow_api_etl_virtualenv.py
[2024-08-18 12:16:06,836] {processor.py:161} INFO - Processing /home/kai/.local/lib/python3.8/site-packages/airflow/example_dags/tutorial_taskflow_api_etl_virtualenv.py took 0.028 seconds
[2024-08-18 12:16:39,832] {processor.py:153} INFO - Started process (PID=8851) to work on /home/kai/.local/lib/python3.8/site-packages/airflow/example_dags/tutorial_taskflow_api_etl_virtualenv.py
[2024-08-18 12:16:39,833] {processor.py:641} INFO - Processing file /home/kai/.local/lib/python3.8/site-packages/airflow/example_dags/tutorial_taskflow_api_etl_virtualenv.py for tasks to queue
[2024-08-18 12:16:39,833] {logging_mixin.py:115} INFO - [2024-08-18 12:16:39,833] {dagbag.py:507} INFO - Filling up the DagBag from /home/kai/.local/lib/python3.8/site-packages/airflow/example_dags/tutorial_taskflow_api_etl_virtualenv.py
[2024-08-18 12:16:39,847] {logging_mixin.py:115} INFO - [2024-08-18 12:16:39,847] {tutorial_taskflow_api_etl_virtualenv.py:29} WARNING - The tutorial_taskflow_api_etl_virtualenv example DAG requires virtualenv, please install it.
[2024-08-18 12:16:39,847] {processor.py:653} WARNING - No viable dags retrieved from /home/kai/.local/lib/python3.8/site-packages/airflow/example_dags/tutorial_taskflow_api_etl_virtualenv.py
[2024-08-18 12:16:39,861] {processor.py:161} INFO - Processing /home/kai/.local/lib/python3.8/site-packages/airflow/example_dags/tutorial_taskflow_api_etl_virtualenv.py took 0.031 seconds
[2024-08-18 12:17:14,553] {processor.py:153} INFO - Started process (PID=9032) to work on /home/kai/.local/lib/python3.8/site-packages/airflow/example_dags/tutorial_taskflow_api_etl_virtualenv.py
[2024-08-18 12:17:14,553] {processor.py:641} INFO - Processing file /home/kai/.local/lib/python3.8/site-packages/airflow/example_dags/tutorial_taskflow_api_etl_virtualenv.py for tasks to queue
[2024-08-18 12:17:14,554] {logging_mixin.py:115} INFO - [2024-08-18 12:17:14,554] {dagbag.py:507} INFO - Filling up the DagBag from /home/kai/.local/lib/python3.8/site-packages/airflow/example_dags/tutorial_taskflow_api_etl_virtualenv.py
[2024-08-18 12:17:14,569] {logging_mixin.py:115} INFO - [2024-08-18 12:17:14,569] {tutorial_taskflow_api_etl_virtualenv.py:29} WARNING - The tutorial_taskflow_api_etl_virtualenv example DAG requires virtualenv, please install it.
[2024-08-18 12:17:14,569] {processor.py:653} WARNING - No viable dags retrieved from /home/kai/.local/lib/python3.8/site-packages/airflow/example_dags/tutorial_taskflow_api_etl_virtualenv.py
[2024-08-18 12:17:14,583] {processor.py:161} INFO - Processing /home/kai/.local/lib/python3.8/site-packages/airflow/example_dags/tutorial_taskflow_api_etl_virtualenv.py took 0.034 seconds
[2024-08-18 12:17:49,428] {processor.py:153} INFO - Started process (PID=9206) to work on /home/kai/.local/lib/python3.8/site-packages/airflow/example_dags/tutorial_taskflow_api_etl_virtualenv.py
[2024-08-18 12:17:49,430] {processor.py:641} INFO - Processing file /home/kai/.local/lib/python3.8/site-packages/airflow/example_dags/tutorial_taskflow_api_etl_virtualenv.py for tasks to queue
[2024-08-18 12:17:49,432] {logging_mixin.py:115} INFO - [2024-08-18 12:17:49,432] {dagbag.py:507} INFO - Filling up the DagBag from /home/kai/.local/lib/python3.8/site-packages/airflow/example_dags/tutorial_taskflow_api_etl_virtualenv.py
[2024-08-18 12:17:49,447] {logging_mixin.py:115} INFO - [2024-08-18 12:17:49,447] {tutorial_taskflow_api_etl_virtualenv.py:29} WARNING - The tutorial_taskflow_api_etl_virtualenv example DAG requires virtualenv, please install it.
[2024-08-18 12:17:49,447] {processor.py:653} WARNING - No viable dags retrieved from /home/kai/.local/lib/python3.8/site-packages/airflow/example_dags/tutorial_taskflow_api_etl_virtualenv.py
[2024-08-18 12:17:49,457] {processor.py:161} INFO - Processing /home/kai/.local/lib/python3.8/site-packages/airflow/example_dags/tutorial_taskflow_api_etl_virtualenv.py took 0.033 seconds
[2024-08-18 12:18:22,919] {processor.py:153} INFO - Started process (PID=9434) to work on /home/kai/.local/lib/python3.8/site-packages/airflow/example_dags/tutorial_taskflow_api_etl_virtualenv.py
[2024-08-18 12:18:22,920] {processor.py:641} INFO - Processing file /home/kai/.local/lib/python3.8/site-packages/airflow/example_dags/tutorial_taskflow_api_etl_virtualenv.py for tasks to queue
[2024-08-18 12:18:22,920] {logging_mixin.py:115} INFO - [2024-08-18 12:18:22,920] {dagbag.py:507} INFO - Filling up the DagBag from /home/kai/.local/lib/python3.8/site-packages/airflow/example_dags/tutorial_taskflow_api_etl_virtualenv.py
[2024-08-18 12:18:22,931] {logging_mixin.py:115} INFO - [2024-08-18 12:18:22,931] {tutorial_taskflow_api_etl_virtualenv.py:29} WARNING - The tutorial_taskflow_api_etl_virtualenv example DAG requires virtualenv, please install it.
[2024-08-18 12:18:22,931] {processor.py:653} WARNING - No viable dags retrieved from /home/kai/.local/lib/python3.8/site-packages/airflow/example_dags/tutorial_taskflow_api_etl_virtualenv.py
[2024-08-18 12:18:22,943] {processor.py:161} INFO - Processing /home/kai/.local/lib/python3.8/site-packages/airflow/example_dags/tutorial_taskflow_api_etl_virtualenv.py took 0.026 seconds
[2024-08-18 12:18:55,106] {processor.py:153} INFO - Started process (PID=9591) to work on /home/kai/.local/lib/python3.8/site-packages/airflow/example_dags/tutorial_taskflow_api_etl_virtualenv.py
[2024-08-18 12:18:55,106] {processor.py:641} INFO - Processing file /home/kai/.local/lib/python3.8/site-packages/airflow/example_dags/tutorial_taskflow_api_etl_virtualenv.py for tasks to queue
[2024-08-18 12:18:55,107] {logging_mixin.py:115} INFO - [2024-08-18 12:18:55,107] {dagbag.py:507} INFO - Filling up the DagBag from /home/kai/.local/lib/python3.8/site-packages/airflow/example_dags/tutorial_taskflow_api_etl_virtualenv.py
[2024-08-18 12:18:55,124] {logging_mixin.py:115} INFO - [2024-08-18 12:18:55,123] {tutorial_taskflow_api_etl_virtualenv.py:29} WARNING - The tutorial_taskflow_api_etl_virtualenv example DAG requires virtualenv, please install it.
[2024-08-18 12:18:55,124] {processor.py:653} WARNING - No viable dags retrieved from /home/kai/.local/lib/python3.8/site-packages/airflow/example_dags/tutorial_taskflow_api_etl_virtualenv.py
[2024-08-18 12:18:55,134] {processor.py:161} INFO - Processing /home/kai/.local/lib/python3.8/site-packages/airflow/example_dags/tutorial_taskflow_api_etl_virtualenv.py took 0.031 seconds
[2024-08-18 12:19:30,560] {processor.py:153} INFO - Started process (PID=9768) to work on /home/kai/.local/lib/python3.8/site-packages/airflow/example_dags/tutorial_taskflow_api_etl_virtualenv.py
[2024-08-18 12:19:30,561] {processor.py:641} INFO - Processing file /home/kai/.local/lib/python3.8/site-packages/airflow/example_dags/tutorial_taskflow_api_etl_virtualenv.py for tasks to queue
[2024-08-18 12:19:30,561] {logging_mixin.py:115} INFO - [2024-08-18 12:19:30,561] {dagbag.py:507} INFO - Filling up the DagBag from /home/kai/.local/lib/python3.8/site-packages/airflow/example_dags/tutorial_taskflow_api_etl_virtualenv.py
[2024-08-18 12:19:30,581] {logging_mixin.py:115} INFO - [2024-08-18 12:19:30,580] {tutorial_taskflow_api_etl_virtualenv.py:29} WARNING - The tutorial_taskflow_api_etl_virtualenv example DAG requires virtualenv, please install it.
[2024-08-18 12:19:30,581] {processor.py:653} WARNING - No viable dags retrieved from /home/kai/.local/lib/python3.8/site-packages/airflow/example_dags/tutorial_taskflow_api_etl_virtualenv.py
[2024-08-18 12:19:30,596] {processor.py:161} INFO - Processing /home/kai/.local/lib/python3.8/site-packages/airflow/example_dags/tutorial_taskflow_api_etl_virtualenv.py took 0.039 seconds
[2024-08-18 12:20:02,758] {processor.py:153} INFO - Started process (PID=9927) to work on /home/kai/.local/lib/python3.8/site-packages/airflow/example_dags/tutorial_taskflow_api_etl_virtualenv.py
[2024-08-18 12:20:02,761] {processor.py:641} INFO - Processing file /home/kai/.local/lib/python3.8/site-packages/airflow/example_dags/tutorial_taskflow_api_etl_virtualenv.py for tasks to queue
[2024-08-18 12:20:02,762] {logging_mixin.py:115} INFO - [2024-08-18 12:20:02,762] {dagbag.py:507} INFO - Filling up the DagBag from /home/kai/.local/lib/python3.8/site-packages/airflow/example_dags/tutorial_taskflow_api_etl_virtualenv.py
[2024-08-18 12:20:02,774] {logging_mixin.py:115} INFO - [2024-08-18 12:20:02,773] {tutorial_taskflow_api_etl_virtualenv.py:29} WARNING - The tutorial_taskflow_api_etl_virtualenv example DAG requires virtualenv, please install it.
[2024-08-18 12:20:02,774] {processor.py:653} WARNING - No viable dags retrieved from /home/kai/.local/lib/python3.8/site-packages/airflow/example_dags/tutorial_taskflow_api_etl_virtualenv.py
[2024-08-18 12:20:02,784] {processor.py:161} INFO - Processing /home/kai/.local/lib/python3.8/site-packages/airflow/example_dags/tutorial_taskflow_api_etl_virtualenv.py took 0.028 seconds
[2024-08-18 12:20:37,052] {processor.py:153} INFO - Started process (PID=10106) to work on /home/kai/.local/lib/python3.8/site-packages/airflow/example_dags/tutorial_taskflow_api_etl_virtualenv.py
[2024-08-18 12:20:37,053] {processor.py:641} INFO - Processing file /home/kai/.local/lib/python3.8/site-packages/airflow/example_dags/tutorial_taskflow_api_etl_virtualenv.py for tasks to queue
[2024-08-18 12:20:37,053] {logging_mixin.py:115} INFO - [2024-08-18 12:20:37,053] {dagbag.py:507} INFO - Filling up the DagBag from /home/kai/.local/lib/python3.8/site-packages/airflow/example_dags/tutorial_taskflow_api_etl_virtualenv.py
[2024-08-18 12:20:37,065] {logging_mixin.py:115} INFO - [2024-08-18 12:20:37,065] {tutorial_taskflow_api_etl_virtualenv.py:29} WARNING - The tutorial_taskflow_api_etl_virtualenv example DAG requires virtualenv, please install it.
[2024-08-18 12:20:37,066] {processor.py:653} WARNING - No viable dags retrieved from /home/kai/.local/lib/python3.8/site-packages/airflow/example_dags/tutorial_taskflow_api_etl_virtualenv.py
[2024-08-18 12:20:37,075] {processor.py:161} INFO - Processing /home/kai/.local/lib/python3.8/site-packages/airflow/example_dags/tutorial_taskflow_api_etl_virtualenv.py took 0.025 seconds
[2024-08-18 12:21:09,911] {processor.py:153} INFO - Started process (PID=10278) to work on /home/kai/.local/lib/python3.8/site-packages/airflow/example_dags/tutorial_taskflow_api_etl_virtualenv.py
[2024-08-18 12:21:09,912] {processor.py:641} INFO - Processing file /home/kai/.local/lib/python3.8/site-packages/airflow/example_dags/tutorial_taskflow_api_etl_virtualenv.py for tasks to queue
[2024-08-18 12:21:09,913] {logging_mixin.py:115} INFO - [2024-08-18 12:21:09,913] {dagbag.py:507} INFO - Filling up the DagBag from /home/kai/.local/lib/python3.8/site-packages/airflow/example_dags/tutorial_taskflow_api_etl_virtualenv.py
[2024-08-18 12:21:09,925] {logging_mixin.py:115} INFO - [2024-08-18 12:21:09,925] {tutorial_taskflow_api_etl_virtualenv.py:29} WARNING - The tutorial_taskflow_api_etl_virtualenv example DAG requires virtualenv, please install it.
[2024-08-18 12:21:09,925] {processor.py:653} WARNING - No viable dags retrieved from /home/kai/.local/lib/python3.8/site-packages/airflow/example_dags/tutorial_taskflow_api_etl_virtualenv.py
[2024-08-18 12:21:09,936] {processor.py:161} INFO - Processing /home/kai/.local/lib/python3.8/site-packages/airflow/example_dags/tutorial_taskflow_api_etl_virtualenv.py took 0.028 seconds
[2024-08-18 12:21:44,171] {processor.py:153} INFO - Started process (PID=10451) to work on /home/kai/.local/lib/python3.8/site-packages/airflow/example_dags/tutorial_taskflow_api_etl_virtualenv.py
[2024-08-18 12:21:44,172] {processor.py:641} INFO - Processing file /home/kai/.local/lib/python3.8/site-packages/airflow/example_dags/tutorial_taskflow_api_etl_virtualenv.py for tasks to queue
[2024-08-18 12:21:44,172] {logging_mixin.py:115} INFO - [2024-08-18 12:21:44,172] {dagbag.py:507} INFO - Filling up the DagBag from /home/kai/.local/lib/python3.8/site-packages/airflow/example_dags/tutorial_taskflow_api_etl_virtualenv.py
[2024-08-18 12:21:44,184] {logging_mixin.py:115} INFO - [2024-08-18 12:21:44,184] {tutorial_taskflow_api_etl_virtualenv.py:29} WARNING - The tutorial_taskflow_api_etl_virtualenv example DAG requires virtualenv, please install it.
[2024-08-18 12:21:44,184] {processor.py:653} WARNING - No viable dags retrieved from /home/kai/.local/lib/python3.8/site-packages/airflow/example_dags/tutorial_taskflow_api_etl_virtualenv.py
[2024-08-18 12:21:44,193] {processor.py:161} INFO - Processing /home/kai/.local/lib/python3.8/site-packages/airflow/example_dags/tutorial_taskflow_api_etl_virtualenv.py took 0.024 seconds
[2024-08-18 12:22:19,083] {processor.py:153} INFO - Started process (PID=10634) to work on /home/kai/.local/lib/python3.8/site-packages/airflow/example_dags/tutorial_taskflow_api_etl_virtualenv.py
[2024-08-18 12:22:19,084] {processor.py:641} INFO - Processing file /home/kai/.local/lib/python3.8/site-packages/airflow/example_dags/tutorial_taskflow_api_etl_virtualenv.py for tasks to queue
[2024-08-18 12:22:19,085] {logging_mixin.py:115} INFO - [2024-08-18 12:22:19,085] {dagbag.py:507} INFO - Filling up the DagBag from /home/kai/.local/lib/python3.8/site-packages/airflow/example_dags/tutorial_taskflow_api_etl_virtualenv.py
[2024-08-18 12:22:19,097] {logging_mixin.py:115} INFO - [2024-08-18 12:22:19,096] {tutorial_taskflow_api_etl_virtualenv.py:29} WARNING - The tutorial_taskflow_api_etl_virtualenv example DAG requires virtualenv, please install it.
[2024-08-18 12:22:19,097] {processor.py:653} WARNING - No viable dags retrieved from /home/kai/.local/lib/python3.8/site-packages/airflow/example_dags/tutorial_taskflow_api_etl_virtualenv.py
[2024-08-18 12:22:19,107] {processor.py:161} INFO - Processing /home/kai/.local/lib/python3.8/site-packages/airflow/example_dags/tutorial_taskflow_api_etl_virtualenv.py took 0.027 seconds
[2024-08-18 12:22:50,860] {processor.py:153} INFO - Started process (PID=10790) to work on /home/kai/.local/lib/python3.8/site-packages/airflow/example_dags/tutorial_taskflow_api_etl_virtualenv.py
[2024-08-18 12:22:50,861] {processor.py:641} INFO - Processing file /home/kai/.local/lib/python3.8/site-packages/airflow/example_dags/tutorial_taskflow_api_etl_virtualenv.py for tasks to queue
[2024-08-18 12:22:50,864] {logging_mixin.py:115} INFO - [2024-08-18 12:22:50,862] {dagbag.py:507} INFO - Filling up the DagBag from /home/kai/.local/lib/python3.8/site-packages/airflow/example_dags/tutorial_taskflow_api_etl_virtualenv.py
[2024-08-18 12:22:50,883] {logging_mixin.py:115} INFO - [2024-08-18 12:22:50,883] {tutorial_taskflow_api_etl_virtualenv.py:29} WARNING - The tutorial_taskflow_api_etl_virtualenv example DAG requires virtualenv, please install it.
[2024-08-18 12:22:50,884] {processor.py:653} WARNING - No viable dags retrieved from /home/kai/.local/lib/python3.8/site-packages/airflow/example_dags/tutorial_taskflow_api_etl_virtualenv.py
[2024-08-18 12:22:50,895] {processor.py:161} INFO - Processing /home/kai/.local/lib/python3.8/site-packages/airflow/example_dags/tutorial_taskflow_api_etl_virtualenv.py took 0.041 seconds
[2024-08-18 12:23:25,010] {processor.py:153} INFO - Started process (PID=11071) to work on /home/kai/.local/lib/python3.8/site-packages/airflow/example_dags/tutorial_taskflow_api_etl_virtualenv.py
[2024-08-18 12:23:25,011] {processor.py:641} INFO - Processing file /home/kai/.local/lib/python3.8/site-packages/airflow/example_dags/tutorial_taskflow_api_etl_virtualenv.py for tasks to queue
[2024-08-18 12:23:25,012] {logging_mixin.py:115} INFO - [2024-08-18 12:23:25,012] {dagbag.py:507} INFO - Filling up the DagBag from /home/kai/.local/lib/python3.8/site-packages/airflow/example_dags/tutorial_taskflow_api_etl_virtualenv.py
[2024-08-18 12:23:25,024] {logging_mixin.py:115} INFO - [2024-08-18 12:23:25,024] {tutorial_taskflow_api_etl_virtualenv.py:29} WARNING - The tutorial_taskflow_api_etl_virtualenv example DAG requires virtualenv, please install it.
[2024-08-18 12:23:25,025] {processor.py:653} WARNING - No viable dags retrieved from /home/kai/.local/lib/python3.8/site-packages/airflow/example_dags/tutorial_taskflow_api_etl_virtualenv.py
[2024-08-18 12:23:25,042] {processor.py:161} INFO - Processing /home/kai/.local/lib/python3.8/site-packages/airflow/example_dags/tutorial_taskflow_api_etl_virtualenv.py took 0.036 seconds
[2024-08-18 12:24:01,022] {processor.py:153} INFO - Started process (PID=11245) to work on /home/kai/.local/lib/python3.8/site-packages/airflow/example_dags/tutorial_taskflow_api_etl_virtualenv.py
[2024-08-18 12:24:01,023] {processor.py:641} INFO - Processing file /home/kai/.local/lib/python3.8/site-packages/airflow/example_dags/tutorial_taskflow_api_etl_virtualenv.py for tasks to queue
[2024-08-18 12:24:01,023] {logging_mixin.py:115} INFO - [2024-08-18 12:24:01,023] {dagbag.py:507} INFO - Filling up the DagBag from /home/kai/.local/lib/python3.8/site-packages/airflow/example_dags/tutorial_taskflow_api_etl_virtualenv.py
[2024-08-18 12:24:01,043] {logging_mixin.py:115} INFO - [2024-08-18 12:24:01,042] {tutorial_taskflow_api_etl_virtualenv.py:29} WARNING - The tutorial_taskflow_api_etl_virtualenv example DAG requires virtualenv, please install it.
[2024-08-18 12:24:01,043] {processor.py:653} WARNING - No viable dags retrieved from /home/kai/.local/lib/python3.8/site-packages/airflow/example_dags/tutorial_taskflow_api_etl_virtualenv.py
[2024-08-18 12:24:01,060] {processor.py:161} INFO - Processing /home/kai/.local/lib/python3.8/site-packages/airflow/example_dags/tutorial_taskflow_api_etl_virtualenv.py took 0.041 seconds
[2024-08-18 12:24:36,753] {processor.py:153} INFO - Started process (PID=11432) to work on /home/kai/.local/lib/python3.8/site-packages/airflow/example_dags/tutorial_taskflow_api_etl_virtualenv.py
[2024-08-18 12:24:36,754] {processor.py:641} INFO - Processing file /home/kai/.local/lib/python3.8/site-packages/airflow/example_dags/tutorial_taskflow_api_etl_virtualenv.py for tasks to queue
[2024-08-18 12:24:36,755] {logging_mixin.py:115} INFO - [2024-08-18 12:24:36,755] {dagbag.py:507} INFO - Filling up the DagBag from /home/kai/.local/lib/python3.8/site-packages/airflow/example_dags/tutorial_taskflow_api_etl_virtualenv.py
[2024-08-18 12:24:36,770] {logging_mixin.py:115} INFO - [2024-08-18 12:24:36,770] {tutorial_taskflow_api_etl_virtualenv.py:29} WARNING - The tutorial_taskflow_api_etl_virtualenv example DAG requires virtualenv, please install it.
[2024-08-18 12:24:36,770] {processor.py:653} WARNING - No viable dags retrieved from /home/kai/.local/lib/python3.8/site-packages/airflow/example_dags/tutorial_taskflow_api_etl_virtualenv.py
[2024-08-18 12:24:36,781] {processor.py:161} INFO - Processing /home/kai/.local/lib/python3.8/site-packages/airflow/example_dags/tutorial_taskflow_api_etl_virtualenv.py took 0.031 seconds
[2024-08-18 12:25:08,636] {processor.py:153} INFO - Started process (PID=11593) to work on /home/kai/.local/lib/python3.8/site-packages/airflow/example_dags/tutorial_taskflow_api_etl_virtualenv.py
[2024-08-18 12:25:08,637] {processor.py:641} INFO - Processing file /home/kai/.local/lib/python3.8/site-packages/airflow/example_dags/tutorial_taskflow_api_etl_virtualenv.py for tasks to queue
[2024-08-18 12:25:08,637] {logging_mixin.py:115} INFO - [2024-08-18 12:25:08,637] {dagbag.py:507} INFO - Filling up the DagBag from /home/kai/.local/lib/python3.8/site-packages/airflow/example_dags/tutorial_taskflow_api_etl_virtualenv.py
[2024-08-18 12:25:08,654] {logging_mixin.py:115} INFO - [2024-08-18 12:25:08,654] {tutorial_taskflow_api_etl_virtualenv.py:29} WARNING - The tutorial_taskflow_api_etl_virtualenv example DAG requires virtualenv, please install it.
[2024-08-18 12:25:08,654] {processor.py:653} WARNING - No viable dags retrieved from /home/kai/.local/lib/python3.8/site-packages/airflow/example_dags/tutorial_taskflow_api_etl_virtualenv.py
[2024-08-18 12:25:08,669] {processor.py:161} INFO - Processing /home/kai/.local/lib/python3.8/site-packages/airflow/example_dags/tutorial_taskflow_api_etl_virtualenv.py took 0.035 seconds
[2024-08-18 12:25:42,161] {processor.py:153} INFO - Started process (PID=11760) to work on /home/kai/.local/lib/python3.8/site-packages/airflow/example_dags/tutorial_taskflow_api_etl_virtualenv.py
[2024-08-18 12:25:42,162] {processor.py:641} INFO - Processing file /home/kai/.local/lib/python3.8/site-packages/airflow/example_dags/tutorial_taskflow_api_etl_virtualenv.py for tasks to queue
[2024-08-18 12:25:42,162] {logging_mixin.py:115} INFO - [2024-08-18 12:25:42,162] {dagbag.py:507} INFO - Filling up the DagBag from /home/kai/.local/lib/python3.8/site-packages/airflow/example_dags/tutorial_taskflow_api_etl_virtualenv.py
[2024-08-18 12:25:42,174] {logging_mixin.py:115} INFO - [2024-08-18 12:25:42,174] {tutorial_taskflow_api_etl_virtualenv.py:29} WARNING - The tutorial_taskflow_api_etl_virtualenv example DAG requires virtualenv, please install it.
[2024-08-18 12:25:42,174] {processor.py:653} WARNING - No viable dags retrieved from /home/kai/.local/lib/python3.8/site-packages/airflow/example_dags/tutorial_taskflow_api_etl_virtualenv.py
[2024-08-18 12:25:42,185] {processor.py:161} INFO - Processing /home/kai/.local/lib/python3.8/site-packages/airflow/example_dags/tutorial_taskflow_api_etl_virtualenv.py took 0.028 seconds
[2024-08-18 12:26:16,429] {processor.py:153} INFO - Started process (PID=11935) to work on /home/kai/.local/lib/python3.8/site-packages/airflow/example_dags/tutorial_taskflow_api_etl_virtualenv.py
[2024-08-18 12:26:16,430] {processor.py:641} INFO - Processing file /home/kai/.local/lib/python3.8/site-packages/airflow/example_dags/tutorial_taskflow_api_etl_virtualenv.py for tasks to queue
[2024-08-18 12:26:16,431] {logging_mixin.py:115} INFO - [2024-08-18 12:26:16,431] {dagbag.py:507} INFO - Filling up the DagBag from /home/kai/.local/lib/python3.8/site-packages/airflow/example_dags/tutorial_taskflow_api_etl_virtualenv.py
[2024-08-18 12:26:16,448] {logging_mixin.py:115} INFO - [2024-08-18 12:26:16,448] {tutorial_taskflow_api_etl_virtualenv.py:29} WARNING - The tutorial_taskflow_api_etl_virtualenv example DAG requires virtualenv, please install it.
[2024-08-18 12:26:16,449] {processor.py:653} WARNING - No viable dags retrieved from /home/kai/.local/lib/python3.8/site-packages/airflow/example_dags/tutorial_taskflow_api_etl_virtualenv.py
[2024-08-18 12:26:16,464] {processor.py:161} INFO - Processing /home/kai/.local/lib/python3.8/site-packages/airflow/example_dags/tutorial_taskflow_api_etl_virtualenv.py took 0.042 seconds
[2024-08-18 12:26:48,991] {processor.py:153} INFO - Started process (PID=12098) to work on /home/kai/.local/lib/python3.8/site-packages/airflow/example_dags/tutorial_taskflow_api_etl_virtualenv.py
[2024-08-18 12:26:48,992] {processor.py:641} INFO - Processing file /home/kai/.local/lib/python3.8/site-packages/airflow/example_dags/tutorial_taskflow_api_etl_virtualenv.py for tasks to queue
[2024-08-18 12:26:48,993] {logging_mixin.py:115} INFO - [2024-08-18 12:26:48,993] {dagbag.py:507} INFO - Filling up the DagBag from /home/kai/.local/lib/python3.8/site-packages/airflow/example_dags/tutorial_taskflow_api_etl_virtualenv.py
[2024-08-18 12:26:49,005] {logging_mixin.py:115} INFO - [2024-08-18 12:26:49,005] {tutorial_taskflow_api_etl_virtualenv.py:29} WARNING - The tutorial_taskflow_api_etl_virtualenv example DAG requires virtualenv, please install it.
[2024-08-18 12:26:49,006] {processor.py:653} WARNING - No viable dags retrieved from /home/kai/.local/lib/python3.8/site-packages/airflow/example_dags/tutorial_taskflow_api_etl_virtualenv.py
[2024-08-18 12:26:49,022] {processor.py:161} INFO - Processing /home/kai/.local/lib/python3.8/site-packages/airflow/example_dags/tutorial_taskflow_api_etl_virtualenv.py took 0.035 seconds
[2024-08-18 12:27:23,287] {processor.py:153} INFO - Started process (PID=12275) to work on /home/kai/.local/lib/python3.8/site-packages/airflow/example_dags/tutorial_taskflow_api_etl_virtualenv.py
[2024-08-18 12:27:23,288] {processor.py:641} INFO - Processing file /home/kai/.local/lib/python3.8/site-packages/airflow/example_dags/tutorial_taskflow_api_etl_virtualenv.py for tasks to queue
[2024-08-18 12:27:23,288] {logging_mixin.py:115} INFO - [2024-08-18 12:27:23,288] {dagbag.py:507} INFO - Filling up the DagBag from /home/kai/.local/lib/python3.8/site-packages/airflow/example_dags/tutorial_taskflow_api_etl_virtualenv.py
[2024-08-18 12:27:23,300] {logging_mixin.py:115} INFO - [2024-08-18 12:27:23,300] {tutorial_taskflow_api_etl_virtualenv.py:29} WARNING - The tutorial_taskflow_api_etl_virtualenv example DAG requires virtualenv, please install it.
[2024-08-18 12:27:23,300] {processor.py:653} WARNING - No viable dags retrieved from /home/kai/.local/lib/python3.8/site-packages/airflow/example_dags/tutorial_taskflow_api_etl_virtualenv.py
[2024-08-18 12:27:23,310] {processor.py:161} INFO - Processing /home/kai/.local/lib/python3.8/site-packages/airflow/example_dags/tutorial_taskflow_api_etl_virtualenv.py took 0.025 seconds
[2024-08-18 12:27:55,831] {processor.py:153} INFO - Started process (PID=12484) to work on /home/kai/.local/lib/python3.8/site-packages/airflow/example_dags/tutorial_taskflow_api_etl_virtualenv.py
[2024-08-18 12:27:55,833] {processor.py:641} INFO - Processing file /home/kai/.local/lib/python3.8/site-packages/airflow/example_dags/tutorial_taskflow_api_etl_virtualenv.py for tasks to queue
[2024-08-18 12:27:55,833] {logging_mixin.py:115} INFO - [2024-08-18 12:27:55,833] {dagbag.py:507} INFO - Filling up the DagBag from /home/kai/.local/lib/python3.8/site-packages/airflow/example_dags/tutorial_taskflow_api_etl_virtualenv.py
[2024-08-18 12:27:55,849] {logging_mixin.py:115} INFO - [2024-08-18 12:27:55,849] {tutorial_taskflow_api_etl_virtualenv.py:29} WARNING - The tutorial_taskflow_api_etl_virtualenv example DAG requires virtualenv, please install it.
[2024-08-18 12:27:55,850] {processor.py:653} WARNING - No viable dags retrieved from /home/kai/.local/lib/python3.8/site-packages/airflow/example_dags/tutorial_taskflow_api_etl_virtualenv.py
[2024-08-18 12:27:55,863] {processor.py:161} INFO - Processing /home/kai/.local/lib/python3.8/site-packages/airflow/example_dags/tutorial_taskflow_api_etl_virtualenv.py took 0.034 seconds
[2024-08-18 19:39:48,168] {processor.py:153} INFO - Started process (PID=13111) to work on /home/kai/.local/lib/python3.8/site-packages/airflow/example_dags/tutorial_taskflow_api_etl_virtualenv.py
[2024-08-18 19:39:48,168] {processor.py:641} INFO - Processing file /home/kai/.local/lib/python3.8/site-packages/airflow/example_dags/tutorial_taskflow_api_etl_virtualenv.py for tasks to queue
[2024-08-18 19:39:48,169] {logging_mixin.py:115} INFO - [2024-08-18 19:39:48,169] {dagbag.py:507} INFO - Filling up the DagBag from /home/kai/.local/lib/python3.8/site-packages/airflow/example_dags/tutorial_taskflow_api_etl_virtualenv.py
[2024-08-18 19:39:48,180] {logging_mixin.py:115} INFO - [2024-08-18 19:39:48,180] {tutorial_taskflow_api_etl_virtualenv.py:29} WARNING - The tutorial_taskflow_api_etl_virtualenv example DAG requires virtualenv, please install it.
[2024-08-18 19:39:48,180] {processor.py:653} WARNING - No viable dags retrieved from /home/kai/.local/lib/python3.8/site-packages/airflow/example_dags/tutorial_taskflow_api_etl_virtualenv.py
[2024-08-18 19:39:48,189] {processor.py:161} INFO - Processing /home/kai/.local/lib/python3.8/site-packages/airflow/example_dags/tutorial_taskflow_api_etl_virtualenv.py took 0.024 seconds
[2024-08-18 19:40:19,497] {processor.py:153} INFO - Started process (PID=13178) to work on /home/kai/.local/lib/python3.8/site-packages/airflow/example_dags/tutorial_taskflow_api_etl_virtualenv.py
[2024-08-18 19:40:19,498] {processor.py:641} INFO - Processing file /home/kai/.local/lib/python3.8/site-packages/airflow/example_dags/tutorial_taskflow_api_etl_virtualenv.py for tasks to queue
[2024-08-18 19:40:19,498] {logging_mixin.py:115} INFO - [2024-08-18 19:40:19,498] {dagbag.py:507} INFO - Filling up the DagBag from /home/kai/.local/lib/python3.8/site-packages/airflow/example_dags/tutorial_taskflow_api_etl_virtualenv.py
[2024-08-18 19:40:19,511] {logging_mixin.py:115} INFO - [2024-08-18 19:40:19,511] {tutorial_taskflow_api_etl_virtualenv.py:29} WARNING - The tutorial_taskflow_api_etl_virtualenv example DAG requires virtualenv, please install it.
[2024-08-18 19:40:19,511] {processor.py:653} WARNING - No viable dags retrieved from /home/kai/.local/lib/python3.8/site-packages/airflow/example_dags/tutorial_taskflow_api_etl_virtualenv.py
[2024-08-18 19:40:19,520] {processor.py:161} INFO - Processing /home/kai/.local/lib/python3.8/site-packages/airflow/example_dags/tutorial_taskflow_api_etl_virtualenv.py took 0.025 seconds
[2024-08-18 19:40:49,776] {processor.py:153} INFO - Started process (PID=13288) to work on /home/kai/.local/lib/python3.8/site-packages/airflow/example_dags/tutorial_taskflow_api_etl_virtualenv.py
[2024-08-18 19:40:49,776] {processor.py:641} INFO - Processing file /home/kai/.local/lib/python3.8/site-packages/airflow/example_dags/tutorial_taskflow_api_etl_virtualenv.py for tasks to queue
[2024-08-18 19:40:49,777] {logging_mixin.py:115} INFO - [2024-08-18 19:40:49,777] {dagbag.py:507} INFO - Filling up the DagBag from /home/kai/.local/lib/python3.8/site-packages/airflow/example_dags/tutorial_taskflow_api_etl_virtualenv.py
[2024-08-18 19:40:49,789] {logging_mixin.py:115} INFO - [2024-08-18 19:40:49,789] {tutorial_taskflow_api_etl_virtualenv.py:29} WARNING - The tutorial_taskflow_api_etl_virtualenv example DAG requires virtualenv, please install it.
[2024-08-18 19:40:49,789] {processor.py:653} WARNING - No viable dags retrieved from /home/kai/.local/lib/python3.8/site-packages/airflow/example_dags/tutorial_taskflow_api_etl_virtualenv.py
[2024-08-18 19:40:49,799] {processor.py:161} INFO - Processing /home/kai/.local/lib/python3.8/site-packages/airflow/example_dags/tutorial_taskflow_api_etl_virtualenv.py took 0.026 seconds
[2024-08-18 19:41:21,828] {processor.py:153} INFO - Started process (PID=13451) to work on /home/kai/.local/lib/python3.8/site-packages/airflow/example_dags/tutorial_taskflow_api_etl_virtualenv.py
[2024-08-18 19:41:21,829] {processor.py:641} INFO - Processing file /home/kai/.local/lib/python3.8/site-packages/airflow/example_dags/tutorial_taskflow_api_etl_virtualenv.py for tasks to queue
[2024-08-18 19:41:21,829] {logging_mixin.py:115} INFO - [2024-08-18 19:41:21,829] {dagbag.py:507} INFO - Filling up the DagBag from /home/kai/.local/lib/python3.8/site-packages/airflow/example_dags/tutorial_taskflow_api_etl_virtualenv.py
[2024-08-18 19:41:21,840] {logging_mixin.py:115} INFO - [2024-08-18 19:41:21,840] {tutorial_taskflow_api_etl_virtualenv.py:29} WARNING - The tutorial_taskflow_api_etl_virtualenv example DAG requires virtualenv, please install it.
[2024-08-18 19:41:21,841] {processor.py:653} WARNING - No viable dags retrieved from /home/kai/.local/lib/python3.8/site-packages/airflow/example_dags/tutorial_taskflow_api_etl_virtualenv.py
[2024-08-18 19:41:21,849] {processor.py:161} INFO - Processing /home/kai/.local/lib/python3.8/site-packages/airflow/example_dags/tutorial_taskflow_api_etl_virtualenv.py took 0.024 seconds
[2024-08-18 19:41:57,892] {processor.py:153} INFO - Started process (PID=13627) to work on /home/kai/.local/lib/python3.8/site-packages/airflow/example_dags/tutorial_taskflow_api_etl_virtualenv.py
[2024-08-18 19:41:57,893] {processor.py:641} INFO - Processing file /home/kai/.local/lib/python3.8/site-packages/airflow/example_dags/tutorial_taskflow_api_etl_virtualenv.py for tasks to queue
[2024-08-18 19:41:57,894] {logging_mixin.py:115} INFO - [2024-08-18 19:41:57,894] {dagbag.py:507} INFO - Filling up the DagBag from /home/kai/.local/lib/python3.8/site-packages/airflow/example_dags/tutorial_taskflow_api_etl_virtualenv.py
[2024-08-18 19:41:57,909] {logging_mixin.py:115} INFO - [2024-08-18 19:41:57,909] {tutorial_taskflow_api_etl_virtualenv.py:29} WARNING - The tutorial_taskflow_api_etl_virtualenv example DAG requires virtualenv, please install it.
[2024-08-18 19:41:57,909] {processor.py:653} WARNING - No viable dags retrieved from /home/kai/.local/lib/python3.8/site-packages/airflow/example_dags/tutorial_taskflow_api_etl_virtualenv.py
[2024-08-18 19:41:57,920] {processor.py:161} INFO - Processing /home/kai/.local/lib/python3.8/site-packages/airflow/example_dags/tutorial_taskflow_api_etl_virtualenv.py took 0.034 seconds
[2024-08-18 19:42:29,940] {processor.py:153} INFO - Started process (PID=13798) to work on /home/kai/.local/lib/python3.8/site-packages/airflow/example_dags/tutorial_taskflow_api_etl_virtualenv.py
[2024-08-18 19:42:29,941] {processor.py:641} INFO - Processing file /home/kai/.local/lib/python3.8/site-packages/airflow/example_dags/tutorial_taskflow_api_etl_virtualenv.py for tasks to queue
[2024-08-18 19:42:29,942] {logging_mixin.py:115} INFO - [2024-08-18 19:42:29,942] {dagbag.py:507} INFO - Filling up the DagBag from /home/kai/.local/lib/python3.8/site-packages/airflow/example_dags/tutorial_taskflow_api_etl_virtualenv.py
[2024-08-18 19:42:29,953] {logging_mixin.py:115} INFO - [2024-08-18 19:42:29,953] {tutorial_taskflow_api_etl_virtualenv.py:29} WARNING - The tutorial_taskflow_api_etl_virtualenv example DAG requires virtualenv, please install it.
[2024-08-18 19:42:29,954] {processor.py:653} WARNING - No viable dags retrieved from /home/kai/.local/lib/python3.8/site-packages/airflow/example_dags/tutorial_taskflow_api_etl_virtualenv.py
[2024-08-18 19:42:29,964] {processor.py:161} INFO - Processing /home/kai/.local/lib/python3.8/site-packages/airflow/example_dags/tutorial_taskflow_api_etl_virtualenv.py took 0.027 seconds
[2024-08-18 19:43:05,906] {processor.py:153} INFO - Started process (PID=13976) to work on /home/kai/.local/lib/python3.8/site-packages/airflow/example_dags/tutorial_taskflow_api_etl_virtualenv.py
[2024-08-18 19:43:05,907] {processor.py:641} INFO - Processing file /home/kai/.local/lib/python3.8/site-packages/airflow/example_dags/tutorial_taskflow_api_etl_virtualenv.py for tasks to queue
[2024-08-18 19:43:05,908] {logging_mixin.py:115} INFO - [2024-08-18 19:43:05,908] {dagbag.py:507} INFO - Filling up the DagBag from /home/kai/.local/lib/python3.8/site-packages/airflow/example_dags/tutorial_taskflow_api_etl_virtualenv.py
[2024-08-18 19:43:05,919] {logging_mixin.py:115} INFO - [2024-08-18 19:43:05,919] {tutorial_taskflow_api_etl_virtualenv.py:29} WARNING - The tutorial_taskflow_api_etl_virtualenv example DAG requires virtualenv, please install it.
[2024-08-18 19:43:05,920] {processor.py:653} WARNING - No viable dags retrieved from /home/kai/.local/lib/python3.8/site-packages/airflow/example_dags/tutorial_taskflow_api_etl_virtualenv.py
[2024-08-18 19:43:05,930] {processor.py:161} INFO - Processing /home/kai/.local/lib/python3.8/site-packages/airflow/example_dags/tutorial_taskflow_api_etl_virtualenv.py took 0.027 seconds
[2024-08-18 19:43:37,628] {processor.py:153} INFO - Started process (PID=14139) to work on /home/kai/.local/lib/python3.8/site-packages/airflow/example_dags/tutorial_taskflow_api_etl_virtualenv.py
[2024-08-18 19:43:37,628] {processor.py:641} INFO - Processing file /home/kai/.local/lib/python3.8/site-packages/airflow/example_dags/tutorial_taskflow_api_etl_virtualenv.py for tasks to queue
[2024-08-18 19:43:37,629] {logging_mixin.py:115} INFO - [2024-08-18 19:43:37,629] {dagbag.py:507} INFO - Filling up the DagBag from /home/kai/.local/lib/python3.8/site-packages/airflow/example_dags/tutorial_taskflow_api_etl_virtualenv.py
[2024-08-18 19:43:37,640] {logging_mixin.py:115} INFO - [2024-08-18 19:43:37,640] {tutorial_taskflow_api_etl_virtualenv.py:29} WARNING - The tutorial_taskflow_api_etl_virtualenv example DAG requires virtualenv, please install it.
[2024-08-18 19:43:37,641] {processor.py:653} WARNING - No viable dags retrieved from /home/kai/.local/lib/python3.8/site-packages/airflow/example_dags/tutorial_taskflow_api_etl_virtualenv.py
[2024-08-18 19:43:37,650] {processor.py:161} INFO - Processing /home/kai/.local/lib/python3.8/site-packages/airflow/example_dags/tutorial_taskflow_api_etl_virtualenv.py took 0.026 seconds
[2024-08-18 19:44:12,461] {processor.py:153} INFO - Started process (PID=14363) to work on /home/kai/.local/lib/python3.8/site-packages/airflow/example_dags/tutorial_taskflow_api_etl_virtualenv.py
[2024-08-18 19:44:12,462] {processor.py:641} INFO - Processing file /home/kai/.local/lib/python3.8/site-packages/airflow/example_dags/tutorial_taskflow_api_etl_virtualenv.py for tasks to queue
[2024-08-18 19:44:12,463] {logging_mixin.py:115} INFO - [2024-08-18 19:44:12,463] {dagbag.py:507} INFO - Filling up the DagBag from /home/kai/.local/lib/python3.8/site-packages/airflow/example_dags/tutorial_taskflow_api_etl_virtualenv.py
[2024-08-18 19:44:12,476] {logging_mixin.py:115} INFO - [2024-08-18 19:44:12,476] {tutorial_taskflow_api_etl_virtualenv.py:29} WARNING - The tutorial_taskflow_api_etl_virtualenv example DAG requires virtualenv, please install it.
[2024-08-18 19:44:12,476] {processor.py:653} WARNING - No viable dags retrieved from /home/kai/.local/lib/python3.8/site-packages/airflow/example_dags/tutorial_taskflow_api_etl_virtualenv.py
[2024-08-18 19:44:12,486] {processor.py:161} INFO - Processing /home/kai/.local/lib/python3.8/site-packages/airflow/example_dags/tutorial_taskflow_api_etl_virtualenv.py took 0.028 seconds
[2024-08-18 19:44:48,196] {processor.py:153} INFO - Started process (PID=14551) to work on /home/kai/.local/lib/python3.8/site-packages/airflow/example_dags/tutorial_taskflow_api_etl_virtualenv.py
[2024-08-18 19:44:48,198] {processor.py:641} INFO - Processing file /home/kai/.local/lib/python3.8/site-packages/airflow/example_dags/tutorial_taskflow_api_etl_virtualenv.py for tasks to queue
[2024-08-18 19:44:48,199] {logging_mixin.py:115} INFO - [2024-08-18 19:44:48,199] {dagbag.py:507} INFO - Filling up the DagBag from /home/kai/.local/lib/python3.8/site-packages/airflow/example_dags/tutorial_taskflow_api_etl_virtualenv.py
[2024-08-18 19:44:48,217] {logging_mixin.py:115} INFO - [2024-08-18 19:44:48,217] {tutorial_taskflow_api_etl_virtualenv.py:29} WARNING - The tutorial_taskflow_api_etl_virtualenv example DAG requires virtualenv, please install it.
[2024-08-18 19:44:48,217] {processor.py:653} WARNING - No viable dags retrieved from /home/kai/.local/lib/python3.8/site-packages/airflow/example_dags/tutorial_taskflow_api_etl_virtualenv.py
[2024-08-18 19:44:48,228] {processor.py:161} INFO - Processing /home/kai/.local/lib/python3.8/site-packages/airflow/example_dags/tutorial_taskflow_api_etl_virtualenv.py took 0.035 seconds
[2024-08-18 19:45:24,879] {processor.py:153} INFO - Started process (PID=14838) to work on /home/kai/.local/lib/python3.8/site-packages/airflow/example_dags/tutorial_taskflow_api_etl_virtualenv.py
[2024-08-18 19:45:24,880] {processor.py:641} INFO - Processing file /home/kai/.local/lib/python3.8/site-packages/airflow/example_dags/tutorial_taskflow_api_etl_virtualenv.py for tasks to queue
[2024-08-18 19:45:24,880] {logging_mixin.py:115} INFO - [2024-08-18 19:45:24,880] {dagbag.py:507} INFO - Filling up the DagBag from /home/kai/.local/lib/python3.8/site-packages/airflow/example_dags/tutorial_taskflow_api_etl_virtualenv.py
[2024-08-18 19:45:24,896] {logging_mixin.py:115} INFO - [2024-08-18 19:45:24,896] {tutorial_taskflow_api_etl_virtualenv.py:29} WARNING - The tutorial_taskflow_api_etl_virtualenv example DAG requires virtualenv, please install it.
[2024-08-18 19:45:24,897] {processor.py:653} WARNING - No viable dags retrieved from /home/kai/.local/lib/python3.8/site-packages/airflow/example_dags/tutorial_taskflow_api_etl_virtualenv.py
[2024-08-18 19:45:24,905] {processor.py:161} INFO - Processing /home/kai/.local/lib/python3.8/site-packages/airflow/example_dags/tutorial_taskflow_api_etl_virtualenv.py took 0.029 seconds
