[2024-08-18 11:49:54,847] {processor.py:153} INFO - Started process (PID=770911) to work on /home/kai/.local/lib/python3.8/site-packages/airflow/example_dags/tutorial_taskflow_api_etl.py
[2024-08-18 11:49:54,848] {processor.py:641} INFO - Processing file /home/kai/.local/lib/python3.8/site-packages/airflow/example_dags/tutorial_taskflow_api_etl.py for tasks to queue
[2024-08-18 11:49:54,849] {logging_mixin.py:115} INFO - [2024-08-18 11:49:54,849] {dagbag.py:507} INFO - Filling up the DagBag from /home/kai/.local/lib/python3.8/site-packages/airflow/example_dags/tutorial_taskflow_api_etl.py
[2024-08-18 11:49:54,890] {processor.py:651} INFO - DAG(s) dict_keys(['tutorial_taskflow_api_etl']) retrieved from /home/kai/.local/lib/python3.8/site-packages/airflow/example_dags/tutorial_taskflow_api_etl.py
[2024-08-18 11:49:55,034] {logging_mixin.py:115} INFO - [2024-08-18 11:49:55,034] {manager.py:508} INFO - Created Permission View: can delete on DAG:tutorial_taskflow_api_etl
[2024-08-18 11:49:55,046] {logging_mixin.py:115} INFO - [2024-08-18 11:49:55,046] {manager.py:508} INFO - Created Permission View: can read on DAG:tutorial_taskflow_api_etl
[2024-08-18 11:49:55,052] {logging_mixin.py:115} INFO - [2024-08-18 11:49:55,052] {manager.py:508} INFO - Created Permission View: can edit on DAG:tutorial_taskflow_api_etl
[2024-08-18 11:49:55,053] {logging_mixin.py:115} INFO - [2024-08-18 11:49:55,053] {dag.py:2379} INFO - Sync 1 DAGs
[2024-08-18 11:49:55,068] {logging_mixin.py:115} INFO - [2024-08-18 11:49:55,068] {dag.py:2398} INFO - Creating ORM DAG for tutorial_taskflow_api_etl
[2024-08-18 11:49:55,080] {logging_mixin.py:115} INFO - [2024-08-18 11:49:55,080] {dag.py:2927} INFO - Setting next_dagrun for tutorial_taskflow_api_etl to None, run_after=None
[2024-08-18 11:49:55,096] {processor.py:161} INFO - Processing /home/kai/.local/lib/python3.8/site-packages/airflow/example_dags/tutorial_taskflow_api_etl.py took 0.261 seconds
[2024-08-18 11:50:31,352] {processor.py:153} INFO - Started process (PID=771405) to work on /home/kai/.local/lib/python3.8/site-packages/airflow/example_dags/tutorial_taskflow_api_etl.py
[2024-08-18 11:50:31,359] {processor.py:641} INFO - Processing file /home/kai/.local/lib/python3.8/site-packages/airflow/example_dags/tutorial_taskflow_api_etl.py for tasks to queue
[2024-08-18 11:50:31,360] {logging_mixin.py:115} INFO - [2024-08-18 11:50:31,360] {dagbag.py:507} INFO - Filling up the DagBag from /home/kai/.local/lib/python3.8/site-packages/airflow/example_dags/tutorial_taskflow_api_etl.py
[2024-08-18 11:50:31,384] {processor.py:651} INFO - DAG(s) dict_keys(['tutorial_taskflow_api_etl']) retrieved from /home/kai/.local/lib/python3.8/site-packages/airflow/example_dags/tutorial_taskflow_api_etl.py
[2024-08-18 11:50:31,438] {logging_mixin.py:115} INFO - [2024-08-18 11:50:31,438] {dag.py:2379} INFO - Sync 1 DAGs
[2024-08-18 11:50:31,459] {logging_mixin.py:115} INFO - [2024-08-18 11:50:31,459] {dag.py:2927} INFO - Setting next_dagrun for tutorial_taskflow_api_etl to None, run_after=None
[2024-08-18 11:50:31,470] {processor.py:161} INFO - Processing /home/kai/.local/lib/python3.8/site-packages/airflow/example_dags/tutorial_taskflow_api_etl.py took 0.121 seconds
[2024-08-18 11:51:06,118] {processor.py:153} INFO - Started process (PID=771817) to work on /home/kai/.local/lib/python3.8/site-packages/airflow/example_dags/tutorial_taskflow_api_etl.py
[2024-08-18 11:51:06,122] {processor.py:641} INFO - Processing file /home/kai/.local/lib/python3.8/site-packages/airflow/example_dags/tutorial_taskflow_api_etl.py for tasks to queue
[2024-08-18 11:51:06,122] {logging_mixin.py:115} INFO - [2024-08-18 11:51:06,122] {dagbag.py:507} INFO - Filling up the DagBag from /home/kai/.local/lib/python3.8/site-packages/airflow/example_dags/tutorial_taskflow_api_etl.py
[2024-08-18 11:51:06,136] {processor.py:651} INFO - DAG(s) dict_keys(['tutorial_taskflow_api_etl']) retrieved from /home/kai/.local/lib/python3.8/site-packages/airflow/example_dags/tutorial_taskflow_api_etl.py
[2024-08-18 11:51:06,194] {logging_mixin.py:115} INFO - [2024-08-18 11:51:06,194] {dag.py:2379} INFO - Sync 1 DAGs
[2024-08-18 11:51:06,212] {logging_mixin.py:115} INFO - [2024-08-18 11:51:06,212] {dag.py:2927} INFO - Setting next_dagrun for tutorial_taskflow_api_etl to None, run_after=None
[2024-08-18 11:51:06,227] {processor.py:161} INFO - Processing /home/kai/.local/lib/python3.8/site-packages/airflow/example_dags/tutorial_taskflow_api_etl.py took 0.111 seconds
[2024-08-18 11:51:41,136] {processor.py:153} INFO - Started process (PID=772208) to work on /home/kai/.local/lib/python3.8/site-packages/airflow/example_dags/tutorial_taskflow_api_etl.py
[2024-08-18 11:51:41,137] {processor.py:641} INFO - Processing file /home/kai/.local/lib/python3.8/site-packages/airflow/example_dags/tutorial_taskflow_api_etl.py for tasks to queue
[2024-08-18 11:51:41,138] {logging_mixin.py:115} INFO - [2024-08-18 11:51:41,138] {dagbag.py:507} INFO - Filling up the DagBag from /home/kai/.local/lib/python3.8/site-packages/airflow/example_dags/tutorial_taskflow_api_etl.py
[2024-08-18 11:51:41,176] {processor.py:651} INFO - DAG(s) dict_keys(['tutorial_taskflow_api_etl']) retrieved from /home/kai/.local/lib/python3.8/site-packages/airflow/example_dags/tutorial_taskflow_api_etl.py
[2024-08-18 11:51:41,240] {logging_mixin.py:115} INFO - [2024-08-18 11:51:41,240] {dag.py:2379} INFO - Sync 1 DAGs
[2024-08-18 11:51:41,258] {logging_mixin.py:115} INFO - [2024-08-18 11:51:41,258] {dag.py:2927} INFO - Setting next_dagrun for tutorial_taskflow_api_etl to None, run_after=None
[2024-08-18 11:51:41,276] {processor.py:161} INFO - Processing /home/kai/.local/lib/python3.8/site-packages/airflow/example_dags/tutorial_taskflow_api_etl.py took 0.161 seconds
[2024-08-18 11:52:17,444] {processor.py:153} INFO - Started process (PID=772970) to work on /home/kai/.local/lib/python3.8/site-packages/airflow/example_dags/tutorial_taskflow_api_etl.py
[2024-08-18 11:52:17,445] {processor.py:641} INFO - Processing file /home/kai/.local/lib/python3.8/site-packages/airflow/example_dags/tutorial_taskflow_api_etl.py for tasks to queue
[2024-08-18 11:52:17,445] {logging_mixin.py:115} INFO - [2024-08-18 11:52:17,445] {dagbag.py:507} INFO - Filling up the DagBag from /home/kai/.local/lib/python3.8/site-packages/airflow/example_dags/tutorial_taskflow_api_etl.py
[2024-08-18 11:52:17,467] {processor.py:651} INFO - DAG(s) dict_keys(['tutorial_taskflow_api_etl']) retrieved from /home/kai/.local/lib/python3.8/site-packages/airflow/example_dags/tutorial_taskflow_api_etl.py
[2024-08-18 11:52:17,559] {logging_mixin.py:115} INFO - [2024-08-18 11:52:17,559] {dag.py:2379} INFO - Sync 1 DAGs
[2024-08-18 11:52:17,582] {logging_mixin.py:115} INFO - [2024-08-18 11:52:17,582] {dag.py:2927} INFO - Setting next_dagrun for tutorial_taskflow_api_etl to None, run_after=None
[2024-08-18 11:52:17,603] {processor.py:161} INFO - Processing /home/kai/.local/lib/python3.8/site-packages/airflow/example_dags/tutorial_taskflow_api_etl.py took 0.162 seconds
[2024-08-18 11:52:48,943] {processor.py:153} INFO - Started process (PID=773331) to work on /home/kai/.local/lib/python3.8/site-packages/airflow/example_dags/tutorial_taskflow_api_etl.py
[2024-08-18 11:52:48,944] {processor.py:641} INFO - Processing file /home/kai/.local/lib/python3.8/site-packages/airflow/example_dags/tutorial_taskflow_api_etl.py for tasks to queue
[2024-08-18 11:52:48,944] {logging_mixin.py:115} INFO - [2024-08-18 11:52:48,944] {dagbag.py:507} INFO - Filling up the DagBag from /home/kai/.local/lib/python3.8/site-packages/airflow/example_dags/tutorial_taskflow_api_etl.py
[2024-08-18 11:52:48,992] {processor.py:651} INFO - DAG(s) dict_keys(['tutorial_taskflow_api_etl']) retrieved from /home/kai/.local/lib/python3.8/site-packages/airflow/example_dags/tutorial_taskflow_api_etl.py
[2024-08-18 11:52:49,019] {logging_mixin.py:115} INFO - [2024-08-18 11:52:49,019] {dag.py:2379} INFO - Sync 1 DAGs
[2024-08-18 11:52:49,047] {logging_mixin.py:115} INFO - [2024-08-18 11:52:49,047] {dag.py:2927} INFO - Setting next_dagrun for tutorial_taskflow_api_etl to None, run_after=None
[2024-08-18 11:52:49,059] {processor.py:161} INFO - Processing /home/kai/.local/lib/python3.8/site-packages/airflow/example_dags/tutorial_taskflow_api_etl.py took 0.119 seconds
[2024-08-18 11:53:23,031] {processor.py:153} INFO - Started process (PID=773731) to work on /home/kai/.local/lib/python3.8/site-packages/airflow/example_dags/tutorial_taskflow_api_etl.py
[2024-08-18 11:53:23,038] {processor.py:641} INFO - Processing file /home/kai/.local/lib/python3.8/site-packages/airflow/example_dags/tutorial_taskflow_api_etl.py for tasks to queue
[2024-08-18 11:53:23,039] {logging_mixin.py:115} INFO - [2024-08-18 11:53:23,038] {dagbag.py:507} INFO - Filling up the DagBag from /home/kai/.local/lib/python3.8/site-packages/airflow/example_dags/tutorial_taskflow_api_etl.py
[2024-08-18 11:53:23,061] {processor.py:651} INFO - DAG(s) dict_keys(['tutorial_taskflow_api_etl']) retrieved from /home/kai/.local/lib/python3.8/site-packages/airflow/example_dags/tutorial_taskflow_api_etl.py
[2024-08-18 11:53:23,119] {logging_mixin.py:115} INFO - [2024-08-18 11:53:23,118] {dag.py:2379} INFO - Sync 1 DAGs
[2024-08-18 11:53:23,141] {logging_mixin.py:115} INFO - [2024-08-18 11:53:23,141] {dag.py:2927} INFO - Setting next_dagrun for tutorial_taskflow_api_etl to None, run_after=None
[2024-08-18 11:53:23,154] {processor.py:161} INFO - Processing /home/kai/.local/lib/python3.8/site-packages/airflow/example_dags/tutorial_taskflow_api_etl.py took 0.125 seconds
[2024-08-18 11:53:55,620] {processor.py:153} INFO - Started process (PID=774122) to work on /home/kai/.local/lib/python3.8/site-packages/airflow/example_dags/tutorial_taskflow_api_etl.py
[2024-08-18 11:53:55,622] {processor.py:641} INFO - Processing file /home/kai/.local/lib/python3.8/site-packages/airflow/example_dags/tutorial_taskflow_api_etl.py for tasks to queue
[2024-08-18 11:53:55,622] {logging_mixin.py:115} INFO - [2024-08-18 11:53:55,622] {dagbag.py:507} INFO - Filling up the DagBag from /home/kai/.local/lib/python3.8/site-packages/airflow/example_dags/tutorial_taskflow_api_etl.py
[2024-08-18 11:53:55,653] {processor.py:651} INFO - DAG(s) dict_keys(['tutorial_taskflow_api_etl']) retrieved from /home/kai/.local/lib/python3.8/site-packages/airflow/example_dags/tutorial_taskflow_api_etl.py
[2024-08-18 11:53:55,721] {logging_mixin.py:115} INFO - [2024-08-18 11:53:55,721] {dag.py:2379} INFO - Sync 1 DAGs
[2024-08-18 11:53:55,737] {logging_mixin.py:115} INFO - [2024-08-18 11:53:55,737] {dag.py:2927} INFO - Setting next_dagrun for tutorial_taskflow_api_etl to None, run_after=None
[2024-08-18 11:53:55,750] {processor.py:161} INFO - Processing /home/kai/.local/lib/python3.8/site-packages/airflow/example_dags/tutorial_taskflow_api_etl.py took 0.134 seconds
[2024-08-18 11:54:30,265] {processor.py:153} INFO - Started process (PID=774515) to work on /home/kai/.local/lib/python3.8/site-packages/airflow/example_dags/tutorial_taskflow_api_etl.py
[2024-08-18 11:54:30,268] {processor.py:641} INFO - Processing file /home/kai/.local/lib/python3.8/site-packages/airflow/example_dags/tutorial_taskflow_api_etl.py for tasks to queue
[2024-08-18 11:54:30,269] {logging_mixin.py:115} INFO - [2024-08-18 11:54:30,269] {dagbag.py:507} INFO - Filling up the DagBag from /home/kai/.local/lib/python3.8/site-packages/airflow/example_dags/tutorial_taskflow_api_etl.py
[2024-08-18 11:54:30,296] {processor.py:651} INFO - DAG(s) dict_keys(['tutorial_taskflow_api_etl']) retrieved from /home/kai/.local/lib/python3.8/site-packages/airflow/example_dags/tutorial_taskflow_api_etl.py
[2024-08-18 11:54:30,367] {logging_mixin.py:115} INFO - [2024-08-18 11:54:30,367] {dag.py:2379} INFO - Sync 1 DAGs
[2024-08-18 11:54:30,398] {logging_mixin.py:115} INFO - [2024-08-18 11:54:30,398] {dag.py:2927} INFO - Setting next_dagrun for tutorial_taskflow_api_etl to None, run_after=None
[2024-08-18 11:54:30,416] {processor.py:161} INFO - Processing /home/kai/.local/lib/python3.8/site-packages/airflow/example_dags/tutorial_taskflow_api_etl.py took 0.156 seconds
[2024-08-18 11:55:01,412] {processor.py:153} INFO - Started process (PID=774925) to work on /home/kai/.local/lib/python3.8/site-packages/airflow/example_dags/tutorial_taskflow_api_etl.py
[2024-08-18 11:55:01,417] {processor.py:641} INFO - Processing file /home/kai/.local/lib/python3.8/site-packages/airflow/example_dags/tutorial_taskflow_api_etl.py for tasks to queue
[2024-08-18 11:55:01,418] {logging_mixin.py:115} INFO - [2024-08-18 11:55:01,418] {dagbag.py:507} INFO - Filling up the DagBag from /home/kai/.local/lib/python3.8/site-packages/airflow/example_dags/tutorial_taskflow_api_etl.py
[2024-08-18 11:55:01,437] {processor.py:651} INFO - DAG(s) dict_keys(['tutorial_taskflow_api_etl']) retrieved from /home/kai/.local/lib/python3.8/site-packages/airflow/example_dags/tutorial_taskflow_api_etl.py
[2024-08-18 11:55:01,492] {logging_mixin.py:115} INFO - [2024-08-18 11:55:01,492] {dag.py:2379} INFO - Sync 1 DAGs
[2024-08-18 11:55:01,513] {logging_mixin.py:115} INFO - [2024-08-18 11:55:01,512] {dag.py:2927} INFO - Setting next_dagrun for tutorial_taskflow_api_etl to None, run_after=None
[2024-08-18 11:55:01,527] {processor.py:161} INFO - Processing /home/kai/.local/lib/python3.8/site-packages/airflow/example_dags/tutorial_taskflow_api_etl.py took 0.117 seconds
[2024-08-18 11:55:34,780] {processor.py:153} INFO - Started process (PID=775295) to work on /home/kai/.local/lib/python3.8/site-packages/airflow/example_dags/tutorial_taskflow_api_etl.py
[2024-08-18 11:55:34,781] {processor.py:641} INFO - Processing file /home/kai/.local/lib/python3.8/site-packages/airflow/example_dags/tutorial_taskflow_api_etl.py for tasks to queue
[2024-08-18 11:55:34,781] {logging_mixin.py:115} INFO - [2024-08-18 11:55:34,781] {dagbag.py:507} INFO - Filling up the DagBag from /home/kai/.local/lib/python3.8/site-packages/airflow/example_dags/tutorial_taskflow_api_etl.py
[2024-08-18 11:55:34,811] {processor.py:651} INFO - DAG(s) dict_keys(['tutorial_taskflow_api_etl']) retrieved from /home/kai/.local/lib/python3.8/site-packages/airflow/example_dags/tutorial_taskflow_api_etl.py
[2024-08-18 11:55:34,832] {logging_mixin.py:115} INFO - [2024-08-18 11:55:34,832] {dag.py:2379} INFO - Sync 1 DAGs
[2024-08-18 11:55:34,851] {logging_mixin.py:115} INFO - [2024-08-18 11:55:34,851] {dag.py:2927} INFO - Setting next_dagrun for tutorial_taskflow_api_etl to None, run_after=None
[2024-08-18 11:55:34,861] {processor.py:161} INFO - Processing /home/kai/.local/lib/python3.8/site-packages/airflow/example_dags/tutorial_taskflow_api_etl.py took 0.086 seconds
[2024-08-18 11:56:10,271] {processor.py:153} INFO - Started process (PID=775716) to work on /home/kai/.local/lib/python3.8/site-packages/airflow/example_dags/tutorial_taskflow_api_etl.py
[2024-08-18 11:56:10,273] {processor.py:641} INFO - Processing file /home/kai/.local/lib/python3.8/site-packages/airflow/example_dags/tutorial_taskflow_api_etl.py for tasks to queue
[2024-08-18 11:56:10,274] {logging_mixin.py:115} INFO - [2024-08-18 11:56:10,274] {dagbag.py:507} INFO - Filling up the DagBag from /home/kai/.local/lib/python3.8/site-packages/airflow/example_dags/tutorial_taskflow_api_etl.py
[2024-08-18 11:56:10,296] {processor.py:651} INFO - DAG(s) dict_keys(['tutorial_taskflow_api_etl']) retrieved from /home/kai/.local/lib/python3.8/site-packages/airflow/example_dags/tutorial_taskflow_api_etl.py
[2024-08-18 11:56:10,335] {logging_mixin.py:115} INFO - [2024-08-18 11:56:10,335] {dag.py:2379} INFO - Sync 1 DAGs
[2024-08-18 11:56:10,367] {logging_mixin.py:115} INFO - [2024-08-18 11:56:10,366] {dag.py:2927} INFO - Setting next_dagrun for tutorial_taskflow_api_etl to None, run_after=None
[2024-08-18 11:56:10,384] {processor.py:161} INFO - Processing /home/kai/.local/lib/python3.8/site-packages/airflow/example_dags/tutorial_taskflow_api_etl.py took 0.119 seconds
[2024-08-18 11:56:45,503] {processor.py:153} INFO - Started process (PID=776107) to work on /home/kai/.local/lib/python3.8/site-packages/airflow/example_dags/tutorial_taskflow_api_etl.py
[2024-08-18 11:56:45,504] {processor.py:641} INFO - Processing file /home/kai/.local/lib/python3.8/site-packages/airflow/example_dags/tutorial_taskflow_api_etl.py for tasks to queue
[2024-08-18 11:56:45,505] {logging_mixin.py:115} INFO - [2024-08-18 11:56:45,505] {dagbag.py:507} INFO - Filling up the DagBag from /home/kai/.local/lib/python3.8/site-packages/airflow/example_dags/tutorial_taskflow_api_etl.py
[2024-08-18 11:56:45,536] {processor.py:651} INFO - DAG(s) dict_keys(['tutorial_taskflow_api_etl']) retrieved from /home/kai/.local/lib/python3.8/site-packages/airflow/example_dags/tutorial_taskflow_api_etl.py
[2024-08-18 11:56:45,554] {logging_mixin.py:115} INFO - [2024-08-18 11:56:45,554] {dag.py:2379} INFO - Sync 1 DAGs
[2024-08-18 11:56:45,574] {logging_mixin.py:115} INFO - [2024-08-18 11:56:45,574] {dag.py:2927} INFO - Setting next_dagrun for tutorial_taskflow_api_etl to None, run_after=None
[2024-08-18 11:56:45,591] {processor.py:161} INFO - Processing /home/kai/.local/lib/python3.8/site-packages/airflow/example_dags/tutorial_taskflow_api_etl.py took 0.098 seconds
[2024-08-18 11:57:21,139] {processor.py:153} INFO - Started process (PID=776518) to work on /home/kai/.local/lib/python3.8/site-packages/airflow/example_dags/tutorial_taskflow_api_etl.py
[2024-08-18 11:57:21,146] {processor.py:641} INFO - Processing file /home/kai/.local/lib/python3.8/site-packages/airflow/example_dags/tutorial_taskflow_api_etl.py for tasks to queue
[2024-08-18 11:57:21,147] {logging_mixin.py:115} INFO - [2024-08-18 11:57:21,147] {dagbag.py:507} INFO - Filling up the DagBag from /home/kai/.local/lib/python3.8/site-packages/airflow/example_dags/tutorial_taskflow_api_etl.py
[2024-08-18 11:57:21,175] {processor.py:651} INFO - DAG(s) dict_keys(['tutorial_taskflow_api_etl']) retrieved from /home/kai/.local/lib/python3.8/site-packages/airflow/example_dags/tutorial_taskflow_api_etl.py
[2024-08-18 11:57:21,212] {logging_mixin.py:115} INFO - [2024-08-18 11:57:21,212] {dag.py:2379} INFO - Sync 1 DAGs
[2024-08-18 11:57:21,234] {logging_mixin.py:115} INFO - [2024-08-18 11:57:21,233] {dag.py:2927} INFO - Setting next_dagrun for tutorial_taskflow_api_etl to None, run_after=None
[2024-08-18 11:57:21,255] {processor.py:161} INFO - Processing /home/kai/.local/lib/python3.8/site-packages/airflow/example_dags/tutorial_taskflow_api_etl.py took 0.124 seconds
[2024-08-18 11:57:54,671] {processor.py:153} INFO - Started process (PID=776889) to work on /home/kai/.local/lib/python3.8/site-packages/airflow/example_dags/tutorial_taskflow_api_etl.py
[2024-08-18 11:57:54,682] {processor.py:641} INFO - Processing file /home/kai/.local/lib/python3.8/site-packages/airflow/example_dags/tutorial_taskflow_api_etl.py for tasks to queue
[2024-08-18 11:57:54,683] {logging_mixin.py:115} INFO - [2024-08-18 11:57:54,682] {dagbag.py:507} INFO - Filling up the DagBag from /home/kai/.local/lib/python3.8/site-packages/airflow/example_dags/tutorial_taskflow_api_etl.py
[2024-08-18 11:57:54,706] {processor.py:651} INFO - DAG(s) dict_keys(['tutorial_taskflow_api_etl']) retrieved from /home/kai/.local/lib/python3.8/site-packages/airflow/example_dags/tutorial_taskflow_api_etl.py
[2024-08-18 11:57:54,777] {logging_mixin.py:115} INFO - [2024-08-18 11:57:54,777] {dag.py:2379} INFO - Sync 1 DAGs
[2024-08-18 11:57:54,796] {logging_mixin.py:115} INFO - [2024-08-18 11:57:54,796] {dag.py:2927} INFO - Setting next_dagrun for tutorial_taskflow_api_etl to None, run_after=None
[2024-08-18 11:57:54,811] {processor.py:161} INFO - Processing /home/kai/.local/lib/python3.8/site-packages/airflow/example_dags/tutorial_taskflow_api_etl.py took 0.142 seconds
[2024-08-18 11:58:33,563] {processor.py:153} INFO - Started process (PID=777319) to work on /home/kai/.local/lib/python3.8/site-packages/airflow/example_dags/tutorial_taskflow_api_etl.py
[2024-08-18 11:58:33,567] {processor.py:641} INFO - Processing file /home/kai/.local/lib/python3.8/site-packages/airflow/example_dags/tutorial_taskflow_api_etl.py for tasks to queue
[2024-08-18 11:58:33,571] {logging_mixin.py:115} INFO - [2024-08-18 11:58:33,568] {dagbag.py:507} INFO - Filling up the DagBag from /home/kai/.local/lib/python3.8/site-packages/airflow/example_dags/tutorial_taskflow_api_etl.py
[2024-08-18 11:58:33,614] {processor.py:651} INFO - DAG(s) dict_keys(['tutorial_taskflow_api_etl']) retrieved from /home/kai/.local/lib/python3.8/site-packages/airflow/example_dags/tutorial_taskflow_api_etl.py
[2024-08-18 11:58:33,713] {logging_mixin.py:115} INFO - [2024-08-18 11:58:33,712] {dag.py:2379} INFO - Sync 1 DAGs
[2024-08-18 11:58:33,748] {logging_mixin.py:115} INFO - [2024-08-18 11:58:33,748] {dag.py:2927} INFO - Setting next_dagrun for tutorial_taskflow_api_etl to None, run_after=None
[2024-08-18 11:58:33,774] {processor.py:161} INFO - Processing /home/kai/.local/lib/python3.8/site-packages/airflow/example_dags/tutorial_taskflow_api_etl.py took 0.215 seconds
[2024-08-18 11:59:10,040] {processor.py:153} INFO - Started process (PID=777748) to work on /home/kai/.local/lib/python3.8/site-packages/airflow/example_dags/tutorial_taskflow_api_etl.py
[2024-08-18 11:59:10,041] {processor.py:641} INFO - Processing file /home/kai/.local/lib/python3.8/site-packages/airflow/example_dags/tutorial_taskflow_api_etl.py for tasks to queue
[2024-08-18 11:59:10,042] {logging_mixin.py:115} INFO - [2024-08-18 11:59:10,042] {dagbag.py:507} INFO - Filling up the DagBag from /home/kai/.local/lib/python3.8/site-packages/airflow/example_dags/tutorial_taskflow_api_etl.py
[2024-08-18 11:59:10,062] {processor.py:651} INFO - DAG(s) dict_keys(['tutorial_taskflow_api_etl']) retrieved from /home/kai/.local/lib/python3.8/site-packages/airflow/example_dags/tutorial_taskflow_api_etl.py
[2024-08-18 11:59:10,127] {logging_mixin.py:115} INFO - [2024-08-18 11:59:10,127] {dag.py:2379} INFO - Sync 1 DAGs
[2024-08-18 11:59:10,151] {logging_mixin.py:115} INFO - [2024-08-18 11:59:10,151] {dag.py:2927} INFO - Setting next_dagrun for tutorial_taskflow_api_etl to None, run_after=None
[2024-08-18 11:59:10,168] {processor.py:161} INFO - Processing /home/kai/.local/lib/python3.8/site-packages/airflow/example_dags/tutorial_taskflow_api_etl.py took 0.140 seconds
[2024-08-18 11:59:46,182] {processor.py:153} INFO - Started process (PID=778144) to work on /home/kai/.local/lib/python3.8/site-packages/airflow/example_dags/tutorial_taskflow_api_etl.py
[2024-08-18 11:59:46,195] {processor.py:641} INFO - Processing file /home/kai/.local/lib/python3.8/site-packages/airflow/example_dags/tutorial_taskflow_api_etl.py for tasks to queue
[2024-08-18 11:59:46,196] {logging_mixin.py:115} INFO - [2024-08-18 11:59:46,196] {dagbag.py:507} INFO - Filling up the DagBag from /home/kai/.local/lib/python3.8/site-packages/airflow/example_dags/tutorial_taskflow_api_etl.py
[2024-08-18 11:59:46,213] {processor.py:651} INFO - DAG(s) dict_keys(['tutorial_taskflow_api_etl']) retrieved from /home/kai/.local/lib/python3.8/site-packages/airflow/example_dags/tutorial_taskflow_api_etl.py
[2024-08-18 11:59:46,252] {logging_mixin.py:115} INFO - [2024-08-18 11:59:46,251] {dag.py:2379} INFO - Sync 1 DAGs
[2024-08-18 11:59:46,272] {logging_mixin.py:115} INFO - [2024-08-18 11:59:46,271] {dag.py:2927} INFO - Setting next_dagrun for tutorial_taskflow_api_etl to None, run_after=None
[2024-08-18 11:59:46,284] {processor.py:161} INFO - Processing /home/kai/.local/lib/python3.8/site-packages/airflow/example_dags/tutorial_taskflow_api_etl.py took 0.106 seconds
[2024-08-18 12:02:32,342] {processor.py:153} INFO - Started process (PID=3537) to work on /home/kai/.local/lib/python3.8/site-packages/airflow/example_dags/tutorial_taskflow_api_etl.py
[2024-08-18 12:02:32,343] {processor.py:641} INFO - Processing file /home/kai/.local/lib/python3.8/site-packages/airflow/example_dags/tutorial_taskflow_api_etl.py for tasks to queue
[2024-08-18 12:02:32,343] {logging_mixin.py:115} INFO - [2024-08-18 12:02:32,343] {dagbag.py:507} INFO - Filling up the DagBag from /home/kai/.local/lib/python3.8/site-packages/airflow/example_dags/tutorial_taskflow_api_etl.py
[2024-08-18 12:02:32,357] {processor.py:651} INFO - DAG(s) dict_keys(['tutorial_taskflow_api_etl']) retrieved from /home/kai/.local/lib/python3.8/site-packages/airflow/example_dags/tutorial_taskflow_api_etl.py
[2024-08-18 12:02:32,393] {logging_mixin.py:115} INFO - [2024-08-18 12:02:32,393] {dag.py:2379} INFO - Sync 1 DAGs
[2024-08-18 12:02:32,406] {logging_mixin.py:115} INFO - [2024-08-18 12:02:32,406] {dag.py:2927} INFO - Setting next_dagrun for tutorial_taskflow_api_etl to None, run_after=None
[2024-08-18 12:02:32,416] {processor.py:161} INFO - Processing /home/kai/.local/lib/python3.8/site-packages/airflow/example_dags/tutorial_taskflow_api_etl.py took 0.077 seconds
[2024-08-18 12:02:58,824] {processor.py:153} INFO - Started process (PID=3854) to work on /home/kai/.local/lib/python3.8/site-packages/airflow/example_dags/tutorial_taskflow_api_etl.py
[2024-08-18 12:02:58,825] {processor.py:641} INFO - Processing file /home/kai/.local/lib/python3.8/site-packages/airflow/example_dags/tutorial_taskflow_api_etl.py for tasks to queue
[2024-08-18 12:02:58,825] {logging_mixin.py:115} INFO - [2024-08-18 12:02:58,825] {dagbag.py:507} INFO - Filling up the DagBag from /home/kai/.local/lib/python3.8/site-packages/airflow/example_dags/tutorial_taskflow_api_etl.py
[2024-08-18 12:02:58,841] {processor.py:651} INFO - DAG(s) dict_keys(['tutorial_taskflow_api_etl']) retrieved from /home/kai/.local/lib/python3.8/site-packages/airflow/example_dags/tutorial_taskflow_api_etl.py
[2024-08-18 12:02:58,849] {logging_mixin.py:115} INFO - [2024-08-18 12:02:58,848] {dag.py:2379} INFO - Sync 1 DAGs
[2024-08-18 12:02:58,864] {logging_mixin.py:115} INFO - [2024-08-18 12:02:58,864] {dag.py:2927} INFO - Setting next_dagrun for tutorial_taskflow_api_etl to None, run_after=None
[2024-08-18 12:02:58,875] {processor.py:161} INFO - Processing /home/kai/.local/lib/python3.8/site-packages/airflow/example_dags/tutorial_taskflow_api_etl.py took 0.055 seconds
[2024-08-18 12:03:34,502] {processor.py:153} INFO - Started process (PID=4644) to work on /home/kai/.local/lib/python3.8/site-packages/airflow/example_dags/tutorial_taskflow_api_etl.py
[2024-08-18 12:03:34,503] {processor.py:641} INFO - Processing file /home/kai/.local/lib/python3.8/site-packages/airflow/example_dags/tutorial_taskflow_api_etl.py for tasks to queue
[2024-08-18 12:03:34,503] {logging_mixin.py:115} INFO - [2024-08-18 12:03:34,503] {dagbag.py:507} INFO - Filling up the DagBag from /home/kai/.local/lib/python3.8/site-packages/airflow/example_dags/tutorial_taskflow_api_etl.py
[2024-08-18 12:03:34,519] {processor.py:651} INFO - DAG(s) dict_keys(['tutorial_taskflow_api_etl']) retrieved from /home/kai/.local/lib/python3.8/site-packages/airflow/example_dags/tutorial_taskflow_api_etl.py
[2024-08-18 12:03:34,551] {logging_mixin.py:115} INFO - [2024-08-18 12:03:34,551] {dag.py:2379} INFO - Sync 1 DAGs
[2024-08-18 12:03:34,565] {logging_mixin.py:115} INFO - [2024-08-18 12:03:34,565] {dag.py:2927} INFO - Setting next_dagrun for tutorial_taskflow_api_etl to None, run_after=None
[2024-08-18 12:03:34,574] {processor.py:161} INFO - Processing /home/kai/.local/lib/python3.8/site-packages/airflow/example_dags/tutorial_taskflow_api_etl.py took 0.075 seconds
[2024-08-18 12:04:08,975] {processor.py:153} INFO - Started process (PID=4926) to work on /home/kai/.local/lib/python3.8/site-packages/airflow/example_dags/tutorial_taskflow_api_etl.py
[2024-08-18 12:04:08,976] {processor.py:641} INFO - Processing file /home/kai/.local/lib/python3.8/site-packages/airflow/example_dags/tutorial_taskflow_api_etl.py for tasks to queue
[2024-08-18 12:04:08,977] {logging_mixin.py:115} INFO - [2024-08-18 12:04:08,977] {dagbag.py:507} INFO - Filling up the DagBag from /home/kai/.local/lib/python3.8/site-packages/airflow/example_dags/tutorial_taskflow_api_etl.py
[2024-08-18 12:04:08,994] {processor.py:651} INFO - DAG(s) dict_keys(['tutorial_taskflow_api_etl']) retrieved from /home/kai/.local/lib/python3.8/site-packages/airflow/example_dags/tutorial_taskflow_api_etl.py
[2024-08-18 12:04:09,035] {logging_mixin.py:115} INFO - [2024-08-18 12:04:09,035] {dag.py:2379} INFO - Sync 1 DAGs
[2024-08-18 12:04:09,051] {logging_mixin.py:115} INFO - [2024-08-18 12:04:09,050] {dag.py:2927} INFO - Setting next_dagrun for tutorial_taskflow_api_etl to None, run_after=None
[2024-08-18 12:04:09,066] {processor.py:161} INFO - Processing /home/kai/.local/lib/python3.8/site-packages/airflow/example_dags/tutorial_taskflow_api_etl.py took 0.093 seconds
[2024-08-18 12:04:42,083] {processor.py:153} INFO - Started process (PID=5092) to work on /home/kai/.local/lib/python3.8/site-packages/airflow/example_dags/tutorial_taskflow_api_etl.py
[2024-08-18 12:04:42,084] {processor.py:641} INFO - Processing file /home/kai/.local/lib/python3.8/site-packages/airflow/example_dags/tutorial_taskflow_api_etl.py for tasks to queue
[2024-08-18 12:04:42,084] {logging_mixin.py:115} INFO - [2024-08-18 12:04:42,084] {dagbag.py:507} INFO - Filling up the DagBag from /home/kai/.local/lib/python3.8/site-packages/airflow/example_dags/tutorial_taskflow_api_etl.py
[2024-08-18 12:04:42,101] {processor.py:651} INFO - DAG(s) dict_keys(['tutorial_taskflow_api_etl']) retrieved from /home/kai/.local/lib/python3.8/site-packages/airflow/example_dags/tutorial_taskflow_api_etl.py
[2024-08-18 12:04:42,121] {logging_mixin.py:115} INFO - [2024-08-18 12:04:42,120] {dag.py:2379} INFO - Sync 1 DAGs
[2024-08-18 12:04:42,139] {logging_mixin.py:115} INFO - [2024-08-18 12:04:42,139] {dag.py:2927} INFO - Setting next_dagrun for tutorial_taskflow_api_etl to None, run_after=None
[2024-08-18 12:04:42,151] {processor.py:161} INFO - Processing /home/kai/.local/lib/python3.8/site-packages/airflow/example_dags/tutorial_taskflow_api_etl.py took 0.074 seconds
[2024-08-18 12:05:14,750] {processor.py:153} INFO - Started process (PID=5263) to work on /home/kai/.local/lib/python3.8/site-packages/airflow/example_dags/tutorial_taskflow_api_etl.py
[2024-08-18 12:05:14,751] {processor.py:641} INFO - Processing file /home/kai/.local/lib/python3.8/site-packages/airflow/example_dags/tutorial_taskflow_api_etl.py for tasks to queue
[2024-08-18 12:05:14,753] {logging_mixin.py:115} INFO - [2024-08-18 12:05:14,752] {dagbag.py:507} INFO - Filling up the DagBag from /home/kai/.local/lib/python3.8/site-packages/airflow/example_dags/tutorial_taskflow_api_etl.py
[2024-08-18 12:05:14,771] {processor.py:651} INFO - DAG(s) dict_keys(['tutorial_taskflow_api_etl']) retrieved from /home/kai/.local/lib/python3.8/site-packages/airflow/example_dags/tutorial_taskflow_api_etl.py
[2024-08-18 12:05:14,810] {logging_mixin.py:115} INFO - [2024-08-18 12:05:14,810] {dag.py:2379} INFO - Sync 1 DAGs
[2024-08-18 12:05:14,826] {logging_mixin.py:115} INFO - [2024-08-18 12:05:14,826] {dag.py:2927} INFO - Setting next_dagrun for tutorial_taskflow_api_etl to None, run_after=None
[2024-08-18 12:05:14,838] {processor.py:161} INFO - Processing /home/kai/.local/lib/python3.8/site-packages/airflow/example_dags/tutorial_taskflow_api_etl.py took 0.091 seconds
[2024-08-18 12:05:46,533] {processor.py:153} INFO - Started process (PID=5431) to work on /home/kai/.local/lib/python3.8/site-packages/airflow/example_dags/tutorial_taskflow_api_etl.py
[2024-08-18 12:05:46,534] {processor.py:641} INFO - Processing file /home/kai/.local/lib/python3.8/site-packages/airflow/example_dags/tutorial_taskflow_api_etl.py for tasks to queue
[2024-08-18 12:05:46,534] {logging_mixin.py:115} INFO - [2024-08-18 12:05:46,534] {dagbag.py:507} INFO - Filling up the DagBag from /home/kai/.local/lib/python3.8/site-packages/airflow/example_dags/tutorial_taskflow_api_etl.py
[2024-08-18 12:05:46,552] {processor.py:651} INFO - DAG(s) dict_keys(['tutorial_taskflow_api_etl']) retrieved from /home/kai/.local/lib/python3.8/site-packages/airflow/example_dags/tutorial_taskflow_api_etl.py
[2024-08-18 12:05:46,596] {logging_mixin.py:115} INFO - [2024-08-18 12:05:46,595] {dag.py:2379} INFO - Sync 1 DAGs
[2024-08-18 12:05:46,613] {logging_mixin.py:115} INFO - [2024-08-18 12:05:46,613] {dag.py:2927} INFO - Setting next_dagrun for tutorial_taskflow_api_etl to None, run_after=None
[2024-08-18 12:05:46,625] {processor.py:161} INFO - Processing /home/kai/.local/lib/python3.8/site-packages/airflow/example_dags/tutorial_taskflow_api_etl.py took 0.095 seconds
[2024-08-18 12:06:19,111] {processor.py:153} INFO - Started process (PID=5606) to work on /home/kai/.local/lib/python3.8/site-packages/airflow/example_dags/tutorial_taskflow_api_etl.py
[2024-08-18 12:06:19,112] {processor.py:641} INFO - Processing file /home/kai/.local/lib/python3.8/site-packages/airflow/example_dags/tutorial_taskflow_api_etl.py for tasks to queue
[2024-08-18 12:06:19,112] {logging_mixin.py:115} INFO - [2024-08-18 12:06:19,112] {dagbag.py:507} INFO - Filling up the DagBag from /home/kai/.local/lib/python3.8/site-packages/airflow/example_dags/tutorial_taskflow_api_etl.py
[2024-08-18 12:06:19,128] {processor.py:651} INFO - DAG(s) dict_keys(['tutorial_taskflow_api_etl']) retrieved from /home/kai/.local/lib/python3.8/site-packages/airflow/example_dags/tutorial_taskflow_api_etl.py
[2024-08-18 12:06:19,165] {logging_mixin.py:115} INFO - [2024-08-18 12:06:19,165] {dag.py:2379} INFO - Sync 1 DAGs
[2024-08-18 12:06:19,179] {logging_mixin.py:115} INFO - [2024-08-18 12:06:19,179] {dag.py:2927} INFO - Setting next_dagrun for tutorial_taskflow_api_etl to None, run_after=None
[2024-08-18 12:06:19,191] {processor.py:161} INFO - Processing /home/kai/.local/lib/python3.8/site-packages/airflow/example_dags/tutorial_taskflow_api_etl.py took 0.083 seconds
[2024-08-18 12:06:53,374] {processor.py:153} INFO - Started process (PID=5779) to work on /home/kai/.local/lib/python3.8/site-packages/airflow/example_dags/tutorial_taskflow_api_etl.py
[2024-08-18 12:06:53,375] {processor.py:641} INFO - Processing file /home/kai/.local/lib/python3.8/site-packages/airflow/example_dags/tutorial_taskflow_api_etl.py for tasks to queue
[2024-08-18 12:06:53,376] {logging_mixin.py:115} INFO - [2024-08-18 12:06:53,376] {dagbag.py:507} INFO - Filling up the DagBag from /home/kai/.local/lib/python3.8/site-packages/airflow/example_dags/tutorial_taskflow_api_etl.py
[2024-08-18 12:06:53,391] {processor.py:651} INFO - DAG(s) dict_keys(['tutorial_taskflow_api_etl']) retrieved from /home/kai/.local/lib/python3.8/site-packages/airflow/example_dags/tutorial_taskflow_api_etl.py
[2024-08-18 12:06:53,430] {logging_mixin.py:115} INFO - [2024-08-18 12:06:53,430] {dag.py:2379} INFO - Sync 1 DAGs
[2024-08-18 12:06:53,449] {logging_mixin.py:115} INFO - [2024-08-18 12:06:53,449] {dag.py:2927} INFO - Setting next_dagrun for tutorial_taskflow_api_etl to None, run_after=None
[2024-08-18 12:06:53,463] {processor.py:161} INFO - Processing /home/kai/.local/lib/python3.8/site-packages/airflow/example_dags/tutorial_taskflow_api_etl.py took 0.091 seconds
[2024-08-18 12:07:25,377] {processor.py:153} INFO - Started process (PID=5944) to work on /home/kai/.local/lib/python3.8/site-packages/airflow/example_dags/tutorial_taskflow_api_etl.py
[2024-08-18 12:07:25,378] {processor.py:641} INFO - Processing file /home/kai/.local/lib/python3.8/site-packages/airflow/example_dags/tutorial_taskflow_api_etl.py for tasks to queue
[2024-08-18 12:07:25,378] {logging_mixin.py:115} INFO - [2024-08-18 12:07:25,378] {dagbag.py:507} INFO - Filling up the DagBag from /home/kai/.local/lib/python3.8/site-packages/airflow/example_dags/tutorial_taskflow_api_etl.py
[2024-08-18 12:07:25,393] {processor.py:651} INFO - DAG(s) dict_keys(['tutorial_taskflow_api_etl']) retrieved from /home/kai/.local/lib/python3.8/site-packages/airflow/example_dags/tutorial_taskflow_api_etl.py
[2024-08-18 12:07:25,408] {logging_mixin.py:115} INFO - [2024-08-18 12:07:25,408] {dag.py:2379} INFO - Sync 1 DAGs
[2024-08-18 12:07:25,423] {logging_mixin.py:115} INFO - [2024-08-18 12:07:25,423] {dag.py:2927} INFO - Setting next_dagrun for tutorial_taskflow_api_etl to None, run_after=None
[2024-08-18 12:07:25,432] {processor.py:161} INFO - Processing /home/kai/.local/lib/python3.8/site-packages/airflow/example_dags/tutorial_taskflow_api_etl.py took 0.058 seconds
[2024-08-18 12:07:56,741] {processor.py:153} INFO - Started process (PID=6155) to work on /home/kai/.local/lib/python3.8/site-packages/airflow/example_dags/tutorial_taskflow_api_etl.py
[2024-08-18 12:07:56,742] {processor.py:641} INFO - Processing file /home/kai/.local/lib/python3.8/site-packages/airflow/example_dags/tutorial_taskflow_api_etl.py for tasks to queue
[2024-08-18 12:07:56,743] {logging_mixin.py:115} INFO - [2024-08-18 12:07:56,743] {dagbag.py:507} INFO - Filling up the DagBag from /home/kai/.local/lib/python3.8/site-packages/airflow/example_dags/tutorial_taskflow_api_etl.py
[2024-08-18 12:07:56,758] {processor.py:651} INFO - DAG(s) dict_keys(['tutorial_taskflow_api_etl']) retrieved from /home/kai/.local/lib/python3.8/site-packages/airflow/example_dags/tutorial_taskflow_api_etl.py
[2024-08-18 12:07:56,793] {logging_mixin.py:115} INFO - [2024-08-18 12:07:56,793] {dag.py:2379} INFO - Sync 1 DAGs
[2024-08-18 12:07:56,807] {logging_mixin.py:115} INFO - [2024-08-18 12:07:56,807] {dag.py:2927} INFO - Setting next_dagrun for tutorial_taskflow_api_etl to None, run_after=None
[2024-08-18 12:07:56,817] {processor.py:161} INFO - Processing /home/kai/.local/lib/python3.8/site-packages/airflow/example_dags/tutorial_taskflow_api_etl.py took 0.079 seconds
[2024-08-18 12:08:29,853] {processor.py:153} INFO - Started process (PID=6331) to work on /home/kai/.local/lib/python3.8/site-packages/airflow/example_dags/tutorial_taskflow_api_etl.py
[2024-08-18 12:08:29,854] {processor.py:641} INFO - Processing file /home/kai/.local/lib/python3.8/site-packages/airflow/example_dags/tutorial_taskflow_api_etl.py for tasks to queue
[2024-08-18 12:08:29,855] {logging_mixin.py:115} INFO - [2024-08-18 12:08:29,854] {dagbag.py:507} INFO - Filling up the DagBag from /home/kai/.local/lib/python3.8/site-packages/airflow/example_dags/tutorial_taskflow_api_etl.py
[2024-08-18 12:08:29,868] {processor.py:651} INFO - DAG(s) dict_keys(['tutorial_taskflow_api_etl']) retrieved from /home/kai/.local/lib/python3.8/site-packages/airflow/example_dags/tutorial_taskflow_api_etl.py
[2024-08-18 12:08:29,882] {logging_mixin.py:115} INFO - [2024-08-18 12:08:29,882] {dag.py:2379} INFO - Sync 1 DAGs
[2024-08-18 12:08:29,900] {logging_mixin.py:115} INFO - [2024-08-18 12:08:29,900] {dag.py:2927} INFO - Setting next_dagrun for tutorial_taskflow_api_etl to None, run_after=None
[2024-08-18 12:08:29,911] {processor.py:161} INFO - Processing /home/kai/.local/lib/python3.8/site-packages/airflow/example_dags/tutorial_taskflow_api_etl.py took 0.060 seconds
[2024-08-18 12:09:02,956] {processor.py:153} INFO - Started process (PID=6487) to work on /home/kai/.local/lib/python3.8/site-packages/airflow/example_dags/tutorial_taskflow_api_etl.py
[2024-08-18 12:09:02,958] {processor.py:641} INFO - Processing file /home/kai/.local/lib/python3.8/site-packages/airflow/example_dags/tutorial_taskflow_api_etl.py for tasks to queue
[2024-08-18 12:09:02,959] {logging_mixin.py:115} INFO - [2024-08-18 12:09:02,959] {dagbag.py:507} INFO - Filling up the DagBag from /home/kai/.local/lib/python3.8/site-packages/airflow/example_dags/tutorial_taskflow_api_etl.py
[2024-08-18 12:09:02,975] {processor.py:651} INFO - DAG(s) dict_keys(['tutorial_taskflow_api_etl']) retrieved from /home/kai/.local/lib/python3.8/site-packages/airflow/example_dags/tutorial_taskflow_api_etl.py
[2024-08-18 12:09:03,012] {logging_mixin.py:115} INFO - [2024-08-18 12:09:03,011] {dag.py:2379} INFO - Sync 1 DAGs
[2024-08-18 12:09:03,028] {logging_mixin.py:115} INFO - [2024-08-18 12:09:03,028] {dag.py:2927} INFO - Setting next_dagrun for tutorial_taskflow_api_etl to None, run_after=None
[2024-08-18 12:09:03,042] {processor.py:161} INFO - Processing /home/kai/.local/lib/python3.8/site-packages/airflow/example_dags/tutorial_taskflow_api_etl.py took 0.090 seconds
[2024-08-18 12:09:35,935] {processor.py:153} INFO - Started process (PID=6665) to work on /home/kai/.local/lib/python3.8/site-packages/airflow/example_dags/tutorial_taskflow_api_etl.py
[2024-08-18 12:09:35,936] {processor.py:641} INFO - Processing file /home/kai/.local/lib/python3.8/site-packages/airflow/example_dags/tutorial_taskflow_api_etl.py for tasks to queue
[2024-08-18 12:09:35,936] {logging_mixin.py:115} INFO - [2024-08-18 12:09:35,936] {dagbag.py:507} INFO - Filling up the DagBag from /home/kai/.local/lib/python3.8/site-packages/airflow/example_dags/tutorial_taskflow_api_etl.py
[2024-08-18 12:09:35,951] {processor.py:651} INFO - DAG(s) dict_keys(['tutorial_taskflow_api_etl']) retrieved from /home/kai/.local/lib/python3.8/site-packages/airflow/example_dags/tutorial_taskflow_api_etl.py
[2024-08-18 12:09:35,964] {logging_mixin.py:115} INFO - [2024-08-18 12:09:35,964] {dag.py:2379} INFO - Sync 1 DAGs
[2024-08-18 12:09:35,981] {logging_mixin.py:115} INFO - [2024-08-18 12:09:35,981] {dag.py:2927} INFO - Setting next_dagrun for tutorial_taskflow_api_etl to None, run_after=None
[2024-08-18 12:09:35,994] {processor.py:161} INFO - Processing /home/kai/.local/lib/python3.8/site-packages/airflow/example_dags/tutorial_taskflow_api_etl.py took 0.061 seconds
[2024-08-18 12:10:08,473] {processor.py:153} INFO - Started process (PID=6828) to work on /home/kai/.local/lib/python3.8/site-packages/airflow/example_dags/tutorial_taskflow_api_etl.py
[2024-08-18 12:10:08,474] {processor.py:641} INFO - Processing file /home/kai/.local/lib/python3.8/site-packages/airflow/example_dags/tutorial_taskflow_api_etl.py for tasks to queue
[2024-08-18 12:10:08,475] {logging_mixin.py:115} INFO - [2024-08-18 12:10:08,474] {dagbag.py:507} INFO - Filling up the DagBag from /home/kai/.local/lib/python3.8/site-packages/airflow/example_dags/tutorial_taskflow_api_etl.py
[2024-08-18 12:10:08,490] {processor.py:651} INFO - DAG(s) dict_keys(['tutorial_taskflow_api_etl']) retrieved from /home/kai/.local/lib/python3.8/site-packages/airflow/example_dags/tutorial_taskflow_api_etl.py
[2024-08-18 12:10:08,507] {logging_mixin.py:115} INFO - [2024-08-18 12:10:08,507] {dag.py:2379} INFO - Sync 1 DAGs
[2024-08-18 12:10:08,522] {logging_mixin.py:115} INFO - [2024-08-18 12:10:08,522] {dag.py:2927} INFO - Setting next_dagrun for tutorial_taskflow_api_etl to None, run_after=None
[2024-08-18 12:10:08,534] {processor.py:161} INFO - Processing /home/kai/.local/lib/python3.8/site-packages/airflow/example_dags/tutorial_taskflow_api_etl.py took 0.064 seconds
[2024-08-18 12:10:42,262] {processor.py:153} INFO - Started process (PID=7000) to work on /home/kai/.local/lib/python3.8/site-packages/airflow/example_dags/tutorial_taskflow_api_etl.py
[2024-08-18 12:10:42,263] {processor.py:641} INFO - Processing file /home/kai/.local/lib/python3.8/site-packages/airflow/example_dags/tutorial_taskflow_api_etl.py for tasks to queue
[2024-08-18 12:10:42,264] {logging_mixin.py:115} INFO - [2024-08-18 12:10:42,264] {dagbag.py:507} INFO - Filling up the DagBag from /home/kai/.local/lib/python3.8/site-packages/airflow/example_dags/tutorial_taskflow_api_etl.py
[2024-08-18 12:10:42,278] {processor.py:651} INFO - DAG(s) dict_keys(['tutorial_taskflow_api_etl']) retrieved from /home/kai/.local/lib/python3.8/site-packages/airflow/example_dags/tutorial_taskflow_api_etl.py
[2024-08-18 12:10:42,312] {logging_mixin.py:115} INFO - [2024-08-18 12:10:42,312] {dag.py:2379} INFO - Sync 1 DAGs
[2024-08-18 12:10:42,330] {logging_mixin.py:115} INFO - [2024-08-18 12:10:42,329] {dag.py:2927} INFO - Setting next_dagrun for tutorial_taskflow_api_etl to None, run_after=None
[2024-08-18 12:10:42,343] {processor.py:161} INFO - Processing /home/kai/.local/lib/python3.8/site-packages/airflow/example_dags/tutorial_taskflow_api_etl.py took 0.083 seconds
[2024-08-18 12:11:14,242] {processor.py:153} INFO - Started process (PID=7164) to work on /home/kai/.local/lib/python3.8/site-packages/airflow/example_dags/tutorial_taskflow_api_etl.py
[2024-08-18 12:11:14,243] {processor.py:641} INFO - Processing file /home/kai/.local/lib/python3.8/site-packages/airflow/example_dags/tutorial_taskflow_api_etl.py for tasks to queue
[2024-08-18 12:11:14,243] {logging_mixin.py:115} INFO - [2024-08-18 12:11:14,243] {dagbag.py:507} INFO - Filling up the DagBag from /home/kai/.local/lib/python3.8/site-packages/airflow/example_dags/tutorial_taskflow_api_etl.py
[2024-08-18 12:11:14,257] {processor.py:651} INFO - DAG(s) dict_keys(['tutorial_taskflow_api_etl']) retrieved from /home/kai/.local/lib/python3.8/site-packages/airflow/example_dags/tutorial_taskflow_api_etl.py
[2024-08-18 12:11:14,298] {logging_mixin.py:115} INFO - [2024-08-18 12:11:14,297] {dag.py:2379} INFO - Sync 1 DAGs
[2024-08-18 12:11:14,315] {logging_mixin.py:115} INFO - [2024-08-18 12:11:14,315] {dag.py:2927} INFO - Setting next_dagrun for tutorial_taskflow_api_etl to None, run_after=None
[2024-08-18 12:11:14,326] {processor.py:161} INFO - Processing /home/kai/.local/lib/python3.8/site-packages/airflow/example_dags/tutorial_taskflow_api_etl.py took 0.086 seconds
[2024-08-18 12:11:47,412] {processor.py:153} INFO - Started process (PID=7325) to work on /home/kai/.local/lib/python3.8/site-packages/airflow/example_dags/tutorial_taskflow_api_etl.py
[2024-08-18 12:11:47,413] {processor.py:641} INFO - Processing file /home/kai/.local/lib/python3.8/site-packages/airflow/example_dags/tutorial_taskflow_api_etl.py for tasks to queue
[2024-08-18 12:11:47,414] {logging_mixin.py:115} INFO - [2024-08-18 12:11:47,414] {dagbag.py:507} INFO - Filling up the DagBag from /home/kai/.local/lib/python3.8/site-packages/airflow/example_dags/tutorial_taskflow_api_etl.py
[2024-08-18 12:11:47,441] {processor.py:651} INFO - DAG(s) dict_keys(['tutorial_taskflow_api_etl']) retrieved from /home/kai/.local/lib/python3.8/site-packages/airflow/example_dags/tutorial_taskflow_api_etl.py
[2024-08-18 12:11:47,462] {logging_mixin.py:115} INFO - [2024-08-18 12:11:47,462] {dag.py:2379} INFO - Sync 1 DAGs
[2024-08-18 12:11:47,486] {logging_mixin.py:115} INFO - [2024-08-18 12:11:47,486] {dag.py:2927} INFO - Setting next_dagrun for tutorial_taskflow_api_etl to None, run_after=None
[2024-08-18 12:11:47,518] {processor.py:161} INFO - Processing /home/kai/.local/lib/python3.8/site-packages/airflow/example_dags/tutorial_taskflow_api_etl.py took 0.109 seconds
[2024-08-18 12:12:19,312] {processor.py:153} INFO - Started process (PID=7477) to work on /home/kai/.local/lib/python3.8/site-packages/airflow/example_dags/tutorial_taskflow_api_etl.py
[2024-08-18 12:12:19,314] {processor.py:641} INFO - Processing file /home/kai/.local/lib/python3.8/site-packages/airflow/example_dags/tutorial_taskflow_api_etl.py for tasks to queue
[2024-08-18 12:12:19,315] {logging_mixin.py:115} INFO - [2024-08-18 12:12:19,315] {dagbag.py:507} INFO - Filling up the DagBag from /home/kai/.local/lib/python3.8/site-packages/airflow/example_dags/tutorial_taskflow_api_etl.py
[2024-08-18 12:12:19,330] {processor.py:651} INFO - DAG(s) dict_keys(['tutorial_taskflow_api_etl']) retrieved from /home/kai/.local/lib/python3.8/site-packages/airflow/example_dags/tutorial_taskflow_api_etl.py
[2024-08-18 12:12:19,348] {logging_mixin.py:115} INFO - [2024-08-18 12:12:19,348] {dag.py:2379} INFO - Sync 1 DAGs
[2024-08-18 12:12:19,369] {logging_mixin.py:115} INFO - [2024-08-18 12:12:19,369] {dag.py:2927} INFO - Setting next_dagrun for tutorial_taskflow_api_etl to None, run_after=None
[2024-08-18 12:12:19,383] {processor.py:161} INFO - Processing /home/kai/.local/lib/python3.8/site-packages/airflow/example_dags/tutorial_taskflow_api_etl.py took 0.078 seconds
[2024-08-18 12:12:50,568] {processor.py:153} INFO - Started process (PID=7633) to work on /home/kai/.local/lib/python3.8/site-packages/airflow/example_dags/tutorial_taskflow_api_etl.py
[2024-08-18 12:12:50,569] {processor.py:641} INFO - Processing file /home/kai/.local/lib/python3.8/site-packages/airflow/example_dags/tutorial_taskflow_api_etl.py for tasks to queue
[2024-08-18 12:12:50,570] {logging_mixin.py:115} INFO - [2024-08-18 12:12:50,570] {dagbag.py:507} INFO - Filling up the DagBag from /home/kai/.local/lib/python3.8/site-packages/airflow/example_dags/tutorial_taskflow_api_etl.py
[2024-08-18 12:12:50,588] {processor.py:651} INFO - DAG(s) dict_keys(['tutorial_taskflow_api_etl']) retrieved from /home/kai/.local/lib/python3.8/site-packages/airflow/example_dags/tutorial_taskflow_api_etl.py
[2024-08-18 12:12:50,607] {logging_mixin.py:115} INFO - [2024-08-18 12:12:50,607] {dag.py:2379} INFO - Sync 1 DAGs
[2024-08-18 12:12:50,626] {logging_mixin.py:115} INFO - [2024-08-18 12:12:50,626] {dag.py:2927} INFO - Setting next_dagrun for tutorial_taskflow_api_etl to None, run_after=None
[2024-08-18 12:12:50,636] {processor.py:161} INFO - Processing /home/kai/.local/lib/python3.8/site-packages/airflow/example_dags/tutorial_taskflow_api_etl.py took 0.070 seconds
[2024-08-18 12:13:24,567] {processor.py:153} INFO - Started process (PID=7861) to work on /home/kai/.local/lib/python3.8/site-packages/airflow/example_dags/tutorial_taskflow_api_etl.py
[2024-08-18 12:13:24,568] {processor.py:641} INFO - Processing file /home/kai/.local/lib/python3.8/site-packages/airflow/example_dags/tutorial_taskflow_api_etl.py for tasks to queue
[2024-08-18 12:13:24,569] {logging_mixin.py:115} INFO - [2024-08-18 12:13:24,569] {dagbag.py:507} INFO - Filling up the DagBag from /home/kai/.local/lib/python3.8/site-packages/airflow/example_dags/tutorial_taskflow_api_etl.py
[2024-08-18 12:13:24,585] {processor.py:651} INFO - DAG(s) dict_keys(['tutorial_taskflow_api_etl']) retrieved from /home/kai/.local/lib/python3.8/site-packages/airflow/example_dags/tutorial_taskflow_api_etl.py
[2024-08-18 12:13:24,624] {logging_mixin.py:115} INFO - [2024-08-18 12:13:24,624] {dag.py:2379} INFO - Sync 1 DAGs
[2024-08-18 12:13:24,637] {logging_mixin.py:115} INFO - [2024-08-18 12:13:24,637] {dag.py:2927} INFO - Setting next_dagrun for tutorial_taskflow_api_etl to None, run_after=None
[2024-08-18 12:13:24,651] {processor.py:161} INFO - Processing /home/kai/.local/lib/python3.8/site-packages/airflow/example_dags/tutorial_taskflow_api_etl.py took 0.087 seconds
[2024-08-18 12:13:56,669] {processor.py:153} INFO - Started process (PID=8015) to work on /home/kai/.local/lib/python3.8/site-packages/airflow/example_dags/tutorial_taskflow_api_etl.py
[2024-08-18 12:13:56,670] {processor.py:641} INFO - Processing file /home/kai/.local/lib/python3.8/site-packages/airflow/example_dags/tutorial_taskflow_api_etl.py for tasks to queue
[2024-08-18 12:13:56,671] {logging_mixin.py:115} INFO - [2024-08-18 12:13:56,671] {dagbag.py:507} INFO - Filling up the DagBag from /home/kai/.local/lib/python3.8/site-packages/airflow/example_dags/tutorial_taskflow_api_etl.py
[2024-08-18 12:13:56,686] {processor.py:651} INFO - DAG(s) dict_keys(['tutorial_taskflow_api_etl']) retrieved from /home/kai/.local/lib/python3.8/site-packages/airflow/example_dags/tutorial_taskflow_api_etl.py
[2024-08-18 12:13:56,708] {logging_mixin.py:115} INFO - [2024-08-18 12:13:56,708] {dag.py:2379} INFO - Sync 1 DAGs
[2024-08-18 12:13:56,730] {logging_mixin.py:115} INFO - [2024-08-18 12:13:56,730] {dag.py:2927} INFO - Setting next_dagrun for tutorial_taskflow_api_etl to None, run_after=None
[2024-08-18 12:13:56,743] {processor.py:161} INFO - Processing /home/kai/.local/lib/python3.8/site-packages/airflow/example_dags/tutorial_taskflow_api_etl.py took 0.076 seconds
[2024-08-18 12:14:29,280] {processor.py:153} INFO - Started process (PID=8187) to work on /home/kai/.local/lib/python3.8/site-packages/airflow/example_dags/tutorial_taskflow_api_etl.py
[2024-08-18 12:14:29,281] {processor.py:641} INFO - Processing file /home/kai/.local/lib/python3.8/site-packages/airflow/example_dags/tutorial_taskflow_api_etl.py for tasks to queue
[2024-08-18 12:14:29,281] {logging_mixin.py:115} INFO - [2024-08-18 12:14:29,281] {dagbag.py:507} INFO - Filling up the DagBag from /home/kai/.local/lib/python3.8/site-packages/airflow/example_dags/tutorial_taskflow_api_etl.py
[2024-08-18 12:14:29,296] {processor.py:651} INFO - DAG(s) dict_keys(['tutorial_taskflow_api_etl']) retrieved from /home/kai/.local/lib/python3.8/site-packages/airflow/example_dags/tutorial_taskflow_api_etl.py
[2024-08-18 12:14:29,310] {logging_mixin.py:115} INFO - [2024-08-18 12:14:29,310] {dag.py:2379} INFO - Sync 1 DAGs
[2024-08-18 12:14:29,324] {logging_mixin.py:115} INFO - [2024-08-18 12:14:29,324] {dag.py:2927} INFO - Setting next_dagrun for tutorial_taskflow_api_etl to None, run_after=None
[2024-08-18 12:14:29,333] {processor.py:161} INFO - Processing /home/kai/.local/lib/python3.8/site-packages/airflow/example_dags/tutorial_taskflow_api_etl.py took 0.056 seconds
[2024-08-18 12:15:03,894] {processor.py:153} INFO - Started process (PID=8359) to work on /home/kai/.local/lib/python3.8/site-packages/airflow/example_dags/tutorial_taskflow_api_etl.py
[2024-08-18 12:15:03,894] {processor.py:641} INFO - Processing file /home/kai/.local/lib/python3.8/site-packages/airflow/example_dags/tutorial_taskflow_api_etl.py for tasks to queue
[2024-08-18 12:15:03,895] {logging_mixin.py:115} INFO - [2024-08-18 12:15:03,895] {dagbag.py:507} INFO - Filling up the DagBag from /home/kai/.local/lib/python3.8/site-packages/airflow/example_dags/tutorial_taskflow_api_etl.py
[2024-08-18 12:15:03,909] {processor.py:651} INFO - DAG(s) dict_keys(['tutorial_taskflow_api_etl']) retrieved from /home/kai/.local/lib/python3.8/site-packages/airflow/example_dags/tutorial_taskflow_api_etl.py
[2024-08-18 12:15:03,923] {logging_mixin.py:115} INFO - [2024-08-18 12:15:03,923] {dag.py:2379} INFO - Sync 1 DAGs
[2024-08-18 12:15:03,938] {logging_mixin.py:115} INFO - [2024-08-18 12:15:03,938] {dag.py:2927} INFO - Setting next_dagrun for tutorial_taskflow_api_etl to None, run_after=None
[2024-08-18 12:15:03,949] {processor.py:161} INFO - Processing /home/kai/.local/lib/python3.8/site-packages/airflow/example_dags/tutorial_taskflow_api_etl.py took 0.059 seconds
[2024-08-18 12:15:36,034] {processor.py:153} INFO - Started process (PID=8531) to work on /home/kai/.local/lib/python3.8/site-packages/airflow/example_dags/tutorial_taskflow_api_etl.py
[2024-08-18 12:15:36,035] {processor.py:641} INFO - Processing file /home/kai/.local/lib/python3.8/site-packages/airflow/example_dags/tutorial_taskflow_api_etl.py for tasks to queue
[2024-08-18 12:15:36,035] {logging_mixin.py:115} INFO - [2024-08-18 12:15:36,035] {dagbag.py:507} INFO - Filling up the DagBag from /home/kai/.local/lib/python3.8/site-packages/airflow/example_dags/tutorial_taskflow_api_etl.py
[2024-08-18 12:15:36,052] {processor.py:651} INFO - DAG(s) dict_keys(['tutorial_taskflow_api_etl']) retrieved from /home/kai/.local/lib/python3.8/site-packages/airflow/example_dags/tutorial_taskflow_api_etl.py
[2024-08-18 12:15:36,068] {logging_mixin.py:115} INFO - [2024-08-18 12:15:36,068] {dag.py:2379} INFO - Sync 1 DAGs
[2024-08-18 12:15:36,088] {logging_mixin.py:115} INFO - [2024-08-18 12:15:36,088] {dag.py:2927} INFO - Setting next_dagrun for tutorial_taskflow_api_etl to None, run_after=None
[2024-08-18 12:15:36,100] {processor.py:161} INFO - Processing /home/kai/.local/lib/python3.8/site-packages/airflow/example_dags/tutorial_taskflow_api_etl.py took 0.069 seconds
[2024-08-18 12:16:09,070] {processor.py:153} INFO - Started process (PID=8694) to work on /home/kai/.local/lib/python3.8/site-packages/airflow/example_dags/tutorial_taskflow_api_etl.py
[2024-08-18 12:16:09,071] {processor.py:641} INFO - Processing file /home/kai/.local/lib/python3.8/site-packages/airflow/example_dags/tutorial_taskflow_api_etl.py for tasks to queue
[2024-08-18 12:16:09,072] {logging_mixin.py:115} INFO - [2024-08-18 12:16:09,072] {dagbag.py:507} INFO - Filling up the DagBag from /home/kai/.local/lib/python3.8/site-packages/airflow/example_dags/tutorial_taskflow_api_etl.py
[2024-08-18 12:16:09,094] {processor.py:651} INFO - DAG(s) dict_keys(['tutorial_taskflow_api_etl']) retrieved from /home/kai/.local/lib/python3.8/site-packages/airflow/example_dags/tutorial_taskflow_api_etl.py
[2024-08-18 12:16:09,112] {logging_mixin.py:115} INFO - [2024-08-18 12:16:09,112] {dag.py:2379} INFO - Sync 1 DAGs
[2024-08-18 12:16:09,132] {logging_mixin.py:115} INFO - [2024-08-18 12:16:09,131] {dag.py:2927} INFO - Setting next_dagrun for tutorial_taskflow_api_etl to None, run_after=None
[2024-08-18 12:16:09,145] {processor.py:161} INFO - Processing /home/kai/.local/lib/python3.8/site-packages/airflow/example_dags/tutorial_taskflow_api_etl.py took 0.077 seconds
[2024-08-18 12:16:40,967] {processor.py:153} INFO - Started process (PID=8854) to work on /home/kai/.local/lib/python3.8/site-packages/airflow/example_dags/tutorial_taskflow_api_etl.py
[2024-08-18 12:16:40,968] {processor.py:641} INFO - Processing file /home/kai/.local/lib/python3.8/site-packages/airflow/example_dags/tutorial_taskflow_api_etl.py for tasks to queue
[2024-08-18 12:16:40,968] {logging_mixin.py:115} INFO - [2024-08-18 12:16:40,968] {dagbag.py:507} INFO - Filling up the DagBag from /home/kai/.local/lib/python3.8/site-packages/airflow/example_dags/tutorial_taskflow_api_etl.py
[2024-08-18 12:16:40,984] {processor.py:651} INFO - DAG(s) dict_keys(['tutorial_taskflow_api_etl']) retrieved from /home/kai/.local/lib/python3.8/site-packages/airflow/example_dags/tutorial_taskflow_api_etl.py
[2024-08-18 12:16:40,998] {logging_mixin.py:115} INFO - [2024-08-18 12:16:40,998] {dag.py:2379} INFO - Sync 1 DAGs
[2024-08-18 12:16:41,015] {logging_mixin.py:115} INFO - [2024-08-18 12:16:41,015] {dag.py:2927} INFO - Setting next_dagrun for tutorial_taskflow_api_etl to None, run_after=None
[2024-08-18 12:16:41,032] {processor.py:161} INFO - Processing /home/kai/.local/lib/python3.8/site-packages/airflow/example_dags/tutorial_taskflow_api_etl.py took 0.067 seconds
[2024-08-18 12:17:12,284] {processor.py:153} INFO - Started process (PID=9024) to work on /home/kai/.local/lib/python3.8/site-packages/airflow/example_dags/tutorial_taskflow_api_etl.py
[2024-08-18 12:17:12,285] {processor.py:641} INFO - Processing file /home/kai/.local/lib/python3.8/site-packages/airflow/example_dags/tutorial_taskflow_api_etl.py for tasks to queue
[2024-08-18 12:17:12,286] {logging_mixin.py:115} INFO - [2024-08-18 12:17:12,286] {dagbag.py:507} INFO - Filling up the DagBag from /home/kai/.local/lib/python3.8/site-packages/airflow/example_dags/tutorial_taskflow_api_etl.py
[2024-08-18 12:17:12,307] {processor.py:651} INFO - DAG(s) dict_keys(['tutorial_taskflow_api_etl']) retrieved from /home/kai/.local/lib/python3.8/site-packages/airflow/example_dags/tutorial_taskflow_api_etl.py
[2024-08-18 12:17:12,322] {logging_mixin.py:115} INFO - [2024-08-18 12:17:12,322] {dag.py:2379} INFO - Sync 1 DAGs
[2024-08-18 12:17:12,336] {logging_mixin.py:115} INFO - [2024-08-18 12:17:12,336] {dag.py:2927} INFO - Setting next_dagrun for tutorial_taskflow_api_etl to None, run_after=None
[2024-08-18 12:17:12,349] {processor.py:161} INFO - Processing /home/kai/.local/lib/python3.8/site-packages/airflow/example_dags/tutorial_taskflow_api_etl.py took 0.069 seconds
[2024-08-18 12:17:44,284] {processor.py:153} INFO - Started process (PID=9182) to work on /home/kai/.local/lib/python3.8/site-packages/airflow/example_dags/tutorial_taskflow_api_etl.py
[2024-08-18 12:17:44,284] {processor.py:641} INFO - Processing file /home/kai/.local/lib/python3.8/site-packages/airflow/example_dags/tutorial_taskflow_api_etl.py for tasks to queue
[2024-08-18 12:17:44,285] {logging_mixin.py:115} INFO - [2024-08-18 12:17:44,285] {dagbag.py:507} INFO - Filling up the DagBag from /home/kai/.local/lib/python3.8/site-packages/airflow/example_dags/tutorial_taskflow_api_etl.py
[2024-08-18 12:17:44,305] {processor.py:651} INFO - DAG(s) dict_keys(['tutorial_taskflow_api_etl']) retrieved from /home/kai/.local/lib/python3.8/site-packages/airflow/example_dags/tutorial_taskflow_api_etl.py
[2024-08-18 12:17:44,351] {logging_mixin.py:115} INFO - [2024-08-18 12:17:44,351] {dag.py:2379} INFO - Sync 1 DAGs
[2024-08-18 12:17:44,371] {logging_mixin.py:115} INFO - [2024-08-18 12:17:44,371] {dag.py:2927} INFO - Setting next_dagrun for tutorial_taskflow_api_etl to None, run_after=None
[2024-08-18 12:17:44,387] {processor.py:161} INFO - Processing /home/kai/.local/lib/python3.8/site-packages/airflow/example_dags/tutorial_taskflow_api_etl.py took 0.106 seconds
[2024-08-18 12:18:18,038] {processor.py:153} INFO - Started process (PID=9410) to work on /home/kai/.local/lib/python3.8/site-packages/airflow/example_dags/tutorial_taskflow_api_etl.py
[2024-08-18 12:18:18,039] {processor.py:641} INFO - Processing file /home/kai/.local/lib/python3.8/site-packages/airflow/example_dags/tutorial_taskflow_api_etl.py for tasks to queue
[2024-08-18 12:18:18,039] {logging_mixin.py:115} INFO - [2024-08-18 12:18:18,039] {dagbag.py:507} INFO - Filling up the DagBag from /home/kai/.local/lib/python3.8/site-packages/airflow/example_dags/tutorial_taskflow_api_etl.py
[2024-08-18 12:18:18,059] {processor.py:651} INFO - DAG(s) dict_keys(['tutorial_taskflow_api_etl']) retrieved from /home/kai/.local/lib/python3.8/site-packages/airflow/example_dags/tutorial_taskflow_api_etl.py
[2024-08-18 12:18:18,106] {logging_mixin.py:115} INFO - [2024-08-18 12:18:18,106] {dag.py:2379} INFO - Sync 1 DAGs
[2024-08-18 12:18:18,120] {logging_mixin.py:115} INFO - [2024-08-18 12:18:18,120] {dag.py:2927} INFO - Setting next_dagrun for tutorial_taskflow_api_etl to None, run_after=None
[2024-08-18 12:18:18,137] {processor.py:161} INFO - Processing /home/kai/.local/lib/python3.8/site-packages/airflow/example_dags/tutorial_taskflow_api_etl.py took 0.101 seconds
[2024-08-18 12:18:51,107] {processor.py:153} INFO - Started process (PID=9574) to work on /home/kai/.local/lib/python3.8/site-packages/airflow/example_dags/tutorial_taskflow_api_etl.py
[2024-08-18 12:18:51,107] {processor.py:641} INFO - Processing file /home/kai/.local/lib/python3.8/site-packages/airflow/example_dags/tutorial_taskflow_api_etl.py for tasks to queue
[2024-08-18 12:18:51,108] {logging_mixin.py:115} INFO - [2024-08-18 12:18:51,108] {dagbag.py:507} INFO - Filling up the DagBag from /home/kai/.local/lib/python3.8/site-packages/airflow/example_dags/tutorial_taskflow_api_etl.py
[2024-08-18 12:18:51,128] {processor.py:651} INFO - DAG(s) dict_keys(['tutorial_taskflow_api_etl']) retrieved from /home/kai/.local/lib/python3.8/site-packages/airflow/example_dags/tutorial_taskflow_api_etl.py
[2024-08-18 12:18:51,175] {logging_mixin.py:115} INFO - [2024-08-18 12:18:51,174] {dag.py:2379} INFO - Sync 1 DAGs
[2024-08-18 12:18:51,194] {logging_mixin.py:115} INFO - [2024-08-18 12:18:51,194] {dag.py:2927} INFO - Setting next_dagrun for tutorial_taskflow_api_etl to None, run_after=None
[2024-08-18 12:18:51,212] {processor.py:161} INFO - Processing /home/kai/.local/lib/python3.8/site-packages/airflow/example_dags/tutorial_taskflow_api_etl.py took 0.108 seconds
[2024-08-18 12:19:25,904] {processor.py:153} INFO - Started process (PID=9748) to work on /home/kai/.local/lib/python3.8/site-packages/airflow/example_dags/tutorial_taskflow_api_etl.py
[2024-08-18 12:19:25,905] {processor.py:641} INFO - Processing file /home/kai/.local/lib/python3.8/site-packages/airflow/example_dags/tutorial_taskflow_api_etl.py for tasks to queue
[2024-08-18 12:19:25,905] {logging_mixin.py:115} INFO - [2024-08-18 12:19:25,905] {dagbag.py:507} INFO - Filling up the DagBag from /home/kai/.local/lib/python3.8/site-packages/airflow/example_dags/tutorial_taskflow_api_etl.py
[2024-08-18 12:19:25,922] {processor.py:651} INFO - DAG(s) dict_keys(['tutorial_taskflow_api_etl']) retrieved from /home/kai/.local/lib/python3.8/site-packages/airflow/example_dags/tutorial_taskflow_api_etl.py
[2024-08-18 12:19:25,970] {logging_mixin.py:115} INFO - [2024-08-18 12:19:25,970] {dag.py:2379} INFO - Sync 1 DAGs
[2024-08-18 12:19:25,987] {logging_mixin.py:115} INFO - [2024-08-18 12:19:25,986] {dag.py:2927} INFO - Setting next_dagrun for tutorial_taskflow_api_etl to None, run_after=None
[2024-08-18 12:19:26,002] {processor.py:161} INFO - Processing /home/kai/.local/lib/python3.8/site-packages/airflow/example_dags/tutorial_taskflow_api_etl.py took 0.101 seconds
[2024-08-18 12:19:56,702] {processor.py:153} INFO - Started process (PID=9897) to work on /home/kai/.local/lib/python3.8/site-packages/airflow/example_dags/tutorial_taskflow_api_etl.py
[2024-08-18 12:19:56,705] {processor.py:641} INFO - Processing file /home/kai/.local/lib/python3.8/site-packages/airflow/example_dags/tutorial_taskflow_api_etl.py for tasks to queue
[2024-08-18 12:19:56,706] {logging_mixin.py:115} INFO - [2024-08-18 12:19:56,706] {dagbag.py:507} INFO - Filling up the DagBag from /home/kai/.local/lib/python3.8/site-packages/airflow/example_dags/tutorial_taskflow_api_etl.py
[2024-08-18 12:19:56,734] {processor.py:651} INFO - DAG(s) dict_keys(['tutorial_taskflow_api_etl']) retrieved from /home/kai/.local/lib/python3.8/site-packages/airflow/example_dags/tutorial_taskflow_api_etl.py
[2024-08-18 12:19:56,800] {logging_mixin.py:115} INFO - [2024-08-18 12:19:56,800] {dag.py:2379} INFO - Sync 1 DAGs
[2024-08-18 12:19:56,818] {logging_mixin.py:115} INFO - [2024-08-18 12:19:56,818] {dag.py:2927} INFO - Setting next_dagrun for tutorial_taskflow_api_etl to None, run_after=None
[2024-08-18 12:19:56,836] {processor.py:161} INFO - Processing /home/kai/.local/lib/python3.8/site-packages/airflow/example_dags/tutorial_taskflow_api_etl.py took 0.138 seconds
[2024-08-18 12:20:30,976] {processor.py:153} INFO - Started process (PID=10073) to work on /home/kai/.local/lib/python3.8/site-packages/airflow/example_dags/tutorial_taskflow_api_etl.py
[2024-08-18 12:20:30,977] {processor.py:641} INFO - Processing file /home/kai/.local/lib/python3.8/site-packages/airflow/example_dags/tutorial_taskflow_api_etl.py for tasks to queue
[2024-08-18 12:20:30,978] {logging_mixin.py:115} INFO - [2024-08-18 12:20:30,978] {dagbag.py:507} INFO - Filling up the DagBag from /home/kai/.local/lib/python3.8/site-packages/airflow/example_dags/tutorial_taskflow_api_etl.py
[2024-08-18 12:20:30,992] {processor.py:651} INFO - DAG(s) dict_keys(['tutorial_taskflow_api_etl']) retrieved from /home/kai/.local/lib/python3.8/site-packages/airflow/example_dags/tutorial_taskflow_api_etl.py
[2024-08-18 12:20:31,005] {logging_mixin.py:115} INFO - [2024-08-18 12:20:31,005] {dag.py:2379} INFO - Sync 1 DAGs
[2024-08-18 12:20:31,019] {logging_mixin.py:115} INFO - [2024-08-18 12:20:31,019] {dag.py:2927} INFO - Setting next_dagrun for tutorial_taskflow_api_etl to None, run_after=None
[2024-08-18 12:20:31,036] {processor.py:161} INFO - Processing /home/kai/.local/lib/python3.8/site-packages/airflow/example_dags/tutorial_taskflow_api_etl.py took 0.062 seconds
[2024-08-18 12:21:03,618] {processor.py:153} INFO - Started process (PID=10242) to work on /home/kai/.local/lib/python3.8/site-packages/airflow/example_dags/tutorial_taskflow_api_etl.py
[2024-08-18 12:21:03,619] {processor.py:641} INFO - Processing file /home/kai/.local/lib/python3.8/site-packages/airflow/example_dags/tutorial_taskflow_api_etl.py for tasks to queue
[2024-08-18 12:21:03,619] {logging_mixin.py:115} INFO - [2024-08-18 12:21:03,619] {dagbag.py:507} INFO - Filling up the DagBag from /home/kai/.local/lib/python3.8/site-packages/airflow/example_dags/tutorial_taskflow_api_etl.py
[2024-08-18 12:21:03,634] {processor.py:651} INFO - DAG(s) dict_keys(['tutorial_taskflow_api_etl']) retrieved from /home/kai/.local/lib/python3.8/site-packages/airflow/example_dags/tutorial_taskflow_api_etl.py
[2024-08-18 12:21:03,649] {logging_mixin.py:115} INFO - [2024-08-18 12:21:03,649] {dag.py:2379} INFO - Sync 1 DAGs
[2024-08-18 12:21:03,667] {logging_mixin.py:115} INFO - [2024-08-18 12:21:03,667] {dag.py:2927} INFO - Setting next_dagrun for tutorial_taskflow_api_etl to None, run_after=None
[2024-08-18 12:21:03,679] {processor.py:161} INFO - Processing /home/kai/.local/lib/python3.8/site-packages/airflow/example_dags/tutorial_taskflow_api_etl.py took 0.063 seconds
[2024-08-18 12:21:36,704] {processor.py:153} INFO - Started process (PID=10415) to work on /home/kai/.local/lib/python3.8/site-packages/airflow/example_dags/tutorial_taskflow_api_etl.py
[2024-08-18 12:21:36,705] {processor.py:641} INFO - Processing file /home/kai/.local/lib/python3.8/site-packages/airflow/example_dags/tutorial_taskflow_api_etl.py for tasks to queue
[2024-08-18 12:21:36,706] {logging_mixin.py:115} INFO - [2024-08-18 12:21:36,706] {dagbag.py:507} INFO - Filling up the DagBag from /home/kai/.local/lib/python3.8/site-packages/airflow/example_dags/tutorial_taskflow_api_etl.py
[2024-08-18 12:21:36,729] {processor.py:651} INFO - DAG(s) dict_keys(['tutorial_taskflow_api_etl']) retrieved from /home/kai/.local/lib/python3.8/site-packages/airflow/example_dags/tutorial_taskflow_api_etl.py
[2024-08-18 12:21:36,784] {logging_mixin.py:115} INFO - [2024-08-18 12:21:36,784] {dag.py:2379} INFO - Sync 1 DAGs
[2024-08-18 12:21:36,805] {logging_mixin.py:115} INFO - [2024-08-18 12:21:36,805] {dag.py:2927} INFO - Setting next_dagrun for tutorial_taskflow_api_etl to None, run_after=None
[2024-08-18 12:21:36,824] {processor.py:161} INFO - Processing /home/kai/.local/lib/python3.8/site-packages/airflow/example_dags/tutorial_taskflow_api_etl.py took 0.123 seconds
[2024-08-18 12:22:10,526] {processor.py:153} INFO - Started process (PID=10586) to work on /home/kai/.local/lib/python3.8/site-packages/airflow/example_dags/tutorial_taskflow_api_etl.py
[2024-08-18 12:22:10,527] {processor.py:641} INFO - Processing file /home/kai/.local/lib/python3.8/site-packages/airflow/example_dags/tutorial_taskflow_api_etl.py for tasks to queue
[2024-08-18 12:22:10,527] {logging_mixin.py:115} INFO - [2024-08-18 12:22:10,527] {dagbag.py:507} INFO - Filling up the DagBag from /home/kai/.local/lib/python3.8/site-packages/airflow/example_dags/tutorial_taskflow_api_etl.py
[2024-08-18 12:22:10,542] {processor.py:651} INFO - DAG(s) dict_keys(['tutorial_taskflow_api_etl']) retrieved from /home/kai/.local/lib/python3.8/site-packages/airflow/example_dags/tutorial_taskflow_api_etl.py
[2024-08-18 12:22:10,557] {logging_mixin.py:115} INFO - [2024-08-18 12:22:10,556] {dag.py:2379} INFO - Sync 1 DAGs
[2024-08-18 12:22:10,575] {logging_mixin.py:115} INFO - [2024-08-18 12:22:10,575] {dag.py:2927} INFO - Setting next_dagrun for tutorial_taskflow_api_etl to None, run_after=None
[2024-08-18 12:22:10,590] {processor.py:161} INFO - Processing /home/kai/.local/lib/python3.8/site-packages/airflow/example_dags/tutorial_taskflow_api_etl.py took 0.067 seconds
[2024-08-18 12:22:42,593] {processor.py:153} INFO - Started process (PID=10749) to work on /home/kai/.local/lib/python3.8/site-packages/airflow/example_dags/tutorial_taskflow_api_etl.py
[2024-08-18 12:22:42,594] {processor.py:641} INFO - Processing file /home/kai/.local/lib/python3.8/site-packages/airflow/example_dags/tutorial_taskflow_api_etl.py for tasks to queue
[2024-08-18 12:22:42,595] {logging_mixin.py:115} INFO - [2024-08-18 12:22:42,595] {dagbag.py:507} INFO - Filling up the DagBag from /home/kai/.local/lib/python3.8/site-packages/airflow/example_dags/tutorial_taskflow_api_etl.py
[2024-08-18 12:22:42,613] {processor.py:651} INFO - DAG(s) dict_keys(['tutorial_taskflow_api_etl']) retrieved from /home/kai/.local/lib/python3.8/site-packages/airflow/example_dags/tutorial_taskflow_api_etl.py
[2024-08-18 12:22:42,628] {logging_mixin.py:115} INFO - [2024-08-18 12:22:42,628] {dag.py:2379} INFO - Sync 1 DAGs
[2024-08-18 12:22:42,643] {logging_mixin.py:115} INFO - [2024-08-18 12:22:42,643] {dag.py:2927} INFO - Setting next_dagrun for tutorial_taskflow_api_etl to None, run_after=None
[2024-08-18 12:22:42,653] {processor.py:161} INFO - Processing /home/kai/.local/lib/python3.8/site-packages/airflow/example_dags/tutorial_taskflow_api_etl.py took 0.064 seconds
[2024-08-18 12:23:14,718] {processor.py:153} INFO - Started process (PID=11023) to work on /home/kai/.local/lib/python3.8/site-packages/airflow/example_dags/tutorial_taskflow_api_etl.py
[2024-08-18 12:23:14,720] {processor.py:641} INFO - Processing file /home/kai/.local/lib/python3.8/site-packages/airflow/example_dags/tutorial_taskflow_api_etl.py for tasks to queue
[2024-08-18 12:23:14,722] {logging_mixin.py:115} INFO - [2024-08-18 12:23:14,722] {dagbag.py:507} INFO - Filling up the DagBag from /home/kai/.local/lib/python3.8/site-packages/airflow/example_dags/tutorial_taskflow_api_etl.py
[2024-08-18 12:23:14,740] {processor.py:651} INFO - DAG(s) dict_keys(['tutorial_taskflow_api_etl']) retrieved from /home/kai/.local/lib/python3.8/site-packages/airflow/example_dags/tutorial_taskflow_api_etl.py
[2024-08-18 12:23:14,780] {logging_mixin.py:115} INFO - [2024-08-18 12:23:14,780] {dag.py:2379} INFO - Sync 1 DAGs
[2024-08-18 12:23:14,799] {logging_mixin.py:115} INFO - [2024-08-18 12:23:14,799] {dag.py:2927} INFO - Setting next_dagrun for tutorial_taskflow_api_etl to None, run_after=None
[2024-08-18 12:23:14,809] {processor.py:161} INFO - Processing /home/kai/.local/lib/python3.8/site-packages/airflow/example_dags/tutorial_taskflow_api_etl.py took 0.096 seconds
[2024-08-18 12:23:49,613] {processor.py:153} INFO - Started process (PID=11189) to work on /home/kai/.local/lib/python3.8/site-packages/airflow/example_dags/tutorial_taskflow_api_etl.py
[2024-08-18 12:23:49,614] {processor.py:641} INFO - Processing file /home/kai/.local/lib/python3.8/site-packages/airflow/example_dags/tutorial_taskflow_api_etl.py for tasks to queue
[2024-08-18 12:23:49,614] {logging_mixin.py:115} INFO - [2024-08-18 12:23:49,614] {dagbag.py:507} INFO - Filling up the DagBag from /home/kai/.local/lib/python3.8/site-packages/airflow/example_dags/tutorial_taskflow_api_etl.py
[2024-08-18 12:23:49,635] {processor.py:651} INFO - DAG(s) dict_keys(['tutorial_taskflow_api_etl']) retrieved from /home/kai/.local/lib/python3.8/site-packages/airflow/example_dags/tutorial_taskflow_api_etl.py
[2024-08-18 12:23:49,688] {logging_mixin.py:115} INFO - [2024-08-18 12:23:49,688] {dag.py:2379} INFO - Sync 1 DAGs
[2024-08-18 12:23:49,704] {logging_mixin.py:115} INFO - [2024-08-18 12:23:49,704] {dag.py:2927} INFO - Setting next_dagrun for tutorial_taskflow_api_etl to None, run_after=None
[2024-08-18 12:23:49,718] {processor.py:161} INFO - Processing /home/kai/.local/lib/python3.8/site-packages/airflow/example_dags/tutorial_taskflow_api_etl.py took 0.109 seconds
[2024-08-18 12:24:22,735] {processor.py:153} INFO - Started process (PID=11363) to work on /home/kai/.local/lib/python3.8/site-packages/airflow/example_dags/tutorial_taskflow_api_etl.py
[2024-08-18 12:24:22,736] {processor.py:641} INFO - Processing file /home/kai/.local/lib/python3.8/site-packages/airflow/example_dags/tutorial_taskflow_api_etl.py for tasks to queue
[2024-08-18 12:24:22,737] {logging_mixin.py:115} INFO - [2024-08-18 12:24:22,737] {dagbag.py:507} INFO - Filling up the DagBag from /home/kai/.local/lib/python3.8/site-packages/airflow/example_dags/tutorial_taskflow_api_etl.py
[2024-08-18 12:24:22,754] {processor.py:651} INFO - DAG(s) dict_keys(['tutorial_taskflow_api_etl']) retrieved from /home/kai/.local/lib/python3.8/site-packages/airflow/example_dags/tutorial_taskflow_api_etl.py
[2024-08-18 12:24:22,770] {logging_mixin.py:115} INFO - [2024-08-18 12:24:22,770] {dag.py:2379} INFO - Sync 1 DAGs
[2024-08-18 12:24:22,790] {logging_mixin.py:115} INFO - [2024-08-18 12:24:22,789] {dag.py:2927} INFO - Setting next_dagrun for tutorial_taskflow_api_etl to None, run_after=None
[2024-08-18 12:24:22,807] {processor.py:161} INFO - Processing /home/kai/.local/lib/python3.8/site-packages/airflow/example_dags/tutorial_taskflow_api_etl.py took 0.075 seconds
[2024-08-18 12:24:54,185] {processor.py:153} INFO - Started process (PID=11520) to work on /home/kai/.local/lib/python3.8/site-packages/airflow/example_dags/tutorial_taskflow_api_etl.py
[2024-08-18 12:24:54,185] {processor.py:641} INFO - Processing file /home/kai/.local/lib/python3.8/site-packages/airflow/example_dags/tutorial_taskflow_api_etl.py for tasks to queue
[2024-08-18 12:24:54,186] {logging_mixin.py:115} INFO - [2024-08-18 12:24:54,186] {dagbag.py:507} INFO - Filling up the DagBag from /home/kai/.local/lib/python3.8/site-packages/airflow/example_dags/tutorial_taskflow_api_etl.py
[2024-08-18 12:24:54,205] {processor.py:651} INFO - DAG(s) dict_keys(['tutorial_taskflow_api_etl']) retrieved from /home/kai/.local/lib/python3.8/site-packages/airflow/example_dags/tutorial_taskflow_api_etl.py
[2024-08-18 12:24:54,222] {logging_mixin.py:115} INFO - [2024-08-18 12:24:54,222] {dag.py:2379} INFO - Sync 1 DAGs
[2024-08-18 12:24:54,239] {logging_mixin.py:115} INFO - [2024-08-18 12:24:54,239] {dag.py:2927} INFO - Setting next_dagrun for tutorial_taskflow_api_etl to None, run_after=None
[2024-08-18 12:24:54,254] {processor.py:161} INFO - Processing /home/kai/.local/lib/python3.8/site-packages/airflow/example_dags/tutorial_taskflow_api_etl.py took 0.072 seconds
[2024-08-18 12:25:26,020] {processor.py:153} INFO - Started process (PID=11679) to work on /home/kai/.local/lib/python3.8/site-packages/airflow/example_dags/tutorial_taskflow_api_etl.py
[2024-08-18 12:25:26,021] {processor.py:641} INFO - Processing file /home/kai/.local/lib/python3.8/site-packages/airflow/example_dags/tutorial_taskflow_api_etl.py for tasks to queue
[2024-08-18 12:25:26,022] {logging_mixin.py:115} INFO - [2024-08-18 12:25:26,022] {dagbag.py:507} INFO - Filling up the DagBag from /home/kai/.local/lib/python3.8/site-packages/airflow/example_dags/tutorial_taskflow_api_etl.py
[2024-08-18 12:25:26,037] {processor.py:651} INFO - DAG(s) dict_keys(['tutorial_taskflow_api_etl']) retrieved from /home/kai/.local/lib/python3.8/site-packages/airflow/example_dags/tutorial_taskflow_api_etl.py
[2024-08-18 12:25:26,057] {logging_mixin.py:115} INFO - [2024-08-18 12:25:26,057] {dag.py:2379} INFO - Sync 1 DAGs
[2024-08-18 12:25:26,078] {logging_mixin.py:115} INFO - [2024-08-18 12:25:26,078] {dag.py:2927} INFO - Setting next_dagrun for tutorial_taskflow_api_etl to None, run_after=None
[2024-08-18 12:25:26,105] {processor.py:161} INFO - Processing /home/kai/.local/lib/python3.8/site-packages/airflow/example_dags/tutorial_taskflow_api_etl.py took 0.088 seconds
[2024-08-18 12:25:58,730] {processor.py:153} INFO - Started process (PID=11841) to work on /home/kai/.local/lib/python3.8/site-packages/airflow/example_dags/tutorial_taskflow_api_etl.py
[2024-08-18 12:25:58,731] {processor.py:641} INFO - Processing file /home/kai/.local/lib/python3.8/site-packages/airflow/example_dags/tutorial_taskflow_api_etl.py for tasks to queue
[2024-08-18 12:25:58,731] {logging_mixin.py:115} INFO - [2024-08-18 12:25:58,731] {dagbag.py:507} INFO - Filling up the DagBag from /home/kai/.local/lib/python3.8/site-packages/airflow/example_dags/tutorial_taskflow_api_etl.py
[2024-08-18 12:25:58,750] {processor.py:651} INFO - DAG(s) dict_keys(['tutorial_taskflow_api_etl']) retrieved from /home/kai/.local/lib/python3.8/site-packages/airflow/example_dags/tutorial_taskflow_api_etl.py
[2024-08-18 12:25:58,768] {logging_mixin.py:115} INFO - [2024-08-18 12:25:58,768] {dag.py:2379} INFO - Sync 1 DAGs
[2024-08-18 12:25:58,788] {logging_mixin.py:115} INFO - [2024-08-18 12:25:58,788] {dag.py:2927} INFO - Setting next_dagrun for tutorial_taskflow_api_etl to None, run_after=None
[2024-08-18 12:25:58,800] {processor.py:161} INFO - Processing /home/kai/.local/lib/python3.8/site-packages/airflow/example_dags/tutorial_taskflow_api_etl.py took 0.074 seconds
[2024-08-18 12:26:29,729] {processor.py:153} INFO - Started process (PID=12002) to work on /home/kai/.local/lib/python3.8/site-packages/airflow/example_dags/tutorial_taskflow_api_etl.py
[2024-08-18 12:26:29,730] {processor.py:641} INFO - Processing file /home/kai/.local/lib/python3.8/site-packages/airflow/example_dags/tutorial_taskflow_api_etl.py for tasks to queue
[2024-08-18 12:26:29,732] {logging_mixin.py:115} INFO - [2024-08-18 12:26:29,732] {dagbag.py:507} INFO - Filling up the DagBag from /home/kai/.local/lib/python3.8/site-packages/airflow/example_dags/tutorial_taskflow_api_etl.py
[2024-08-18 12:26:29,755] {processor.py:651} INFO - DAG(s) dict_keys(['tutorial_taskflow_api_etl']) retrieved from /home/kai/.local/lib/python3.8/site-packages/airflow/example_dags/tutorial_taskflow_api_etl.py
[2024-08-18 12:26:29,774] {logging_mixin.py:115} INFO - [2024-08-18 12:26:29,774] {dag.py:2379} INFO - Sync 1 DAGs
[2024-08-18 12:26:29,799] {logging_mixin.py:115} INFO - [2024-08-18 12:26:29,799] {dag.py:2927} INFO - Setting next_dagrun for tutorial_taskflow_api_etl to None, run_after=None
[2024-08-18 12:26:29,816] {processor.py:161} INFO - Processing /home/kai/.local/lib/python3.8/site-packages/airflow/example_dags/tutorial_taskflow_api_etl.py took 0.091 seconds
[2024-08-18 12:27:03,536] {processor.py:153} INFO - Started process (PID=12165) to work on /home/kai/.local/lib/python3.8/site-packages/airflow/example_dags/tutorial_taskflow_api_etl.py
[2024-08-18 12:27:03,536] {processor.py:641} INFO - Processing file /home/kai/.local/lib/python3.8/site-packages/airflow/example_dags/tutorial_taskflow_api_etl.py for tasks to queue
[2024-08-18 12:27:03,537] {logging_mixin.py:115} INFO - [2024-08-18 12:27:03,537] {dagbag.py:507} INFO - Filling up the DagBag from /home/kai/.local/lib/python3.8/site-packages/airflow/example_dags/tutorial_taskflow_api_etl.py
[2024-08-18 12:27:03,555] {processor.py:651} INFO - DAG(s) dict_keys(['tutorial_taskflow_api_etl']) retrieved from /home/kai/.local/lib/python3.8/site-packages/airflow/example_dags/tutorial_taskflow_api_etl.py
[2024-08-18 12:27:03,569] {logging_mixin.py:115} INFO - [2024-08-18 12:27:03,569] {dag.py:2379} INFO - Sync 1 DAGs
[2024-08-18 12:27:03,586] {logging_mixin.py:115} INFO - [2024-08-18 12:27:03,586] {dag.py:2927} INFO - Setting next_dagrun for tutorial_taskflow_api_etl to None, run_after=None
[2024-08-18 12:27:03,598] {processor.py:161} INFO - Processing /home/kai/.local/lib/python3.8/site-packages/airflow/example_dags/tutorial_taskflow_api_etl.py took 0.066 seconds
[2024-08-18 12:27:33,926] {processor.py:153} INFO - Started process (PID=12325) to work on /home/kai/.local/lib/python3.8/site-packages/airflow/example_dags/tutorial_taskflow_api_etl.py
[2024-08-18 12:27:33,927] {processor.py:641} INFO - Processing file /home/kai/.local/lib/python3.8/site-packages/airflow/example_dags/tutorial_taskflow_api_etl.py for tasks to queue
[2024-08-18 12:27:33,927] {logging_mixin.py:115} INFO - [2024-08-18 12:27:33,927] {dagbag.py:507} INFO - Filling up the DagBag from /home/kai/.local/lib/python3.8/site-packages/airflow/example_dags/tutorial_taskflow_api_etl.py
[2024-08-18 12:27:33,942] {processor.py:651} INFO - DAG(s) dict_keys(['tutorial_taskflow_api_etl']) retrieved from /home/kai/.local/lib/python3.8/site-packages/airflow/example_dags/tutorial_taskflow_api_etl.py
[2024-08-18 12:27:33,964] {logging_mixin.py:115} INFO - [2024-08-18 12:27:33,964] {dag.py:2379} INFO - Sync 1 DAGs
[2024-08-18 12:27:33,982] {logging_mixin.py:115} INFO - [2024-08-18 12:27:33,981] {dag.py:2927} INFO - Setting next_dagrun for tutorial_taskflow_api_etl to None, run_after=None
[2024-08-18 12:27:33,994] {processor.py:161} INFO - Processing /home/kai/.local/lib/python3.8/site-packages/airflow/example_dags/tutorial_taskflow_api_etl.py took 0.070 seconds
[2024-08-18 19:40:30,194] {processor.py:153} INFO - Started process (PID=12856) to work on /home/kai/.local/lib/python3.8/site-packages/airflow/example_dags/tutorial_taskflow_api_etl.py
[2024-08-18 19:40:30,196] {processor.py:641} INFO - Processing file /home/kai/.local/lib/python3.8/site-packages/airflow/example_dags/tutorial_taskflow_api_etl.py for tasks to queue
[2024-08-18 19:40:30,197] {logging_mixin.py:115} INFO - [2024-08-18 19:40:30,196] {dagbag.py:507} INFO - Filling up the DagBag from /home/kai/.local/lib/python3.8/site-packages/airflow/example_dags/tutorial_taskflow_api_etl.py
[2024-08-18 19:40:30,230] {processor.py:651} INFO - DAG(s) dict_keys(['tutorial_taskflow_api_etl']) retrieved from /home/kai/.local/lib/python3.8/site-packages/airflow/example_dags/tutorial_taskflow_api_etl.py
[2024-08-18 19:40:30,314] {logging_mixin.py:115} INFO - [2024-08-18 19:40:30,313] {dag.py:2379} INFO - Sync 1 DAGs
[2024-08-18 19:40:30,339] {logging_mixin.py:115} INFO - [2024-08-18 19:40:30,339] {dag.py:2927} INFO - Setting next_dagrun for tutorial_taskflow_api_etl to None, run_after=None
[2024-08-18 19:40:30,354] {processor.py:161} INFO - Processing /home/kai/.local/lib/python3.8/site-packages/airflow/example_dags/tutorial_taskflow_api_etl.py took 0.164 seconds
[2024-08-18 19:41:04,680] {processor.py:153} INFO - Started process (PID=13359) to work on /home/kai/.local/lib/python3.8/site-packages/airflow/example_dags/tutorial_taskflow_api_etl.py
[2024-08-18 19:41:04,681] {processor.py:641} INFO - Processing file /home/kai/.local/lib/python3.8/site-packages/airflow/example_dags/tutorial_taskflow_api_etl.py for tasks to queue
[2024-08-18 19:41:04,681] {logging_mixin.py:115} INFO - [2024-08-18 19:41:04,681] {dagbag.py:507} INFO - Filling up the DagBag from /home/kai/.local/lib/python3.8/site-packages/airflow/example_dags/tutorial_taskflow_api_etl.py
[2024-08-18 19:41:04,696] {processor.py:651} INFO - DAG(s) dict_keys(['tutorial_taskflow_api_etl']) retrieved from /home/kai/.local/lib/python3.8/site-packages/airflow/example_dags/tutorial_taskflow_api_etl.py
[2024-08-18 19:41:04,729] {logging_mixin.py:115} INFO - [2024-08-18 19:41:04,729] {dag.py:2379} INFO - Sync 1 DAGs
[2024-08-18 19:41:04,740] {logging_mixin.py:115} INFO - [2024-08-18 19:41:04,740] {dag.py:2927} INFO - Setting next_dagrun for tutorial_taskflow_api_etl to None, run_after=None
[2024-08-18 19:41:04,751] {processor.py:161} INFO - Processing /home/kai/.local/lib/python3.8/site-packages/airflow/example_dags/tutorial_taskflow_api_etl.py took 0.074 seconds
[2024-08-18 19:41:37,275] {processor.py:153} INFO - Started process (PID=13527) to work on /home/kai/.local/lib/python3.8/site-packages/airflow/example_dags/tutorial_taskflow_api_etl.py
[2024-08-18 19:41:37,277] {processor.py:641} INFO - Processing file /home/kai/.local/lib/python3.8/site-packages/airflow/example_dags/tutorial_taskflow_api_etl.py for tasks to queue
[2024-08-18 19:41:37,278] {logging_mixin.py:115} INFO - [2024-08-18 19:41:37,278] {dagbag.py:507} INFO - Filling up the DagBag from /home/kai/.local/lib/python3.8/site-packages/airflow/example_dags/tutorial_taskflow_api_etl.py
[2024-08-18 19:41:37,293] {processor.py:651} INFO - DAG(s) dict_keys(['tutorial_taskflow_api_etl']) retrieved from /home/kai/.local/lib/python3.8/site-packages/airflow/example_dags/tutorial_taskflow_api_etl.py
[2024-08-18 19:41:37,307] {logging_mixin.py:115} INFO - [2024-08-18 19:41:37,307] {dag.py:2379} INFO - Sync 1 DAGs
[2024-08-18 19:41:37,322] {logging_mixin.py:115} INFO - [2024-08-18 19:41:37,322] {dag.py:2927} INFO - Setting next_dagrun for tutorial_taskflow_api_etl to None, run_after=None
[2024-08-18 19:41:37,333] {processor.py:161} INFO - Processing /home/kai/.local/lib/python3.8/site-packages/airflow/example_dags/tutorial_taskflow_api_etl.py took 0.063 seconds
[2024-08-18 19:42:10,893] {processor.py:153} INFO - Started process (PID=13688) to work on /home/kai/.local/lib/python3.8/site-packages/airflow/example_dags/tutorial_taskflow_api_etl.py
[2024-08-18 19:42:10,894] {processor.py:641} INFO - Processing file /home/kai/.local/lib/python3.8/site-packages/airflow/example_dags/tutorial_taskflow_api_etl.py for tasks to queue
[2024-08-18 19:42:10,895] {logging_mixin.py:115} INFO - [2024-08-18 19:42:10,894] {dagbag.py:507} INFO - Filling up the DagBag from /home/kai/.local/lib/python3.8/site-packages/airflow/example_dags/tutorial_taskflow_api_etl.py
[2024-08-18 19:42:10,909] {processor.py:651} INFO - DAG(s) dict_keys(['tutorial_taskflow_api_etl']) retrieved from /home/kai/.local/lib/python3.8/site-packages/airflow/example_dags/tutorial_taskflow_api_etl.py
[2024-08-18 19:42:10,922] {logging_mixin.py:115} INFO - [2024-08-18 19:42:10,922] {dag.py:2379} INFO - Sync 1 DAGs
[2024-08-18 19:42:10,934] {logging_mixin.py:115} INFO - [2024-08-18 19:42:10,934] {dag.py:2927} INFO - Setting next_dagrun for tutorial_taskflow_api_etl to None, run_after=None
[2024-08-18 19:42:10,950] {processor.py:161} INFO - Processing /home/kai/.local/lib/python3.8/site-packages/airflow/example_dags/tutorial_taskflow_api_etl.py took 0.059 seconds
[2024-08-18 19:42:44,228] {processor.py:153} INFO - Started process (PID=13869) to work on /home/kai/.local/lib/python3.8/site-packages/airflow/example_dags/tutorial_taskflow_api_etl.py
[2024-08-18 19:42:44,229] {processor.py:641} INFO - Processing file /home/kai/.local/lib/python3.8/site-packages/airflow/example_dags/tutorial_taskflow_api_etl.py for tasks to queue
[2024-08-18 19:42:44,229] {logging_mixin.py:115} INFO - [2024-08-18 19:42:44,229] {dagbag.py:507} INFO - Filling up the DagBag from /home/kai/.local/lib/python3.8/site-packages/airflow/example_dags/tutorial_taskflow_api_etl.py
[2024-08-18 19:42:44,247] {processor.py:651} INFO - DAG(s) dict_keys(['tutorial_taskflow_api_etl']) retrieved from /home/kai/.local/lib/python3.8/site-packages/airflow/example_dags/tutorial_taskflow_api_etl.py
[2024-08-18 19:42:44,261] {logging_mixin.py:115} INFO - [2024-08-18 19:42:44,261] {dag.py:2379} INFO - Sync 1 DAGs
[2024-08-18 19:42:44,276] {logging_mixin.py:115} INFO - [2024-08-18 19:42:44,276] {dag.py:2927} INFO - Setting next_dagrun for tutorial_taskflow_api_etl to None, run_after=None
[2024-08-18 19:42:44,287] {processor.py:161} INFO - Processing /home/kai/.local/lib/python3.8/site-packages/airflow/example_dags/tutorial_taskflow_api_etl.py took 0.065 seconds
[2024-08-18 19:43:17,424] {processor.py:153} INFO - Started process (PID=14030) to work on /home/kai/.local/lib/python3.8/site-packages/airflow/example_dags/tutorial_taskflow_api_etl.py
[2024-08-18 19:43:17,425] {processor.py:641} INFO - Processing file /home/kai/.local/lib/python3.8/site-packages/airflow/example_dags/tutorial_taskflow_api_etl.py for tasks to queue
[2024-08-18 19:43:17,426] {logging_mixin.py:115} INFO - [2024-08-18 19:43:17,426] {dagbag.py:507} INFO - Filling up the DagBag from /home/kai/.local/lib/python3.8/site-packages/airflow/example_dags/tutorial_taskflow_api_etl.py
[2024-08-18 19:43:17,446] {processor.py:651} INFO - DAG(s) dict_keys(['tutorial_taskflow_api_etl']) retrieved from /home/kai/.local/lib/python3.8/site-packages/airflow/example_dags/tutorial_taskflow_api_etl.py
[2024-08-18 19:43:17,488] {logging_mixin.py:115} INFO - [2024-08-18 19:43:17,488] {dag.py:2379} INFO - Sync 1 DAGs
[2024-08-18 19:43:17,506] {logging_mixin.py:115} INFO - [2024-08-18 19:43:17,506] {dag.py:2927} INFO - Setting next_dagrun for tutorial_taskflow_api_etl to None, run_after=None
[2024-08-18 19:43:17,518] {processor.py:161} INFO - Processing /home/kai/.local/lib/python3.8/site-packages/airflow/example_dags/tutorial_taskflow_api_etl.py took 0.099 seconds
[2024-08-18 19:43:49,950] {processor.py:153} INFO - Started process (PID=14200) to work on /home/kai/.local/lib/python3.8/site-packages/airflow/example_dags/tutorial_taskflow_api_etl.py
[2024-08-18 19:43:49,950] {processor.py:641} INFO - Processing file /home/kai/.local/lib/python3.8/site-packages/airflow/example_dags/tutorial_taskflow_api_etl.py for tasks to queue
[2024-08-18 19:43:49,951] {logging_mixin.py:115} INFO - [2024-08-18 19:43:49,951] {dagbag.py:507} INFO - Filling up the DagBag from /home/kai/.local/lib/python3.8/site-packages/airflow/example_dags/tutorial_taskflow_api_etl.py
[2024-08-18 19:43:49,964] {processor.py:651} INFO - DAG(s) dict_keys(['tutorial_taskflow_api_etl']) retrieved from /home/kai/.local/lib/python3.8/site-packages/airflow/example_dags/tutorial_taskflow_api_etl.py
[2024-08-18 19:43:49,975] {logging_mixin.py:115} INFO - [2024-08-18 19:43:49,975] {dag.py:2379} INFO - Sync 1 DAGs
[2024-08-18 19:43:49,988] {logging_mixin.py:115} INFO - [2024-08-18 19:43:49,988] {dag.py:2927} INFO - Setting next_dagrun for tutorial_taskflow_api_etl to None, run_after=None
[2024-08-18 19:43:50,001] {processor.py:161} INFO - Processing /home/kai/.local/lib/python3.8/site-packages/airflow/example_dags/tutorial_taskflow_api_etl.py took 0.053 seconds
[2024-08-18 19:44:21,943] {processor.py:153} INFO - Started process (PID=14421) to work on /home/kai/.local/lib/python3.8/site-packages/airflow/example_dags/tutorial_taskflow_api_etl.py
[2024-08-18 19:44:21,944] {processor.py:641} INFO - Processing file /home/kai/.local/lib/python3.8/site-packages/airflow/example_dags/tutorial_taskflow_api_etl.py for tasks to queue
[2024-08-18 19:44:21,945] {logging_mixin.py:115} INFO - [2024-08-18 19:44:21,945] {dagbag.py:507} INFO - Filling up the DagBag from /home/kai/.local/lib/python3.8/site-packages/airflow/example_dags/tutorial_taskflow_api_etl.py
[2024-08-18 19:44:21,959] {processor.py:651} INFO - DAG(s) dict_keys(['tutorial_taskflow_api_etl']) retrieved from /home/kai/.local/lib/python3.8/site-packages/airflow/example_dags/tutorial_taskflow_api_etl.py
[2024-08-18 19:44:21,972] {logging_mixin.py:115} INFO - [2024-08-18 19:44:21,972] {dag.py:2379} INFO - Sync 1 DAGs
[2024-08-18 19:44:21,985] {logging_mixin.py:115} INFO - [2024-08-18 19:44:21,985] {dag.py:2927} INFO - Setting next_dagrun for tutorial_taskflow_api_etl to None, run_after=None
[2024-08-18 19:44:21,997] {processor.py:161} INFO - Processing /home/kai/.local/lib/python3.8/site-packages/airflow/example_dags/tutorial_taskflow_api_etl.py took 0.056 seconds
[2024-08-18 19:44:53,422] {processor.py:153} INFO - Started process (PID=14627) to work on /home/kai/.local/lib/python3.8/site-packages/airflow/example_dags/tutorial_taskflow_api_etl.py
[2024-08-18 19:44:53,422] {processor.py:641} INFO - Processing file /home/kai/.local/lib/python3.8/site-packages/airflow/example_dags/tutorial_taskflow_api_etl.py for tasks to queue
[2024-08-18 19:44:53,423] {logging_mixin.py:115} INFO - [2024-08-18 19:44:53,423] {dagbag.py:507} INFO - Filling up the DagBag from /home/kai/.local/lib/python3.8/site-packages/airflow/example_dags/tutorial_taskflow_api_etl.py
[2024-08-18 19:44:53,440] {processor.py:651} INFO - DAG(s) dict_keys(['tutorial_taskflow_api_etl']) retrieved from /home/kai/.local/lib/python3.8/site-packages/airflow/example_dags/tutorial_taskflow_api_etl.py
[2024-08-18 19:44:53,453] {logging_mixin.py:115} INFO - [2024-08-18 19:44:53,453] {dag.py:2379} INFO - Sync 1 DAGs
[2024-08-18 19:44:53,465] {logging_mixin.py:115} INFO - [2024-08-18 19:44:53,465] {dag.py:2927} INFO - Setting next_dagrun for tutorial_taskflow_api_etl to None, run_after=None
[2024-08-18 19:44:53,478] {processor.py:161} INFO - Processing /home/kai/.local/lib/python3.8/site-packages/airflow/example_dags/tutorial_taskflow_api_etl.py took 0.059 seconds
[2024-08-18 19:45:28,878] {processor.py:153} INFO - Started process (PID=14858) to work on /home/kai/.local/lib/python3.8/site-packages/airflow/example_dags/tutorial_taskflow_api_etl.py
[2024-08-18 19:45:28,878] {processor.py:641} INFO - Processing file /home/kai/.local/lib/python3.8/site-packages/airflow/example_dags/tutorial_taskflow_api_etl.py for tasks to queue
[2024-08-18 19:45:28,879] {logging_mixin.py:115} INFO - [2024-08-18 19:45:28,879] {dagbag.py:507} INFO - Filling up the DagBag from /home/kai/.local/lib/python3.8/site-packages/airflow/example_dags/tutorial_taskflow_api_etl.py
[2024-08-18 19:45:28,898] {processor.py:651} INFO - DAG(s) dict_keys(['tutorial_taskflow_api_etl']) retrieved from /home/kai/.local/lib/python3.8/site-packages/airflow/example_dags/tutorial_taskflow_api_etl.py
[2024-08-18 19:45:28,941] {logging_mixin.py:115} INFO - [2024-08-18 19:45:28,941] {dag.py:2379} INFO - Sync 1 DAGs
[2024-08-18 19:45:28,954] {logging_mixin.py:115} INFO - [2024-08-18 19:45:28,954] {dag.py:2927} INFO - Setting next_dagrun for tutorial_taskflow_api_etl to None, run_after=None
[2024-08-18 19:45:28,969] {processor.py:161} INFO - Processing /home/kai/.local/lib/python3.8/site-packages/airflow/example_dags/tutorial_taskflow_api_etl.py took 0.094 seconds
