[2024-08-18 11:50:02,717] {processor.py:153} INFO - Started process (PID=771050) to work on /home/kai/.local/lib/python3.8/site-packages/airflow/example_dags/tutorial_etl_dag.py
[2024-08-18 11:50:02,722] {processor.py:641} INFO - Processing file /home/kai/.local/lib/python3.8/site-packages/airflow/example_dags/tutorial_etl_dag.py for tasks to queue
[2024-08-18 11:50:02,723] {logging_mixin.py:115} INFO - [2024-08-18 11:50:02,723] {dagbag.py:507} INFO - Filling up the DagBag from /home/kai/.local/lib/python3.8/site-packages/airflow/example_dags/tutorial_etl_dag.py
[2024-08-18 11:50:02,746] {processor.py:651} INFO - DAG(s) dict_keys(['tutorial_etl_dag']) retrieved from /home/kai/.local/lib/python3.8/site-packages/airflow/example_dags/tutorial_etl_dag.py
[2024-08-18 11:50:02,869] {logging_mixin.py:115} INFO - [2024-08-18 11:50:02,869] {manager.py:508} INFO - Created Permission View: can delete on DAG:tutorial_etl_dag
[2024-08-18 11:50:02,879] {logging_mixin.py:115} INFO - [2024-08-18 11:50:02,879] {manager.py:508} INFO - Created Permission View: can read on DAG:tutorial_etl_dag
[2024-08-18 11:50:02,889] {logging_mixin.py:115} INFO - [2024-08-18 11:50:02,889] {manager.py:508} INFO - Created Permission View: can edit on DAG:tutorial_etl_dag
[2024-08-18 11:50:02,889] {logging_mixin.py:115} INFO - [2024-08-18 11:50:02,889] {dag.py:2379} INFO - Sync 1 DAGs
[2024-08-18 11:50:02,896] {logging_mixin.py:115} INFO - [2024-08-18 11:50:02,896] {dag.py:2398} INFO - Creating ORM DAG for tutorial_etl_dag
[2024-08-18 11:50:02,909] {logging_mixin.py:115} INFO - [2024-08-18 11:50:02,909] {dag.py:2927} INFO - Setting next_dagrun for tutorial_etl_dag to None, run_after=None
[2024-08-18 11:50:02,920] {processor.py:161} INFO - Processing /home/kai/.local/lib/python3.8/site-packages/airflow/example_dags/tutorial_etl_dag.py took 0.210 seconds
[2024-08-18 11:50:39,968] {processor.py:153} INFO - Started process (PID=771490) to work on /home/kai/.local/lib/python3.8/site-packages/airflow/example_dags/tutorial_etl_dag.py
[2024-08-18 11:50:39,968] {processor.py:641} INFO - Processing file /home/kai/.local/lib/python3.8/site-packages/airflow/example_dags/tutorial_etl_dag.py for tasks to queue
[2024-08-18 11:50:39,969] {logging_mixin.py:115} INFO - [2024-08-18 11:50:39,969] {dagbag.py:507} INFO - Filling up the DagBag from /home/kai/.local/lib/python3.8/site-packages/airflow/example_dags/tutorial_etl_dag.py
[2024-08-18 11:50:39,978] {processor.py:651} INFO - DAG(s) dict_keys(['tutorial_etl_dag']) retrieved from /home/kai/.local/lib/python3.8/site-packages/airflow/example_dags/tutorial_etl_dag.py
[2024-08-18 11:50:39,996] {logging_mixin.py:115} INFO - [2024-08-18 11:50:39,996] {dag.py:2379} INFO - Sync 1 DAGs
[2024-08-18 11:50:40,014] {logging_mixin.py:115} INFO - [2024-08-18 11:50:40,014] {dag.py:2927} INFO - Setting next_dagrun for tutorial_etl_dag to None, run_after=None
[2024-08-18 11:50:40,026] {processor.py:161} INFO - Processing /home/kai/.local/lib/python3.8/site-packages/airflow/example_dags/tutorial_etl_dag.py took 0.061 seconds
[2024-08-18 11:51:14,021] {processor.py:153} INFO - Started process (PID=771897) to work on /home/kai/.local/lib/python3.8/site-packages/airflow/example_dags/tutorial_etl_dag.py
[2024-08-18 11:51:14,025] {processor.py:641} INFO - Processing file /home/kai/.local/lib/python3.8/site-packages/airflow/example_dags/tutorial_etl_dag.py for tasks to queue
[2024-08-18 11:51:14,026] {logging_mixin.py:115} INFO - [2024-08-18 11:51:14,026] {dagbag.py:507} INFO - Filling up the DagBag from /home/kai/.local/lib/python3.8/site-packages/airflow/example_dags/tutorial_etl_dag.py
[2024-08-18 11:51:14,035] {processor.py:651} INFO - DAG(s) dict_keys(['tutorial_etl_dag']) retrieved from /home/kai/.local/lib/python3.8/site-packages/airflow/example_dags/tutorial_etl_dag.py
[2024-08-18 11:51:14,061] {logging_mixin.py:115} INFO - [2024-08-18 11:51:14,061] {dag.py:2379} INFO - Sync 1 DAGs
[2024-08-18 11:51:14,099] {logging_mixin.py:115} INFO - [2024-08-18 11:51:14,099] {dag.py:2927} INFO - Setting next_dagrun for tutorial_etl_dag to None, run_after=None
[2024-08-18 11:51:14,117] {processor.py:161} INFO - Processing /home/kai/.local/lib/python3.8/site-packages/airflow/example_dags/tutorial_etl_dag.py took 0.104 seconds
[2024-08-18 11:51:50,255] {processor.py:153} INFO - Started process (PID=772536) to work on /home/kai/.local/lib/python3.8/site-packages/airflow/example_dags/tutorial_etl_dag.py
[2024-08-18 11:51:50,264] {processor.py:641} INFO - Processing file /home/kai/.local/lib/python3.8/site-packages/airflow/example_dags/tutorial_etl_dag.py for tasks to queue
[2024-08-18 11:51:50,265] {logging_mixin.py:115} INFO - [2024-08-18 11:51:50,265] {dagbag.py:507} INFO - Filling up the DagBag from /home/kai/.local/lib/python3.8/site-packages/airflow/example_dags/tutorial_etl_dag.py
[2024-08-18 11:51:50,285] {processor.py:651} INFO - DAG(s) dict_keys(['tutorial_etl_dag']) retrieved from /home/kai/.local/lib/python3.8/site-packages/airflow/example_dags/tutorial_etl_dag.py
[2024-08-18 11:51:50,326] {logging_mixin.py:115} INFO - [2024-08-18 11:51:50,326] {dag.py:2379} INFO - Sync 1 DAGs
[2024-08-18 11:51:50,355] {logging_mixin.py:115} INFO - [2024-08-18 11:51:50,355] {dag.py:2927} INFO - Setting next_dagrun for tutorial_etl_dag to None, run_after=None
[2024-08-18 11:51:50,380] {processor.py:161} INFO - Processing /home/kai/.local/lib/python3.8/site-packages/airflow/example_dags/tutorial_etl_dag.py took 0.132 seconds
[2024-08-18 11:52:24,998] {processor.py:153} INFO - Started process (PID=773051) to work on /home/kai/.local/lib/python3.8/site-packages/airflow/example_dags/tutorial_etl_dag.py
[2024-08-18 11:52:24,999] {processor.py:641} INFO - Processing file /home/kai/.local/lib/python3.8/site-packages/airflow/example_dags/tutorial_etl_dag.py for tasks to queue
[2024-08-18 11:52:25,000] {logging_mixin.py:115} INFO - [2024-08-18 11:52:25,000] {dagbag.py:507} INFO - Filling up the DagBag from /home/kai/.local/lib/python3.8/site-packages/airflow/example_dags/tutorial_etl_dag.py
[2024-08-18 11:52:25,013] {processor.py:651} INFO - DAG(s) dict_keys(['tutorial_etl_dag']) retrieved from /home/kai/.local/lib/python3.8/site-packages/airflow/example_dags/tutorial_etl_dag.py
[2024-08-18 11:52:25,043] {logging_mixin.py:115} INFO - [2024-08-18 11:52:25,043] {dag.py:2379} INFO - Sync 1 DAGs
[2024-08-18 11:52:25,072] {logging_mixin.py:115} INFO - [2024-08-18 11:52:25,072] {dag.py:2927} INFO - Setting next_dagrun for tutorial_etl_dag to None, run_after=None
[2024-08-18 11:52:25,088] {processor.py:161} INFO - Processing /home/kai/.local/lib/python3.8/site-packages/airflow/example_dags/tutorial_etl_dag.py took 0.093 seconds
[2024-08-18 11:52:59,183] {processor.py:153} INFO - Started process (PID=773452) to work on /home/kai/.local/lib/python3.8/site-packages/airflow/example_dags/tutorial_etl_dag.py
[2024-08-18 11:52:59,192] {processor.py:641} INFO - Processing file /home/kai/.local/lib/python3.8/site-packages/airflow/example_dags/tutorial_etl_dag.py for tasks to queue
[2024-08-18 11:52:59,193] {logging_mixin.py:115} INFO - [2024-08-18 11:52:59,193] {dagbag.py:507} INFO - Filling up the DagBag from /home/kai/.local/lib/python3.8/site-packages/airflow/example_dags/tutorial_etl_dag.py
[2024-08-18 11:52:59,201] {processor.py:651} INFO - DAG(s) dict_keys(['tutorial_etl_dag']) retrieved from /home/kai/.local/lib/python3.8/site-packages/airflow/example_dags/tutorial_etl_dag.py
[2024-08-18 11:52:59,236] {logging_mixin.py:115} INFO - [2024-08-18 11:52:59,236] {dag.py:2379} INFO - Sync 1 DAGs
[2024-08-18 11:52:59,277] {logging_mixin.py:115} INFO - [2024-08-18 11:52:59,277] {dag.py:2927} INFO - Setting next_dagrun for tutorial_etl_dag to None, run_after=None
[2024-08-18 11:52:59,304] {processor.py:161} INFO - Processing /home/kai/.local/lib/python3.8/site-packages/airflow/example_dags/tutorial_etl_dag.py took 0.126 seconds
[2024-08-18 11:53:33,254] {processor.py:153} INFO - Started process (PID=773854) to work on /home/kai/.local/lib/python3.8/site-packages/airflow/example_dags/tutorial_etl_dag.py
[2024-08-18 11:53:33,256] {processor.py:641} INFO - Processing file /home/kai/.local/lib/python3.8/site-packages/airflow/example_dags/tutorial_etl_dag.py for tasks to queue
[2024-08-18 11:53:33,257] {logging_mixin.py:115} INFO - [2024-08-18 11:53:33,256] {dagbag.py:507} INFO - Filling up the DagBag from /home/kai/.local/lib/python3.8/site-packages/airflow/example_dags/tutorial_etl_dag.py
[2024-08-18 11:53:33,285] {processor.py:651} INFO - DAG(s) dict_keys(['tutorial_etl_dag']) retrieved from /home/kai/.local/lib/python3.8/site-packages/airflow/example_dags/tutorial_etl_dag.py
[2024-08-18 11:53:33,314] {logging_mixin.py:115} INFO - [2024-08-18 11:53:33,314] {dag.py:2379} INFO - Sync 1 DAGs
[2024-08-18 11:53:33,343] {logging_mixin.py:115} INFO - [2024-08-18 11:53:33,343] {dag.py:2927} INFO - Setting next_dagrun for tutorial_etl_dag to None, run_after=None
[2024-08-18 11:53:33,359] {processor.py:161} INFO - Processing /home/kai/.local/lib/python3.8/site-packages/airflow/example_dags/tutorial_etl_dag.py took 0.107 seconds
[2024-08-18 11:54:08,533] {processor.py:153} INFO - Started process (PID=774279) to work on /home/kai/.local/lib/python3.8/site-packages/airflow/example_dags/tutorial_etl_dag.py
[2024-08-18 11:54:08,534] {processor.py:641} INFO - Processing file /home/kai/.local/lib/python3.8/site-packages/airflow/example_dags/tutorial_etl_dag.py for tasks to queue
[2024-08-18 11:54:08,534] {logging_mixin.py:115} INFO - [2024-08-18 11:54:08,534] {dagbag.py:507} INFO - Filling up the DagBag from /home/kai/.local/lib/python3.8/site-packages/airflow/example_dags/tutorial_etl_dag.py
[2024-08-18 11:54:08,541] {processor.py:651} INFO - DAG(s) dict_keys(['tutorial_etl_dag']) retrieved from /home/kai/.local/lib/python3.8/site-packages/airflow/example_dags/tutorial_etl_dag.py
[2024-08-18 11:54:08,559] {logging_mixin.py:115} INFO - [2024-08-18 11:54:08,559] {dag.py:2379} INFO - Sync 1 DAGs
[2024-08-18 11:54:08,585] {logging_mixin.py:115} INFO - [2024-08-18 11:54:08,585] {dag.py:2927} INFO - Setting next_dagrun for tutorial_etl_dag to None, run_after=None
[2024-08-18 11:54:08,600] {processor.py:161} INFO - Processing /home/kai/.local/lib/python3.8/site-packages/airflow/example_dags/tutorial_etl_dag.py took 0.070 seconds
[2024-08-18 11:54:43,295] {processor.py:153} INFO - Started process (PID=774674) to work on /home/kai/.local/lib/python3.8/site-packages/airflow/example_dags/tutorial_etl_dag.py
[2024-08-18 11:54:43,296] {processor.py:641} INFO - Processing file /home/kai/.local/lib/python3.8/site-packages/airflow/example_dags/tutorial_etl_dag.py for tasks to queue
[2024-08-18 11:54:43,297] {logging_mixin.py:115} INFO - [2024-08-18 11:54:43,297] {dagbag.py:507} INFO - Filling up the DagBag from /home/kai/.local/lib/python3.8/site-packages/airflow/example_dags/tutorial_etl_dag.py
[2024-08-18 11:54:43,311] {processor.py:651} INFO - DAG(s) dict_keys(['tutorial_etl_dag']) retrieved from /home/kai/.local/lib/python3.8/site-packages/airflow/example_dags/tutorial_etl_dag.py
[2024-08-18 11:54:43,344] {logging_mixin.py:115} INFO - [2024-08-18 11:54:43,344] {dag.py:2379} INFO - Sync 1 DAGs
[2024-08-18 11:54:43,362] {logging_mixin.py:115} INFO - [2024-08-18 11:54:43,362] {dag.py:2927} INFO - Setting next_dagrun for tutorial_etl_dag to None, run_after=None
[2024-08-18 11:54:43,375] {processor.py:161} INFO - Processing /home/kai/.local/lib/python3.8/site-packages/airflow/example_dags/tutorial_etl_dag.py took 0.084 seconds
[2024-08-18 11:55:16,921] {processor.py:153} INFO - Started process (PID=775099) to work on /home/kai/.local/lib/python3.8/site-packages/airflow/example_dags/tutorial_etl_dag.py
[2024-08-18 11:55:16,921] {processor.py:641} INFO - Processing file /home/kai/.local/lib/python3.8/site-packages/airflow/example_dags/tutorial_etl_dag.py for tasks to queue
[2024-08-18 11:55:16,922] {logging_mixin.py:115} INFO - [2024-08-18 11:55:16,922] {dagbag.py:507} INFO - Filling up the DagBag from /home/kai/.local/lib/python3.8/site-packages/airflow/example_dags/tutorial_etl_dag.py
[2024-08-18 11:55:16,932] {processor.py:651} INFO - DAG(s) dict_keys(['tutorial_etl_dag']) retrieved from /home/kai/.local/lib/python3.8/site-packages/airflow/example_dags/tutorial_etl_dag.py
[2024-08-18 11:55:16,959] {logging_mixin.py:115} INFO - [2024-08-18 11:55:16,958] {dag.py:2379} INFO - Sync 1 DAGs
[2024-08-18 11:55:16,980] {logging_mixin.py:115} INFO - [2024-08-18 11:55:16,980] {dag.py:2927} INFO - Setting next_dagrun for tutorial_etl_dag to None, run_after=None
[2024-08-18 11:55:16,992] {processor.py:161} INFO - Processing /home/kai/.local/lib/python3.8/site-packages/airflow/example_dags/tutorial_etl_dag.py took 0.074 seconds
[2024-08-18 11:55:51,508] {processor.py:153} INFO - Started process (PID=775498) to work on /home/kai/.local/lib/python3.8/site-packages/airflow/example_dags/tutorial_etl_dag.py
[2024-08-18 11:55:51,517] {processor.py:641} INFO - Processing file /home/kai/.local/lib/python3.8/site-packages/airflow/example_dags/tutorial_etl_dag.py for tasks to queue
[2024-08-18 11:55:51,518] {logging_mixin.py:115} INFO - [2024-08-18 11:55:51,518] {dagbag.py:507} INFO - Filling up the DagBag from /home/kai/.local/lib/python3.8/site-packages/airflow/example_dags/tutorial_etl_dag.py
[2024-08-18 11:55:51,541] {processor.py:651} INFO - DAG(s) dict_keys(['tutorial_etl_dag']) retrieved from /home/kai/.local/lib/python3.8/site-packages/airflow/example_dags/tutorial_etl_dag.py
[2024-08-18 11:55:51,576] {logging_mixin.py:115} INFO - [2024-08-18 11:55:51,576] {dag.py:2379} INFO - Sync 1 DAGs
[2024-08-18 11:55:51,596] {logging_mixin.py:115} INFO - [2024-08-18 11:55:51,596] {dag.py:2927} INFO - Setting next_dagrun for tutorial_etl_dag to None, run_after=None
[2024-08-18 11:55:51,611] {processor.py:161} INFO - Processing /home/kai/.local/lib/python3.8/site-packages/airflow/example_dags/tutorial_etl_dag.py took 0.106 seconds
[2024-08-18 11:56:24,590] {processor.py:153} INFO - Started process (PID=775889) to work on /home/kai/.local/lib/python3.8/site-packages/airflow/example_dags/tutorial_etl_dag.py
[2024-08-18 11:56:24,591] {processor.py:641} INFO - Processing file /home/kai/.local/lib/python3.8/site-packages/airflow/example_dags/tutorial_etl_dag.py for tasks to queue
[2024-08-18 11:56:24,591] {logging_mixin.py:115} INFO - [2024-08-18 11:56:24,591] {dagbag.py:507} INFO - Filling up the DagBag from /home/kai/.local/lib/python3.8/site-packages/airflow/example_dags/tutorial_etl_dag.py
[2024-08-18 11:56:24,605] {processor.py:651} INFO - DAG(s) dict_keys(['tutorial_etl_dag']) retrieved from /home/kai/.local/lib/python3.8/site-packages/airflow/example_dags/tutorial_etl_dag.py
[2024-08-18 11:56:24,632] {logging_mixin.py:115} INFO - [2024-08-18 11:56:24,632] {dag.py:2379} INFO - Sync 1 DAGs
[2024-08-18 11:56:24,655] {logging_mixin.py:115} INFO - [2024-08-18 11:56:24,654] {dag.py:2927} INFO - Setting next_dagrun for tutorial_etl_dag to None, run_after=None
[2024-08-18 11:56:24,667] {processor.py:161} INFO - Processing /home/kai/.local/lib/python3.8/site-packages/airflow/example_dags/tutorial_etl_dag.py took 0.080 seconds
[2024-08-18 11:56:59,806] {processor.py:153} INFO - Started process (PID=776276) to work on /home/kai/.local/lib/python3.8/site-packages/airflow/example_dags/tutorial_etl_dag.py
[2024-08-18 11:56:59,807] {processor.py:641} INFO - Processing file /home/kai/.local/lib/python3.8/site-packages/airflow/example_dags/tutorial_etl_dag.py for tasks to queue
[2024-08-18 11:56:59,807] {logging_mixin.py:115} INFO - [2024-08-18 11:56:59,807] {dagbag.py:507} INFO - Filling up the DagBag from /home/kai/.local/lib/python3.8/site-packages/airflow/example_dags/tutorial_etl_dag.py
[2024-08-18 11:56:59,822] {processor.py:651} INFO - DAG(s) dict_keys(['tutorial_etl_dag']) retrieved from /home/kai/.local/lib/python3.8/site-packages/airflow/example_dags/tutorial_etl_dag.py
[2024-08-18 11:56:59,885] {logging_mixin.py:115} INFO - [2024-08-18 11:56:59,885] {dag.py:2379} INFO - Sync 1 DAGs
[2024-08-18 11:56:59,951] {logging_mixin.py:115} INFO - [2024-08-18 11:56:59,951] {dag.py:2927} INFO - Setting next_dagrun for tutorial_etl_dag to None, run_after=None
[2024-08-18 11:56:59,988] {processor.py:161} INFO - Processing /home/kai/.local/lib/python3.8/site-packages/airflow/example_dags/tutorial_etl_dag.py took 0.184 seconds
[2024-08-18 11:57:34,237] {processor.py:153} INFO - Started process (PID=776659) to work on /home/kai/.local/lib/python3.8/site-packages/airflow/example_dags/tutorial_etl_dag.py
[2024-08-18 11:57:34,238] {processor.py:641} INFO - Processing file /home/kai/.local/lib/python3.8/site-packages/airflow/example_dags/tutorial_etl_dag.py for tasks to queue
[2024-08-18 11:57:34,243] {logging_mixin.py:115} INFO - [2024-08-18 11:57:34,243] {dagbag.py:507} INFO - Filling up the DagBag from /home/kai/.local/lib/python3.8/site-packages/airflow/example_dags/tutorial_etl_dag.py
[2024-08-18 11:57:34,266] {processor.py:651} INFO - DAG(s) dict_keys(['tutorial_etl_dag']) retrieved from /home/kai/.local/lib/python3.8/site-packages/airflow/example_dags/tutorial_etl_dag.py
[2024-08-18 11:57:34,292] {logging_mixin.py:115} INFO - [2024-08-18 11:57:34,292] {dag.py:2379} INFO - Sync 1 DAGs
[2024-08-18 11:57:34,340] {logging_mixin.py:115} INFO - [2024-08-18 11:57:34,340] {dag.py:2927} INFO - Setting next_dagrun for tutorial_etl_dag to None, run_after=None
[2024-08-18 11:57:34,365] {processor.py:161} INFO - Processing /home/kai/.local/lib/python3.8/site-packages/airflow/example_dags/tutorial_etl_dag.py took 0.144 seconds
[2024-08-18 11:58:10,207] {processor.py:153} INFO - Started process (PID=777055) to work on /home/kai/.local/lib/python3.8/site-packages/airflow/example_dags/tutorial_etl_dag.py
[2024-08-18 11:58:10,208] {processor.py:641} INFO - Processing file /home/kai/.local/lib/python3.8/site-packages/airflow/example_dags/tutorial_etl_dag.py for tasks to queue
[2024-08-18 11:58:10,209] {logging_mixin.py:115} INFO - [2024-08-18 11:58:10,209] {dagbag.py:507} INFO - Filling up the DagBag from /home/kai/.local/lib/python3.8/site-packages/airflow/example_dags/tutorial_etl_dag.py
[2024-08-18 11:58:10,223] {processor.py:651} INFO - DAG(s) dict_keys(['tutorial_etl_dag']) retrieved from /home/kai/.local/lib/python3.8/site-packages/airflow/example_dags/tutorial_etl_dag.py
[2024-08-18 11:58:10,270] {logging_mixin.py:115} INFO - [2024-08-18 11:58:10,270] {dag.py:2379} INFO - Sync 1 DAGs
[2024-08-18 11:58:10,325] {logging_mixin.py:115} INFO - [2024-08-18 11:58:10,325] {dag.py:2927} INFO - Setting next_dagrun for tutorial_etl_dag to None, run_after=None
[2024-08-18 11:58:10,347] {processor.py:161} INFO - Processing /home/kai/.local/lib/python3.8/site-packages/airflow/example_dags/tutorial_etl_dag.py took 0.143 seconds
[2024-08-18 11:58:48,099] {processor.py:153} INFO - Started process (PID=777506) to work on /home/kai/.local/lib/python3.8/site-packages/airflow/example_dags/tutorial_etl_dag.py
[2024-08-18 11:58:48,101] {processor.py:641} INFO - Processing file /home/kai/.local/lib/python3.8/site-packages/airflow/example_dags/tutorial_etl_dag.py for tasks to queue
[2024-08-18 11:58:48,101] {logging_mixin.py:115} INFO - [2024-08-18 11:58:48,101] {dagbag.py:507} INFO - Filling up the DagBag from /home/kai/.local/lib/python3.8/site-packages/airflow/example_dags/tutorial_etl_dag.py
[2024-08-18 11:58:48,113] {processor.py:651} INFO - DAG(s) dict_keys(['tutorial_etl_dag']) retrieved from /home/kai/.local/lib/python3.8/site-packages/airflow/example_dags/tutorial_etl_dag.py
[2024-08-18 11:58:48,144] {logging_mixin.py:115} INFO - [2024-08-18 11:58:48,144] {dag.py:2379} INFO - Sync 1 DAGs
[2024-08-18 11:58:48,195] {logging_mixin.py:115} INFO - [2024-08-18 11:58:48,195] {dag.py:2927} INFO - Setting next_dagrun for tutorial_etl_dag to None, run_after=None
[2024-08-18 11:58:48,218] {processor.py:161} INFO - Processing /home/kai/.local/lib/python3.8/site-packages/airflow/example_dags/tutorial_etl_dag.py took 0.133 seconds
[2024-08-18 11:59:26,558] {processor.py:153} INFO - Started process (PID=777932) to work on /home/kai/.local/lib/python3.8/site-packages/airflow/example_dags/tutorial_etl_dag.py
[2024-08-18 11:59:26,559] {processor.py:641} INFO - Processing file /home/kai/.local/lib/python3.8/site-packages/airflow/example_dags/tutorial_etl_dag.py for tasks to queue
[2024-08-18 11:59:26,560] {logging_mixin.py:115} INFO - [2024-08-18 11:59:26,559] {dagbag.py:507} INFO - Filling up the DagBag from /home/kai/.local/lib/python3.8/site-packages/airflow/example_dags/tutorial_etl_dag.py
[2024-08-18 11:59:26,575] {processor.py:651} INFO - DAG(s) dict_keys(['tutorial_etl_dag']) retrieved from /home/kai/.local/lib/python3.8/site-packages/airflow/example_dags/tutorial_etl_dag.py
[2024-08-18 11:59:26,611] {logging_mixin.py:115} INFO - [2024-08-18 11:59:26,611] {dag.py:2379} INFO - Sync 1 DAGs
[2024-08-18 11:59:26,643] {logging_mixin.py:115} INFO - [2024-08-18 11:59:26,643] {dag.py:2927} INFO - Setting next_dagrun for tutorial_etl_dag to None, run_after=None
[2024-08-18 11:59:26,665] {processor.py:161} INFO - Processing /home/kai/.local/lib/python3.8/site-packages/airflow/example_dags/tutorial_etl_dag.py took 0.110 seconds
[2024-08-18 11:59:59,731] {processor.py:153} INFO - Started process (PID=778337) to work on /home/kai/.local/lib/python3.8/site-packages/airflow/example_dags/tutorial_etl_dag.py
[2024-08-18 11:59:59,746] {processor.py:641} INFO - Processing file /home/kai/.local/lib/python3.8/site-packages/airflow/example_dags/tutorial_etl_dag.py for tasks to queue
[2024-08-18 11:59:59,746] {logging_mixin.py:115} INFO - [2024-08-18 11:59:59,746] {dagbag.py:507} INFO - Filling up the DagBag from /home/kai/.local/lib/python3.8/site-packages/airflow/example_dags/tutorial_etl_dag.py
[2024-08-18 11:59:59,756] {processor.py:651} INFO - DAG(s) dict_keys(['tutorial_etl_dag']) retrieved from /home/kai/.local/lib/python3.8/site-packages/airflow/example_dags/tutorial_etl_dag.py
[2024-08-18 11:59:59,816] {logging_mixin.py:115} INFO - [2024-08-18 11:59:59,815] {dag.py:2379} INFO - Sync 1 DAGs
[2024-08-18 11:59:59,848] {logging_mixin.py:115} INFO - [2024-08-18 11:59:59,848] {dag.py:2927} INFO - Setting next_dagrun for tutorial_etl_dag to None, run_after=None
[2024-08-18 11:59:59,879] {processor.py:161} INFO - Processing /home/kai/.local/lib/python3.8/site-packages/airflow/example_dags/tutorial_etl_dag.py took 0.151 seconds
[2024-08-18 12:03:09,947] {processor.py:153} INFO - Started process (PID=4244) to work on /home/kai/.local/lib/python3.8/site-packages/airflow/example_dags/tutorial_etl_dag.py
[2024-08-18 12:03:09,948] {processor.py:641} INFO - Processing file /home/kai/.local/lib/python3.8/site-packages/airflow/example_dags/tutorial_etl_dag.py for tasks to queue
[2024-08-18 12:03:09,948] {logging_mixin.py:115} INFO - [2024-08-18 12:03:09,948] {dagbag.py:507} INFO - Filling up the DagBag from /home/kai/.local/lib/python3.8/site-packages/airflow/example_dags/tutorial_etl_dag.py
[2024-08-18 12:03:09,958] {processor.py:651} INFO - DAG(s) dict_keys(['tutorial_etl_dag']) retrieved from /home/kai/.local/lib/python3.8/site-packages/airflow/example_dags/tutorial_etl_dag.py
[2024-08-18 12:03:09,987] {logging_mixin.py:115} INFO - [2024-08-18 12:03:09,987] {dag.py:2379} INFO - Sync 1 DAGs
[2024-08-18 12:03:10,015] {logging_mixin.py:115} INFO - [2024-08-18 12:03:10,014] {dag.py:2927} INFO - Setting next_dagrun for tutorial_etl_dag to None, run_after=None
[2024-08-18 12:03:10,030] {processor.py:161} INFO - Processing /home/kai/.local/lib/python3.8/site-packages/airflow/example_dags/tutorial_etl_dag.py took 0.088 seconds
[2024-08-18 12:03:42,331] {processor.py:153} INFO - Started process (PID=4754) to work on /home/kai/.local/lib/python3.8/site-packages/airflow/example_dags/tutorial_etl_dag.py
[2024-08-18 12:03:42,333] {processor.py:641} INFO - Processing file /home/kai/.local/lib/python3.8/site-packages/airflow/example_dags/tutorial_etl_dag.py for tasks to queue
[2024-08-18 12:03:42,333] {logging_mixin.py:115} INFO - [2024-08-18 12:03:42,333] {dagbag.py:507} INFO - Filling up the DagBag from /home/kai/.local/lib/python3.8/site-packages/airflow/example_dags/tutorial_etl_dag.py
[2024-08-18 12:03:42,344] {processor.py:651} INFO - DAG(s) dict_keys(['tutorial_etl_dag']) retrieved from /home/kai/.local/lib/python3.8/site-packages/airflow/example_dags/tutorial_etl_dag.py
[2024-08-18 12:03:42,362] {logging_mixin.py:115} INFO - [2024-08-18 12:03:42,362] {dag.py:2379} INFO - Sync 1 DAGs
[2024-08-18 12:03:42,383] {logging_mixin.py:115} INFO - [2024-08-18 12:03:42,383] {dag.py:2927} INFO - Setting next_dagrun for tutorial_etl_dag to None, run_after=None
[2024-08-18 12:03:42,397] {processor.py:161} INFO - Processing /home/kai/.local/lib/python3.8/site-packages/airflow/example_dags/tutorial_etl_dag.py took 0.070 seconds
[2024-08-18 12:04:16,936] {processor.py:153} INFO - Started process (PID=4967) to work on /home/kai/.local/lib/python3.8/site-packages/airflow/example_dags/tutorial_etl_dag.py
[2024-08-18 12:04:16,937] {processor.py:641} INFO - Processing file /home/kai/.local/lib/python3.8/site-packages/airflow/example_dags/tutorial_etl_dag.py for tasks to queue
[2024-08-18 12:04:16,937] {logging_mixin.py:115} INFO - [2024-08-18 12:04:16,937] {dagbag.py:507} INFO - Filling up the DagBag from /home/kai/.local/lib/python3.8/site-packages/airflow/example_dags/tutorial_etl_dag.py
[2024-08-18 12:04:16,945] {processor.py:651} INFO - DAG(s) dict_keys(['tutorial_etl_dag']) retrieved from /home/kai/.local/lib/python3.8/site-packages/airflow/example_dags/tutorial_etl_dag.py
[2024-08-18 12:04:16,963] {logging_mixin.py:115} INFO - [2024-08-18 12:04:16,963] {dag.py:2379} INFO - Sync 1 DAGs
[2024-08-18 12:04:16,979] {logging_mixin.py:115} INFO - [2024-08-18 12:04:16,979] {dag.py:2927} INFO - Setting next_dagrun for tutorial_etl_dag to None, run_after=None
[2024-08-18 12:04:16,990] {processor.py:161} INFO - Processing /home/kai/.local/lib/python3.8/site-packages/airflow/example_dags/tutorial_etl_dag.py took 0.057 seconds
[2024-08-18 12:04:51,123] {processor.py:153} INFO - Started process (PID=5131) to work on /home/kai/.local/lib/python3.8/site-packages/airflow/example_dags/tutorial_etl_dag.py
[2024-08-18 12:04:51,124] {processor.py:641} INFO - Processing file /home/kai/.local/lib/python3.8/site-packages/airflow/example_dags/tutorial_etl_dag.py for tasks to queue
[2024-08-18 12:04:51,125] {logging_mixin.py:115} INFO - [2024-08-18 12:04:51,124] {dagbag.py:507} INFO - Filling up the DagBag from /home/kai/.local/lib/python3.8/site-packages/airflow/example_dags/tutorial_etl_dag.py
[2024-08-18 12:04:51,132] {processor.py:651} INFO - DAG(s) dict_keys(['tutorial_etl_dag']) retrieved from /home/kai/.local/lib/python3.8/site-packages/airflow/example_dags/tutorial_etl_dag.py
[2024-08-18 12:04:51,146] {logging_mixin.py:115} INFO - [2024-08-18 12:04:51,146] {dag.py:2379} INFO - Sync 1 DAGs
[2024-08-18 12:04:51,160] {logging_mixin.py:115} INFO - [2024-08-18 12:04:51,159] {dag.py:2927} INFO - Setting next_dagrun for tutorial_etl_dag to None, run_after=None
[2024-08-18 12:04:51,170] {processor.py:161} INFO - Processing /home/kai/.local/lib/python3.8/site-packages/airflow/example_dags/tutorial_etl_dag.py took 0.049 seconds
[2024-08-18 12:05:22,559] {processor.py:153} INFO - Started process (PID=5302) to work on /home/kai/.local/lib/python3.8/site-packages/airflow/example_dags/tutorial_etl_dag.py
[2024-08-18 12:05:22,560] {processor.py:641} INFO - Processing file /home/kai/.local/lib/python3.8/site-packages/airflow/example_dags/tutorial_etl_dag.py for tasks to queue
[2024-08-18 12:05:22,560] {logging_mixin.py:115} INFO - [2024-08-18 12:05:22,560] {dagbag.py:507} INFO - Filling up the DagBag from /home/kai/.local/lib/python3.8/site-packages/airflow/example_dags/tutorial_etl_dag.py
[2024-08-18 12:05:22,566] {processor.py:651} INFO - DAG(s) dict_keys(['tutorial_etl_dag']) retrieved from /home/kai/.local/lib/python3.8/site-packages/airflow/example_dags/tutorial_etl_dag.py
[2024-08-18 12:05:22,588] {logging_mixin.py:115} INFO - [2024-08-18 12:05:22,588] {dag.py:2379} INFO - Sync 1 DAGs
[2024-08-18 12:05:22,605] {logging_mixin.py:115} INFO - [2024-08-18 12:05:22,605] {dag.py:2927} INFO - Setting next_dagrun for tutorial_etl_dag to None, run_after=None
[2024-08-18 12:05:22,616] {processor.py:161} INFO - Processing /home/kai/.local/lib/python3.8/site-packages/airflow/example_dags/tutorial_etl_dag.py took 0.059 seconds
[2024-08-18 12:05:53,406] {processor.py:153} INFO - Started process (PID=5468) to work on /home/kai/.local/lib/python3.8/site-packages/airflow/example_dags/tutorial_etl_dag.py
[2024-08-18 12:05:53,407] {processor.py:641} INFO - Processing file /home/kai/.local/lib/python3.8/site-packages/airflow/example_dags/tutorial_etl_dag.py for tasks to queue
[2024-08-18 12:05:53,407] {logging_mixin.py:115} INFO - [2024-08-18 12:05:53,407] {dagbag.py:507} INFO - Filling up the DagBag from /home/kai/.local/lib/python3.8/site-packages/airflow/example_dags/tutorial_etl_dag.py
[2024-08-18 12:05:53,413] {processor.py:651} INFO - DAG(s) dict_keys(['tutorial_etl_dag']) retrieved from /home/kai/.local/lib/python3.8/site-packages/airflow/example_dags/tutorial_etl_dag.py
[2024-08-18 12:05:53,432] {logging_mixin.py:115} INFO - [2024-08-18 12:05:53,432] {dag.py:2379} INFO - Sync 1 DAGs
[2024-08-18 12:05:53,456] {logging_mixin.py:115} INFO - [2024-08-18 12:05:53,455] {dag.py:2927} INFO - Setting next_dagrun for tutorial_etl_dag to None, run_after=None
[2024-08-18 12:05:53,465] {processor.py:161} INFO - Processing /home/kai/.local/lib/python3.8/site-packages/airflow/example_dags/tutorial_etl_dag.py took 0.061 seconds
[2024-08-18 12:06:26,779] {processor.py:153} INFO - Started process (PID=5648) to work on /home/kai/.local/lib/python3.8/site-packages/airflow/example_dags/tutorial_etl_dag.py
[2024-08-18 12:06:26,780] {processor.py:641} INFO - Processing file /home/kai/.local/lib/python3.8/site-packages/airflow/example_dags/tutorial_etl_dag.py for tasks to queue
[2024-08-18 12:06:26,781] {logging_mixin.py:115} INFO - [2024-08-18 12:06:26,781] {dagbag.py:507} INFO - Filling up the DagBag from /home/kai/.local/lib/python3.8/site-packages/airflow/example_dags/tutorial_etl_dag.py
[2024-08-18 12:06:26,787] {processor.py:651} INFO - DAG(s) dict_keys(['tutorial_etl_dag']) retrieved from /home/kai/.local/lib/python3.8/site-packages/airflow/example_dags/tutorial_etl_dag.py
[2024-08-18 12:06:26,800] {logging_mixin.py:115} INFO - [2024-08-18 12:06:26,800] {dag.py:2379} INFO - Sync 1 DAGs
[2024-08-18 12:06:26,814] {logging_mixin.py:115} INFO - [2024-08-18 12:06:26,814] {dag.py:2927} INFO - Setting next_dagrun for tutorial_etl_dag to None, run_after=None
[2024-08-18 12:06:26,829] {processor.py:161} INFO - Processing /home/kai/.local/lib/python3.8/site-packages/airflow/example_dags/tutorial_etl_dag.py took 0.052 seconds
[2024-08-18 12:07:01,264] {processor.py:153} INFO - Started process (PID=5817) to work on /home/kai/.local/lib/python3.8/site-packages/airflow/example_dags/tutorial_etl_dag.py
[2024-08-18 12:07:01,265] {processor.py:641} INFO - Processing file /home/kai/.local/lib/python3.8/site-packages/airflow/example_dags/tutorial_etl_dag.py for tasks to queue
[2024-08-18 12:07:01,266] {logging_mixin.py:115} INFO - [2024-08-18 12:07:01,266] {dagbag.py:507} INFO - Filling up the DagBag from /home/kai/.local/lib/python3.8/site-packages/airflow/example_dags/tutorial_etl_dag.py
[2024-08-18 12:07:01,273] {processor.py:651} INFO - DAG(s) dict_keys(['tutorial_etl_dag']) retrieved from /home/kai/.local/lib/python3.8/site-packages/airflow/example_dags/tutorial_etl_dag.py
[2024-08-18 12:07:01,288] {logging_mixin.py:115} INFO - [2024-08-18 12:07:01,287] {dag.py:2379} INFO - Sync 1 DAGs
[2024-08-18 12:07:01,303] {logging_mixin.py:115} INFO - [2024-08-18 12:07:01,303] {dag.py:2927} INFO - Setting next_dagrun for tutorial_etl_dag to None, run_after=None
[2024-08-18 12:07:01,316] {processor.py:161} INFO - Processing /home/kai/.local/lib/python3.8/site-packages/airflow/example_dags/tutorial_etl_dag.py took 0.055 seconds
[2024-08-18 12:07:32,106] {processor.py:153} INFO - Started process (PID=5983) to work on /home/kai/.local/lib/python3.8/site-packages/airflow/example_dags/tutorial_etl_dag.py
[2024-08-18 12:07:32,107] {processor.py:641} INFO - Processing file /home/kai/.local/lib/python3.8/site-packages/airflow/example_dags/tutorial_etl_dag.py for tasks to queue
[2024-08-18 12:07:32,108] {logging_mixin.py:115} INFO - [2024-08-18 12:07:32,108] {dagbag.py:507} INFO - Filling up the DagBag from /home/kai/.local/lib/python3.8/site-packages/airflow/example_dags/tutorial_etl_dag.py
[2024-08-18 12:07:32,118] {processor.py:651} INFO - DAG(s) dict_keys(['tutorial_etl_dag']) retrieved from /home/kai/.local/lib/python3.8/site-packages/airflow/example_dags/tutorial_etl_dag.py
[2024-08-18 12:07:32,134] {logging_mixin.py:115} INFO - [2024-08-18 12:07:32,134] {dag.py:2379} INFO - Sync 1 DAGs
[2024-08-18 12:07:32,150] {logging_mixin.py:115} INFO - [2024-08-18 12:07:32,149] {dag.py:2927} INFO - Setting next_dagrun for tutorial_etl_dag to None, run_after=None
[2024-08-18 12:07:32,160] {processor.py:161} INFO - Processing /home/kai/.local/lib/python3.8/site-packages/airflow/example_dags/tutorial_etl_dag.py took 0.058 seconds
[2024-08-18 12:08:05,900] {processor.py:153} INFO - Started process (PID=6201) to work on /home/kai/.local/lib/python3.8/site-packages/airflow/example_dags/tutorial_etl_dag.py
[2024-08-18 12:08:05,901] {processor.py:641} INFO - Processing file /home/kai/.local/lib/python3.8/site-packages/airflow/example_dags/tutorial_etl_dag.py for tasks to queue
[2024-08-18 12:08:05,902] {logging_mixin.py:115} INFO - [2024-08-18 12:08:05,902] {dagbag.py:507} INFO - Filling up the DagBag from /home/kai/.local/lib/python3.8/site-packages/airflow/example_dags/tutorial_etl_dag.py
[2024-08-18 12:08:05,910] {processor.py:651} INFO - DAG(s) dict_keys(['tutorial_etl_dag']) retrieved from /home/kai/.local/lib/python3.8/site-packages/airflow/example_dags/tutorial_etl_dag.py
[2024-08-18 12:08:05,924] {logging_mixin.py:115} INFO - [2024-08-18 12:08:05,924] {dag.py:2379} INFO - Sync 1 DAGs
[2024-08-18 12:08:05,940] {logging_mixin.py:115} INFO - [2024-08-18 12:08:05,940] {dag.py:2927} INFO - Setting next_dagrun for tutorial_etl_dag to None, run_after=None
[2024-08-18 12:08:05,950] {processor.py:161} INFO - Processing /home/kai/.local/lib/python3.8/site-packages/airflow/example_dags/tutorial_etl_dag.py took 0.053 seconds
[2024-08-18 12:08:37,861] {processor.py:153} INFO - Started process (PID=6369) to work on /home/kai/.local/lib/python3.8/site-packages/airflow/example_dags/tutorial_etl_dag.py
[2024-08-18 12:08:37,862] {processor.py:641} INFO - Processing file /home/kai/.local/lib/python3.8/site-packages/airflow/example_dags/tutorial_etl_dag.py for tasks to queue
[2024-08-18 12:08:37,863] {logging_mixin.py:115} INFO - [2024-08-18 12:08:37,863] {dagbag.py:507} INFO - Filling up the DagBag from /home/kai/.local/lib/python3.8/site-packages/airflow/example_dags/tutorial_etl_dag.py
[2024-08-18 12:08:37,869] {processor.py:651} INFO - DAG(s) dict_keys(['tutorial_etl_dag']) retrieved from /home/kai/.local/lib/python3.8/site-packages/airflow/example_dags/tutorial_etl_dag.py
[2024-08-18 12:08:37,885] {logging_mixin.py:115} INFO - [2024-08-18 12:08:37,885] {dag.py:2379} INFO - Sync 1 DAGs
[2024-08-18 12:08:37,902] {logging_mixin.py:115} INFO - [2024-08-18 12:08:37,902] {dag.py:2927} INFO - Setting next_dagrun for tutorial_etl_dag to None, run_after=None
[2024-08-18 12:08:37,914] {processor.py:161} INFO - Processing /home/kai/.local/lib/python3.8/site-packages/airflow/example_dags/tutorial_etl_dag.py took 0.055 seconds
[2024-08-18 12:09:12,111] {processor.py:153} INFO - Started process (PID=6541) to work on /home/kai/.local/lib/python3.8/site-packages/airflow/example_dags/tutorial_etl_dag.py
[2024-08-18 12:09:12,112] {processor.py:641} INFO - Processing file /home/kai/.local/lib/python3.8/site-packages/airflow/example_dags/tutorial_etl_dag.py for tasks to queue
[2024-08-18 12:09:12,113] {logging_mixin.py:115} INFO - [2024-08-18 12:09:12,113] {dagbag.py:507} INFO - Filling up the DagBag from /home/kai/.local/lib/python3.8/site-packages/airflow/example_dags/tutorial_etl_dag.py
[2024-08-18 12:09:12,121] {processor.py:651} INFO - DAG(s) dict_keys(['tutorial_etl_dag']) retrieved from /home/kai/.local/lib/python3.8/site-packages/airflow/example_dags/tutorial_etl_dag.py
[2024-08-18 12:09:12,135] {logging_mixin.py:115} INFO - [2024-08-18 12:09:12,135] {dag.py:2379} INFO - Sync 1 DAGs
[2024-08-18 12:09:12,150] {logging_mixin.py:115} INFO - [2024-08-18 12:09:12,150] {dag.py:2927} INFO - Setting next_dagrun for tutorial_etl_dag to None, run_after=None
[2024-08-18 12:09:12,161] {processor.py:161} INFO - Processing /home/kai/.local/lib/python3.8/site-packages/airflow/example_dags/tutorial_etl_dag.py took 0.053 seconds
[2024-08-18 12:09:44,651] {processor.py:153} INFO - Started process (PID=6705) to work on /home/kai/.local/lib/python3.8/site-packages/airflow/example_dags/tutorial_etl_dag.py
[2024-08-18 12:09:44,651] {processor.py:641} INFO - Processing file /home/kai/.local/lib/python3.8/site-packages/airflow/example_dags/tutorial_etl_dag.py for tasks to queue
[2024-08-18 12:09:44,652] {logging_mixin.py:115} INFO - [2024-08-18 12:09:44,652] {dagbag.py:507} INFO - Filling up the DagBag from /home/kai/.local/lib/python3.8/site-packages/airflow/example_dags/tutorial_etl_dag.py
[2024-08-18 12:09:44,659] {processor.py:651} INFO - DAG(s) dict_keys(['tutorial_etl_dag']) retrieved from /home/kai/.local/lib/python3.8/site-packages/airflow/example_dags/tutorial_etl_dag.py
[2024-08-18 12:09:44,674] {logging_mixin.py:115} INFO - [2024-08-18 12:09:44,673] {dag.py:2379} INFO - Sync 1 DAGs
[2024-08-18 12:09:44,689] {logging_mixin.py:115} INFO - [2024-08-18 12:09:44,689] {dag.py:2927} INFO - Setting next_dagrun for tutorial_etl_dag to None, run_after=None
[2024-08-18 12:09:44,699] {processor.py:161} INFO - Processing /home/kai/.local/lib/python3.8/site-packages/airflow/example_dags/tutorial_etl_dag.py took 0.051 seconds
[2024-08-18 12:10:17,468] {processor.py:153} INFO - Started process (PID=6879) to work on /home/kai/.local/lib/python3.8/site-packages/airflow/example_dags/tutorial_etl_dag.py
[2024-08-18 12:10:17,469] {processor.py:641} INFO - Processing file /home/kai/.local/lib/python3.8/site-packages/airflow/example_dags/tutorial_etl_dag.py for tasks to queue
[2024-08-18 12:10:17,470] {logging_mixin.py:115} INFO - [2024-08-18 12:10:17,470] {dagbag.py:507} INFO - Filling up the DagBag from /home/kai/.local/lib/python3.8/site-packages/airflow/example_dags/tutorial_etl_dag.py
[2024-08-18 12:10:17,476] {processor.py:651} INFO - DAG(s) dict_keys(['tutorial_etl_dag']) retrieved from /home/kai/.local/lib/python3.8/site-packages/airflow/example_dags/tutorial_etl_dag.py
[2024-08-18 12:10:17,491] {logging_mixin.py:115} INFO - [2024-08-18 12:10:17,491] {dag.py:2379} INFO - Sync 1 DAGs
[2024-08-18 12:10:17,509] {logging_mixin.py:115} INFO - [2024-08-18 12:10:17,509] {dag.py:2927} INFO - Setting next_dagrun for tutorial_etl_dag to None, run_after=None
[2024-08-18 12:10:17,519] {processor.py:161} INFO - Processing /home/kai/.local/lib/python3.8/site-packages/airflow/example_dags/tutorial_etl_dag.py took 0.054 seconds
[2024-08-18 12:10:50,126] {processor.py:153} INFO - Started process (PID=7038) to work on /home/kai/.local/lib/python3.8/site-packages/airflow/example_dags/tutorial_etl_dag.py
[2024-08-18 12:10:50,127] {processor.py:641} INFO - Processing file /home/kai/.local/lib/python3.8/site-packages/airflow/example_dags/tutorial_etl_dag.py for tasks to queue
[2024-08-18 12:10:50,128] {logging_mixin.py:115} INFO - [2024-08-18 12:10:50,128] {dagbag.py:507} INFO - Filling up the DagBag from /home/kai/.local/lib/python3.8/site-packages/airflow/example_dags/tutorial_etl_dag.py
[2024-08-18 12:10:50,136] {processor.py:651} INFO - DAG(s) dict_keys(['tutorial_etl_dag']) retrieved from /home/kai/.local/lib/python3.8/site-packages/airflow/example_dags/tutorial_etl_dag.py
[2024-08-18 12:10:50,151] {logging_mixin.py:115} INFO - [2024-08-18 12:10:50,151] {dag.py:2379} INFO - Sync 1 DAGs
[2024-08-18 12:10:50,169] {logging_mixin.py:115} INFO - [2024-08-18 12:10:50,169] {dag.py:2927} INFO - Setting next_dagrun for tutorial_etl_dag to None, run_after=None
[2024-08-18 12:10:50,180] {processor.py:161} INFO - Processing /home/kai/.local/lib/python3.8/site-packages/airflow/example_dags/tutorial_etl_dag.py took 0.057 seconds
[2024-08-18 12:11:22,248] {processor.py:153} INFO - Started process (PID=7204) to work on /home/kai/.local/lib/python3.8/site-packages/airflow/example_dags/tutorial_etl_dag.py
[2024-08-18 12:11:22,248] {processor.py:641} INFO - Processing file /home/kai/.local/lib/python3.8/site-packages/airflow/example_dags/tutorial_etl_dag.py for tasks to queue
[2024-08-18 12:11:22,249] {logging_mixin.py:115} INFO - [2024-08-18 12:11:22,249] {dagbag.py:507} INFO - Filling up the DagBag from /home/kai/.local/lib/python3.8/site-packages/airflow/example_dags/tutorial_etl_dag.py
[2024-08-18 12:11:22,257] {processor.py:651} INFO - DAG(s) dict_keys(['tutorial_etl_dag']) retrieved from /home/kai/.local/lib/python3.8/site-packages/airflow/example_dags/tutorial_etl_dag.py
[2024-08-18 12:11:22,271] {logging_mixin.py:115} INFO - [2024-08-18 12:11:22,271] {dag.py:2379} INFO - Sync 1 DAGs
[2024-08-18 12:11:22,286] {logging_mixin.py:115} INFO - [2024-08-18 12:11:22,286] {dag.py:2927} INFO - Setting next_dagrun for tutorial_etl_dag to None, run_after=None
[2024-08-18 12:11:22,296] {processor.py:161} INFO - Processing /home/kai/.local/lib/python3.8/site-packages/airflow/example_dags/tutorial_etl_dag.py took 0.052 seconds
[2024-08-18 12:11:58,496] {processor.py:153} INFO - Started process (PID=7371) to work on /home/kai/.local/lib/python3.8/site-packages/airflow/example_dags/tutorial_etl_dag.py
[2024-08-18 12:11:58,498] {processor.py:641} INFO - Processing file /home/kai/.local/lib/python3.8/site-packages/airflow/example_dags/tutorial_etl_dag.py for tasks to queue
[2024-08-18 12:11:58,500] {logging_mixin.py:115} INFO - [2024-08-18 12:11:58,499] {dagbag.py:507} INFO - Filling up the DagBag from /home/kai/.local/lib/python3.8/site-packages/airflow/example_dags/tutorial_etl_dag.py
[2024-08-18 12:11:58,511] {processor.py:651} INFO - DAG(s) dict_keys(['tutorial_etl_dag']) retrieved from /home/kai/.local/lib/python3.8/site-packages/airflow/example_dags/tutorial_etl_dag.py
[2024-08-18 12:11:58,543] {logging_mixin.py:115} INFO - [2024-08-18 12:11:58,543] {dag.py:2379} INFO - Sync 1 DAGs
[2024-08-18 12:11:58,573] {logging_mixin.py:115} INFO - [2024-08-18 12:11:58,573] {dag.py:2927} INFO - Setting next_dagrun for tutorial_etl_dag to None, run_after=None
[2024-08-18 12:11:58,597] {processor.py:161} INFO - Processing /home/kai/.local/lib/python3.8/site-packages/airflow/example_dags/tutorial_etl_dag.py took 0.105 seconds
[2024-08-18 12:12:30,966] {processor.py:153} INFO - Started process (PID=7537) to work on /home/kai/.local/lib/python3.8/site-packages/airflow/example_dags/tutorial_etl_dag.py
[2024-08-18 12:12:30,967] {processor.py:641} INFO - Processing file /home/kai/.local/lib/python3.8/site-packages/airflow/example_dags/tutorial_etl_dag.py for tasks to queue
[2024-08-18 12:12:30,968] {logging_mixin.py:115} INFO - [2024-08-18 12:12:30,968] {dagbag.py:507} INFO - Filling up the DagBag from /home/kai/.local/lib/python3.8/site-packages/airflow/example_dags/tutorial_etl_dag.py
[2024-08-18 12:12:30,978] {processor.py:651} INFO - DAG(s) dict_keys(['tutorial_etl_dag']) retrieved from /home/kai/.local/lib/python3.8/site-packages/airflow/example_dags/tutorial_etl_dag.py
[2024-08-18 12:12:30,997] {logging_mixin.py:115} INFO - [2024-08-18 12:12:30,997] {dag.py:2379} INFO - Sync 1 DAGs
[2024-08-18 12:12:31,022] {logging_mixin.py:115} INFO - [2024-08-18 12:12:31,022] {dag.py:2927} INFO - Setting next_dagrun for tutorial_etl_dag to None, run_after=None
[2024-08-18 12:12:31,038] {processor.py:161} INFO - Processing /home/kai/.local/lib/python3.8/site-packages/airflow/example_dags/tutorial_etl_dag.py took 0.075 seconds
[2024-08-18 12:13:02,872] {processor.py:153} INFO - Started process (PID=7743) to work on /home/kai/.local/lib/python3.8/site-packages/airflow/example_dags/tutorial_etl_dag.py
[2024-08-18 12:13:02,873] {processor.py:641} INFO - Processing file /home/kai/.local/lib/python3.8/site-packages/airflow/example_dags/tutorial_etl_dag.py for tasks to queue
[2024-08-18 12:13:02,874] {logging_mixin.py:115} INFO - [2024-08-18 12:13:02,874] {dagbag.py:507} INFO - Filling up the DagBag from /home/kai/.local/lib/python3.8/site-packages/airflow/example_dags/tutorial_etl_dag.py
[2024-08-18 12:13:02,880] {processor.py:651} INFO - DAG(s) dict_keys(['tutorial_etl_dag']) retrieved from /home/kai/.local/lib/python3.8/site-packages/airflow/example_dags/tutorial_etl_dag.py
[2024-08-18 12:13:02,894] {logging_mixin.py:115} INFO - [2024-08-18 12:13:02,894] {dag.py:2379} INFO - Sync 1 DAGs
[2024-08-18 12:13:02,909] {logging_mixin.py:115} INFO - [2024-08-18 12:13:02,909] {dag.py:2927} INFO - Setting next_dagrun for tutorial_etl_dag to None, run_after=None
[2024-08-18 12:13:02,918] {processor.py:161} INFO - Processing /home/kai/.local/lib/python3.8/site-packages/airflow/example_dags/tutorial_etl_dag.py took 0.049 seconds
[2024-08-18 12:13:36,582] {processor.py:153} INFO - Started process (PID=7920) to work on /home/kai/.local/lib/python3.8/site-packages/airflow/example_dags/tutorial_etl_dag.py
[2024-08-18 12:13:36,582] {processor.py:641} INFO - Processing file /home/kai/.local/lib/python3.8/site-packages/airflow/example_dags/tutorial_etl_dag.py for tasks to queue
[2024-08-18 12:13:36,583] {logging_mixin.py:115} INFO - [2024-08-18 12:13:36,583] {dagbag.py:507} INFO - Filling up the DagBag from /home/kai/.local/lib/python3.8/site-packages/airflow/example_dags/tutorial_etl_dag.py
[2024-08-18 12:13:36,593] {processor.py:651} INFO - DAG(s) dict_keys(['tutorial_etl_dag']) retrieved from /home/kai/.local/lib/python3.8/site-packages/airflow/example_dags/tutorial_etl_dag.py
[2024-08-18 12:13:36,616] {logging_mixin.py:115} INFO - [2024-08-18 12:13:36,616] {dag.py:2379} INFO - Sync 1 DAGs
[2024-08-18 12:13:36,635] {logging_mixin.py:115} INFO - [2024-08-18 12:13:36,635] {dag.py:2927} INFO - Setting next_dagrun for tutorial_etl_dag to None, run_after=None
[2024-08-18 12:13:36,650] {processor.py:161} INFO - Processing /home/kai/.local/lib/python3.8/site-packages/airflow/example_dags/tutorial_etl_dag.py took 0.072 seconds
[2024-08-18 12:14:08,694] {processor.py:153} INFO - Started process (PID=8079) to work on /home/kai/.local/lib/python3.8/site-packages/airflow/example_dags/tutorial_etl_dag.py
[2024-08-18 12:14:08,694] {processor.py:641} INFO - Processing file /home/kai/.local/lib/python3.8/site-packages/airflow/example_dags/tutorial_etl_dag.py for tasks to queue
[2024-08-18 12:14:08,695] {logging_mixin.py:115} INFO - [2024-08-18 12:14:08,695] {dagbag.py:507} INFO - Filling up the DagBag from /home/kai/.local/lib/python3.8/site-packages/airflow/example_dags/tutorial_etl_dag.py
[2024-08-18 12:14:08,701] {processor.py:651} INFO - DAG(s) dict_keys(['tutorial_etl_dag']) retrieved from /home/kai/.local/lib/python3.8/site-packages/airflow/example_dags/tutorial_etl_dag.py
[2024-08-18 12:14:08,717] {logging_mixin.py:115} INFO - [2024-08-18 12:14:08,717] {dag.py:2379} INFO - Sync 1 DAGs
[2024-08-18 12:14:08,732] {logging_mixin.py:115} INFO - [2024-08-18 12:14:08,732] {dag.py:2927} INFO - Setting next_dagrun for tutorial_etl_dag to None, run_after=None
[2024-08-18 12:14:08,743] {processor.py:161} INFO - Processing /home/kai/.local/lib/python3.8/site-packages/airflow/example_dags/tutorial_etl_dag.py took 0.052 seconds
[2024-08-18 12:14:44,618] {processor.py:153} INFO - Started process (PID=8261) to work on /home/kai/.local/lib/python3.8/site-packages/airflow/example_dags/tutorial_etl_dag.py
[2024-08-18 12:14:44,619] {processor.py:641} INFO - Processing file /home/kai/.local/lib/python3.8/site-packages/airflow/example_dags/tutorial_etl_dag.py for tasks to queue
[2024-08-18 12:14:44,619] {logging_mixin.py:115} INFO - [2024-08-18 12:14:44,619] {dagbag.py:507} INFO - Filling up the DagBag from /home/kai/.local/lib/python3.8/site-packages/airflow/example_dags/tutorial_etl_dag.py
[2024-08-18 12:14:44,630] {processor.py:651} INFO - DAG(s) dict_keys(['tutorial_etl_dag']) retrieved from /home/kai/.local/lib/python3.8/site-packages/airflow/example_dags/tutorial_etl_dag.py
[2024-08-18 12:14:44,651] {logging_mixin.py:115} INFO - [2024-08-18 12:14:44,651] {dag.py:2379} INFO - Sync 1 DAGs
[2024-08-18 12:14:44,675] {logging_mixin.py:115} INFO - [2024-08-18 12:14:44,674] {dag.py:2927} INFO - Setting next_dagrun for tutorial_etl_dag to None, run_after=None
[2024-08-18 12:14:44,686] {processor.py:161} INFO - Processing /home/kai/.local/lib/python3.8/site-packages/airflow/example_dags/tutorial_etl_dag.py took 0.071 seconds
[2024-08-18 12:15:16,458] {processor.py:153} INFO - Started process (PID=8424) to work on /home/kai/.local/lib/python3.8/site-packages/airflow/example_dags/tutorial_etl_dag.py
[2024-08-18 12:15:16,459] {processor.py:641} INFO - Processing file /home/kai/.local/lib/python3.8/site-packages/airflow/example_dags/tutorial_etl_dag.py for tasks to queue
[2024-08-18 12:15:16,460] {logging_mixin.py:115} INFO - [2024-08-18 12:15:16,460] {dagbag.py:507} INFO - Filling up the DagBag from /home/kai/.local/lib/python3.8/site-packages/airflow/example_dags/tutorial_etl_dag.py
[2024-08-18 12:15:16,466] {processor.py:651} INFO - DAG(s) dict_keys(['tutorial_etl_dag']) retrieved from /home/kai/.local/lib/python3.8/site-packages/airflow/example_dags/tutorial_etl_dag.py
[2024-08-18 12:15:16,485] {logging_mixin.py:115} INFO - [2024-08-18 12:15:16,485] {dag.py:2379} INFO - Sync 1 DAGs
[2024-08-18 12:15:16,503] {logging_mixin.py:115} INFO - [2024-08-18 12:15:16,503] {dag.py:2927} INFO - Setting next_dagrun for tutorial_etl_dag to None, run_after=None
[2024-08-18 12:15:16,514] {processor.py:161} INFO - Processing /home/kai/.local/lib/python3.8/site-packages/airflow/example_dags/tutorial_etl_dag.py took 0.058 seconds
[2024-08-18 12:15:50,117] {processor.py:153} INFO - Started process (PID=8598) to work on /home/kai/.local/lib/python3.8/site-packages/airflow/example_dags/tutorial_etl_dag.py
[2024-08-18 12:15:50,117] {processor.py:641} INFO - Processing file /home/kai/.local/lib/python3.8/site-packages/airflow/example_dags/tutorial_etl_dag.py for tasks to queue
[2024-08-18 12:15:50,118] {logging_mixin.py:115} INFO - [2024-08-18 12:15:50,118] {dagbag.py:507} INFO - Filling up the DagBag from /home/kai/.local/lib/python3.8/site-packages/airflow/example_dags/tutorial_etl_dag.py
[2024-08-18 12:15:50,125] {processor.py:651} INFO - DAG(s) dict_keys(['tutorial_etl_dag']) retrieved from /home/kai/.local/lib/python3.8/site-packages/airflow/example_dags/tutorial_etl_dag.py
[2024-08-18 12:15:50,143] {logging_mixin.py:115} INFO - [2024-08-18 12:15:50,143] {dag.py:2379} INFO - Sync 1 DAGs
[2024-08-18 12:15:50,161] {logging_mixin.py:115} INFO - [2024-08-18 12:15:50,161] {dag.py:2927} INFO - Setting next_dagrun for tutorial_etl_dag to None, run_after=None
[2024-08-18 12:15:50,171] {processor.py:161} INFO - Processing /home/kai/.local/lib/python3.8/site-packages/airflow/example_dags/tutorial_etl_dag.py took 0.057 seconds
[2024-08-18 12:16:22,545] {processor.py:153} INFO - Started process (PID=8764) to work on /home/kai/.local/lib/python3.8/site-packages/airflow/example_dags/tutorial_etl_dag.py
[2024-08-18 12:16:22,547] {processor.py:641} INFO - Processing file /home/kai/.local/lib/python3.8/site-packages/airflow/example_dags/tutorial_etl_dag.py for tasks to queue
[2024-08-18 12:16:22,548] {logging_mixin.py:115} INFO - [2024-08-18 12:16:22,547] {dagbag.py:507} INFO - Filling up the DagBag from /home/kai/.local/lib/python3.8/site-packages/airflow/example_dags/tutorial_etl_dag.py
[2024-08-18 12:16:22,556] {processor.py:651} INFO - DAG(s) dict_keys(['tutorial_etl_dag']) retrieved from /home/kai/.local/lib/python3.8/site-packages/airflow/example_dags/tutorial_etl_dag.py
[2024-08-18 12:16:22,576] {logging_mixin.py:115} INFO - [2024-08-18 12:16:22,576] {dag.py:2379} INFO - Sync 1 DAGs
[2024-08-18 12:16:22,597] {logging_mixin.py:115} INFO - [2024-08-18 12:16:22,597] {dag.py:2927} INFO - Setting next_dagrun for tutorial_etl_dag to None, run_after=None
[2024-08-18 12:16:22,613] {processor.py:161} INFO - Processing /home/kai/.local/lib/python3.8/site-packages/airflow/example_dags/tutorial_etl_dag.py took 0.071 seconds
[2024-08-18 12:16:55,120] {processor.py:153} INFO - Started process (PID=8924) to work on /home/kai/.local/lib/python3.8/site-packages/airflow/example_dags/tutorial_etl_dag.py
[2024-08-18 12:16:55,121] {processor.py:641} INFO - Processing file /home/kai/.local/lib/python3.8/site-packages/airflow/example_dags/tutorial_etl_dag.py for tasks to queue
[2024-08-18 12:16:55,121] {logging_mixin.py:115} INFO - [2024-08-18 12:16:55,121] {dagbag.py:507} INFO - Filling up the DagBag from /home/kai/.local/lib/python3.8/site-packages/airflow/example_dags/tutorial_etl_dag.py
[2024-08-18 12:16:55,129] {processor.py:651} INFO - DAG(s) dict_keys(['tutorial_etl_dag']) retrieved from /home/kai/.local/lib/python3.8/site-packages/airflow/example_dags/tutorial_etl_dag.py
[2024-08-18 12:16:55,149] {logging_mixin.py:115} INFO - [2024-08-18 12:16:55,149] {dag.py:2379} INFO - Sync 1 DAGs
[2024-08-18 12:16:55,168] {logging_mixin.py:115} INFO - [2024-08-18 12:16:55,168] {dag.py:2927} INFO - Setting next_dagrun for tutorial_etl_dag to None, run_after=None
[2024-08-18 12:16:55,181] {processor.py:161} INFO - Processing /home/kai/.local/lib/python3.8/site-packages/airflow/example_dags/tutorial_etl_dag.py took 0.064 seconds
[2024-08-18 12:17:27,120] {processor.py:153} INFO - Started process (PID=9092) to work on /home/kai/.local/lib/python3.8/site-packages/airflow/example_dags/tutorial_etl_dag.py
[2024-08-18 12:17:27,121] {processor.py:641} INFO - Processing file /home/kai/.local/lib/python3.8/site-packages/airflow/example_dags/tutorial_etl_dag.py for tasks to queue
[2024-08-18 12:17:27,122] {logging_mixin.py:115} INFO - [2024-08-18 12:17:27,121] {dagbag.py:507} INFO - Filling up the DagBag from /home/kai/.local/lib/python3.8/site-packages/airflow/example_dags/tutorial_etl_dag.py
[2024-08-18 12:17:27,132] {processor.py:651} INFO - DAG(s) dict_keys(['tutorial_etl_dag']) retrieved from /home/kai/.local/lib/python3.8/site-packages/airflow/example_dags/tutorial_etl_dag.py
[2024-08-18 12:17:27,150] {logging_mixin.py:115} INFO - [2024-08-18 12:17:27,150] {dag.py:2379} INFO - Sync 1 DAGs
[2024-08-18 12:17:27,165] {logging_mixin.py:115} INFO - [2024-08-18 12:17:27,165] {dag.py:2927} INFO - Setting next_dagrun for tutorial_etl_dag to None, run_after=None
[2024-08-18 12:17:27,176] {processor.py:161} INFO - Processing /home/kai/.local/lib/python3.8/site-packages/airflow/example_dags/tutorial_etl_dag.py took 0.058 seconds
[2024-08-18 12:17:58,579] {processor.py:153} INFO - Started process (PID=9308) to work on /home/kai/.local/lib/python3.8/site-packages/airflow/example_dags/tutorial_etl_dag.py
[2024-08-18 12:17:58,580] {processor.py:641} INFO - Processing file /home/kai/.local/lib/python3.8/site-packages/airflow/example_dags/tutorial_etl_dag.py for tasks to queue
[2024-08-18 12:17:58,580] {logging_mixin.py:115} INFO - [2024-08-18 12:17:58,580] {dagbag.py:507} INFO - Filling up the DagBag from /home/kai/.local/lib/python3.8/site-packages/airflow/example_dags/tutorial_etl_dag.py
[2024-08-18 12:17:58,587] {processor.py:651} INFO - DAG(s) dict_keys(['tutorial_etl_dag']) retrieved from /home/kai/.local/lib/python3.8/site-packages/airflow/example_dags/tutorial_etl_dag.py
[2024-08-18 12:17:58,605] {logging_mixin.py:115} INFO - [2024-08-18 12:17:58,605] {dag.py:2379} INFO - Sync 1 DAGs
[2024-08-18 12:17:58,623] {logging_mixin.py:115} INFO - [2024-08-18 12:17:58,623] {dag.py:2927} INFO - Setting next_dagrun for tutorial_etl_dag to None, run_after=None
[2024-08-18 12:17:58,637] {processor.py:161} INFO - Processing /home/kai/.local/lib/python3.8/site-packages/airflow/example_dags/tutorial_etl_dag.py took 0.062 seconds
[2024-08-18 12:18:32,043] {processor.py:153} INFO - Started process (PID=9479) to work on /home/kai/.local/lib/python3.8/site-packages/airflow/example_dags/tutorial_etl_dag.py
[2024-08-18 12:18:32,044] {processor.py:641} INFO - Processing file /home/kai/.local/lib/python3.8/site-packages/airflow/example_dags/tutorial_etl_dag.py for tasks to queue
[2024-08-18 12:18:32,045] {logging_mixin.py:115} INFO - [2024-08-18 12:18:32,045] {dagbag.py:507} INFO - Filling up the DagBag from /home/kai/.local/lib/python3.8/site-packages/airflow/example_dags/tutorial_etl_dag.py
[2024-08-18 12:18:32,055] {processor.py:651} INFO - DAG(s) dict_keys(['tutorial_etl_dag']) retrieved from /home/kai/.local/lib/python3.8/site-packages/airflow/example_dags/tutorial_etl_dag.py
[2024-08-18 12:18:32,074] {logging_mixin.py:115} INFO - [2024-08-18 12:18:32,074] {dag.py:2379} INFO - Sync 1 DAGs
[2024-08-18 12:18:32,099] {logging_mixin.py:115} INFO - [2024-08-18 12:18:32,099] {dag.py:2927} INFO - Setting next_dagrun for tutorial_etl_dag to None, run_after=None
[2024-08-18 12:18:32,115] {processor.py:161} INFO - Processing /home/kai/.local/lib/python3.8/site-packages/airflow/example_dags/tutorial_etl_dag.py took 0.076 seconds
[2024-08-18 12:19:06,538] {processor.py:153} INFO - Started process (PID=9647) to work on /home/kai/.local/lib/python3.8/site-packages/airflow/example_dags/tutorial_etl_dag.py
[2024-08-18 12:19:06,539] {processor.py:641} INFO - Processing file /home/kai/.local/lib/python3.8/site-packages/airflow/example_dags/tutorial_etl_dag.py for tasks to queue
[2024-08-18 12:19:06,539] {logging_mixin.py:115} INFO - [2024-08-18 12:19:06,539] {dagbag.py:507} INFO - Filling up the DagBag from /home/kai/.local/lib/python3.8/site-packages/airflow/example_dags/tutorial_etl_dag.py
[2024-08-18 12:19:06,546] {processor.py:651} INFO - DAG(s) dict_keys(['tutorial_etl_dag']) retrieved from /home/kai/.local/lib/python3.8/site-packages/airflow/example_dags/tutorial_etl_dag.py
[2024-08-18 12:19:06,564] {logging_mixin.py:115} INFO - [2024-08-18 12:19:06,564] {dag.py:2379} INFO - Sync 1 DAGs
[2024-08-18 12:19:06,585] {logging_mixin.py:115} INFO - [2024-08-18 12:19:06,584] {dag.py:2927} INFO - Setting next_dagrun for tutorial_etl_dag to None, run_after=None
[2024-08-18 12:19:06,598] {processor.py:161} INFO - Processing /home/kai/.local/lib/python3.8/site-packages/airflow/example_dags/tutorial_etl_dag.py took 0.063 seconds
[2024-08-18 12:19:39,822] {processor.py:153} INFO - Started process (PID=9816) to work on /home/kai/.local/lib/python3.8/site-packages/airflow/example_dags/tutorial_etl_dag.py
[2024-08-18 12:19:39,823] {processor.py:641} INFO - Processing file /home/kai/.local/lib/python3.8/site-packages/airflow/example_dags/tutorial_etl_dag.py for tasks to queue
[2024-08-18 12:19:39,823] {logging_mixin.py:115} INFO - [2024-08-18 12:19:39,823] {dagbag.py:507} INFO - Filling up the DagBag from /home/kai/.local/lib/python3.8/site-packages/airflow/example_dags/tutorial_etl_dag.py
[2024-08-18 12:19:39,831] {processor.py:651} INFO - DAG(s) dict_keys(['tutorial_etl_dag']) retrieved from /home/kai/.local/lib/python3.8/site-packages/airflow/example_dags/tutorial_etl_dag.py
[2024-08-18 12:19:39,846] {logging_mixin.py:115} INFO - [2024-08-18 12:19:39,846] {dag.py:2379} INFO - Sync 1 DAGs
[2024-08-18 12:19:39,862] {logging_mixin.py:115} INFO - [2024-08-18 12:19:39,862] {dag.py:2927} INFO - Setting next_dagrun for tutorial_etl_dag to None, run_after=None
[2024-08-18 12:19:39,873] {processor.py:161} INFO - Processing /home/kai/.local/lib/python3.8/site-packages/airflow/example_dags/tutorial_etl_dag.py took 0.054 seconds
[2024-08-18 12:20:11,613] {processor.py:153} INFO - Started process (PID=9973) to work on /home/kai/.local/lib/python3.8/site-packages/airflow/example_dags/tutorial_etl_dag.py
[2024-08-18 12:20:11,614] {processor.py:641} INFO - Processing file /home/kai/.local/lib/python3.8/site-packages/airflow/example_dags/tutorial_etl_dag.py for tasks to queue
[2024-08-18 12:20:11,614] {logging_mixin.py:115} INFO - [2024-08-18 12:20:11,614] {dagbag.py:507} INFO - Filling up the DagBag from /home/kai/.local/lib/python3.8/site-packages/airflow/example_dags/tutorial_etl_dag.py
[2024-08-18 12:20:11,620] {processor.py:651} INFO - DAG(s) dict_keys(['tutorial_etl_dag']) retrieved from /home/kai/.local/lib/python3.8/site-packages/airflow/example_dags/tutorial_etl_dag.py
[2024-08-18 12:20:11,641] {logging_mixin.py:115} INFO - [2024-08-18 12:20:11,641] {dag.py:2379} INFO - Sync 1 DAGs
[2024-08-18 12:20:11,657] {logging_mixin.py:115} INFO - [2024-08-18 12:20:11,657] {dag.py:2927} INFO - Setting next_dagrun for tutorial_etl_dag to None, run_after=None
[2024-08-18 12:20:11,669] {processor.py:161} INFO - Processing /home/kai/.local/lib/python3.8/site-packages/airflow/example_dags/tutorial_etl_dag.py took 0.059 seconds
[2024-08-18 12:20:43,004] {processor.py:153} INFO - Started process (PID=10138) to work on /home/kai/.local/lib/python3.8/site-packages/airflow/example_dags/tutorial_etl_dag.py
[2024-08-18 12:20:43,004] {processor.py:641} INFO - Processing file /home/kai/.local/lib/python3.8/site-packages/airflow/example_dags/tutorial_etl_dag.py for tasks to queue
[2024-08-18 12:20:43,005] {logging_mixin.py:115} INFO - [2024-08-18 12:20:43,005] {dagbag.py:507} INFO - Filling up the DagBag from /home/kai/.local/lib/python3.8/site-packages/airflow/example_dags/tutorial_etl_dag.py
[2024-08-18 12:20:43,013] {processor.py:651} INFO - DAG(s) dict_keys(['tutorial_etl_dag']) retrieved from /home/kai/.local/lib/python3.8/site-packages/airflow/example_dags/tutorial_etl_dag.py
[2024-08-18 12:20:43,026] {logging_mixin.py:115} INFO - [2024-08-18 12:20:43,026] {dag.py:2379} INFO - Sync 1 DAGs
[2024-08-18 12:20:43,042] {logging_mixin.py:115} INFO - [2024-08-18 12:20:43,042] {dag.py:2927} INFO - Setting next_dagrun for tutorial_etl_dag to None, run_after=None
[2024-08-18 12:20:43,056] {processor.py:161} INFO - Processing /home/kai/.local/lib/python3.8/site-packages/airflow/example_dags/tutorial_etl_dag.py took 0.054 seconds
[2024-08-18 12:21:15,060] {processor.py:153} INFO - Started process (PID=10308) to work on /home/kai/.local/lib/python3.8/site-packages/airflow/example_dags/tutorial_etl_dag.py
[2024-08-18 12:21:15,062] {processor.py:641} INFO - Processing file /home/kai/.local/lib/python3.8/site-packages/airflow/example_dags/tutorial_etl_dag.py for tasks to queue
[2024-08-18 12:21:15,063] {logging_mixin.py:115} INFO - [2024-08-18 12:21:15,063] {dagbag.py:507} INFO - Filling up the DagBag from /home/kai/.local/lib/python3.8/site-packages/airflow/example_dags/tutorial_etl_dag.py
[2024-08-18 12:21:15,071] {processor.py:651} INFO - DAG(s) dict_keys(['tutorial_etl_dag']) retrieved from /home/kai/.local/lib/python3.8/site-packages/airflow/example_dags/tutorial_etl_dag.py
[2024-08-18 12:21:15,087] {logging_mixin.py:115} INFO - [2024-08-18 12:21:15,086] {dag.py:2379} INFO - Sync 1 DAGs
[2024-08-18 12:21:15,102] {logging_mixin.py:115} INFO - [2024-08-18 12:21:15,102] {dag.py:2927} INFO - Setting next_dagrun for tutorial_etl_dag to None, run_after=None
[2024-08-18 12:21:15,118] {processor.py:161} INFO - Processing /home/kai/.local/lib/python3.8/site-packages/airflow/example_dags/tutorial_etl_dag.py took 0.060 seconds
[2024-08-18 12:21:48,803] {processor.py:153} INFO - Started process (PID=10476) to work on /home/kai/.local/lib/python3.8/site-packages/airflow/example_dags/tutorial_etl_dag.py
[2024-08-18 12:21:48,804] {processor.py:641} INFO - Processing file /home/kai/.local/lib/python3.8/site-packages/airflow/example_dags/tutorial_etl_dag.py for tasks to queue
[2024-08-18 12:21:48,805] {logging_mixin.py:115} INFO - [2024-08-18 12:21:48,805] {dagbag.py:507} INFO - Filling up the DagBag from /home/kai/.local/lib/python3.8/site-packages/airflow/example_dags/tutorial_etl_dag.py
[2024-08-18 12:21:48,813] {processor.py:651} INFO - DAG(s) dict_keys(['tutorial_etl_dag']) retrieved from /home/kai/.local/lib/python3.8/site-packages/airflow/example_dags/tutorial_etl_dag.py
[2024-08-18 12:21:48,826] {logging_mixin.py:115} INFO - [2024-08-18 12:21:48,826] {dag.py:2379} INFO - Sync 1 DAGs
[2024-08-18 12:21:48,842] {logging_mixin.py:115} INFO - [2024-08-18 12:21:48,842] {dag.py:2927} INFO - Setting next_dagrun for tutorial_etl_dag to None, run_after=None
[2024-08-18 12:21:48,854] {processor.py:161} INFO - Processing /home/kai/.local/lib/python3.8/site-packages/airflow/example_dags/tutorial_etl_dag.py took 0.053 seconds
[2024-08-18 12:22:22,002] {processor.py:153} INFO - Started process (PID=10646) to work on /home/kai/.local/lib/python3.8/site-packages/airflow/example_dags/tutorial_etl_dag.py
[2024-08-18 12:22:22,003] {processor.py:641} INFO - Processing file /home/kai/.local/lib/python3.8/site-packages/airflow/example_dags/tutorial_etl_dag.py for tasks to queue
[2024-08-18 12:22:22,004] {logging_mixin.py:115} INFO - [2024-08-18 12:22:22,004] {dagbag.py:507} INFO - Filling up the DagBag from /home/kai/.local/lib/python3.8/site-packages/airflow/example_dags/tutorial_etl_dag.py
[2024-08-18 12:22:22,014] {processor.py:651} INFO - DAG(s) dict_keys(['tutorial_etl_dag']) retrieved from /home/kai/.local/lib/python3.8/site-packages/airflow/example_dags/tutorial_etl_dag.py
[2024-08-18 12:22:22,031] {logging_mixin.py:115} INFO - [2024-08-18 12:22:22,031] {dag.py:2379} INFO - Sync 1 DAGs
[2024-08-18 12:22:22,055] {logging_mixin.py:115} INFO - [2024-08-18 12:22:22,055] {dag.py:2927} INFO - Setting next_dagrun for tutorial_etl_dag to None, run_after=None
[2024-08-18 12:22:22,069] {processor.py:161} INFO - Processing /home/kai/.local/lib/python3.8/site-packages/airflow/example_dags/tutorial_etl_dag.py took 0.070 seconds
[2024-08-18 12:22:54,046] {processor.py:153} INFO - Started process (PID=10858) to work on /home/kai/.local/lib/python3.8/site-packages/airflow/example_dags/tutorial_etl_dag.py
[2024-08-18 12:22:54,047] {processor.py:641} INFO - Processing file /home/kai/.local/lib/python3.8/site-packages/airflow/example_dags/tutorial_etl_dag.py for tasks to queue
[2024-08-18 12:22:54,048] {logging_mixin.py:115} INFO - [2024-08-18 12:22:54,048] {dagbag.py:507} INFO - Filling up the DagBag from /home/kai/.local/lib/python3.8/site-packages/airflow/example_dags/tutorial_etl_dag.py
[2024-08-18 12:22:54,057] {processor.py:651} INFO - DAG(s) dict_keys(['tutorial_etl_dag']) retrieved from /home/kai/.local/lib/python3.8/site-packages/airflow/example_dags/tutorial_etl_dag.py
[2024-08-18 12:22:54,075] {logging_mixin.py:115} INFO - [2024-08-18 12:22:54,075] {dag.py:2379} INFO - Sync 1 DAGs
[2024-08-18 12:22:54,096] {logging_mixin.py:115} INFO - [2024-08-18 12:22:54,096] {dag.py:2927} INFO - Setting next_dagrun for tutorial_etl_dag to None, run_after=None
[2024-08-18 12:22:54,111] {processor.py:161} INFO - Processing /home/kai/.local/lib/python3.8/site-packages/airflow/example_dags/tutorial_etl_dag.py took 0.069 seconds
[2024-08-18 12:23:27,123] {processor.py:153} INFO - Started process (PID=11080) to work on /home/kai/.local/lib/python3.8/site-packages/airflow/example_dags/tutorial_etl_dag.py
[2024-08-18 12:23:27,124] {processor.py:641} INFO - Processing file /home/kai/.local/lib/python3.8/site-packages/airflow/example_dags/tutorial_etl_dag.py for tasks to queue
[2024-08-18 12:23:27,125] {logging_mixin.py:115} INFO - [2024-08-18 12:23:27,125] {dagbag.py:507} INFO - Filling up the DagBag from /home/kai/.local/lib/python3.8/site-packages/airflow/example_dags/tutorial_etl_dag.py
[2024-08-18 12:23:27,133] {processor.py:651} INFO - DAG(s) dict_keys(['tutorial_etl_dag']) retrieved from /home/kai/.local/lib/python3.8/site-packages/airflow/example_dags/tutorial_etl_dag.py
[2024-08-18 12:23:27,150] {logging_mixin.py:115} INFO - [2024-08-18 12:23:27,149] {dag.py:2379} INFO - Sync 1 DAGs
[2024-08-18 12:23:27,168] {logging_mixin.py:115} INFO - [2024-08-18 12:23:27,168] {dag.py:2927} INFO - Setting next_dagrun for tutorial_etl_dag to None, run_after=None
[2024-08-18 12:23:27,180] {processor.py:161} INFO - Processing /home/kai/.local/lib/python3.8/site-packages/airflow/example_dags/tutorial_etl_dag.py took 0.060 seconds
[2024-08-18 12:23:59,884] {processor.py:153} INFO - Started process (PID=11239) to work on /home/kai/.local/lib/python3.8/site-packages/airflow/example_dags/tutorial_etl_dag.py
[2024-08-18 12:23:59,885] {processor.py:641} INFO - Processing file /home/kai/.local/lib/python3.8/site-packages/airflow/example_dags/tutorial_etl_dag.py for tasks to queue
[2024-08-18 12:23:59,886] {logging_mixin.py:115} INFO - [2024-08-18 12:23:59,886] {dagbag.py:507} INFO - Filling up the DagBag from /home/kai/.local/lib/python3.8/site-packages/airflow/example_dags/tutorial_etl_dag.py
[2024-08-18 12:23:59,897] {processor.py:651} INFO - DAG(s) dict_keys(['tutorial_etl_dag']) retrieved from /home/kai/.local/lib/python3.8/site-packages/airflow/example_dags/tutorial_etl_dag.py
[2024-08-18 12:23:59,919] {logging_mixin.py:115} INFO - [2024-08-18 12:23:59,919] {dag.py:2379} INFO - Sync 1 DAGs
[2024-08-18 12:23:59,947] {logging_mixin.py:115} INFO - [2024-08-18 12:23:59,947] {dag.py:2927} INFO - Setting next_dagrun for tutorial_etl_dag to None, run_after=None
[2024-08-18 12:23:59,965] {processor.py:161} INFO - Processing /home/kai/.local/lib/python3.8/site-packages/airflow/example_dags/tutorial_etl_dag.py took 0.086 seconds
[2024-08-18 12:24:33,174] {processor.py:153} INFO - Started process (PID=11413) to work on /home/kai/.local/lib/python3.8/site-packages/airflow/example_dags/tutorial_etl_dag.py
[2024-08-18 12:24:33,175] {processor.py:641} INFO - Processing file /home/kai/.local/lib/python3.8/site-packages/airflow/example_dags/tutorial_etl_dag.py for tasks to queue
[2024-08-18 12:24:33,175] {logging_mixin.py:115} INFO - [2024-08-18 12:24:33,175] {dagbag.py:507} INFO - Filling up the DagBag from /home/kai/.local/lib/python3.8/site-packages/airflow/example_dags/tutorial_etl_dag.py
[2024-08-18 12:24:33,185] {processor.py:651} INFO - DAG(s) dict_keys(['tutorial_etl_dag']) retrieved from /home/kai/.local/lib/python3.8/site-packages/airflow/example_dags/tutorial_etl_dag.py
[2024-08-18 12:24:33,202] {logging_mixin.py:115} INFO - [2024-08-18 12:24:33,202] {dag.py:2379} INFO - Sync 1 DAGs
[2024-08-18 12:24:33,225] {logging_mixin.py:115} INFO - [2024-08-18 12:24:33,225] {dag.py:2927} INFO - Setting next_dagrun for tutorial_etl_dag to None, run_after=None
[2024-08-18 12:24:33,236] {processor.py:161} INFO - Processing /home/kai/.local/lib/python3.8/site-packages/airflow/example_dags/tutorial_etl_dag.py took 0.065 seconds
[2024-08-18 12:25:05,890] {processor.py:153} INFO - Started process (PID=11577) to work on /home/kai/.local/lib/python3.8/site-packages/airflow/example_dags/tutorial_etl_dag.py
[2024-08-18 12:25:05,892] {processor.py:641} INFO - Processing file /home/kai/.local/lib/python3.8/site-packages/airflow/example_dags/tutorial_etl_dag.py for tasks to queue
[2024-08-18 12:25:05,893] {logging_mixin.py:115} INFO - [2024-08-18 12:25:05,892] {dagbag.py:507} INFO - Filling up the DagBag from /home/kai/.local/lib/python3.8/site-packages/airflow/example_dags/tutorial_etl_dag.py
[2024-08-18 12:25:05,900] {processor.py:651} INFO - DAG(s) dict_keys(['tutorial_etl_dag']) retrieved from /home/kai/.local/lib/python3.8/site-packages/airflow/example_dags/tutorial_etl_dag.py
[2024-08-18 12:25:05,927] {logging_mixin.py:115} INFO - [2024-08-18 12:25:05,927] {dag.py:2379} INFO - Sync 1 DAGs
[2024-08-18 12:25:05,951] {logging_mixin.py:115} INFO - [2024-08-18 12:25:05,950] {dag.py:2927} INFO - Setting next_dagrun for tutorial_etl_dag to None, run_after=None
[2024-08-18 12:25:05,965] {processor.py:161} INFO - Processing /home/kai/.local/lib/python3.8/site-packages/airflow/example_dags/tutorial_etl_dag.py took 0.077 seconds
[2024-08-18 12:25:39,043] {processor.py:153} INFO - Started process (PID=11745) to work on /home/kai/.local/lib/python3.8/site-packages/airflow/example_dags/tutorial_etl_dag.py
[2024-08-18 12:25:39,044] {processor.py:641} INFO - Processing file /home/kai/.local/lib/python3.8/site-packages/airflow/example_dags/tutorial_etl_dag.py for tasks to queue
[2024-08-18 12:25:39,044] {logging_mixin.py:115} INFO - [2024-08-18 12:25:39,044] {dagbag.py:507} INFO - Filling up the DagBag from /home/kai/.local/lib/python3.8/site-packages/airflow/example_dags/tutorial_etl_dag.py
[2024-08-18 12:25:39,051] {processor.py:651} INFO - DAG(s) dict_keys(['tutorial_etl_dag']) retrieved from /home/kai/.local/lib/python3.8/site-packages/airflow/example_dags/tutorial_etl_dag.py
[2024-08-18 12:25:39,069] {logging_mixin.py:115} INFO - [2024-08-18 12:25:39,069] {dag.py:2379} INFO - Sync 1 DAGs
[2024-08-18 12:25:39,091] {logging_mixin.py:115} INFO - [2024-08-18 12:25:39,091] {dag.py:2927} INFO - Setting next_dagrun for tutorial_etl_dag to None, run_after=None
[2024-08-18 12:25:39,108] {processor.py:161} INFO - Processing /home/kai/.local/lib/python3.8/site-packages/airflow/example_dags/tutorial_etl_dag.py took 0.069 seconds
[2024-08-18 12:26:14,147] {processor.py:153} INFO - Started process (PID=11926) to work on /home/kai/.local/lib/python3.8/site-packages/airflow/example_dags/tutorial_etl_dag.py
[2024-08-18 12:26:14,148] {processor.py:641} INFO - Processing file /home/kai/.local/lib/python3.8/site-packages/airflow/example_dags/tutorial_etl_dag.py for tasks to queue
[2024-08-18 12:26:14,148] {logging_mixin.py:115} INFO - [2024-08-18 12:26:14,148] {dagbag.py:507} INFO - Filling up the DagBag from /home/kai/.local/lib/python3.8/site-packages/airflow/example_dags/tutorial_etl_dag.py
[2024-08-18 12:26:14,156] {processor.py:651} INFO - DAG(s) dict_keys(['tutorial_etl_dag']) retrieved from /home/kai/.local/lib/python3.8/site-packages/airflow/example_dags/tutorial_etl_dag.py
[2024-08-18 12:26:14,178] {logging_mixin.py:115} INFO - [2024-08-18 12:26:14,178] {dag.py:2379} INFO - Sync 1 DAGs
[2024-08-18 12:26:14,196] {logging_mixin.py:115} INFO - [2024-08-18 12:26:14,196] {dag.py:2927} INFO - Setting next_dagrun for tutorial_etl_dag to None, run_after=None
[2024-08-18 12:26:14,205] {processor.py:161} INFO - Processing /home/kai/.local/lib/python3.8/site-packages/airflow/example_dags/tutorial_etl_dag.py took 0.062 seconds
[2024-08-18 12:26:48,394] {processor.py:153} INFO - Started process (PID=12094) to work on /home/kai/.local/lib/python3.8/site-packages/airflow/example_dags/tutorial_etl_dag.py
[2024-08-18 12:26:48,395] {processor.py:641} INFO - Processing file /home/kai/.local/lib/python3.8/site-packages/airflow/example_dags/tutorial_etl_dag.py for tasks to queue
[2024-08-18 12:26:48,396] {logging_mixin.py:115} INFO - [2024-08-18 12:26:48,396] {dagbag.py:507} INFO - Filling up the DagBag from /home/kai/.local/lib/python3.8/site-packages/airflow/example_dags/tutorial_etl_dag.py
[2024-08-18 12:26:48,404] {processor.py:651} INFO - DAG(s) dict_keys(['tutorial_etl_dag']) retrieved from /home/kai/.local/lib/python3.8/site-packages/airflow/example_dags/tutorial_etl_dag.py
[2024-08-18 12:26:48,423] {logging_mixin.py:115} INFO - [2024-08-18 12:26:48,423] {dag.py:2379} INFO - Sync 1 DAGs
[2024-08-18 12:26:48,439] {logging_mixin.py:115} INFO - [2024-08-18 12:26:48,439] {dag.py:2927} INFO - Setting next_dagrun for tutorial_etl_dag to None, run_after=None
[2024-08-18 12:26:48,453] {processor.py:161} INFO - Processing /home/kai/.local/lib/python3.8/site-packages/airflow/example_dags/tutorial_etl_dag.py took 0.062 seconds
[2024-08-18 12:27:22,155] {processor.py:153} INFO - Started process (PID=12270) to work on /home/kai/.local/lib/python3.8/site-packages/airflow/example_dags/tutorial_etl_dag.py
[2024-08-18 12:27:22,155] {processor.py:641} INFO - Processing file /home/kai/.local/lib/python3.8/site-packages/airflow/example_dags/tutorial_etl_dag.py for tasks to queue
[2024-08-18 12:27:22,156] {logging_mixin.py:115} INFO - [2024-08-18 12:27:22,156] {dagbag.py:507} INFO - Filling up the DagBag from /home/kai/.local/lib/python3.8/site-packages/airflow/example_dags/tutorial_etl_dag.py
[2024-08-18 12:27:22,163] {processor.py:651} INFO - DAG(s) dict_keys(['tutorial_etl_dag']) retrieved from /home/kai/.local/lib/python3.8/site-packages/airflow/example_dags/tutorial_etl_dag.py
[2024-08-18 12:27:22,180] {logging_mixin.py:115} INFO - [2024-08-18 12:27:22,180] {dag.py:2379} INFO - Sync 1 DAGs
[2024-08-18 12:27:22,196] {logging_mixin.py:115} INFO - [2024-08-18 12:27:22,196] {dag.py:2927} INFO - Setting next_dagrun for tutorial_etl_dag to None, run_after=None
[2024-08-18 12:27:22,206] {processor.py:161} INFO - Processing /home/kai/.local/lib/python3.8/site-packages/airflow/example_dags/tutorial_etl_dag.py took 0.054 seconds
[2024-08-18 12:27:54,718] {processor.py:153} INFO - Started process (PID=12479) to work on /home/kai/.local/lib/python3.8/site-packages/airflow/example_dags/tutorial_etl_dag.py
[2024-08-18 12:27:54,719] {processor.py:641} INFO - Processing file /home/kai/.local/lib/python3.8/site-packages/airflow/example_dags/tutorial_etl_dag.py for tasks to queue
[2024-08-18 12:27:54,720] {logging_mixin.py:115} INFO - [2024-08-18 12:27:54,720] {dagbag.py:507} INFO - Filling up the DagBag from /home/kai/.local/lib/python3.8/site-packages/airflow/example_dags/tutorial_etl_dag.py
[2024-08-18 12:27:54,731] {processor.py:651} INFO - DAG(s) dict_keys(['tutorial_etl_dag']) retrieved from /home/kai/.local/lib/python3.8/site-packages/airflow/example_dags/tutorial_etl_dag.py
[2024-08-18 12:27:54,749] {logging_mixin.py:115} INFO - [2024-08-18 12:27:54,749] {dag.py:2379} INFO - Sync 1 DAGs
[2024-08-18 12:27:54,774] {logging_mixin.py:115} INFO - [2024-08-18 12:27:54,774] {dag.py:2927} INFO - Setting next_dagrun for tutorial_etl_dag to None, run_after=None
[2024-08-18 12:27:54,795] {processor.py:161} INFO - Processing /home/kai/.local/lib/python3.8/site-packages/airflow/example_dags/tutorial_etl_dag.py took 0.079 seconds
[2024-08-18 19:40:38,724] {processor.py:153} INFO - Started process (PID=13006) to work on /home/kai/.local/lib/python3.8/site-packages/airflow/example_dags/tutorial_etl_dag.py
[2024-08-18 19:40:38,725] {processor.py:641} INFO - Processing file /home/kai/.local/lib/python3.8/site-packages/airflow/example_dags/tutorial_etl_dag.py for tasks to queue
[2024-08-18 19:40:38,727] {logging_mixin.py:115} INFO - [2024-08-18 19:40:38,727] {dagbag.py:507} INFO - Filling up the DagBag from /home/kai/.local/lib/python3.8/site-packages/airflow/example_dags/tutorial_etl_dag.py
[2024-08-18 19:40:38,737] {processor.py:651} INFO - DAG(s) dict_keys(['tutorial_etl_dag']) retrieved from /home/kai/.local/lib/python3.8/site-packages/airflow/example_dags/tutorial_etl_dag.py
[2024-08-18 19:40:38,761] {logging_mixin.py:115} INFO - [2024-08-18 19:40:38,761] {dag.py:2379} INFO - Sync 1 DAGs
[2024-08-18 19:40:38,785] {logging_mixin.py:115} INFO - [2024-08-18 19:40:38,785] {dag.py:2927} INFO - Setting next_dagrun for tutorial_etl_dag to None, run_after=None
[2024-08-18 19:40:38,801] {processor.py:161} INFO - Processing /home/kai/.local/lib/python3.8/site-packages/airflow/example_dags/tutorial_etl_dag.py took 0.081 seconds
[2024-08-18 19:41:10,378] {processor.py:153} INFO - Started process (PID=13393) to work on /home/kai/.local/lib/python3.8/site-packages/airflow/example_dags/tutorial_etl_dag.py
[2024-08-18 19:41:10,378] {processor.py:641} INFO - Processing file /home/kai/.local/lib/python3.8/site-packages/airflow/example_dags/tutorial_etl_dag.py for tasks to queue
[2024-08-18 19:41:10,379] {logging_mixin.py:115} INFO - [2024-08-18 19:41:10,379] {dagbag.py:507} INFO - Filling up the DagBag from /home/kai/.local/lib/python3.8/site-packages/airflow/example_dags/tutorial_etl_dag.py
[2024-08-18 19:41:10,384] {processor.py:651} INFO - DAG(s) dict_keys(['tutorial_etl_dag']) retrieved from /home/kai/.local/lib/python3.8/site-packages/airflow/example_dags/tutorial_etl_dag.py
[2024-08-18 19:41:10,396] {logging_mixin.py:115} INFO - [2024-08-18 19:41:10,396] {dag.py:2379} INFO - Sync 1 DAGs
[2024-08-18 19:41:10,410] {logging_mixin.py:115} INFO - [2024-08-18 19:41:10,410] {dag.py:2927} INFO - Setting next_dagrun for tutorial_etl_dag to None, run_after=None
[2024-08-18 19:41:10,424] {processor.py:161} INFO - Processing /home/kai/.local/lib/python3.8/site-packages/airflow/example_dags/tutorial_etl_dag.py took 0.049 seconds
[2024-08-18 19:41:45,893] {processor.py:153} INFO - Started process (PID=13568) to work on /home/kai/.local/lib/python3.8/site-packages/airflow/example_dags/tutorial_etl_dag.py
[2024-08-18 19:41:45,894] {processor.py:641} INFO - Processing file /home/kai/.local/lib/python3.8/site-packages/airflow/example_dags/tutorial_etl_dag.py for tasks to queue
[2024-08-18 19:41:45,895] {logging_mixin.py:115} INFO - [2024-08-18 19:41:45,894] {dagbag.py:507} INFO - Filling up the DagBag from /home/kai/.local/lib/python3.8/site-packages/airflow/example_dags/tutorial_etl_dag.py
[2024-08-18 19:41:45,903] {processor.py:651} INFO - DAG(s) dict_keys(['tutorial_etl_dag']) retrieved from /home/kai/.local/lib/python3.8/site-packages/airflow/example_dags/tutorial_etl_dag.py
[2024-08-18 19:41:45,917] {logging_mixin.py:115} INFO - [2024-08-18 19:41:45,917] {dag.py:2379} INFO - Sync 1 DAGs
[2024-08-18 19:41:45,940] {logging_mixin.py:115} INFO - [2024-08-18 19:41:45,939] {dag.py:2927} INFO - Setting next_dagrun for tutorial_etl_dag to None, run_after=None
[2024-08-18 19:41:45,950] {processor.py:161} INFO - Processing /home/kai/.local/lib/python3.8/site-packages/airflow/example_dags/tutorial_etl_dag.py took 0.061 seconds
[2024-08-18 19:42:18,520] {processor.py:153} INFO - Started process (PID=13730) to work on /home/kai/.local/lib/python3.8/site-packages/airflow/example_dags/tutorial_etl_dag.py
[2024-08-18 19:42:18,521] {processor.py:641} INFO - Processing file /home/kai/.local/lib/python3.8/site-packages/airflow/example_dags/tutorial_etl_dag.py for tasks to queue
[2024-08-18 19:42:18,522] {logging_mixin.py:115} INFO - [2024-08-18 19:42:18,521] {dagbag.py:507} INFO - Filling up the DagBag from /home/kai/.local/lib/python3.8/site-packages/airflow/example_dags/tutorial_etl_dag.py
[2024-08-18 19:42:18,529] {processor.py:651} INFO - DAG(s) dict_keys(['tutorial_etl_dag']) retrieved from /home/kai/.local/lib/python3.8/site-packages/airflow/example_dags/tutorial_etl_dag.py
[2024-08-18 19:42:18,544] {logging_mixin.py:115} INFO - [2024-08-18 19:42:18,544] {dag.py:2379} INFO - Sync 1 DAGs
[2024-08-18 19:42:18,562] {logging_mixin.py:115} INFO - [2024-08-18 19:42:18,562] {dag.py:2927} INFO - Setting next_dagrun for tutorial_etl_dag to None, run_after=None
[2024-08-18 19:42:18,574] {processor.py:161} INFO - Processing /home/kai/.local/lib/python3.8/site-packages/airflow/example_dags/tutorial_etl_dag.py took 0.057 seconds
[2024-08-18 19:42:52,130] {processor.py:153} INFO - Started process (PID=13911) to work on /home/kai/.local/lib/python3.8/site-packages/airflow/example_dags/tutorial_etl_dag.py
[2024-08-18 19:42:52,130] {processor.py:641} INFO - Processing file /home/kai/.local/lib/python3.8/site-packages/airflow/example_dags/tutorial_etl_dag.py for tasks to queue
[2024-08-18 19:42:52,131] {logging_mixin.py:115} INFO - [2024-08-18 19:42:52,131] {dagbag.py:507} INFO - Filling up the DagBag from /home/kai/.local/lib/python3.8/site-packages/airflow/example_dags/tutorial_etl_dag.py
[2024-08-18 19:42:52,138] {processor.py:651} INFO - DAG(s) dict_keys(['tutorial_etl_dag']) retrieved from /home/kai/.local/lib/python3.8/site-packages/airflow/example_dags/tutorial_etl_dag.py
[2024-08-18 19:42:52,150] {logging_mixin.py:115} INFO - [2024-08-18 19:42:52,150] {dag.py:2379} INFO - Sync 1 DAGs
[2024-08-18 19:42:52,164] {logging_mixin.py:115} INFO - [2024-08-18 19:42:52,164] {dag.py:2927} INFO - Setting next_dagrun for tutorial_etl_dag to None, run_after=None
[2024-08-18 19:42:52,174] {processor.py:161} INFO - Processing /home/kai/.local/lib/python3.8/site-packages/airflow/example_dags/tutorial_etl_dag.py took 0.047 seconds
[2024-08-18 19:43:25,357] {processor.py:153} INFO - Started process (PID=14075) to work on /home/kai/.local/lib/python3.8/site-packages/airflow/example_dags/tutorial_etl_dag.py
[2024-08-18 19:43:25,358] {processor.py:641} INFO - Processing file /home/kai/.local/lib/python3.8/site-packages/airflow/example_dags/tutorial_etl_dag.py for tasks to queue
[2024-08-18 19:43:25,358] {logging_mixin.py:115} INFO - [2024-08-18 19:43:25,358] {dagbag.py:507} INFO - Filling up the DagBag from /home/kai/.local/lib/python3.8/site-packages/airflow/example_dags/tutorial_etl_dag.py
[2024-08-18 19:43:25,367] {processor.py:651} INFO - DAG(s) dict_keys(['tutorial_etl_dag']) retrieved from /home/kai/.local/lib/python3.8/site-packages/airflow/example_dags/tutorial_etl_dag.py
[2024-08-18 19:43:25,381] {logging_mixin.py:115} INFO - [2024-08-18 19:43:25,381] {dag.py:2379} INFO - Sync 1 DAGs
[2024-08-18 19:43:25,394] {logging_mixin.py:115} INFO - [2024-08-18 19:43:25,394] {dag.py:2927} INFO - Setting next_dagrun for tutorial_etl_dag to None, run_after=None
[2024-08-18 19:43:25,416] {processor.py:161} INFO - Processing /home/kai/.local/lib/python3.8/site-packages/airflow/example_dags/tutorial_etl_dag.py took 0.062 seconds
[2024-08-18 19:43:59,689] {processor.py:153} INFO - Started process (PID=14247) to work on /home/kai/.local/lib/python3.8/site-packages/airflow/example_dags/tutorial_etl_dag.py
[2024-08-18 19:43:59,690] {processor.py:641} INFO - Processing file /home/kai/.local/lib/python3.8/site-packages/airflow/example_dags/tutorial_etl_dag.py for tasks to queue
[2024-08-18 19:43:59,690] {logging_mixin.py:115} INFO - [2024-08-18 19:43:59,690] {dagbag.py:507} INFO - Filling up the DagBag from /home/kai/.local/lib/python3.8/site-packages/airflow/example_dags/tutorial_etl_dag.py
[2024-08-18 19:43:59,697] {processor.py:651} INFO - DAG(s) dict_keys(['tutorial_etl_dag']) retrieved from /home/kai/.local/lib/python3.8/site-packages/airflow/example_dags/tutorial_etl_dag.py
[2024-08-18 19:43:59,708] {logging_mixin.py:115} INFO - [2024-08-18 19:43:59,708] {dag.py:2379} INFO - Sync 1 DAGs
[2024-08-18 19:43:59,722] {logging_mixin.py:115} INFO - [2024-08-18 19:43:59,722] {dag.py:2927} INFO - Setting next_dagrun for tutorial_etl_dag to None, run_after=None
[2024-08-18 19:43:59,741] {processor.py:161} INFO - Processing /home/kai/.local/lib/python3.8/site-packages/airflow/example_dags/tutorial_etl_dag.py took 0.055 seconds
[2024-08-18 19:44:32,721] {processor.py:153} INFO - Started process (PID=14477) to work on /home/kai/.local/lib/python3.8/site-packages/airflow/example_dags/tutorial_etl_dag.py
[2024-08-18 19:44:32,722] {processor.py:641} INFO - Processing file /home/kai/.local/lib/python3.8/site-packages/airflow/example_dags/tutorial_etl_dag.py for tasks to queue
[2024-08-18 19:44:32,722] {logging_mixin.py:115} INFO - [2024-08-18 19:44:32,722] {dagbag.py:507} INFO - Filling up the DagBag from /home/kai/.local/lib/python3.8/site-packages/airflow/example_dags/tutorial_etl_dag.py
[2024-08-18 19:44:32,734] {processor.py:651} INFO - DAG(s) dict_keys(['tutorial_etl_dag']) retrieved from /home/kai/.local/lib/python3.8/site-packages/airflow/example_dags/tutorial_etl_dag.py
[2024-08-18 19:44:32,753] {logging_mixin.py:115} INFO - [2024-08-18 19:44:32,752] {dag.py:2379} INFO - Sync 1 DAGs
[2024-08-18 19:44:32,769] {logging_mixin.py:115} INFO - [2024-08-18 19:44:32,769] {dag.py:2927} INFO - Setting next_dagrun for tutorial_etl_dag to None, run_after=None
[2024-08-18 19:44:32,780] {processor.py:161} INFO - Processing /home/kai/.local/lib/python3.8/site-packages/airflow/example_dags/tutorial_etl_dag.py took 0.063 seconds
[2024-08-18 19:45:07,415] {processor.py:153} INFO - Started process (PID=14714) to work on /home/kai/.local/lib/python3.8/site-packages/airflow/example_dags/tutorial_etl_dag.py
[2024-08-18 19:45:07,416] {processor.py:641} INFO - Processing file /home/kai/.local/lib/python3.8/site-packages/airflow/example_dags/tutorial_etl_dag.py for tasks to queue
[2024-08-18 19:45:07,416] {logging_mixin.py:115} INFO - [2024-08-18 19:45:07,416] {dagbag.py:507} INFO - Filling up the DagBag from /home/kai/.local/lib/python3.8/site-packages/airflow/example_dags/tutorial_etl_dag.py
[2024-08-18 19:45:07,427] {processor.py:651} INFO - DAG(s) dict_keys(['tutorial_etl_dag']) retrieved from /home/kai/.local/lib/python3.8/site-packages/airflow/example_dags/tutorial_etl_dag.py
[2024-08-18 19:45:07,450] {logging_mixin.py:115} INFO - [2024-08-18 19:45:07,450] {dag.py:2379} INFO - Sync 1 DAGs
[2024-08-18 19:45:07,467] {logging_mixin.py:115} INFO - [2024-08-18 19:45:07,467] {dag.py:2927} INFO - Setting next_dagrun for tutorial_etl_dag to None, run_after=None
[2024-08-18 19:45:07,483] {processor.py:161} INFO - Processing /home/kai/.local/lib/python3.8/site-packages/airflow/example_dags/tutorial_etl_dag.py took 0.072 seconds
