[2024-09-03 22:45:04,996] {taskinstance.py:1159} INFO - Dependencies all met for <TaskInstance: Twitter_extractor_DAGs.BRONZE_LAYER_EXTRACTION_E scheduled__2024-08-12T00:00:00+00:00 [queued]>
[2024-09-03 22:45:05,002] {taskinstance.py:1159} INFO - Dependencies all met for <TaskInstance: Twitter_extractor_DAGs.BRONZE_LAYER_EXTRACTION_E scheduled__2024-08-12T00:00:00+00:00 [queued]>
[2024-09-03 22:45:05,002] {taskinstance.py:1356} INFO - 
--------------------------------------------------------------------------------
[2024-09-03 22:45:05,002] {taskinstance.py:1357} INFO - Starting attempt 1 of 1
[2024-09-03 22:45:05,002] {taskinstance.py:1358} INFO - 
--------------------------------------------------------------------------------
[2024-09-03 22:45:05,017] {taskinstance.py:1377} INFO - Executing <Task(TwitterOperator): BRONZE_LAYER_EXTRACTION_E> on 2024-08-12 00:00:00+00:00
[2024-09-03 22:45:05,021] {standard_task_runner.py:52} INFO - Started process 442440 to run task
[2024-09-03 22:45:05,024] {standard_task_runner.py:79} INFO - Running: ['airflow', 'tasks', 'run', 'Twitter_extractor_DAGs', 'BRONZE_LAYER_EXTRACTION_E', 'scheduled__2024-08-12T00:00:00+00:00', '--job-id', '95', '--raw', '--subdir', 'DAGS_FOLDER/twitter_dag.py', '--cfg-path', '/tmp/tmpi6xbuk6t', '--error-file', '/tmp/tmp4kxkr6zj']
[2024-09-03 22:45:05,024] {standard_task_runner.py:80} INFO - Job 95: Subtask BRONZE_LAYER_EXTRACTION_E
[2024-09-03 22:45:05,066] {task_command.py:370} INFO - Running <TaskInstance: Twitter_extractor_DAGs.BRONZE_LAYER_EXTRACTION_E scheduled__2024-08-12T00:00:00+00:00 [running]> on host kaiwangairflow
[2024-09-03 22:45:05,117] {taskinstance.py:1569} INFO - Exporting the following env vars:
AIRFLOW_CTX_DAG_OWNER=airflow
AIRFLOW_CTX_DAG_ID=Twitter_extractor_DAGs
AIRFLOW_CTX_TASK_ID=BRONZE_LAYER_EXTRACTION_E
AIRFLOW_CTX_EXECUTION_DATE=2024-08-12T00:00:00+00:00
AIRFLOW_CTX_TRY_NUMBER=1
AIRFLOW_CTX_DAG_RUN_ID=scheduled__2024-08-12T00:00:00+00:00
[2024-09-03 22:45:05,122] {base.py:68} INFO - Using connection ID 'twitter_connections_default' for task execution.
[2024-09-03 22:45:05,123] {twitter_hook.py:65} INFO - URL: https://labdados.com/2/tweets/search/recent?query=data engineer&tweet.fields=author_id,conversation_id,created_at,id,in_reply_to_user_id,public_metrics,lang,text&expansions=author_id&user.fields=id,name,username,created_at&start_time=2024-08-12T00:00:00.00Z&end_time=2024-08-13T00:00:00.00Z
[2024-09-03 22:45:05,818] {taskinstance.py:1395} INFO - Marking task as SUCCESS. dag_id=Twitter_extractor_DAGs, task_id=BRONZE_LAYER_EXTRACTION_E, execution_date=20240812T000000, start_date=20240904T014504, end_date=20240904T014505
[2024-09-03 22:45:05,868] {local_task_job.py:156} INFO - Task exited with return code 0
[2024-09-03 22:45:05,913] {local_task_job.py:273} INFO - 1 downstream tasks scheduled from follow-on schedule check
