[2024-09-03 22:47:19,458] {taskinstance.py:1159} INFO - Dependencies all met for <TaskInstance: Twitter_extractor_DAGs.SILVER_LAYER_LOAD_L scheduled__2024-08-16T00:00:00+00:00 [queued]>
[2024-09-03 22:47:19,463] {taskinstance.py:1159} INFO - Dependencies all met for <TaskInstance: Twitter_extractor_DAGs.SILVER_LAYER_LOAD_L scheduled__2024-08-16T00:00:00+00:00 [queued]>
[2024-09-03 22:47:19,463] {taskinstance.py:1356} INFO - 
--------------------------------------------------------------------------------
[2024-09-03 22:47:19,463] {taskinstance.py:1357} INFO - Starting attempt 1 of 1
[2024-09-03 22:47:19,463] {taskinstance.py:1358} INFO - 
--------------------------------------------------------------------------------
[2024-09-03 22:47:19,473] {taskinstance.py:1377} INFO - Executing <Task(SparkSubmitOperator): SILVER_LAYER_LOAD_L> on 2024-08-16 00:00:00+00:00
[2024-09-03 22:47:19,476] {standard_task_runner.py:52} INFO - Started process 445209 to run task
[2024-09-03 22:47:19,479] {standard_task_runner.py:79} INFO - Running: ['airflow', 'tasks', 'run', 'Twitter_extractor_DAGs', 'SILVER_LAYER_LOAD_L', 'scheduled__2024-08-16T00:00:00+00:00', '--job-id', '110', '--raw', '--subdir', 'DAGS_FOLDER/twitter_dag.py', '--cfg-path', '/tmp/tmpo8w1b1t5', '--error-file', '/tmp/tmp4bm2f0dp']
[2024-09-03 22:47:19,480] {standard_task_runner.py:80} INFO - Job 110: Subtask SILVER_LAYER_LOAD_L
[2024-09-03 22:47:19,516] {task_command.py:370} INFO - Running <TaskInstance: Twitter_extractor_DAGs.SILVER_LAYER_LOAD_L scheduled__2024-08-16T00:00:00+00:00 [running]> on host kaiwangairflow
[2024-09-03 22:47:19,560] {taskinstance.py:1569} INFO - Exporting the following env vars:
AIRFLOW_CTX_DAG_OWNER=airflow
AIRFLOW_CTX_DAG_ID=Twitter_extractor_DAGs
AIRFLOW_CTX_TASK_ID=SILVER_LAYER_LOAD_L
AIRFLOW_CTX_EXECUTION_DATE=2024-08-16T00:00:00+00:00
AIRFLOW_CTX_TRY_NUMBER=1
AIRFLOW_CTX_DAG_RUN_ID=scheduled__2024-08-16T00:00:00+00:00
[2024-09-03 22:47:19,564] {base.py:68} INFO - Using connection ID 'spark_default' for task execution.
[2024-09-03 22:47:19,565] {spark_submit.py:344} INFO - Spark-Submit cmd: spark-submit --master local --name twitter_transformation --queue root.default src/scripts/load_silver_functions.py --src datalake/bronze/data_engineer/extract_data=2024-08-16T00:00:00.00Z --dest datalake/silver/data_engineer/ --process-data 20240816
[2024-09-03 22:47:20,631] {spark_submit.py:495} INFO - 24/09/03 22:47:20 WARN Utils: Your hostname, kaiwangairflow resolves to a loopback address: 127.0.1.1; using 192.168.2.128 instead (on interface ens33)
[2024-09-03 22:47:20,631] {spark_submit.py:495} INFO - 24/09/03 22:47:20 WARN Utils: Set SPARK_LOCAL_IP if you need to bind to another address
[2024-09-03 22:47:20,961] {spark_submit.py:495} INFO - 24/09/03 22:47:20 WARN NativeCodeLoader: Unable to load native-hadoop library for your platform... using builtin-java classes where applicable
[2024-09-03 22:47:21,500] {spark_submit.py:495} INFO - Using Spark's default log4j profile: org/apache/spark/log4j-defaults.properties
[2024-09-03 22:47:21,508] {spark_submit.py:495} INFO - 24/09/03 22:47:21 INFO SparkContext: Running Spark version 3.1.3
[2024-09-03 22:47:21,553] {spark_submit.py:495} INFO - 24/09/03 22:47:21 INFO ResourceUtils: ==============================================================
[2024-09-03 22:47:21,553] {spark_submit.py:495} INFO - 24/09/03 22:47:21 INFO ResourceUtils: No custom resources configured for spark.driver.
[2024-09-03 22:47:21,553] {spark_submit.py:495} INFO - 24/09/03 22:47:21 INFO ResourceUtils: ==============================================================
[2024-09-03 22:47:21,554] {spark_submit.py:495} INFO - 24/09/03 22:47:21 INFO SparkContext: Submitted application: twitter_transformation
[2024-09-03 22:47:21,574] {spark_submit.py:495} INFO - 24/09/03 22:47:21 INFO ResourceProfile: Default ResourceProfile created, executor resources: Map(cores -> name: cores, amount: 1, script: , vendor: , memory -> name: memory, amount: 1024, script: , vendor: , offHeap -> name: offHeap, amount: 0, script: , vendor: ), task resources: Map(cpus -> name: cpus, amount: 1.0)
[2024-09-03 22:47:21,593] {spark_submit.py:495} INFO - 24/09/03 22:47:21 INFO ResourceProfile: Limiting resource is cpu
[2024-09-03 22:47:21,595] {spark_submit.py:495} INFO - 24/09/03 22:47:21 INFO ResourceProfileManager: Added ResourceProfile id: 0
[2024-09-03 22:47:21,646] {spark_submit.py:495} INFO - 24/09/03 22:47:21 INFO SecurityManager: Changing view acls to: kai
[2024-09-03 22:47:21,646] {spark_submit.py:495} INFO - 24/09/03 22:47:21 INFO SecurityManager: Changing modify acls to: kai
[2024-09-03 22:47:21,646] {spark_submit.py:495} INFO - 24/09/03 22:47:21 INFO SecurityManager: Changing view acls groups to:
[2024-09-03 22:47:21,646] {spark_submit.py:495} INFO - 24/09/03 22:47:21 INFO SecurityManager: Changing modify acls groups to:
[2024-09-03 22:47:21,646] {spark_submit.py:495} INFO - 24/09/03 22:47:21 INFO SecurityManager: SecurityManager: authentication disabled; ui acls disabled; users  with view permissions: Set(kai); groups with view permissions: Set(); users  with modify permissions: Set(kai); groups with modify permissions: Set()
[2024-09-03 22:47:21,792] {spark_submit.py:495} INFO - 24/09/03 22:47:21 INFO Utils: Successfully started service 'sparkDriver' on port 44331.
[2024-09-03 22:47:21,818] {spark_submit.py:495} INFO - 24/09/03 22:47:21 INFO SparkEnv: Registering MapOutputTracker
[2024-09-03 22:47:21,842] {spark_submit.py:495} INFO - 24/09/03 22:47:21 INFO SparkEnv: Registering BlockManagerMaster
[2024-09-03 22:47:21,857] {spark_submit.py:495} INFO - 24/09/03 22:47:21 INFO BlockManagerMasterEndpoint: Using org.apache.spark.storage.DefaultTopologyMapper for getting topology information
[2024-09-03 22:47:21,858] {spark_submit.py:495} INFO - 24/09/03 22:47:21 INFO BlockManagerMasterEndpoint: BlockManagerMasterEndpoint up
[2024-09-03 22:47:21,860] {spark_submit.py:495} INFO - 24/09/03 22:47:21 INFO SparkEnv: Registering BlockManagerMasterHeartbeat
[2024-09-03 22:47:21,871] {spark_submit.py:495} INFO - 24/09/03 22:47:21 INFO DiskBlockManager: Created local directory at /tmp/blockmgr-6a19fba9-7110-419f-bf42-09a08fa99cd1
[2024-09-03 22:47:21,890] {spark_submit.py:495} INFO - 24/09/03 22:47:21 INFO MemoryStore: MemoryStore started with capacity 366.3 MiB
[2024-09-03 22:47:21,906] {spark_submit.py:495} INFO - 24/09/03 22:47:21 INFO SparkEnv: Registering OutputCommitCoordinator
[2024-09-03 22:47:22,088] {spark_submit.py:495} INFO - 24/09/03 22:47:22 WARN Utils: Service 'SparkUI' could not bind on port 4040. Attempting port 4041.
[2024-09-03 22:47:22,095] {spark_submit.py:495} INFO - 24/09/03 22:47:22 INFO Utils: Successfully started service 'SparkUI' on port 4041.
[2024-09-03 22:47:22,149] {spark_submit.py:495} INFO - 24/09/03 22:47:22 INFO SparkUI: Bound SparkUI to 0.0.0.0, and started at http://192.168.2.128:4041
[2024-09-03 22:47:22,345] {spark_submit.py:495} INFO - 24/09/03 22:47:22 INFO Executor: Starting executor ID driver on host 192.168.2.128
[2024-09-03 22:47:22,367] {spark_submit.py:495} INFO - 24/09/03 22:47:22 INFO Utils: Successfully started service 'org.apache.spark.network.netty.NettyBlockTransferService' on port 36671.
[2024-09-03 22:47:22,367] {spark_submit.py:495} INFO - 24/09/03 22:47:22 INFO NettyBlockTransferService: Server created on 192.168.2.128:36671
[2024-09-03 22:47:22,368] {spark_submit.py:495} INFO - 24/09/03 22:47:22 INFO BlockManager: Using org.apache.spark.storage.RandomBlockReplicationPolicy for block replication policy
[2024-09-03 22:47:22,374] {spark_submit.py:495} INFO - 24/09/03 22:47:22 INFO BlockManagerMaster: Registering BlockManager BlockManagerId(driver, 192.168.2.128, 36671, None)
[2024-09-03 22:47:22,378] {spark_submit.py:495} INFO - 24/09/03 22:47:22 INFO BlockManagerMasterEndpoint: Registering block manager 192.168.2.128:36671 with 366.3 MiB RAM, BlockManagerId(driver, 192.168.2.128, 36671, None)
[2024-09-03 22:47:22,378] {spark_submit.py:495} INFO - 24/09/03 22:47:22 INFO BlockManagerMaster: Registered BlockManager BlockManagerId(driver, 192.168.2.128, 36671, None)
[2024-09-03 22:47:22,379] {spark_submit.py:495} INFO - 24/09/03 22:47:22 INFO BlockManager: Initialized BlockManager: BlockManagerId(driver, 192.168.2.128, 36671, None)
[2024-09-03 22:47:22,900] {spark_submit.py:495} INFO - 24/09/03 22:47:22 INFO SharedState: Setting hive.metastore.warehouse.dir ('null') to the value of spark.sql.warehouse.dir ('file:/home/kai/Documents/PROJETOS/twitter_extractor_airflow/spark-warehouse').
[2024-09-03 22:47:22,900] {spark_submit.py:495} INFO - 24/09/03 22:47:22 INFO SharedState: Warehouse path is 'file:/home/kai/Documents/PROJETOS/twitter_extractor_airflow/spark-warehouse'.
[2024-09-03 22:47:23,686] {spark_submit.py:495} INFO - 24/09/03 22:47:23 INFO InMemoryFileIndex: It took 33 ms to list leaf files for 1 paths.
[2024-09-03 22:47:23,748] {spark_submit.py:495} INFO - 24/09/03 22:47:23 INFO InMemoryFileIndex: It took 2 ms to list leaf files for 1 paths.
[2024-09-03 22:47:25,545] {spark_submit.py:495} INFO - 24/09/03 22:47:25 INFO FileSourceStrategy: Pushed Filters:
[2024-09-03 22:47:25,546] {spark_submit.py:495} INFO - 24/09/03 22:47:25 INFO FileSourceStrategy: Post-Scan Filters:
[2024-09-03 22:47:25,549] {spark_submit.py:495} INFO - 24/09/03 22:47:25 INFO FileSourceStrategy: Output Data Schema: struct<value: string>
[2024-09-03 22:47:25,859] {spark_submit.py:495} INFO - 24/09/03 22:47:25 INFO MemoryStore: Block broadcast_0 stored as values in memory (estimated size 303.1 KiB, free 366.0 MiB)
[2024-09-03 22:47:25,910] {spark_submit.py:495} INFO - 24/09/03 22:47:25 INFO MemoryStore: Block broadcast_0_piece0 stored as bytes in memory (estimated size 27.5 KiB, free 366.0 MiB)
[2024-09-03 22:47:25,914] {spark_submit.py:495} INFO - 24/09/03 22:47:25 INFO BlockManagerInfo: Added broadcast_0_piece0 in memory on 192.168.2.128:36671 (size: 27.5 KiB, free: 366.3 MiB)
[2024-09-03 22:47:25,918] {spark_submit.py:495} INFO - 24/09/03 22:47:25 INFO SparkContext: Created broadcast 0 from json at NativeMethodAccessorImpl.java:0
[2024-09-03 22:47:25,928] {spark_submit.py:495} INFO - 24/09/03 22:47:25 INFO FileSourceScanExec: Planning scan with bin packing, max size: 4648964 bytes, open cost is considered as scanning 4194304 bytes.
[2024-09-03 22:47:26,076] {spark_submit.py:495} INFO - 24/09/03 22:47:26 INFO SparkContext: Starting job: json at NativeMethodAccessorImpl.java:0
[2024-09-03 22:47:26,092] {spark_submit.py:495} INFO - 24/09/03 22:47:26 INFO DAGScheduler: Got job 0 (json at NativeMethodAccessorImpl.java:0) with 1 output partitions
[2024-09-03 22:47:26,093] {spark_submit.py:495} INFO - 24/09/03 22:47:26 INFO DAGScheduler: Final stage: ResultStage 0 (json at NativeMethodAccessorImpl.java:0)
[2024-09-03 22:47:26,093] {spark_submit.py:495} INFO - 24/09/03 22:47:26 INFO DAGScheduler: Parents of final stage: List()
[2024-09-03 22:47:26,096] {spark_submit.py:495} INFO - 24/09/03 22:47:26 INFO DAGScheduler: Missing parents: List()
[2024-09-03 22:47:26,108] {spark_submit.py:495} INFO - 24/09/03 22:47:26 INFO DAGScheduler: Submitting ResultStage 0 (MapPartitionsRDD[3] at json at NativeMethodAccessorImpl.java:0), which has no missing parents
[2024-09-03 22:47:26,199] {spark_submit.py:495} INFO - 24/09/03 22:47:26 INFO MemoryStore: Block broadcast_1 stored as values in memory (estimated size 12.1 KiB, free 366.0 MiB)
[2024-09-03 22:47:26,204] {spark_submit.py:495} INFO - 24/09/03 22:47:26 INFO MemoryStore: Block broadcast_1_piece0 stored as bytes in memory (estimated size 6.3 KiB, free 366.0 MiB)
[2024-09-03 22:47:26,205] {spark_submit.py:495} INFO - 24/09/03 22:47:26 INFO BlockManagerInfo: Added broadcast_1_piece0 in memory on 192.168.2.128:36671 (size: 6.3 KiB, free: 366.3 MiB)
[2024-09-03 22:47:26,205] {spark_submit.py:495} INFO - 24/09/03 22:47:26 INFO SparkContext: Created broadcast 1 from broadcast at DAGScheduler.scala:1433
[2024-09-03 22:47:26,219] {spark_submit.py:495} INFO - 24/09/03 22:47:26 INFO DAGScheduler: Submitting 1 missing tasks from ResultStage 0 (MapPartitionsRDD[3] at json at NativeMethodAccessorImpl.java:0) (first 15 tasks are for partitions Vector(0))
[2024-09-03 22:47:26,220] {spark_submit.py:495} INFO - 24/09/03 22:47:26 INFO TaskSchedulerImpl: Adding task set 0.0 with 1 tasks resource profile 0
[2024-09-03 22:47:26,271] {spark_submit.py:495} INFO - 24/09/03 22:47:26 INFO TaskSetManager: Starting task 0.0 in stage 0.0 (TID 0) (192.168.2.128, executor driver, partition 0, PROCESS_LOCAL, 4981 bytes) taskResourceAssignments Map()
[2024-09-03 22:47:26,291] {spark_submit.py:495} INFO - 24/09/03 22:47:26 INFO Executor: Running task 0.0 in stage 0.0 (TID 0)
[2024-09-03 22:47:26,585] {spark_submit.py:495} INFO - 24/09/03 22:47:26 INFO FileScanRDD: Reading File path: file:///home/kai/Documents/PROJETOS/twitter_extractor_airflow/datalake/bronze/data_engineer/extract_data=2024-08-16T00:00:00.00Z/data_engineer_20240816.json, range: 0-454660, partition values: [empty row]
[2024-09-03 22:47:26,832] {spark_submit.py:495} INFO - 24/09/03 22:47:26 INFO CodeGenerator: Code generated in 150.877173 ms
[2024-09-03 22:47:26,924] {spark_submit.py:495} INFO - 24/09/03 22:47:26 INFO Executor: Finished task 0.0 in stage 0.0 (TID 0). 2841 bytes result sent to driver
[2024-09-03 22:47:27,025] {spark_submit.py:495} INFO - 24/09/03 22:47:27 INFO TaskSetManager: Finished task 0.0 in stage 0.0 (TID 0) in 674 ms on 192.168.2.128 (executor driver) (1/1)
[2024-09-03 22:47:27,028] {spark_submit.py:495} INFO - 24/09/03 22:47:27 INFO TaskSchedulerImpl: Removed TaskSet 0.0, whose tasks have all completed, from pool
[2024-09-03 22:47:27,034] {spark_submit.py:495} INFO - 24/09/03 22:47:27 INFO DAGScheduler: ResultStage 0 (json at NativeMethodAccessorImpl.java:0) finished in 0,901 s
[2024-09-03 22:47:27,037] {spark_submit.py:495} INFO - 24/09/03 22:47:27 INFO DAGScheduler: Job 0 is finished. Cancelling potential speculative or zombie tasks for this job
[2024-09-03 22:47:27,037] {spark_submit.py:495} INFO - 24/09/03 22:47:27 INFO TaskSchedulerImpl: Killing all running tasks in stage 0: Stage finished
[2024-09-03 22:47:27,040] {spark_submit.py:495} INFO - 24/09/03 22:47:27 INFO DAGScheduler: Job 0 finished: json at NativeMethodAccessorImpl.java:0, took 0,963167 s
[2024-09-03 22:47:27,439] {spark_submit.py:495} INFO - 24/09/03 22:47:27 INFO FileSourceStrategy: Pushed Filters: IsNotNull(data)
[2024-09-03 22:47:27,440] {spark_submit.py:495} INFO - 24/09/03 22:47:27 INFO FileSourceStrategy: Post-Scan Filters: (size(data#7, true) > 0),isnotnull(data#7)
[2024-09-03 22:47:27,440] {spark_submit.py:495} INFO - 24/09/03 22:47:27 INFO FileSourceStrategy: Output Data Schema: struct<data: array<struct<author_id:string,conversation_id:string,created_at:string,edit_history_tweet_ids:array<bigint>,id:string,in_reply_to_user_id:string,lang:string,public_metrics:struct<like_count:bigint,quote_count:bigint,reply_count:bigint,retweet_count:bigint>,text:string>>>
[2024-09-03 22:47:27,507] {spark_submit.py:495} INFO - 24/09/03 22:47:27 INFO FileOutputCommitter: File Output Committer Algorithm version is 1
[2024-09-03 22:47:27,508] {spark_submit.py:495} INFO - 24/09/03 22:47:27 INFO FileOutputCommitter: FileOutputCommitter skip cleanup _temporary folders under output directory:false, ignore cleanup failures: false
[2024-09-03 22:47:27,508] {spark_submit.py:495} INFO - 24/09/03 22:47:27 INFO SQLHadoopMapReduceCommitProtocol: Using output committer class org.apache.hadoop.mapreduce.lib.output.FileOutputCommitter
[2024-09-03 22:47:27,604] {spark_submit.py:495} INFO - 24/09/03 22:47:27 INFO CodeGenerator: Code generated in 33.8598 ms
[2024-09-03 22:47:27,642] {spark_submit.py:495} INFO - 24/09/03 22:47:27 INFO CodeGenerator: Code generated in 22.924233 ms
[2024-09-03 22:47:27,649] {spark_submit.py:495} INFO - 24/09/03 22:47:27 INFO MemoryStore: Block broadcast_2 stored as values in memory (estimated size 303.0 KiB, free 365.7 MiB)
[2024-09-03 22:47:27,656] {spark_submit.py:495} INFO - 24/09/03 22:47:27 INFO MemoryStore: Block broadcast_2_piece0 stored as bytes in memory (estimated size 27.5 KiB, free 365.6 MiB)
[2024-09-03 22:47:27,657] {spark_submit.py:495} INFO - 24/09/03 22:47:27 INFO BlockManagerInfo: Added broadcast_2_piece0 in memory on 192.168.2.128:36671 (size: 27.5 KiB, free: 366.2 MiB)
[2024-09-03 22:47:27,658] {spark_submit.py:495} INFO - 24/09/03 22:47:27 INFO SparkContext: Created broadcast 2 from json at NativeMethodAccessorImpl.java:0
[2024-09-03 22:47:27,660] {spark_submit.py:495} INFO - 24/09/03 22:47:27 INFO FileSourceScanExec: Planning scan with bin packing, max size: 4648964 bytes, open cost is considered as scanning 4194304 bytes.
[2024-09-03 22:47:27,715] {spark_submit.py:495} INFO - 24/09/03 22:47:27 INFO SparkContext: Starting job: json at NativeMethodAccessorImpl.java:0
[2024-09-03 22:47:27,716] {spark_submit.py:495} INFO - 24/09/03 22:47:27 INFO DAGScheduler: Got job 1 (json at NativeMethodAccessorImpl.java:0) with 1 output partitions
[2024-09-03 22:47:27,717] {spark_submit.py:495} INFO - 24/09/03 22:47:27 INFO DAGScheduler: Final stage: ResultStage 1 (json at NativeMethodAccessorImpl.java:0)
[2024-09-03 22:47:27,717] {spark_submit.py:495} INFO - 24/09/03 22:47:27 INFO DAGScheduler: Parents of final stage: List()
[2024-09-03 22:47:27,717] {spark_submit.py:495} INFO - 24/09/03 22:47:27 INFO DAGScheduler: Missing parents: List()
[2024-09-03 22:47:27,718] {spark_submit.py:495} INFO - 24/09/03 22:47:27 INFO DAGScheduler: Submitting ResultStage 1 (CoalescedRDD[9] at json at NativeMethodAccessorImpl.java:0), which has no missing parents
[2024-09-03 22:47:27,766] {spark_submit.py:495} INFO - 24/09/03 22:47:27 INFO MemoryStore: Block broadcast_3 stored as values in memory (estimated size 190.1 KiB, free 365.5 MiB)
[2024-09-03 22:47:27,770] {spark_submit.py:495} INFO - 24/09/03 22:47:27 INFO MemoryStore: Block broadcast_3_piece0 stored as bytes in memory (estimated size 66.6 KiB, free 365.4 MiB)
[2024-09-03 22:47:27,770] {spark_submit.py:495} INFO - 24/09/03 22:47:27 INFO BlockManagerInfo: Added broadcast_3_piece0 in memory on 192.168.2.128:36671 (size: 66.6 KiB, free: 366.2 MiB)
[2024-09-03 22:47:27,771] {spark_submit.py:495} INFO - 24/09/03 22:47:27 INFO SparkContext: Created broadcast 3 from broadcast at DAGScheduler.scala:1433
[2024-09-03 22:47:27,772] {spark_submit.py:495} INFO - 24/09/03 22:47:27 INFO DAGScheduler: Submitting 1 missing tasks from ResultStage 1 (CoalescedRDD[9] at json at NativeMethodAccessorImpl.java:0) (first 15 tasks are for partitions Vector(0))
[2024-09-03 22:47:27,773] {spark_submit.py:495} INFO - 24/09/03 22:47:27 INFO TaskSchedulerImpl: Adding task set 1.0 with 1 tasks resource profile 0
[2024-09-03 22:47:27,777] {spark_submit.py:495} INFO - 24/09/03 22:47:27 INFO TaskSetManager: Starting task 0.0 in stage 1.0 (TID 1) (192.168.2.128, executor driver, partition 0, PROCESS_LOCAL, 5210 bytes) taskResourceAssignments Map()
[2024-09-03 22:47:27,778] {spark_submit.py:495} INFO - 24/09/03 22:47:27 INFO Executor: Running task 0.0 in stage 1.0 (TID 1)
[2024-09-03 22:47:27,829] {spark_submit.py:495} INFO - 24/09/03 22:47:27 INFO FileOutputCommitter: File Output Committer Algorithm version is 1
[2024-09-03 22:47:27,829] {spark_submit.py:495} INFO - 24/09/03 22:47:27 INFO FileOutputCommitter: FileOutputCommitter skip cleanup _temporary folders under output directory:false, ignore cleanup failures: false
[2024-09-03 22:47:27,829] {spark_submit.py:495} INFO - 24/09/03 22:47:27 INFO SQLHadoopMapReduceCommitProtocol: Using output committer class org.apache.hadoop.mapreduce.lib.output.FileOutputCommitter
[2024-09-03 22:47:27,890] {spark_submit.py:495} INFO - 24/09/03 22:47:27 INFO CodeGenerator: Code generated in 23.06463 ms
[2024-09-03 22:47:27,894] {spark_submit.py:495} INFO - 24/09/03 22:47:27 INFO FileScanRDD: Reading File path: file:///home/kai/Documents/PROJETOS/twitter_extractor_airflow/datalake/bronze/data_engineer/extract_data=2024-08-16T00:00:00.00Z/data_engineer_20240816.json, range: 0-454660, partition values: [empty row]
[2024-09-03 22:47:27,915] {spark_submit.py:495} INFO - 24/09/03 22:47:27 INFO CodeGenerator: Code generated in 18.57788 ms
[2024-09-03 22:47:27,939] {spark_submit.py:495} INFO - 24/09/03 22:47:27 INFO CodeGenerator: Code generated in 6.289055 ms
[2024-09-03 22:47:28,062] {spark_submit.py:495} INFO - 24/09/03 22:47:28 INFO FileOutputCommitter: Saved output of task 'attempt_202409032247277060122398541072574_0001_m_000000_1' to file:/home/kai/Documents/PROJETOS/twitter_extractor_airflow/datalake/silver/data_engineer/twitter_df/process_data=20240816/_temporary/0/task_202409032247277060122398541072574_0001_m_000000
[2024-09-03 22:47:28,062] {spark_submit.py:495} INFO - 24/09/03 22:47:28 INFO SparkHadoopMapRedUtil: attempt_202409032247277060122398541072574_0001_m_000000_1: Committed
[2024-09-03 22:47:28,070] {spark_submit.py:495} INFO - 24/09/03 22:47:28 INFO Executor: Finished task 0.0 in stage 1.0 (TID 1). 2901 bytes result sent to driver
[2024-09-03 22:47:28,086] {spark_submit.py:495} INFO - 24/09/03 22:47:28 INFO TaskSetManager: Finished task 0.0 in stage 1.0 (TID 1) in 312 ms on 192.168.2.128 (executor driver) (1/1)
[2024-09-03 22:47:28,087] {spark_submit.py:495} INFO - 24/09/03 22:47:28 INFO TaskSchedulerImpl: Removed TaskSet 1.0, whose tasks have all completed, from pool
[2024-09-03 22:47:28,093] {spark_submit.py:495} INFO - 24/09/03 22:47:28 INFO DAGScheduler: ResultStage 1 (json at NativeMethodAccessorImpl.java:0) finished in 0,369 s
[2024-09-03 22:47:28,095] {spark_submit.py:495} INFO - 24/09/03 22:47:28 INFO DAGScheduler: Job 1 is finished. Cancelling potential speculative or zombie tasks for this job
[2024-09-03 22:47:28,095] {spark_submit.py:495} INFO - 24/09/03 22:47:28 INFO TaskSchedulerImpl: Killing all running tasks in stage 1: Stage finished
[2024-09-03 22:47:28,095] {spark_submit.py:495} INFO - 24/09/03 22:47:28 INFO DAGScheduler: Job 1 finished: json at NativeMethodAccessorImpl.java:0, took 0,376261 s
[2024-09-03 22:47:28,156] {spark_submit.py:495} INFO - 24/09/03 22:47:28 INFO FileFormatWriter: Write Job fd755181-d5d9-4ea5-9ec8-a607ecb1a2d6 committed.
[2024-09-03 22:47:28,167] {spark_submit.py:495} INFO - 24/09/03 22:47:28 INFO FileFormatWriter: Finished processing stats for write job fd755181-d5d9-4ea5-9ec8-a607ecb1a2d6.
[2024-09-03 22:47:28,219] {spark_submit.py:495} INFO - 24/09/03 22:47:28 INFO FileSourceStrategy: Pushed Filters:
[2024-09-03 22:47:28,220] {spark_submit.py:495} INFO - 24/09/03 22:47:28 INFO FileSourceStrategy: Post-Scan Filters:
[2024-09-03 22:47:28,221] {spark_submit.py:495} INFO - 24/09/03 22:47:28 INFO FileSourceStrategy: Output Data Schema: struct<includes: struct<users: array<struct<created_at:string,id:string,name:string,username:string>>>>
[2024-09-03 22:47:28,237] {spark_submit.py:495} INFO - 24/09/03 22:47:28 INFO FileOutputCommitter: File Output Committer Algorithm version is 1
[2024-09-03 22:47:28,237] {spark_submit.py:495} INFO - 24/09/03 22:47:28 INFO FileOutputCommitter: FileOutputCommitter skip cleanup _temporary folders under output directory:false, ignore cleanup failures: false
[2024-09-03 22:47:28,238] {spark_submit.py:495} INFO - 24/09/03 22:47:28 INFO SQLHadoopMapReduceCommitProtocol: Using output committer class org.apache.hadoop.mapreduce.lib.output.FileOutputCommitter
[2024-09-03 22:47:28,275] {spark_submit.py:495} INFO - 24/09/03 22:47:28 INFO CodeGenerator: Code generated in 12.862877 ms
[2024-09-03 22:47:28,280] {spark_submit.py:495} INFO - 24/09/03 22:47:28 INFO MemoryStore: Block broadcast_4 stored as values in memory (estimated size 303.0 KiB, free 365.1 MiB)
[2024-09-03 22:47:28,289] {spark_submit.py:495} INFO - 24/09/03 22:47:28 INFO MemoryStore: Block broadcast_4_piece0 stored as bytes in memory (estimated size 27.5 KiB, free 365.1 MiB)
[2024-09-03 22:47:28,290] {spark_submit.py:495} INFO - 24/09/03 22:47:28 INFO BlockManagerInfo: Added broadcast_4_piece0 in memory on 192.168.2.128:36671 (size: 27.5 KiB, free: 366.1 MiB)
[2024-09-03 22:47:28,291] {spark_submit.py:495} INFO - 24/09/03 22:47:28 INFO SparkContext: Created broadcast 4 from json at NativeMethodAccessorImpl.java:0
[2024-09-03 22:47:28,292] {spark_submit.py:495} INFO - 24/09/03 22:47:28 INFO FileSourceScanExec: Planning scan with bin packing, max size: 4648964 bytes, open cost is considered as scanning 4194304 bytes.
[2024-09-03 22:47:28,312] {spark_submit.py:495} INFO - 24/09/03 22:47:28 INFO SparkContext: Starting job: json at NativeMethodAccessorImpl.java:0
[2024-09-03 22:47:28,313] {spark_submit.py:495} INFO - 24/09/03 22:47:28 INFO DAGScheduler: Got job 2 (json at NativeMethodAccessorImpl.java:0) with 1 output partitions
[2024-09-03 22:47:28,314] {spark_submit.py:495} INFO - 24/09/03 22:47:28 INFO DAGScheduler: Final stage: ResultStage 2 (json at NativeMethodAccessorImpl.java:0)
[2024-09-03 22:47:28,314] {spark_submit.py:495} INFO - 24/09/03 22:47:28 INFO DAGScheduler: Parents of final stage: List()
[2024-09-03 22:47:28,315] {spark_submit.py:495} INFO - 24/09/03 22:47:28 INFO DAGScheduler: Missing parents: List()
[2024-09-03 22:47:28,315] {spark_submit.py:495} INFO - 24/09/03 22:47:28 INFO DAGScheduler: Submitting ResultStage 2 (CoalescedRDD[16] at json at NativeMethodAccessorImpl.java:0), which has no missing parents
[2024-09-03 22:47:28,340] {spark_submit.py:495} INFO - 24/09/03 22:47:28 INFO MemoryStore: Block broadcast_5 stored as values in memory (estimated size 178.3 KiB, free 364.9 MiB)
[2024-09-03 22:47:28,342] {spark_submit.py:495} INFO - 24/09/03 22:47:28 INFO MemoryStore: Block broadcast_5_piece0 stored as bytes in memory (estimated size 64.0 KiB, free 364.8 MiB)
[2024-09-03 22:47:28,344] {spark_submit.py:495} INFO - 24/09/03 22:47:28 INFO BlockManagerInfo: Added broadcast_5_piece0 in memory on 192.168.2.128:36671 (size: 64.0 KiB, free: 366.1 MiB)
[2024-09-03 22:47:28,346] {spark_submit.py:495} INFO - 24/09/03 22:47:28 INFO SparkContext: Created broadcast 5 from broadcast at DAGScheduler.scala:1433
[2024-09-03 22:47:28,347] {spark_submit.py:495} INFO - 24/09/03 22:47:28 INFO DAGScheduler: Submitting 1 missing tasks from ResultStage 2 (CoalescedRDD[16] at json at NativeMethodAccessorImpl.java:0) (first 15 tasks are for partitions Vector(0))
[2024-09-03 22:47:28,348] {spark_submit.py:495} INFO - 24/09/03 22:47:28 INFO TaskSchedulerImpl: Adding task set 2.0 with 1 tasks resource profile 0
[2024-09-03 22:47:28,349] {spark_submit.py:495} INFO - 24/09/03 22:47:28 INFO TaskSetManager: Starting task 0.0 in stage 2.0 (TID 2) (192.168.2.128, executor driver, partition 0, PROCESS_LOCAL, 5210 bytes) taskResourceAssignments Map()
[2024-09-03 22:47:28,350] {spark_submit.py:495} INFO - 24/09/03 22:47:28 INFO Executor: Running task 0.0 in stage 2.0 (TID 2)
[2024-09-03 22:47:28,365] {spark_submit.py:495} INFO - 24/09/03 22:47:28 INFO FileOutputCommitter: File Output Committer Algorithm version is 1
[2024-09-03 22:47:28,367] {spark_submit.py:495} INFO - 24/09/03 22:47:28 INFO FileOutputCommitter: FileOutputCommitter skip cleanup _temporary folders under output directory:false, ignore cleanup failures: false
[2024-09-03 22:47:28,368] {spark_submit.py:495} INFO - 24/09/03 22:47:28 INFO SQLHadoopMapReduceCommitProtocol: Using output committer class org.apache.hadoop.mapreduce.lib.output.FileOutputCommitter
[2024-09-03 22:47:28,399] {spark_submit.py:495} INFO - 24/09/03 22:47:28 INFO CodeGenerator: Code generated in 11.252492 ms
[2024-09-03 22:47:28,402] {spark_submit.py:495} INFO - 24/09/03 22:47:28 INFO FileScanRDD: Reading File path: file:///home/kai/Documents/PROJETOS/twitter_extractor_airflow/datalake/bronze/data_engineer/extract_data=2024-08-16T00:00:00.00Z/data_engineer_20240816.json, range: 0-454660, partition values: [empty row]
[2024-09-03 22:47:28,417] {spark_submit.py:495} INFO - 24/09/03 22:47:28 INFO CodeGenerator: Code generated in 11.919789 ms
[2024-09-03 22:47:28,454] {spark_submit.py:495} INFO - 24/09/03 22:47:28 INFO FileOutputCommitter: Saved output of task 'attempt_202409032247283372557540091192248_0002_m_000000_2' to file:/home/kai/Documents/PROJETOS/twitter_extractor_airflow/datalake/silver/data_engineer/user_df/process_data=20240816/_temporary/0/task_202409032247283372557540091192248_0002_m_000000
[2024-09-03 22:47:28,454] {spark_submit.py:495} INFO - 24/09/03 22:47:28 INFO SparkHadoopMapRedUtil: attempt_202409032247283372557540091192248_0002_m_000000_2: Committed
[2024-09-03 22:47:28,455] {spark_submit.py:495} INFO - 24/09/03 22:47:28 INFO Executor: Finished task 0.0 in stage 2.0 (TID 2). 2734 bytes result sent to driver
[2024-09-03 22:47:28,457] {spark_submit.py:495} INFO - 24/09/03 22:47:28 INFO TaskSetManager: Finished task 0.0 in stage 2.0 (TID 2) in 108 ms on 192.168.2.128 (executor driver) (1/1)
[2024-09-03 22:47:28,460] {spark_submit.py:495} INFO - 24/09/03 22:47:28 INFO DAGScheduler: ResultStage 2 (json at NativeMethodAccessorImpl.java:0) finished in 0,141 s
[2024-09-03 22:47:28,460] {spark_submit.py:495} INFO - 24/09/03 22:47:28 INFO DAGScheduler: Job 2 is finished. Cancelling potential speculative or zombie tasks for this job
[2024-09-03 22:47:28,461] {spark_submit.py:495} INFO - 24/09/03 22:47:28 INFO TaskSchedulerImpl: Removed TaskSet 2.0, whose tasks have all completed, from pool
[2024-09-03 22:47:28,462] {spark_submit.py:495} INFO - 24/09/03 22:47:28 INFO TaskSchedulerImpl: Killing all running tasks in stage 2: Stage finished
[2024-09-03 22:47:28,462] {spark_submit.py:495} INFO - 24/09/03 22:47:28 INFO DAGScheduler: Job 2 finished: json at NativeMethodAccessorImpl.java:0, took 0,149425 s
[2024-09-03 22:47:28,490] {spark_submit.py:495} INFO - 24/09/03 22:47:28 INFO FileFormatWriter: Write Job 51ff1416-d562-4eb3-849a-251dc3a16376 committed.
[2024-09-03 22:47:28,490] {spark_submit.py:495} INFO - 24/09/03 22:47:28 INFO FileFormatWriter: Finished processing stats for write job 51ff1416-d562-4eb3-849a-251dc3a16376.
[2024-09-03 22:47:28,543] {spark_submit.py:495} INFO - 24/09/03 22:47:28 INFO SparkContext: Invoking stop() from shutdown hook
[2024-09-03 22:47:28,556] {spark_submit.py:495} INFO - 24/09/03 22:47:28 INFO SparkUI: Stopped Spark web UI at http://192.168.2.128:4041
[2024-09-03 22:47:28,576] {spark_submit.py:495} INFO - 24/09/03 22:47:28 INFO MapOutputTrackerMasterEndpoint: MapOutputTrackerMasterEndpoint stopped!
[2024-09-03 22:47:28,596] {spark_submit.py:495} INFO - 24/09/03 22:47:28 INFO MemoryStore: MemoryStore cleared
[2024-09-03 22:47:28,597] {spark_submit.py:495} INFO - 24/09/03 22:47:28 INFO BlockManager: BlockManager stopped
[2024-09-03 22:47:28,605] {spark_submit.py:495} INFO - 24/09/03 22:47:28 INFO BlockManagerMaster: BlockManagerMaster stopped
[2024-09-03 22:47:28,609] {spark_submit.py:495} INFO - 24/09/03 22:47:28 INFO OutputCommitCoordinator$OutputCommitCoordinatorEndpoint: OutputCommitCoordinator stopped!
[2024-09-03 22:47:28,616] {spark_submit.py:495} INFO - 24/09/03 22:47:28 INFO SparkContext: Successfully stopped SparkContext
[2024-09-03 22:47:28,619] {spark_submit.py:495} INFO - 24/09/03 22:47:28 INFO ShutdownHookManager: Shutdown hook called
[2024-09-03 22:47:28,620] {spark_submit.py:495} INFO - 24/09/03 22:47:28 INFO ShutdownHookManager: Deleting directory /tmp/spark-e21b87d1-7f4b-4f80-a7ba-78cec7c1b45e/pyspark-e08b5989-51d5-4af8-b98f-8e260f6a2958
[2024-09-03 22:47:28,622] {spark_submit.py:495} INFO - 24/09/03 22:47:28 INFO ShutdownHookManager: Deleting directory /tmp/spark-973e48fa-b29e-4ecd-9c96-86f3a49d0a6b
[2024-09-03 22:47:28,625] {spark_submit.py:495} INFO - 24/09/03 22:47:28 INFO ShutdownHookManager: Deleting directory /tmp/spark-e21b87d1-7f4b-4f80-a7ba-78cec7c1b45e
[2024-09-03 22:47:28,710] {taskinstance.py:1395} INFO - Marking task as SUCCESS. dag_id=Twitter_extractor_DAGs, task_id=SILVER_LAYER_LOAD_L, execution_date=20240816T000000, start_date=20240904T014719, end_date=20240904T014728
[2024-09-03 22:47:28,756] {local_task_job.py:156} INFO - Task exited with return code 0
[2024-09-03 22:47:28,797] {local_task_job.py:273} INFO - 1 downstream tasks scheduled from follow-on schedule check
