[2024-09-03 22:42:27,306] {taskinstance.py:1159} INFO - Dependencies all met for <TaskInstance: Twitter_extractor_DAGs.SILVER_LAYER_LOAD_L scheduled__2024-08-06T00:00:00+00:00 [queued]>
[2024-09-03 22:42:27,311] {taskinstance.py:1159} INFO - Dependencies all met for <TaskInstance: Twitter_extractor_DAGs.SILVER_LAYER_LOAD_L scheduled__2024-08-06T00:00:00+00:00 [queued]>
[2024-09-03 22:42:27,312] {taskinstance.py:1356} INFO - 
--------------------------------------------------------------------------------
[2024-09-03 22:42:27,312] {taskinstance.py:1357} INFO - Starting attempt 1 of 1
[2024-09-03 22:42:27,312] {taskinstance.py:1358} INFO - 
--------------------------------------------------------------------------------
[2024-09-03 22:42:27,321] {taskinstance.py:1377} INFO - Executing <Task(SparkSubmitOperator): SILVER_LAYER_LOAD_L> on 2024-08-06 00:00:00+00:00
[2024-09-03 22:42:27,324] {standard_task_runner.py:52} INFO - Started process 439133 to run task
[2024-09-03 22:42:27,328] {standard_task_runner.py:79} INFO - Running: ['airflow', 'tasks', 'run', 'Twitter_extractor_DAGs', 'SILVER_LAYER_LOAD_L', 'scheduled__2024-08-06T00:00:00+00:00', '--job-id', '80', '--raw', '--subdir', 'DAGS_FOLDER/twitter_dag.py', '--cfg-path', '/tmp/tmptluyd4vg', '--error-file', '/tmp/tmpwoc29ydb']
[2024-09-03 22:42:27,329] {standard_task_runner.py:80} INFO - Job 80: Subtask SILVER_LAYER_LOAD_L
[2024-09-03 22:42:27,375] {task_command.py:370} INFO - Running <TaskInstance: Twitter_extractor_DAGs.SILVER_LAYER_LOAD_L scheduled__2024-08-06T00:00:00+00:00 [running]> on host kaiwangairflow
[2024-09-03 22:42:27,426] {taskinstance.py:1569} INFO - Exporting the following env vars:
AIRFLOW_CTX_DAG_OWNER=airflow
AIRFLOW_CTX_DAG_ID=Twitter_extractor_DAGs
AIRFLOW_CTX_TASK_ID=SILVER_LAYER_LOAD_L
AIRFLOW_CTX_EXECUTION_DATE=2024-08-06T00:00:00+00:00
AIRFLOW_CTX_TRY_NUMBER=1
AIRFLOW_CTX_DAG_RUN_ID=scheduled__2024-08-06T00:00:00+00:00
[2024-09-03 22:42:27,430] {base.py:68} INFO - Using connection ID 'spark_default' for task execution.
[2024-09-03 22:42:27,435] {spark_submit.py:344} INFO - Spark-Submit cmd: spark-submit --master local --name twitter_transformation --queue root.default src/scripts/load_silver_functions.py --src datalake/bronze/data_engineer/extract_data=2024-08-06T00:00:00.00Z --dest datalake/silver/data_engineer/ --process-data 20240806
[2024-09-03 22:42:28,498] {spark_submit.py:495} INFO - 24/09/03 22:42:28 WARN Utils: Your hostname, kaiwangairflow resolves to a loopback address: 127.0.1.1; using 192.168.2.128 instead (on interface ens33)
[2024-09-03 22:42:28,499] {spark_submit.py:495} INFO - 24/09/03 22:42:28 WARN Utils: Set SPARK_LOCAL_IP if you need to bind to another address
[2024-09-03 22:42:28,806] {spark_submit.py:495} INFO - 24/09/03 22:42:28 WARN NativeCodeLoader: Unable to load native-hadoop library for your platform... using builtin-java classes where applicable
[2024-09-03 22:42:29,356] {spark_submit.py:495} INFO - Using Spark's default log4j profile: org/apache/spark/log4j-defaults.properties
[2024-09-03 22:42:29,364] {spark_submit.py:495} INFO - 24/09/03 22:42:29 INFO SparkContext: Running Spark version 3.1.3
[2024-09-03 22:42:29,410] {spark_submit.py:495} INFO - 24/09/03 22:42:29 INFO ResourceUtils: ==============================================================
[2024-09-03 22:42:29,410] {spark_submit.py:495} INFO - 24/09/03 22:42:29 INFO ResourceUtils: No custom resources configured for spark.driver.
[2024-09-03 22:42:29,412] {spark_submit.py:495} INFO - 24/09/03 22:42:29 INFO ResourceUtils: ==============================================================
[2024-09-03 22:42:29,413] {spark_submit.py:495} INFO - 24/09/03 22:42:29 INFO SparkContext: Submitted application: twitter_transformation
[2024-09-03 22:42:29,441] {spark_submit.py:495} INFO - 24/09/03 22:42:29 INFO ResourceProfile: Default ResourceProfile created, executor resources: Map(cores -> name: cores, amount: 1, script: , vendor: , memory -> name: memory, amount: 1024, script: , vendor: , offHeap -> name: offHeap, amount: 0, script: , vendor: ), task resources: Map(cpus -> name: cpus, amount: 1.0)
[2024-09-03 22:42:29,454] {spark_submit.py:495} INFO - 24/09/03 22:42:29 INFO ResourceProfile: Limiting resource is cpu
[2024-09-03 22:42:29,455] {spark_submit.py:495} INFO - 24/09/03 22:42:29 INFO ResourceProfileManager: Added ResourceProfile id: 0
[2024-09-03 22:42:29,499] {spark_submit.py:495} INFO - 24/09/03 22:42:29 INFO SecurityManager: Changing view acls to: kai
[2024-09-03 22:42:29,499] {spark_submit.py:495} INFO - 24/09/03 22:42:29 INFO SecurityManager: Changing modify acls to: kai
[2024-09-03 22:42:29,499] {spark_submit.py:495} INFO - 24/09/03 22:42:29 INFO SecurityManager: Changing view acls groups to:
[2024-09-03 22:42:29,499] {spark_submit.py:495} INFO - 24/09/03 22:42:29 INFO SecurityManager: Changing modify acls groups to:
[2024-09-03 22:42:29,499] {spark_submit.py:495} INFO - 24/09/03 22:42:29 INFO SecurityManager: SecurityManager: authentication disabled; ui acls disabled; users  with view permissions: Set(kai); groups with view permissions: Set(); users  with modify permissions: Set(kai); groups with modify permissions: Set()
[2024-09-03 22:42:29,676] {spark_submit.py:495} INFO - 24/09/03 22:42:29 INFO Utils: Successfully started service 'sparkDriver' on port 33959.
[2024-09-03 22:42:29,700] {spark_submit.py:495} INFO - 24/09/03 22:42:29 INFO SparkEnv: Registering MapOutputTracker
[2024-09-03 22:42:29,727] {spark_submit.py:495} INFO - 24/09/03 22:42:29 INFO SparkEnv: Registering BlockManagerMaster
[2024-09-03 22:42:29,744] {spark_submit.py:495} INFO - 24/09/03 22:42:29 INFO BlockManagerMasterEndpoint: Using org.apache.spark.storage.DefaultTopologyMapper for getting topology information
[2024-09-03 22:42:29,744] {spark_submit.py:495} INFO - 24/09/03 22:42:29 INFO BlockManagerMasterEndpoint: BlockManagerMasterEndpoint up
[2024-09-03 22:42:29,747] {spark_submit.py:495} INFO - 24/09/03 22:42:29 INFO SparkEnv: Registering BlockManagerMasterHeartbeat
[2024-09-03 22:42:29,758] {spark_submit.py:495} INFO - 24/09/03 22:42:29 INFO DiskBlockManager: Created local directory at /tmp/blockmgr-8c11900c-6523-439b-baba-59641de21a2f
[2024-09-03 22:42:29,778] {spark_submit.py:495} INFO - 24/09/03 22:42:29 INFO MemoryStore: MemoryStore started with capacity 366.3 MiB
[2024-09-03 22:42:29,792] {spark_submit.py:495} INFO - 24/09/03 22:42:29 INFO SparkEnv: Registering OutputCommitCoordinator
[2024-09-03 22:42:29,974] {spark_submit.py:495} INFO - 24/09/03 22:42:29 WARN Utils: Service 'SparkUI' could not bind on port 4040. Attempting port 4041.
[2024-09-03 22:42:29,979] {spark_submit.py:495} INFO - 24/09/03 22:42:29 INFO Utils: Successfully started service 'SparkUI' on port 4041.
[2024-09-03 22:42:30,053] {spark_submit.py:495} INFO - 24/09/03 22:42:30 INFO SparkUI: Bound SparkUI to 0.0.0.0, and started at http://192.168.2.128:4041
[2024-09-03 22:42:30,279] {spark_submit.py:495} INFO - 24/09/03 22:42:30 INFO Executor: Starting executor ID driver on host 192.168.2.128
[2024-09-03 22:42:30,301] {spark_submit.py:495} INFO - 24/09/03 22:42:30 INFO Utils: Successfully started service 'org.apache.spark.network.netty.NettyBlockTransferService' on port 37985.
[2024-09-03 22:42:30,302] {spark_submit.py:495} INFO - 24/09/03 22:42:30 INFO NettyBlockTransferService: Server created on 192.168.2.128:37985
[2024-09-03 22:42:30,304] {spark_submit.py:495} INFO - 24/09/03 22:42:30 INFO BlockManager: Using org.apache.spark.storage.RandomBlockReplicationPolicy for block replication policy
[2024-09-03 22:42:30,310] {spark_submit.py:495} INFO - 24/09/03 22:42:30 INFO BlockManagerMaster: Registering BlockManager BlockManagerId(driver, 192.168.2.128, 37985, None)
[2024-09-03 22:42:30,315] {spark_submit.py:495} INFO - 24/09/03 22:42:30 INFO BlockManagerMasterEndpoint: Registering block manager 192.168.2.128:37985 with 366.3 MiB RAM, BlockManagerId(driver, 192.168.2.128, 37985, None)
[2024-09-03 22:42:30,318] {spark_submit.py:495} INFO - 24/09/03 22:42:30 INFO BlockManagerMaster: Registered BlockManager BlockManagerId(driver, 192.168.2.128, 37985, None)
[2024-09-03 22:42:30,319] {spark_submit.py:495} INFO - 24/09/03 22:42:30 INFO BlockManager: Initialized BlockManager: BlockManagerId(driver, 192.168.2.128, 37985, None)
[2024-09-03 22:42:30,797] {spark_submit.py:495} INFO - 24/09/03 22:42:30 INFO SharedState: Setting hive.metastore.warehouse.dir ('null') to the value of spark.sql.warehouse.dir ('file:/home/kai/Documents/PROJETOS/twitter_extractor_airflow/spark-warehouse').
[2024-09-03 22:42:30,798] {spark_submit.py:495} INFO - 24/09/03 22:42:30 INFO SharedState: Warehouse path is 'file:/home/kai/Documents/PROJETOS/twitter_extractor_airflow/spark-warehouse'.
[2024-09-03 22:42:31,567] {spark_submit.py:495} INFO - 24/09/03 22:42:31 INFO InMemoryFileIndex: It took 36 ms to list leaf files for 1 paths.
[2024-09-03 22:42:31,627] {spark_submit.py:495} INFO - 24/09/03 22:42:31 INFO InMemoryFileIndex: It took 1 ms to list leaf files for 1 paths.
[2024-09-03 22:42:33,319] {spark_submit.py:495} INFO - 24/09/03 22:42:33 INFO FileSourceStrategy: Pushed Filters:
[2024-09-03 22:42:33,320] {spark_submit.py:495} INFO - 24/09/03 22:42:33 INFO FileSourceStrategy: Post-Scan Filters:
[2024-09-03 22:42:33,324] {spark_submit.py:495} INFO - 24/09/03 22:42:33 INFO FileSourceStrategy: Output Data Schema: struct<value: string>
[2024-09-03 22:42:33,592] {spark_submit.py:495} INFO - 24/09/03 22:42:33 INFO MemoryStore: Block broadcast_0 stored as values in memory (estimated size 303.1 KiB, free 366.0 MiB)
[2024-09-03 22:42:33,645] {spark_submit.py:495} INFO - 24/09/03 22:42:33 INFO MemoryStore: Block broadcast_0_piece0 stored as bytes in memory (estimated size 27.5 KiB, free 366.0 MiB)
[2024-09-03 22:42:33,648] {spark_submit.py:495} INFO - 24/09/03 22:42:33 INFO BlockManagerInfo: Added broadcast_0_piece0 in memory on 192.168.2.128:37985 (size: 27.5 KiB, free: 366.3 MiB)
[2024-09-03 22:42:33,652] {spark_submit.py:495} INFO - 24/09/03 22:42:33 INFO SparkContext: Created broadcast 0 from json at NativeMethodAccessorImpl.java:0
[2024-09-03 22:42:33,662] {spark_submit.py:495} INFO - 24/09/03 22:42:33 INFO FileSourceScanExec: Planning scan with bin packing, max size: 4198866 bytes, open cost is considered as scanning 4194304 bytes.
[2024-09-03 22:42:33,849] {spark_submit.py:495} INFO - 24/09/03 22:42:33 INFO SparkContext: Starting job: json at NativeMethodAccessorImpl.java:0
[2024-09-03 22:42:33,864] {spark_submit.py:495} INFO - 24/09/03 22:42:33 INFO DAGScheduler: Got job 0 (json at NativeMethodAccessorImpl.java:0) with 1 output partitions
[2024-09-03 22:42:33,865] {spark_submit.py:495} INFO - 24/09/03 22:42:33 INFO DAGScheduler: Final stage: ResultStage 0 (json at NativeMethodAccessorImpl.java:0)
[2024-09-03 22:42:33,865] {spark_submit.py:495} INFO - 24/09/03 22:42:33 INFO DAGScheduler: Parents of final stage: List()
[2024-09-03 22:42:33,866] {spark_submit.py:495} INFO - 24/09/03 22:42:33 INFO DAGScheduler: Missing parents: List()
[2024-09-03 22:42:33,882] {spark_submit.py:495} INFO - 24/09/03 22:42:33 INFO DAGScheduler: Submitting ResultStage 0 (MapPartitionsRDD[3] at json at NativeMethodAccessorImpl.java:0), which has no missing parents
[2024-09-03 22:42:34,042] {spark_submit.py:495} INFO - 24/09/03 22:42:34 INFO MemoryStore: Block broadcast_1 stored as values in memory (estimated size 12.1 KiB, free 366.0 MiB)
[2024-09-03 22:42:34,045] {spark_submit.py:495} INFO - 24/09/03 22:42:34 INFO MemoryStore: Block broadcast_1_piece0 stored as bytes in memory (estimated size 6.3 KiB, free 366.0 MiB)
[2024-09-03 22:42:34,046] {spark_submit.py:495} INFO - 24/09/03 22:42:34 INFO BlockManagerInfo: Added broadcast_1_piece0 in memory on 192.168.2.128:37985 (size: 6.3 KiB, free: 366.3 MiB)
[2024-09-03 22:42:34,047] {spark_submit.py:495} INFO - 24/09/03 22:42:34 INFO SparkContext: Created broadcast 1 from broadcast at DAGScheduler.scala:1433
[2024-09-03 22:42:34,060] {spark_submit.py:495} INFO - 24/09/03 22:42:34 INFO DAGScheduler: Submitting 1 missing tasks from ResultStage 0 (MapPartitionsRDD[3] at json at NativeMethodAccessorImpl.java:0) (first 15 tasks are for partitions Vector(0))
[2024-09-03 22:42:34,061] {spark_submit.py:495} INFO - 24/09/03 22:42:34 INFO TaskSchedulerImpl: Adding task set 0.0 with 1 tasks resource profile 0
[2024-09-03 22:42:34,113] {spark_submit.py:495} INFO - 24/09/03 22:42:34 INFO TaskSetManager: Starting task 0.0 in stage 0.0 (TID 0) (192.168.2.128, executor driver, partition 0, PROCESS_LOCAL, 4981 bytes) taskResourceAssignments Map()
[2024-09-03 22:42:34,128] {spark_submit.py:495} INFO - 24/09/03 22:42:34 INFO Executor: Running task 0.0 in stage 0.0 (TID 0)
[2024-09-03 22:42:34,385] {spark_submit.py:495} INFO - 24/09/03 22:42:34 INFO FileScanRDD: Reading File path: file:///home/kai/Documents/PROJETOS/twitter_extractor_airflow/datalake/bronze/data_engineer/extract_data=2024-08-06T00:00:00.00Z/data_engineer_20240806.json, range: 0-4562, partition values: [empty row]
[2024-09-03 22:42:34,694] {spark_submit.py:495} INFO - 24/09/03 22:42:34 INFO CodeGenerator: Code generated in 206.347612 ms
[2024-09-03 22:42:34,750] {spark_submit.py:495} INFO - 24/09/03 22:42:34 INFO Executor: Finished task 0.0 in stage 0.0 (TID 0). 2768 bytes result sent to driver
[2024-09-03 22:42:34,765] {spark_submit.py:495} INFO - 24/09/03 22:42:34 INFO TaskSetManager: Finished task 0.0 in stage 0.0 (TID 0) in 663 ms on 192.168.2.128 (executor driver) (1/1)
[2024-09-03 22:42:34,771] {spark_submit.py:495} INFO - 24/09/03 22:42:34 INFO TaskSchedulerImpl: Removed TaskSet 0.0, whose tasks have all completed, from pool
[2024-09-03 22:42:34,887] {spark_submit.py:495} INFO - 24/09/03 22:42:34 INFO DAGScheduler: ResultStage 0 (json at NativeMethodAccessorImpl.java:0) finished in 0,939 s
[2024-09-03 22:42:34,895] {spark_submit.py:495} INFO - 24/09/03 22:42:34 INFO DAGScheduler: Job 0 is finished. Cancelling potential speculative or zombie tasks for this job
[2024-09-03 22:42:34,895] {spark_submit.py:495} INFO - 24/09/03 22:42:34 INFO TaskSchedulerImpl: Killing all running tasks in stage 0: Stage finished
[2024-09-03 22:42:34,899] {spark_submit.py:495} INFO - 24/09/03 22:42:34 INFO DAGScheduler: Job 0 finished: json at NativeMethodAccessorImpl.java:0, took 1,049179 s
[2024-09-03 22:42:35,295] {spark_submit.py:495} INFO - 24/09/03 22:42:35 INFO FileSourceStrategy: Pushed Filters: IsNotNull(data)
[2024-09-03 22:42:35,296] {spark_submit.py:495} INFO - 24/09/03 22:42:35 INFO FileSourceStrategy: Post-Scan Filters: (size(data#7, true) > 0),isnotnull(data#7)
[2024-09-03 22:42:35,296] {spark_submit.py:495} INFO - 24/09/03 22:42:35 INFO FileSourceStrategy: Output Data Schema: struct<data: array<struct<author_id:string,conversation_id:string,created_at:string,edit_history_tweet_ids:array<bigint>,id:string,in_reply_to_user_id:string,lang:string,public_metrics:struct<like_count:bigint,quote_count:bigint,reply_count:bigint,retweet_count:bigint>,text:string>>>
[2024-09-03 22:42:35,369] {spark_submit.py:495} INFO - 24/09/03 22:42:35 INFO FileOutputCommitter: File Output Committer Algorithm version is 1
[2024-09-03 22:42:35,369] {spark_submit.py:495} INFO - 24/09/03 22:42:35 INFO FileOutputCommitter: FileOutputCommitter skip cleanup _temporary folders under output directory:false, ignore cleanup failures: false
[2024-09-03 22:42:35,370] {spark_submit.py:495} INFO - 24/09/03 22:42:35 INFO SQLHadoopMapReduceCommitProtocol: Using output committer class org.apache.hadoop.mapreduce.lib.output.FileOutputCommitter
[2024-09-03 22:42:35,462] {spark_submit.py:495} INFO - 24/09/03 22:42:35 INFO CodeGenerator: Code generated in 34.313741 ms
[2024-09-03 22:42:35,499] {spark_submit.py:495} INFO - 24/09/03 22:42:35 INFO CodeGenerator: Code generated in 23.135029 ms
[2024-09-03 22:42:35,504] {spark_submit.py:495} INFO - 24/09/03 22:42:35 INFO MemoryStore: Block broadcast_2 stored as values in memory (estimated size 303.0 KiB, free 365.7 MiB)
[2024-09-03 22:42:35,512] {spark_submit.py:495} INFO - 24/09/03 22:42:35 INFO MemoryStore: Block broadcast_2_piece0 stored as bytes in memory (estimated size 27.5 KiB, free 365.6 MiB)
[2024-09-03 22:42:35,513] {spark_submit.py:495} INFO - 24/09/03 22:42:35 INFO BlockManagerInfo: Added broadcast_2_piece0 in memory on 192.168.2.128:37985 (size: 27.5 KiB, free: 366.2 MiB)
[2024-09-03 22:42:35,514] {spark_submit.py:495} INFO - 24/09/03 22:42:35 INFO SparkContext: Created broadcast 2 from json at NativeMethodAccessorImpl.java:0
[2024-09-03 22:42:35,519] {spark_submit.py:495} INFO - 24/09/03 22:42:35 INFO FileSourceScanExec: Planning scan with bin packing, max size: 4198866 bytes, open cost is considered as scanning 4194304 bytes.
[2024-09-03 22:42:35,621] {spark_submit.py:495} INFO - 24/09/03 22:42:35 INFO SparkContext: Starting job: json at NativeMethodAccessorImpl.java:0
[2024-09-03 22:42:35,624] {spark_submit.py:495} INFO - 24/09/03 22:42:35 INFO DAGScheduler: Got job 1 (json at NativeMethodAccessorImpl.java:0) with 1 output partitions
[2024-09-03 22:42:35,624] {spark_submit.py:495} INFO - 24/09/03 22:42:35 INFO DAGScheduler: Final stage: ResultStage 1 (json at NativeMethodAccessorImpl.java:0)
[2024-09-03 22:42:35,624] {spark_submit.py:495} INFO - 24/09/03 22:42:35 INFO DAGScheduler: Parents of final stage: List()
[2024-09-03 22:42:35,624] {spark_submit.py:495} INFO - 24/09/03 22:42:35 INFO DAGScheduler: Missing parents: List()
[2024-09-03 22:42:35,627] {spark_submit.py:495} INFO - 24/09/03 22:42:35 INFO DAGScheduler: Submitting ResultStage 1 (CoalescedRDD[9] at json at NativeMethodAccessorImpl.java:0), which has no missing parents
[2024-09-03 22:42:35,693] {spark_submit.py:495} INFO - 24/09/03 22:42:35 INFO MemoryStore: Block broadcast_3 stored as values in memory (estimated size 190.1 KiB, free 365.5 MiB)
[2024-09-03 22:42:35,696] {spark_submit.py:495} INFO - 24/09/03 22:42:35 INFO MemoryStore: Block broadcast_3_piece0 stored as bytes in memory (estimated size 66.6 KiB, free 365.4 MiB)
[2024-09-03 22:42:35,696] {spark_submit.py:495} INFO - 24/09/03 22:42:35 INFO BlockManagerInfo: Added broadcast_3_piece0 in memory on 192.168.2.128:37985 (size: 66.6 KiB, free: 366.2 MiB)
[2024-09-03 22:42:35,697] {spark_submit.py:495} INFO - 24/09/03 22:42:35 INFO SparkContext: Created broadcast 3 from broadcast at DAGScheduler.scala:1433
[2024-09-03 22:42:35,698] {spark_submit.py:495} INFO - 24/09/03 22:42:35 INFO DAGScheduler: Submitting 1 missing tasks from ResultStage 1 (CoalescedRDD[9] at json at NativeMethodAccessorImpl.java:0) (first 15 tasks are for partitions Vector(0))
[2024-09-03 22:42:35,699] {spark_submit.py:495} INFO - 24/09/03 22:42:35 INFO TaskSchedulerImpl: Adding task set 1.0 with 1 tasks resource profile 0
[2024-09-03 22:42:35,705] {spark_submit.py:495} INFO - 24/09/03 22:42:35 INFO TaskSetManager: Starting task 0.0 in stage 1.0 (TID 1) (192.168.2.128, executor driver, partition 0, PROCESS_LOCAL, 5210 bytes) taskResourceAssignments Map()
[2024-09-03 22:42:35,708] {spark_submit.py:495} INFO - 24/09/03 22:42:35 INFO Executor: Running task 0.0 in stage 1.0 (TID 1)
[2024-09-03 22:42:35,766] {spark_submit.py:495} INFO - 24/09/03 22:42:35 INFO FileOutputCommitter: File Output Committer Algorithm version is 1
[2024-09-03 22:42:35,766] {spark_submit.py:495} INFO - 24/09/03 22:42:35 INFO FileOutputCommitter: FileOutputCommitter skip cleanup _temporary folders under output directory:false, ignore cleanup failures: false
[2024-09-03 22:42:35,767] {spark_submit.py:495} INFO - 24/09/03 22:42:35 INFO SQLHadoopMapReduceCommitProtocol: Using output committer class org.apache.hadoop.mapreduce.lib.output.FileOutputCommitter
[2024-09-03 22:42:35,829] {spark_submit.py:495} INFO - 24/09/03 22:42:35 INFO CodeGenerator: Code generated in 18.268954 ms
[2024-09-03 22:42:35,833] {spark_submit.py:495} INFO - 24/09/03 22:42:35 INFO FileScanRDD: Reading File path: file:///home/kai/Documents/PROJETOS/twitter_extractor_airflow/datalake/bronze/data_engineer/extract_data=2024-08-06T00:00:00.00Z/data_engineer_20240806.json, range: 0-4562, partition values: [empty row]
[2024-09-03 22:42:35,861] {spark_submit.py:495} INFO - 24/09/03 22:42:35 INFO CodeGenerator: Code generated in 20.381931 ms
[2024-09-03 22:42:35,884] {spark_submit.py:495} INFO - 24/09/03 22:42:35 INFO CodeGenerator: Code generated in 4.918189 ms
[2024-09-03 22:42:35,917] {spark_submit.py:495} INFO - 24/09/03 22:42:35 INFO FileOutputCommitter: Saved output of task 'attempt_202409032242356833923401514607953_0001_m_000000_1' to file:/home/kai/Documents/PROJETOS/twitter_extractor_airflow/datalake/silver/data_engineer/twitter_df/process_data=20240806/_temporary/0/task_202409032242356833923401514607953_0001_m_000000
[2024-09-03 22:42:35,918] {spark_submit.py:495} INFO - 24/09/03 22:42:35 INFO SparkHadoopMapRedUtil: attempt_202409032242356833923401514607953_0001_m_000000_1: Committed
[2024-09-03 22:42:35,922] {spark_submit.py:495} INFO - 24/09/03 22:42:35 INFO Executor: Finished task 0.0 in stage 1.0 (TID 1). 2901 bytes result sent to driver
[2024-09-03 22:42:35,924] {spark_submit.py:495} INFO - 24/09/03 22:42:35 INFO TaskSetManager: Finished task 0.0 in stage 1.0 (TID 1) in 223 ms on 192.168.2.128 (executor driver) (1/1)
[2024-09-03 22:42:35,925] {spark_submit.py:495} INFO - 24/09/03 22:42:35 INFO TaskSchedulerImpl: Removed TaskSet 1.0, whose tasks have all completed, from pool
[2024-09-03 22:42:35,925] {spark_submit.py:495} INFO - 24/09/03 22:42:35 INFO DAGScheduler: ResultStage 1 (json at NativeMethodAccessorImpl.java:0) finished in 0,297 s
[2024-09-03 22:42:35,926] {spark_submit.py:495} INFO - 24/09/03 22:42:35 INFO DAGScheduler: Job 1 is finished. Cancelling potential speculative or zombie tasks for this job
[2024-09-03 22:42:35,926] {spark_submit.py:495} INFO - 24/09/03 22:42:35 INFO TaskSchedulerImpl: Killing all running tasks in stage 1: Stage finished
[2024-09-03 22:42:35,928] {spark_submit.py:495} INFO - 24/09/03 22:42:35 INFO DAGScheduler: Job 1 finished: json at NativeMethodAccessorImpl.java:0, took 0,306958 s
[2024-09-03 22:42:35,947] {spark_submit.py:495} INFO - 24/09/03 22:42:35 INFO FileFormatWriter: Write Job ddd120c9-b84a-4ec6-965d-07ab2af577fc committed.
[2024-09-03 22:42:35,950] {spark_submit.py:495} INFO - 24/09/03 22:42:35 INFO FileFormatWriter: Finished processing stats for write job ddd120c9-b84a-4ec6-965d-07ab2af577fc.
[2024-09-03 22:42:35,988] {spark_submit.py:495} INFO - 24/09/03 22:42:35 INFO FileSourceStrategy: Pushed Filters:
[2024-09-03 22:42:35,988] {spark_submit.py:495} INFO - 24/09/03 22:42:35 INFO FileSourceStrategy: Post-Scan Filters:
[2024-09-03 22:42:35,989] {spark_submit.py:495} INFO - 24/09/03 22:42:35 INFO FileSourceStrategy: Output Data Schema: struct<includes: struct<users: array<struct<created_at:string,id:string,name:string,username:string>>>>
[2024-09-03 22:42:35,997] {spark_submit.py:495} INFO - 24/09/03 22:42:35 INFO FileOutputCommitter: File Output Committer Algorithm version is 1
[2024-09-03 22:42:35,998] {spark_submit.py:495} INFO - 24/09/03 22:42:35 INFO FileOutputCommitter: FileOutputCommitter skip cleanup _temporary folders under output directory:false, ignore cleanup failures: false
[2024-09-03 22:42:35,998] {spark_submit.py:495} INFO - 24/09/03 22:42:35 INFO SQLHadoopMapReduceCommitProtocol: Using output committer class org.apache.hadoop.mapreduce.lib.output.FileOutputCommitter
[2024-09-03 22:42:36,026] {spark_submit.py:495} INFO - 24/09/03 22:42:36 INFO CodeGenerator: Code generated in 10.63135 ms
[2024-09-03 22:42:36,030] {spark_submit.py:495} INFO - 24/09/03 22:42:36 INFO MemoryStore: Block broadcast_4 stored as values in memory (estimated size 303.0 KiB, free 365.1 MiB)
[2024-09-03 22:42:36,037] {spark_submit.py:495} INFO - 24/09/03 22:42:36 INFO MemoryStore: Block broadcast_4_piece0 stored as bytes in memory (estimated size 27.5 KiB, free 365.1 MiB)
[2024-09-03 22:42:36,038] {spark_submit.py:495} INFO - 24/09/03 22:42:36 INFO BlockManagerInfo: Added broadcast_4_piece0 in memory on 192.168.2.128:37985 (size: 27.5 KiB, free: 366.1 MiB)
[2024-09-03 22:42:36,040] {spark_submit.py:495} INFO - 24/09/03 22:42:36 INFO SparkContext: Created broadcast 4 from json at NativeMethodAccessorImpl.java:0
[2024-09-03 22:42:36,042] {spark_submit.py:495} INFO - 24/09/03 22:42:36 INFO FileSourceScanExec: Planning scan with bin packing, max size: 4198866 bytes, open cost is considered as scanning 4194304 bytes.
[2024-09-03 22:42:36,059] {spark_submit.py:495} INFO - 24/09/03 22:42:36 INFO SparkContext: Starting job: json at NativeMethodAccessorImpl.java:0
[2024-09-03 22:42:36,060] {spark_submit.py:495} INFO - 24/09/03 22:42:36 INFO DAGScheduler: Got job 2 (json at NativeMethodAccessorImpl.java:0) with 1 output partitions
[2024-09-03 22:42:36,060] {spark_submit.py:495} INFO - 24/09/03 22:42:36 INFO DAGScheduler: Final stage: ResultStage 2 (json at NativeMethodAccessorImpl.java:0)
[2024-09-03 22:42:36,060] {spark_submit.py:495} INFO - 24/09/03 22:42:36 INFO DAGScheduler: Parents of final stage: List()
[2024-09-03 22:42:36,060] {spark_submit.py:495} INFO - 24/09/03 22:42:36 INFO DAGScheduler: Missing parents: List()
[2024-09-03 22:42:36,062] {spark_submit.py:495} INFO - 24/09/03 22:42:36 INFO DAGScheduler: Submitting ResultStage 2 (CoalescedRDD[16] at json at NativeMethodAccessorImpl.java:0), which has no missing parents
[2024-09-03 22:42:36,082] {spark_submit.py:495} INFO - 24/09/03 22:42:36 INFO MemoryStore: Block broadcast_5 stored as values in memory (estimated size 178.3 KiB, free 364.9 MiB)
[2024-09-03 22:42:36,086] {spark_submit.py:495} INFO - 24/09/03 22:42:36 INFO MemoryStore: Block broadcast_5_piece0 stored as bytes in memory (estimated size 64.0 KiB, free 364.8 MiB)
[2024-09-03 22:42:36,091] {spark_submit.py:495} INFO - 24/09/03 22:42:36 INFO BlockManagerInfo: Added broadcast_5_piece0 in memory on 192.168.2.128:37985 (size: 64.0 KiB, free: 366.1 MiB)
[2024-09-03 22:42:36,091] {spark_submit.py:495} INFO - 24/09/03 22:42:36 INFO SparkContext: Created broadcast 5 from broadcast at DAGScheduler.scala:1433
[2024-09-03 22:42:36,091] {spark_submit.py:495} INFO - 24/09/03 22:42:36 INFO DAGScheduler: Submitting 1 missing tasks from ResultStage 2 (CoalescedRDD[16] at json at NativeMethodAccessorImpl.java:0) (first 15 tasks are for partitions Vector(0))
[2024-09-03 22:42:36,091] {spark_submit.py:495} INFO - 24/09/03 22:42:36 INFO TaskSchedulerImpl: Adding task set 2.0 with 1 tasks resource profile 0
[2024-09-03 22:42:36,091] {spark_submit.py:495} INFO - 24/09/03 22:42:36 INFO TaskSetManager: Starting task 0.0 in stage 2.0 (TID 2) (192.168.2.128, executor driver, partition 0, PROCESS_LOCAL, 5210 bytes) taskResourceAssignments Map()
[2024-09-03 22:42:36,092] {spark_submit.py:495} INFO - 24/09/03 22:42:36 INFO Executor: Running task 0.0 in stage 2.0 (TID 2)
[2024-09-03 22:42:36,153] {spark_submit.py:495} INFO - 24/09/03 22:42:36 INFO FileOutputCommitter: File Output Committer Algorithm version is 1
[2024-09-03 22:42:36,153] {spark_submit.py:495} INFO - 24/09/03 22:42:36 INFO FileOutputCommitter: FileOutputCommitter skip cleanup _temporary folders under output directory:false, ignore cleanup failures: false
[2024-09-03 22:42:36,154] {spark_submit.py:495} INFO - 24/09/03 22:42:36 INFO SQLHadoopMapReduceCommitProtocol: Using output committer class org.apache.hadoop.mapreduce.lib.output.FileOutputCommitter
[2024-09-03 22:42:36,236] {spark_submit.py:495} INFO - 24/09/03 22:42:36 INFO CodeGenerator: Code generated in 17.398801 ms
[2024-09-03 22:42:36,239] {spark_submit.py:495} INFO - 24/09/03 22:42:36 INFO BlockManagerInfo: Removed broadcast_2_piece0 on 192.168.2.128:37985 in memory (size: 27.5 KiB, free: 366.1 MiB)
[2024-09-03 22:42:36,252] {spark_submit.py:495} INFO - 24/09/03 22:42:36 INFO FileScanRDD: Reading File path: file:///home/kai/Documents/PROJETOS/twitter_extractor_airflow/datalake/bronze/data_engineer/extract_data=2024-08-06T00:00:00.00Z/data_engineer_20240806.json, range: 0-4562, partition values: [empty row]
[2024-09-03 22:42:36,284] {spark_submit.py:495} INFO - 24/09/03 22:42:36 INFO CodeGenerator: Code generated in 22.102029 ms
[2024-09-03 22:42:36,303] {spark_submit.py:495} INFO - 24/09/03 22:42:36 INFO FileOutputCommitter: Saved output of task 'attempt_202409032242365560222079443196533_0002_m_000000_2' to file:/home/kai/Documents/PROJETOS/twitter_extractor_airflow/datalake/silver/data_engineer/user_df/process_data=20240806/_temporary/0/task_202409032242365560222079443196533_0002_m_000000
[2024-09-03 22:42:36,304] {spark_submit.py:495} INFO - 24/09/03 22:42:36 INFO SparkHadoopMapRedUtil: attempt_202409032242365560222079443196533_0002_m_000000_2: Committed
[2024-09-03 22:42:36,309] {spark_submit.py:495} INFO - 24/09/03 22:42:36 INFO BlockManagerInfo: Removed broadcast_3_piece0 on 192.168.2.128:37985 in memory (size: 66.6 KiB, free: 366.2 MiB)
[2024-09-03 22:42:36,312] {spark_submit.py:495} INFO - 24/09/03 22:42:36 INFO Executor: Finished task 0.0 in stage 2.0 (TID 2). 2777 bytes result sent to driver
[2024-09-03 22:42:36,316] {spark_submit.py:495} INFO - 24/09/03 22:42:36 INFO TaskSetManager: Finished task 0.0 in stage 2.0 (TID 2) in 226 ms on 192.168.2.128 (executor driver) (1/1)
[2024-09-03 22:42:36,318] {spark_submit.py:495} INFO - 24/09/03 22:42:36 INFO DAGScheduler: ResultStage 2 (json at NativeMethodAccessorImpl.java:0) finished in 0,255 s
[2024-09-03 22:42:36,322] {spark_submit.py:495} INFO - 24/09/03 22:42:36 INFO TaskSchedulerImpl: Removed TaskSet 2.0, whose tasks have all completed, from pool
[2024-09-03 22:42:36,334] {spark_submit.py:495} INFO - 24/09/03 22:42:36 INFO DAGScheduler: Job 2 is finished. Cancelling potential speculative or zombie tasks for this job
[2024-09-03 22:42:36,334] {spark_submit.py:495} INFO - 24/09/03 22:42:36 INFO TaskSchedulerImpl: Killing all running tasks in stage 2: Stage finished
[2024-09-03 22:42:36,334] {spark_submit.py:495} INFO - 24/09/03 22:42:36 INFO DAGScheduler: Job 2 finished: json at NativeMethodAccessorImpl.java:0, took 0,272007 s
[2024-09-03 22:42:36,382] {spark_submit.py:495} INFO - 24/09/03 22:42:36 INFO FileFormatWriter: Write Job f3825bd8-9b6e-4cf4-a740-c5d8cbd6673b committed.
[2024-09-03 22:42:36,383] {spark_submit.py:495} INFO - 24/09/03 22:42:36 INFO FileFormatWriter: Finished processing stats for write job f3825bd8-9b6e-4cf4-a740-c5d8cbd6673b.
[2024-09-03 22:42:36,481] {spark_submit.py:495} INFO - 24/09/03 22:42:36 INFO SparkContext: Invoking stop() from shutdown hook
[2024-09-03 22:42:36,498] {spark_submit.py:495} INFO - 24/09/03 22:42:36 INFO SparkUI: Stopped Spark web UI at http://192.168.2.128:4041
[2024-09-03 22:42:36,519] {spark_submit.py:495} INFO - 24/09/03 22:42:36 INFO MapOutputTrackerMasterEndpoint: MapOutputTrackerMasterEndpoint stopped!
[2024-09-03 22:42:36,534] {spark_submit.py:495} INFO - 24/09/03 22:42:36 INFO MemoryStore: MemoryStore cleared
[2024-09-03 22:42:36,535] {spark_submit.py:495} INFO - 24/09/03 22:42:36 INFO BlockManager: BlockManager stopped
[2024-09-03 22:42:36,545] {spark_submit.py:495} INFO - 24/09/03 22:42:36 INFO BlockManagerMaster: BlockManagerMaster stopped
[2024-09-03 22:42:36,549] {spark_submit.py:495} INFO - 24/09/03 22:42:36 INFO OutputCommitCoordinator$OutputCommitCoordinatorEndpoint: OutputCommitCoordinator stopped!
[2024-09-03 22:42:36,567] {spark_submit.py:495} INFO - 24/09/03 22:42:36 INFO SparkContext: Successfully stopped SparkContext
[2024-09-03 22:42:36,567] {spark_submit.py:495} INFO - 24/09/03 22:42:36 INFO ShutdownHookManager: Shutdown hook called
[2024-09-03 22:42:36,571] {spark_submit.py:495} INFO - 24/09/03 22:42:36 INFO ShutdownHookManager: Deleting directory /tmp/spark-3841c70a-c7d6-456d-9b78-d1d69c40bebc
[2024-09-03 22:42:36,576] {spark_submit.py:495} INFO - 24/09/03 22:42:36 INFO ShutdownHookManager: Deleting directory /tmp/spark-3841c70a-c7d6-456d-9b78-d1d69c40bebc/pyspark-593cc545-1278-4796-8e86-03475152f20d
[2024-09-03 22:42:36,579] {spark_submit.py:495} INFO - 24/09/03 22:42:36 INFO ShutdownHookManager: Deleting directory /tmp/spark-52c26d1b-549a-4285-8933-fba8db0835ea
[2024-09-03 22:42:36,684] {taskinstance.py:1395} INFO - Marking task as SUCCESS. dag_id=Twitter_extractor_DAGs, task_id=SILVER_LAYER_LOAD_L, execution_date=20240806T000000, start_date=20240904T014227, end_date=20240904T014236
[2024-09-03 22:42:36,719] {local_task_job.py:156} INFO - Task exited with return code 0
[2024-09-03 22:42:36,756] {local_task_job.py:273} INFO - 1 downstream tasks scheduled from follow-on schedule check
